[2023-09-11T15:49:50.088+0000] {taskinstance.py:1159} INFO - Dependencies all met for dep_context=non-requeueable deps ti=<TaskInstance: business_question.daily_earnings scheduled__2023-09-10T02:00:00+00:00 [queued]>
[2023-09-11T15:49:50.098+0000] {taskinstance.py:1159} INFO - Dependencies all met for dep_context=requeueable deps ti=<TaskInstance: business_question.daily_earnings scheduled__2023-09-10T02:00:00+00:00 [queued]>
[2023-09-11T15:49:50.098+0000] {taskinstance.py:1361} INFO - Starting attempt 1 of 2
[2023-09-11T15:49:50.112+0000] {taskinstance.py:1382} INFO - Executing <Task(PostgresOperator): daily_earnings> on 2023-09-10 02:00:00+00:00
[2023-09-11T15:49:50.119+0000] {standard_task_runner.py:57} INFO - Started process 1577 to run task
[2023-09-11T15:49:50.122+0000] {standard_task_runner.py:84} INFO - Running: ['***', 'tasks', 'run', 'business_question', 'daily_earnings', 'scheduled__2023-09-10T02:00:00+00:00', '--job-id', '131', '--raw', '--subdir', 'DAGS_FOLDER/business_question.py', '--cfg-path', '/tmp/tmpuf2gdmos']
[2023-09-11T15:49:50.125+0000] {standard_task_runner.py:85} INFO - Job 131: Subtask daily_earnings
[2023-09-11T15:49:50.180+0000] {task_command.py:415} INFO - Running <TaskInstance: business_question.daily_earnings scheduled__2023-09-10T02:00:00+00:00 [running]> on host bdff3168b881
[2023-09-11T15:49:50.258+0000] {taskinstance.py:1660} INFO - Exporting env vars: AIRFLOW_CTX_DAG_OWNER='Aditiya Rahman' AIRFLOW_CTX_DAG_ID='business_question' AIRFLOW_CTX_TASK_ID='daily_earnings' AIRFLOW_CTX_EXECUTION_DATE='2023-09-10T02:00:00+00:00' AIRFLOW_CTX_TRY_NUMBER='1' AIRFLOW_CTX_DAG_RUN_ID='scheduled__2023-09-10T02:00:00+00:00'
[2023-09-11T15:49:50.260+0000] {sql.py:274} INFO - Executing: 
    SELECT SUM("DailyEarnings") as "TotalEarning"
    FROM (
            SELECT "InvoiceDate", SUM("Total") as "DailyEarnings"
            FROM "transactions"
            GROUP BY "InvoiceDate"
    ) as a
    
[2023-09-11T15:49:50.270+0000] {base.py:73} INFO - Using connection ID 'datawarehouse' for task execution.
[2023-09-11T15:49:50.278+0000] {base.py:73} INFO - Using connection ID 'datawarehouse' for task execution.
[2023-09-11T15:49:50.285+0000] {sql.py:418} INFO - Running statement: 
    SELECT SUM("DailyEarnings") as "TotalEarning"
    FROM (
            SELECT "InvoiceDate", SUM("Total") as "DailyEarnings"
            FROM "transactions"
            GROUP BY "InvoiceDate"
    ) as a
    , parameters: None
[2023-09-11T15:49:50.288+0000] {sql.py:427} INFO - Rows affected: 1
[2023-09-11T15:49:50.314+0000] {taskinstance.py:1400} INFO - Marking task as SUCCESS. dag_id=business_question, task_id=daily_earnings, execution_date=20230910T020000, start_date=20230911T154950, end_date=20230911T154950
[2023-09-11T15:49:50.374+0000] {local_task_job_runner.py:228} INFO - Task exited with return code 0
[2023-09-11T15:49:50.392+0000] {taskinstance.py:2784} INFO - 0 downstream tasks scheduled from follow-on schedule check
