[2023-09-11T16:15:34.037+0000] {taskinstance.py:1159} INFO - Dependencies all met for dep_context=non-requeueable deps ti=<TaskInstance: business_question.city_with_most_purchases manual__2023-09-11T16:15:28.058380+00:00 [queued]>
[2023-09-11T16:15:34.045+0000] {taskinstance.py:1159} INFO - Dependencies all met for dep_context=requeueable deps ti=<TaskInstance: business_question.city_with_most_purchases manual__2023-09-11T16:15:28.058380+00:00 [queued]>
[2023-09-11T16:15:34.046+0000] {taskinstance.py:1361} INFO - Starting attempt 1 of 2
[2023-09-11T16:15:34.061+0000] {taskinstance.py:1382} INFO - Executing <Task(PostgresOperator): city_with_most_purchases> on 2023-09-11 16:15:28.058380+00:00
[2023-09-11T16:15:34.068+0000] {standard_task_runner.py:57} INFO - Started process 2002 to run task
[2023-09-11T16:15:34.072+0000] {standard_task_runner.py:84} INFO - Running: ['***', 'tasks', 'run', 'business_question', 'city_with_most_purchases', 'manual__2023-09-11T16:15:28.058380+00:00', '--job-id', '143', '--raw', '--subdir', 'DAGS_FOLDER/business_question.py', '--cfg-path', '/tmp/tmpe6ytoy02']
[2023-09-11T16:15:34.075+0000] {standard_task_runner.py:85} INFO - Job 143: Subtask city_with_most_purchases
[2023-09-11T16:15:34.117+0000] {task_command.py:415} INFO - Running <TaskInstance: business_question.city_with_most_purchases manual__2023-09-11T16:15:28.058380+00:00 [running]> on host bdff3168b881
[2023-09-11T16:15:34.193+0000] {taskinstance.py:1660} INFO - Exporting env vars: AIRFLOW_CTX_DAG_OWNER='Aditiya Rahman' AIRFLOW_CTX_DAG_ID='business_question' AIRFLOW_CTX_TASK_ID='city_with_most_purchases' AIRFLOW_CTX_EXECUTION_DATE='2023-09-11T16:15:28.058380+00:00' AIRFLOW_CTX_TRY_NUMBER='1' AIRFLOW_CTX_DAG_RUN_ID='manual__2023-09-11T16:15:28.058380+00:00'
[2023-09-11T16:15:34.195+0000] {sql.py:274} INFO - Executing: 
    SELECT "City", COUNT("InvoiceId") as "TotalPurchases"
    FROM "transactions"
    GROUP BY "City"
    ORDER BY "TotalPurchases" DESC
    
[2023-09-11T16:15:34.203+0000] {base.py:73} INFO - Using connection ID 'datawarehouse' for task execution.
[2023-09-11T16:15:34.209+0000] {base.py:73} INFO - Using connection ID 'datawarehouse' for task execution.
[2023-09-11T16:15:34.212+0000] {sql.py:418} INFO - Running statement: 
    SELECT "City", COUNT("InvoiceId") as "TotalPurchases"
    FROM "transactions"
    GROUP BY "City"
    ORDER BY "TotalPurchases" DESC
    , parameters: None
[2023-09-11T16:15:34.214+0000] {sql.py:427} INFO - Rows affected: 53
[2023-09-11T16:15:34.238+0000] {taskinstance.py:1400} INFO - Marking task as SUCCESS. dag_id=business_question, task_id=city_with_most_purchases, execution_date=20230911T161528, start_date=20230911T161534, end_date=20230911T161534
[2023-09-11T16:15:34.283+0000] {local_task_job_runner.py:228} INFO - Task exited with return code 0
[2023-09-11T16:15:34.300+0000] {taskinstance.py:2784} INFO - 0 downstream tasks scheduled from follow-on schedule check
