[2023-09-10T12:03:23.082+0000] {taskinstance.py:1159} INFO - Dependencies all met for dep_context=non-requeueable deps ti=<TaskInstance: artis_revenue.insert_into_artist_revenue manual__2023-09-10T12:03:21.803549+00:00 [queued]>
[2023-09-10T12:03:23.087+0000] {taskinstance.py:1159} INFO - Dependencies all met for dep_context=requeueable deps ti=<TaskInstance: artis_revenue.insert_into_artist_revenue manual__2023-09-10T12:03:21.803549+00:00 [queued]>
[2023-09-10T12:03:23.087+0000] {taskinstance.py:1361} INFO - Starting attempt 1 of 2
[2023-09-10T12:03:23.099+0000] {taskinstance.py:1382} INFO - Executing <Task(GenericTransfer): insert_into_artist_revenue> on 2023-09-10 12:03:21.803549+00:00
[2023-09-10T12:03:23.103+0000] {standard_task_runner.py:57} INFO - Started process 2885 to run task
[2023-09-10T12:03:23.105+0000] {standard_task_runner.py:84} INFO - Running: ['***', 'tasks', 'run', 'artis_revenue', 'insert_into_artist_revenue', 'manual__2023-09-10T12:03:21.803549+00:00', '--job-id', '87', '--raw', '--subdir', 'DAGS_FOLDER/artist_revenue.py', '--cfg-path', '/tmp/tmp5t6f0hv8']
[2023-09-10T12:03:23.107+0000] {standard_task_runner.py:85} INFO - Job 87: Subtask insert_into_artist_revenue
[2023-09-10T12:03:23.136+0000] {task_command.py:415} INFO - Running <TaskInstance: artis_revenue.insert_into_artist_revenue manual__2023-09-10T12:03:21.803549+00:00 [running]> on host 80a7ead3f1b6
[2023-09-10T12:03:23.193+0000] {taskinstance.py:1660} INFO - Exporting env vars: AIRFLOW_CTX_DAG_OWNER='Aditiya Rahman' AIRFLOW_CTX_DAG_ID='artis_revenue' AIRFLOW_CTX_TASK_ID='insert_into_artist_revenue' AIRFLOW_CTX_EXECUTION_DATE='2023-09-10T12:03:21.803549+00:00' AIRFLOW_CTX_TRY_NUMBER='1' AIRFLOW_CTX_DAG_RUN_ID='manual__2023-09-10T12:03:21.803549+00:00'
[2023-09-10T12:03:23.201+0000] {base.py:73} INFO - Using connection ID 'postgres' for task execution.
[2023-09-10T12:03:23.206+0000] {base.py:73} INFO - Using connection ID 'datawarehouse' for task execution.
[2023-09-10T12:03:23.207+0000] {generic_transfer.py:77} INFO - Extracting data from postgres
[2023-09-10T12:03:23.207+0000] {generic_transfer.py:78} INFO - Executing: 
 
SELECT a."ArtistId", 
       a."Name", 
       b."Title", 
       c."Name", 
       (d."Quantity" * d."UnitPrice"),
       d."InvoiceLineId",
       e."InvoiceId",
       e."InvoiceDate"
FROM "Artist" a
JOIN "Album" b
ON a."ArtistId" = b."ArtistId"
JOIN "Track" c
ON b."AlbumId" = c."AlbumId"
JOIN "InvoiceLine" d
ON c."TrackId" = d."TrackId"
JOIN "Invoice" e
ON d."InvoiceId" = e."InvoiceId"
[2023-09-10T12:03:23.210+0000] {base.py:73} INFO - Using connection ID 'postgres' for task execution.
[2023-09-10T12:03:23.213+0000] {sql.py:418} INFO - Running statement: 
SELECT a."ArtistId", 
       a."Name", 
       b."Title", 
       c."Name", 
       (d."Quantity" * d."UnitPrice"),
       d."InvoiceLineId",
       e."InvoiceId",
       e."InvoiceDate"
FROM "Artist" a
JOIN "Album" b
ON a."ArtistId" = b."ArtistId"
JOIN "Track" c
ON b."AlbumId" = c."AlbumId"
JOIN "InvoiceLine" d
ON c."TrackId" = d."TrackId"
JOIN "Invoice" e
ON d."InvoiceId" = e."InvoiceId", parameters: None
[2023-09-10T12:03:23.217+0000] {sql.py:427} INFO - Rows affected: 2240
[2023-09-10T12:03:23.221+0000] {generic_transfer.py:95} INFO - Running preoperator
[2023-09-10T12:03:23.221+0000] {generic_transfer.py:96} INFO - ['\n        DROP TABLE IF EXISTS artist_revenue\n        ', '\n        CREATE TABLE "artist_revenue" (\n        "ArtistId" INT NOT NULL,\n        "ArtistName" VARCHAR(120),\n        "AlbumTitle" VARCHAR(160) NOT NULL,\n        "TrackName" VARCHAR(200) NOT NULL,\n        "TotalPrice" NUMERIC(10,2) NOT NULL,\n        "InvoiceLineId" INT NOT NULL,\n        "InvoiceId" INT NOT NULL,\n        "InvoiceDate" TIMESTAMP NOT NULL)\n        ']
[2023-09-10T12:03:23.225+0000] {base.py:73} INFO - Using connection ID 'datawarehouse' for task execution.
[2023-09-10T12:03:23.227+0000] {sql.py:418} INFO - Running statement: 
        DROP TABLE IF EXISTS artist_revenue
        , parameters: None
[2023-09-10T12:03:23.228+0000] {sql.py:418} INFO - Running statement: 
        CREATE TABLE "artist_revenue" (
        "ArtistId" INT NOT NULL,
        "ArtistName" VARCHAR(120),
        "AlbumTitle" VARCHAR(160) NOT NULL,
        "TrackName" VARCHAR(200) NOT NULL,
        "TotalPrice" NUMERIC(10,2) NOT NULL,
        "InvoiceLineId" INT NOT NULL,
        "InvoiceId" INT NOT NULL,
        "InvoiceDate" TIMESTAMP NOT NULL)
        , parameters: None
[2023-09-10T12:03:23.233+0000] {generic_transfer.py:105} INFO - Inserting rows into datawarehouse
[2023-09-10T12:03:23.237+0000] {base.py:73} INFO - Using connection ID 'datawarehouse' for task execution.
[2023-09-10T12:03:23.359+0000] {sql.py:512} INFO - Loaded 1000 rows into artist_revenue so far
[2023-09-10T12:03:23.480+0000] {sql.py:512} INFO - Loaded 2000 rows into artist_revenue so far
[2023-09-10T12:03:23.512+0000] {sql.py:515} INFO - Done loading. Loaded a total of 2240 rows into artist_revenue
[2023-09-10T12:03:23.518+0000] {taskinstance.py:1400} INFO - Marking task as SUCCESS. dag_id=artis_revenue, task_id=insert_into_artist_revenue, execution_date=20230910T120321, start_date=20230910T120323, end_date=20230910T120323
[2023-09-10T12:03:23.558+0000] {local_task_job_runner.py:228} INFO - Task exited with return code 0
[2023-09-10T12:03:23.570+0000] {taskinstance.py:2784} INFO - 0 downstream tasks scheduled from follow-on schedule check
