[2023-09-15T13:34:43.411+0000] {taskinstance.py:1159} INFO - Dependencies all met for dep_context=non-requeueable deps ti=<TaskInstance: business_question.insert_into_artist_earnings scheduled__2023-09-14T02:00:00+00:00 [queued]>
[2023-09-15T13:34:43.418+0000] {taskinstance.py:1159} INFO - Dependencies all met for dep_context=requeueable deps ti=<TaskInstance: business_question.insert_into_artist_earnings scheduled__2023-09-14T02:00:00+00:00 [queued]>
[2023-09-15T13:34:43.418+0000] {taskinstance.py:1361} INFO - Starting attempt 1 of 2
[2023-09-15T13:34:43.429+0000] {taskinstance.py:1382} INFO - Executing <Task(GenericTransfer): insert_into_artist_earnings> on 2023-09-14 02:00:00+00:00
[2023-09-15T13:34:43.433+0000] {standard_task_runner.py:57} INFO - Started process 97 to run task
[2023-09-15T13:34:43.435+0000] {standard_task_runner.py:84} INFO - Running: ['***', 'tasks', 'run', 'business_question', 'insert_into_artist_earnings', 'scheduled__2023-09-14T02:00:00+00:00', '--job-id', '186', '--raw', '--subdir', 'DAGS_FOLDER/business_question.py', '--cfg-path', '/tmp/tmpby_hmbna']
[2023-09-15T13:34:43.437+0000] {standard_task_runner.py:85} INFO - Job 186: Subtask insert_into_artist_earnings
[2023-09-15T13:34:43.477+0000] {task_command.py:415} INFO - Running <TaskInstance: business_question.insert_into_artist_earnings scheduled__2023-09-14T02:00:00+00:00 [running]> on host bdff3168b881
[2023-09-15T13:34:43.533+0000] {taskinstance.py:1660} INFO - Exporting env vars: AIRFLOW_CTX_DAG_OWNER='Aditiya Rahman' AIRFLOW_CTX_DAG_ID='business_question' AIRFLOW_CTX_TASK_ID='insert_into_artist_earnings' AIRFLOW_CTX_EXECUTION_DATE='2023-09-14T02:00:00+00:00' AIRFLOW_CTX_TRY_NUMBER='1' AIRFLOW_CTX_DAG_RUN_ID='scheduled__2023-09-14T02:00:00+00:00'
[2023-09-15T13:34:43.540+0000] {base.py:73} INFO - Using connection ID 'datawarehouse' for task execution.
[2023-09-15T13:34:43.551+0000] {base.py:73} INFO - Using connection ID 'datamart' for task execution.
[2023-09-15T13:34:43.552+0000] {generic_transfer.py:77} INFO - Extracting data from datawarehouse
[2023-09-15T13:34:43.552+0000] {generic_transfer.py:78} INFO - Executing: 
 
SELECT "ArtistId", "ArtistName", SUM("TotalPrice") AS "Earnings"
FROM "artist_revenue"
GROUP BY "ArtistId", "ArtistName"
ORDER BY "Earnings" DESC
[2023-09-15T13:34:43.555+0000] {base.py:73} INFO - Using connection ID 'datawarehouse' for task execution.
[2023-09-15T13:34:43.557+0000] {sql.py:418} INFO - Running statement: 
SELECT "ArtistId", "ArtistName", SUM("TotalPrice") AS "Earnings"
FROM "artist_revenue"
GROUP BY "ArtistId", "ArtistName"
ORDER BY "Earnings" DESC, parameters: None
[2023-09-15T13:34:43.560+0000] {sql.py:427} INFO - Rows affected: 165
[2023-09-15T13:34:43.561+0000] {generic_transfer.py:95} INFO - Running preoperator
[2023-09-15T13:34:43.561+0000] {generic_transfer.py:96} INFO - ['DROP TABLE IF EXISTS artist_earnings', '\n        CREATE TABLE artist_earnings (\n        "ArtistId" INT NOT NULL,\n        "ArtistName" VARCHAR(120),\n        "Earnings" NUMERIC(10,2) NOT NULL\n        )\n        ']
[2023-09-15T13:34:43.565+0000] {base.py:73} INFO - Using connection ID 'datamart' for task execution.
[2023-09-15T13:34:43.567+0000] {sql.py:418} INFO - Running statement: DROP TABLE IF EXISTS artist_earnings, parameters: None
[2023-09-15T13:34:43.568+0000] {sql.py:418} INFO - Running statement: 
        CREATE TABLE artist_earnings (
        "ArtistId" INT NOT NULL,
        "ArtistName" VARCHAR(120),
        "Earnings" NUMERIC(10,2) NOT NULL
        )
        , parameters: None
[2023-09-15T13:34:43.573+0000] {generic_transfer.py:105} INFO - Inserting rows into datamart
[2023-09-15T13:34:43.577+0000] {base.py:73} INFO - Using connection ID 'datamart' for task execution.
[2023-09-15T13:34:43.600+0000] {sql.py:515} INFO - Done loading. Loaded a total of 165 rows into artist_earnings
[2023-09-15T13:34:43.607+0000] {taskinstance.py:1400} INFO - Marking task as SUCCESS. dag_id=business_question, task_id=insert_into_artist_earnings, execution_date=20230914T020000, start_date=20230915T133443, end_date=20230915T133443
[2023-09-15T13:34:43.647+0000] {local_task_job_runner.py:228} INFO - Task exited with return code 0
[2023-09-15T13:34:43.677+0000] {taskinstance.py:2784} INFO - 1 downstream tasks scheduled from follow-on schedule check
