[2023-09-13T12:14:55.924+0000] {taskinstance.py:1159} INFO - Dependencies all met for dep_context=non-requeueable deps ti=<TaskInstance: business_question.daily_earnings scheduled__2023-09-12T02:00:00+00:00 [queued]>
[2023-09-13T12:14:55.934+0000] {taskinstance.py:1159} INFO - Dependencies all met for dep_context=requeueable deps ti=<TaskInstance: business_question.daily_earnings scheduled__2023-09-12T02:00:00+00:00 [queued]>
[2023-09-13T12:14:55.935+0000] {taskinstance.py:1361} INFO - Starting attempt 1 of 2
[2023-09-13T12:14:56.048+0000] {taskinstance.py:1382} INFO - Executing <Task(PostgresOperator): daily_earnings> on 2023-09-12 02:00:00+00:00
[2023-09-13T12:14:56.055+0000] {standard_task_runner.py:57} INFO - Started process 70 to run task
[2023-09-13T12:14:56.059+0000] {standard_task_runner.py:84} INFO - Running: ['***', 'tasks', 'run', 'business_question', 'daily_earnings', 'scheduled__2023-09-12T02:00:00+00:00', '--job-id', '147', '--raw', '--subdir', 'DAGS_FOLDER/business_question.py', '--cfg-path', '/tmp/tmpz9rxwhr5']
[2023-09-13T12:14:56.062+0000] {standard_task_runner.py:85} INFO - Job 147: Subtask daily_earnings
[2023-09-13T12:14:56.160+0000] {task_command.py:415} INFO - Running <TaskInstance: business_question.daily_earnings scheduled__2023-09-12T02:00:00+00:00 [running]> on host bdff3168b881
[2023-09-13T12:14:56.264+0000] {taskinstance.py:1660} INFO - Exporting env vars: AIRFLOW_CTX_DAG_OWNER='Aditiya Rahman' AIRFLOW_CTX_DAG_ID='business_question' AIRFLOW_CTX_TASK_ID='daily_earnings' AIRFLOW_CTX_EXECUTION_DATE='2023-09-12T02:00:00+00:00' AIRFLOW_CTX_TRY_NUMBER='1' AIRFLOW_CTX_DAG_RUN_ID='scheduled__2023-09-12T02:00:00+00:00'
[2023-09-13T12:14:56.266+0000] {sql.py:274} INFO - Executing: 
    SELECT SUM("DailyEarnings") as "TotalEarning"
    FROM (
            SELECT "InvoiceDate", SUM("TotalPrice") as "DailyEarnings"
            FROM "artist_revenue"
            GROUP BY "InvoiceDate"
    ) as a
    
[2023-09-13T12:14:56.277+0000] {base.py:73} INFO - Using connection ID 'datawarehouse' for task execution.
[2023-09-13T12:14:56.287+0000] {base.py:73} INFO - Using connection ID 'datawarehouse' for task execution.
[2023-09-13T12:14:56.304+0000] {sql.py:418} INFO - Running statement: 
    SELECT SUM("DailyEarnings") as "TotalEarning"
    FROM (
            SELECT "InvoiceDate", SUM("TotalPrice") as "DailyEarnings"
            FROM "artist_revenue"
            GROUP BY "InvoiceDate"
    ) as a
    , parameters: None
[2023-09-13T12:14:56.321+0000] {sql.py:427} INFO - Rows affected: 1
[2023-09-13T12:14:56.349+0000] {taskinstance.py:1400} INFO - Marking task as SUCCESS. dag_id=business_question, task_id=daily_earnings, execution_date=20230912T020000, start_date=20230913T121455, end_date=20230913T121456
[2023-09-13T12:14:56.394+0000] {local_task_job_runner.py:228} INFO - Task exited with return code 0
[2023-09-13T12:14:56.420+0000] {taskinstance.py:2784} INFO - 1 downstream tasks scheduled from follow-on schedule check
