[2023-09-15T13:34:34.341+0000] {processor.py:157} INFO - Started process (PID=39) to work on /opt/airflow/dags/artist_revenue.py
[2023-09-15T13:34:34.342+0000] {processor.py:829} INFO - Processing file /opt/airflow/dags/artist_revenue.py for tasks to queue
[2023-09-15T13:34:34.344+0000] {logging_mixin.py:151} INFO - [2023-09-15T13:34:34.344+0000] {dagbag.py:539} INFO - Filling up the DagBag from /opt/airflow/dags/artist_revenue.py
[2023-09-15T13:34:34.370+0000] {processor.py:839} INFO - DAG(s) dict_keys(['artis_revenue']) retrieved from /opt/airflow/dags/artist_revenue.py
[2023-09-15T13:34:34.413+0000] {logging_mixin.py:151} INFO - [2023-09-15T13:34:34.412+0000] {dag.py:2907} INFO - Sync 1 DAGs
[2023-09-15T13:34:34.440+0000] {logging_mixin.py:151} INFO - [2023-09-15T13:34:34.440+0000] {dag.py:3677} INFO - Setting next_dagrun for artis_revenue to 2023-09-14T00:00:00+00:00, run_after=2023-09-15T00:00:00+00:00
[2023-09-15T13:34:34.462+0000] {processor.py:179} INFO - Processing /opt/airflow/dags/artist_revenue.py took 0.123 seconds
[2023-09-15T13:35:04.698+0000] {processor.py:157} INFO - Started process (PID=124) to work on /opt/airflow/dags/artist_revenue.py
[2023-09-15T13:35:04.698+0000] {processor.py:829} INFO - Processing file /opt/airflow/dags/artist_revenue.py for tasks to queue
[2023-09-15T13:35:04.700+0000] {logging_mixin.py:151} INFO - [2023-09-15T13:35:04.699+0000] {dagbag.py:539} INFO - Filling up the DagBag from /opt/airflow/dags/artist_revenue.py
[2023-09-15T13:35:04.716+0000] {processor.py:839} INFO - DAG(s) dict_keys(['artis_revenue']) retrieved from /opt/airflow/dags/artist_revenue.py
[2023-09-15T13:35:04.727+0000] {logging_mixin.py:151} INFO - [2023-09-15T13:35:04.727+0000] {dag.py:2907} INFO - Sync 1 DAGs
[2023-09-15T13:35:04.838+0000] {logging_mixin.py:151} INFO - [2023-09-15T13:35:04.838+0000] {dag.py:3677} INFO - Setting next_dagrun for artis_revenue to 2023-09-15T00:00:00+00:00, run_after=2023-09-16T00:00:00+00:00
[2023-09-15T13:35:04.853+0000] {processor.py:179} INFO - Processing /opt/airflow/dags/artist_revenue.py took 0.157 seconds
[2023-09-15T13:35:34.924+0000] {processor.py:157} INFO - Started process (PID=182) to work on /opt/airflow/dags/artist_revenue.py
[2023-09-15T13:35:34.925+0000] {processor.py:829} INFO - Processing file /opt/airflow/dags/artist_revenue.py for tasks to queue
[2023-09-15T13:35:34.926+0000] {logging_mixin.py:151} INFO - [2023-09-15T13:35:34.926+0000] {dagbag.py:539} INFO - Filling up the DagBag from /opt/airflow/dags/artist_revenue.py
[2023-09-15T13:35:34.944+0000] {processor.py:839} INFO - DAG(s) dict_keys(['artis_revenue']) retrieved from /opt/airflow/dags/artist_revenue.py
[2023-09-15T13:35:34.954+0000] {logging_mixin.py:151} INFO - [2023-09-15T13:35:34.954+0000] {dag.py:2907} INFO - Sync 1 DAGs
[2023-09-15T13:35:34.968+0000] {logging_mixin.py:151} INFO - [2023-09-15T13:35:34.968+0000] {dag.py:3677} INFO - Setting next_dagrun for artis_revenue to 2023-09-15T00:00:00+00:00, run_after=2023-09-16T00:00:00+00:00
[2023-09-15T13:35:34.987+0000] {processor.py:179} INFO - Processing /opt/airflow/dags/artist_revenue.py took 0.065 seconds
[2023-09-15T13:36:05.222+0000] {processor.py:157} INFO - Started process (PID=240) to work on /opt/airflow/dags/artist_revenue.py
[2023-09-15T13:36:05.223+0000] {processor.py:829} INFO - Processing file /opt/airflow/dags/artist_revenue.py for tasks to queue
[2023-09-15T13:36:05.224+0000] {logging_mixin.py:151} INFO - [2023-09-15T13:36:05.224+0000] {dagbag.py:539} INFO - Filling up the DagBag from /opt/airflow/dags/artist_revenue.py
[2023-09-15T13:36:05.241+0000] {processor.py:839} INFO - DAG(s) dict_keys(['artis_revenue']) retrieved from /opt/airflow/dags/artist_revenue.py
[2023-09-15T13:36:05.251+0000] {logging_mixin.py:151} INFO - [2023-09-15T13:36:05.250+0000] {dag.py:2907} INFO - Sync 1 DAGs
[2023-09-15T13:36:05.264+0000] {logging_mixin.py:151} INFO - [2023-09-15T13:36:05.264+0000] {dag.py:3677} INFO - Setting next_dagrun for artis_revenue to 2023-09-15T00:00:00+00:00, run_after=2023-09-16T00:00:00+00:00
[2023-09-15T13:36:05.282+0000] {processor.py:179} INFO - Processing /opt/airflow/dags/artist_revenue.py took 0.061 seconds
[2023-09-15T13:36:35.547+0000] {processor.py:157} INFO - Started process (PID=298) to work on /opt/airflow/dags/artist_revenue.py
[2023-09-15T13:36:35.548+0000] {processor.py:829} INFO - Processing file /opt/airflow/dags/artist_revenue.py for tasks to queue
[2023-09-15T13:36:35.550+0000] {logging_mixin.py:151} INFO - [2023-09-15T13:36:35.549+0000] {dagbag.py:539} INFO - Filling up the DagBag from /opt/airflow/dags/artist_revenue.py
[2023-09-15T13:36:35.567+0000] {processor.py:839} INFO - DAG(s) dict_keys(['artis_revenue']) retrieved from /opt/airflow/dags/artist_revenue.py
[2023-09-15T13:36:35.579+0000] {logging_mixin.py:151} INFO - [2023-09-15T13:36:35.579+0000] {dag.py:2907} INFO - Sync 1 DAGs
[2023-09-15T13:36:35.594+0000] {logging_mixin.py:151} INFO - [2023-09-15T13:36:35.594+0000] {dag.py:3677} INFO - Setting next_dagrun for artis_revenue to 2023-09-15T00:00:00+00:00, run_after=2023-09-16T00:00:00+00:00
[2023-09-15T13:36:35.608+0000] {processor.py:179} INFO - Processing /opt/airflow/dags/artist_revenue.py took 0.063 seconds
[2023-09-15T13:37:05.897+0000] {processor.py:157} INFO - Started process (PID=356) to work on /opt/airflow/dags/artist_revenue.py
[2023-09-15T13:37:05.898+0000] {processor.py:829} INFO - Processing file /opt/airflow/dags/artist_revenue.py for tasks to queue
[2023-09-15T13:37:05.899+0000] {logging_mixin.py:151} INFO - [2023-09-15T13:37:05.899+0000] {dagbag.py:539} INFO - Filling up the DagBag from /opt/airflow/dags/artist_revenue.py
[2023-09-15T13:37:05.916+0000] {processor.py:839} INFO - DAG(s) dict_keys(['artis_revenue']) retrieved from /opt/airflow/dags/artist_revenue.py
[2023-09-15T13:37:05.926+0000] {logging_mixin.py:151} INFO - [2023-09-15T13:37:05.926+0000] {dag.py:2907} INFO - Sync 1 DAGs
[2023-09-15T13:37:05.940+0000] {logging_mixin.py:151} INFO - [2023-09-15T13:37:05.940+0000] {dag.py:3677} INFO - Setting next_dagrun for artis_revenue to 2023-09-15T00:00:00+00:00, run_after=2023-09-16T00:00:00+00:00
[2023-09-15T13:37:05.958+0000] {processor.py:179} INFO - Processing /opt/airflow/dags/artist_revenue.py took 0.062 seconds
[2023-09-15T13:37:36.178+0000] {processor.py:157} INFO - Started process (PID=414) to work on /opt/airflow/dags/artist_revenue.py
[2023-09-15T13:37:36.178+0000] {processor.py:829} INFO - Processing file /opt/airflow/dags/artist_revenue.py for tasks to queue
[2023-09-15T13:37:36.180+0000] {logging_mixin.py:151} INFO - [2023-09-15T13:37:36.180+0000] {dagbag.py:539} INFO - Filling up the DagBag from /opt/airflow/dags/artist_revenue.py
[2023-09-15T13:37:36.199+0000] {processor.py:839} INFO - DAG(s) dict_keys(['artis_revenue']) retrieved from /opt/airflow/dags/artist_revenue.py
[2023-09-15T13:37:36.209+0000] {logging_mixin.py:151} INFO - [2023-09-15T13:37:36.209+0000] {dag.py:2907} INFO - Sync 1 DAGs
[2023-09-15T13:37:36.223+0000] {logging_mixin.py:151} INFO - [2023-09-15T13:37:36.222+0000] {dag.py:3677} INFO - Setting next_dagrun for artis_revenue to 2023-09-15T00:00:00+00:00, run_after=2023-09-16T00:00:00+00:00
[2023-09-15T13:37:36.240+0000] {processor.py:179} INFO - Processing /opt/airflow/dags/artist_revenue.py took 0.064 seconds
[2023-09-15T13:38:06.496+0000] {processor.py:157} INFO - Started process (PID=472) to work on /opt/airflow/dags/artist_revenue.py
[2023-09-15T13:38:06.496+0000] {processor.py:829} INFO - Processing file /opt/airflow/dags/artist_revenue.py for tasks to queue
[2023-09-15T13:38:06.498+0000] {logging_mixin.py:151} INFO - [2023-09-15T13:38:06.498+0000] {dagbag.py:539} INFO - Filling up the DagBag from /opt/airflow/dags/artist_revenue.py
[2023-09-15T13:38:06.516+0000] {processor.py:839} INFO - DAG(s) dict_keys(['artis_revenue']) retrieved from /opt/airflow/dags/artist_revenue.py
[2023-09-15T13:38:06.526+0000] {logging_mixin.py:151} INFO - [2023-09-15T13:38:06.526+0000] {dag.py:2907} INFO - Sync 1 DAGs
[2023-09-15T13:38:06.540+0000] {logging_mixin.py:151} INFO - [2023-09-15T13:38:06.540+0000] {dag.py:3677} INFO - Setting next_dagrun for artis_revenue to 2023-09-15T00:00:00+00:00, run_after=2023-09-16T00:00:00+00:00
[2023-09-15T13:38:06.554+0000] {processor.py:179} INFO - Processing /opt/airflow/dags/artist_revenue.py took 0.061 seconds
[2023-09-15T13:38:37.012+0000] {processor.py:157} INFO - Started process (PID=530) to work on /opt/airflow/dags/artist_revenue.py
[2023-09-15T13:38:37.013+0000] {processor.py:829} INFO - Processing file /opt/airflow/dags/artist_revenue.py for tasks to queue
[2023-09-15T13:38:37.014+0000] {logging_mixin.py:151} INFO - [2023-09-15T13:38:37.014+0000] {dagbag.py:539} INFO - Filling up the DagBag from /opt/airflow/dags/artist_revenue.py
[2023-09-15T13:38:37.032+0000] {processor.py:839} INFO - DAG(s) dict_keys(['artis_revenue']) retrieved from /opt/airflow/dags/artist_revenue.py
[2023-09-15T13:38:37.042+0000] {logging_mixin.py:151} INFO - [2023-09-15T13:38:37.042+0000] {dag.py:2907} INFO - Sync 1 DAGs
[2023-09-15T13:38:37.059+0000] {logging_mixin.py:151} INFO - [2023-09-15T13:38:37.058+0000] {dag.py:3677} INFO - Setting next_dagrun for artis_revenue to 2023-09-15T00:00:00+00:00, run_after=2023-09-16T00:00:00+00:00
[2023-09-15T13:38:37.076+0000] {processor.py:179} INFO - Processing /opt/airflow/dags/artist_revenue.py took 0.066 seconds
[2023-09-15T13:39:07.509+0000] {processor.py:157} INFO - Started process (PID=588) to work on /opt/airflow/dags/artist_revenue.py
[2023-09-15T13:39:07.510+0000] {processor.py:829} INFO - Processing file /opt/airflow/dags/artist_revenue.py for tasks to queue
[2023-09-15T13:39:07.511+0000] {logging_mixin.py:151} INFO - [2023-09-15T13:39:07.511+0000] {dagbag.py:539} INFO - Filling up the DagBag from /opt/airflow/dags/artist_revenue.py
[2023-09-15T13:39:07.526+0000] {processor.py:839} INFO - DAG(s) dict_keys(['artis_revenue']) retrieved from /opt/airflow/dags/artist_revenue.py
[2023-09-15T13:39:07.536+0000] {logging_mixin.py:151} INFO - [2023-09-15T13:39:07.536+0000] {dag.py:2907} INFO - Sync 1 DAGs
[2023-09-15T13:39:07.550+0000] {logging_mixin.py:151} INFO - [2023-09-15T13:39:07.550+0000] {dag.py:3677} INFO - Setting next_dagrun for artis_revenue to 2023-09-15T00:00:00+00:00, run_after=2023-09-16T00:00:00+00:00
[2023-09-15T13:39:07.565+0000] {processor.py:179} INFO - Processing /opt/airflow/dags/artist_revenue.py took 0.059 seconds
[2023-09-15T13:39:37.999+0000] {processor.py:157} INFO - Started process (PID=646) to work on /opt/airflow/dags/artist_revenue.py
[2023-09-15T13:39:38.000+0000] {processor.py:829} INFO - Processing file /opt/airflow/dags/artist_revenue.py for tasks to queue
[2023-09-15T13:39:38.001+0000] {logging_mixin.py:151} INFO - [2023-09-15T13:39:38.001+0000] {dagbag.py:539} INFO - Filling up the DagBag from /opt/airflow/dags/artist_revenue.py
[2023-09-15T13:39:38.021+0000] {processor.py:839} INFO - DAG(s) dict_keys(['artis_revenue']) retrieved from /opt/airflow/dags/artist_revenue.py
[2023-09-15T13:39:38.032+0000] {logging_mixin.py:151} INFO - [2023-09-15T13:39:38.032+0000] {dag.py:2907} INFO - Sync 1 DAGs
[2023-09-15T13:39:38.046+0000] {logging_mixin.py:151} INFO - [2023-09-15T13:39:38.045+0000] {dag.py:3677} INFO - Setting next_dagrun for artis_revenue to 2023-09-15T00:00:00+00:00, run_after=2023-09-16T00:00:00+00:00
[2023-09-15T13:39:38.061+0000] {processor.py:179} INFO - Processing /opt/airflow/dags/artist_revenue.py took 0.064 seconds
[2023-09-15T13:40:08.425+0000] {processor.py:157} INFO - Started process (PID=704) to work on /opt/airflow/dags/artist_revenue.py
[2023-09-15T13:40:08.426+0000] {processor.py:829} INFO - Processing file /opt/airflow/dags/artist_revenue.py for tasks to queue
[2023-09-15T13:40:08.428+0000] {logging_mixin.py:151} INFO - [2023-09-15T13:40:08.428+0000] {dagbag.py:539} INFO - Filling up the DagBag from /opt/airflow/dags/artist_revenue.py
[2023-09-15T13:40:08.450+0000] {processor.py:839} INFO - DAG(s) dict_keys(['artis_revenue']) retrieved from /opt/airflow/dags/artist_revenue.py
[2023-09-15T13:40:08.464+0000] {logging_mixin.py:151} INFO - [2023-09-15T13:40:08.464+0000] {dag.py:2907} INFO - Sync 1 DAGs
[2023-09-15T13:40:08.480+0000] {logging_mixin.py:151} INFO - [2023-09-15T13:40:08.479+0000] {dag.py:3677} INFO - Setting next_dagrun for artis_revenue to 2023-09-15T00:00:00+00:00, run_after=2023-09-16T00:00:00+00:00
[2023-09-15T13:40:08.495+0000] {processor.py:179} INFO - Processing /opt/airflow/dags/artist_revenue.py took 0.073 seconds
[2023-09-15T13:40:38.962+0000] {processor.py:157} INFO - Started process (PID=762) to work on /opt/airflow/dags/artist_revenue.py
[2023-09-15T13:40:38.962+0000] {processor.py:829} INFO - Processing file /opt/airflow/dags/artist_revenue.py for tasks to queue
[2023-09-15T13:40:38.964+0000] {logging_mixin.py:151} INFO - [2023-09-15T13:40:38.964+0000] {dagbag.py:539} INFO - Filling up the DagBag from /opt/airflow/dags/artist_revenue.py
[2023-09-15T13:40:38.983+0000] {processor.py:839} INFO - DAG(s) dict_keys(['artis_revenue']) retrieved from /opt/airflow/dags/artist_revenue.py
[2023-09-15T13:40:38.993+0000] {logging_mixin.py:151} INFO - [2023-09-15T13:40:38.993+0000] {dag.py:2907} INFO - Sync 1 DAGs
[2023-09-15T13:40:39.008+0000] {logging_mixin.py:151} INFO - [2023-09-15T13:40:39.008+0000] {dag.py:3677} INFO - Setting next_dagrun for artis_revenue to 2023-09-15T00:00:00+00:00, run_after=2023-09-16T00:00:00+00:00
[2023-09-15T13:40:39.024+0000] {processor.py:179} INFO - Processing /opt/airflow/dags/artist_revenue.py took 0.064 seconds
[2023-09-15T13:41:09.338+0000] {processor.py:157} INFO - Started process (PID=820) to work on /opt/airflow/dags/artist_revenue.py
[2023-09-15T13:41:09.339+0000] {processor.py:829} INFO - Processing file /opt/airflow/dags/artist_revenue.py for tasks to queue
[2023-09-15T13:41:09.340+0000] {logging_mixin.py:151} INFO - [2023-09-15T13:41:09.340+0000] {dagbag.py:539} INFO - Filling up the DagBag from /opt/airflow/dags/artist_revenue.py
[2023-09-15T13:41:09.358+0000] {processor.py:839} INFO - DAG(s) dict_keys(['artis_revenue']) retrieved from /opt/airflow/dags/artist_revenue.py
[2023-09-15T13:41:09.368+0000] {logging_mixin.py:151} INFO - [2023-09-15T13:41:09.368+0000] {dag.py:2907} INFO - Sync 1 DAGs
[2023-09-15T13:41:09.382+0000] {logging_mixin.py:151} INFO - [2023-09-15T13:41:09.382+0000] {dag.py:3677} INFO - Setting next_dagrun for artis_revenue to 2023-09-15T00:00:00+00:00, run_after=2023-09-16T00:00:00+00:00
[2023-09-15T13:41:09.397+0000] {processor.py:179} INFO - Processing /opt/airflow/dags/artist_revenue.py took 0.060 seconds
[2023-09-15T13:41:39.548+0000] {processor.py:157} INFO - Started process (PID=878) to work on /opt/airflow/dags/artist_revenue.py
[2023-09-15T13:41:39.548+0000] {processor.py:829} INFO - Processing file /opt/airflow/dags/artist_revenue.py for tasks to queue
[2023-09-15T13:41:39.550+0000] {logging_mixin.py:151} INFO - [2023-09-15T13:41:39.550+0000] {dagbag.py:539} INFO - Filling up the DagBag from /opt/airflow/dags/artist_revenue.py
[2023-09-15T13:41:39.567+0000] {processor.py:839} INFO - DAG(s) dict_keys(['artis_revenue']) retrieved from /opt/airflow/dags/artist_revenue.py
[2023-09-15T13:41:39.576+0000] {logging_mixin.py:151} INFO - [2023-09-15T13:41:39.576+0000] {dag.py:2907} INFO - Sync 1 DAGs
[2023-09-15T13:41:39.591+0000] {logging_mixin.py:151} INFO - [2023-09-15T13:41:39.591+0000] {dag.py:3677} INFO - Setting next_dagrun for artis_revenue to 2023-09-15T00:00:00+00:00, run_after=2023-09-16T00:00:00+00:00
[2023-09-15T13:41:39.605+0000] {processor.py:179} INFO - Processing /opt/airflow/dags/artist_revenue.py took 0.060 seconds
[2023-09-15T13:42:09.977+0000] {processor.py:157} INFO - Started process (PID=936) to work on /opt/airflow/dags/artist_revenue.py
[2023-09-15T13:42:09.977+0000] {processor.py:829} INFO - Processing file /opt/airflow/dags/artist_revenue.py for tasks to queue
[2023-09-15T13:42:09.978+0000] {logging_mixin.py:151} INFO - [2023-09-15T13:42:09.978+0000] {dagbag.py:539} INFO - Filling up the DagBag from /opt/airflow/dags/artist_revenue.py
[2023-09-15T13:42:09.993+0000] {processor.py:839} INFO - DAG(s) dict_keys(['artis_revenue']) retrieved from /opt/airflow/dags/artist_revenue.py
[2023-09-15T13:42:10.005+0000] {logging_mixin.py:151} INFO - [2023-09-15T13:42:10.004+0000] {dag.py:2907} INFO - Sync 1 DAGs
[2023-09-15T13:42:10.019+0000] {logging_mixin.py:151} INFO - [2023-09-15T13:42:10.019+0000] {dag.py:3677} INFO - Setting next_dagrun for artis_revenue to 2023-09-15T00:00:00+00:00, run_after=2023-09-16T00:00:00+00:00
[2023-09-15T13:42:10.033+0000] {processor.py:179} INFO - Processing /opt/airflow/dags/artist_revenue.py took 0.059 seconds
[2023-09-15T13:42:40.406+0000] {processor.py:157} INFO - Started process (PID=994) to work on /opt/airflow/dags/artist_revenue.py
[2023-09-15T13:42:40.407+0000] {processor.py:829} INFO - Processing file /opt/airflow/dags/artist_revenue.py for tasks to queue
[2023-09-15T13:42:40.409+0000] {logging_mixin.py:151} INFO - [2023-09-15T13:42:40.409+0000] {dagbag.py:539} INFO - Filling up the DagBag from /opt/airflow/dags/artist_revenue.py
[2023-09-15T13:42:40.435+0000] {processor.py:839} INFO - DAG(s) dict_keys(['artis_revenue']) retrieved from /opt/airflow/dags/artist_revenue.py
[2023-09-15T13:42:40.451+0000] {logging_mixin.py:151} INFO - [2023-09-15T13:42:40.451+0000] {dag.py:2907} INFO - Sync 1 DAGs
[2023-09-15T13:42:40.476+0000] {logging_mixin.py:151} INFO - [2023-09-15T13:42:40.476+0000] {dag.py:3677} INFO - Setting next_dagrun for artis_revenue to 2023-09-15T00:00:00+00:00, run_after=2023-09-16T00:00:00+00:00
[2023-09-15T13:42:40.506+0000] {processor.py:179} INFO - Processing /opt/airflow/dags/artist_revenue.py took 0.103 seconds
[2023-09-15T13:43:11.338+0000] {processor.py:157} INFO - Started process (PID=1052) to work on /opt/airflow/dags/artist_revenue.py
[2023-09-15T13:43:11.339+0000] {processor.py:829} INFO - Processing file /opt/airflow/dags/artist_revenue.py for tasks to queue
[2023-09-15T13:43:11.340+0000] {logging_mixin.py:151} INFO - [2023-09-15T13:43:11.340+0000] {dagbag.py:539} INFO - Filling up the DagBag from /opt/airflow/dags/artist_revenue.py
[2023-09-15T13:43:11.358+0000] {processor.py:839} INFO - DAG(s) dict_keys(['artis_revenue']) retrieved from /opt/airflow/dags/artist_revenue.py
[2023-09-15T13:43:11.368+0000] {logging_mixin.py:151} INFO - [2023-09-15T13:43:11.368+0000] {dag.py:2907} INFO - Sync 1 DAGs
[2023-09-15T13:43:11.382+0000] {logging_mixin.py:151} INFO - [2023-09-15T13:43:11.382+0000] {dag.py:3677} INFO - Setting next_dagrun for artis_revenue to 2023-09-15T00:00:00+00:00, run_after=2023-09-16T00:00:00+00:00
[2023-09-15T13:43:11.400+0000] {processor.py:179} INFO - Processing /opt/airflow/dags/artist_revenue.py took 0.064 seconds
[2023-09-15T13:43:41.799+0000] {processor.py:157} INFO - Started process (PID=1110) to work on /opt/airflow/dags/artist_revenue.py
[2023-09-15T13:43:41.800+0000] {processor.py:829} INFO - Processing file /opt/airflow/dags/artist_revenue.py for tasks to queue
[2023-09-15T13:43:41.802+0000] {logging_mixin.py:151} INFO - [2023-09-15T13:43:41.801+0000] {dagbag.py:539} INFO - Filling up the DagBag from /opt/airflow/dags/artist_revenue.py
[2023-09-15T13:43:41.821+0000] {processor.py:839} INFO - DAG(s) dict_keys(['artis_revenue']) retrieved from /opt/airflow/dags/artist_revenue.py
[2023-09-15T13:43:41.831+0000] {logging_mixin.py:151} INFO - [2023-09-15T13:43:41.831+0000] {dag.py:2907} INFO - Sync 1 DAGs
[2023-09-15T13:43:41.846+0000] {logging_mixin.py:151} INFO - [2023-09-15T13:43:41.845+0000] {dag.py:3677} INFO - Setting next_dagrun for artis_revenue to 2023-09-15T00:00:00+00:00, run_after=2023-09-16T00:00:00+00:00
[2023-09-15T13:43:41.861+0000] {processor.py:179} INFO - Processing /opt/airflow/dags/artist_revenue.py took 0.063 seconds
[2023-09-15T13:44:12.163+0000] {processor.py:157} INFO - Started process (PID=1168) to work on /opt/airflow/dags/artist_revenue.py
[2023-09-15T13:44:12.164+0000] {processor.py:829} INFO - Processing file /opt/airflow/dags/artist_revenue.py for tasks to queue
[2023-09-15T13:44:12.166+0000] {logging_mixin.py:151} INFO - [2023-09-15T13:44:12.165+0000] {dagbag.py:539} INFO - Filling up the DagBag from /opt/airflow/dags/artist_revenue.py
[2023-09-15T13:44:12.184+0000] {processor.py:839} INFO - DAG(s) dict_keys(['artis_revenue']) retrieved from /opt/airflow/dags/artist_revenue.py
[2023-09-15T13:44:12.197+0000] {logging_mixin.py:151} INFO - [2023-09-15T13:44:12.197+0000] {dag.py:2907} INFO - Sync 1 DAGs
[2023-09-15T13:44:12.213+0000] {logging_mixin.py:151} INFO - [2023-09-15T13:44:12.213+0000] {dag.py:3677} INFO - Setting next_dagrun for artis_revenue to 2023-09-15T00:00:00+00:00, run_after=2023-09-16T00:00:00+00:00
[2023-09-15T13:44:12.230+0000] {processor.py:179} INFO - Processing /opt/airflow/dags/artist_revenue.py took 0.070 seconds
[2023-09-15T13:44:42.447+0000] {processor.py:157} INFO - Started process (PID=1226) to work on /opt/airflow/dags/artist_revenue.py
[2023-09-15T13:44:42.448+0000] {processor.py:829} INFO - Processing file /opt/airflow/dags/artist_revenue.py for tasks to queue
[2023-09-15T13:44:42.449+0000] {logging_mixin.py:151} INFO - [2023-09-15T13:44:42.449+0000] {dagbag.py:539} INFO - Filling up the DagBag from /opt/airflow/dags/artist_revenue.py
[2023-09-15T13:44:42.470+0000] {processor.py:839} INFO - DAG(s) dict_keys(['artis_revenue']) retrieved from /opt/airflow/dags/artist_revenue.py
[2023-09-15T13:44:42.484+0000] {logging_mixin.py:151} INFO - [2023-09-15T13:44:42.484+0000] {dag.py:2907} INFO - Sync 1 DAGs
[2023-09-15T13:44:42.499+0000] {logging_mixin.py:151} INFO - [2023-09-15T13:44:42.499+0000] {dag.py:3677} INFO - Setting next_dagrun for artis_revenue to 2023-09-15T00:00:00+00:00, run_after=2023-09-16T00:00:00+00:00
[2023-09-15T13:44:42.533+0000] {processor.py:179} INFO - Processing /opt/airflow/dags/artist_revenue.py took 0.087 seconds
[2023-09-15T13:45:12.829+0000] {processor.py:157} INFO - Started process (PID=1284) to work on /opt/airflow/dags/artist_revenue.py
[2023-09-15T13:45:12.829+0000] {processor.py:829} INFO - Processing file /opt/airflow/dags/artist_revenue.py for tasks to queue
[2023-09-15T13:45:12.831+0000] {logging_mixin.py:151} INFO - [2023-09-15T13:45:12.831+0000] {dagbag.py:539} INFO - Filling up the DagBag from /opt/airflow/dags/artist_revenue.py
[2023-09-15T13:45:12.847+0000] {processor.py:839} INFO - DAG(s) dict_keys(['artis_revenue']) retrieved from /opt/airflow/dags/artist_revenue.py
[2023-09-15T13:45:12.858+0000] {logging_mixin.py:151} INFO - [2023-09-15T13:45:12.858+0000] {dag.py:2907} INFO - Sync 1 DAGs
[2023-09-15T13:45:12.872+0000] {logging_mixin.py:151} INFO - [2023-09-15T13:45:12.872+0000] {dag.py:3677} INFO - Setting next_dagrun for artis_revenue to 2023-09-15T00:00:00+00:00, run_after=2023-09-16T00:00:00+00:00
[2023-09-15T13:45:12.889+0000] {processor.py:179} INFO - Processing /opt/airflow/dags/artist_revenue.py took 0.062 seconds
[2023-09-15T13:45:43.079+0000] {processor.py:157} INFO - Started process (PID=1342) to work on /opt/airflow/dags/artist_revenue.py
[2023-09-15T13:45:43.080+0000] {processor.py:829} INFO - Processing file /opt/airflow/dags/artist_revenue.py for tasks to queue
[2023-09-15T13:45:43.081+0000] {logging_mixin.py:151} INFO - [2023-09-15T13:45:43.081+0000] {dagbag.py:539} INFO - Filling up the DagBag from /opt/airflow/dags/artist_revenue.py
[2023-09-15T13:45:43.098+0000] {processor.py:839} INFO - DAG(s) dict_keys(['artis_revenue']) retrieved from /opt/airflow/dags/artist_revenue.py
[2023-09-15T13:45:43.110+0000] {logging_mixin.py:151} INFO - [2023-09-15T13:45:43.110+0000] {dag.py:2907} INFO - Sync 1 DAGs
[2023-09-15T13:45:43.127+0000] {logging_mixin.py:151} INFO - [2023-09-15T13:45:43.127+0000] {dag.py:3677} INFO - Setting next_dagrun for artis_revenue to 2023-09-15T00:00:00+00:00, run_after=2023-09-16T00:00:00+00:00
[2023-09-15T13:45:43.143+0000] {processor.py:179} INFO - Processing /opt/airflow/dags/artist_revenue.py took 0.066 seconds
[2023-09-15T13:46:13.453+0000] {processor.py:157} INFO - Started process (PID=1400) to work on /opt/airflow/dags/artist_revenue.py
[2023-09-15T13:46:13.453+0000] {processor.py:829} INFO - Processing file /opt/airflow/dags/artist_revenue.py for tasks to queue
[2023-09-15T13:46:13.455+0000] {logging_mixin.py:151} INFO - [2023-09-15T13:46:13.454+0000] {dagbag.py:539} INFO - Filling up the DagBag from /opt/airflow/dags/artist_revenue.py
[2023-09-15T13:46:13.471+0000] {processor.py:839} INFO - DAG(s) dict_keys(['artis_revenue']) retrieved from /opt/airflow/dags/artist_revenue.py
[2023-09-15T13:46:13.481+0000] {logging_mixin.py:151} INFO - [2023-09-15T13:46:13.481+0000] {dag.py:2907} INFO - Sync 1 DAGs
[2023-09-15T13:46:13.495+0000] {logging_mixin.py:151} INFO - [2023-09-15T13:46:13.495+0000] {dag.py:3677} INFO - Setting next_dagrun for artis_revenue to 2023-09-15T00:00:00+00:00, run_after=2023-09-16T00:00:00+00:00
[2023-09-15T13:46:13.509+0000] {processor.py:179} INFO - Processing /opt/airflow/dags/artist_revenue.py took 0.059 seconds
[2023-09-15T13:46:43.691+0000] {processor.py:157} INFO - Started process (PID=1458) to work on /opt/airflow/dags/artist_revenue.py
[2023-09-15T13:46:43.691+0000] {processor.py:829} INFO - Processing file /opt/airflow/dags/artist_revenue.py for tasks to queue
[2023-09-15T13:46:43.693+0000] {logging_mixin.py:151} INFO - [2023-09-15T13:46:43.693+0000] {dagbag.py:539} INFO - Filling up the DagBag from /opt/airflow/dags/artist_revenue.py
[2023-09-15T13:46:43.712+0000] {processor.py:839} INFO - DAG(s) dict_keys(['artis_revenue']) retrieved from /opt/airflow/dags/artist_revenue.py
[2023-09-15T13:46:43.723+0000] {logging_mixin.py:151} INFO - [2023-09-15T13:46:43.723+0000] {dag.py:2907} INFO - Sync 1 DAGs
[2023-09-15T13:46:43.737+0000] {logging_mixin.py:151} INFO - [2023-09-15T13:46:43.737+0000] {dag.py:3677} INFO - Setting next_dagrun for artis_revenue to 2023-09-15T00:00:00+00:00, run_after=2023-09-16T00:00:00+00:00
[2023-09-15T13:46:43.753+0000] {processor.py:179} INFO - Processing /opt/airflow/dags/artist_revenue.py took 0.065 seconds
[2023-09-15T13:47:14.197+0000] {processor.py:157} INFO - Started process (PID=1517) to work on /opt/airflow/dags/artist_revenue.py
[2023-09-15T13:47:14.198+0000] {processor.py:829} INFO - Processing file /opt/airflow/dags/artist_revenue.py for tasks to queue
[2023-09-15T13:47:14.199+0000] {logging_mixin.py:151} INFO - [2023-09-15T13:47:14.199+0000] {dagbag.py:539} INFO - Filling up the DagBag from /opt/airflow/dags/artist_revenue.py
[2023-09-15T13:47:14.214+0000] {processor.py:839} INFO - DAG(s) dict_keys(['artis_revenue']) retrieved from /opt/airflow/dags/artist_revenue.py
[2023-09-15T13:47:14.225+0000] {logging_mixin.py:151} INFO - [2023-09-15T13:47:14.225+0000] {dag.py:2907} INFO - Sync 1 DAGs
[2023-09-15T13:47:14.239+0000] {logging_mixin.py:151} INFO - [2023-09-15T13:47:14.239+0000] {dag.py:3677} INFO - Setting next_dagrun for artis_revenue to 2023-09-15T00:00:00+00:00, run_after=2023-09-16T00:00:00+00:00
[2023-09-15T13:47:14.253+0000] {processor.py:179} INFO - Processing /opt/airflow/dags/artist_revenue.py took 0.058 seconds
[2023-09-15T13:47:44.431+0000] {processor.py:157} INFO - Started process (PID=1575) to work on /opt/airflow/dags/artist_revenue.py
[2023-09-15T13:47:44.431+0000] {processor.py:829} INFO - Processing file /opt/airflow/dags/artist_revenue.py for tasks to queue
[2023-09-15T13:47:44.432+0000] {logging_mixin.py:151} INFO - [2023-09-15T13:47:44.432+0000] {dagbag.py:539} INFO - Filling up the DagBag from /opt/airflow/dags/artist_revenue.py
[2023-09-15T13:47:44.451+0000] {processor.py:839} INFO - DAG(s) dict_keys(['artis_revenue']) retrieved from /opt/airflow/dags/artist_revenue.py
[2023-09-15T13:47:44.462+0000] {logging_mixin.py:151} INFO - [2023-09-15T13:47:44.462+0000] {dag.py:2907} INFO - Sync 1 DAGs
[2023-09-15T13:47:44.475+0000] {logging_mixin.py:151} INFO - [2023-09-15T13:47:44.475+0000] {dag.py:3677} INFO - Setting next_dagrun for artis_revenue to 2023-09-15T00:00:00+00:00, run_after=2023-09-16T00:00:00+00:00
[2023-09-15T13:47:44.488+0000] {processor.py:179} INFO - Processing /opt/airflow/dags/artist_revenue.py took 0.059 seconds
[2023-09-15T13:48:14.913+0000] {processor.py:157} INFO - Started process (PID=1633) to work on /opt/airflow/dags/artist_revenue.py
[2023-09-15T13:48:14.914+0000] {processor.py:829} INFO - Processing file /opt/airflow/dags/artist_revenue.py for tasks to queue
[2023-09-15T13:48:14.916+0000] {logging_mixin.py:151} INFO - [2023-09-15T13:48:14.915+0000] {dagbag.py:539} INFO - Filling up the DagBag from /opt/airflow/dags/artist_revenue.py
[2023-09-15T13:48:14.934+0000] {processor.py:839} INFO - DAG(s) dict_keys(['artis_revenue']) retrieved from /opt/airflow/dags/artist_revenue.py
[2023-09-15T13:48:14.944+0000] {logging_mixin.py:151} INFO - [2023-09-15T13:48:14.943+0000] {dag.py:2907} INFO - Sync 1 DAGs
[2023-09-15T13:48:14.957+0000] {logging_mixin.py:151} INFO - [2023-09-15T13:48:14.957+0000] {dag.py:3677} INFO - Setting next_dagrun for artis_revenue to 2023-09-15T00:00:00+00:00, run_after=2023-09-16T00:00:00+00:00
[2023-09-15T13:48:14.971+0000] {processor.py:179} INFO - Processing /opt/airflow/dags/artist_revenue.py took 0.060 seconds
[2023-09-15T13:48:45.197+0000] {processor.py:157} INFO - Started process (PID=1691) to work on /opt/airflow/dags/artist_revenue.py
[2023-09-15T13:48:45.197+0000] {processor.py:829} INFO - Processing file /opt/airflow/dags/artist_revenue.py for tasks to queue
[2023-09-15T13:48:45.199+0000] {logging_mixin.py:151} INFO - [2023-09-15T13:48:45.199+0000] {dagbag.py:539} INFO - Filling up the DagBag from /opt/airflow/dags/artist_revenue.py
[2023-09-15T13:48:45.222+0000] {processor.py:839} INFO - DAG(s) dict_keys(['artis_revenue']) retrieved from /opt/airflow/dags/artist_revenue.py
[2023-09-15T13:48:45.235+0000] {logging_mixin.py:151} INFO - [2023-09-15T13:48:45.234+0000] {dag.py:2907} INFO - Sync 1 DAGs
[2023-09-15T13:48:45.251+0000] {logging_mixin.py:151} INFO - [2023-09-15T13:48:45.251+0000] {dag.py:3677} INFO - Setting next_dagrun for artis_revenue to 2023-09-15T00:00:00+00:00, run_after=2023-09-16T00:00:00+00:00
[2023-09-15T13:48:45.267+0000] {processor.py:179} INFO - Processing /opt/airflow/dags/artist_revenue.py took 0.073 seconds
[2023-09-15T13:49:15.672+0000] {processor.py:157} INFO - Started process (PID=1749) to work on /opt/airflow/dags/artist_revenue.py
[2023-09-15T13:49:15.673+0000] {processor.py:829} INFO - Processing file /opt/airflow/dags/artist_revenue.py for tasks to queue
[2023-09-15T13:49:15.674+0000] {logging_mixin.py:151} INFO - [2023-09-15T13:49:15.674+0000] {dagbag.py:539} INFO - Filling up the DagBag from /opt/airflow/dags/artist_revenue.py
[2023-09-15T13:49:15.692+0000] {processor.py:839} INFO - DAG(s) dict_keys(['artis_revenue']) retrieved from /opt/airflow/dags/artist_revenue.py
[2023-09-15T13:49:15.703+0000] {logging_mixin.py:151} INFO - [2023-09-15T13:49:15.703+0000] {dag.py:2907} INFO - Sync 1 DAGs
[2023-09-15T13:49:15.716+0000] {logging_mixin.py:151} INFO - [2023-09-15T13:49:15.716+0000] {dag.py:3677} INFO - Setting next_dagrun for artis_revenue to 2023-09-15T00:00:00+00:00, run_after=2023-09-16T00:00:00+00:00
[2023-09-15T13:49:15.731+0000] {processor.py:179} INFO - Processing /opt/airflow/dags/artist_revenue.py took 0.060 seconds
[2023-09-15T13:49:46.026+0000] {processor.py:157} INFO - Started process (PID=1807) to work on /opt/airflow/dags/artist_revenue.py
[2023-09-15T13:49:46.027+0000] {processor.py:829} INFO - Processing file /opt/airflow/dags/artist_revenue.py for tasks to queue
[2023-09-15T13:49:46.029+0000] {logging_mixin.py:151} INFO - [2023-09-15T13:49:46.028+0000] {dagbag.py:539} INFO - Filling up the DagBag from /opt/airflow/dags/artist_revenue.py
[2023-09-15T13:49:46.047+0000] {processor.py:839} INFO - DAG(s) dict_keys(['artis_revenue']) retrieved from /opt/airflow/dags/artist_revenue.py
[2023-09-15T13:49:46.061+0000] {logging_mixin.py:151} INFO - [2023-09-15T13:49:46.061+0000] {dag.py:2907} INFO - Sync 1 DAGs
[2023-09-15T13:49:46.078+0000] {logging_mixin.py:151} INFO - [2023-09-15T13:49:46.078+0000] {dag.py:3677} INFO - Setting next_dagrun for artis_revenue to 2023-09-15T00:00:00+00:00, run_after=2023-09-16T00:00:00+00:00
[2023-09-15T13:49:46.094+0000] {processor.py:179} INFO - Processing /opt/airflow/dags/artist_revenue.py took 0.069 seconds
[2023-09-15T13:50:16.387+0000] {processor.py:157} INFO - Started process (PID=1865) to work on /opt/airflow/dags/artist_revenue.py
[2023-09-15T13:50:16.387+0000] {processor.py:829} INFO - Processing file /opt/airflow/dags/artist_revenue.py for tasks to queue
[2023-09-15T13:50:16.389+0000] {logging_mixin.py:151} INFO - [2023-09-15T13:50:16.389+0000] {dagbag.py:539} INFO - Filling up the DagBag from /opt/airflow/dags/artist_revenue.py
[2023-09-15T13:50:16.406+0000] {processor.py:839} INFO - DAG(s) dict_keys(['artis_revenue']) retrieved from /opt/airflow/dags/artist_revenue.py
[2023-09-15T13:50:16.416+0000] {logging_mixin.py:151} INFO - [2023-09-15T13:50:16.416+0000] {dag.py:2907} INFO - Sync 1 DAGs
[2023-09-15T13:50:16.430+0000] {logging_mixin.py:151} INFO - [2023-09-15T13:50:16.430+0000] {dag.py:3677} INFO - Setting next_dagrun for artis_revenue to 2023-09-15T00:00:00+00:00, run_after=2023-09-16T00:00:00+00:00
[2023-09-15T13:50:16.449+0000] {processor.py:179} INFO - Processing /opt/airflow/dags/artist_revenue.py took 0.065 seconds
