[2023-09-15T13:34:34.501+0000] {processor.py:157} INFO - Started process (PID=47) to work on /opt/airflow/dags/transactions.py
[2023-09-15T13:34:34.501+0000] {processor.py:829} INFO - Processing file /opt/airflow/dags/transactions.py for tasks to queue
[2023-09-15T13:34:34.503+0000] {logging_mixin.py:151} INFO - [2023-09-15T13:34:34.503+0000] {dagbag.py:539} INFO - Filling up the DagBag from /opt/airflow/dags/transactions.py
[2023-09-15T13:34:34.522+0000] {processor.py:839} INFO - DAG(s) dict_keys(['transactions']) retrieved from /opt/airflow/dags/transactions.py
[2023-09-15T13:34:34.537+0000] {logging_mixin.py:151} INFO - [2023-09-15T13:34:34.537+0000] {dag.py:2907} INFO - Sync 1 DAGs
[2023-09-15T13:34:34.558+0000] {logging_mixin.py:151} INFO - [2023-09-15T13:34:34.558+0000] {dag.py:3677} INFO - Setting next_dagrun for transactions to 2023-09-15T08:00:00+00:00, run_after=2023-09-15T11:00:00+00:00
[2023-09-15T13:34:34.787+0000] {processor.py:179} INFO - Processing /opt/airflow/dags/transactions.py took 0.288 seconds
[2023-09-15T13:35:04.876+0000] {processor.py:157} INFO - Started process (PID=125) to work on /opt/airflow/dags/transactions.py
[2023-09-15T13:35:04.877+0000] {processor.py:829} INFO - Processing file /opt/airflow/dags/transactions.py for tasks to queue
[2023-09-15T13:35:04.879+0000] {logging_mixin.py:151} INFO - [2023-09-15T13:35:04.878+0000] {dagbag.py:539} INFO - Filling up the DagBag from /opt/airflow/dags/transactions.py
[2023-09-15T13:35:04.892+0000] {processor.py:839} INFO - DAG(s) dict_keys(['transactions']) retrieved from /opt/airflow/dags/transactions.py
[2023-09-15T13:35:04.904+0000] {logging_mixin.py:151} INFO - [2023-09-15T13:35:04.903+0000] {dag.py:2907} INFO - Sync 1 DAGs
[2023-09-15T13:35:04.998+0000] {logging_mixin.py:151} INFO - [2023-09-15T13:35:04.998+0000] {dag.py:3677} INFO - Setting next_dagrun for transactions to 2023-09-15T11:00:00+00:00, run_after=2023-09-15T14:00:00+00:00
[2023-09-15T13:35:05.011+0000] {processor.py:179} INFO - Processing /opt/airflow/dags/transactions.py took 0.137 seconds
[2023-09-15T13:35:35.941+0000] {processor.py:157} INFO - Started process (PID=183) to work on /opt/airflow/dags/transactions.py
[2023-09-15T13:35:35.942+0000] {processor.py:829} INFO - Processing file /opt/airflow/dags/transactions.py for tasks to queue
[2023-09-15T13:35:35.943+0000] {logging_mixin.py:151} INFO - [2023-09-15T13:35:35.943+0000] {dagbag.py:539} INFO - Filling up the DagBag from /opt/airflow/dags/transactions.py
[2023-09-15T13:35:35.959+0000] {processor.py:839} INFO - DAG(s) dict_keys(['transactions']) retrieved from /opt/airflow/dags/transactions.py
[2023-09-15T13:35:35.971+0000] {logging_mixin.py:151} INFO - [2023-09-15T13:35:35.971+0000] {dag.py:2907} INFO - Sync 1 DAGs
[2023-09-15T13:35:35.986+0000] {logging_mixin.py:151} INFO - [2023-09-15T13:35:35.986+0000] {dag.py:3677} INFO - Setting next_dagrun for transactions to 2023-09-15T11:00:00+00:00, run_after=2023-09-15T14:00:00+00:00
[2023-09-15T13:35:35.999+0000] {processor.py:179} INFO - Processing /opt/airflow/dags/transactions.py took 0.060 seconds
[2023-09-15T13:36:06.238+0000] {processor.py:157} INFO - Started process (PID=241) to work on /opt/airflow/dags/transactions.py
[2023-09-15T13:36:06.239+0000] {processor.py:829} INFO - Processing file /opt/airflow/dags/transactions.py for tasks to queue
[2023-09-15T13:36:06.240+0000] {logging_mixin.py:151} INFO - [2023-09-15T13:36:06.240+0000] {dagbag.py:539} INFO - Filling up the DagBag from /opt/airflow/dags/transactions.py
[2023-09-15T13:36:06.257+0000] {processor.py:839} INFO - DAG(s) dict_keys(['transactions']) retrieved from /opt/airflow/dags/transactions.py
[2023-09-15T13:36:06.270+0000] {logging_mixin.py:151} INFO - [2023-09-15T13:36:06.270+0000] {dag.py:2907} INFO - Sync 1 DAGs
[2023-09-15T13:36:06.287+0000] {logging_mixin.py:151} INFO - [2023-09-15T13:36:06.286+0000] {dag.py:3677} INFO - Setting next_dagrun for transactions to 2023-09-15T11:00:00+00:00, run_after=2023-09-15T14:00:00+00:00
[2023-09-15T13:36:06.304+0000] {processor.py:179} INFO - Processing /opt/airflow/dags/transactions.py took 0.067 seconds
[2023-09-15T13:36:36.563+0000] {processor.py:157} INFO - Started process (PID=299) to work on /opt/airflow/dags/transactions.py
[2023-09-15T13:36:36.564+0000] {processor.py:829} INFO - Processing file /opt/airflow/dags/transactions.py for tasks to queue
[2023-09-15T13:36:36.565+0000] {logging_mixin.py:151} INFO - [2023-09-15T13:36:36.565+0000] {dagbag.py:539} INFO - Filling up the DagBag from /opt/airflow/dags/transactions.py
[2023-09-15T13:36:36.582+0000] {processor.py:839} INFO - DAG(s) dict_keys(['transactions']) retrieved from /opt/airflow/dags/transactions.py
[2023-09-15T13:36:36.594+0000] {logging_mixin.py:151} INFO - [2023-09-15T13:36:36.594+0000] {dag.py:2907} INFO - Sync 1 DAGs
[2023-09-15T13:36:36.609+0000] {logging_mixin.py:151} INFO - [2023-09-15T13:36:36.609+0000] {dag.py:3677} INFO - Setting next_dagrun for transactions to 2023-09-15T11:00:00+00:00, run_after=2023-09-15T14:00:00+00:00
[2023-09-15T13:36:36.622+0000] {processor.py:179} INFO - Processing /opt/airflow/dags/transactions.py took 0.062 seconds
[2023-09-15T13:37:06.916+0000] {processor.py:157} INFO - Started process (PID=357) to work on /opt/airflow/dags/transactions.py
[2023-09-15T13:37:06.917+0000] {processor.py:829} INFO - Processing file /opt/airflow/dags/transactions.py for tasks to queue
[2023-09-15T13:37:06.918+0000] {logging_mixin.py:151} INFO - [2023-09-15T13:37:06.918+0000] {dagbag.py:539} INFO - Filling up the DagBag from /opt/airflow/dags/transactions.py
[2023-09-15T13:37:06.937+0000] {processor.py:839} INFO - DAG(s) dict_keys(['transactions']) retrieved from /opt/airflow/dags/transactions.py
[2023-09-15T13:37:06.949+0000] {logging_mixin.py:151} INFO - [2023-09-15T13:37:06.949+0000] {dag.py:2907} INFO - Sync 1 DAGs
[2023-09-15T13:37:06.965+0000] {logging_mixin.py:151} INFO - [2023-09-15T13:37:06.965+0000] {dag.py:3677} INFO - Setting next_dagrun for transactions to 2023-09-15T11:00:00+00:00, run_after=2023-09-15T14:00:00+00:00
[2023-09-15T13:37:06.980+0000] {processor.py:179} INFO - Processing /opt/airflow/dags/transactions.py took 0.066 seconds
[2023-09-15T13:37:37.195+0000] {processor.py:157} INFO - Started process (PID=415) to work on /opt/airflow/dags/transactions.py
[2023-09-15T13:37:37.196+0000] {processor.py:829} INFO - Processing file /opt/airflow/dags/transactions.py for tasks to queue
[2023-09-15T13:37:37.197+0000] {logging_mixin.py:151} INFO - [2023-09-15T13:37:37.197+0000] {dagbag.py:539} INFO - Filling up the DagBag from /opt/airflow/dags/transactions.py
[2023-09-15T13:37:37.215+0000] {processor.py:839} INFO - DAG(s) dict_keys(['transactions']) retrieved from /opt/airflow/dags/transactions.py
[2023-09-15T13:37:37.226+0000] {logging_mixin.py:151} INFO - [2023-09-15T13:37:37.226+0000] {dag.py:2907} INFO - Sync 1 DAGs
[2023-09-15T13:37:37.243+0000] {logging_mixin.py:151} INFO - [2023-09-15T13:37:37.243+0000] {dag.py:3677} INFO - Setting next_dagrun for transactions to 2023-09-15T11:00:00+00:00, run_after=2023-09-15T14:00:00+00:00
[2023-09-15T13:37:37.260+0000] {processor.py:179} INFO - Processing /opt/airflow/dags/transactions.py took 0.067 seconds
[2023-09-15T13:38:07.511+0000] {processor.py:157} INFO - Started process (PID=473) to work on /opt/airflow/dags/transactions.py
[2023-09-15T13:38:07.512+0000] {processor.py:829} INFO - Processing file /opt/airflow/dags/transactions.py for tasks to queue
[2023-09-15T13:38:07.513+0000] {logging_mixin.py:151} INFO - [2023-09-15T13:38:07.513+0000] {dagbag.py:539} INFO - Filling up the DagBag from /opt/airflow/dags/transactions.py
[2023-09-15T13:38:07.530+0000] {processor.py:839} INFO - DAG(s) dict_keys(['transactions']) retrieved from /opt/airflow/dags/transactions.py
[2023-09-15T13:38:07.541+0000] {logging_mixin.py:151} INFO - [2023-09-15T13:38:07.541+0000] {dag.py:2907} INFO - Sync 1 DAGs
[2023-09-15T13:38:07.555+0000] {logging_mixin.py:151} INFO - [2023-09-15T13:38:07.555+0000] {dag.py:3677} INFO - Setting next_dagrun for transactions to 2023-09-15T11:00:00+00:00, run_after=2023-09-15T14:00:00+00:00
[2023-09-15T13:38:07.569+0000] {processor.py:179} INFO - Processing /opt/airflow/dags/transactions.py took 0.060 seconds
[2023-09-15T13:38:38.030+0000] {processor.py:157} INFO - Started process (PID=531) to work on /opt/airflow/dags/transactions.py
[2023-09-15T13:38:38.031+0000] {processor.py:829} INFO - Processing file /opt/airflow/dags/transactions.py for tasks to queue
[2023-09-15T13:38:38.032+0000] {logging_mixin.py:151} INFO - [2023-09-15T13:38:38.032+0000] {dagbag.py:539} INFO - Filling up the DagBag from /opt/airflow/dags/transactions.py
[2023-09-15T13:38:38.050+0000] {processor.py:839} INFO - DAG(s) dict_keys(['transactions']) retrieved from /opt/airflow/dags/transactions.py
[2023-09-15T13:38:38.062+0000] {logging_mixin.py:151} INFO - [2023-09-15T13:38:38.062+0000] {dag.py:2907} INFO - Sync 1 DAGs
[2023-09-15T13:38:38.077+0000] {logging_mixin.py:151} INFO - [2023-09-15T13:38:38.077+0000] {dag.py:3677} INFO - Setting next_dagrun for transactions to 2023-09-15T11:00:00+00:00, run_after=2023-09-15T14:00:00+00:00
[2023-09-15T13:38:38.091+0000] {processor.py:179} INFO - Processing /opt/airflow/dags/transactions.py took 0.063 seconds
[2023-09-15T13:39:08.527+0000] {processor.py:157} INFO - Started process (PID=589) to work on /opt/airflow/dags/transactions.py
[2023-09-15T13:39:08.528+0000] {processor.py:829} INFO - Processing file /opt/airflow/dags/transactions.py for tasks to queue
[2023-09-15T13:39:08.530+0000] {logging_mixin.py:151} INFO - [2023-09-15T13:39:08.529+0000] {dagbag.py:539} INFO - Filling up the DagBag from /opt/airflow/dags/transactions.py
[2023-09-15T13:39:08.549+0000] {processor.py:839} INFO - DAG(s) dict_keys(['transactions']) retrieved from /opt/airflow/dags/transactions.py
[2023-09-15T13:39:08.563+0000] {logging_mixin.py:151} INFO - [2023-09-15T13:39:08.563+0000] {dag.py:2907} INFO - Sync 1 DAGs
[2023-09-15T13:39:08.582+0000] {logging_mixin.py:151} INFO - [2023-09-15T13:39:08.582+0000] {dag.py:3677} INFO - Setting next_dagrun for transactions to 2023-09-15T11:00:00+00:00, run_after=2023-09-15T14:00:00+00:00
[2023-09-15T13:39:08.598+0000] {processor.py:179} INFO - Processing /opt/airflow/dags/transactions.py took 0.074 seconds
[2023-09-15T13:39:39.016+0000] {processor.py:157} INFO - Started process (PID=647) to work on /opt/airflow/dags/transactions.py
[2023-09-15T13:39:39.016+0000] {processor.py:829} INFO - Processing file /opt/airflow/dags/transactions.py for tasks to queue
[2023-09-15T13:39:39.019+0000] {logging_mixin.py:151} INFO - [2023-09-15T13:39:39.018+0000] {dagbag.py:539} INFO - Filling up the DagBag from /opt/airflow/dags/transactions.py
[2023-09-15T13:39:39.038+0000] {processor.py:839} INFO - DAG(s) dict_keys(['transactions']) retrieved from /opt/airflow/dags/transactions.py
[2023-09-15T13:39:39.169+0000] {logging_mixin.py:151} INFO - [2023-09-15T13:39:39.169+0000] {dag.py:2907} INFO - Sync 1 DAGs
[2023-09-15T13:39:39.188+0000] {logging_mixin.py:151} INFO - [2023-09-15T13:39:39.188+0000] {dag.py:3677} INFO - Setting next_dagrun for transactions to 2023-09-15T11:00:00+00:00, run_after=2023-09-15T14:00:00+00:00
[2023-09-15T13:39:39.200+0000] {processor.py:179} INFO - Processing /opt/airflow/dags/transactions.py took 0.186 seconds
[2023-09-15T13:40:09.441+0000] {processor.py:157} INFO - Started process (PID=705) to work on /opt/airflow/dags/transactions.py
[2023-09-15T13:40:09.442+0000] {processor.py:829} INFO - Processing file /opt/airflow/dags/transactions.py for tasks to queue
[2023-09-15T13:40:09.443+0000] {logging_mixin.py:151} INFO - [2023-09-15T13:40:09.443+0000] {dagbag.py:539} INFO - Filling up the DagBag from /opt/airflow/dags/transactions.py
[2023-09-15T13:40:09.464+0000] {processor.py:839} INFO - DAG(s) dict_keys(['transactions']) retrieved from /opt/airflow/dags/transactions.py
[2023-09-15T13:40:09.476+0000] {logging_mixin.py:151} INFO - [2023-09-15T13:40:09.476+0000] {dag.py:2907} INFO - Sync 1 DAGs
[2023-09-15T13:40:09.491+0000] {logging_mixin.py:151} INFO - [2023-09-15T13:40:09.491+0000] {dag.py:3677} INFO - Setting next_dagrun for transactions to 2023-09-15T11:00:00+00:00, run_after=2023-09-15T14:00:00+00:00
[2023-09-15T13:40:09.505+0000] {processor.py:179} INFO - Processing /opt/airflow/dags/transactions.py took 0.065 seconds
[2023-09-15T13:40:39.977+0000] {processor.py:157} INFO - Started process (PID=763) to work on /opt/airflow/dags/transactions.py
[2023-09-15T13:40:39.978+0000] {processor.py:829} INFO - Processing file /opt/airflow/dags/transactions.py for tasks to queue
[2023-09-15T13:40:39.979+0000] {logging_mixin.py:151} INFO - [2023-09-15T13:40:39.979+0000] {dagbag.py:539} INFO - Filling up the DagBag from /opt/airflow/dags/transactions.py
[2023-09-15T13:40:39.997+0000] {processor.py:839} INFO - DAG(s) dict_keys(['transactions']) retrieved from /opt/airflow/dags/transactions.py
[2023-09-15T13:40:40.009+0000] {logging_mixin.py:151} INFO - [2023-09-15T13:40:40.009+0000] {dag.py:2907} INFO - Sync 1 DAGs
[2023-09-15T13:40:40.024+0000] {logging_mixin.py:151} INFO - [2023-09-15T13:40:40.024+0000] {dag.py:3677} INFO - Setting next_dagrun for transactions to 2023-09-15T11:00:00+00:00, run_after=2023-09-15T14:00:00+00:00
[2023-09-15T13:40:40.041+0000] {processor.py:179} INFO - Processing /opt/airflow/dags/transactions.py took 0.065 seconds
[2023-09-15T13:41:10.354+0000] {processor.py:157} INFO - Started process (PID=821) to work on /opt/airflow/dags/transactions.py
[2023-09-15T13:41:10.355+0000] {processor.py:829} INFO - Processing file /opt/airflow/dags/transactions.py for tasks to queue
[2023-09-15T13:41:10.357+0000] {logging_mixin.py:151} INFO - [2023-09-15T13:41:10.357+0000] {dagbag.py:539} INFO - Filling up the DagBag from /opt/airflow/dags/transactions.py
[2023-09-15T13:41:10.377+0000] {processor.py:839} INFO - DAG(s) dict_keys(['transactions']) retrieved from /opt/airflow/dags/transactions.py
[2023-09-15T13:41:10.389+0000] {logging_mixin.py:151} INFO - [2023-09-15T13:41:10.389+0000] {dag.py:2907} INFO - Sync 1 DAGs
[2023-09-15T13:41:10.404+0000] {logging_mixin.py:151} INFO - [2023-09-15T13:41:10.404+0000] {dag.py:3677} INFO - Setting next_dagrun for transactions to 2023-09-15T11:00:00+00:00, run_after=2023-09-15T14:00:00+00:00
[2023-09-15T13:41:10.443+0000] {processor.py:179} INFO - Processing /opt/airflow/dags/transactions.py took 0.091 seconds
[2023-09-15T13:41:40.566+0000] {processor.py:157} INFO - Started process (PID=879) to work on /opt/airflow/dags/transactions.py
[2023-09-15T13:41:40.566+0000] {processor.py:829} INFO - Processing file /opt/airflow/dags/transactions.py for tasks to queue
[2023-09-15T13:41:40.568+0000] {logging_mixin.py:151} INFO - [2023-09-15T13:41:40.568+0000] {dagbag.py:539} INFO - Filling up the DagBag from /opt/airflow/dags/transactions.py
[2023-09-15T13:41:40.586+0000] {processor.py:839} INFO - DAG(s) dict_keys(['transactions']) retrieved from /opt/airflow/dags/transactions.py
[2023-09-15T13:41:40.598+0000] {logging_mixin.py:151} INFO - [2023-09-15T13:41:40.598+0000] {dag.py:2907} INFO - Sync 1 DAGs
[2023-09-15T13:41:40.614+0000] {logging_mixin.py:151} INFO - [2023-09-15T13:41:40.614+0000] {dag.py:3677} INFO - Setting next_dagrun for transactions to 2023-09-15T11:00:00+00:00, run_after=2023-09-15T14:00:00+00:00
[2023-09-15T13:41:40.628+0000] {processor.py:179} INFO - Processing /opt/airflow/dags/transactions.py took 0.065 seconds
[2023-09-15T13:42:10.995+0000] {processor.py:157} INFO - Started process (PID=937) to work on /opt/airflow/dags/transactions.py
[2023-09-15T13:42:10.995+0000] {processor.py:829} INFO - Processing file /opt/airflow/dags/transactions.py for tasks to queue
[2023-09-15T13:42:10.997+0000] {logging_mixin.py:151} INFO - [2023-09-15T13:42:10.997+0000] {dagbag.py:539} INFO - Filling up the DagBag from /opt/airflow/dags/transactions.py
[2023-09-15T13:42:11.016+0000] {processor.py:839} INFO - DAG(s) dict_keys(['transactions']) retrieved from /opt/airflow/dags/transactions.py
[2023-09-15T13:42:11.028+0000] {logging_mixin.py:151} INFO - [2023-09-15T13:42:11.028+0000] {dag.py:2907} INFO - Sync 1 DAGs
[2023-09-15T13:42:11.043+0000] {logging_mixin.py:151} INFO - [2023-09-15T13:42:11.043+0000] {dag.py:3677} INFO - Setting next_dagrun for transactions to 2023-09-15T11:00:00+00:00, run_after=2023-09-15T14:00:00+00:00
[2023-09-15T13:42:11.057+0000] {processor.py:179} INFO - Processing /opt/airflow/dags/transactions.py took 0.065 seconds
[2023-09-15T13:42:41.439+0000] {processor.py:157} INFO - Started process (PID=995) to work on /opt/airflow/dags/transactions.py
[2023-09-15T13:42:41.439+0000] {processor.py:829} INFO - Processing file /opt/airflow/dags/transactions.py for tasks to queue
[2023-09-15T13:42:41.441+0000] {logging_mixin.py:151} INFO - [2023-09-15T13:42:41.441+0000] {dagbag.py:539} INFO - Filling up the DagBag from /opt/airflow/dags/transactions.py
[2023-09-15T13:42:41.464+0000] {processor.py:839} INFO - DAG(s) dict_keys(['transactions']) retrieved from /opt/airflow/dags/transactions.py
[2023-09-15T13:42:41.482+0000] {logging_mixin.py:151} INFO - [2023-09-15T13:42:41.482+0000] {dag.py:2907} INFO - Sync 1 DAGs
[2023-09-15T13:42:41.507+0000] {logging_mixin.py:151} INFO - [2023-09-15T13:42:41.507+0000] {dag.py:3677} INFO - Setting next_dagrun for transactions to 2023-09-15T11:00:00+00:00, run_after=2023-09-15T14:00:00+00:00
[2023-09-15T13:42:41.525+0000] {processor.py:179} INFO - Processing /opt/airflow/dags/transactions.py took 0.089 seconds
[2023-09-15T13:43:12.356+0000] {processor.py:157} INFO - Started process (PID=1053) to work on /opt/airflow/dags/transactions.py
[2023-09-15T13:43:12.357+0000] {processor.py:829} INFO - Processing file /opt/airflow/dags/transactions.py for tasks to queue
[2023-09-15T13:43:12.358+0000] {logging_mixin.py:151} INFO - [2023-09-15T13:43:12.358+0000] {dagbag.py:539} INFO - Filling up the DagBag from /opt/airflow/dags/transactions.py
[2023-09-15T13:43:12.376+0000] {processor.py:839} INFO - DAG(s) dict_keys(['transactions']) retrieved from /opt/airflow/dags/transactions.py
[2023-09-15T13:43:12.389+0000] {logging_mixin.py:151} INFO - [2023-09-15T13:43:12.388+0000] {dag.py:2907} INFO - Sync 1 DAGs
[2023-09-15T13:43:12.403+0000] {logging_mixin.py:151} INFO - [2023-09-15T13:43:12.403+0000] {dag.py:3677} INFO - Setting next_dagrun for transactions to 2023-09-15T11:00:00+00:00, run_after=2023-09-15T14:00:00+00:00
[2023-09-15T13:43:12.417+0000] {processor.py:179} INFO - Processing /opt/airflow/dags/transactions.py took 0.064 seconds
[2023-09-15T13:43:42.814+0000] {processor.py:157} INFO - Started process (PID=1111) to work on /opt/airflow/dags/transactions.py
[2023-09-15T13:43:42.815+0000] {processor.py:829} INFO - Processing file /opt/airflow/dags/transactions.py for tasks to queue
[2023-09-15T13:43:42.816+0000] {logging_mixin.py:151} INFO - [2023-09-15T13:43:42.816+0000] {dagbag.py:539} INFO - Filling up the DagBag from /opt/airflow/dags/transactions.py
[2023-09-15T13:43:42.834+0000] {processor.py:839} INFO - DAG(s) dict_keys(['transactions']) retrieved from /opt/airflow/dags/transactions.py
[2023-09-15T13:43:42.846+0000] {logging_mixin.py:151} INFO - [2023-09-15T13:43:42.845+0000] {dag.py:2907} INFO - Sync 1 DAGs
[2023-09-15T13:43:42.861+0000] {logging_mixin.py:151} INFO - [2023-09-15T13:43:42.861+0000] {dag.py:3677} INFO - Setting next_dagrun for transactions to 2023-09-15T11:00:00+00:00, run_after=2023-09-15T14:00:00+00:00
[2023-09-15T13:43:42.876+0000] {processor.py:179} INFO - Processing /opt/airflow/dags/transactions.py took 0.064 seconds
[2023-09-15T13:44:13.179+0000] {processor.py:157} INFO - Started process (PID=1169) to work on /opt/airflow/dags/transactions.py
[2023-09-15T13:44:13.180+0000] {processor.py:829} INFO - Processing file /opt/airflow/dags/transactions.py for tasks to queue
[2023-09-15T13:44:13.182+0000] {logging_mixin.py:151} INFO - [2023-09-15T13:44:13.182+0000] {dagbag.py:539} INFO - Filling up the DagBag from /opt/airflow/dags/transactions.py
[2023-09-15T13:44:13.197+0000] {processor.py:839} INFO - DAG(s) dict_keys(['transactions']) retrieved from /opt/airflow/dags/transactions.py
[2023-09-15T13:44:13.209+0000] {logging_mixin.py:151} INFO - [2023-09-15T13:44:13.209+0000] {dag.py:2907} INFO - Sync 1 DAGs
[2023-09-15T13:44:13.224+0000] {logging_mixin.py:151} INFO - [2023-09-15T13:44:13.224+0000] {dag.py:3677} INFO - Setting next_dagrun for transactions to 2023-09-15T11:00:00+00:00, run_after=2023-09-15T14:00:00+00:00
[2023-09-15T13:44:13.238+0000] {processor.py:179} INFO - Processing /opt/airflow/dags/transactions.py took 0.061 seconds
[2023-09-15T13:44:43.558+0000] {processor.py:157} INFO - Started process (PID=1227) to work on /opt/airflow/dags/transactions.py
[2023-09-15T13:44:43.559+0000] {processor.py:829} INFO - Processing file /opt/airflow/dags/transactions.py for tasks to queue
[2023-09-15T13:44:43.561+0000] {logging_mixin.py:151} INFO - [2023-09-15T13:44:43.561+0000] {dagbag.py:539} INFO - Filling up the DagBag from /opt/airflow/dags/transactions.py
[2023-09-15T13:44:43.579+0000] {processor.py:839} INFO - DAG(s) dict_keys(['transactions']) retrieved from /opt/airflow/dags/transactions.py
[2023-09-15T13:44:43.591+0000] {logging_mixin.py:151} INFO - [2023-09-15T13:44:43.591+0000] {dag.py:2907} INFO - Sync 1 DAGs
[2023-09-15T13:44:43.606+0000] {logging_mixin.py:151} INFO - [2023-09-15T13:44:43.606+0000] {dag.py:3677} INFO - Setting next_dagrun for transactions to 2023-09-15T11:00:00+00:00, run_after=2023-09-15T14:00:00+00:00
[2023-09-15T13:44:43.621+0000] {processor.py:179} INFO - Processing /opt/airflow/dags/transactions.py took 0.065 seconds
[2023-09-15T13:45:13.845+0000] {processor.py:157} INFO - Started process (PID=1285) to work on /opt/airflow/dags/transactions.py
[2023-09-15T13:45:13.846+0000] {processor.py:829} INFO - Processing file /opt/airflow/dags/transactions.py for tasks to queue
[2023-09-15T13:45:13.847+0000] {logging_mixin.py:151} INFO - [2023-09-15T13:45:13.847+0000] {dagbag.py:539} INFO - Filling up the DagBag from /opt/airflow/dags/transactions.py
[2023-09-15T13:45:13.862+0000] {processor.py:839} INFO - DAG(s) dict_keys(['transactions']) retrieved from /opt/airflow/dags/transactions.py
[2023-09-15T13:45:13.874+0000] {logging_mixin.py:151} INFO - [2023-09-15T13:45:13.874+0000] {dag.py:2907} INFO - Sync 1 DAGs
[2023-09-15T13:45:13.890+0000] {logging_mixin.py:151} INFO - [2023-09-15T13:45:13.890+0000] {dag.py:3677} INFO - Setting next_dagrun for transactions to 2023-09-15T11:00:00+00:00, run_after=2023-09-15T14:00:00+00:00
[2023-09-15T13:45:13.903+0000] {processor.py:179} INFO - Processing /opt/airflow/dags/transactions.py took 0.060 seconds
[2023-09-15T13:45:44.097+0000] {processor.py:157} INFO - Started process (PID=1343) to work on /opt/airflow/dags/transactions.py
[2023-09-15T13:45:44.097+0000] {processor.py:829} INFO - Processing file /opt/airflow/dags/transactions.py for tasks to queue
[2023-09-15T13:45:44.099+0000] {logging_mixin.py:151} INFO - [2023-09-15T13:45:44.099+0000] {dagbag.py:539} INFO - Filling up the DagBag from /opt/airflow/dags/transactions.py
[2023-09-15T13:45:44.120+0000] {processor.py:839} INFO - DAG(s) dict_keys(['transactions']) retrieved from /opt/airflow/dags/transactions.py
[2023-09-15T13:45:44.132+0000] {logging_mixin.py:151} INFO - [2023-09-15T13:45:44.132+0000] {dag.py:2907} INFO - Sync 1 DAGs
[2023-09-15T13:45:44.148+0000] {logging_mixin.py:151} INFO - [2023-09-15T13:45:44.148+0000] {dag.py:3677} INFO - Setting next_dagrun for transactions to 2023-09-15T11:00:00+00:00, run_after=2023-09-15T14:00:00+00:00
[2023-09-15T13:45:44.162+0000] {processor.py:179} INFO - Processing /opt/airflow/dags/transactions.py took 0.068 seconds
[2023-09-15T13:46:14.469+0000] {processor.py:157} INFO - Started process (PID=1401) to work on /opt/airflow/dags/transactions.py
[2023-09-15T13:46:14.470+0000] {processor.py:829} INFO - Processing file /opt/airflow/dags/transactions.py for tasks to queue
[2023-09-15T13:46:14.471+0000] {logging_mixin.py:151} INFO - [2023-09-15T13:46:14.471+0000] {dagbag.py:539} INFO - Filling up the DagBag from /opt/airflow/dags/transactions.py
[2023-09-15T13:46:14.489+0000] {processor.py:839} INFO - DAG(s) dict_keys(['transactions']) retrieved from /opt/airflow/dags/transactions.py
[2023-09-15T13:46:14.500+0000] {logging_mixin.py:151} INFO - [2023-09-15T13:46:14.500+0000] {dag.py:2907} INFO - Sync 1 DAGs
[2023-09-15T13:46:14.515+0000] {logging_mixin.py:151} INFO - [2023-09-15T13:46:14.515+0000] {dag.py:3677} INFO - Setting next_dagrun for transactions to 2023-09-15T11:00:00+00:00, run_after=2023-09-15T14:00:00+00:00
[2023-09-15T13:46:14.529+0000] {processor.py:179} INFO - Processing /opt/airflow/dags/transactions.py took 0.062 seconds
[2023-09-15T13:46:44.707+0000] {processor.py:157} INFO - Started process (PID=1459) to work on /opt/airflow/dags/transactions.py
[2023-09-15T13:46:44.707+0000] {processor.py:829} INFO - Processing file /opt/airflow/dags/transactions.py for tasks to queue
[2023-09-15T13:46:44.709+0000] {logging_mixin.py:151} INFO - [2023-09-15T13:46:44.709+0000] {dagbag.py:539} INFO - Filling up the DagBag from /opt/airflow/dags/transactions.py
[2023-09-15T13:46:44.727+0000] {processor.py:839} INFO - DAG(s) dict_keys(['transactions']) retrieved from /opt/airflow/dags/transactions.py
[2023-09-15T13:46:44.740+0000] {logging_mixin.py:151} INFO - [2023-09-15T13:46:44.740+0000] {dag.py:2907} INFO - Sync 1 DAGs
[2023-09-15T13:46:44.755+0000] {logging_mixin.py:151} INFO - [2023-09-15T13:46:44.755+0000] {dag.py:3677} INFO - Setting next_dagrun for transactions to 2023-09-15T11:00:00+00:00, run_after=2023-09-15T14:00:00+00:00
[2023-09-15T13:46:44.769+0000] {processor.py:179} INFO - Processing /opt/airflow/dags/transactions.py took 0.065 seconds
[2023-09-15T13:47:15.219+0000] {processor.py:157} INFO - Started process (PID=1518) to work on /opt/airflow/dags/transactions.py
[2023-09-15T13:47:15.220+0000] {processor.py:829} INFO - Processing file /opt/airflow/dags/transactions.py for tasks to queue
[2023-09-15T13:47:15.223+0000] {logging_mixin.py:151} INFO - [2023-09-15T13:47:15.222+0000] {dagbag.py:539} INFO - Filling up the DagBag from /opt/airflow/dags/transactions.py
[2023-09-15T13:47:15.249+0000] {processor.py:839} INFO - DAG(s) dict_keys(['transactions']) retrieved from /opt/airflow/dags/transactions.py
[2023-09-15T13:47:15.264+0000] {logging_mixin.py:151} INFO - [2023-09-15T13:47:15.264+0000] {dag.py:2907} INFO - Sync 1 DAGs
[2023-09-15T13:47:15.281+0000] {logging_mixin.py:151} INFO - [2023-09-15T13:47:15.280+0000] {dag.py:3677} INFO - Setting next_dagrun for transactions to 2023-09-15T11:00:00+00:00, run_after=2023-09-15T14:00:00+00:00
[2023-09-15T13:47:15.297+0000] {processor.py:179} INFO - Processing /opt/airflow/dags/transactions.py took 0.082 seconds
[2023-09-15T13:47:45.446+0000] {processor.py:157} INFO - Started process (PID=1576) to work on /opt/airflow/dags/transactions.py
[2023-09-15T13:47:45.447+0000] {processor.py:829} INFO - Processing file /opt/airflow/dags/transactions.py for tasks to queue
[2023-09-15T13:47:45.448+0000] {logging_mixin.py:151} INFO - [2023-09-15T13:47:45.448+0000] {dagbag.py:539} INFO - Filling up the DagBag from /opt/airflow/dags/transactions.py
[2023-09-15T13:47:45.467+0000] {processor.py:839} INFO - DAG(s) dict_keys(['transactions']) retrieved from /opt/airflow/dags/transactions.py
[2023-09-15T13:47:45.480+0000] {logging_mixin.py:151} INFO - [2023-09-15T13:47:45.480+0000] {dag.py:2907} INFO - Sync 1 DAGs
[2023-09-15T13:47:45.495+0000] {logging_mixin.py:151} INFO - [2023-09-15T13:47:45.494+0000] {dag.py:3677} INFO - Setting next_dagrun for transactions to 2023-09-15T11:00:00+00:00, run_after=2023-09-15T14:00:00+00:00
[2023-09-15T13:47:45.506+0000] {processor.py:179} INFO - Processing /opt/airflow/dags/transactions.py took 0.063 seconds
[2023-09-15T13:48:15.928+0000] {processor.py:157} INFO - Started process (PID=1634) to work on /opt/airflow/dags/transactions.py
[2023-09-15T13:48:15.929+0000] {processor.py:829} INFO - Processing file /opt/airflow/dags/transactions.py for tasks to queue
[2023-09-15T13:48:15.930+0000] {logging_mixin.py:151} INFO - [2023-09-15T13:48:15.930+0000] {dagbag.py:539} INFO - Filling up the DagBag from /opt/airflow/dags/transactions.py
[2023-09-15T13:48:15.948+0000] {processor.py:839} INFO - DAG(s) dict_keys(['transactions']) retrieved from /opt/airflow/dags/transactions.py
[2023-09-15T13:48:15.959+0000] {logging_mixin.py:151} INFO - [2023-09-15T13:48:15.959+0000] {dag.py:2907} INFO - Sync 1 DAGs
[2023-09-15T13:48:15.975+0000] {logging_mixin.py:151} INFO - [2023-09-15T13:48:15.974+0000] {dag.py:3677} INFO - Setting next_dagrun for transactions to 2023-09-15T11:00:00+00:00, run_after=2023-09-15T14:00:00+00:00
[2023-09-15T13:48:15.989+0000] {processor.py:179} INFO - Processing /opt/airflow/dags/transactions.py took 0.063 seconds
[2023-09-15T13:48:46.214+0000] {processor.py:157} INFO - Started process (PID=1692) to work on /opt/airflow/dags/transactions.py
[2023-09-15T13:48:46.215+0000] {processor.py:829} INFO - Processing file /opt/airflow/dags/transactions.py for tasks to queue
[2023-09-15T13:48:46.216+0000] {logging_mixin.py:151} INFO - [2023-09-15T13:48:46.216+0000] {dagbag.py:539} INFO - Filling up the DagBag from /opt/airflow/dags/transactions.py
[2023-09-15T13:48:46.235+0000] {processor.py:839} INFO - DAG(s) dict_keys(['transactions']) retrieved from /opt/airflow/dags/transactions.py
[2023-09-15T13:48:46.247+0000] {logging_mixin.py:151} INFO - [2023-09-15T13:48:46.247+0000] {dag.py:2907} INFO - Sync 1 DAGs
[2023-09-15T13:48:46.262+0000] {logging_mixin.py:151} INFO - [2023-09-15T13:48:46.262+0000] {dag.py:3677} INFO - Setting next_dagrun for transactions to 2023-09-15T11:00:00+00:00, run_after=2023-09-15T14:00:00+00:00
[2023-09-15T13:48:46.276+0000] {processor.py:179} INFO - Processing /opt/airflow/dags/transactions.py took 0.064 seconds
[2023-09-15T13:49:16.690+0000] {processor.py:157} INFO - Started process (PID=1750) to work on /opt/airflow/dags/transactions.py
[2023-09-15T13:49:16.691+0000] {processor.py:829} INFO - Processing file /opt/airflow/dags/transactions.py for tasks to queue
[2023-09-15T13:49:16.693+0000] {logging_mixin.py:151} INFO - [2023-09-15T13:49:16.693+0000] {dagbag.py:539} INFO - Filling up the DagBag from /opt/airflow/dags/transactions.py
[2023-09-15T13:49:16.710+0000] {processor.py:839} INFO - DAG(s) dict_keys(['transactions']) retrieved from /opt/airflow/dags/transactions.py
[2023-09-15T13:49:16.722+0000] {logging_mixin.py:151} INFO - [2023-09-15T13:49:16.722+0000] {dag.py:2907} INFO - Sync 1 DAGs
[2023-09-15T13:49:16.738+0000] {logging_mixin.py:151} INFO - [2023-09-15T13:49:16.738+0000] {dag.py:3677} INFO - Setting next_dagrun for transactions to 2023-09-15T11:00:00+00:00, run_after=2023-09-15T14:00:00+00:00
[2023-09-15T13:49:16.753+0000] {processor.py:179} INFO - Processing /opt/airflow/dags/transactions.py took 0.066 seconds
[2023-09-15T13:49:47.043+0000] {processor.py:157} INFO - Started process (PID=1808) to work on /opt/airflow/dags/transactions.py
[2023-09-15T13:49:47.043+0000] {processor.py:829} INFO - Processing file /opt/airflow/dags/transactions.py for tasks to queue
[2023-09-15T13:49:47.045+0000] {logging_mixin.py:151} INFO - [2023-09-15T13:49:47.045+0000] {dagbag.py:539} INFO - Filling up the DagBag from /opt/airflow/dags/transactions.py
[2023-09-15T13:49:47.063+0000] {processor.py:839} INFO - DAG(s) dict_keys(['transactions']) retrieved from /opt/airflow/dags/transactions.py
[2023-09-15T13:49:47.074+0000] {logging_mixin.py:151} INFO - [2023-09-15T13:49:47.074+0000] {dag.py:2907} INFO - Sync 1 DAGs
[2023-09-15T13:49:47.090+0000] {logging_mixin.py:151} INFO - [2023-09-15T13:49:47.089+0000] {dag.py:3677} INFO - Setting next_dagrun for transactions to 2023-09-15T11:00:00+00:00, run_after=2023-09-15T14:00:00+00:00
[2023-09-15T13:49:47.107+0000] {processor.py:179} INFO - Processing /opt/airflow/dags/transactions.py took 0.066 seconds
[2023-09-15T13:50:17.404+0000] {processor.py:157} INFO - Started process (PID=1866) to work on /opt/airflow/dags/transactions.py
[2023-09-15T13:50:17.405+0000] {processor.py:829} INFO - Processing file /opt/airflow/dags/transactions.py for tasks to queue
[2023-09-15T13:50:17.406+0000] {logging_mixin.py:151} INFO - [2023-09-15T13:50:17.406+0000] {dagbag.py:539} INFO - Filling up the DagBag from /opt/airflow/dags/transactions.py
[2023-09-15T13:50:17.425+0000] {processor.py:839} INFO - DAG(s) dict_keys(['transactions']) retrieved from /opt/airflow/dags/transactions.py
[2023-09-15T13:50:17.437+0000] {logging_mixin.py:151} INFO - [2023-09-15T13:50:17.437+0000] {dag.py:2907} INFO - Sync 1 DAGs
[2023-09-15T13:50:17.452+0000] {logging_mixin.py:151} INFO - [2023-09-15T13:50:17.452+0000] {dag.py:3677} INFO - Setting next_dagrun for transactions to 2023-09-15T11:00:00+00:00, run_after=2023-09-15T14:00:00+00:00
[2023-09-15T13:50:17.470+0000] {processor.py:179} INFO - Processing /opt/airflow/dags/transactions.py took 0.067 seconds
