[2023-09-13T14:46:34.820+0000] {taskinstance.py:1159} INFO - Dependencies all met for dep_context=non-requeueable deps ti=<TaskInstance: business_question.insert_into_artist_earnings manual__2023-09-13T14:46:31.307197+00:00 [queued]>
[2023-09-13T14:46:34.826+0000] {taskinstance.py:1159} INFO - Dependencies all met for dep_context=requeueable deps ti=<TaskInstance: business_question.insert_into_artist_earnings manual__2023-09-13T14:46:31.307197+00:00 [queued]>
[2023-09-13T14:46:34.826+0000] {taskinstance.py:1361} INFO - Starting attempt 1 of 2
[2023-09-13T14:46:34.838+0000] {taskinstance.py:1382} INFO - Executing <Task(GenericTransfer): insert_into_artist_earnings> on 2023-09-13 14:46:31.307197+00:00
[2023-09-13T14:46:34.842+0000] {standard_task_runner.py:57} INFO - Started process 2450 to run task
[2023-09-13T14:46:34.845+0000] {standard_task_runner.py:84} INFO - Running: ['***', 'tasks', 'run', 'business_question', 'insert_into_artist_earnings', 'manual__2023-09-13T14:46:31.307197+00:00', '--job-id', '170', '--raw', '--subdir', 'DAGS_FOLDER/business_question.py', '--cfg-path', '/tmp/tmpg7bjwq1o']
[2023-09-13T14:46:34.847+0000] {standard_task_runner.py:85} INFO - Job 170: Subtask insert_into_artist_earnings
[2023-09-13T14:46:34.875+0000] {task_command.py:415} INFO - Running <TaskInstance: business_question.insert_into_artist_earnings manual__2023-09-13T14:46:31.307197+00:00 [running]> on host bdff3168b881
[2023-09-13T14:46:34.926+0000] {taskinstance.py:1660} INFO - Exporting env vars: AIRFLOW_CTX_DAG_OWNER='Aditiya Rahman' AIRFLOW_CTX_DAG_ID='business_question' AIRFLOW_CTX_TASK_ID='insert_into_artist_earnings' AIRFLOW_CTX_EXECUTION_DATE='2023-09-13T14:46:31.307197+00:00' AIRFLOW_CTX_TRY_NUMBER='1' AIRFLOW_CTX_DAG_RUN_ID='manual__2023-09-13T14:46:31.307197+00:00'
[2023-09-13T14:46:34.931+0000] {base.py:73} INFO - Using connection ID 'datawarehouse' for task execution.
[2023-09-13T14:46:34.941+0000] {base.py:73} INFO - Using connection ID 'datamart' for task execution.
[2023-09-13T14:46:34.942+0000] {generic_transfer.py:77} INFO - Extracting data from datawarehouse
[2023-09-13T14:46:34.942+0000] {generic_transfer.py:78} INFO - Executing: 
 
SELECT "ArtistId", "ArtistName", SUM("TotalPrice") AS "Earnings"
FROM "artist_revenue"
GROUP BY "ArtistId", "ArtistName"
ORDER BY "Earnings" DESC
[2023-09-13T14:46:34.945+0000] {base.py:73} INFO - Using connection ID 'datawarehouse' for task execution.
[2023-09-13T14:46:34.948+0000] {sql.py:418} INFO - Running statement: 
SELECT "ArtistId", "ArtistName", SUM("TotalPrice") AS "Earnings"
FROM "artist_revenue"
GROUP BY "ArtistId", "ArtistName"
ORDER BY "Earnings" DESC, parameters: None
[2023-09-13T14:46:34.949+0000] {sql.py:427} INFO - Rows affected: 165
[2023-09-13T14:46:34.950+0000] {generic_transfer.py:95} INFO - Running preoperator
[2023-09-13T14:46:34.950+0000] {generic_transfer.py:96} INFO - ['DROP TABLE IF EXISTS artist_earnings', '\n        CREATE TABLE artist_earnings (\n        "ArtistId" INT NOT NULL,\n        "ArtistName" VARCHAR(120),\n        "Earnings" NUMERIC(10,2) NOT NULL\n        )\n        ']
[2023-09-13T14:46:34.953+0000] {base.py:73} INFO - Using connection ID 'datamart' for task execution.
[2023-09-13T14:46:34.955+0000] {sql.py:418} INFO - Running statement: DROP TABLE IF EXISTS artist_earnings, parameters: None
[2023-09-13T14:46:34.956+0000] {sql.py:418} INFO - Running statement: 
        CREATE TABLE artist_earnings (
        "ArtistId" INT NOT NULL,
        "ArtistName" VARCHAR(120),
        "Earnings" NUMERIC(10,2) NOT NULL
        )
        , parameters: None
[2023-09-13T14:46:34.960+0000] {generic_transfer.py:105} INFO - Inserting rows into datamart
[2023-09-13T14:46:34.963+0000] {base.py:73} INFO - Using connection ID 'datamart' for task execution.
[2023-09-13T14:46:34.985+0000] {sql.py:515} INFO - Done loading. Loaded a total of 165 rows into artist_earnings
[2023-09-13T14:46:34.991+0000] {taskinstance.py:1400} INFO - Marking task as SUCCESS. dag_id=business_question, task_id=insert_into_artist_earnings, execution_date=20230913T144631, start_date=20230913T144634, end_date=20230913T144634
[2023-09-13T14:46:35.016+0000] {local_task_job_runner.py:228} INFO - Task exited with return code 0
[2023-09-13T14:46:35.030+0000] {taskinstance.py:2784} INFO - 1 downstream tasks scheduled from follow-on schedule check
