[2023-09-09T13:55:44.133+0000] {processor.py:157} INFO - Started process (PID=68) to work on /home/airflow/.local/lib/python3.8/site-packages/airflow/example_dags/example_dag_decorator.py
[2023-09-09T13:55:44.133+0000] {processor.py:829} INFO - Processing file /home/airflow/.local/lib/python3.8/site-packages/airflow/example_dags/example_dag_decorator.py for tasks to queue
[2023-09-09T13:55:44.134+0000] {logging_mixin.py:151} INFO - [2023-09-09T13:55:44.134+0000] {dagbag.py:539} INFO - Filling up the DagBag from /home/airflow/.local/lib/python3.8/site-packages/airflow/example_dags/example_dag_decorator.py
[2023-09-09T13:55:44.295+0000] {processor.py:839} INFO - DAG(s) dict_keys(['example_dag_decorator']) retrieved from /home/airflow/.local/lib/python3.8/site-packages/airflow/example_dags/example_dag_decorator.py
[2023-09-09T13:55:44.367+0000] {logging_mixin.py:151} INFO - [2023-09-09T13:55:44.367+0000] {dag.py:2907} INFO - Sync 1 DAGs
[2023-09-09T13:55:44.375+0000] {logging_mixin.py:151} INFO - [2023-09-09T13:55:44.375+0000] {dag.py:3677} INFO - Setting next_dagrun for example_dag_decorator to None, run_after=None
[2023-09-09T13:55:44.388+0000] {processor.py:179} INFO - Processing /home/airflow/.local/lib/python3.8/site-packages/airflow/example_dags/example_dag_decorator.py took 0.257 seconds
[2023-09-09T13:56:15.276+0000] {processor.py:157} INFO - Started process (PID=123) to work on /home/airflow/.local/lib/python3.8/site-packages/airflow/example_dags/example_dag_decorator.py
[2023-09-09T13:56:15.276+0000] {processor.py:829} INFO - Processing file /home/airflow/.local/lib/python3.8/site-packages/airflow/example_dags/example_dag_decorator.py for tasks to queue
[2023-09-09T13:56:15.278+0000] {logging_mixin.py:151} INFO - [2023-09-09T13:56:15.278+0000] {dagbag.py:539} INFO - Filling up the DagBag from /home/airflow/.local/lib/python3.8/site-packages/airflow/example_dags/example_dag_decorator.py
[2023-09-09T13:56:15.326+0000] {processor.py:839} INFO - DAG(s) dict_keys(['example_dag_decorator']) retrieved from /home/airflow/.local/lib/python3.8/site-packages/airflow/example_dags/example_dag_decorator.py
[2023-09-09T13:56:15.408+0000] {logging_mixin.py:151} INFO - [2023-09-09T13:56:15.408+0000] {dag.py:2907} INFO - Sync 1 DAGs
[2023-09-09T13:56:15.418+0000] {logging_mixin.py:151} INFO - [2023-09-09T13:56:15.418+0000] {dag.py:3677} INFO - Setting next_dagrun for example_dag_decorator to None, run_after=None
[2023-09-09T13:56:15.431+0000] {processor.py:179} INFO - Processing /home/airflow/.local/lib/python3.8/site-packages/airflow/example_dags/example_dag_decorator.py took 0.158 seconds
[2023-09-09T13:56:45.501+0000] {processor.py:157} INFO - Started process (PID=180) to work on /home/airflow/.local/lib/python3.8/site-packages/airflow/example_dags/example_dag_decorator.py
[2023-09-09T13:56:45.501+0000] {processor.py:829} INFO - Processing file /home/airflow/.local/lib/python3.8/site-packages/airflow/example_dags/example_dag_decorator.py for tasks to queue
[2023-09-09T13:56:45.503+0000] {logging_mixin.py:151} INFO - [2023-09-09T13:56:45.502+0000] {dagbag.py:539} INFO - Filling up the DagBag from /home/airflow/.local/lib/python3.8/site-packages/airflow/example_dags/example_dag_decorator.py
[2023-09-09T13:56:45.546+0000] {processor.py:839} INFO - DAG(s) dict_keys(['example_dag_decorator']) retrieved from /home/airflow/.local/lib/python3.8/site-packages/airflow/example_dags/example_dag_decorator.py
[2023-09-09T13:56:45.613+0000] {logging_mixin.py:151} INFO - [2023-09-09T13:56:45.613+0000] {dag.py:2907} INFO - Sync 1 DAGs
[2023-09-09T13:56:45.620+0000] {logging_mixin.py:151} INFO - [2023-09-09T13:56:45.620+0000] {dag.py:3677} INFO - Setting next_dagrun for example_dag_decorator to None, run_after=None
[2023-09-09T13:56:45.634+0000] {processor.py:179} INFO - Processing /home/airflow/.local/lib/python3.8/site-packages/airflow/example_dags/example_dag_decorator.py took 0.136 seconds
[2023-09-09T13:57:15.798+0000] {processor.py:157} INFO - Started process (PID=236) to work on /home/airflow/.local/lib/python3.8/site-packages/airflow/example_dags/example_dag_decorator.py
[2023-09-09T13:57:15.799+0000] {processor.py:829} INFO - Processing file /home/airflow/.local/lib/python3.8/site-packages/airflow/example_dags/example_dag_decorator.py for tasks to queue
[2023-09-09T13:57:15.800+0000] {logging_mixin.py:151} INFO - [2023-09-09T13:57:15.800+0000] {dagbag.py:539} INFO - Filling up the DagBag from /home/airflow/.local/lib/python3.8/site-packages/airflow/example_dags/example_dag_decorator.py
[2023-09-09T13:57:15.847+0000] {processor.py:839} INFO - DAG(s) dict_keys(['example_dag_decorator']) retrieved from /home/airflow/.local/lib/python3.8/site-packages/airflow/example_dags/example_dag_decorator.py
[2023-09-09T13:57:15.926+0000] {logging_mixin.py:151} INFO - [2023-09-09T13:57:15.926+0000] {dag.py:2907} INFO - Sync 1 DAGs
[2023-09-09T13:57:15.936+0000] {logging_mixin.py:151} INFO - [2023-09-09T13:57:15.935+0000] {dag.py:3677} INFO - Setting next_dagrun for example_dag_decorator to None, run_after=None
[2023-09-09T13:57:15.949+0000] {processor.py:179} INFO - Processing /home/airflow/.local/lib/python3.8/site-packages/airflow/example_dags/example_dag_decorator.py took 0.154 seconds
[2023-09-09T13:57:46.061+0000] {processor.py:157} INFO - Started process (PID=291) to work on /home/airflow/.local/lib/python3.8/site-packages/airflow/example_dags/example_dag_decorator.py
[2023-09-09T13:57:46.062+0000] {processor.py:829} INFO - Processing file /home/airflow/.local/lib/python3.8/site-packages/airflow/example_dags/example_dag_decorator.py for tasks to queue
[2023-09-09T13:57:46.063+0000] {logging_mixin.py:151} INFO - [2023-09-09T13:57:46.063+0000] {dagbag.py:539} INFO - Filling up the DagBag from /home/airflow/.local/lib/python3.8/site-packages/airflow/example_dags/example_dag_decorator.py
[2023-09-09T13:57:46.106+0000] {processor.py:839} INFO - DAG(s) dict_keys(['example_dag_decorator']) retrieved from /home/airflow/.local/lib/python3.8/site-packages/airflow/example_dags/example_dag_decorator.py
[2023-09-09T13:57:46.177+0000] {logging_mixin.py:151} INFO - [2023-09-09T13:57:46.177+0000] {dag.py:2907} INFO - Sync 1 DAGs
[2023-09-09T13:57:46.185+0000] {logging_mixin.py:151} INFO - [2023-09-09T13:57:46.184+0000] {dag.py:3677} INFO - Setting next_dagrun for example_dag_decorator to None, run_after=None
[2023-09-09T13:57:46.197+0000] {processor.py:179} INFO - Processing /home/airflow/.local/lib/python3.8/site-packages/airflow/example_dags/example_dag_decorator.py took 0.138 seconds
[2023-09-09T13:58:17.064+0000] {processor.py:157} INFO - Started process (PID=347) to work on /home/airflow/.local/lib/python3.8/site-packages/airflow/example_dags/example_dag_decorator.py
[2023-09-09T13:58:17.064+0000] {processor.py:829} INFO - Processing file /home/airflow/.local/lib/python3.8/site-packages/airflow/example_dags/example_dag_decorator.py for tasks to queue
[2023-09-09T13:58:17.066+0000] {logging_mixin.py:151} INFO - [2023-09-09T13:58:17.065+0000] {dagbag.py:539} INFO - Filling up the DagBag from /home/airflow/.local/lib/python3.8/site-packages/airflow/example_dags/example_dag_decorator.py
[2023-09-09T13:58:17.108+0000] {processor.py:839} INFO - DAG(s) dict_keys(['example_dag_decorator']) retrieved from /home/airflow/.local/lib/python3.8/site-packages/airflow/example_dags/example_dag_decorator.py
[2023-09-09T13:58:17.177+0000] {logging_mixin.py:151} INFO - [2023-09-09T13:58:17.177+0000] {dag.py:2907} INFO - Sync 1 DAGs
[2023-09-09T13:58:17.185+0000] {logging_mixin.py:151} INFO - [2023-09-09T13:58:17.185+0000] {dag.py:3677} INFO - Setting next_dagrun for example_dag_decorator to None, run_after=None
[2023-09-09T13:58:17.196+0000] {processor.py:179} INFO - Processing /home/airflow/.local/lib/python3.8/site-packages/airflow/example_dags/example_dag_decorator.py took 0.134 seconds
[2023-09-09T13:58:47.878+0000] {processor.py:157} INFO - Started process (PID=402) to work on /home/airflow/.local/lib/python3.8/site-packages/airflow/example_dags/example_dag_decorator.py
[2023-09-09T13:58:47.879+0000] {processor.py:829} INFO - Processing file /home/airflow/.local/lib/python3.8/site-packages/airflow/example_dags/example_dag_decorator.py for tasks to queue
[2023-09-09T13:58:47.880+0000] {logging_mixin.py:151} INFO - [2023-09-09T13:58:47.880+0000] {dagbag.py:539} INFO - Filling up the DagBag from /home/airflow/.local/lib/python3.8/site-packages/airflow/example_dags/example_dag_decorator.py
[2023-09-09T13:58:47.924+0000] {processor.py:839} INFO - DAG(s) dict_keys(['example_dag_decorator']) retrieved from /home/airflow/.local/lib/python3.8/site-packages/airflow/example_dags/example_dag_decorator.py
[2023-09-09T13:58:47.999+0000] {logging_mixin.py:151} INFO - [2023-09-09T13:58:47.999+0000] {dag.py:2907} INFO - Sync 1 DAGs
[2023-09-09T13:58:48.007+0000] {logging_mixin.py:151} INFO - [2023-09-09T13:58:48.007+0000] {dag.py:3677} INFO - Setting next_dagrun for example_dag_decorator to None, run_after=None
[2023-09-09T13:58:48.021+0000] {processor.py:179} INFO - Processing /home/airflow/.local/lib/python3.8/site-packages/airflow/example_dags/example_dag_decorator.py took 0.145 seconds
[2023-09-09T13:59:18.753+0000] {processor.py:157} INFO - Started process (PID=457) to work on /home/airflow/.local/lib/python3.8/site-packages/airflow/example_dags/example_dag_decorator.py
[2023-09-09T13:59:18.753+0000] {processor.py:829} INFO - Processing file /home/airflow/.local/lib/python3.8/site-packages/airflow/example_dags/example_dag_decorator.py for tasks to queue
[2023-09-09T13:59:18.755+0000] {logging_mixin.py:151} INFO - [2023-09-09T13:59:18.755+0000] {dagbag.py:539} INFO - Filling up the DagBag from /home/airflow/.local/lib/python3.8/site-packages/airflow/example_dags/example_dag_decorator.py
[2023-09-09T13:59:18.797+0000] {processor.py:839} INFO - DAG(s) dict_keys(['example_dag_decorator']) retrieved from /home/airflow/.local/lib/python3.8/site-packages/airflow/example_dags/example_dag_decorator.py
[2023-09-09T13:59:18.867+0000] {logging_mixin.py:151} INFO - [2023-09-09T13:59:18.867+0000] {dag.py:2907} INFO - Sync 1 DAGs
[2023-09-09T13:59:18.873+0000] {logging_mixin.py:151} INFO - [2023-09-09T13:59:18.873+0000] {dag.py:3677} INFO - Setting next_dagrun for example_dag_decorator to None, run_after=None
[2023-09-09T13:59:18.885+0000] {processor.py:179} INFO - Processing /home/airflow/.local/lib/python3.8/site-packages/airflow/example_dags/example_dag_decorator.py took 0.134 seconds
[2023-09-09T13:59:49.643+0000] {processor.py:157} INFO - Started process (PID=512) to work on /home/airflow/.local/lib/python3.8/site-packages/airflow/example_dags/example_dag_decorator.py
[2023-09-09T13:59:49.644+0000] {processor.py:829} INFO - Processing file /home/airflow/.local/lib/python3.8/site-packages/airflow/example_dags/example_dag_decorator.py for tasks to queue
[2023-09-09T13:59:49.645+0000] {logging_mixin.py:151} INFO - [2023-09-09T13:59:49.645+0000] {dagbag.py:539} INFO - Filling up the DagBag from /home/airflow/.local/lib/python3.8/site-packages/airflow/example_dags/example_dag_decorator.py
[2023-09-09T13:59:49.688+0000] {processor.py:839} INFO - DAG(s) dict_keys(['example_dag_decorator']) retrieved from /home/airflow/.local/lib/python3.8/site-packages/airflow/example_dags/example_dag_decorator.py
[2023-09-09T13:59:49.758+0000] {logging_mixin.py:151} INFO - [2023-09-09T13:59:49.758+0000] {dag.py:2907} INFO - Sync 1 DAGs
[2023-09-09T13:59:49.764+0000] {logging_mixin.py:151} INFO - [2023-09-09T13:59:49.764+0000] {dag.py:3677} INFO - Setting next_dagrun for example_dag_decorator to None, run_after=None
[2023-09-09T13:59:49.776+0000] {processor.py:179} INFO - Processing /home/airflow/.local/lib/python3.8/site-packages/airflow/example_dags/example_dag_decorator.py took 0.134 seconds
[2023-09-09T14:00:19.862+0000] {processor.py:157} INFO - Started process (PID=568) to work on /home/airflow/.local/lib/python3.8/site-packages/airflow/example_dags/example_dag_decorator.py
[2023-09-09T14:00:19.863+0000] {processor.py:829} INFO - Processing file /home/airflow/.local/lib/python3.8/site-packages/airflow/example_dags/example_dag_decorator.py for tasks to queue
[2023-09-09T14:00:19.864+0000] {logging_mixin.py:151} INFO - [2023-09-09T14:00:19.864+0000] {dagbag.py:539} INFO - Filling up the DagBag from /home/airflow/.local/lib/python3.8/site-packages/airflow/example_dags/example_dag_decorator.py
[2023-09-09T14:00:19.907+0000] {processor.py:839} INFO - DAG(s) dict_keys(['example_dag_decorator']) retrieved from /home/airflow/.local/lib/python3.8/site-packages/airflow/example_dags/example_dag_decorator.py
[2023-09-09T14:00:19.972+0000] {logging_mixin.py:151} INFO - [2023-09-09T14:00:19.972+0000] {dag.py:2907} INFO - Sync 1 DAGs
[2023-09-09T14:00:19.979+0000] {logging_mixin.py:151} INFO - [2023-09-09T14:00:19.979+0000] {dag.py:3677} INFO - Setting next_dagrun for example_dag_decorator to None, run_after=None
[2023-09-09T14:00:19.990+0000] {processor.py:179} INFO - Processing /home/airflow/.local/lib/python3.8/site-packages/airflow/example_dags/example_dag_decorator.py took 0.130 seconds
[2023-09-09T14:00:50.072+0000] {processor.py:157} INFO - Started process (PID=622) to work on /home/airflow/.local/lib/python3.8/site-packages/airflow/example_dags/example_dag_decorator.py
[2023-09-09T14:00:50.072+0000] {processor.py:829} INFO - Processing file /home/airflow/.local/lib/python3.8/site-packages/airflow/example_dags/example_dag_decorator.py for tasks to queue
[2023-09-09T14:00:50.074+0000] {logging_mixin.py:151} INFO - [2023-09-09T14:00:50.074+0000] {dagbag.py:539} INFO - Filling up the DagBag from /home/airflow/.local/lib/python3.8/site-packages/airflow/example_dags/example_dag_decorator.py
[2023-09-09T14:00:50.117+0000] {processor.py:839} INFO - DAG(s) dict_keys(['example_dag_decorator']) retrieved from /home/airflow/.local/lib/python3.8/site-packages/airflow/example_dags/example_dag_decorator.py
[2023-09-09T14:00:50.185+0000] {logging_mixin.py:151} INFO - [2023-09-09T14:00:50.184+0000] {dag.py:2907} INFO - Sync 1 DAGs
[2023-09-09T14:00:50.191+0000] {logging_mixin.py:151} INFO - [2023-09-09T14:00:50.191+0000] {dag.py:3677} INFO - Setting next_dagrun for example_dag_decorator to None, run_after=None
[2023-09-09T14:00:50.205+0000] {processor.py:179} INFO - Processing /home/airflow/.local/lib/python3.8/site-packages/airflow/example_dags/example_dag_decorator.py took 0.135 seconds
[2023-09-09T14:01:20.291+0000] {processor.py:157} INFO - Started process (PID=678) to work on /home/airflow/.local/lib/python3.8/site-packages/airflow/example_dags/example_dag_decorator.py
[2023-09-09T14:01:20.291+0000] {processor.py:829} INFO - Processing file /home/airflow/.local/lib/python3.8/site-packages/airflow/example_dags/example_dag_decorator.py for tasks to queue
[2023-09-09T14:01:20.293+0000] {logging_mixin.py:151} INFO - [2023-09-09T14:01:20.293+0000] {dagbag.py:539} INFO - Filling up the DagBag from /home/airflow/.local/lib/python3.8/site-packages/airflow/example_dags/example_dag_decorator.py
[2023-09-09T14:01:20.336+0000] {processor.py:839} INFO - DAG(s) dict_keys(['example_dag_decorator']) retrieved from /home/airflow/.local/lib/python3.8/site-packages/airflow/example_dags/example_dag_decorator.py
[2023-09-09T14:01:20.404+0000] {logging_mixin.py:151} INFO - [2023-09-09T14:01:20.404+0000] {dag.py:2907} INFO - Sync 1 DAGs
[2023-09-09T14:01:20.410+0000] {logging_mixin.py:151} INFO - [2023-09-09T14:01:20.410+0000] {dag.py:3677} INFO - Setting next_dagrun for example_dag_decorator to None, run_after=None
[2023-09-09T14:01:20.422+0000] {processor.py:179} INFO - Processing /home/airflow/.local/lib/python3.8/site-packages/airflow/example_dags/example_dag_decorator.py took 0.133 seconds
[2023-09-09T14:01:50.560+0000] {processor.py:157} INFO - Started process (PID=732) to work on /home/airflow/.local/lib/python3.8/site-packages/airflow/example_dags/example_dag_decorator.py
[2023-09-09T14:01:50.560+0000] {processor.py:829} INFO - Processing file /home/airflow/.local/lib/python3.8/site-packages/airflow/example_dags/example_dag_decorator.py for tasks to queue
[2023-09-09T14:01:50.562+0000] {logging_mixin.py:151} INFO - [2023-09-09T14:01:50.562+0000] {dagbag.py:539} INFO - Filling up the DagBag from /home/airflow/.local/lib/python3.8/site-packages/airflow/example_dags/example_dag_decorator.py
[2023-09-09T14:01:50.606+0000] {processor.py:839} INFO - DAG(s) dict_keys(['example_dag_decorator']) retrieved from /home/airflow/.local/lib/python3.8/site-packages/airflow/example_dags/example_dag_decorator.py
[2023-09-09T14:01:50.676+0000] {logging_mixin.py:151} INFO - [2023-09-09T14:01:50.675+0000] {dag.py:2907} INFO - Sync 1 DAGs
[2023-09-09T14:01:50.683+0000] {logging_mixin.py:151} INFO - [2023-09-09T14:01:50.683+0000] {dag.py:3677} INFO - Setting next_dagrun for example_dag_decorator to None, run_after=None
[2023-09-09T14:01:50.695+0000] {processor.py:179} INFO - Processing /home/airflow/.local/lib/python3.8/site-packages/airflow/example_dags/example_dag_decorator.py took 0.137 seconds
[2023-09-09T14:02:21.508+0000] {processor.py:157} INFO - Started process (PID=787) to work on /home/airflow/.local/lib/python3.8/site-packages/airflow/example_dags/example_dag_decorator.py
[2023-09-09T14:02:21.509+0000] {processor.py:829} INFO - Processing file /home/airflow/.local/lib/python3.8/site-packages/airflow/example_dags/example_dag_decorator.py for tasks to queue
[2023-09-09T14:02:21.511+0000] {logging_mixin.py:151} INFO - [2023-09-09T14:02:21.510+0000] {dagbag.py:539} INFO - Filling up the DagBag from /home/airflow/.local/lib/python3.8/site-packages/airflow/example_dags/example_dag_decorator.py
[2023-09-09T14:02:21.555+0000] {processor.py:839} INFO - DAG(s) dict_keys(['example_dag_decorator']) retrieved from /home/airflow/.local/lib/python3.8/site-packages/airflow/example_dags/example_dag_decorator.py
[2023-09-09T14:02:21.625+0000] {logging_mixin.py:151} INFO - [2023-09-09T14:02:21.625+0000] {dag.py:2907} INFO - Sync 1 DAGs
[2023-09-09T14:02:21.632+0000] {logging_mixin.py:151} INFO - [2023-09-09T14:02:21.632+0000] {dag.py:3677} INFO - Setting next_dagrun for example_dag_decorator to None, run_after=None
[2023-09-09T14:02:21.644+0000] {processor.py:179} INFO - Processing /home/airflow/.local/lib/python3.8/site-packages/airflow/example_dags/example_dag_decorator.py took 0.138 seconds
[2023-09-09T14:02:51.765+0000] {processor.py:157} INFO - Started process (PID=842) to work on /home/airflow/.local/lib/python3.8/site-packages/airflow/example_dags/example_dag_decorator.py
[2023-09-09T14:02:51.766+0000] {processor.py:829} INFO - Processing file /home/airflow/.local/lib/python3.8/site-packages/airflow/example_dags/example_dag_decorator.py for tasks to queue
[2023-09-09T14:02:51.767+0000] {logging_mixin.py:151} INFO - [2023-09-09T14:02:51.767+0000] {dagbag.py:539} INFO - Filling up the DagBag from /home/airflow/.local/lib/python3.8/site-packages/airflow/example_dags/example_dag_decorator.py
[2023-09-09T14:02:51.811+0000] {processor.py:839} INFO - DAG(s) dict_keys(['example_dag_decorator']) retrieved from /home/airflow/.local/lib/python3.8/site-packages/airflow/example_dags/example_dag_decorator.py
[2023-09-09T14:02:51.881+0000] {logging_mixin.py:151} INFO - [2023-09-09T14:02:51.881+0000] {dag.py:2907} INFO - Sync 1 DAGs
[2023-09-09T14:02:51.888+0000] {logging_mixin.py:151} INFO - [2023-09-09T14:02:51.888+0000] {dag.py:3677} INFO - Setting next_dagrun for example_dag_decorator to None, run_after=None
[2023-09-09T14:02:51.900+0000] {processor.py:179} INFO - Processing /home/airflow/.local/lib/python3.8/site-packages/airflow/example_dags/example_dag_decorator.py took 0.137 seconds
[2023-09-09T14:03:22.910+0000] {processor.py:157} INFO - Started process (PID=897) to work on /home/airflow/.local/lib/python3.8/site-packages/airflow/example_dags/example_dag_decorator.py
[2023-09-09T14:03:22.911+0000] {processor.py:829} INFO - Processing file /home/airflow/.local/lib/python3.8/site-packages/airflow/example_dags/example_dag_decorator.py for tasks to queue
[2023-09-09T14:03:22.912+0000] {logging_mixin.py:151} INFO - [2023-09-09T14:03:22.912+0000] {dagbag.py:539} INFO - Filling up the DagBag from /home/airflow/.local/lib/python3.8/site-packages/airflow/example_dags/example_dag_decorator.py
[2023-09-09T14:03:22.955+0000] {processor.py:839} INFO - DAG(s) dict_keys(['example_dag_decorator']) retrieved from /home/airflow/.local/lib/python3.8/site-packages/airflow/example_dags/example_dag_decorator.py
[2023-09-09T14:03:23.024+0000] {logging_mixin.py:151} INFO - [2023-09-09T14:03:23.024+0000] {dag.py:2907} INFO - Sync 1 DAGs
[2023-09-09T14:03:23.032+0000] {logging_mixin.py:151} INFO - [2023-09-09T14:03:23.032+0000] {dag.py:3677} INFO - Setting next_dagrun for example_dag_decorator to None, run_after=None
[2023-09-09T14:03:23.046+0000] {processor.py:179} INFO - Processing /home/airflow/.local/lib/python3.8/site-packages/airflow/example_dags/example_dag_decorator.py took 0.138 seconds
[2023-09-09T14:03:53.234+0000] {processor.py:157} INFO - Started process (PID=952) to work on /home/airflow/.local/lib/python3.8/site-packages/airflow/example_dags/example_dag_decorator.py
[2023-09-09T14:03:53.234+0000] {processor.py:829} INFO - Processing file /home/airflow/.local/lib/python3.8/site-packages/airflow/example_dags/example_dag_decorator.py for tasks to queue
[2023-09-09T14:03:53.236+0000] {logging_mixin.py:151} INFO - [2023-09-09T14:03:53.236+0000] {dagbag.py:539} INFO - Filling up the DagBag from /home/airflow/.local/lib/python3.8/site-packages/airflow/example_dags/example_dag_decorator.py
[2023-09-09T14:03:53.280+0000] {processor.py:839} INFO - DAG(s) dict_keys(['example_dag_decorator']) retrieved from /home/airflow/.local/lib/python3.8/site-packages/airflow/example_dags/example_dag_decorator.py
[2023-09-09T14:03:53.349+0000] {logging_mixin.py:151} INFO - [2023-09-09T14:03:53.349+0000] {dag.py:2907} INFO - Sync 1 DAGs
[2023-09-09T14:03:53.356+0000] {logging_mixin.py:151} INFO - [2023-09-09T14:03:53.356+0000] {dag.py:3677} INFO - Setting next_dagrun for example_dag_decorator to None, run_after=None
[2023-09-09T14:03:53.368+0000] {processor.py:179} INFO - Processing /home/airflow/.local/lib/python3.8/site-packages/airflow/example_dags/example_dag_decorator.py took 0.137 seconds
[2023-09-09T14:04:24.270+0000] {processor.py:157} INFO - Started process (PID=1007) to work on /home/airflow/.local/lib/python3.8/site-packages/airflow/example_dags/example_dag_decorator.py
[2023-09-09T14:04:24.271+0000] {processor.py:829} INFO - Processing file /home/airflow/.local/lib/python3.8/site-packages/airflow/example_dags/example_dag_decorator.py for tasks to queue
[2023-09-09T14:04:24.272+0000] {logging_mixin.py:151} INFO - [2023-09-09T14:04:24.272+0000] {dagbag.py:539} INFO - Filling up the DagBag from /home/airflow/.local/lib/python3.8/site-packages/airflow/example_dags/example_dag_decorator.py
[2023-09-09T14:04:24.318+0000] {processor.py:839} INFO - DAG(s) dict_keys(['example_dag_decorator']) retrieved from /home/airflow/.local/lib/python3.8/site-packages/airflow/example_dags/example_dag_decorator.py
[2023-09-09T14:04:24.386+0000] {logging_mixin.py:151} INFO - [2023-09-09T14:04:24.386+0000] {dag.py:2907} INFO - Sync 1 DAGs
[2023-09-09T14:04:24.393+0000] {logging_mixin.py:151} INFO - [2023-09-09T14:04:24.393+0000] {dag.py:3677} INFO - Setting next_dagrun for example_dag_decorator to None, run_after=None
[2023-09-09T14:04:24.404+0000] {processor.py:179} INFO - Processing /home/airflow/.local/lib/python3.8/site-packages/airflow/example_dags/example_dag_decorator.py took 0.136 seconds
[2023-09-09T14:04:55.427+0000] {processor.py:157} INFO - Started process (PID=1062) to work on /home/airflow/.local/lib/python3.8/site-packages/airflow/example_dags/example_dag_decorator.py
[2023-09-09T14:04:55.428+0000] {processor.py:829} INFO - Processing file /home/airflow/.local/lib/python3.8/site-packages/airflow/example_dags/example_dag_decorator.py for tasks to queue
[2023-09-09T14:04:55.429+0000] {logging_mixin.py:151} INFO - [2023-09-09T14:04:55.429+0000] {dagbag.py:539} INFO - Filling up the DagBag from /home/airflow/.local/lib/python3.8/site-packages/airflow/example_dags/example_dag_decorator.py
[2023-09-09T14:04:55.475+0000] {processor.py:839} INFO - DAG(s) dict_keys(['example_dag_decorator']) retrieved from /home/airflow/.local/lib/python3.8/site-packages/airflow/example_dags/example_dag_decorator.py
[2023-09-09T14:04:55.547+0000] {logging_mixin.py:151} INFO - [2023-09-09T14:04:55.547+0000] {dag.py:2907} INFO - Sync 1 DAGs
[2023-09-09T14:04:55.554+0000] {logging_mixin.py:151} INFO - [2023-09-09T14:04:55.554+0000] {dag.py:3677} INFO - Setting next_dagrun for example_dag_decorator to None, run_after=None
[2023-09-09T14:04:55.568+0000] {processor.py:179} INFO - Processing /home/airflow/.local/lib/python3.8/site-packages/airflow/example_dags/example_dag_decorator.py took 0.143 seconds
[2023-09-09T14:05:26.662+0000] {processor.py:157} INFO - Started process (PID=1117) to work on /home/airflow/.local/lib/python3.8/site-packages/airflow/example_dags/example_dag_decorator.py
[2023-09-09T14:05:26.663+0000] {processor.py:829} INFO - Processing file /home/airflow/.local/lib/python3.8/site-packages/airflow/example_dags/example_dag_decorator.py for tasks to queue
[2023-09-09T14:05:26.664+0000] {logging_mixin.py:151} INFO - [2023-09-09T14:05:26.664+0000] {dagbag.py:539} INFO - Filling up the DagBag from /home/airflow/.local/lib/python3.8/site-packages/airflow/example_dags/example_dag_decorator.py
[2023-09-09T14:05:26.714+0000] {processor.py:839} INFO - DAG(s) dict_keys(['example_dag_decorator']) retrieved from /home/airflow/.local/lib/python3.8/site-packages/airflow/example_dags/example_dag_decorator.py
[2023-09-09T14:05:26.789+0000] {logging_mixin.py:151} INFO - [2023-09-09T14:05:26.789+0000] {dag.py:2907} INFO - Sync 1 DAGs
[2023-09-09T14:05:26.799+0000] {logging_mixin.py:151} INFO - [2023-09-09T14:05:26.799+0000] {dag.py:3677} INFO - Setting next_dagrun for example_dag_decorator to None, run_after=None
[2023-09-09T14:05:26.814+0000] {processor.py:179} INFO - Processing /home/airflow/.local/lib/python3.8/site-packages/airflow/example_dags/example_dag_decorator.py took 0.154 seconds
[2023-09-09T14:05:57.799+0000] {processor.py:157} INFO - Started process (PID=1172) to work on /home/airflow/.local/lib/python3.8/site-packages/airflow/example_dags/example_dag_decorator.py
[2023-09-09T14:05:57.800+0000] {processor.py:829} INFO - Processing file /home/airflow/.local/lib/python3.8/site-packages/airflow/example_dags/example_dag_decorator.py for tasks to queue
[2023-09-09T14:05:57.801+0000] {logging_mixin.py:151} INFO - [2023-09-09T14:05:57.801+0000] {dagbag.py:539} INFO - Filling up the DagBag from /home/airflow/.local/lib/python3.8/site-packages/airflow/example_dags/example_dag_decorator.py
[2023-09-09T14:05:57.849+0000] {processor.py:839} INFO - DAG(s) dict_keys(['example_dag_decorator']) retrieved from /home/airflow/.local/lib/python3.8/site-packages/airflow/example_dags/example_dag_decorator.py
[2023-09-09T14:05:57.921+0000] {logging_mixin.py:151} INFO - [2023-09-09T14:05:57.921+0000] {dag.py:2907} INFO - Sync 1 DAGs
[2023-09-09T14:05:57.932+0000] {logging_mixin.py:151} INFO - [2023-09-09T14:05:57.932+0000] {dag.py:3677} INFO - Setting next_dagrun for example_dag_decorator to None, run_after=None
[2023-09-09T14:05:57.945+0000] {processor.py:179} INFO - Processing /home/airflow/.local/lib/python3.8/site-packages/airflow/example_dags/example_dag_decorator.py took 0.148 seconds
[2023-09-09T14:06:28.028+0000] {processor.py:157} INFO - Started process (PID=1227) to work on /home/airflow/.local/lib/python3.8/site-packages/airflow/example_dags/example_dag_decorator.py
[2023-09-09T14:06:28.029+0000] {processor.py:829} INFO - Processing file /home/airflow/.local/lib/python3.8/site-packages/airflow/example_dags/example_dag_decorator.py for tasks to queue
[2023-09-09T14:06:28.030+0000] {logging_mixin.py:151} INFO - [2023-09-09T14:06:28.030+0000] {dagbag.py:539} INFO - Filling up the DagBag from /home/airflow/.local/lib/python3.8/site-packages/airflow/example_dags/example_dag_decorator.py
[2023-09-09T14:06:28.072+0000] {processor.py:839} INFO - DAG(s) dict_keys(['example_dag_decorator']) retrieved from /home/airflow/.local/lib/python3.8/site-packages/airflow/example_dags/example_dag_decorator.py
[2023-09-09T14:06:28.145+0000] {logging_mixin.py:151} INFO - [2023-09-09T14:06:28.145+0000] {dag.py:2907} INFO - Sync 1 DAGs
[2023-09-09T14:06:28.152+0000] {logging_mixin.py:151} INFO - [2023-09-09T14:06:28.152+0000] {dag.py:3677} INFO - Setting next_dagrun for example_dag_decorator to None, run_after=None
[2023-09-09T14:06:28.166+0000] {processor.py:179} INFO - Processing /home/airflow/.local/lib/python3.8/site-packages/airflow/example_dags/example_dag_decorator.py took 0.140 seconds
[2023-09-09T14:06:59.074+0000] {processor.py:157} INFO - Started process (PID=1282) to work on /home/airflow/.local/lib/python3.8/site-packages/airflow/example_dags/example_dag_decorator.py
[2023-09-09T14:06:59.075+0000] {processor.py:829} INFO - Processing file /home/airflow/.local/lib/python3.8/site-packages/airflow/example_dags/example_dag_decorator.py for tasks to queue
[2023-09-09T14:06:59.077+0000] {logging_mixin.py:151} INFO - [2023-09-09T14:06:59.077+0000] {dagbag.py:539} INFO - Filling up the DagBag from /home/airflow/.local/lib/python3.8/site-packages/airflow/example_dags/example_dag_decorator.py
[2023-09-09T14:06:59.122+0000] {processor.py:839} INFO - DAG(s) dict_keys(['example_dag_decorator']) retrieved from /home/airflow/.local/lib/python3.8/site-packages/airflow/example_dags/example_dag_decorator.py
[2023-09-09T14:06:59.194+0000] {logging_mixin.py:151} INFO - [2023-09-09T14:06:59.194+0000] {dag.py:2907} INFO - Sync 1 DAGs
[2023-09-09T14:06:59.200+0000] {logging_mixin.py:151} INFO - [2023-09-09T14:06:59.200+0000] {dag.py:3677} INFO - Setting next_dagrun for example_dag_decorator to None, run_after=None
[2023-09-09T14:06:59.212+0000] {processor.py:179} INFO - Processing /home/airflow/.local/lib/python3.8/site-packages/airflow/example_dags/example_dag_decorator.py took 0.139 seconds
[2023-09-09T14:07:30.175+0000] {processor.py:157} INFO - Started process (PID=1337) to work on /home/airflow/.local/lib/python3.8/site-packages/airflow/example_dags/example_dag_decorator.py
[2023-09-09T14:07:30.176+0000] {processor.py:829} INFO - Processing file /home/airflow/.local/lib/python3.8/site-packages/airflow/example_dags/example_dag_decorator.py for tasks to queue
[2023-09-09T14:07:30.178+0000] {logging_mixin.py:151} INFO - [2023-09-09T14:07:30.178+0000] {dagbag.py:539} INFO - Filling up the DagBag from /home/airflow/.local/lib/python3.8/site-packages/airflow/example_dags/example_dag_decorator.py
[2023-09-09T14:07:30.227+0000] {processor.py:839} INFO - DAG(s) dict_keys(['example_dag_decorator']) retrieved from /home/airflow/.local/lib/python3.8/site-packages/airflow/example_dags/example_dag_decorator.py
[2023-09-09T14:07:30.350+0000] {logging_mixin.py:151} INFO - [2023-09-09T14:07:30.349+0000] {dag.py:2907} INFO - Sync 1 DAGs
[2023-09-09T14:07:30.359+0000] {logging_mixin.py:151} INFO - [2023-09-09T14:07:30.359+0000] {dag.py:3677} INFO - Setting next_dagrun for example_dag_decorator to None, run_after=None
[2023-09-09T14:07:30.374+0000] {processor.py:179} INFO - Processing /home/airflow/.local/lib/python3.8/site-packages/airflow/example_dags/example_dag_decorator.py took 0.201 seconds
[2023-09-09T14:08:01.368+0000] {processor.py:157} INFO - Started process (PID=1392) to work on /home/airflow/.local/lib/python3.8/site-packages/airflow/example_dags/example_dag_decorator.py
[2023-09-09T14:08:01.369+0000] {processor.py:829} INFO - Processing file /home/airflow/.local/lib/python3.8/site-packages/airflow/example_dags/example_dag_decorator.py for tasks to queue
[2023-09-09T14:08:01.371+0000] {logging_mixin.py:151} INFO - [2023-09-09T14:08:01.370+0000] {dagbag.py:539} INFO - Filling up the DagBag from /home/airflow/.local/lib/python3.8/site-packages/airflow/example_dags/example_dag_decorator.py
[2023-09-09T14:08:01.419+0000] {processor.py:839} INFO - DAG(s) dict_keys(['example_dag_decorator']) retrieved from /home/airflow/.local/lib/python3.8/site-packages/airflow/example_dags/example_dag_decorator.py
[2023-09-09T14:08:01.495+0000] {logging_mixin.py:151} INFO - [2023-09-09T14:08:01.495+0000] {dag.py:2907} INFO - Sync 1 DAGs
[2023-09-09T14:08:01.504+0000] {logging_mixin.py:151} INFO - [2023-09-09T14:08:01.504+0000] {dag.py:3677} INFO - Setting next_dagrun for example_dag_decorator to None, run_after=None
[2023-09-09T14:08:01.517+0000] {processor.py:179} INFO - Processing /home/airflow/.local/lib/python3.8/site-packages/airflow/example_dags/example_dag_decorator.py took 0.150 seconds
[2023-09-09T14:08:32.341+0000] {processor.py:157} INFO - Started process (PID=1447) to work on /home/airflow/.local/lib/python3.8/site-packages/airflow/example_dags/example_dag_decorator.py
[2023-09-09T14:08:32.341+0000] {processor.py:829} INFO - Processing file /home/airflow/.local/lib/python3.8/site-packages/airflow/example_dags/example_dag_decorator.py for tasks to queue
[2023-09-09T14:08:32.343+0000] {logging_mixin.py:151} INFO - [2023-09-09T14:08:32.343+0000] {dagbag.py:539} INFO - Filling up the DagBag from /home/airflow/.local/lib/python3.8/site-packages/airflow/example_dags/example_dag_decorator.py
[2023-09-09T14:08:32.388+0000] {processor.py:839} INFO - DAG(s) dict_keys(['example_dag_decorator']) retrieved from /home/airflow/.local/lib/python3.8/site-packages/airflow/example_dags/example_dag_decorator.py
[2023-09-09T14:08:32.458+0000] {logging_mixin.py:151} INFO - [2023-09-09T14:08:32.458+0000] {dag.py:2907} INFO - Sync 1 DAGs
[2023-09-09T14:08:32.465+0000] {logging_mixin.py:151} INFO - [2023-09-09T14:08:32.465+0000] {dag.py:3677} INFO - Setting next_dagrun for example_dag_decorator to None, run_after=None
[2023-09-09T14:08:32.478+0000] {processor.py:179} INFO - Processing /home/airflow/.local/lib/python3.8/site-packages/airflow/example_dags/example_dag_decorator.py took 0.139 seconds
[2023-09-09T14:09:03.181+0000] {processor.py:157} INFO - Started process (PID=1502) to work on /home/airflow/.local/lib/python3.8/site-packages/airflow/example_dags/example_dag_decorator.py
[2023-09-09T14:09:03.182+0000] {processor.py:829} INFO - Processing file /home/airflow/.local/lib/python3.8/site-packages/airflow/example_dags/example_dag_decorator.py for tasks to queue
[2023-09-09T14:09:03.184+0000] {logging_mixin.py:151} INFO - [2023-09-09T14:09:03.183+0000] {dagbag.py:539} INFO - Filling up the DagBag from /home/airflow/.local/lib/python3.8/site-packages/airflow/example_dags/example_dag_decorator.py
[2023-09-09T14:09:03.235+0000] {processor.py:839} INFO - DAG(s) dict_keys(['example_dag_decorator']) retrieved from /home/airflow/.local/lib/python3.8/site-packages/airflow/example_dags/example_dag_decorator.py
[2023-09-09T14:09:03.307+0000] {logging_mixin.py:151} INFO - [2023-09-09T14:09:03.306+0000] {dag.py:2907} INFO - Sync 1 DAGs
[2023-09-09T14:09:03.313+0000] {logging_mixin.py:151} INFO - [2023-09-09T14:09:03.313+0000] {dag.py:3677} INFO - Setting next_dagrun for example_dag_decorator to None, run_after=None
[2023-09-09T14:09:03.327+0000] {processor.py:179} INFO - Processing /home/airflow/.local/lib/python3.8/site-packages/airflow/example_dags/example_dag_decorator.py took 0.148 seconds
[2023-09-09T14:09:33.413+0000] {processor.py:157} INFO - Started process (PID=1560) to work on /home/airflow/.local/lib/python3.8/site-packages/airflow/example_dags/example_dag_decorator.py
[2023-09-09T14:09:33.413+0000] {processor.py:829} INFO - Processing file /home/airflow/.local/lib/python3.8/site-packages/airflow/example_dags/example_dag_decorator.py for tasks to queue
[2023-09-09T14:09:33.415+0000] {logging_mixin.py:151} INFO - [2023-09-09T14:09:33.415+0000] {dagbag.py:539} INFO - Filling up the DagBag from /home/airflow/.local/lib/python3.8/site-packages/airflow/example_dags/example_dag_decorator.py
[2023-09-09T14:09:33.459+0000] {processor.py:839} INFO - DAG(s) dict_keys(['example_dag_decorator']) retrieved from /home/airflow/.local/lib/python3.8/site-packages/airflow/example_dags/example_dag_decorator.py
[2023-09-09T14:09:33.532+0000] {logging_mixin.py:151} INFO - [2023-09-09T14:09:33.531+0000] {dag.py:2907} INFO - Sync 1 DAGs
[2023-09-09T14:09:33.538+0000] {logging_mixin.py:151} INFO - [2023-09-09T14:09:33.538+0000] {dag.py:3677} INFO - Setting next_dagrun for example_dag_decorator to None, run_after=None
[2023-09-09T14:09:33.550+0000] {processor.py:179} INFO - Processing /home/airflow/.local/lib/python3.8/site-packages/airflow/example_dags/example_dag_decorator.py took 0.139 seconds
[2023-09-09T14:10:04.568+0000] {processor.py:157} INFO - Started process (PID=1617) to work on /home/airflow/.local/lib/python3.8/site-packages/airflow/example_dags/example_dag_decorator.py
[2023-09-09T14:10:04.569+0000] {processor.py:829} INFO - Processing file /home/airflow/.local/lib/python3.8/site-packages/airflow/example_dags/example_dag_decorator.py for tasks to queue
[2023-09-09T14:10:04.571+0000] {logging_mixin.py:151} INFO - [2023-09-09T14:10:04.570+0000] {dagbag.py:539} INFO - Filling up the DagBag from /home/airflow/.local/lib/python3.8/site-packages/airflow/example_dags/example_dag_decorator.py
[2023-09-09T14:10:04.617+0000] {processor.py:839} INFO - DAG(s) dict_keys(['example_dag_decorator']) retrieved from /home/airflow/.local/lib/python3.8/site-packages/airflow/example_dags/example_dag_decorator.py
[2023-09-09T14:10:04.693+0000] {logging_mixin.py:151} INFO - [2023-09-09T14:10:04.692+0000] {dag.py:2907} INFO - Sync 1 DAGs
[2023-09-09T14:10:04.700+0000] {logging_mixin.py:151} INFO - [2023-09-09T14:10:04.700+0000] {dag.py:3677} INFO - Setting next_dagrun for example_dag_decorator to None, run_after=None
[2023-09-09T14:10:04.712+0000] {processor.py:179} INFO - Processing /home/airflow/.local/lib/python3.8/site-packages/airflow/example_dags/example_dag_decorator.py took 0.146 seconds
[2023-09-09T14:10:34.877+0000] {processor.py:157} INFO - Started process (PID=1681) to work on /home/airflow/.local/lib/python3.8/site-packages/airflow/example_dags/example_dag_decorator.py
[2023-09-09T14:10:34.878+0000] {processor.py:829} INFO - Processing file /home/airflow/.local/lib/python3.8/site-packages/airflow/example_dags/example_dag_decorator.py for tasks to queue
[2023-09-09T14:10:34.879+0000] {logging_mixin.py:151} INFO - [2023-09-09T14:10:34.879+0000] {dagbag.py:539} INFO - Filling up the DagBag from /home/airflow/.local/lib/python3.8/site-packages/airflow/example_dags/example_dag_decorator.py
[2023-09-09T14:10:34.929+0000] {processor.py:839} INFO - DAG(s) dict_keys(['example_dag_decorator']) retrieved from /home/airflow/.local/lib/python3.8/site-packages/airflow/example_dags/example_dag_decorator.py
[2023-09-09T14:10:35.001+0000] {logging_mixin.py:151} INFO - [2023-09-09T14:10:35.001+0000] {dag.py:2907} INFO - Sync 1 DAGs
[2023-09-09T14:10:35.009+0000] {logging_mixin.py:151} INFO - [2023-09-09T14:10:35.009+0000] {dag.py:3677} INFO - Setting next_dagrun for example_dag_decorator to None, run_after=None
[2023-09-09T14:10:35.025+0000] {processor.py:179} INFO - Processing /home/airflow/.local/lib/python3.8/site-packages/airflow/example_dags/example_dag_decorator.py took 0.150 seconds
[2023-09-09T14:11:05.159+0000] {processor.py:157} INFO - Started process (PID=1745) to work on /home/airflow/.local/lib/python3.8/site-packages/airflow/example_dags/example_dag_decorator.py
[2023-09-09T14:11:05.160+0000] {processor.py:829} INFO - Processing file /home/airflow/.local/lib/python3.8/site-packages/airflow/example_dags/example_dag_decorator.py for tasks to queue
[2023-09-09T14:11:05.162+0000] {logging_mixin.py:151} INFO - [2023-09-09T14:11:05.161+0000] {dagbag.py:539} INFO - Filling up the DagBag from /home/airflow/.local/lib/python3.8/site-packages/airflow/example_dags/example_dag_decorator.py
[2023-09-09T14:11:05.209+0000] {processor.py:839} INFO - DAG(s) dict_keys(['example_dag_decorator']) retrieved from /home/airflow/.local/lib/python3.8/site-packages/airflow/example_dags/example_dag_decorator.py
[2023-09-09T14:11:05.282+0000] {logging_mixin.py:151} INFO - [2023-09-09T14:11:05.281+0000] {dag.py:2907} INFO - Sync 1 DAGs
[2023-09-09T14:11:05.289+0000] {logging_mixin.py:151} INFO - [2023-09-09T14:11:05.289+0000] {dag.py:3677} INFO - Setting next_dagrun for example_dag_decorator to None, run_after=None
[2023-09-09T14:11:05.302+0000] {processor.py:179} INFO - Processing /home/airflow/.local/lib/python3.8/site-packages/airflow/example_dags/example_dag_decorator.py took 0.145 seconds
[2023-09-09T14:11:36.216+0000] {processor.py:157} INFO - Started process (PID=1800) to work on /home/airflow/.local/lib/python3.8/site-packages/airflow/example_dags/example_dag_decorator.py
[2023-09-09T14:11:36.217+0000] {processor.py:829} INFO - Processing file /home/airflow/.local/lib/python3.8/site-packages/airflow/example_dags/example_dag_decorator.py for tasks to queue
[2023-09-09T14:11:36.218+0000] {logging_mixin.py:151} INFO - [2023-09-09T14:11:36.218+0000] {dagbag.py:539} INFO - Filling up the DagBag from /home/airflow/.local/lib/python3.8/site-packages/airflow/example_dags/example_dag_decorator.py
[2023-09-09T14:11:36.263+0000] {processor.py:839} INFO - DAG(s) dict_keys(['example_dag_decorator']) retrieved from /home/airflow/.local/lib/python3.8/site-packages/airflow/example_dags/example_dag_decorator.py
[2023-09-09T14:11:36.333+0000] {logging_mixin.py:151} INFO - [2023-09-09T14:11:36.333+0000] {dag.py:2907} INFO - Sync 1 DAGs
[2023-09-09T14:11:36.340+0000] {logging_mixin.py:151} INFO - [2023-09-09T14:11:36.340+0000] {dag.py:3677} INFO - Setting next_dagrun for example_dag_decorator to None, run_after=None
[2023-09-09T14:11:36.353+0000] {processor.py:179} INFO - Processing /home/airflow/.local/lib/python3.8/site-packages/airflow/example_dags/example_dag_decorator.py took 0.139 seconds
[2023-09-09T14:12:06.509+0000] {processor.py:157} INFO - Started process (PID=1857) to work on /home/airflow/.local/lib/python3.8/site-packages/airflow/example_dags/example_dag_decorator.py
[2023-09-09T14:12:06.509+0000] {processor.py:829} INFO - Processing file /home/airflow/.local/lib/python3.8/site-packages/airflow/example_dags/example_dag_decorator.py for tasks to queue
[2023-09-09T14:12:06.511+0000] {logging_mixin.py:151} INFO - [2023-09-09T14:12:06.510+0000] {dagbag.py:539} INFO - Filling up the DagBag from /home/airflow/.local/lib/python3.8/site-packages/airflow/example_dags/example_dag_decorator.py
[2023-09-09T14:12:06.560+0000] {processor.py:839} INFO - DAG(s) dict_keys(['example_dag_decorator']) retrieved from /home/airflow/.local/lib/python3.8/site-packages/airflow/example_dags/example_dag_decorator.py
[2023-09-09T14:12:06.632+0000] {logging_mixin.py:151} INFO - [2023-09-09T14:12:06.632+0000] {dag.py:2907} INFO - Sync 1 DAGs
[2023-09-09T14:12:06.639+0000] {logging_mixin.py:151} INFO - [2023-09-09T14:12:06.639+0000] {dag.py:3677} INFO - Setting next_dagrun for example_dag_decorator to None, run_after=None
[2023-09-09T14:12:06.652+0000] {processor.py:179} INFO - Processing /home/airflow/.local/lib/python3.8/site-packages/airflow/example_dags/example_dag_decorator.py took 0.145 seconds
[2023-09-09T14:12:37.460+0000] {processor.py:157} INFO - Started process (PID=1911) to work on /home/airflow/.local/lib/python3.8/site-packages/airflow/example_dags/example_dag_decorator.py
[2023-09-09T14:12:37.461+0000] {processor.py:829} INFO - Processing file /home/airflow/.local/lib/python3.8/site-packages/airflow/example_dags/example_dag_decorator.py for tasks to queue
[2023-09-09T14:12:37.463+0000] {logging_mixin.py:151} INFO - [2023-09-09T14:12:37.462+0000] {dagbag.py:539} INFO - Filling up the DagBag from /home/airflow/.local/lib/python3.8/site-packages/airflow/example_dags/example_dag_decorator.py
[2023-09-09T14:12:37.509+0000] {processor.py:839} INFO - DAG(s) dict_keys(['example_dag_decorator']) retrieved from /home/airflow/.local/lib/python3.8/site-packages/airflow/example_dags/example_dag_decorator.py
[2023-09-09T14:12:37.602+0000] {logging_mixin.py:151} INFO - [2023-09-09T14:12:37.602+0000] {dag.py:2907} INFO - Sync 1 DAGs
[2023-09-09T14:12:37.612+0000] {logging_mixin.py:151} INFO - [2023-09-09T14:12:37.611+0000] {dag.py:3677} INFO - Setting next_dagrun for example_dag_decorator to None, run_after=None
[2023-09-09T14:12:37.627+0000] {processor.py:179} INFO - Processing /home/airflow/.local/lib/python3.8/site-packages/airflow/example_dags/example_dag_decorator.py took 0.169 seconds
[2023-09-09T14:13:07.906+0000] {processor.py:157} INFO - Started process (PID=1968) to work on /home/airflow/.local/lib/python3.8/site-packages/airflow/example_dags/example_dag_decorator.py
[2023-09-09T14:13:07.907+0000] {processor.py:829} INFO - Processing file /home/airflow/.local/lib/python3.8/site-packages/airflow/example_dags/example_dag_decorator.py for tasks to queue
[2023-09-09T14:13:07.908+0000] {logging_mixin.py:151} INFO - [2023-09-09T14:13:07.908+0000] {dagbag.py:539} INFO - Filling up the DagBag from /home/airflow/.local/lib/python3.8/site-packages/airflow/example_dags/example_dag_decorator.py
[2023-09-09T14:13:07.958+0000] {processor.py:839} INFO - DAG(s) dict_keys(['example_dag_decorator']) retrieved from /home/airflow/.local/lib/python3.8/site-packages/airflow/example_dags/example_dag_decorator.py
[2023-09-09T14:13:07.973+0000] {logging_mixin.py:151} INFO - [2023-09-09T14:13:07.973+0000] {dag.py:2907} INFO - Sync 1 DAGs
[2023-09-09T14:13:07.982+0000] {logging_mixin.py:151} INFO - [2023-09-09T14:13:07.982+0000] {dag.py:3677} INFO - Setting next_dagrun for example_dag_decorator to None, run_after=None
[2023-09-09T14:13:07.996+0000] {processor.py:179} INFO - Processing /home/airflow/.local/lib/python3.8/site-packages/airflow/example_dags/example_dag_decorator.py took 0.093 seconds
[2023-09-09T14:13:38.857+0000] {processor.py:157} INFO - Started process (PID=2022) to work on /home/airflow/.local/lib/python3.8/site-packages/airflow/example_dags/example_dag_decorator.py
[2023-09-09T14:13:38.858+0000] {processor.py:829} INFO - Processing file /home/airflow/.local/lib/python3.8/site-packages/airflow/example_dags/example_dag_decorator.py for tasks to queue
[2023-09-09T14:13:38.860+0000] {logging_mixin.py:151} INFO - [2023-09-09T14:13:38.860+0000] {dagbag.py:539} INFO - Filling up the DagBag from /home/airflow/.local/lib/python3.8/site-packages/airflow/example_dags/example_dag_decorator.py
[2023-09-09T14:13:38.906+0000] {processor.py:839} INFO - DAG(s) dict_keys(['example_dag_decorator']) retrieved from /home/airflow/.local/lib/python3.8/site-packages/airflow/example_dags/example_dag_decorator.py
[2023-09-09T14:13:38.976+0000] {logging_mixin.py:151} INFO - [2023-09-09T14:13:38.976+0000] {dag.py:2907} INFO - Sync 1 DAGs
[2023-09-09T14:13:38.983+0000] {logging_mixin.py:151} INFO - [2023-09-09T14:13:38.983+0000] {dag.py:3677} INFO - Setting next_dagrun for example_dag_decorator to None, run_after=None
[2023-09-09T14:13:38.995+0000] {processor.py:179} INFO - Processing /home/airflow/.local/lib/python3.8/site-packages/airflow/example_dags/example_dag_decorator.py took 0.141 seconds
[2023-09-09T14:14:09.061+0000] {processor.py:157} INFO - Started process (PID=2079) to work on /home/airflow/.local/lib/python3.8/site-packages/airflow/example_dags/example_dag_decorator.py
[2023-09-09T14:14:09.061+0000] {processor.py:829} INFO - Processing file /home/airflow/.local/lib/python3.8/site-packages/airflow/example_dags/example_dag_decorator.py for tasks to queue
[2023-09-09T14:14:09.063+0000] {logging_mixin.py:151} INFO - [2023-09-09T14:14:09.063+0000] {dagbag.py:539} INFO - Filling up the DagBag from /home/airflow/.local/lib/python3.8/site-packages/airflow/example_dags/example_dag_decorator.py
[2023-09-09T14:14:09.109+0000] {processor.py:839} INFO - DAG(s) dict_keys(['example_dag_decorator']) retrieved from /home/airflow/.local/lib/python3.8/site-packages/airflow/example_dags/example_dag_decorator.py
[2023-09-09T14:14:09.187+0000] {logging_mixin.py:151} INFO - [2023-09-09T14:14:09.186+0000] {dag.py:2907} INFO - Sync 1 DAGs
[2023-09-09T14:14:09.193+0000] {logging_mixin.py:151} INFO - [2023-09-09T14:14:09.193+0000] {dag.py:3677} INFO - Setting next_dagrun for example_dag_decorator to None, run_after=None
[2023-09-09T14:14:09.205+0000] {processor.py:179} INFO - Processing /home/airflow/.local/lib/python3.8/site-packages/airflow/example_dags/example_dag_decorator.py took 0.146 seconds
[2023-09-09T14:14:40.217+0000] {processor.py:157} INFO - Started process (PID=2134) to work on /home/airflow/.local/lib/python3.8/site-packages/airflow/example_dags/example_dag_decorator.py
[2023-09-09T14:14:40.218+0000] {processor.py:829} INFO - Processing file /home/airflow/.local/lib/python3.8/site-packages/airflow/example_dags/example_dag_decorator.py for tasks to queue
[2023-09-09T14:14:40.220+0000] {logging_mixin.py:151} INFO - [2023-09-09T14:14:40.219+0000] {dagbag.py:539} INFO - Filling up the DagBag from /home/airflow/.local/lib/python3.8/site-packages/airflow/example_dags/example_dag_decorator.py
[2023-09-09T14:14:40.270+0000] {processor.py:839} INFO - DAG(s) dict_keys(['example_dag_decorator']) retrieved from /home/airflow/.local/lib/python3.8/site-packages/airflow/example_dags/example_dag_decorator.py
[2023-09-09T14:14:40.347+0000] {logging_mixin.py:151} INFO - [2023-09-09T14:14:40.347+0000] {dag.py:2907} INFO - Sync 1 DAGs
[2023-09-09T14:14:40.355+0000] {logging_mixin.py:151} INFO - [2023-09-09T14:14:40.355+0000] {dag.py:3677} INFO - Setting next_dagrun for example_dag_decorator to None, run_after=None
[2023-09-09T14:14:40.370+0000] {processor.py:179} INFO - Processing /home/airflow/.local/lib/python3.8/site-packages/airflow/example_dags/example_dag_decorator.py took 0.156 seconds
[2023-09-09T14:15:11.546+0000] {processor.py:157} INFO - Started process (PID=2189) to work on /home/airflow/.local/lib/python3.8/site-packages/airflow/example_dags/example_dag_decorator.py
[2023-09-09T14:15:11.547+0000] {processor.py:829} INFO - Processing file /home/airflow/.local/lib/python3.8/site-packages/airflow/example_dags/example_dag_decorator.py for tasks to queue
[2023-09-09T14:15:11.548+0000] {logging_mixin.py:151} INFO - [2023-09-09T14:15:11.548+0000] {dagbag.py:539} INFO - Filling up the DagBag from /home/airflow/.local/lib/python3.8/site-packages/airflow/example_dags/example_dag_decorator.py
[2023-09-09T14:15:11.594+0000] {processor.py:839} INFO - DAG(s) dict_keys(['example_dag_decorator']) retrieved from /home/airflow/.local/lib/python3.8/site-packages/airflow/example_dags/example_dag_decorator.py
[2023-09-09T14:15:11.608+0000] {logging_mixin.py:151} INFO - [2023-09-09T14:15:11.608+0000] {dag.py:2907} INFO - Sync 1 DAGs
[2023-09-09T14:15:11.616+0000] {logging_mixin.py:151} INFO - [2023-09-09T14:15:11.616+0000] {dag.py:3677} INFO - Setting next_dagrun for example_dag_decorator to None, run_after=None
[2023-09-09T14:15:11.629+0000] {processor.py:179} INFO - Processing /home/airflow/.local/lib/python3.8/site-packages/airflow/example_dags/example_dag_decorator.py took 0.085 seconds
[2023-09-09T14:15:41.822+0000] {processor.py:157} INFO - Started process (PID=2246) to work on /home/airflow/.local/lib/python3.8/site-packages/airflow/example_dags/example_dag_decorator.py
[2023-09-09T14:15:41.822+0000] {processor.py:829} INFO - Processing file /home/airflow/.local/lib/python3.8/site-packages/airflow/example_dags/example_dag_decorator.py for tasks to queue
[2023-09-09T14:15:41.824+0000] {logging_mixin.py:151} INFO - [2023-09-09T14:15:41.824+0000] {dagbag.py:539} INFO - Filling up the DagBag from /home/airflow/.local/lib/python3.8/site-packages/airflow/example_dags/example_dag_decorator.py
[2023-09-09T14:15:41.879+0000] {processor.py:839} INFO - DAG(s) dict_keys(['example_dag_decorator']) retrieved from /home/airflow/.local/lib/python3.8/site-packages/airflow/example_dags/example_dag_decorator.py
[2023-09-09T14:15:41.952+0000] {logging_mixin.py:151} INFO - [2023-09-09T14:15:41.952+0000] {dag.py:2907} INFO - Sync 1 DAGs
[2023-09-09T14:15:41.959+0000] {logging_mixin.py:151} INFO - [2023-09-09T14:15:41.959+0000] {dag.py:3677} INFO - Setting next_dagrun for example_dag_decorator to None, run_after=None
[2023-09-09T14:15:41.975+0000] {processor.py:179} INFO - Processing /home/airflow/.local/lib/python3.8/site-packages/airflow/example_dags/example_dag_decorator.py took 0.156 seconds
[2023-09-09T14:16:12.220+0000] {processor.py:157} INFO - Started process (PID=2303) to work on /home/airflow/.local/lib/python3.8/site-packages/airflow/example_dags/example_dag_decorator.py
[2023-09-09T14:16:12.221+0000] {processor.py:829} INFO - Processing file /home/airflow/.local/lib/python3.8/site-packages/airflow/example_dags/example_dag_decorator.py for tasks to queue
[2023-09-09T14:16:12.222+0000] {logging_mixin.py:151} INFO - [2023-09-09T14:16:12.222+0000] {dagbag.py:539} INFO - Filling up the DagBag from /home/airflow/.local/lib/python3.8/site-packages/airflow/example_dags/example_dag_decorator.py
[2023-09-09T14:16:12.279+0000] {processor.py:839} INFO - DAG(s) dict_keys(['example_dag_decorator']) retrieved from /home/airflow/.local/lib/python3.8/site-packages/airflow/example_dags/example_dag_decorator.py
[2023-09-09T14:16:12.358+0000] {logging_mixin.py:151} INFO - [2023-09-09T14:16:12.357+0000] {dag.py:2907} INFO - Sync 1 DAGs
[2023-09-09T14:16:12.365+0000] {logging_mixin.py:151} INFO - [2023-09-09T14:16:12.365+0000] {dag.py:3677} INFO - Setting next_dagrun for example_dag_decorator to None, run_after=None
[2023-09-09T14:16:12.377+0000] {processor.py:179} INFO - Processing /home/airflow/.local/lib/python3.8/site-packages/airflow/example_dags/example_dag_decorator.py took 0.159 seconds
[2023-09-09T14:16:42.423+0000] {processor.py:157} INFO - Started process (PID=2358) to work on /home/airflow/.local/lib/python3.8/site-packages/airflow/example_dags/example_dag_decorator.py
[2023-09-09T14:16:42.424+0000] {processor.py:829} INFO - Processing file /home/airflow/.local/lib/python3.8/site-packages/airflow/example_dags/example_dag_decorator.py for tasks to queue
[2023-09-09T14:16:42.425+0000] {logging_mixin.py:151} INFO - [2023-09-09T14:16:42.425+0000] {dagbag.py:539} INFO - Filling up the DagBag from /home/airflow/.local/lib/python3.8/site-packages/airflow/example_dags/example_dag_decorator.py
[2023-09-09T14:16:42.468+0000] {processor.py:839} INFO - DAG(s) dict_keys(['example_dag_decorator']) retrieved from /home/airflow/.local/lib/python3.8/site-packages/airflow/example_dags/example_dag_decorator.py
[2023-09-09T14:16:42.543+0000] {logging_mixin.py:151} INFO - [2023-09-09T14:16:42.543+0000] {dag.py:2907} INFO - Sync 1 DAGs
[2023-09-09T14:16:42.550+0000] {logging_mixin.py:151} INFO - [2023-09-09T14:16:42.549+0000] {dag.py:3677} INFO - Setting next_dagrun for example_dag_decorator to None, run_after=None
[2023-09-09T14:16:42.563+0000] {processor.py:179} INFO - Processing /home/airflow/.local/lib/python3.8/site-packages/airflow/example_dags/example_dag_decorator.py took 0.142 seconds
[2023-09-09T14:17:12.707+0000] {processor.py:157} INFO - Started process (PID=2414) to work on /home/airflow/.local/lib/python3.8/site-packages/airflow/example_dags/example_dag_decorator.py
[2023-09-09T14:17:12.708+0000] {processor.py:829} INFO - Processing file /home/airflow/.local/lib/python3.8/site-packages/airflow/example_dags/example_dag_decorator.py for tasks to queue
[2023-09-09T14:17:12.709+0000] {logging_mixin.py:151} INFO - [2023-09-09T14:17:12.709+0000] {dagbag.py:539} INFO - Filling up the DagBag from /home/airflow/.local/lib/python3.8/site-packages/airflow/example_dags/example_dag_decorator.py
[2023-09-09T14:17:12.756+0000] {processor.py:839} INFO - DAG(s) dict_keys(['example_dag_decorator']) retrieved from /home/airflow/.local/lib/python3.8/site-packages/airflow/example_dags/example_dag_decorator.py
[2023-09-09T14:17:12.830+0000] {logging_mixin.py:151} INFO - [2023-09-09T14:17:12.830+0000] {dag.py:2907} INFO - Sync 1 DAGs
[2023-09-09T14:17:12.837+0000] {logging_mixin.py:151} INFO - [2023-09-09T14:17:12.837+0000] {dag.py:3677} INFO - Setting next_dagrun for example_dag_decorator to None, run_after=None
[2023-09-09T14:17:12.852+0000] {processor.py:179} INFO - Processing /home/airflow/.local/lib/python3.8/site-packages/airflow/example_dags/example_dag_decorator.py took 0.146 seconds
