[2023-09-09T13:55:43.578+0000] {processor.py:157} INFO - Started process (PID=63) to work on /home/airflow/.local/lib/python3.8/site-packages/airflow/example_dags/example_branch_datetime_operator.py
[2023-09-09T13:55:43.579+0000] {processor.py:829} INFO - Processing file /home/airflow/.local/lib/python3.8/site-packages/airflow/example_dags/example_branch_datetime_operator.py for tasks to queue
[2023-09-09T13:55:43.581+0000] {logging_mixin.py:151} INFO - [2023-09-09T13:55:43.581+0000] {dagbag.py:539} INFO - Filling up the DagBag from /home/airflow/.local/lib/python3.8/site-packages/airflow/example_dags/example_branch_datetime_operator.py
[2023-09-09T13:55:43.588+0000] {processor.py:839} INFO - DAG(s) dict_keys(['example_branch_datetime_operator_3', 'example_branch_datetime_operator', 'example_branch_datetime_operator_2']) retrieved from /home/airflow/.local/lib/python3.8/site-packages/airflow/example_dags/example_branch_datetime_operator.py
[2023-09-09T13:55:43.611+0000] {logging_mixin.py:151} INFO - [2023-09-09T13:55:43.611+0000] {dag.py:2907} INFO - Sync 3 DAGs
[2023-09-09T13:55:43.742+0000] {logging_mixin.py:151} INFO - [2023-09-09T13:55:43.742+0000] {dag.py:3677} INFO - Setting next_dagrun for example_branch_datetime_operator to 2023-09-08T00:00:00+00:00, run_after=2023-09-09T00:00:00+00:00
[2023-09-09T13:55:43.745+0000] {logging_mixin.py:151} INFO - [2023-09-09T13:55:43.745+0000] {dag.py:3677} INFO - Setting next_dagrun for example_branch_datetime_operator_2 to 2023-09-08T00:00:00+00:00, run_after=2023-09-09T00:00:00+00:00
[2023-09-09T13:55:43.747+0000] {logging_mixin.py:151} INFO - [2023-09-09T13:55:43.747+0000] {dag.py:3677} INFO - Setting next_dagrun for example_branch_datetime_operator_3 to 2023-09-08T00:00:00+00:00, run_after=2023-09-09T00:00:00+00:00
[2023-09-09T13:55:43.759+0000] {processor.py:179} INFO - Processing /home/airflow/.local/lib/python3.8/site-packages/airflow/example_dags/example_branch_datetime_operator.py took 0.183 seconds
[2023-09-09T13:56:13.974+0000] {processor.py:157} INFO - Started process (PID=118) to work on /home/airflow/.local/lib/python3.8/site-packages/airflow/example_dags/example_branch_datetime_operator.py
[2023-09-09T13:56:13.974+0000] {processor.py:829} INFO - Processing file /home/airflow/.local/lib/python3.8/site-packages/airflow/example_dags/example_branch_datetime_operator.py for tasks to queue
[2023-09-09T13:56:13.976+0000] {logging_mixin.py:151} INFO - [2023-09-09T13:56:13.976+0000] {dagbag.py:539} INFO - Filling up the DagBag from /home/airflow/.local/lib/python3.8/site-packages/airflow/example_dags/example_branch_datetime_operator.py
[2023-09-09T13:56:13.983+0000] {processor.py:839} INFO - DAG(s) dict_keys(['example_branch_datetime_operator_3', 'example_branch_datetime_operator_2', 'example_branch_datetime_operator']) retrieved from /home/airflow/.local/lib/python3.8/site-packages/airflow/example_dags/example_branch_datetime_operator.py
[2023-09-09T13:56:14.000+0000] {logging_mixin.py:151} INFO - [2023-09-09T13:56:13.999+0000] {dag.py:2907} INFO - Sync 3 DAGs
[2023-09-09T13:56:14.016+0000] {logging_mixin.py:151} INFO - [2023-09-09T13:56:14.015+0000] {dag.py:3677} INFO - Setting next_dagrun for example_branch_datetime_operator to 2023-09-08T00:00:00+00:00, run_after=2023-09-09T00:00:00+00:00
[2023-09-09T13:56:14.019+0000] {logging_mixin.py:151} INFO - [2023-09-09T13:56:14.019+0000] {dag.py:3677} INFO - Setting next_dagrun for example_branch_datetime_operator_2 to 2023-09-08T00:00:00+00:00, run_after=2023-09-09T00:00:00+00:00
[2023-09-09T13:56:14.021+0000] {logging_mixin.py:151} INFO - [2023-09-09T13:56:14.021+0000] {dag.py:3677} INFO - Setting next_dagrun for example_branch_datetime_operator_3 to 2023-09-08T00:00:00+00:00, run_after=2023-09-09T00:00:00+00:00
[2023-09-09T13:56:14.031+0000] {processor.py:179} INFO - Processing /home/airflow/.local/lib/python3.8/site-packages/airflow/example_dags/example_branch_datetime_operator.py took 0.060 seconds
[2023-09-09T13:56:44.184+0000] {processor.py:157} INFO - Started process (PID=173) to work on /home/airflow/.local/lib/python3.8/site-packages/airflow/example_dags/example_branch_datetime_operator.py
[2023-09-09T13:56:44.185+0000] {processor.py:829} INFO - Processing file /home/airflow/.local/lib/python3.8/site-packages/airflow/example_dags/example_branch_datetime_operator.py for tasks to queue
[2023-09-09T13:56:44.187+0000] {logging_mixin.py:151} INFO - [2023-09-09T13:56:44.187+0000] {dagbag.py:539} INFO - Filling up the DagBag from /home/airflow/.local/lib/python3.8/site-packages/airflow/example_dags/example_branch_datetime_operator.py
[2023-09-09T13:56:44.193+0000] {processor.py:839} INFO - DAG(s) dict_keys(['example_branch_datetime_operator_2', 'example_branch_datetime_operator_3', 'example_branch_datetime_operator']) retrieved from /home/airflow/.local/lib/python3.8/site-packages/airflow/example_dags/example_branch_datetime_operator.py
[2023-09-09T13:56:44.209+0000] {logging_mixin.py:151} INFO - [2023-09-09T13:56:44.209+0000] {dag.py:2907} INFO - Sync 3 DAGs
[2023-09-09T13:56:44.223+0000] {logging_mixin.py:151} INFO - [2023-09-09T13:56:44.223+0000] {dag.py:3677} INFO - Setting next_dagrun for example_branch_datetime_operator to 2023-09-08T00:00:00+00:00, run_after=2023-09-09T00:00:00+00:00
[2023-09-09T13:56:44.226+0000] {logging_mixin.py:151} INFO - [2023-09-09T13:56:44.226+0000] {dag.py:3677} INFO - Setting next_dagrun for example_branch_datetime_operator_2 to 2023-09-08T00:00:00+00:00, run_after=2023-09-09T00:00:00+00:00
[2023-09-09T13:56:44.228+0000] {logging_mixin.py:151} INFO - [2023-09-09T13:56:44.228+0000] {dag.py:3677} INFO - Setting next_dagrun for example_branch_datetime_operator_3 to 2023-09-08T00:00:00+00:00, run_after=2023-09-09T00:00:00+00:00
[2023-09-09T13:56:44.239+0000] {processor.py:179} INFO - Processing /home/airflow/.local/lib/python3.8/site-packages/airflow/example_dags/example_branch_datetime_operator.py took 0.057 seconds
[2023-09-09T13:57:14.574+0000] {processor.py:157} INFO - Started process (PID=231) to work on /home/airflow/.local/lib/python3.8/site-packages/airflow/example_dags/example_branch_datetime_operator.py
[2023-09-09T13:57:14.574+0000] {processor.py:829} INFO - Processing file /home/airflow/.local/lib/python3.8/site-packages/airflow/example_dags/example_branch_datetime_operator.py for tasks to queue
[2023-09-09T13:57:14.576+0000] {logging_mixin.py:151} INFO - [2023-09-09T13:57:14.576+0000] {dagbag.py:539} INFO - Filling up the DagBag from /home/airflow/.local/lib/python3.8/site-packages/airflow/example_dags/example_branch_datetime_operator.py
[2023-09-09T13:57:14.583+0000] {processor.py:839} INFO - DAG(s) dict_keys(['example_branch_datetime_operator', 'example_branch_datetime_operator_3', 'example_branch_datetime_operator_2']) retrieved from /home/airflow/.local/lib/python3.8/site-packages/airflow/example_dags/example_branch_datetime_operator.py
[2023-09-09T13:57:14.603+0000] {logging_mixin.py:151} INFO - [2023-09-09T13:57:14.603+0000] {dag.py:2907} INFO - Sync 3 DAGs
[2023-09-09T13:57:14.624+0000] {logging_mixin.py:151} INFO - [2023-09-09T13:57:14.624+0000] {dag.py:3677} INFO - Setting next_dagrun for example_branch_datetime_operator to 2023-09-08T00:00:00+00:00, run_after=2023-09-09T00:00:00+00:00
[2023-09-09T13:57:14.630+0000] {logging_mixin.py:151} INFO - [2023-09-09T13:57:14.630+0000] {dag.py:3677} INFO - Setting next_dagrun for example_branch_datetime_operator_2 to 2023-09-08T00:00:00+00:00, run_after=2023-09-09T00:00:00+00:00
[2023-09-09T13:57:14.632+0000] {logging_mixin.py:151} INFO - [2023-09-09T13:57:14.632+0000] {dag.py:3677} INFO - Setting next_dagrun for example_branch_datetime_operator_3 to 2023-09-08T00:00:00+00:00, run_after=2023-09-09T00:00:00+00:00
[2023-09-09T13:57:14.644+0000] {processor.py:179} INFO - Processing /home/airflow/.local/lib/python3.8/site-packages/airflow/example_dags/example_branch_datetime_operator.py took 0.073 seconds
[2023-09-09T13:57:44.843+0000] {processor.py:157} INFO - Started process (PID=286) to work on /home/airflow/.local/lib/python3.8/site-packages/airflow/example_dags/example_branch_datetime_operator.py
[2023-09-09T13:57:44.843+0000] {processor.py:829} INFO - Processing file /home/airflow/.local/lib/python3.8/site-packages/airflow/example_dags/example_branch_datetime_operator.py for tasks to queue
[2023-09-09T13:57:44.845+0000] {logging_mixin.py:151} INFO - [2023-09-09T13:57:44.844+0000] {dagbag.py:539} INFO - Filling up the DagBag from /home/airflow/.local/lib/python3.8/site-packages/airflow/example_dags/example_branch_datetime_operator.py
[2023-09-09T13:57:44.851+0000] {processor.py:839} INFO - DAG(s) dict_keys(['example_branch_datetime_operator', 'example_branch_datetime_operator_3', 'example_branch_datetime_operator_2']) retrieved from /home/airflow/.local/lib/python3.8/site-packages/airflow/example_dags/example_branch_datetime_operator.py
[2023-09-09T13:57:44.868+0000] {logging_mixin.py:151} INFO - [2023-09-09T13:57:44.868+0000] {dag.py:2907} INFO - Sync 3 DAGs
[2023-09-09T13:57:44.883+0000] {logging_mixin.py:151} INFO - [2023-09-09T13:57:44.883+0000] {dag.py:3677} INFO - Setting next_dagrun for example_branch_datetime_operator to 2023-09-08T00:00:00+00:00, run_after=2023-09-09T00:00:00+00:00
[2023-09-09T13:57:44.887+0000] {logging_mixin.py:151} INFO - [2023-09-09T13:57:44.887+0000] {dag.py:3677} INFO - Setting next_dagrun for example_branch_datetime_operator_2 to 2023-09-08T00:00:00+00:00, run_after=2023-09-09T00:00:00+00:00
[2023-09-09T13:57:44.889+0000] {logging_mixin.py:151} INFO - [2023-09-09T13:57:44.888+0000] {dag.py:3677} INFO - Setting next_dagrun for example_branch_datetime_operator_3 to 2023-09-08T00:00:00+00:00, run_after=2023-09-09T00:00:00+00:00
[2023-09-09T13:57:44.900+0000] {processor.py:179} INFO - Processing /home/airflow/.local/lib/python3.8/site-packages/airflow/example_dags/example_branch_datetime_operator.py took 0.059 seconds
[2023-09-09T13:58:15.850+0000] {processor.py:157} INFO - Started process (PID=341) to work on /home/airflow/.local/lib/python3.8/site-packages/airflow/example_dags/example_branch_datetime_operator.py
[2023-09-09T13:58:15.851+0000] {processor.py:829} INFO - Processing file /home/airflow/.local/lib/python3.8/site-packages/airflow/example_dags/example_branch_datetime_operator.py for tasks to queue
[2023-09-09T13:58:15.852+0000] {logging_mixin.py:151} INFO - [2023-09-09T13:58:15.852+0000] {dagbag.py:539} INFO - Filling up the DagBag from /home/airflow/.local/lib/python3.8/site-packages/airflow/example_dags/example_branch_datetime_operator.py
[2023-09-09T13:58:15.858+0000] {processor.py:839} INFO - DAG(s) dict_keys(['example_branch_datetime_operator', 'example_branch_datetime_operator_2', 'example_branch_datetime_operator_3']) retrieved from /home/airflow/.local/lib/python3.8/site-packages/airflow/example_dags/example_branch_datetime_operator.py
[2023-09-09T13:58:15.873+0000] {logging_mixin.py:151} INFO - [2023-09-09T13:58:15.873+0000] {dag.py:2907} INFO - Sync 3 DAGs
[2023-09-09T13:58:15.888+0000] {logging_mixin.py:151} INFO - [2023-09-09T13:58:15.888+0000] {dag.py:3677} INFO - Setting next_dagrun for example_branch_datetime_operator to 2023-09-08T00:00:00+00:00, run_after=2023-09-09T00:00:00+00:00
[2023-09-09T13:58:15.892+0000] {logging_mixin.py:151} INFO - [2023-09-09T13:58:15.891+0000] {dag.py:3677} INFO - Setting next_dagrun for example_branch_datetime_operator_2 to 2023-09-08T00:00:00+00:00, run_after=2023-09-09T00:00:00+00:00
[2023-09-09T13:58:15.894+0000] {logging_mixin.py:151} INFO - [2023-09-09T13:58:15.893+0000] {dag.py:3677} INFO - Setting next_dagrun for example_branch_datetime_operator_3 to 2023-09-08T00:00:00+00:00, run_after=2023-09-09T00:00:00+00:00
[2023-09-09T13:58:15.904+0000] {processor.py:179} INFO - Processing /home/airflow/.local/lib/python3.8/site-packages/airflow/example_dags/example_branch_datetime_operator.py took 0.056 seconds
[2023-09-09T13:58:46.662+0000] {processor.py:157} INFO - Started process (PID=396) to work on /home/airflow/.local/lib/python3.8/site-packages/airflow/example_dags/example_branch_datetime_operator.py
[2023-09-09T13:58:46.663+0000] {processor.py:829} INFO - Processing file /home/airflow/.local/lib/python3.8/site-packages/airflow/example_dags/example_branch_datetime_operator.py for tasks to queue
[2023-09-09T13:58:46.665+0000] {logging_mixin.py:151} INFO - [2023-09-09T13:58:46.665+0000] {dagbag.py:539} INFO - Filling up the DagBag from /home/airflow/.local/lib/python3.8/site-packages/airflow/example_dags/example_branch_datetime_operator.py
[2023-09-09T13:58:46.671+0000] {processor.py:839} INFO - DAG(s) dict_keys(['example_branch_datetime_operator', 'example_branch_datetime_operator_3', 'example_branch_datetime_operator_2']) retrieved from /home/airflow/.local/lib/python3.8/site-packages/airflow/example_dags/example_branch_datetime_operator.py
[2023-09-09T13:58:46.687+0000] {logging_mixin.py:151} INFO - [2023-09-09T13:58:46.687+0000] {dag.py:2907} INFO - Sync 3 DAGs
[2023-09-09T13:58:46.702+0000] {logging_mixin.py:151} INFO - [2023-09-09T13:58:46.702+0000] {dag.py:3677} INFO - Setting next_dagrun for example_branch_datetime_operator to 2023-09-08T00:00:00+00:00, run_after=2023-09-09T00:00:00+00:00
[2023-09-09T13:58:46.705+0000] {logging_mixin.py:151} INFO - [2023-09-09T13:58:46.705+0000] {dag.py:3677} INFO - Setting next_dagrun for example_branch_datetime_operator_2 to 2023-09-08T00:00:00+00:00, run_after=2023-09-09T00:00:00+00:00
[2023-09-09T13:58:46.707+0000] {logging_mixin.py:151} INFO - [2023-09-09T13:58:46.707+0000] {dag.py:3677} INFO - Setting next_dagrun for example_branch_datetime_operator_3 to 2023-09-08T00:00:00+00:00, run_after=2023-09-09T00:00:00+00:00
[2023-09-09T13:58:46.718+0000] {processor.py:179} INFO - Processing /home/airflow/.local/lib/python3.8/site-packages/airflow/example_dags/example_branch_datetime_operator.py took 0.058 seconds
[2023-09-09T13:59:17.536+0000] {processor.py:157} INFO - Started process (PID=451) to work on /home/airflow/.local/lib/python3.8/site-packages/airflow/example_dags/example_branch_datetime_operator.py
[2023-09-09T13:59:17.536+0000] {processor.py:829} INFO - Processing file /home/airflow/.local/lib/python3.8/site-packages/airflow/example_dags/example_branch_datetime_operator.py for tasks to queue
[2023-09-09T13:59:17.538+0000] {logging_mixin.py:151} INFO - [2023-09-09T13:59:17.537+0000] {dagbag.py:539} INFO - Filling up the DagBag from /home/airflow/.local/lib/python3.8/site-packages/airflow/example_dags/example_branch_datetime_operator.py
[2023-09-09T13:59:17.544+0000] {processor.py:839} INFO - DAG(s) dict_keys(['example_branch_datetime_operator_2', 'example_branch_datetime_operator', 'example_branch_datetime_operator_3']) retrieved from /home/airflow/.local/lib/python3.8/site-packages/airflow/example_dags/example_branch_datetime_operator.py
[2023-09-09T13:59:17.560+0000] {logging_mixin.py:151} INFO - [2023-09-09T13:59:17.560+0000] {dag.py:2907} INFO - Sync 3 DAGs
[2023-09-09T13:59:17.575+0000] {logging_mixin.py:151} INFO - [2023-09-09T13:59:17.575+0000] {dag.py:3677} INFO - Setting next_dagrun for example_branch_datetime_operator to 2023-09-08T00:00:00+00:00, run_after=2023-09-09T00:00:00+00:00
[2023-09-09T13:59:17.578+0000] {logging_mixin.py:151} INFO - [2023-09-09T13:59:17.578+0000] {dag.py:3677} INFO - Setting next_dagrun for example_branch_datetime_operator_2 to 2023-09-08T00:00:00+00:00, run_after=2023-09-09T00:00:00+00:00
[2023-09-09T13:59:17.580+0000] {logging_mixin.py:151} INFO - [2023-09-09T13:59:17.580+0000] {dag.py:3677} INFO - Setting next_dagrun for example_branch_datetime_operator_3 to 2023-09-08T00:00:00+00:00, run_after=2023-09-09T00:00:00+00:00
[2023-09-09T13:59:17.590+0000] {processor.py:179} INFO - Processing /home/airflow/.local/lib/python3.8/site-packages/airflow/example_dags/example_branch_datetime_operator.py took 0.056 seconds
[2023-09-09T13:59:48.420+0000] {processor.py:157} INFO - Started process (PID=506) to work on /home/airflow/.local/lib/python3.8/site-packages/airflow/example_dags/example_branch_datetime_operator.py
[2023-09-09T13:59:48.421+0000] {processor.py:829} INFO - Processing file /home/airflow/.local/lib/python3.8/site-packages/airflow/example_dags/example_branch_datetime_operator.py for tasks to queue
[2023-09-09T13:59:48.423+0000] {logging_mixin.py:151} INFO - [2023-09-09T13:59:48.423+0000] {dagbag.py:539} INFO - Filling up the DagBag from /home/airflow/.local/lib/python3.8/site-packages/airflow/example_dags/example_branch_datetime_operator.py
[2023-09-09T13:59:48.429+0000] {processor.py:839} INFO - DAG(s) dict_keys(['example_branch_datetime_operator_3', 'example_branch_datetime_operator_2', 'example_branch_datetime_operator']) retrieved from /home/airflow/.local/lib/python3.8/site-packages/airflow/example_dags/example_branch_datetime_operator.py
[2023-09-09T13:59:48.446+0000] {logging_mixin.py:151} INFO - [2023-09-09T13:59:48.446+0000] {dag.py:2907} INFO - Sync 3 DAGs
[2023-09-09T13:59:48.460+0000] {logging_mixin.py:151} INFO - [2023-09-09T13:59:48.460+0000] {dag.py:3677} INFO - Setting next_dagrun for example_branch_datetime_operator to 2023-09-08T00:00:00+00:00, run_after=2023-09-09T00:00:00+00:00
[2023-09-09T13:59:48.463+0000] {logging_mixin.py:151} INFO - [2023-09-09T13:59:48.463+0000] {dag.py:3677} INFO - Setting next_dagrun for example_branch_datetime_operator_2 to 2023-09-08T00:00:00+00:00, run_after=2023-09-09T00:00:00+00:00
[2023-09-09T13:59:48.465+0000] {logging_mixin.py:151} INFO - [2023-09-09T13:59:48.465+0000] {dag.py:3677} INFO - Setting next_dagrun for example_branch_datetime_operator_3 to 2023-09-08T00:00:00+00:00, run_after=2023-09-09T00:00:00+00:00
[2023-09-09T13:59:48.476+0000] {processor.py:179} INFO - Processing /home/airflow/.local/lib/python3.8/site-packages/airflow/example_dags/example_branch_datetime_operator.py took 0.057 seconds
[2023-09-09T14:00:18.617+0000] {processor.py:157} INFO - Started process (PID=561) to work on /home/airflow/.local/lib/python3.8/site-packages/airflow/example_dags/example_branch_datetime_operator.py
[2023-09-09T14:00:18.618+0000] {processor.py:829} INFO - Processing file /home/airflow/.local/lib/python3.8/site-packages/airflow/example_dags/example_branch_datetime_operator.py for tasks to queue
[2023-09-09T14:00:18.619+0000] {logging_mixin.py:151} INFO - [2023-09-09T14:00:18.619+0000] {dagbag.py:539} INFO - Filling up the DagBag from /home/airflow/.local/lib/python3.8/site-packages/airflow/example_dags/example_branch_datetime_operator.py
[2023-09-09T14:00:18.629+0000] {processor.py:839} INFO - DAG(s) dict_keys(['example_branch_datetime_operator_3', 'example_branch_datetime_operator', 'example_branch_datetime_operator_2']) retrieved from /home/airflow/.local/lib/python3.8/site-packages/airflow/example_dags/example_branch_datetime_operator.py
[2023-09-09T14:00:18.647+0000] {logging_mixin.py:151} INFO - [2023-09-09T14:00:18.646+0000] {dag.py:2907} INFO - Sync 3 DAGs
[2023-09-09T14:00:18.662+0000] {logging_mixin.py:151} INFO - [2023-09-09T14:00:18.662+0000] {dag.py:3677} INFO - Setting next_dagrun for example_branch_datetime_operator to 2023-09-08T00:00:00+00:00, run_after=2023-09-09T00:00:00+00:00
[2023-09-09T14:00:18.666+0000] {logging_mixin.py:151} INFO - [2023-09-09T14:00:18.666+0000] {dag.py:3677} INFO - Setting next_dagrun for example_branch_datetime_operator_2 to 2023-09-08T00:00:00+00:00, run_after=2023-09-09T00:00:00+00:00
[2023-09-09T14:00:18.668+0000] {logging_mixin.py:151} INFO - [2023-09-09T14:00:18.668+0000] {dag.py:3677} INFO - Setting next_dagrun for example_branch_datetime_operator_3 to 2023-09-08T00:00:00+00:00, run_after=2023-09-09T00:00:00+00:00
[2023-09-09T14:00:18.679+0000] {processor.py:179} INFO - Processing /home/airflow/.local/lib/python3.8/site-packages/airflow/example_dags/example_branch_datetime_operator.py took 0.064 seconds
[2023-09-09T14:00:48.846+0000] {processor.py:157} INFO - Started process (PID=616) to work on /home/airflow/.local/lib/python3.8/site-packages/airflow/example_dags/example_branch_datetime_operator.py
[2023-09-09T14:00:48.847+0000] {processor.py:829} INFO - Processing file /home/airflow/.local/lib/python3.8/site-packages/airflow/example_dags/example_branch_datetime_operator.py for tasks to queue
[2023-09-09T14:00:48.849+0000] {logging_mixin.py:151} INFO - [2023-09-09T14:00:48.849+0000] {dagbag.py:539} INFO - Filling up the DagBag from /home/airflow/.local/lib/python3.8/site-packages/airflow/example_dags/example_branch_datetime_operator.py
[2023-09-09T14:00:48.855+0000] {processor.py:839} INFO - DAG(s) dict_keys(['example_branch_datetime_operator_2', 'example_branch_datetime_operator', 'example_branch_datetime_operator_3']) retrieved from /home/airflow/.local/lib/python3.8/site-packages/airflow/example_dags/example_branch_datetime_operator.py
[2023-09-09T14:00:48.872+0000] {logging_mixin.py:151} INFO - [2023-09-09T14:00:48.871+0000] {dag.py:2907} INFO - Sync 3 DAGs
[2023-09-09T14:00:48.886+0000] {logging_mixin.py:151} INFO - [2023-09-09T14:00:48.886+0000] {dag.py:3677} INFO - Setting next_dagrun for example_branch_datetime_operator to 2023-09-08T00:00:00+00:00, run_after=2023-09-09T00:00:00+00:00
[2023-09-09T14:00:48.889+0000] {logging_mixin.py:151} INFO - [2023-09-09T14:00:48.889+0000] {dag.py:3677} INFO - Setting next_dagrun for example_branch_datetime_operator_2 to 2023-09-08T00:00:00+00:00, run_after=2023-09-09T00:00:00+00:00
[2023-09-09T14:00:48.891+0000] {logging_mixin.py:151} INFO - [2023-09-09T14:00:48.891+0000] {dag.py:3677} INFO - Setting next_dagrun for example_branch_datetime_operator_3 to 2023-09-08T00:00:00+00:00, run_after=2023-09-09T00:00:00+00:00
[2023-09-09T14:00:48.902+0000] {processor.py:179} INFO - Processing /home/airflow/.local/lib/python3.8/site-packages/airflow/example_dags/example_branch_datetime_operator.py took 0.057 seconds
[2023-09-09T14:01:18.982+0000] {processor.py:157} INFO - Started process (PID=671) to work on /home/airflow/.local/lib/python3.8/site-packages/airflow/example_dags/example_branch_datetime_operator.py
[2023-09-09T14:01:18.983+0000] {processor.py:829} INFO - Processing file /home/airflow/.local/lib/python3.8/site-packages/airflow/example_dags/example_branch_datetime_operator.py for tasks to queue
[2023-09-09T14:01:18.984+0000] {logging_mixin.py:151} INFO - [2023-09-09T14:01:18.984+0000] {dagbag.py:539} INFO - Filling up the DagBag from /home/airflow/.local/lib/python3.8/site-packages/airflow/example_dags/example_branch_datetime_operator.py
[2023-09-09T14:01:18.990+0000] {processor.py:839} INFO - DAG(s) dict_keys(['example_branch_datetime_operator_2', 'example_branch_datetime_operator_3', 'example_branch_datetime_operator']) retrieved from /home/airflow/.local/lib/python3.8/site-packages/airflow/example_dags/example_branch_datetime_operator.py
[2023-09-09T14:01:19.007+0000] {logging_mixin.py:151} INFO - [2023-09-09T14:01:19.007+0000] {dag.py:2907} INFO - Sync 3 DAGs
[2023-09-09T14:01:19.022+0000] {logging_mixin.py:151} INFO - [2023-09-09T14:01:19.022+0000] {dag.py:3677} INFO - Setting next_dagrun for example_branch_datetime_operator to 2023-09-08T00:00:00+00:00, run_after=2023-09-09T00:00:00+00:00
[2023-09-09T14:01:19.025+0000] {logging_mixin.py:151} INFO - [2023-09-09T14:01:19.025+0000] {dag.py:3677} INFO - Setting next_dagrun for example_branch_datetime_operator_2 to 2023-09-08T00:00:00+00:00, run_after=2023-09-09T00:00:00+00:00
[2023-09-09T14:01:19.027+0000] {logging_mixin.py:151} INFO - [2023-09-09T14:01:19.027+0000] {dag.py:3677} INFO - Setting next_dagrun for example_branch_datetime_operator_3 to 2023-09-08T00:00:00+00:00, run_after=2023-09-09T00:00:00+00:00
[2023-09-09T14:01:19.038+0000] {processor.py:179} INFO - Processing /home/airflow/.local/lib/python3.8/site-packages/airflow/example_dags/example_branch_datetime_operator.py took 0.058 seconds
[2023-09-09T14:01:49.105+0000] {processor.py:157} INFO - Started process (PID=725) to work on /home/airflow/.local/lib/python3.8/site-packages/airflow/example_dags/example_branch_datetime_operator.py
[2023-09-09T14:01:49.105+0000] {processor.py:829} INFO - Processing file /home/airflow/.local/lib/python3.8/site-packages/airflow/example_dags/example_branch_datetime_operator.py for tasks to queue
[2023-09-09T14:01:49.107+0000] {logging_mixin.py:151} INFO - [2023-09-09T14:01:49.107+0000] {dagbag.py:539} INFO - Filling up the DagBag from /home/airflow/.local/lib/python3.8/site-packages/airflow/example_dags/example_branch_datetime_operator.py
[2023-09-09T14:01:49.115+0000] {processor.py:839} INFO - DAG(s) dict_keys(['example_branch_datetime_operator_2', 'example_branch_datetime_operator_3', 'example_branch_datetime_operator']) retrieved from /home/airflow/.local/lib/python3.8/site-packages/airflow/example_dags/example_branch_datetime_operator.py
[2023-09-09T14:01:49.133+0000] {logging_mixin.py:151} INFO - [2023-09-09T14:01:49.133+0000] {dag.py:2907} INFO - Sync 3 DAGs
[2023-09-09T14:01:49.149+0000] {logging_mixin.py:151} INFO - [2023-09-09T14:01:49.148+0000] {dag.py:3677} INFO - Setting next_dagrun for example_branch_datetime_operator to 2023-09-08T00:00:00+00:00, run_after=2023-09-09T00:00:00+00:00
[2023-09-09T14:01:49.152+0000] {logging_mixin.py:151} INFO - [2023-09-09T14:01:49.152+0000] {dag.py:3677} INFO - Setting next_dagrun for example_branch_datetime_operator_2 to 2023-09-08T00:00:00+00:00, run_after=2023-09-09T00:00:00+00:00
[2023-09-09T14:01:49.154+0000] {logging_mixin.py:151} INFO - [2023-09-09T14:01:49.154+0000] {dag.py:3677} INFO - Setting next_dagrun for example_branch_datetime_operator_3 to 2023-09-08T00:00:00+00:00, run_after=2023-09-09T00:00:00+00:00
[2023-09-09T14:01:49.164+0000] {processor.py:179} INFO - Processing /home/airflow/.local/lib/python3.8/site-packages/airflow/example_dags/example_branch_datetime_operator.py took 0.062 seconds
[2023-09-09T14:02:20.305+0000] {processor.py:157} INFO - Started process (PID=781) to work on /home/airflow/.local/lib/python3.8/site-packages/airflow/example_dags/example_branch_datetime_operator.py
[2023-09-09T14:02:20.305+0000] {processor.py:829} INFO - Processing file /home/airflow/.local/lib/python3.8/site-packages/airflow/example_dags/example_branch_datetime_operator.py for tasks to queue
[2023-09-09T14:02:20.307+0000] {logging_mixin.py:151} INFO - [2023-09-09T14:02:20.306+0000] {dagbag.py:539} INFO - Filling up the DagBag from /home/airflow/.local/lib/python3.8/site-packages/airflow/example_dags/example_branch_datetime_operator.py
[2023-09-09T14:02:20.313+0000] {processor.py:839} INFO - DAG(s) dict_keys(['example_branch_datetime_operator_3', 'example_branch_datetime_operator_2', 'example_branch_datetime_operator']) retrieved from /home/airflow/.local/lib/python3.8/site-packages/airflow/example_dags/example_branch_datetime_operator.py
[2023-09-09T14:02:20.331+0000] {logging_mixin.py:151} INFO - [2023-09-09T14:02:20.331+0000] {dag.py:2907} INFO - Sync 3 DAGs
[2023-09-09T14:02:20.346+0000] {logging_mixin.py:151} INFO - [2023-09-09T14:02:20.346+0000] {dag.py:3677} INFO - Setting next_dagrun for example_branch_datetime_operator to 2023-09-08T00:00:00+00:00, run_after=2023-09-09T00:00:00+00:00
[2023-09-09T14:02:20.349+0000] {logging_mixin.py:151} INFO - [2023-09-09T14:02:20.349+0000] {dag.py:3677} INFO - Setting next_dagrun for example_branch_datetime_operator_2 to 2023-09-08T00:00:00+00:00, run_after=2023-09-09T00:00:00+00:00
[2023-09-09T14:02:20.351+0000] {logging_mixin.py:151} INFO - [2023-09-09T14:02:20.351+0000] {dag.py:3677} INFO - Setting next_dagrun for example_branch_datetime_operator_3 to 2023-09-08T00:00:00+00:00, run_after=2023-09-09T00:00:00+00:00
[2023-09-09T14:02:20.361+0000] {processor.py:179} INFO - Processing /home/airflow/.local/lib/python3.8/site-packages/airflow/example_dags/example_branch_datetime_operator.py took 0.059 seconds
[2023-09-09T14:02:51.504+0000] {processor.py:157} INFO - Started process (PID=836) to work on /home/airflow/.local/lib/python3.8/site-packages/airflow/example_dags/example_branch_datetime_operator.py
[2023-09-09T14:02:51.505+0000] {processor.py:829} INFO - Processing file /home/airflow/.local/lib/python3.8/site-packages/airflow/example_dags/example_branch_datetime_operator.py for tasks to queue
[2023-09-09T14:02:51.506+0000] {logging_mixin.py:151} INFO - [2023-09-09T14:02:51.506+0000] {dagbag.py:539} INFO - Filling up the DagBag from /home/airflow/.local/lib/python3.8/site-packages/airflow/example_dags/example_branch_datetime_operator.py
[2023-09-09T14:02:51.513+0000] {processor.py:839} INFO - DAG(s) dict_keys(['example_branch_datetime_operator', 'example_branch_datetime_operator_3', 'example_branch_datetime_operator_2']) retrieved from /home/airflow/.local/lib/python3.8/site-packages/airflow/example_dags/example_branch_datetime_operator.py
[2023-09-09T14:02:51.530+0000] {logging_mixin.py:151} INFO - [2023-09-09T14:02:51.530+0000] {dag.py:2907} INFO - Sync 3 DAGs
[2023-09-09T14:02:51.546+0000] {logging_mixin.py:151} INFO - [2023-09-09T14:02:51.546+0000] {dag.py:3677} INFO - Setting next_dagrun for example_branch_datetime_operator to 2023-09-08T00:00:00+00:00, run_after=2023-09-09T00:00:00+00:00
[2023-09-09T14:02:51.550+0000] {logging_mixin.py:151} INFO - [2023-09-09T14:02:51.550+0000] {dag.py:3677} INFO - Setting next_dagrun for example_branch_datetime_operator_2 to 2023-09-08T00:00:00+00:00, run_after=2023-09-09T00:00:00+00:00
[2023-09-09T14:02:51.552+0000] {logging_mixin.py:151} INFO - [2023-09-09T14:02:51.551+0000] {dag.py:3677} INFO - Setting next_dagrun for example_branch_datetime_operator_3 to 2023-09-08T00:00:00+00:00, run_after=2023-09-09T00:00:00+00:00
[2023-09-09T14:02:51.562+0000] {processor.py:179} INFO - Processing /home/airflow/.local/lib/python3.8/site-packages/airflow/example_dags/example_branch_datetime_operator.py took 0.060 seconds
[2023-09-09T14:03:22.742+0000] {processor.py:157} INFO - Started process (PID=892) to work on /home/airflow/.local/lib/python3.8/site-packages/airflow/example_dags/example_branch_datetime_operator.py
[2023-09-09T14:03:22.743+0000] {processor.py:829} INFO - Processing file /home/airflow/.local/lib/python3.8/site-packages/airflow/example_dags/example_branch_datetime_operator.py for tasks to queue
[2023-09-09T14:03:22.744+0000] {logging_mixin.py:151} INFO - [2023-09-09T14:03:22.744+0000] {dagbag.py:539} INFO - Filling up the DagBag from /home/airflow/.local/lib/python3.8/site-packages/airflow/example_dags/example_branch_datetime_operator.py
[2023-09-09T14:03:22.751+0000] {processor.py:839} INFO - DAG(s) dict_keys(['example_branch_datetime_operator', 'example_branch_datetime_operator_2', 'example_branch_datetime_operator_3']) retrieved from /home/airflow/.local/lib/python3.8/site-packages/airflow/example_dags/example_branch_datetime_operator.py
[2023-09-09T14:03:22.767+0000] {logging_mixin.py:151} INFO - [2023-09-09T14:03:22.767+0000] {dag.py:2907} INFO - Sync 3 DAGs
[2023-09-09T14:03:22.781+0000] {logging_mixin.py:151} INFO - [2023-09-09T14:03:22.781+0000] {dag.py:3677} INFO - Setting next_dagrun for example_branch_datetime_operator to 2023-09-08T00:00:00+00:00, run_after=2023-09-09T00:00:00+00:00
[2023-09-09T14:03:22.785+0000] {logging_mixin.py:151} INFO - [2023-09-09T14:03:22.785+0000] {dag.py:3677} INFO - Setting next_dagrun for example_branch_datetime_operator_2 to 2023-09-08T00:00:00+00:00, run_after=2023-09-09T00:00:00+00:00
[2023-09-09T14:03:22.787+0000] {logging_mixin.py:151} INFO - [2023-09-09T14:03:22.786+0000] {dag.py:3677} INFO - Setting next_dagrun for example_branch_datetime_operator_3 to 2023-09-08T00:00:00+00:00, run_after=2023-09-09T00:00:00+00:00
[2023-09-09T14:03:22.798+0000] {processor.py:179} INFO - Processing /home/airflow/.local/lib/python3.8/site-packages/airflow/example_dags/example_branch_datetime_operator.py took 0.058 seconds
[2023-09-09T14:03:53.001+0000] {processor.py:157} INFO - Started process (PID=947) to work on /home/airflow/.local/lib/python3.8/site-packages/airflow/example_dags/example_branch_datetime_operator.py
[2023-09-09T14:03:53.002+0000] {processor.py:829} INFO - Processing file /home/airflow/.local/lib/python3.8/site-packages/airflow/example_dags/example_branch_datetime_operator.py for tasks to queue
[2023-09-09T14:03:53.003+0000] {logging_mixin.py:151} INFO - [2023-09-09T14:03:53.003+0000] {dagbag.py:539} INFO - Filling up the DagBag from /home/airflow/.local/lib/python3.8/site-packages/airflow/example_dags/example_branch_datetime_operator.py
[2023-09-09T14:03:53.010+0000] {processor.py:839} INFO - DAG(s) dict_keys(['example_branch_datetime_operator', 'example_branch_datetime_operator_3', 'example_branch_datetime_operator_2']) retrieved from /home/airflow/.local/lib/python3.8/site-packages/airflow/example_dags/example_branch_datetime_operator.py
[2023-09-09T14:03:53.028+0000] {logging_mixin.py:151} INFO - [2023-09-09T14:03:53.028+0000] {dag.py:2907} INFO - Sync 3 DAGs
[2023-09-09T14:03:53.044+0000] {logging_mixin.py:151} INFO - [2023-09-09T14:03:53.044+0000] {dag.py:3677} INFO - Setting next_dagrun for example_branch_datetime_operator to 2023-09-08T00:00:00+00:00, run_after=2023-09-09T00:00:00+00:00
[2023-09-09T14:03:53.049+0000] {logging_mixin.py:151} INFO - [2023-09-09T14:03:53.049+0000] {dag.py:3677} INFO - Setting next_dagrun for example_branch_datetime_operator_2 to 2023-09-08T00:00:00+00:00, run_after=2023-09-09T00:00:00+00:00
[2023-09-09T14:03:53.052+0000] {logging_mixin.py:151} INFO - [2023-09-09T14:03:53.051+0000] {dag.py:3677} INFO - Setting next_dagrun for example_branch_datetime_operator_3 to 2023-09-08T00:00:00+00:00, run_after=2023-09-09T00:00:00+00:00
[2023-09-09T14:03:53.064+0000] {processor.py:179} INFO - Processing /home/airflow/.local/lib/python3.8/site-packages/airflow/example_dags/example_branch_datetime_operator.py took 0.065 seconds
[2023-09-09T14:04:24.036+0000] {processor.py:157} INFO - Started process (PID=1002) to work on /home/airflow/.local/lib/python3.8/site-packages/airflow/example_dags/example_branch_datetime_operator.py
[2023-09-09T14:04:24.037+0000] {processor.py:829} INFO - Processing file /home/airflow/.local/lib/python3.8/site-packages/airflow/example_dags/example_branch_datetime_operator.py for tasks to queue
[2023-09-09T14:04:24.039+0000] {logging_mixin.py:151} INFO - [2023-09-09T14:04:24.039+0000] {dagbag.py:539} INFO - Filling up the DagBag from /home/airflow/.local/lib/python3.8/site-packages/airflow/example_dags/example_branch_datetime_operator.py
[2023-09-09T14:04:24.046+0000] {processor.py:839} INFO - DAG(s) dict_keys(['example_branch_datetime_operator_3', 'example_branch_datetime_operator_2', 'example_branch_datetime_operator']) retrieved from /home/airflow/.local/lib/python3.8/site-packages/airflow/example_dags/example_branch_datetime_operator.py
[2023-09-09T14:04:24.063+0000] {logging_mixin.py:151} INFO - [2023-09-09T14:04:24.063+0000] {dag.py:2907} INFO - Sync 3 DAGs
[2023-09-09T14:04:24.082+0000] {logging_mixin.py:151} INFO - [2023-09-09T14:04:24.082+0000] {dag.py:3677} INFO - Setting next_dagrun for example_branch_datetime_operator to 2023-09-08T00:00:00+00:00, run_after=2023-09-09T00:00:00+00:00
[2023-09-09T14:04:24.086+0000] {logging_mixin.py:151} INFO - [2023-09-09T14:04:24.086+0000] {dag.py:3677} INFO - Setting next_dagrun for example_branch_datetime_operator_2 to 2023-09-08T00:00:00+00:00, run_after=2023-09-09T00:00:00+00:00
[2023-09-09T14:04:24.088+0000] {logging_mixin.py:151} INFO - [2023-09-09T14:04:24.088+0000] {dag.py:3677} INFO - Setting next_dagrun for example_branch_datetime_operator_3 to 2023-09-08T00:00:00+00:00, run_after=2023-09-09T00:00:00+00:00
[2023-09-09T14:04:24.099+0000] {processor.py:179} INFO - Processing /home/airflow/.local/lib/python3.8/site-packages/airflow/example_dags/example_branch_datetime_operator.py took 0.064 seconds
[2023-09-09T14:04:55.177+0000] {processor.py:157} INFO - Started process (PID=1057) to work on /home/airflow/.local/lib/python3.8/site-packages/airflow/example_dags/example_branch_datetime_operator.py
[2023-09-09T14:04:55.178+0000] {processor.py:829} INFO - Processing file /home/airflow/.local/lib/python3.8/site-packages/airflow/example_dags/example_branch_datetime_operator.py for tasks to queue
[2023-09-09T14:04:55.180+0000] {logging_mixin.py:151} INFO - [2023-09-09T14:04:55.180+0000] {dagbag.py:539} INFO - Filling up the DagBag from /home/airflow/.local/lib/python3.8/site-packages/airflow/example_dags/example_branch_datetime_operator.py
[2023-09-09T14:04:55.187+0000] {processor.py:839} INFO - DAG(s) dict_keys(['example_branch_datetime_operator', 'example_branch_datetime_operator_3', 'example_branch_datetime_operator_2']) retrieved from /home/airflow/.local/lib/python3.8/site-packages/airflow/example_dags/example_branch_datetime_operator.py
[2023-09-09T14:04:55.205+0000] {logging_mixin.py:151} INFO - [2023-09-09T14:04:55.205+0000] {dag.py:2907} INFO - Sync 3 DAGs
[2023-09-09T14:04:55.221+0000] {logging_mixin.py:151} INFO - [2023-09-09T14:04:55.221+0000] {dag.py:3677} INFO - Setting next_dagrun for example_branch_datetime_operator to 2023-09-08T00:00:00+00:00, run_after=2023-09-09T00:00:00+00:00
[2023-09-09T14:04:55.224+0000] {logging_mixin.py:151} INFO - [2023-09-09T14:04:55.224+0000] {dag.py:3677} INFO - Setting next_dagrun for example_branch_datetime_operator_2 to 2023-09-08T00:00:00+00:00, run_after=2023-09-09T00:00:00+00:00
[2023-09-09T14:04:55.226+0000] {logging_mixin.py:151} INFO - [2023-09-09T14:04:55.226+0000] {dag.py:3677} INFO - Setting next_dagrun for example_branch_datetime_operator_3 to 2023-09-08T00:00:00+00:00, run_after=2023-09-09T00:00:00+00:00
[2023-09-09T14:04:55.238+0000] {processor.py:179} INFO - Processing /home/airflow/.local/lib/python3.8/site-packages/airflow/example_dags/example_branch_datetime_operator.py took 0.063 seconds
[2023-09-09T14:05:26.471+0000] {processor.py:157} INFO - Started process (PID=1112) to work on /home/airflow/.local/lib/python3.8/site-packages/airflow/example_dags/example_branch_datetime_operator.py
[2023-09-09T14:05:26.471+0000] {processor.py:829} INFO - Processing file /home/airflow/.local/lib/python3.8/site-packages/airflow/example_dags/example_branch_datetime_operator.py for tasks to queue
[2023-09-09T14:05:26.473+0000] {logging_mixin.py:151} INFO - [2023-09-09T14:05:26.473+0000] {dagbag.py:539} INFO - Filling up the DagBag from /home/airflow/.local/lib/python3.8/site-packages/airflow/example_dags/example_branch_datetime_operator.py
[2023-09-09T14:05:26.480+0000] {processor.py:839} INFO - DAG(s) dict_keys(['example_branch_datetime_operator', 'example_branch_datetime_operator_2', 'example_branch_datetime_operator_3']) retrieved from /home/airflow/.local/lib/python3.8/site-packages/airflow/example_dags/example_branch_datetime_operator.py
[2023-09-09T14:05:26.499+0000] {logging_mixin.py:151} INFO - [2023-09-09T14:05:26.499+0000] {dag.py:2907} INFO - Sync 3 DAGs
[2023-09-09T14:05:26.516+0000] {logging_mixin.py:151} INFO - [2023-09-09T14:05:26.516+0000] {dag.py:3677} INFO - Setting next_dagrun for example_branch_datetime_operator to 2023-09-08T00:00:00+00:00, run_after=2023-09-09T00:00:00+00:00
[2023-09-09T14:05:26.519+0000] {logging_mixin.py:151} INFO - [2023-09-09T14:05:26.519+0000] {dag.py:3677} INFO - Setting next_dagrun for example_branch_datetime_operator_2 to 2023-09-08T00:00:00+00:00, run_after=2023-09-09T00:00:00+00:00
[2023-09-09T14:05:26.521+0000] {logging_mixin.py:151} INFO - [2023-09-09T14:05:26.521+0000] {dag.py:3677} INFO - Setting next_dagrun for example_branch_datetime_operator_3 to 2023-09-08T00:00:00+00:00, run_after=2023-09-09T00:00:00+00:00
[2023-09-09T14:05:26.532+0000] {processor.py:179} INFO - Processing /home/airflow/.local/lib/python3.8/site-packages/airflow/example_dags/example_branch_datetime_operator.py took 0.063 seconds
[2023-09-09T14:05:57.518+0000] {processor.py:157} INFO - Started process (PID=1167) to work on /home/airflow/.local/lib/python3.8/site-packages/airflow/example_dags/example_branch_datetime_operator.py
[2023-09-09T14:05:57.519+0000] {processor.py:829} INFO - Processing file /home/airflow/.local/lib/python3.8/site-packages/airflow/example_dags/example_branch_datetime_operator.py for tasks to queue
[2023-09-09T14:05:57.520+0000] {logging_mixin.py:151} INFO - [2023-09-09T14:05:57.520+0000] {dagbag.py:539} INFO - Filling up the DagBag from /home/airflow/.local/lib/python3.8/site-packages/airflow/example_dags/example_branch_datetime_operator.py
[2023-09-09T14:05:57.528+0000] {processor.py:839} INFO - DAG(s) dict_keys(['example_branch_datetime_operator_3', 'example_branch_datetime_operator_2', 'example_branch_datetime_operator']) retrieved from /home/airflow/.local/lib/python3.8/site-packages/airflow/example_dags/example_branch_datetime_operator.py
[2023-09-09T14:05:57.547+0000] {logging_mixin.py:151} INFO - [2023-09-09T14:05:57.546+0000] {dag.py:2907} INFO - Sync 3 DAGs
[2023-09-09T14:05:57.564+0000] {logging_mixin.py:151} INFO - [2023-09-09T14:05:57.564+0000] {dag.py:3677} INFO - Setting next_dagrun for example_branch_datetime_operator to 2023-09-08T00:00:00+00:00, run_after=2023-09-09T00:00:00+00:00
[2023-09-09T14:05:57.567+0000] {logging_mixin.py:151} INFO - [2023-09-09T14:05:57.567+0000] {dag.py:3677} INFO - Setting next_dagrun for example_branch_datetime_operator_2 to 2023-09-08T00:00:00+00:00, run_after=2023-09-09T00:00:00+00:00
[2023-09-09T14:05:57.569+0000] {logging_mixin.py:151} INFO - [2023-09-09T14:05:57.569+0000] {dag.py:3677} INFO - Setting next_dagrun for example_branch_datetime_operator_3 to 2023-09-08T00:00:00+00:00, run_after=2023-09-09T00:00:00+00:00
[2023-09-09T14:05:57.580+0000] {processor.py:179} INFO - Processing /home/airflow/.local/lib/python3.8/site-packages/airflow/example_dags/example_branch_datetime_operator.py took 0.064 seconds
[2023-09-09T14:06:27.816+0000] {processor.py:157} INFO - Started process (PID=1222) to work on /home/airflow/.local/lib/python3.8/site-packages/airflow/example_dags/example_branch_datetime_operator.py
[2023-09-09T14:06:27.816+0000] {processor.py:829} INFO - Processing file /home/airflow/.local/lib/python3.8/site-packages/airflow/example_dags/example_branch_datetime_operator.py for tasks to queue
[2023-09-09T14:06:27.818+0000] {logging_mixin.py:151} INFO - [2023-09-09T14:06:27.817+0000] {dagbag.py:539} INFO - Filling up the DagBag from /home/airflow/.local/lib/python3.8/site-packages/airflow/example_dags/example_branch_datetime_operator.py
[2023-09-09T14:06:27.824+0000] {processor.py:839} INFO - DAG(s) dict_keys(['example_branch_datetime_operator_2', 'example_branch_datetime_operator', 'example_branch_datetime_operator_3']) retrieved from /home/airflow/.local/lib/python3.8/site-packages/airflow/example_dags/example_branch_datetime_operator.py
[2023-09-09T14:06:27.841+0000] {logging_mixin.py:151} INFO - [2023-09-09T14:06:27.841+0000] {dag.py:2907} INFO - Sync 3 DAGs
[2023-09-09T14:06:27.856+0000] {logging_mixin.py:151} INFO - [2023-09-09T14:06:27.855+0000] {dag.py:3677} INFO - Setting next_dagrun for example_branch_datetime_operator to 2023-09-08T00:00:00+00:00, run_after=2023-09-09T00:00:00+00:00
[2023-09-09T14:06:27.860+0000] {logging_mixin.py:151} INFO - [2023-09-09T14:06:27.859+0000] {dag.py:3677} INFO - Setting next_dagrun for example_branch_datetime_operator_2 to 2023-09-08T00:00:00+00:00, run_after=2023-09-09T00:00:00+00:00
[2023-09-09T14:06:27.862+0000] {logging_mixin.py:151} INFO - [2023-09-09T14:06:27.861+0000] {dag.py:3677} INFO - Setting next_dagrun for example_branch_datetime_operator_3 to 2023-09-08T00:00:00+00:00, run_after=2023-09-09T00:00:00+00:00
[2023-09-09T14:06:27.871+0000] {processor.py:179} INFO - Processing /home/airflow/.local/lib/python3.8/site-packages/airflow/example_dags/example_branch_datetime_operator.py took 0.057 seconds
[2023-09-09T14:06:58.853+0000] {processor.py:157} INFO - Started process (PID=1277) to work on /home/airflow/.local/lib/python3.8/site-packages/airflow/example_dags/example_branch_datetime_operator.py
[2023-09-09T14:06:58.853+0000] {processor.py:829} INFO - Processing file /home/airflow/.local/lib/python3.8/site-packages/airflow/example_dags/example_branch_datetime_operator.py for tasks to queue
[2023-09-09T14:06:58.855+0000] {logging_mixin.py:151} INFO - [2023-09-09T14:06:58.855+0000] {dagbag.py:539} INFO - Filling up the DagBag from /home/airflow/.local/lib/python3.8/site-packages/airflow/example_dags/example_branch_datetime_operator.py
[2023-09-09T14:06:58.861+0000] {processor.py:839} INFO - DAG(s) dict_keys(['example_branch_datetime_operator_2', 'example_branch_datetime_operator', 'example_branch_datetime_operator_3']) retrieved from /home/airflow/.local/lib/python3.8/site-packages/airflow/example_dags/example_branch_datetime_operator.py
[2023-09-09T14:06:58.879+0000] {logging_mixin.py:151} INFO - [2023-09-09T14:06:58.879+0000] {dag.py:2907} INFO - Sync 3 DAGs
[2023-09-09T14:06:58.894+0000] {logging_mixin.py:151} INFO - [2023-09-09T14:06:58.894+0000] {dag.py:3677} INFO - Setting next_dagrun for example_branch_datetime_operator to 2023-09-08T00:00:00+00:00, run_after=2023-09-09T00:00:00+00:00
[2023-09-09T14:06:58.897+0000] {logging_mixin.py:151} INFO - [2023-09-09T14:06:58.897+0000] {dag.py:3677} INFO - Setting next_dagrun for example_branch_datetime_operator_2 to 2023-09-08T00:00:00+00:00, run_after=2023-09-09T00:00:00+00:00
[2023-09-09T14:06:58.899+0000] {logging_mixin.py:151} INFO - [2023-09-09T14:06:58.899+0000] {dag.py:3677} INFO - Setting next_dagrun for example_branch_datetime_operator_3 to 2023-09-08T00:00:00+00:00, run_after=2023-09-09T00:00:00+00:00
[2023-09-09T14:06:58.909+0000] {processor.py:179} INFO - Processing /home/airflow/.local/lib/python3.8/site-packages/airflow/example_dags/example_branch_datetime_operator.py took 0.059 seconds
[2023-09-09T14:07:29.954+0000] {processor.py:157} INFO - Started process (PID=1332) to work on /home/airflow/.local/lib/python3.8/site-packages/airflow/example_dags/example_branch_datetime_operator.py
[2023-09-09T14:07:29.955+0000] {processor.py:829} INFO - Processing file /home/airflow/.local/lib/python3.8/site-packages/airflow/example_dags/example_branch_datetime_operator.py for tasks to queue
[2023-09-09T14:07:29.956+0000] {logging_mixin.py:151} INFO - [2023-09-09T14:07:29.956+0000] {dagbag.py:539} INFO - Filling up the DagBag from /home/airflow/.local/lib/python3.8/site-packages/airflow/example_dags/example_branch_datetime_operator.py
[2023-09-09T14:07:29.963+0000] {processor.py:839} INFO - DAG(s) dict_keys(['example_branch_datetime_operator_2', 'example_branch_datetime_operator', 'example_branch_datetime_operator_3']) retrieved from /home/airflow/.local/lib/python3.8/site-packages/airflow/example_dags/example_branch_datetime_operator.py
[2023-09-09T14:07:29.983+0000] {logging_mixin.py:151} INFO - [2023-09-09T14:07:29.983+0000] {dag.py:2907} INFO - Sync 3 DAGs
[2023-09-09T14:07:29.999+0000] {logging_mixin.py:151} INFO - [2023-09-09T14:07:29.999+0000] {dag.py:3677} INFO - Setting next_dagrun for example_branch_datetime_operator to 2023-09-08T00:00:00+00:00, run_after=2023-09-09T00:00:00+00:00
[2023-09-09T14:07:30.002+0000] {logging_mixin.py:151} INFO - [2023-09-09T14:07:30.002+0000] {dag.py:3677} INFO - Setting next_dagrun for example_branch_datetime_operator_2 to 2023-09-08T00:00:00+00:00, run_after=2023-09-09T00:00:00+00:00
[2023-09-09T14:07:30.004+0000] {logging_mixin.py:151} INFO - [2023-09-09T14:07:30.004+0000] {dag.py:3677} INFO - Setting next_dagrun for example_branch_datetime_operator_3 to 2023-09-08T00:00:00+00:00, run_after=2023-09-09T00:00:00+00:00
[2023-09-09T14:07:30.016+0000] {processor.py:179} INFO - Processing /home/airflow/.local/lib/python3.8/site-packages/airflow/example_dags/example_branch_datetime_operator.py took 0.064 seconds
[2023-09-09T14:08:01.120+0000] {processor.py:157} INFO - Started process (PID=1387) to work on /home/airflow/.local/lib/python3.8/site-packages/airflow/example_dags/example_branch_datetime_operator.py
[2023-09-09T14:08:01.122+0000] {processor.py:829} INFO - Processing file /home/airflow/.local/lib/python3.8/site-packages/airflow/example_dags/example_branch_datetime_operator.py for tasks to queue
[2023-09-09T14:08:01.124+0000] {logging_mixin.py:151} INFO - [2023-09-09T14:08:01.124+0000] {dagbag.py:539} INFO - Filling up the DagBag from /home/airflow/.local/lib/python3.8/site-packages/airflow/example_dags/example_branch_datetime_operator.py
[2023-09-09T14:08:01.131+0000] {processor.py:839} INFO - DAG(s) dict_keys(['example_branch_datetime_operator_3', 'example_branch_datetime_operator_2', 'example_branch_datetime_operator']) retrieved from /home/airflow/.local/lib/python3.8/site-packages/airflow/example_dags/example_branch_datetime_operator.py
[2023-09-09T14:08:01.152+0000] {logging_mixin.py:151} INFO - [2023-09-09T14:08:01.152+0000] {dag.py:2907} INFO - Sync 3 DAGs
[2023-09-09T14:08:01.169+0000] {logging_mixin.py:151} INFO - [2023-09-09T14:08:01.169+0000] {dag.py:3677} INFO - Setting next_dagrun for example_branch_datetime_operator to 2023-09-08T00:00:00+00:00, run_after=2023-09-09T00:00:00+00:00
[2023-09-09T14:08:01.173+0000] {logging_mixin.py:151} INFO - [2023-09-09T14:08:01.173+0000] {dag.py:3677} INFO - Setting next_dagrun for example_branch_datetime_operator_2 to 2023-09-08T00:00:00+00:00, run_after=2023-09-09T00:00:00+00:00
[2023-09-09T14:08:01.175+0000] {logging_mixin.py:151} INFO - [2023-09-09T14:08:01.175+0000] {dag.py:3677} INFO - Setting next_dagrun for example_branch_datetime_operator_3 to 2023-09-08T00:00:00+00:00, run_after=2023-09-09T00:00:00+00:00
[2023-09-09T14:08:01.187+0000] {processor.py:179} INFO - Processing /home/airflow/.local/lib/python3.8/site-packages/airflow/example_dags/example_branch_datetime_operator.py took 0.070 seconds
[2023-09-09T14:08:32.162+0000] {processor.py:157} INFO - Started process (PID=1442) to work on /home/airflow/.local/lib/python3.8/site-packages/airflow/example_dags/example_branch_datetime_operator.py
[2023-09-09T14:08:32.163+0000] {processor.py:829} INFO - Processing file /home/airflow/.local/lib/python3.8/site-packages/airflow/example_dags/example_branch_datetime_operator.py for tasks to queue
[2023-09-09T14:08:32.164+0000] {logging_mixin.py:151} INFO - [2023-09-09T14:08:32.164+0000] {dagbag.py:539} INFO - Filling up the DagBag from /home/airflow/.local/lib/python3.8/site-packages/airflow/example_dags/example_branch_datetime_operator.py
[2023-09-09T14:08:32.170+0000] {processor.py:839} INFO - DAG(s) dict_keys(['example_branch_datetime_operator', 'example_branch_datetime_operator_3', 'example_branch_datetime_operator_2']) retrieved from /home/airflow/.local/lib/python3.8/site-packages/airflow/example_dags/example_branch_datetime_operator.py
[2023-09-09T14:08:32.189+0000] {logging_mixin.py:151} INFO - [2023-09-09T14:08:32.189+0000] {dag.py:2907} INFO - Sync 3 DAGs
[2023-09-09T14:08:32.203+0000] {logging_mixin.py:151} INFO - [2023-09-09T14:08:32.203+0000] {dag.py:3677} INFO - Setting next_dagrun for example_branch_datetime_operator to 2023-09-08T00:00:00+00:00, run_after=2023-09-09T00:00:00+00:00
[2023-09-09T14:08:32.207+0000] {logging_mixin.py:151} INFO - [2023-09-09T14:08:32.207+0000] {dag.py:3677} INFO - Setting next_dagrun for example_branch_datetime_operator_2 to 2023-09-08T00:00:00+00:00, run_after=2023-09-09T00:00:00+00:00
[2023-09-09T14:08:32.209+0000] {logging_mixin.py:151} INFO - [2023-09-09T14:08:32.209+0000] {dag.py:3677} INFO - Setting next_dagrun for example_branch_datetime_operator_3 to 2023-09-08T00:00:00+00:00, run_after=2023-09-09T00:00:00+00:00
[2023-09-09T14:08:32.219+0000] {processor.py:179} INFO - Processing /home/airflow/.local/lib/python3.8/site-packages/airflow/example_dags/example_branch_datetime_operator.py took 0.059 seconds
[2023-09-09T14:09:02.957+0000] {processor.py:157} INFO - Started process (PID=1497) to work on /home/airflow/.local/lib/python3.8/site-packages/airflow/example_dags/example_branch_datetime_operator.py
[2023-09-09T14:09:02.958+0000] {processor.py:829} INFO - Processing file /home/airflow/.local/lib/python3.8/site-packages/airflow/example_dags/example_branch_datetime_operator.py for tasks to queue
[2023-09-09T14:09:02.959+0000] {logging_mixin.py:151} INFO - [2023-09-09T14:09:02.959+0000] {dagbag.py:539} INFO - Filling up the DagBag from /home/airflow/.local/lib/python3.8/site-packages/airflow/example_dags/example_branch_datetime_operator.py
[2023-09-09T14:09:02.966+0000] {processor.py:839} INFO - DAG(s) dict_keys(['example_branch_datetime_operator_3', 'example_branch_datetime_operator_2', 'example_branch_datetime_operator']) retrieved from /home/airflow/.local/lib/python3.8/site-packages/airflow/example_dags/example_branch_datetime_operator.py
[2023-09-09T14:09:02.983+0000] {logging_mixin.py:151} INFO - [2023-09-09T14:09:02.983+0000] {dag.py:2907} INFO - Sync 3 DAGs
[2023-09-09T14:09:02.998+0000] {logging_mixin.py:151} INFO - [2023-09-09T14:09:02.998+0000] {dag.py:3677} INFO - Setting next_dagrun for example_branch_datetime_operator to 2023-09-08T00:00:00+00:00, run_after=2023-09-09T00:00:00+00:00
[2023-09-09T14:09:03.001+0000] {logging_mixin.py:151} INFO - [2023-09-09T14:09:03.001+0000] {dag.py:3677} INFO - Setting next_dagrun for example_branch_datetime_operator_2 to 2023-09-08T00:00:00+00:00, run_after=2023-09-09T00:00:00+00:00
[2023-09-09T14:09:03.003+0000] {logging_mixin.py:151} INFO - [2023-09-09T14:09:03.003+0000] {dag.py:3677} INFO - Setting next_dagrun for example_branch_datetime_operator_3 to 2023-09-08T00:00:00+00:00, run_after=2023-09-09T00:00:00+00:00
[2023-09-09T14:09:03.013+0000] {processor.py:179} INFO - Processing /home/airflow/.local/lib/python3.8/site-packages/airflow/example_dags/example_branch_datetime_operator.py took 0.058 seconds
[2023-09-09T14:09:33.198+0000] {processor.py:157} INFO - Started process (PID=1554) to work on /home/airflow/.local/lib/python3.8/site-packages/airflow/example_dags/example_branch_datetime_operator.py
[2023-09-09T14:09:33.198+0000] {processor.py:829} INFO - Processing file /home/airflow/.local/lib/python3.8/site-packages/airflow/example_dags/example_branch_datetime_operator.py for tasks to queue
[2023-09-09T14:09:33.200+0000] {logging_mixin.py:151} INFO - [2023-09-09T14:09:33.200+0000] {dagbag.py:539} INFO - Filling up the DagBag from /home/airflow/.local/lib/python3.8/site-packages/airflow/example_dags/example_branch_datetime_operator.py
[2023-09-09T14:09:33.206+0000] {processor.py:839} INFO - DAG(s) dict_keys(['example_branch_datetime_operator', 'example_branch_datetime_operator_3', 'example_branch_datetime_operator_2']) retrieved from /home/airflow/.local/lib/python3.8/site-packages/airflow/example_dags/example_branch_datetime_operator.py
[2023-09-09T14:09:33.224+0000] {logging_mixin.py:151} INFO - [2023-09-09T14:09:33.224+0000] {dag.py:2907} INFO - Sync 3 DAGs
[2023-09-09T14:09:33.238+0000] {logging_mixin.py:151} INFO - [2023-09-09T14:09:33.238+0000] {dag.py:3677} INFO - Setting next_dagrun for example_branch_datetime_operator to 2023-09-08T00:00:00+00:00, run_after=2023-09-09T00:00:00+00:00
[2023-09-09T14:09:33.242+0000] {logging_mixin.py:151} INFO - [2023-09-09T14:09:33.242+0000] {dag.py:3677} INFO - Setting next_dagrun for example_branch_datetime_operator_2 to 2023-09-08T00:00:00+00:00, run_after=2023-09-09T00:00:00+00:00
[2023-09-09T14:09:33.244+0000] {logging_mixin.py:151} INFO - [2023-09-09T14:09:33.243+0000] {dag.py:3677} INFO - Setting next_dagrun for example_branch_datetime_operator_3 to 2023-09-08T00:00:00+00:00, run_after=2023-09-09T00:00:00+00:00
[2023-09-09T14:09:33.255+0000] {processor.py:179} INFO - Processing /home/airflow/.local/lib/python3.8/site-packages/airflow/example_dags/example_branch_datetime_operator.py took 0.059 seconds
[2023-09-09T14:10:04.380+0000] {processor.py:157} INFO - Started process (PID=1612) to work on /home/airflow/.local/lib/python3.8/site-packages/airflow/example_dags/example_branch_datetime_operator.py
[2023-09-09T14:10:04.381+0000] {processor.py:829} INFO - Processing file /home/airflow/.local/lib/python3.8/site-packages/airflow/example_dags/example_branch_datetime_operator.py for tasks to queue
[2023-09-09T14:10:04.382+0000] {logging_mixin.py:151} INFO - [2023-09-09T14:10:04.382+0000] {dagbag.py:539} INFO - Filling up the DagBag from /home/airflow/.local/lib/python3.8/site-packages/airflow/example_dags/example_branch_datetime_operator.py
[2023-09-09T14:10:04.389+0000] {processor.py:839} INFO - DAG(s) dict_keys(['example_branch_datetime_operator_2', 'example_branch_datetime_operator', 'example_branch_datetime_operator_3']) retrieved from /home/airflow/.local/lib/python3.8/site-packages/airflow/example_dags/example_branch_datetime_operator.py
[2023-09-09T14:10:04.407+0000] {logging_mixin.py:151} INFO - [2023-09-09T14:10:04.406+0000] {dag.py:2907} INFO - Sync 3 DAGs
[2023-09-09T14:10:04.423+0000] {logging_mixin.py:151} INFO - [2023-09-09T14:10:04.423+0000] {dag.py:3677} INFO - Setting next_dagrun for example_branch_datetime_operator to 2023-09-08T00:00:00+00:00, run_after=2023-09-09T00:00:00+00:00
[2023-09-09T14:10:04.427+0000] {logging_mixin.py:151} INFO - [2023-09-09T14:10:04.427+0000] {dag.py:3677} INFO - Setting next_dagrun for example_branch_datetime_operator_2 to 2023-09-08T00:00:00+00:00, run_after=2023-09-09T00:00:00+00:00
[2023-09-09T14:10:04.429+0000] {logging_mixin.py:151} INFO - [2023-09-09T14:10:04.429+0000] {dag.py:3677} INFO - Setting next_dagrun for example_branch_datetime_operator_3 to 2023-09-08T00:00:00+00:00, run_after=2023-09-09T00:00:00+00:00
[2023-09-09T14:10:04.440+0000] {processor.py:179} INFO - Processing /home/airflow/.local/lib/python3.8/site-packages/airflow/example_dags/example_branch_datetime_operator.py took 0.061 seconds
[2023-09-09T14:10:34.577+0000] {processor.py:157} INFO - Started process (PID=1673) to work on /home/airflow/.local/lib/python3.8/site-packages/airflow/example_dags/example_branch_datetime_operator.py
[2023-09-09T14:10:34.577+0000] {processor.py:829} INFO - Processing file /home/airflow/.local/lib/python3.8/site-packages/airflow/example_dags/example_branch_datetime_operator.py for tasks to queue
[2023-09-09T14:10:34.579+0000] {logging_mixin.py:151} INFO - [2023-09-09T14:10:34.579+0000] {dagbag.py:539} INFO - Filling up the DagBag from /home/airflow/.local/lib/python3.8/site-packages/airflow/example_dags/example_branch_datetime_operator.py
[2023-09-09T14:10:34.587+0000] {processor.py:839} INFO - DAG(s) dict_keys(['example_branch_datetime_operator_3', 'example_branch_datetime_operator', 'example_branch_datetime_operator_2']) retrieved from /home/airflow/.local/lib/python3.8/site-packages/airflow/example_dags/example_branch_datetime_operator.py
[2023-09-09T14:10:34.606+0000] {logging_mixin.py:151} INFO - [2023-09-09T14:10:34.606+0000] {dag.py:2907} INFO - Sync 3 DAGs
[2023-09-09T14:10:34.624+0000] {logging_mixin.py:151} INFO - [2023-09-09T14:10:34.624+0000] {dag.py:3677} INFO - Setting next_dagrun for example_branch_datetime_operator to 2023-09-08T00:00:00+00:00, run_after=2023-09-09T00:00:00+00:00
[2023-09-09T14:10:34.628+0000] {logging_mixin.py:151} INFO - [2023-09-09T14:10:34.628+0000] {dag.py:3677} INFO - Setting next_dagrun for example_branch_datetime_operator_2 to 2023-09-08T00:00:00+00:00, run_after=2023-09-09T00:00:00+00:00
[2023-09-09T14:10:34.630+0000] {logging_mixin.py:151} INFO - [2023-09-09T14:10:34.629+0000] {dag.py:3677} INFO - Setting next_dagrun for example_branch_datetime_operator_3 to 2023-09-08T00:00:00+00:00, run_after=2023-09-09T00:00:00+00:00
[2023-09-09T14:10:34.641+0000] {processor.py:179} INFO - Processing /home/airflow/.local/lib/python3.8/site-packages/airflow/example_dags/example_branch_datetime_operator.py took 0.067 seconds
[2023-09-09T14:11:04.840+0000] {processor.py:157} INFO - Started process (PID=1733) to work on /home/airflow/.local/lib/python3.8/site-packages/airflow/example_dags/example_branch_datetime_operator.py
[2023-09-09T14:11:04.840+0000] {processor.py:829} INFO - Processing file /home/airflow/.local/lib/python3.8/site-packages/airflow/example_dags/example_branch_datetime_operator.py for tasks to queue
[2023-09-09T14:11:04.842+0000] {logging_mixin.py:151} INFO - [2023-09-09T14:11:04.842+0000] {dagbag.py:539} INFO - Filling up the DagBag from /home/airflow/.local/lib/python3.8/site-packages/airflow/example_dags/example_branch_datetime_operator.py
[2023-09-09T14:11:04.849+0000] {processor.py:839} INFO - DAG(s) dict_keys(['example_branch_datetime_operator', 'example_branch_datetime_operator_2', 'example_branch_datetime_operator_3']) retrieved from /home/airflow/.local/lib/python3.8/site-packages/airflow/example_dags/example_branch_datetime_operator.py
[2023-09-09T14:11:04.867+0000] {logging_mixin.py:151} INFO - [2023-09-09T14:11:04.867+0000] {dag.py:2907} INFO - Sync 3 DAGs
[2023-09-09T14:11:04.883+0000] {logging_mixin.py:151} INFO - [2023-09-09T14:11:04.883+0000] {dag.py:3677} INFO - Setting next_dagrun for example_branch_datetime_operator to 2023-09-08T00:00:00+00:00, run_after=2023-09-09T00:00:00+00:00
[2023-09-09T14:11:04.886+0000] {logging_mixin.py:151} INFO - [2023-09-09T14:11:04.886+0000] {dag.py:3677} INFO - Setting next_dagrun for example_branch_datetime_operator_2 to 2023-09-08T00:00:00+00:00, run_after=2023-09-09T00:00:00+00:00
[2023-09-09T14:11:04.887+0000] {logging_mixin.py:151} INFO - [2023-09-09T14:11:04.887+0000] {dag.py:3677} INFO - Setting next_dagrun for example_branch_datetime_operator_3 to 2023-09-08T00:00:00+00:00, run_after=2023-09-09T00:00:00+00:00
[2023-09-09T14:11:04.903+0000] {processor.py:179} INFO - Processing /home/airflow/.local/lib/python3.8/site-packages/airflow/example_dags/example_branch_datetime_operator.py took 0.066 seconds
[2023-09-09T14:11:36.027+0000] {processor.py:157} INFO - Started process (PID=1795) to work on /home/airflow/.local/lib/python3.8/site-packages/airflow/example_dags/example_branch_datetime_operator.py
[2023-09-09T14:11:36.028+0000] {processor.py:829} INFO - Processing file /home/airflow/.local/lib/python3.8/site-packages/airflow/example_dags/example_branch_datetime_operator.py for tasks to queue
[2023-09-09T14:11:36.029+0000] {logging_mixin.py:151} INFO - [2023-09-09T14:11:36.029+0000] {dagbag.py:539} INFO - Filling up the DagBag from /home/airflow/.local/lib/python3.8/site-packages/airflow/example_dags/example_branch_datetime_operator.py
[2023-09-09T14:11:36.036+0000] {processor.py:839} INFO - DAG(s) dict_keys(['example_branch_datetime_operator', 'example_branch_datetime_operator_3', 'example_branch_datetime_operator_2']) retrieved from /home/airflow/.local/lib/python3.8/site-packages/airflow/example_dags/example_branch_datetime_operator.py
[2023-09-09T14:11:36.054+0000] {logging_mixin.py:151} INFO - [2023-09-09T14:11:36.054+0000] {dag.py:2907} INFO - Sync 3 DAGs
[2023-09-09T14:11:36.070+0000] {logging_mixin.py:151} INFO - [2023-09-09T14:11:36.070+0000] {dag.py:3677} INFO - Setting next_dagrun for example_branch_datetime_operator to 2023-09-08T00:00:00+00:00, run_after=2023-09-09T00:00:00+00:00
[2023-09-09T14:11:36.073+0000] {logging_mixin.py:151} INFO - [2023-09-09T14:11:36.073+0000] {dag.py:3677} INFO - Setting next_dagrun for example_branch_datetime_operator_2 to 2023-09-08T00:00:00+00:00, run_after=2023-09-09T00:00:00+00:00
[2023-09-09T14:11:36.075+0000] {logging_mixin.py:151} INFO - [2023-09-09T14:11:36.075+0000] {dag.py:3677} INFO - Setting next_dagrun for example_branch_datetime_operator_3 to 2023-09-08T00:00:00+00:00, run_after=2023-09-09T00:00:00+00:00
[2023-09-09T14:11:36.086+0000] {processor.py:179} INFO - Processing /home/airflow/.local/lib/python3.8/site-packages/airflow/example_dags/example_branch_datetime_operator.py took 0.061 seconds
[2023-09-09T14:12:06.281+0000] {processor.py:157} INFO - Started process (PID=1851) to work on /home/airflow/.local/lib/python3.8/site-packages/airflow/example_dags/example_branch_datetime_operator.py
[2023-09-09T14:12:06.282+0000] {processor.py:829} INFO - Processing file /home/airflow/.local/lib/python3.8/site-packages/airflow/example_dags/example_branch_datetime_operator.py for tasks to queue
[2023-09-09T14:12:06.283+0000] {logging_mixin.py:151} INFO - [2023-09-09T14:12:06.283+0000] {dagbag.py:539} INFO - Filling up the DagBag from /home/airflow/.local/lib/python3.8/site-packages/airflow/example_dags/example_branch_datetime_operator.py
[2023-09-09T14:12:06.290+0000] {processor.py:839} INFO - DAG(s) dict_keys(['example_branch_datetime_operator', 'example_branch_datetime_operator_3', 'example_branch_datetime_operator_2']) retrieved from /home/airflow/.local/lib/python3.8/site-packages/airflow/example_dags/example_branch_datetime_operator.py
[2023-09-09T14:12:06.308+0000] {logging_mixin.py:151} INFO - [2023-09-09T14:12:06.308+0000] {dag.py:2907} INFO - Sync 3 DAGs
[2023-09-09T14:12:06.325+0000] {logging_mixin.py:151} INFO - [2023-09-09T14:12:06.325+0000] {dag.py:3677} INFO - Setting next_dagrun for example_branch_datetime_operator to 2023-09-08T00:00:00+00:00, run_after=2023-09-09T00:00:00+00:00
[2023-09-09T14:12:06.328+0000] {logging_mixin.py:151} INFO - [2023-09-09T14:12:06.328+0000] {dag.py:3677} INFO - Setting next_dagrun for example_branch_datetime_operator_2 to 2023-09-08T00:00:00+00:00, run_after=2023-09-09T00:00:00+00:00
[2023-09-09T14:12:06.330+0000] {logging_mixin.py:151} INFO - [2023-09-09T14:12:06.330+0000] {dag.py:3677} INFO - Setting next_dagrun for example_branch_datetime_operator_3 to 2023-09-08T00:00:00+00:00, run_after=2023-09-09T00:00:00+00:00
[2023-09-09T14:12:06.343+0000] {processor.py:179} INFO - Processing /home/airflow/.local/lib/python3.8/site-packages/airflow/example_dags/example_branch_datetime_operator.py took 0.064 seconds
[2023-09-09T14:12:37.207+0000] {processor.py:157} INFO - Started process (PID=1906) to work on /home/airflow/.local/lib/python3.8/site-packages/airflow/example_dags/example_branch_datetime_operator.py
[2023-09-09T14:12:37.207+0000] {processor.py:829} INFO - Processing file /home/airflow/.local/lib/python3.8/site-packages/airflow/example_dags/example_branch_datetime_operator.py for tasks to queue
[2023-09-09T14:12:37.209+0000] {logging_mixin.py:151} INFO - [2023-09-09T14:12:37.208+0000] {dagbag.py:539} INFO - Filling up the DagBag from /home/airflow/.local/lib/python3.8/site-packages/airflow/example_dags/example_branch_datetime_operator.py
[2023-09-09T14:12:37.215+0000] {processor.py:839} INFO - DAG(s) dict_keys(['example_branch_datetime_operator_2', 'example_branch_datetime_operator_3', 'example_branch_datetime_operator']) retrieved from /home/airflow/.local/lib/python3.8/site-packages/airflow/example_dags/example_branch_datetime_operator.py
[2023-09-09T14:12:37.231+0000] {logging_mixin.py:151} INFO - [2023-09-09T14:12:37.230+0000] {dag.py:2907} INFO - Sync 3 DAGs
[2023-09-09T14:12:37.248+0000] {logging_mixin.py:151} INFO - [2023-09-09T14:12:37.248+0000] {dag.py:3677} INFO - Setting next_dagrun for example_branch_datetime_operator to 2023-09-08T00:00:00+00:00, run_after=2023-09-09T00:00:00+00:00
[2023-09-09T14:12:37.251+0000] {logging_mixin.py:151} INFO - [2023-09-09T14:12:37.251+0000] {dag.py:3677} INFO - Setting next_dagrun for example_branch_datetime_operator_2 to 2023-09-08T00:00:00+00:00, run_after=2023-09-09T00:00:00+00:00
[2023-09-09T14:12:37.253+0000] {logging_mixin.py:151} INFO - [2023-09-09T14:12:37.253+0000] {dag.py:3677} INFO - Setting next_dagrun for example_branch_datetime_operator_3 to 2023-09-08T00:00:00+00:00, run_after=2023-09-09T00:00:00+00:00
[2023-09-09T14:12:37.263+0000] {processor.py:179} INFO - Processing /home/airflow/.local/lib/python3.8/site-packages/airflow/example_dags/example_branch_datetime_operator.py took 0.058 seconds
[2023-09-09T14:13:07.626+0000] {processor.py:157} INFO - Started process (PID=1962) to work on /home/airflow/.local/lib/python3.8/site-packages/airflow/example_dags/example_branch_datetime_operator.py
[2023-09-09T14:13:07.627+0000] {processor.py:829} INFO - Processing file /home/airflow/.local/lib/python3.8/site-packages/airflow/example_dags/example_branch_datetime_operator.py for tasks to queue
[2023-09-09T14:13:07.629+0000] {logging_mixin.py:151} INFO - [2023-09-09T14:13:07.629+0000] {dagbag.py:539} INFO - Filling up the DagBag from /home/airflow/.local/lib/python3.8/site-packages/airflow/example_dags/example_branch_datetime_operator.py
[2023-09-09T14:13:07.636+0000] {processor.py:839} INFO - DAG(s) dict_keys(['example_branch_datetime_operator', 'example_branch_datetime_operator_2', 'example_branch_datetime_operator_3']) retrieved from /home/airflow/.local/lib/python3.8/site-packages/airflow/example_dags/example_branch_datetime_operator.py
[2023-09-09T14:13:07.655+0000] {logging_mixin.py:151} INFO - [2023-09-09T14:13:07.655+0000] {dag.py:2907} INFO - Sync 3 DAGs
[2023-09-09T14:13:07.672+0000] {logging_mixin.py:151} INFO - [2023-09-09T14:13:07.672+0000] {dag.py:3677} INFO - Setting next_dagrun for example_branch_datetime_operator to 2023-09-08T00:00:00+00:00, run_after=2023-09-09T00:00:00+00:00
[2023-09-09T14:13:07.675+0000] {logging_mixin.py:151} INFO - [2023-09-09T14:13:07.675+0000] {dag.py:3677} INFO - Setting next_dagrun for example_branch_datetime_operator_2 to 2023-09-08T00:00:00+00:00, run_after=2023-09-09T00:00:00+00:00
[2023-09-09T14:13:07.678+0000] {logging_mixin.py:151} INFO - [2023-09-09T14:13:07.678+0000] {dag.py:3677} INFO - Setting next_dagrun for example_branch_datetime_operator_3 to 2023-09-08T00:00:00+00:00, run_after=2023-09-09T00:00:00+00:00
[2023-09-09T14:13:07.690+0000] {processor.py:179} INFO - Processing /home/airflow/.local/lib/python3.8/site-packages/airflow/example_dags/example_branch_datetime_operator.py took 0.065 seconds
[2023-09-09T14:13:38.605+0000] {processor.py:157} INFO - Started process (PID=2017) to work on /home/airflow/.local/lib/python3.8/site-packages/airflow/example_dags/example_branch_datetime_operator.py
[2023-09-09T14:13:38.605+0000] {processor.py:829} INFO - Processing file /home/airflow/.local/lib/python3.8/site-packages/airflow/example_dags/example_branch_datetime_operator.py for tasks to queue
[2023-09-09T14:13:38.607+0000] {logging_mixin.py:151} INFO - [2023-09-09T14:13:38.607+0000] {dagbag.py:539} INFO - Filling up the DagBag from /home/airflow/.local/lib/python3.8/site-packages/airflow/example_dags/example_branch_datetime_operator.py
[2023-09-09T14:13:38.614+0000] {processor.py:839} INFO - DAG(s) dict_keys(['example_branch_datetime_operator_2', 'example_branch_datetime_operator_3', 'example_branch_datetime_operator']) retrieved from /home/airflow/.local/lib/python3.8/site-packages/airflow/example_dags/example_branch_datetime_operator.py
[2023-09-09T14:13:38.631+0000] {logging_mixin.py:151} INFO - [2023-09-09T14:13:38.631+0000] {dag.py:2907} INFO - Sync 3 DAGs
[2023-09-09T14:13:38.646+0000] {logging_mixin.py:151} INFO - [2023-09-09T14:13:38.646+0000] {dag.py:3677} INFO - Setting next_dagrun for example_branch_datetime_operator to 2023-09-08T00:00:00+00:00, run_after=2023-09-09T00:00:00+00:00
[2023-09-09T14:13:38.650+0000] {logging_mixin.py:151} INFO - [2023-09-09T14:13:38.649+0000] {dag.py:3677} INFO - Setting next_dagrun for example_branch_datetime_operator_2 to 2023-09-08T00:00:00+00:00, run_after=2023-09-09T00:00:00+00:00
[2023-09-09T14:13:38.652+0000] {logging_mixin.py:151} INFO - [2023-09-09T14:13:38.652+0000] {dag.py:3677} INFO - Setting next_dagrun for example_branch_datetime_operator_3 to 2023-09-08T00:00:00+00:00, run_after=2023-09-09T00:00:00+00:00
[2023-09-09T14:13:38.662+0000] {processor.py:179} INFO - Processing /home/airflow/.local/lib/python3.8/site-packages/airflow/example_dags/example_branch_datetime_operator.py took 0.060 seconds
[2023-09-09T14:14:08.835+0000] {processor.py:157} INFO - Started process (PID=2073) to work on /home/airflow/.local/lib/python3.8/site-packages/airflow/example_dags/example_branch_datetime_operator.py
[2023-09-09T14:14:08.836+0000] {processor.py:829} INFO - Processing file /home/airflow/.local/lib/python3.8/site-packages/airflow/example_dags/example_branch_datetime_operator.py for tasks to queue
[2023-09-09T14:14:08.837+0000] {logging_mixin.py:151} INFO - [2023-09-09T14:14:08.837+0000] {dagbag.py:539} INFO - Filling up the DagBag from /home/airflow/.local/lib/python3.8/site-packages/airflow/example_dags/example_branch_datetime_operator.py
[2023-09-09T14:14:08.844+0000] {processor.py:839} INFO - DAG(s) dict_keys(['example_branch_datetime_operator_3', 'example_branch_datetime_operator_2', 'example_branch_datetime_operator']) retrieved from /home/airflow/.local/lib/python3.8/site-packages/airflow/example_dags/example_branch_datetime_operator.py
[2023-09-09T14:14:08.862+0000] {logging_mixin.py:151} INFO - [2023-09-09T14:14:08.862+0000] {dag.py:2907} INFO - Sync 3 DAGs
[2023-09-09T14:14:08.879+0000] {logging_mixin.py:151} INFO - [2023-09-09T14:14:08.878+0000] {dag.py:3677} INFO - Setting next_dagrun for example_branch_datetime_operator to 2023-09-08T00:00:00+00:00, run_after=2023-09-09T00:00:00+00:00
[2023-09-09T14:14:08.882+0000] {logging_mixin.py:151} INFO - [2023-09-09T14:14:08.882+0000] {dag.py:3677} INFO - Setting next_dagrun for example_branch_datetime_operator_2 to 2023-09-08T00:00:00+00:00, run_after=2023-09-09T00:00:00+00:00
[2023-09-09T14:14:08.884+0000] {logging_mixin.py:151} INFO - [2023-09-09T14:14:08.884+0000] {dag.py:3677} INFO - Setting next_dagrun for example_branch_datetime_operator_3 to 2023-09-08T00:00:00+00:00, run_after=2023-09-09T00:00:00+00:00
[2023-09-09T14:14:08.895+0000] {processor.py:179} INFO - Processing /home/airflow/.local/lib/python3.8/site-packages/airflow/example_dags/example_branch_datetime_operator.py took 0.062 seconds
[2023-09-09T14:14:39.971+0000] {processor.py:157} INFO - Started process (PID=2129) to work on /home/airflow/.local/lib/python3.8/site-packages/airflow/example_dags/example_branch_datetime_operator.py
[2023-09-09T14:14:39.972+0000] {processor.py:829} INFO - Processing file /home/airflow/.local/lib/python3.8/site-packages/airflow/example_dags/example_branch_datetime_operator.py for tasks to queue
[2023-09-09T14:14:39.974+0000] {logging_mixin.py:151} INFO - [2023-09-09T14:14:39.974+0000] {dagbag.py:539} INFO - Filling up the DagBag from /home/airflow/.local/lib/python3.8/site-packages/airflow/example_dags/example_branch_datetime_operator.py
[2023-09-09T14:14:39.981+0000] {processor.py:839} INFO - DAG(s) dict_keys(['example_branch_datetime_operator', 'example_branch_datetime_operator_2', 'example_branch_datetime_operator_3']) retrieved from /home/airflow/.local/lib/python3.8/site-packages/airflow/example_dags/example_branch_datetime_operator.py
[2023-09-09T14:14:39.999+0000] {logging_mixin.py:151} INFO - [2023-09-09T14:14:39.999+0000] {dag.py:2907} INFO - Sync 3 DAGs
[2023-09-09T14:14:40.022+0000] {logging_mixin.py:151} INFO - [2023-09-09T14:14:40.022+0000] {dag.py:3677} INFO - Setting next_dagrun for example_branch_datetime_operator to 2023-09-08T00:00:00+00:00, run_after=2023-09-09T00:00:00+00:00
[2023-09-09T14:14:40.026+0000] {logging_mixin.py:151} INFO - [2023-09-09T14:14:40.026+0000] {dag.py:3677} INFO - Setting next_dagrun for example_branch_datetime_operator_2 to 2023-09-08T00:00:00+00:00, run_after=2023-09-09T00:00:00+00:00
[2023-09-09T14:14:40.029+0000] {logging_mixin.py:151} INFO - [2023-09-09T14:14:40.029+0000] {dag.py:3677} INFO - Setting next_dagrun for example_branch_datetime_operator_3 to 2023-09-08T00:00:00+00:00, run_after=2023-09-09T00:00:00+00:00
[2023-09-09T14:14:40.044+0000] {processor.py:179} INFO - Processing /home/airflow/.local/lib/python3.8/site-packages/airflow/example_dags/example_branch_datetime_operator.py took 0.075 seconds
[2023-09-09T14:15:11.362+0000] {processor.py:157} INFO - Started process (PID=2184) to work on /home/airflow/.local/lib/python3.8/site-packages/airflow/example_dags/example_branch_datetime_operator.py
[2023-09-09T14:15:11.362+0000] {processor.py:829} INFO - Processing file /home/airflow/.local/lib/python3.8/site-packages/airflow/example_dags/example_branch_datetime_operator.py for tasks to queue
[2023-09-09T14:15:11.364+0000] {logging_mixin.py:151} INFO - [2023-09-09T14:15:11.364+0000] {dagbag.py:539} INFO - Filling up the DagBag from /home/airflow/.local/lib/python3.8/site-packages/airflow/example_dags/example_branch_datetime_operator.py
[2023-09-09T14:15:11.370+0000] {processor.py:839} INFO - DAG(s) dict_keys(['example_branch_datetime_operator', 'example_branch_datetime_operator_2', 'example_branch_datetime_operator_3']) retrieved from /home/airflow/.local/lib/python3.8/site-packages/airflow/example_dags/example_branch_datetime_operator.py
[2023-09-09T14:15:11.387+0000] {logging_mixin.py:151} INFO - [2023-09-09T14:15:11.387+0000] {dag.py:2907} INFO - Sync 3 DAGs
[2023-09-09T14:15:11.402+0000] {logging_mixin.py:151} INFO - [2023-09-09T14:15:11.402+0000] {dag.py:3677} INFO - Setting next_dagrun for example_branch_datetime_operator to 2023-09-08T00:00:00+00:00, run_after=2023-09-09T00:00:00+00:00
[2023-09-09T14:15:11.405+0000] {logging_mixin.py:151} INFO - [2023-09-09T14:15:11.405+0000] {dag.py:3677} INFO - Setting next_dagrun for example_branch_datetime_operator_2 to 2023-09-08T00:00:00+00:00, run_after=2023-09-09T00:00:00+00:00
[2023-09-09T14:15:11.407+0000] {logging_mixin.py:151} INFO - [2023-09-09T14:15:11.407+0000] {dag.py:3677} INFO - Setting next_dagrun for example_branch_datetime_operator_3 to 2023-09-08T00:00:00+00:00, run_after=2023-09-09T00:00:00+00:00
[2023-09-09T14:15:11.418+0000] {processor.py:179} INFO - Processing /home/airflow/.local/lib/python3.8/site-packages/airflow/example_dags/example_branch_datetime_operator.py took 0.059 seconds
[2023-09-09T14:15:41.592+0000] {processor.py:157} INFO - Started process (PID=2241) to work on /home/airflow/.local/lib/python3.8/site-packages/airflow/example_dags/example_branch_datetime_operator.py
[2023-09-09T14:15:41.593+0000] {processor.py:829} INFO - Processing file /home/airflow/.local/lib/python3.8/site-packages/airflow/example_dags/example_branch_datetime_operator.py for tasks to queue
[2023-09-09T14:15:41.594+0000] {logging_mixin.py:151} INFO - [2023-09-09T14:15:41.594+0000] {dagbag.py:539} INFO - Filling up the DagBag from /home/airflow/.local/lib/python3.8/site-packages/airflow/example_dags/example_branch_datetime_operator.py
[2023-09-09T14:15:41.601+0000] {processor.py:839} INFO - DAG(s) dict_keys(['example_branch_datetime_operator_3', 'example_branch_datetime_operator_2', 'example_branch_datetime_operator']) retrieved from /home/airflow/.local/lib/python3.8/site-packages/airflow/example_dags/example_branch_datetime_operator.py
[2023-09-09T14:15:41.620+0000] {logging_mixin.py:151} INFO - [2023-09-09T14:15:41.619+0000] {dag.py:2907} INFO - Sync 3 DAGs
[2023-09-09T14:15:41.635+0000] {logging_mixin.py:151} INFO - [2023-09-09T14:15:41.635+0000] {dag.py:3677} INFO - Setting next_dagrun for example_branch_datetime_operator to 2023-09-08T00:00:00+00:00, run_after=2023-09-09T00:00:00+00:00
[2023-09-09T14:15:41.639+0000] {logging_mixin.py:151} INFO - [2023-09-09T14:15:41.639+0000] {dag.py:3677} INFO - Setting next_dagrun for example_branch_datetime_operator_2 to 2023-09-08T00:00:00+00:00, run_after=2023-09-09T00:00:00+00:00
[2023-09-09T14:15:41.640+0000] {logging_mixin.py:151} INFO - [2023-09-09T14:15:41.640+0000] {dag.py:3677} INFO - Setting next_dagrun for example_branch_datetime_operator_3 to 2023-09-08T00:00:00+00:00, run_after=2023-09-09T00:00:00+00:00
[2023-09-09T14:15:41.651+0000] {processor.py:179} INFO - Processing /home/airflow/.local/lib/python3.8/site-packages/airflow/example_dags/example_branch_datetime_operator.py took 0.062 seconds
[2023-09-09T14:16:11.916+0000] {processor.py:157} INFO - Started process (PID=2296) to work on /home/airflow/.local/lib/python3.8/site-packages/airflow/example_dags/example_branch_datetime_operator.py
[2023-09-09T14:16:11.916+0000] {processor.py:829} INFO - Processing file /home/airflow/.local/lib/python3.8/site-packages/airflow/example_dags/example_branch_datetime_operator.py for tasks to queue
[2023-09-09T14:16:11.918+0000] {logging_mixin.py:151} INFO - [2023-09-09T14:16:11.918+0000] {dagbag.py:539} INFO - Filling up the DagBag from /home/airflow/.local/lib/python3.8/site-packages/airflow/example_dags/example_branch_datetime_operator.py
[2023-09-09T14:16:11.925+0000] {processor.py:839} INFO - DAG(s) dict_keys(['example_branch_datetime_operator_3', 'example_branch_datetime_operator', 'example_branch_datetime_operator_2']) retrieved from /home/airflow/.local/lib/python3.8/site-packages/airflow/example_dags/example_branch_datetime_operator.py
[2023-09-09T14:16:11.941+0000] {logging_mixin.py:151} INFO - [2023-09-09T14:16:11.941+0000] {dag.py:2907} INFO - Sync 3 DAGs
[2023-09-09T14:16:11.956+0000] {logging_mixin.py:151} INFO - [2023-09-09T14:16:11.956+0000] {dag.py:3677} INFO - Setting next_dagrun for example_branch_datetime_operator to 2023-09-08T00:00:00+00:00, run_after=2023-09-09T00:00:00+00:00
[2023-09-09T14:16:11.960+0000] {logging_mixin.py:151} INFO - [2023-09-09T14:16:11.959+0000] {dag.py:3677} INFO - Setting next_dagrun for example_branch_datetime_operator_2 to 2023-09-08T00:00:00+00:00, run_after=2023-09-09T00:00:00+00:00
[2023-09-09T14:16:11.961+0000] {logging_mixin.py:151} INFO - [2023-09-09T14:16:11.961+0000] {dag.py:3677} INFO - Setting next_dagrun for example_branch_datetime_operator_3 to 2023-09-08T00:00:00+00:00, run_after=2023-09-09T00:00:00+00:00
[2023-09-09T14:16:11.973+0000] {processor.py:179} INFO - Processing /home/airflow/.local/lib/python3.8/site-packages/airflow/example_dags/example_branch_datetime_operator.py took 0.059 seconds
[2023-09-09T14:16:42.077+0000] {processor.py:157} INFO - Started process (PID=2351) to work on /home/airflow/.local/lib/python3.8/site-packages/airflow/example_dags/example_branch_datetime_operator.py
[2023-09-09T14:16:42.078+0000] {processor.py:829} INFO - Processing file /home/airflow/.local/lib/python3.8/site-packages/airflow/example_dags/example_branch_datetime_operator.py for tasks to queue
[2023-09-09T14:16:42.079+0000] {logging_mixin.py:151} INFO - [2023-09-09T14:16:42.079+0000] {dagbag.py:539} INFO - Filling up the DagBag from /home/airflow/.local/lib/python3.8/site-packages/airflow/example_dags/example_branch_datetime_operator.py
[2023-09-09T14:16:42.086+0000] {processor.py:839} INFO - DAG(s) dict_keys(['example_branch_datetime_operator_3', 'example_branch_datetime_operator_2', 'example_branch_datetime_operator']) retrieved from /home/airflow/.local/lib/python3.8/site-packages/airflow/example_dags/example_branch_datetime_operator.py
[2023-09-09T14:16:42.105+0000] {logging_mixin.py:151} INFO - [2023-09-09T14:16:42.105+0000] {dag.py:2907} INFO - Sync 3 DAGs
[2023-09-09T14:16:42.120+0000] {logging_mixin.py:151} INFO - [2023-09-09T14:16:42.120+0000] {dag.py:3677} INFO - Setting next_dagrun for example_branch_datetime_operator to 2023-09-08T00:00:00+00:00, run_after=2023-09-09T00:00:00+00:00
[2023-09-09T14:16:42.124+0000] {logging_mixin.py:151} INFO - [2023-09-09T14:16:42.123+0000] {dag.py:3677} INFO - Setting next_dagrun for example_branch_datetime_operator_2 to 2023-09-08T00:00:00+00:00, run_after=2023-09-09T00:00:00+00:00
[2023-09-09T14:16:42.125+0000] {logging_mixin.py:151} INFO - [2023-09-09T14:16:42.125+0000] {dag.py:3677} INFO - Setting next_dagrun for example_branch_datetime_operator_3 to 2023-09-08T00:00:00+00:00, run_after=2023-09-09T00:00:00+00:00
[2023-09-09T14:16:42.136+0000] {processor.py:179} INFO - Processing /home/airflow/.local/lib/python3.8/site-packages/airflow/example_dags/example_branch_datetime_operator.py took 0.062 seconds
[2023-09-09T14:17:12.390+0000] {processor.py:157} INFO - Started process (PID=2406) to work on /home/airflow/.local/lib/python3.8/site-packages/airflow/example_dags/example_branch_datetime_operator.py
[2023-09-09T14:17:12.391+0000] {processor.py:829} INFO - Processing file /home/airflow/.local/lib/python3.8/site-packages/airflow/example_dags/example_branch_datetime_operator.py for tasks to queue
[2023-09-09T14:17:12.393+0000] {logging_mixin.py:151} INFO - [2023-09-09T14:17:12.392+0000] {dagbag.py:539} INFO - Filling up the DagBag from /home/airflow/.local/lib/python3.8/site-packages/airflow/example_dags/example_branch_datetime_operator.py
[2023-09-09T14:17:12.400+0000] {processor.py:839} INFO - DAG(s) dict_keys(['example_branch_datetime_operator_2', 'example_branch_datetime_operator_3', 'example_branch_datetime_operator']) retrieved from /home/airflow/.local/lib/python3.8/site-packages/airflow/example_dags/example_branch_datetime_operator.py
[2023-09-09T14:17:12.421+0000] {logging_mixin.py:151} INFO - [2023-09-09T14:17:12.420+0000] {dag.py:2907} INFO - Sync 3 DAGs
[2023-09-09T14:17:12.438+0000] {logging_mixin.py:151} INFO - [2023-09-09T14:17:12.438+0000] {dag.py:3677} INFO - Setting next_dagrun for example_branch_datetime_operator to 2023-09-08T00:00:00+00:00, run_after=2023-09-09T00:00:00+00:00
[2023-09-09T14:17:12.442+0000] {logging_mixin.py:151} INFO - [2023-09-09T14:17:12.442+0000] {dag.py:3677} INFO - Setting next_dagrun for example_branch_datetime_operator_2 to 2023-09-08T00:00:00+00:00, run_after=2023-09-09T00:00:00+00:00
[2023-09-09T14:17:12.444+0000] {logging_mixin.py:151} INFO - [2023-09-09T14:17:12.443+0000] {dag.py:3677} INFO - Setting next_dagrun for example_branch_datetime_operator_3 to 2023-09-08T00:00:00+00:00, run_after=2023-09-09T00:00:00+00:00
[2023-09-09T14:17:12.455+0000] {processor.py:179} INFO - Processing /home/airflow/.local/lib/python3.8/site-packages/airflow/example_dags/example_branch_datetime_operator.py took 0.067 seconds
