[2023-09-09T13:55:40.952+0000] {processor.py:157} INFO - Started process (PID=42) to work on /home/airflow/.local/lib/python3.8/site-packages/airflow/example_dags/example_short_circuit_decorator.py
[2023-09-09T13:55:40.953+0000] {processor.py:829} INFO - Processing file /home/airflow/.local/lib/python3.8/site-packages/airflow/example_dags/example_short_circuit_decorator.py for tasks to queue
[2023-09-09T13:55:40.954+0000] {logging_mixin.py:151} INFO - [2023-09-09T13:55:40.954+0000] {dagbag.py:539} INFO - Filling up the DagBag from /home/airflow/.local/lib/python3.8/site-packages/airflow/example_dags/example_short_circuit_decorator.py
[2023-09-09T13:55:40.962+0000] {processor.py:839} INFO - DAG(s) dict_keys(['example_short_circuit_decorator']) retrieved from /home/airflow/.local/lib/python3.8/site-packages/airflow/example_dags/example_short_circuit_decorator.py
[2023-09-09T13:55:40.982+0000] {logging_mixin.py:151} INFO - [2023-09-09T13:55:40.982+0000] {dag.py:2907} INFO - Sync 1 DAGs
[2023-09-09T13:55:40.997+0000] {logging_mixin.py:151} INFO - [2023-09-09T13:55:40.997+0000] {dag.py:3677} INFO - Setting next_dagrun for example_short_circuit_decorator to 2023-09-08T13:55:40.997526+00:00, run_after=2023-09-09T13:55:40.997526+00:00
[2023-09-09T13:55:41.012+0000] {processor.py:179} INFO - Processing /home/airflow/.local/lib/python3.8/site-packages/airflow/example_dags/example_short_circuit_decorator.py took 0.062 seconds
[2023-09-09T13:56:11.079+0000] {processor.py:157} INFO - Started process (PID=97) to work on /home/airflow/.local/lib/python3.8/site-packages/airflow/example_dags/example_short_circuit_decorator.py
[2023-09-09T13:56:11.080+0000] {processor.py:829} INFO - Processing file /home/airflow/.local/lib/python3.8/site-packages/airflow/example_dags/example_short_circuit_decorator.py for tasks to queue
[2023-09-09T13:56:11.081+0000] {logging_mixin.py:151} INFO - [2023-09-09T13:56:11.081+0000] {dagbag.py:539} INFO - Filling up the DagBag from /home/airflow/.local/lib/python3.8/site-packages/airflow/example_dags/example_short_circuit_decorator.py
[2023-09-09T13:56:11.087+0000] {processor.py:839} INFO - DAG(s) dict_keys(['example_short_circuit_decorator']) retrieved from /home/airflow/.local/lib/python3.8/site-packages/airflow/example_dags/example_short_circuit_decorator.py
[2023-09-09T13:56:11.102+0000] {logging_mixin.py:151} INFO - [2023-09-09T13:56:11.101+0000] {dag.py:2907} INFO - Sync 1 DAGs
[2023-09-09T13:56:11.115+0000] {logging_mixin.py:151} INFO - [2023-09-09T13:56:11.115+0000] {dag.py:3677} INFO - Setting next_dagrun for example_short_circuit_decorator to 2023-09-08T13:56:11.115077+00:00, run_after=2023-09-09T13:56:11.115077+00:00
[2023-09-09T13:56:11.126+0000] {processor.py:179} INFO - Processing /home/airflow/.local/lib/python3.8/site-packages/airflow/example_dags/example_short_circuit_decorator.py took 0.049 seconds
[2023-09-09T13:56:41.213+0000] {processor.py:157} INFO - Started process (PID=152) to work on /home/airflow/.local/lib/python3.8/site-packages/airflow/example_dags/example_short_circuit_decorator.py
[2023-09-09T13:56:41.214+0000] {processor.py:829} INFO - Processing file /home/airflow/.local/lib/python3.8/site-packages/airflow/example_dags/example_short_circuit_decorator.py for tasks to queue
[2023-09-09T13:56:41.216+0000] {logging_mixin.py:151} INFO - [2023-09-09T13:56:41.216+0000] {dagbag.py:539} INFO - Filling up the DagBag from /home/airflow/.local/lib/python3.8/site-packages/airflow/example_dags/example_short_circuit_decorator.py
[2023-09-09T13:56:41.222+0000] {processor.py:839} INFO - DAG(s) dict_keys(['example_short_circuit_decorator']) retrieved from /home/airflow/.local/lib/python3.8/site-packages/airflow/example_dags/example_short_circuit_decorator.py
[2023-09-09T13:56:41.239+0000] {logging_mixin.py:151} INFO - [2023-09-09T13:56:41.239+0000] {dag.py:2907} INFO - Sync 1 DAGs
[2023-09-09T13:56:41.253+0000] {logging_mixin.py:151} INFO - [2023-09-09T13:56:41.252+0000] {dag.py:3677} INFO - Setting next_dagrun for example_short_circuit_decorator to 2023-09-08T13:56:41.252790+00:00, run_after=2023-09-09T13:56:41.252790+00:00
[2023-09-09T13:56:41.263+0000] {processor.py:179} INFO - Processing /home/airflow/.local/lib/python3.8/site-packages/airflow/example_dags/example_short_circuit_decorator.py took 0.053 seconds
[2023-09-09T13:57:11.678+0000] {processor.py:157} INFO - Started process (PID=209) to work on /home/airflow/.local/lib/python3.8/site-packages/airflow/example_dags/example_short_circuit_decorator.py
[2023-09-09T13:57:11.679+0000] {processor.py:829} INFO - Processing file /home/airflow/.local/lib/python3.8/site-packages/airflow/example_dags/example_short_circuit_decorator.py for tasks to queue
[2023-09-09T13:57:11.680+0000] {logging_mixin.py:151} INFO - [2023-09-09T13:57:11.680+0000] {dagbag.py:539} INFO - Filling up the DagBag from /home/airflow/.local/lib/python3.8/site-packages/airflow/example_dags/example_short_circuit_decorator.py
[2023-09-09T13:57:11.686+0000] {processor.py:839} INFO - DAG(s) dict_keys(['example_short_circuit_decorator']) retrieved from /home/airflow/.local/lib/python3.8/site-packages/airflow/example_dags/example_short_circuit_decorator.py
[2023-09-09T13:57:11.701+0000] {logging_mixin.py:151} INFO - [2023-09-09T13:57:11.701+0000] {dag.py:2907} INFO - Sync 1 DAGs
[2023-09-09T13:57:11.714+0000] {logging_mixin.py:151} INFO - [2023-09-09T13:57:11.714+0000] {dag.py:3677} INFO - Setting next_dagrun for example_short_circuit_decorator to 2023-09-08T13:57:11.714288+00:00, run_after=2023-09-09T13:57:11.714288+00:00
[2023-09-09T13:57:11.726+0000] {processor.py:179} INFO - Processing /home/airflow/.local/lib/python3.8/site-packages/airflow/example_dags/example_short_circuit_decorator.py took 0.050 seconds
[2023-09-09T13:57:41.891+0000] {processor.py:157} INFO - Started process (PID=265) to work on /home/airflow/.local/lib/python3.8/site-packages/airflow/example_dags/example_short_circuit_decorator.py
[2023-09-09T13:57:41.891+0000] {processor.py:829} INFO - Processing file /home/airflow/.local/lib/python3.8/site-packages/airflow/example_dags/example_short_circuit_decorator.py for tasks to queue
[2023-09-09T13:57:41.893+0000] {logging_mixin.py:151} INFO - [2023-09-09T13:57:41.893+0000] {dagbag.py:539} INFO - Filling up the DagBag from /home/airflow/.local/lib/python3.8/site-packages/airflow/example_dags/example_short_circuit_decorator.py
[2023-09-09T13:57:41.898+0000] {processor.py:839} INFO - DAG(s) dict_keys(['example_short_circuit_decorator']) retrieved from /home/airflow/.local/lib/python3.8/site-packages/airflow/example_dags/example_short_circuit_decorator.py
[2023-09-09T13:57:41.912+0000] {logging_mixin.py:151} INFO - [2023-09-09T13:57:41.912+0000] {dag.py:2907} INFO - Sync 1 DAGs
[2023-09-09T13:57:41.926+0000] {logging_mixin.py:151} INFO - [2023-09-09T13:57:41.926+0000] {dag.py:3677} INFO - Setting next_dagrun for example_short_circuit_decorator to 2023-09-08T13:57:41.926085+00:00, run_after=2023-09-09T13:57:41.926085+00:00
[2023-09-09T13:57:41.938+0000] {processor.py:179} INFO - Processing /home/airflow/.local/lib/python3.8/site-packages/airflow/example_dags/example_short_circuit_decorator.py took 0.049 seconds
[2023-09-09T13:58:12.069+0000] {processor.py:157} INFO - Started process (PID=320) to work on /home/airflow/.local/lib/python3.8/site-packages/airflow/example_dags/example_short_circuit_decorator.py
[2023-09-09T13:58:12.070+0000] {processor.py:829} INFO - Processing file /home/airflow/.local/lib/python3.8/site-packages/airflow/example_dags/example_short_circuit_decorator.py for tasks to queue
[2023-09-09T13:58:12.071+0000] {logging_mixin.py:151} INFO - [2023-09-09T13:58:12.071+0000] {dagbag.py:539} INFO - Filling up the DagBag from /home/airflow/.local/lib/python3.8/site-packages/airflow/example_dags/example_short_circuit_decorator.py
[2023-09-09T13:58:12.077+0000] {processor.py:839} INFO - DAG(s) dict_keys(['example_short_circuit_decorator']) retrieved from /home/airflow/.local/lib/python3.8/site-packages/airflow/example_dags/example_short_circuit_decorator.py
[2023-09-09T13:58:12.090+0000] {logging_mixin.py:151} INFO - [2023-09-09T13:58:12.090+0000] {dag.py:2907} INFO - Sync 1 DAGs
[2023-09-09T13:58:12.103+0000] {logging_mixin.py:151} INFO - [2023-09-09T13:58:12.103+0000] {dag.py:3677} INFO - Setting next_dagrun for example_short_circuit_decorator to 2023-09-08T13:58:12.103296+00:00, run_after=2023-09-09T13:58:12.103296+00:00
[2023-09-09T13:58:12.114+0000] {processor.py:179} INFO - Processing /home/airflow/.local/lib/python3.8/site-packages/airflow/example_dags/example_short_circuit_decorator.py took 0.047 seconds
[2023-09-09T13:58:42.933+0000] {processor.py:157} INFO - Started process (PID=375) to work on /home/airflow/.local/lib/python3.8/site-packages/airflow/example_dags/example_short_circuit_decorator.py
[2023-09-09T13:58:42.934+0000] {processor.py:829} INFO - Processing file /home/airflow/.local/lib/python3.8/site-packages/airflow/example_dags/example_short_circuit_decorator.py for tasks to queue
[2023-09-09T13:58:42.935+0000] {logging_mixin.py:151} INFO - [2023-09-09T13:58:42.935+0000] {dagbag.py:539} INFO - Filling up the DagBag from /home/airflow/.local/lib/python3.8/site-packages/airflow/example_dags/example_short_circuit_decorator.py
[2023-09-09T13:58:42.941+0000] {processor.py:839} INFO - DAG(s) dict_keys(['example_short_circuit_decorator']) retrieved from /home/airflow/.local/lib/python3.8/site-packages/airflow/example_dags/example_short_circuit_decorator.py
[2023-09-09T13:58:42.954+0000] {logging_mixin.py:151} INFO - [2023-09-09T13:58:42.954+0000] {dag.py:2907} INFO - Sync 1 DAGs
[2023-09-09T13:58:42.967+0000] {logging_mixin.py:151} INFO - [2023-09-09T13:58:42.967+0000] {dag.py:3677} INFO - Setting next_dagrun for example_short_circuit_decorator to 2023-09-08T13:58:42.967145+00:00, run_after=2023-09-09T13:58:42.967145+00:00
[2023-09-09T13:58:42.978+0000] {processor.py:179} INFO - Processing /home/airflow/.local/lib/python3.8/site-packages/airflow/example_dags/example_short_circuit_decorator.py took 0.047 seconds
[2023-09-09T13:59:13.729+0000] {processor.py:157} INFO - Started process (PID=430) to work on /home/airflow/.local/lib/python3.8/site-packages/airflow/example_dags/example_short_circuit_decorator.py
[2023-09-09T13:59:13.729+0000] {processor.py:829} INFO - Processing file /home/airflow/.local/lib/python3.8/site-packages/airflow/example_dags/example_short_circuit_decorator.py for tasks to queue
[2023-09-09T13:59:13.731+0000] {logging_mixin.py:151} INFO - [2023-09-09T13:59:13.731+0000] {dagbag.py:539} INFO - Filling up the DagBag from /home/airflow/.local/lib/python3.8/site-packages/airflow/example_dags/example_short_circuit_decorator.py
[2023-09-09T13:59:13.736+0000] {processor.py:839} INFO - DAG(s) dict_keys(['example_short_circuit_decorator']) retrieved from /home/airflow/.local/lib/python3.8/site-packages/airflow/example_dags/example_short_circuit_decorator.py
[2023-09-09T13:59:13.750+0000] {logging_mixin.py:151} INFO - [2023-09-09T13:59:13.750+0000] {dag.py:2907} INFO - Sync 1 DAGs
[2023-09-09T13:59:13.763+0000] {logging_mixin.py:151} INFO - [2023-09-09T13:59:13.763+0000] {dag.py:3677} INFO - Setting next_dagrun for example_short_circuit_decorator to 2023-09-08T13:59:13.763387+00:00, run_after=2023-09-09T13:59:13.763387+00:00
[2023-09-09T13:59:13.774+0000] {processor.py:179} INFO - Processing /home/airflow/.local/lib/python3.8/site-packages/airflow/example_dags/example_short_circuit_decorator.py took 0.048 seconds
[2023-09-09T13:59:44.581+0000] {processor.py:157} INFO - Started process (PID=485) to work on /home/airflow/.local/lib/python3.8/site-packages/airflow/example_dags/example_short_circuit_decorator.py
[2023-09-09T13:59:44.582+0000] {processor.py:829} INFO - Processing file /home/airflow/.local/lib/python3.8/site-packages/airflow/example_dags/example_short_circuit_decorator.py for tasks to queue
[2023-09-09T13:59:44.583+0000] {logging_mixin.py:151} INFO - [2023-09-09T13:59:44.583+0000] {dagbag.py:539} INFO - Filling up the DagBag from /home/airflow/.local/lib/python3.8/site-packages/airflow/example_dags/example_short_circuit_decorator.py
[2023-09-09T13:59:44.589+0000] {processor.py:839} INFO - DAG(s) dict_keys(['example_short_circuit_decorator']) retrieved from /home/airflow/.local/lib/python3.8/site-packages/airflow/example_dags/example_short_circuit_decorator.py
[2023-09-09T13:59:44.603+0000] {logging_mixin.py:151} INFO - [2023-09-09T13:59:44.603+0000] {dag.py:2907} INFO - Sync 1 DAGs
[2023-09-09T13:59:44.616+0000] {logging_mixin.py:151} INFO - [2023-09-09T13:59:44.615+0000] {dag.py:3677} INFO - Setting next_dagrun for example_short_circuit_decorator to 2023-09-08T13:59:44.615749+00:00, run_after=2023-09-09T13:59:44.615749+00:00
[2023-09-09T13:59:44.627+0000] {processor.py:179} INFO - Processing /home/airflow/.local/lib/python3.8/site-packages/airflow/example_dags/example_short_circuit_decorator.py took 0.047 seconds
[2023-09-09T14:00:14.788+0000] {processor.py:157} INFO - Started process (PID=540) to work on /home/airflow/.local/lib/python3.8/site-packages/airflow/example_dags/example_short_circuit_decorator.py
[2023-09-09T14:00:14.789+0000] {processor.py:829} INFO - Processing file /home/airflow/.local/lib/python3.8/site-packages/airflow/example_dags/example_short_circuit_decorator.py for tasks to queue
[2023-09-09T14:00:14.791+0000] {logging_mixin.py:151} INFO - [2023-09-09T14:00:14.790+0000] {dagbag.py:539} INFO - Filling up the DagBag from /home/airflow/.local/lib/python3.8/site-packages/airflow/example_dags/example_short_circuit_decorator.py
[2023-09-09T14:00:14.796+0000] {processor.py:839} INFO - DAG(s) dict_keys(['example_short_circuit_decorator']) retrieved from /home/airflow/.local/lib/python3.8/site-packages/airflow/example_dags/example_short_circuit_decorator.py
[2023-09-09T14:00:14.813+0000] {logging_mixin.py:151} INFO - [2023-09-09T14:00:14.813+0000] {dag.py:2907} INFO - Sync 1 DAGs
[2023-09-09T14:00:14.826+0000] {logging_mixin.py:151} INFO - [2023-09-09T14:00:14.826+0000] {dag.py:3677} INFO - Setting next_dagrun for example_short_circuit_decorator to 2023-09-08T14:00:14.826255+00:00, run_after=2023-09-09T14:00:14.826255+00:00
[2023-09-09T14:00:14.838+0000] {processor.py:179} INFO - Processing /home/airflow/.local/lib/python3.8/site-packages/airflow/example_dags/example_short_circuit_decorator.py took 0.051 seconds
[2023-09-09T14:00:44.944+0000] {processor.py:157} INFO - Started process (PID=595) to work on /home/airflow/.local/lib/python3.8/site-packages/airflow/example_dags/example_short_circuit_decorator.py
[2023-09-09T14:00:44.944+0000] {processor.py:829} INFO - Processing file /home/airflow/.local/lib/python3.8/site-packages/airflow/example_dags/example_short_circuit_decorator.py for tasks to queue
[2023-09-09T14:00:44.946+0000] {logging_mixin.py:151} INFO - [2023-09-09T14:00:44.946+0000] {dagbag.py:539} INFO - Filling up the DagBag from /home/airflow/.local/lib/python3.8/site-packages/airflow/example_dags/example_short_circuit_decorator.py
[2023-09-09T14:00:44.952+0000] {processor.py:839} INFO - DAG(s) dict_keys(['example_short_circuit_decorator']) retrieved from /home/airflow/.local/lib/python3.8/site-packages/airflow/example_dags/example_short_circuit_decorator.py
[2023-09-09T14:00:45.037+0000] {logging_mixin.py:151} INFO - [2023-09-09T14:00:45.037+0000] {dag.py:2907} INFO - Sync 1 DAGs
[2023-09-09T14:00:45.054+0000] {logging_mixin.py:151} INFO - [2023-09-09T14:00:45.054+0000] {dag.py:3677} INFO - Setting next_dagrun for example_short_circuit_decorator to 2023-09-08T14:00:45.054302+00:00, run_after=2023-09-09T14:00:45.054302+00:00
[2023-09-09T14:00:45.067+0000] {processor.py:179} INFO - Processing /home/airflow/.local/lib/python3.8/site-packages/airflow/example_dags/example_short_circuit_decorator.py took 0.126 seconds
[2023-09-09T14:01:15.108+0000] {processor.py:157} INFO - Started process (PID=650) to work on /home/airflow/.local/lib/python3.8/site-packages/airflow/example_dags/example_short_circuit_decorator.py
[2023-09-09T14:01:15.109+0000] {processor.py:829} INFO - Processing file /home/airflow/.local/lib/python3.8/site-packages/airflow/example_dags/example_short_circuit_decorator.py for tasks to queue
[2023-09-09T14:01:15.110+0000] {logging_mixin.py:151} INFO - [2023-09-09T14:01:15.110+0000] {dagbag.py:539} INFO - Filling up the DagBag from /home/airflow/.local/lib/python3.8/site-packages/airflow/example_dags/example_short_circuit_decorator.py
[2023-09-09T14:01:15.116+0000] {processor.py:839} INFO - DAG(s) dict_keys(['example_short_circuit_decorator']) retrieved from /home/airflow/.local/lib/python3.8/site-packages/airflow/example_dags/example_short_circuit_decorator.py
[2023-09-09T14:01:15.132+0000] {logging_mixin.py:151} INFO - [2023-09-09T14:01:15.132+0000] {dag.py:2907} INFO - Sync 1 DAGs
[2023-09-09T14:01:15.146+0000] {logging_mixin.py:151} INFO - [2023-09-09T14:01:15.146+0000] {dag.py:3677} INFO - Setting next_dagrun for example_short_circuit_decorator to 2023-09-08T14:01:15.145911+00:00, run_after=2023-09-09T14:01:15.145911+00:00
[2023-09-09T14:01:15.158+0000] {processor.py:179} INFO - Processing /home/airflow/.local/lib/python3.8/site-packages/airflow/example_dags/example_short_circuit_decorator.py took 0.052 seconds
[2023-09-09T14:01:45.284+0000] {processor.py:157} INFO - Started process (PID=705) to work on /home/airflow/.local/lib/python3.8/site-packages/airflow/example_dags/example_short_circuit_decorator.py
[2023-09-09T14:01:45.285+0000] {processor.py:829} INFO - Processing file /home/airflow/.local/lib/python3.8/site-packages/airflow/example_dags/example_short_circuit_decorator.py for tasks to queue
[2023-09-09T14:01:45.286+0000] {logging_mixin.py:151} INFO - [2023-09-09T14:01:45.286+0000] {dagbag.py:539} INFO - Filling up the DagBag from /home/airflow/.local/lib/python3.8/site-packages/airflow/example_dags/example_short_circuit_decorator.py
[2023-09-09T14:01:45.292+0000] {processor.py:839} INFO - DAG(s) dict_keys(['example_short_circuit_decorator']) retrieved from /home/airflow/.local/lib/python3.8/site-packages/airflow/example_dags/example_short_circuit_decorator.py
[2023-09-09T14:01:45.306+0000] {logging_mixin.py:151} INFO - [2023-09-09T14:01:45.306+0000] {dag.py:2907} INFO - Sync 1 DAGs
[2023-09-09T14:01:45.319+0000] {logging_mixin.py:151} INFO - [2023-09-09T14:01:45.319+0000] {dag.py:3677} INFO - Setting next_dagrun for example_short_circuit_decorator to 2023-09-08T14:01:45.319217+00:00, run_after=2023-09-09T14:01:45.319217+00:00
[2023-09-09T14:01:45.330+0000] {processor.py:179} INFO - Processing /home/airflow/.local/lib/python3.8/site-packages/airflow/example_dags/example_short_circuit_decorator.py took 0.049 seconds
[2023-09-09T14:02:15.438+0000] {processor.py:157} INFO - Started process (PID=760) to work on /home/airflow/.local/lib/python3.8/site-packages/airflow/example_dags/example_short_circuit_decorator.py
[2023-09-09T14:02:15.439+0000] {processor.py:829} INFO - Processing file /home/airflow/.local/lib/python3.8/site-packages/airflow/example_dags/example_short_circuit_decorator.py for tasks to queue
[2023-09-09T14:02:15.440+0000] {logging_mixin.py:151} INFO - [2023-09-09T14:02:15.440+0000] {dagbag.py:539} INFO - Filling up the DagBag from /home/airflow/.local/lib/python3.8/site-packages/airflow/example_dags/example_short_circuit_decorator.py
[2023-09-09T14:02:15.446+0000] {processor.py:839} INFO - DAG(s) dict_keys(['example_short_circuit_decorator']) retrieved from /home/airflow/.local/lib/python3.8/site-packages/airflow/example_dags/example_short_circuit_decorator.py
[2023-09-09T14:02:15.461+0000] {logging_mixin.py:151} INFO - [2023-09-09T14:02:15.460+0000] {dag.py:2907} INFO - Sync 1 DAGs
[2023-09-09T14:02:15.474+0000] {logging_mixin.py:151} INFO - [2023-09-09T14:02:15.474+0000] {dag.py:3677} INFO - Setting next_dagrun for example_short_circuit_decorator to 2023-09-08T14:02:15.473959+00:00, run_after=2023-09-09T14:02:15.473959+00:00
[2023-09-09T14:02:15.487+0000] {processor.py:179} INFO - Processing /home/airflow/.local/lib/python3.8/site-packages/airflow/example_dags/example_short_circuit_decorator.py took 0.051 seconds
[2023-09-09T14:02:45.572+0000] {processor.py:157} INFO - Started process (PID=815) to work on /home/airflow/.local/lib/python3.8/site-packages/airflow/example_dags/example_short_circuit_decorator.py
[2023-09-09T14:02:45.573+0000] {processor.py:829} INFO - Processing file /home/airflow/.local/lib/python3.8/site-packages/airflow/example_dags/example_short_circuit_decorator.py for tasks to queue
[2023-09-09T14:02:45.574+0000] {logging_mixin.py:151} INFO - [2023-09-09T14:02:45.574+0000] {dagbag.py:539} INFO - Filling up the DagBag from /home/airflow/.local/lib/python3.8/site-packages/airflow/example_dags/example_short_circuit_decorator.py
[2023-09-09T14:02:45.580+0000] {processor.py:839} INFO - DAG(s) dict_keys(['example_short_circuit_decorator']) retrieved from /home/airflow/.local/lib/python3.8/site-packages/airflow/example_dags/example_short_circuit_decorator.py
[2023-09-09T14:02:45.594+0000] {logging_mixin.py:151} INFO - [2023-09-09T14:02:45.594+0000] {dag.py:2907} INFO - Sync 1 DAGs
[2023-09-09T14:02:45.609+0000] {logging_mixin.py:151} INFO - [2023-09-09T14:02:45.608+0000] {dag.py:3677} INFO - Setting next_dagrun for example_short_circuit_decorator to 2023-09-08T14:02:45.608696+00:00, run_after=2023-09-09T14:02:45.608696+00:00
[2023-09-09T14:02:45.620+0000] {processor.py:179} INFO - Processing /home/airflow/.local/lib/python3.8/site-packages/airflow/example_dags/example_short_circuit_decorator.py took 0.050 seconds
[2023-09-09T14:03:15.751+0000] {processor.py:157} INFO - Started process (PID=870) to work on /home/airflow/.local/lib/python3.8/site-packages/airflow/example_dags/example_short_circuit_decorator.py
[2023-09-09T14:03:15.752+0000] {processor.py:829} INFO - Processing file /home/airflow/.local/lib/python3.8/site-packages/airflow/example_dags/example_short_circuit_decorator.py for tasks to queue
[2023-09-09T14:03:15.753+0000] {logging_mixin.py:151} INFO - [2023-09-09T14:03:15.753+0000] {dagbag.py:539} INFO - Filling up the DagBag from /home/airflow/.local/lib/python3.8/site-packages/airflow/example_dags/example_short_circuit_decorator.py
[2023-09-09T14:03:15.759+0000] {processor.py:839} INFO - DAG(s) dict_keys(['example_short_circuit_decorator']) retrieved from /home/airflow/.local/lib/python3.8/site-packages/airflow/example_dags/example_short_circuit_decorator.py
[2023-09-09T14:03:15.772+0000] {logging_mixin.py:151} INFO - [2023-09-09T14:03:15.772+0000] {dag.py:2907} INFO - Sync 1 DAGs
[2023-09-09T14:03:15.784+0000] {logging_mixin.py:151} INFO - [2023-09-09T14:03:15.784+0000] {dag.py:3677} INFO - Setting next_dagrun for example_short_circuit_decorator to 2023-09-08T14:03:15.784667+00:00, run_after=2023-09-09T14:03:15.784667+00:00
[2023-09-09T14:03:15.796+0000] {processor.py:179} INFO - Processing /home/airflow/.local/lib/python3.8/site-packages/airflow/example_dags/example_short_circuit_decorator.py took 0.046 seconds
[2023-09-09T14:03:45.974+0000] {processor.py:157} INFO - Started process (PID=925) to work on /home/airflow/.local/lib/python3.8/site-packages/airflow/example_dags/example_short_circuit_decorator.py
[2023-09-09T14:03:45.975+0000] {processor.py:829} INFO - Processing file /home/airflow/.local/lib/python3.8/site-packages/airflow/example_dags/example_short_circuit_decorator.py for tasks to queue
[2023-09-09T14:03:45.976+0000] {logging_mixin.py:151} INFO - [2023-09-09T14:03:45.976+0000] {dagbag.py:539} INFO - Filling up the DagBag from /home/airflow/.local/lib/python3.8/site-packages/airflow/example_dags/example_short_circuit_decorator.py
[2023-09-09T14:03:45.982+0000] {processor.py:839} INFO - DAG(s) dict_keys(['example_short_circuit_decorator']) retrieved from /home/airflow/.local/lib/python3.8/site-packages/airflow/example_dags/example_short_circuit_decorator.py
[2023-09-09T14:03:45.995+0000] {logging_mixin.py:151} INFO - [2023-09-09T14:03:45.995+0000] {dag.py:2907} INFO - Sync 1 DAGs
[2023-09-09T14:03:46.008+0000] {logging_mixin.py:151} INFO - [2023-09-09T14:03:46.008+0000] {dag.py:3677} INFO - Setting next_dagrun for example_short_circuit_decorator to 2023-09-08T14:03:46.007828+00:00, run_after=2023-09-09T14:03:46.007828+00:00
[2023-09-09T14:03:46.019+0000] {processor.py:179} INFO - Processing /home/airflow/.local/lib/python3.8/site-packages/airflow/example_dags/example_short_circuit_decorator.py took 0.047 seconds
[2023-09-09T14:04:16.149+0000] {processor.py:157} INFO - Started process (PID=980) to work on /home/airflow/.local/lib/python3.8/site-packages/airflow/example_dags/example_short_circuit_decorator.py
[2023-09-09T14:04:16.150+0000] {processor.py:829} INFO - Processing file /home/airflow/.local/lib/python3.8/site-packages/airflow/example_dags/example_short_circuit_decorator.py for tasks to queue
[2023-09-09T14:04:16.151+0000] {logging_mixin.py:151} INFO - [2023-09-09T14:04:16.151+0000] {dagbag.py:539} INFO - Filling up the DagBag from /home/airflow/.local/lib/python3.8/site-packages/airflow/example_dags/example_short_circuit_decorator.py
[2023-09-09T14:04:16.158+0000] {processor.py:839} INFO - DAG(s) dict_keys(['example_short_circuit_decorator']) retrieved from /home/airflow/.local/lib/python3.8/site-packages/airflow/example_dags/example_short_circuit_decorator.py
[2023-09-09T14:04:16.171+0000] {logging_mixin.py:151} INFO - [2023-09-09T14:04:16.171+0000] {dag.py:2907} INFO - Sync 1 DAGs
[2023-09-09T14:04:16.184+0000] {logging_mixin.py:151} INFO - [2023-09-09T14:04:16.184+0000] {dag.py:3677} INFO - Setting next_dagrun for example_short_circuit_decorator to 2023-09-08T14:04:16.184146+00:00, run_after=2023-09-09T14:04:16.184146+00:00
[2023-09-09T14:04:16.195+0000] {processor.py:179} INFO - Processing /home/airflow/.local/lib/python3.8/site-packages/airflow/example_dags/example_short_circuit_decorator.py took 0.049 seconds
[2023-09-09T14:04:46.234+0000] {processor.py:157} INFO - Started process (PID=1035) to work on /home/airflow/.local/lib/python3.8/site-packages/airflow/example_dags/example_short_circuit_decorator.py
[2023-09-09T14:04:46.235+0000] {processor.py:829} INFO - Processing file /home/airflow/.local/lib/python3.8/site-packages/airflow/example_dags/example_short_circuit_decorator.py for tasks to queue
[2023-09-09T14:04:46.236+0000] {logging_mixin.py:151} INFO - [2023-09-09T14:04:46.236+0000] {dagbag.py:539} INFO - Filling up the DagBag from /home/airflow/.local/lib/python3.8/site-packages/airflow/example_dags/example_short_circuit_decorator.py
[2023-09-09T14:04:46.242+0000] {processor.py:839} INFO - DAG(s) dict_keys(['example_short_circuit_decorator']) retrieved from /home/airflow/.local/lib/python3.8/site-packages/airflow/example_dags/example_short_circuit_decorator.py
[2023-09-09T14:04:46.255+0000] {logging_mixin.py:151} INFO - [2023-09-09T14:04:46.255+0000] {dag.py:2907} INFO - Sync 1 DAGs
[2023-09-09T14:04:46.268+0000] {logging_mixin.py:151} INFO - [2023-09-09T14:04:46.267+0000] {dag.py:3677} INFO - Setting next_dagrun for example_short_circuit_decorator to 2023-09-08T14:04:46.267711+00:00, run_after=2023-09-09T14:04:46.267711+00:00
[2023-09-09T14:04:46.278+0000] {processor.py:179} INFO - Processing /home/airflow/.local/lib/python3.8/site-packages/airflow/example_dags/example_short_circuit_decorator.py took 0.046 seconds
[2023-09-09T14:05:16.417+0000] {processor.py:157} INFO - Started process (PID=1090) to work on /home/airflow/.local/lib/python3.8/site-packages/airflow/example_dags/example_short_circuit_decorator.py
[2023-09-09T14:05:16.418+0000] {processor.py:829} INFO - Processing file /home/airflow/.local/lib/python3.8/site-packages/airflow/example_dags/example_short_circuit_decorator.py for tasks to queue
[2023-09-09T14:05:16.420+0000] {logging_mixin.py:151} INFO - [2023-09-09T14:05:16.420+0000] {dagbag.py:539} INFO - Filling up the DagBag from /home/airflow/.local/lib/python3.8/site-packages/airflow/example_dags/example_short_circuit_decorator.py
[2023-09-09T14:05:16.428+0000] {processor.py:839} INFO - DAG(s) dict_keys(['example_short_circuit_decorator']) retrieved from /home/airflow/.local/lib/python3.8/site-packages/airflow/example_dags/example_short_circuit_decorator.py
[2023-09-09T14:05:16.442+0000] {logging_mixin.py:151} INFO - [2023-09-09T14:05:16.442+0000] {dag.py:2907} INFO - Sync 1 DAGs
[2023-09-09T14:05:16.455+0000] {logging_mixin.py:151} INFO - [2023-09-09T14:05:16.454+0000] {dag.py:3677} INFO - Setting next_dagrun for example_short_circuit_decorator to 2023-09-08T14:05:16.454857+00:00, run_after=2023-09-09T14:05:16.454857+00:00
[2023-09-09T14:05:16.466+0000] {processor.py:179} INFO - Processing /home/airflow/.local/lib/python3.8/site-packages/airflow/example_dags/example_short_circuit_decorator.py took 0.051 seconds
[2023-09-09T14:05:46.603+0000] {processor.py:157} INFO - Started process (PID=1145) to work on /home/airflow/.local/lib/python3.8/site-packages/airflow/example_dags/example_short_circuit_decorator.py
[2023-09-09T14:05:46.603+0000] {processor.py:829} INFO - Processing file /home/airflow/.local/lib/python3.8/site-packages/airflow/example_dags/example_short_circuit_decorator.py for tasks to queue
[2023-09-09T14:05:46.605+0000] {logging_mixin.py:151} INFO - [2023-09-09T14:05:46.605+0000] {dagbag.py:539} INFO - Filling up the DagBag from /home/airflow/.local/lib/python3.8/site-packages/airflow/example_dags/example_short_circuit_decorator.py
[2023-09-09T14:05:46.611+0000] {processor.py:839} INFO - DAG(s) dict_keys(['example_short_circuit_decorator']) retrieved from /home/airflow/.local/lib/python3.8/site-packages/airflow/example_dags/example_short_circuit_decorator.py
[2023-09-09T14:05:46.625+0000] {logging_mixin.py:151} INFO - [2023-09-09T14:05:46.625+0000] {dag.py:2907} INFO - Sync 1 DAGs
[2023-09-09T14:05:46.638+0000] {logging_mixin.py:151} INFO - [2023-09-09T14:05:46.638+0000] {dag.py:3677} INFO - Setting next_dagrun for example_short_circuit_decorator to 2023-09-08T14:05:46.638238+00:00, run_after=2023-09-09T14:05:46.638238+00:00
[2023-09-09T14:05:46.650+0000] {processor.py:179} INFO - Processing /home/airflow/.local/lib/python3.8/site-packages/airflow/example_dags/example_short_circuit_decorator.py took 0.050 seconds
[2023-09-09T14:06:16.915+0000] {processor.py:157} INFO - Started process (PID=1200) to work on /home/airflow/.local/lib/python3.8/site-packages/airflow/example_dags/example_short_circuit_decorator.py
[2023-09-09T14:06:16.915+0000] {processor.py:829} INFO - Processing file /home/airflow/.local/lib/python3.8/site-packages/airflow/example_dags/example_short_circuit_decorator.py for tasks to queue
[2023-09-09T14:06:16.917+0000] {logging_mixin.py:151} INFO - [2023-09-09T14:06:16.916+0000] {dagbag.py:539} INFO - Filling up the DagBag from /home/airflow/.local/lib/python3.8/site-packages/airflow/example_dags/example_short_circuit_decorator.py
[2023-09-09T14:06:16.922+0000] {processor.py:839} INFO - DAG(s) dict_keys(['example_short_circuit_decorator']) retrieved from /home/airflow/.local/lib/python3.8/site-packages/airflow/example_dags/example_short_circuit_decorator.py
[2023-09-09T14:06:16.935+0000] {logging_mixin.py:151} INFO - [2023-09-09T14:06:16.935+0000] {dag.py:2907} INFO - Sync 1 DAGs
[2023-09-09T14:06:16.948+0000] {logging_mixin.py:151} INFO - [2023-09-09T14:06:16.948+0000] {dag.py:3677} INFO - Setting next_dagrun for example_short_circuit_decorator to 2023-09-08T14:06:16.948471+00:00, run_after=2023-09-09T14:06:16.948471+00:00
[2023-09-09T14:06:16.960+0000] {processor.py:179} INFO - Processing /home/airflow/.local/lib/python3.8/site-packages/airflow/example_dags/example_short_circuit_decorator.py took 0.047 seconds
[2023-09-09T14:06:47.842+0000] {processor.py:157} INFO - Started process (PID=1255) to work on /home/airflow/.local/lib/python3.8/site-packages/airflow/example_dags/example_short_circuit_decorator.py
[2023-09-09T14:06:47.842+0000] {processor.py:829} INFO - Processing file /home/airflow/.local/lib/python3.8/site-packages/airflow/example_dags/example_short_circuit_decorator.py for tasks to queue
[2023-09-09T14:06:47.844+0000] {logging_mixin.py:151} INFO - [2023-09-09T14:06:47.844+0000] {dagbag.py:539} INFO - Filling up the DagBag from /home/airflow/.local/lib/python3.8/site-packages/airflow/example_dags/example_short_circuit_decorator.py
[2023-09-09T14:06:47.849+0000] {processor.py:839} INFO - DAG(s) dict_keys(['example_short_circuit_decorator']) retrieved from /home/airflow/.local/lib/python3.8/site-packages/airflow/example_dags/example_short_circuit_decorator.py
[2023-09-09T14:06:47.863+0000] {logging_mixin.py:151} INFO - [2023-09-09T14:06:47.862+0000] {dag.py:2907} INFO - Sync 1 DAGs
[2023-09-09T14:06:47.875+0000] {logging_mixin.py:151} INFO - [2023-09-09T14:06:47.875+0000] {dag.py:3677} INFO - Setting next_dagrun for example_short_circuit_decorator to 2023-09-08T14:06:47.875058+00:00, run_after=2023-09-09T14:06:47.875058+00:00
[2023-09-09T14:06:47.885+0000] {processor.py:179} INFO - Processing /home/airflow/.local/lib/python3.8/site-packages/airflow/example_dags/example_short_circuit_decorator.py took 0.046 seconds
[2023-09-09T14:07:17.933+0000] {processor.py:157} INFO - Started process (PID=1310) to work on /home/airflow/.local/lib/python3.8/site-packages/airflow/example_dags/example_short_circuit_decorator.py
[2023-09-09T14:07:17.934+0000] {processor.py:829} INFO - Processing file /home/airflow/.local/lib/python3.8/site-packages/airflow/example_dags/example_short_circuit_decorator.py for tasks to queue
[2023-09-09T14:07:17.936+0000] {logging_mixin.py:151} INFO - [2023-09-09T14:07:17.936+0000] {dagbag.py:539} INFO - Filling up the DagBag from /home/airflow/.local/lib/python3.8/site-packages/airflow/example_dags/example_short_circuit_decorator.py
[2023-09-09T14:07:17.942+0000] {processor.py:839} INFO - DAG(s) dict_keys(['example_short_circuit_decorator']) retrieved from /home/airflow/.local/lib/python3.8/site-packages/airflow/example_dags/example_short_circuit_decorator.py
[2023-09-09T14:07:17.957+0000] {logging_mixin.py:151} INFO - [2023-09-09T14:07:17.956+0000] {dag.py:2907} INFO - Sync 1 DAGs
[2023-09-09T14:07:17.970+0000] {logging_mixin.py:151} INFO - [2023-09-09T14:07:17.970+0000] {dag.py:3677} INFO - Setting next_dagrun for example_short_circuit_decorator to 2023-09-08T14:07:17.970176+00:00, run_after=2023-09-09T14:07:17.970176+00:00
[2023-09-09T14:07:17.981+0000] {processor.py:179} INFO - Processing /home/airflow/.local/lib/python3.8/site-packages/airflow/example_dags/example_short_circuit_decorator.py took 0.050 seconds
[2023-09-09T14:07:48.076+0000] {processor.py:157} INFO - Started process (PID=1365) to work on /home/airflow/.local/lib/python3.8/site-packages/airflow/example_dags/example_short_circuit_decorator.py
[2023-09-09T14:07:48.077+0000] {processor.py:829} INFO - Processing file /home/airflow/.local/lib/python3.8/site-packages/airflow/example_dags/example_short_circuit_decorator.py for tasks to queue
[2023-09-09T14:07:48.078+0000] {logging_mixin.py:151} INFO - [2023-09-09T14:07:48.078+0000] {dagbag.py:539} INFO - Filling up the DagBag from /home/airflow/.local/lib/python3.8/site-packages/airflow/example_dags/example_short_circuit_decorator.py
[2023-09-09T14:07:48.084+0000] {processor.py:839} INFO - DAG(s) dict_keys(['example_short_circuit_decorator']) retrieved from /home/airflow/.local/lib/python3.8/site-packages/airflow/example_dags/example_short_circuit_decorator.py
[2023-09-09T14:07:48.097+0000] {logging_mixin.py:151} INFO - [2023-09-09T14:07:48.097+0000] {dag.py:2907} INFO - Sync 1 DAGs
[2023-09-09T14:07:48.109+0000] {logging_mixin.py:151} INFO - [2023-09-09T14:07:48.109+0000] {dag.py:3677} INFO - Setting next_dagrun for example_short_circuit_decorator to 2023-09-08T14:07:48.109766+00:00, run_after=2023-09-09T14:07:48.109766+00:00
[2023-09-09T14:07:48.120+0000] {processor.py:179} INFO - Processing /home/airflow/.local/lib/python3.8/site-packages/airflow/example_dags/example_short_circuit_decorator.py took 0.046 seconds
[2023-09-09T14:08:19.130+0000] {processor.py:157} INFO - Started process (PID=1420) to work on /home/airflow/.local/lib/python3.8/site-packages/airflow/example_dags/example_short_circuit_decorator.py
[2023-09-09T14:08:19.131+0000] {processor.py:829} INFO - Processing file /home/airflow/.local/lib/python3.8/site-packages/airflow/example_dags/example_short_circuit_decorator.py for tasks to queue
[2023-09-09T14:08:19.133+0000] {logging_mixin.py:151} INFO - [2023-09-09T14:08:19.132+0000] {dagbag.py:539} INFO - Filling up the DagBag from /home/airflow/.local/lib/python3.8/site-packages/airflow/example_dags/example_short_circuit_decorator.py
[2023-09-09T14:08:19.138+0000] {processor.py:839} INFO - DAG(s) dict_keys(['example_short_circuit_decorator']) retrieved from /home/airflow/.local/lib/python3.8/site-packages/airflow/example_dags/example_short_circuit_decorator.py
[2023-09-09T14:08:19.152+0000] {logging_mixin.py:151} INFO - [2023-09-09T14:08:19.152+0000] {dag.py:2907} INFO - Sync 1 DAGs
[2023-09-09T14:08:19.166+0000] {logging_mixin.py:151} INFO - [2023-09-09T14:08:19.166+0000] {dag.py:3677} INFO - Setting next_dagrun for example_short_circuit_decorator to 2023-09-08T14:08:19.165820+00:00, run_after=2023-09-09T14:08:19.165820+00:00
[2023-09-09T14:08:19.178+0000] {processor.py:179} INFO - Processing /home/airflow/.local/lib/python3.8/site-packages/airflow/example_dags/example_short_circuit_decorator.py took 0.050 seconds
[2023-09-09T14:08:49.983+0000] {processor.py:157} INFO - Started process (PID=1475) to work on /home/airflow/.local/lib/python3.8/site-packages/airflow/example_dags/example_short_circuit_decorator.py
[2023-09-09T14:08:49.984+0000] {processor.py:829} INFO - Processing file /home/airflow/.local/lib/python3.8/site-packages/airflow/example_dags/example_short_circuit_decorator.py for tasks to queue
[2023-09-09T14:08:49.985+0000] {logging_mixin.py:151} INFO - [2023-09-09T14:08:49.985+0000] {dagbag.py:539} INFO - Filling up the DagBag from /home/airflow/.local/lib/python3.8/site-packages/airflow/example_dags/example_short_circuit_decorator.py
[2023-09-09T14:08:49.991+0000] {processor.py:839} INFO - DAG(s) dict_keys(['example_short_circuit_decorator']) retrieved from /home/airflow/.local/lib/python3.8/site-packages/airflow/example_dags/example_short_circuit_decorator.py
[2023-09-09T14:08:50.006+0000] {logging_mixin.py:151} INFO - [2023-09-09T14:08:50.005+0000] {dag.py:2907} INFO - Sync 1 DAGs
[2023-09-09T14:08:50.019+0000] {logging_mixin.py:151} INFO - [2023-09-09T14:08:50.019+0000] {dag.py:3677} INFO - Setting next_dagrun for example_short_circuit_decorator to 2023-09-08T14:08:50.019392+00:00, run_after=2023-09-09T14:08:50.019392+00:00
[2023-09-09T14:08:50.031+0000] {processor.py:179} INFO - Processing /home/airflow/.local/lib/python3.8/site-packages/airflow/example_dags/example_short_circuit_decorator.py took 0.050 seconds
[2023-09-09T14:09:20.163+0000] {processor.py:157} INFO - Started process (PID=1532) to work on /home/airflow/.local/lib/python3.8/site-packages/airflow/example_dags/example_short_circuit_decorator.py
[2023-09-09T14:09:20.164+0000] {processor.py:829} INFO - Processing file /home/airflow/.local/lib/python3.8/site-packages/airflow/example_dags/example_short_circuit_decorator.py for tasks to queue
[2023-09-09T14:09:20.165+0000] {logging_mixin.py:151} INFO - [2023-09-09T14:09:20.165+0000] {dagbag.py:539} INFO - Filling up the DagBag from /home/airflow/.local/lib/python3.8/site-packages/airflow/example_dags/example_short_circuit_decorator.py
[2023-09-09T14:09:20.172+0000] {processor.py:839} INFO - DAG(s) dict_keys(['example_short_circuit_decorator']) retrieved from /home/airflow/.local/lib/python3.8/site-packages/airflow/example_dags/example_short_circuit_decorator.py
[2023-09-09T14:09:20.185+0000] {logging_mixin.py:151} INFO - [2023-09-09T14:09:20.185+0000] {dag.py:2907} INFO - Sync 1 DAGs
[2023-09-09T14:09:20.198+0000] {logging_mixin.py:151} INFO - [2023-09-09T14:09:20.198+0000] {dag.py:3677} INFO - Setting next_dagrun for example_short_circuit_decorator to 2023-09-08T14:09:20.198067+00:00, run_after=2023-09-09T14:09:20.198067+00:00
[2023-09-09T14:09:20.209+0000] {processor.py:179} INFO - Processing /home/airflow/.local/lib/python3.8/site-packages/airflow/example_dags/example_short_circuit_decorator.py took 0.048 seconds
[2023-09-09T14:09:50.273+0000] {processor.py:157} INFO - Started process (PID=1589) to work on /home/airflow/.local/lib/python3.8/site-packages/airflow/example_dags/example_short_circuit_decorator.py
[2023-09-09T14:09:50.274+0000] {processor.py:829} INFO - Processing file /home/airflow/.local/lib/python3.8/site-packages/airflow/example_dags/example_short_circuit_decorator.py for tasks to queue
[2023-09-09T14:09:50.275+0000] {logging_mixin.py:151} INFO - [2023-09-09T14:09:50.275+0000] {dagbag.py:539} INFO - Filling up the DagBag from /home/airflow/.local/lib/python3.8/site-packages/airflow/example_dags/example_short_circuit_decorator.py
[2023-09-09T14:09:50.281+0000] {processor.py:839} INFO - DAG(s) dict_keys(['example_short_circuit_decorator']) retrieved from /home/airflow/.local/lib/python3.8/site-packages/airflow/example_dags/example_short_circuit_decorator.py
[2023-09-09T14:09:50.294+0000] {logging_mixin.py:151} INFO - [2023-09-09T14:09:50.294+0000] {dag.py:2907} INFO - Sync 1 DAGs
[2023-09-09T14:09:50.307+0000] {logging_mixin.py:151} INFO - [2023-09-09T14:09:50.306+0000] {dag.py:3677} INFO - Setting next_dagrun for example_short_circuit_decorator to 2023-09-08T14:09:50.306815+00:00, run_after=2023-09-09T14:09:50.306815+00:00
[2023-09-09T14:09:50.318+0000] {processor.py:179} INFO - Processing /home/airflow/.local/lib/python3.8/site-packages/airflow/example_dags/example_short_circuit_decorator.py took 0.047 seconds
[2023-09-09T14:10:20.491+0000] {processor.py:157} INFO - Started process (PID=1649) to work on /home/airflow/.local/lib/python3.8/site-packages/airflow/example_dags/example_short_circuit_decorator.py
[2023-09-09T14:10:20.492+0000] {processor.py:829} INFO - Processing file /home/airflow/.local/lib/python3.8/site-packages/airflow/example_dags/example_short_circuit_decorator.py for tasks to queue
[2023-09-09T14:10:20.494+0000] {logging_mixin.py:151} INFO - [2023-09-09T14:10:20.494+0000] {dagbag.py:539} INFO - Filling up the DagBag from /home/airflow/.local/lib/python3.8/site-packages/airflow/example_dags/example_short_circuit_decorator.py
[2023-09-09T14:10:20.499+0000] {processor.py:839} INFO - DAG(s) dict_keys(['example_short_circuit_decorator']) retrieved from /home/airflow/.local/lib/python3.8/site-packages/airflow/example_dags/example_short_circuit_decorator.py
[2023-09-09T14:10:20.516+0000] {logging_mixin.py:151} INFO - [2023-09-09T14:10:20.516+0000] {dag.py:2907} INFO - Sync 1 DAGs
[2023-09-09T14:10:20.529+0000] {logging_mixin.py:151} INFO - [2023-09-09T14:10:20.529+0000] {dag.py:3677} INFO - Setting next_dagrun for example_short_circuit_decorator to 2023-09-08T14:10:20.529660+00:00, run_after=2023-09-09T14:10:20.529660+00:00
[2023-09-09T14:10:20.541+0000] {processor.py:179} INFO - Processing /home/airflow/.local/lib/python3.8/site-packages/airflow/example_dags/example_short_circuit_decorator.py took 0.051 seconds
[2023-09-09T14:10:50.598+0000] {processor.py:157} INFO - Started process (PID=1711) to work on /home/airflow/.local/lib/python3.8/site-packages/airflow/example_dags/example_short_circuit_decorator.py
[2023-09-09T14:10:50.599+0000] {processor.py:829} INFO - Processing file /home/airflow/.local/lib/python3.8/site-packages/airflow/example_dags/example_short_circuit_decorator.py for tasks to queue
[2023-09-09T14:10:50.600+0000] {logging_mixin.py:151} INFO - [2023-09-09T14:10:50.600+0000] {dagbag.py:539} INFO - Filling up the DagBag from /home/airflow/.local/lib/python3.8/site-packages/airflow/example_dags/example_short_circuit_decorator.py
[2023-09-09T14:10:50.606+0000] {processor.py:839} INFO - DAG(s) dict_keys(['example_short_circuit_decorator']) retrieved from /home/airflow/.local/lib/python3.8/site-packages/airflow/example_dags/example_short_circuit_decorator.py
[2023-09-09T14:10:50.620+0000] {logging_mixin.py:151} INFO - [2023-09-09T14:10:50.620+0000] {dag.py:2907} INFO - Sync 1 DAGs
[2023-09-09T14:10:50.634+0000] {logging_mixin.py:151} INFO - [2023-09-09T14:10:50.634+0000] {dag.py:3677} INFO - Setting next_dagrun for example_short_circuit_decorator to 2023-09-08T14:10:50.634009+00:00, run_after=2023-09-09T14:10:50.634009+00:00
[2023-09-09T14:10:50.647+0000] {processor.py:179} INFO - Processing /home/airflow/.local/lib/python3.8/site-packages/airflow/example_dags/example_short_circuit_decorator.py took 0.051 seconds
[2023-09-09T14:11:20.936+0000] {processor.py:157} INFO - Started process (PID=1766) to work on /home/airflow/.local/lib/python3.8/site-packages/airflow/example_dags/example_short_circuit_decorator.py
[2023-09-09T14:11:20.937+0000] {processor.py:829} INFO - Processing file /home/airflow/.local/lib/python3.8/site-packages/airflow/example_dags/example_short_circuit_decorator.py for tasks to queue
[2023-09-09T14:11:20.938+0000] {logging_mixin.py:151} INFO - [2023-09-09T14:11:20.938+0000] {dagbag.py:539} INFO - Filling up the DagBag from /home/airflow/.local/lib/python3.8/site-packages/airflow/example_dags/example_short_circuit_decorator.py
[2023-09-09T14:11:20.944+0000] {processor.py:839} INFO - DAG(s) dict_keys(['example_short_circuit_decorator']) retrieved from /home/airflow/.local/lib/python3.8/site-packages/airflow/example_dags/example_short_circuit_decorator.py
[2023-09-09T14:11:20.958+0000] {logging_mixin.py:151} INFO - [2023-09-09T14:11:20.958+0000] {dag.py:2907} INFO - Sync 1 DAGs
[2023-09-09T14:11:20.971+0000] {logging_mixin.py:151} INFO - [2023-09-09T14:11:20.971+0000] {dag.py:3677} INFO - Setting next_dagrun for example_short_circuit_decorator to 2023-09-08T14:11:20.970875+00:00, run_after=2023-09-09T14:11:20.970875+00:00
[2023-09-09T14:11:20.982+0000] {processor.py:179} INFO - Processing /home/airflow/.local/lib/python3.8/site-packages/airflow/example_dags/example_short_circuit_decorator.py took 0.048 seconds
[2023-09-09T14:11:51.043+0000] {processor.py:157} INFO - Started process (PID=1821) to work on /home/airflow/.local/lib/python3.8/site-packages/airflow/example_dags/example_short_circuit_decorator.py
[2023-09-09T14:11:51.044+0000] {processor.py:829} INFO - Processing file /home/airflow/.local/lib/python3.8/site-packages/airflow/example_dags/example_short_circuit_decorator.py for tasks to queue
[2023-09-09T14:11:51.045+0000] {logging_mixin.py:151} INFO - [2023-09-09T14:11:51.045+0000] {dagbag.py:539} INFO - Filling up the DagBag from /home/airflow/.local/lib/python3.8/site-packages/airflow/example_dags/example_short_circuit_decorator.py
[2023-09-09T14:11:51.051+0000] {processor.py:839} INFO - DAG(s) dict_keys(['example_short_circuit_decorator']) retrieved from /home/airflow/.local/lib/python3.8/site-packages/airflow/example_dags/example_short_circuit_decorator.py
[2023-09-09T14:11:51.066+0000] {logging_mixin.py:151} INFO - [2023-09-09T14:11:51.065+0000] {dag.py:2907} INFO - Sync 1 DAGs
[2023-09-09T14:11:51.079+0000] {logging_mixin.py:151} INFO - [2023-09-09T14:11:51.079+0000] {dag.py:3677} INFO - Setting next_dagrun for example_short_circuit_decorator to 2023-09-08T14:11:51.079504+00:00, run_after=2023-09-09T14:11:51.079504+00:00
[2023-09-09T14:11:51.092+0000] {processor.py:179} INFO - Processing /home/airflow/.local/lib/python3.8/site-packages/airflow/example_dags/example_short_circuit_decorator.py took 0.051 seconds
[2023-09-09T14:12:21.261+0000] {processor.py:157} INFO - Started process (PID=1877) to work on /home/airflow/.local/lib/python3.8/site-packages/airflow/example_dags/example_short_circuit_decorator.py
[2023-09-09T14:12:21.262+0000] {processor.py:829} INFO - Processing file /home/airflow/.local/lib/python3.8/site-packages/airflow/example_dags/example_short_circuit_decorator.py for tasks to queue
[2023-09-09T14:12:21.264+0000] {logging_mixin.py:151} INFO - [2023-09-09T14:12:21.264+0000] {dagbag.py:539} INFO - Filling up the DagBag from /home/airflow/.local/lib/python3.8/site-packages/airflow/example_dags/example_short_circuit_decorator.py
[2023-09-09T14:12:21.270+0000] {processor.py:839} INFO - DAG(s) dict_keys(['example_short_circuit_decorator']) retrieved from /home/airflow/.local/lib/python3.8/site-packages/airflow/example_dags/example_short_circuit_decorator.py
[2023-09-09T14:12:21.284+0000] {logging_mixin.py:151} INFO - [2023-09-09T14:12:21.284+0000] {dag.py:2907} INFO - Sync 1 DAGs
[2023-09-09T14:12:21.297+0000] {logging_mixin.py:151} INFO - [2023-09-09T14:12:21.297+0000] {dag.py:3677} INFO - Setting next_dagrun for example_short_circuit_decorator to 2023-09-08T14:12:21.297006+00:00, run_after=2023-09-09T14:12:21.297006+00:00
[2023-09-09T14:12:21.309+0000] {processor.py:179} INFO - Processing /home/airflow/.local/lib/python3.8/site-packages/airflow/example_dags/example_short_circuit_decorator.py took 0.049 seconds
[2023-09-09T14:12:51.499+0000] {processor.py:157} INFO - Started process (PID=1934) to work on /home/airflow/.local/lib/python3.8/site-packages/airflow/example_dags/example_short_circuit_decorator.py
[2023-09-09T14:12:51.500+0000] {processor.py:829} INFO - Processing file /home/airflow/.local/lib/python3.8/site-packages/airflow/example_dags/example_short_circuit_decorator.py for tasks to queue
[2023-09-09T14:12:51.501+0000] {logging_mixin.py:151} INFO - [2023-09-09T14:12:51.501+0000] {dagbag.py:539} INFO - Filling up the DagBag from /home/airflow/.local/lib/python3.8/site-packages/airflow/example_dags/example_short_circuit_decorator.py
[2023-09-09T14:12:51.507+0000] {processor.py:839} INFO - DAG(s) dict_keys(['example_short_circuit_decorator']) retrieved from /home/airflow/.local/lib/python3.8/site-packages/airflow/example_dags/example_short_circuit_decorator.py
[2023-09-09T14:12:51.520+0000] {logging_mixin.py:151} INFO - [2023-09-09T14:12:51.520+0000] {dag.py:2907} INFO - Sync 1 DAGs
[2023-09-09T14:12:51.532+0000] {logging_mixin.py:151} INFO - [2023-09-09T14:12:51.532+0000] {dag.py:3677} INFO - Setting next_dagrun for example_short_circuit_decorator to 2023-09-08T14:12:51.532681+00:00, run_after=2023-09-09T14:12:51.532681+00:00
[2023-09-09T14:12:51.544+0000] {processor.py:179} INFO - Processing /home/airflow/.local/lib/python3.8/site-packages/airflow/example_dags/example_short_circuit_decorator.py took 0.047 seconds
[2023-09-09T14:13:21.668+0000] {processor.py:157} INFO - Started process (PID=1989) to work on /home/airflow/.local/lib/python3.8/site-packages/airflow/example_dags/example_short_circuit_decorator.py
[2023-09-09T14:13:21.669+0000] {processor.py:829} INFO - Processing file /home/airflow/.local/lib/python3.8/site-packages/airflow/example_dags/example_short_circuit_decorator.py for tasks to queue
[2023-09-09T14:13:21.671+0000] {logging_mixin.py:151} INFO - [2023-09-09T14:13:21.671+0000] {dagbag.py:539} INFO - Filling up the DagBag from /home/airflow/.local/lib/python3.8/site-packages/airflow/example_dags/example_short_circuit_decorator.py
[2023-09-09T14:13:21.677+0000] {processor.py:839} INFO - DAG(s) dict_keys(['example_short_circuit_decorator']) retrieved from /home/airflow/.local/lib/python3.8/site-packages/airflow/example_dags/example_short_circuit_decorator.py
[2023-09-09T14:13:21.690+0000] {logging_mixin.py:151} INFO - [2023-09-09T14:13:21.690+0000] {dag.py:2907} INFO - Sync 1 DAGs
[2023-09-09T14:13:21.703+0000] {logging_mixin.py:151} INFO - [2023-09-09T14:13:21.703+0000] {dag.py:3677} INFO - Setting next_dagrun for example_short_circuit_decorator to 2023-09-08T14:13:21.703462+00:00, run_after=2023-09-09T14:13:21.703462+00:00
[2023-09-09T14:13:21.716+0000] {processor.py:179} INFO - Processing /home/airflow/.local/lib/python3.8/site-packages/airflow/example_dags/example_short_circuit_decorator.py took 0.049 seconds
[2023-09-09T14:13:51.840+0000] {processor.py:157} INFO - Started process (PID=2045) to work on /home/airflow/.local/lib/python3.8/site-packages/airflow/example_dags/example_short_circuit_decorator.py
[2023-09-09T14:13:51.841+0000] {processor.py:829} INFO - Processing file /home/airflow/.local/lib/python3.8/site-packages/airflow/example_dags/example_short_circuit_decorator.py for tasks to queue
[2023-09-09T14:13:51.842+0000] {logging_mixin.py:151} INFO - [2023-09-09T14:13:51.842+0000] {dagbag.py:539} INFO - Filling up the DagBag from /home/airflow/.local/lib/python3.8/site-packages/airflow/example_dags/example_short_circuit_decorator.py
[2023-09-09T14:13:51.848+0000] {processor.py:839} INFO - DAG(s) dict_keys(['example_short_circuit_decorator']) retrieved from /home/airflow/.local/lib/python3.8/site-packages/airflow/example_dags/example_short_circuit_decorator.py
[2023-09-09T14:13:51.864+0000] {logging_mixin.py:151} INFO - [2023-09-09T14:13:51.863+0000] {dag.py:2907} INFO - Sync 1 DAGs
[2023-09-09T14:13:51.879+0000] {logging_mixin.py:151} INFO - [2023-09-09T14:13:51.878+0000] {dag.py:3677} INFO - Setting next_dagrun for example_short_circuit_decorator to 2023-09-08T14:13:51.878763+00:00, run_after=2023-09-09T14:13:51.878763+00:00
[2023-09-09T14:13:51.891+0000] {processor.py:179} INFO - Processing /home/airflow/.local/lib/python3.8/site-packages/airflow/example_dags/example_short_circuit_decorator.py took 0.053 seconds
[2023-09-09T14:14:22.058+0000] {processor.py:157} INFO - Started process (PID=2101) to work on /home/airflow/.local/lib/python3.8/site-packages/airflow/example_dags/example_short_circuit_decorator.py
[2023-09-09T14:14:22.058+0000] {processor.py:829} INFO - Processing file /home/airflow/.local/lib/python3.8/site-packages/airflow/example_dags/example_short_circuit_decorator.py for tasks to queue
[2023-09-09T14:14:22.060+0000] {logging_mixin.py:151} INFO - [2023-09-09T14:14:22.060+0000] {dagbag.py:539} INFO - Filling up the DagBag from /home/airflow/.local/lib/python3.8/site-packages/airflow/example_dags/example_short_circuit_decorator.py
[2023-09-09T14:14:22.066+0000] {processor.py:839} INFO - DAG(s) dict_keys(['example_short_circuit_decorator']) retrieved from /home/airflow/.local/lib/python3.8/site-packages/airflow/example_dags/example_short_circuit_decorator.py
[2023-09-09T14:14:22.082+0000] {logging_mixin.py:151} INFO - [2023-09-09T14:14:22.081+0000] {dag.py:2907} INFO - Sync 1 DAGs
[2023-09-09T14:14:22.095+0000] {logging_mixin.py:151} INFO - [2023-09-09T14:14:22.095+0000] {dag.py:3677} INFO - Setting next_dagrun for example_short_circuit_decorator to 2023-09-08T14:14:22.095332+00:00, run_after=2023-09-09T14:14:22.095332+00:00
[2023-09-09T14:14:22.107+0000] {processor.py:179} INFO - Processing /home/airflow/.local/lib/python3.8/site-packages/airflow/example_dags/example_short_circuit_decorator.py took 0.051 seconds
[2023-09-09T14:14:52.167+0000] {processor.py:157} INFO - Started process (PID=2156) to work on /home/airflow/.local/lib/python3.8/site-packages/airflow/example_dags/example_short_circuit_decorator.py
[2023-09-09T14:14:52.168+0000] {processor.py:829} INFO - Processing file /home/airflow/.local/lib/python3.8/site-packages/airflow/example_dags/example_short_circuit_decorator.py for tasks to queue
[2023-09-09T14:14:52.169+0000] {logging_mixin.py:151} INFO - [2023-09-09T14:14:52.169+0000] {dagbag.py:539} INFO - Filling up the DagBag from /home/airflow/.local/lib/python3.8/site-packages/airflow/example_dags/example_short_circuit_decorator.py
[2023-09-09T14:14:52.176+0000] {processor.py:839} INFO - DAG(s) dict_keys(['example_short_circuit_decorator']) retrieved from /home/airflow/.local/lib/python3.8/site-packages/airflow/example_dags/example_short_circuit_decorator.py
[2023-09-09T14:14:52.192+0000] {logging_mixin.py:151} INFO - [2023-09-09T14:14:52.192+0000] {dag.py:2907} INFO - Sync 1 DAGs
[2023-09-09T14:14:52.207+0000] {logging_mixin.py:151} INFO - [2023-09-09T14:14:52.207+0000] {dag.py:3677} INFO - Setting next_dagrun for example_short_circuit_decorator to 2023-09-08T14:14:52.207533+00:00, run_after=2023-09-09T14:14:52.207533+00:00
[2023-09-09T14:14:52.221+0000] {processor.py:179} INFO - Processing /home/airflow/.local/lib/python3.8/site-packages/airflow/example_dags/example_short_circuit_decorator.py took 0.056 seconds
[2023-09-09T14:15:22.370+0000] {processor.py:157} INFO - Started process (PID=2212) to work on /home/airflow/.local/lib/python3.8/site-packages/airflow/example_dags/example_short_circuit_decorator.py
[2023-09-09T14:15:22.371+0000] {processor.py:829} INFO - Processing file /home/airflow/.local/lib/python3.8/site-packages/airflow/example_dags/example_short_circuit_decorator.py for tasks to queue
[2023-09-09T14:15:22.373+0000] {logging_mixin.py:151} INFO - [2023-09-09T14:15:22.372+0000] {dagbag.py:539} INFO - Filling up the DagBag from /home/airflow/.local/lib/python3.8/site-packages/airflow/example_dags/example_short_circuit_decorator.py
[2023-09-09T14:15:22.379+0000] {processor.py:839} INFO - DAG(s) dict_keys(['example_short_circuit_decorator']) retrieved from /home/airflow/.local/lib/python3.8/site-packages/airflow/example_dags/example_short_circuit_decorator.py
[2023-09-09T14:15:22.399+0000] {logging_mixin.py:151} INFO - [2023-09-09T14:15:22.399+0000] {dag.py:2907} INFO - Sync 1 DAGs
[2023-09-09T14:15:22.413+0000] {logging_mixin.py:151} INFO - [2023-09-09T14:15:22.413+0000] {dag.py:3677} INFO - Setting next_dagrun for example_short_circuit_decorator to 2023-09-08T14:15:22.412968+00:00, run_after=2023-09-09T14:15:22.412968+00:00
[2023-09-09T14:15:22.424+0000] {processor.py:179} INFO - Processing /home/airflow/.local/lib/python3.8/site-packages/airflow/example_dags/example_short_circuit_decorator.py took 0.056 seconds
[2023-09-09T14:15:52.652+0000] {processor.py:157} INFO - Started process (PID=2267) to work on /home/airflow/.local/lib/python3.8/site-packages/airflow/example_dags/example_short_circuit_decorator.py
[2023-09-09T14:15:52.653+0000] {processor.py:829} INFO - Processing file /home/airflow/.local/lib/python3.8/site-packages/airflow/example_dags/example_short_circuit_decorator.py for tasks to queue
[2023-09-09T14:15:52.654+0000] {logging_mixin.py:151} INFO - [2023-09-09T14:15:52.654+0000] {dagbag.py:539} INFO - Filling up the DagBag from /home/airflow/.local/lib/python3.8/site-packages/airflow/example_dags/example_short_circuit_decorator.py
[2023-09-09T14:15:52.660+0000] {processor.py:839} INFO - DAG(s) dict_keys(['example_short_circuit_decorator']) retrieved from /home/airflow/.local/lib/python3.8/site-packages/airflow/example_dags/example_short_circuit_decorator.py
[2023-09-09T14:15:52.675+0000] {logging_mixin.py:151} INFO - [2023-09-09T14:15:52.675+0000] {dag.py:2907} INFO - Sync 1 DAGs
[2023-09-09T14:15:52.689+0000] {logging_mixin.py:151} INFO - [2023-09-09T14:15:52.689+0000] {dag.py:3677} INFO - Setting next_dagrun for example_short_circuit_decorator to 2023-09-08T14:15:52.689045+00:00, run_after=2023-09-09T14:15:52.689045+00:00
[2023-09-09T14:15:52.702+0000] {processor.py:179} INFO - Processing /home/airflow/.local/lib/python3.8/site-packages/airflow/example_dags/example_short_circuit_decorator.py took 0.052 seconds
[2023-09-09T14:16:22.847+0000] {processor.py:157} INFO - Started process (PID=2322) to work on /home/airflow/.local/lib/python3.8/site-packages/airflow/example_dags/example_short_circuit_decorator.py
[2023-09-09T14:16:22.847+0000] {processor.py:829} INFO - Processing file /home/airflow/.local/lib/python3.8/site-packages/airflow/example_dags/example_short_circuit_decorator.py for tasks to queue
[2023-09-09T14:16:22.849+0000] {logging_mixin.py:151} INFO - [2023-09-09T14:16:22.849+0000] {dagbag.py:539} INFO - Filling up the DagBag from /home/airflow/.local/lib/python3.8/site-packages/airflow/example_dags/example_short_circuit_decorator.py
[2023-09-09T14:16:22.855+0000] {processor.py:839} INFO - DAG(s) dict_keys(['example_short_circuit_decorator']) retrieved from /home/airflow/.local/lib/python3.8/site-packages/airflow/example_dags/example_short_circuit_decorator.py
[2023-09-09T14:16:22.869+0000] {logging_mixin.py:151} INFO - [2023-09-09T14:16:22.869+0000] {dag.py:2907} INFO - Sync 1 DAGs
[2023-09-09T14:16:22.882+0000] {logging_mixin.py:151} INFO - [2023-09-09T14:16:22.882+0000] {dag.py:3677} INFO - Setting next_dagrun for example_short_circuit_decorator to 2023-09-08T14:16:22.882297+00:00, run_after=2023-09-09T14:16:22.882297+00:00
[2023-09-09T14:16:22.896+0000] {processor.py:179} INFO - Processing /home/airflow/.local/lib/python3.8/site-packages/airflow/example_dags/example_short_circuit_decorator.py took 0.052 seconds
[2023-09-09T14:16:53.161+0000] {processor.py:157} INFO - Started process (PID=2377) to work on /home/airflow/.local/lib/python3.8/site-packages/airflow/example_dags/example_short_circuit_decorator.py
[2023-09-09T14:16:53.161+0000] {processor.py:829} INFO - Processing file /home/airflow/.local/lib/python3.8/site-packages/airflow/example_dags/example_short_circuit_decorator.py for tasks to queue
[2023-09-09T14:16:53.163+0000] {logging_mixin.py:151} INFO - [2023-09-09T14:16:53.163+0000] {dagbag.py:539} INFO - Filling up the DagBag from /home/airflow/.local/lib/python3.8/site-packages/airflow/example_dags/example_short_circuit_decorator.py
[2023-09-09T14:16:53.169+0000] {processor.py:839} INFO - DAG(s) dict_keys(['example_short_circuit_decorator']) retrieved from /home/airflow/.local/lib/python3.8/site-packages/airflow/example_dags/example_short_circuit_decorator.py
[2023-09-09T14:16:53.182+0000] {logging_mixin.py:151} INFO - [2023-09-09T14:16:53.182+0000] {dag.py:2907} INFO - Sync 1 DAGs
[2023-09-09T14:16:53.196+0000] {logging_mixin.py:151} INFO - [2023-09-09T14:16:53.196+0000] {dag.py:3677} INFO - Setting next_dagrun for example_short_circuit_decorator to 2023-09-08T14:16:53.195911+00:00, run_after=2023-09-09T14:16:53.195911+00:00
[2023-09-09T14:16:53.208+0000] {processor.py:179} INFO - Processing /home/airflow/.local/lib/python3.8/site-packages/airflow/example_dags/example_short_circuit_decorator.py took 0.049 seconds
