[2023-09-09T13:55:43.338+0000] {processor.py:157} INFO - Started process (PID=61) to work on /home/airflow/.local/lib/python3.8/site-packages/airflow/example_dags/example_branch_python_dop_operator_3.py
[2023-09-09T13:55:43.339+0000] {processor.py:829} INFO - Processing file /home/airflow/.local/lib/python3.8/site-packages/airflow/example_dags/example_branch_python_dop_operator_3.py for tasks to queue
[2023-09-09T13:55:43.342+0000] {logging_mixin.py:151} INFO - [2023-09-09T13:55:43.341+0000] {dagbag.py:539} INFO - Filling up the DagBag from /home/airflow/.local/lib/python3.8/site-packages/airflow/example_dags/example_branch_python_dop_operator_3.py
[2023-09-09T13:55:43.348+0000] {processor.py:839} INFO - DAG(s) dict_keys(['example_branch_dop_operator_v3']) retrieved from /home/airflow/.local/lib/python3.8/site-packages/airflow/example_dags/example_branch_python_dop_operator_3.py
[2023-09-09T13:55:43.367+0000] {logging_mixin.py:151} INFO - [2023-09-09T13:55:43.367+0000] {dag.py:2907} INFO - Sync 1 DAGs
[2023-09-09T13:55:43.537+0000] {logging_mixin.py:151} INFO - [2023-09-09T13:55:43.537+0000] {dag.py:3677} INFO - Setting next_dagrun for example_branch_dop_operator_v3 to 2023-09-09T13:54:00+00:00, run_after=2023-09-09T13:55:00+00:00
[2023-09-09T13:55:43.551+0000] {processor.py:179} INFO - Processing /home/airflow/.local/lib/python3.8/site-packages/airflow/example_dags/example_branch_python_dop_operator_3.py took 0.218 seconds
[2023-09-09T13:56:13.904+0000] {processor.py:157} INFO - Started process (PID=116) to work on /home/airflow/.local/lib/python3.8/site-packages/airflow/example_dags/example_branch_python_dop_operator_3.py
[2023-09-09T13:56:13.905+0000] {processor.py:829} INFO - Processing file /home/airflow/.local/lib/python3.8/site-packages/airflow/example_dags/example_branch_python_dop_operator_3.py for tasks to queue
[2023-09-09T13:56:13.907+0000] {logging_mixin.py:151} INFO - [2023-09-09T13:56:13.907+0000] {dagbag.py:539} INFO - Filling up the DagBag from /home/airflow/.local/lib/python3.8/site-packages/airflow/example_dags/example_branch_python_dop_operator_3.py
[2023-09-09T13:56:13.912+0000] {processor.py:839} INFO - DAG(s) dict_keys(['example_branch_dop_operator_v3']) retrieved from /home/airflow/.local/lib/python3.8/site-packages/airflow/example_dags/example_branch_python_dop_operator_3.py
[2023-09-09T13:56:13.924+0000] {logging_mixin.py:151} INFO - [2023-09-09T13:56:13.924+0000] {dag.py:2907} INFO - Sync 1 DAGs
[2023-09-09T13:56:13.940+0000] {logging_mixin.py:151} INFO - [2023-09-09T13:56:13.940+0000] {dag.py:3677} INFO - Setting next_dagrun for example_branch_dop_operator_v3 to 2023-09-09T13:55:00+00:00, run_after=2023-09-09T13:56:00+00:00
[2023-09-09T13:56:13.953+0000] {processor.py:179} INFO - Processing /home/airflow/.local/lib/python3.8/site-packages/airflow/example_dags/example_branch_python_dop_operator_3.py took 0.050 seconds
[2023-09-09T13:56:44.119+0000] {processor.py:157} INFO - Started process (PID=171) to work on /home/airflow/.local/lib/python3.8/site-packages/airflow/example_dags/example_branch_python_dop_operator_3.py
[2023-09-09T13:56:44.119+0000] {processor.py:829} INFO - Processing file /home/airflow/.local/lib/python3.8/site-packages/airflow/example_dags/example_branch_python_dop_operator_3.py for tasks to queue
[2023-09-09T13:56:44.121+0000] {logging_mixin.py:151} INFO - [2023-09-09T13:56:44.120+0000] {dagbag.py:539} INFO - Filling up the DagBag from /home/airflow/.local/lib/python3.8/site-packages/airflow/example_dags/example_branch_python_dop_operator_3.py
[2023-09-09T13:56:44.126+0000] {processor.py:839} INFO - DAG(s) dict_keys(['example_branch_dop_operator_v3']) retrieved from /home/airflow/.local/lib/python3.8/site-packages/airflow/example_dags/example_branch_python_dop_operator_3.py
[2023-09-09T13:56:44.139+0000] {logging_mixin.py:151} INFO - [2023-09-09T13:56:44.139+0000] {dag.py:2907} INFO - Sync 1 DAGs
[2023-09-09T13:56:44.156+0000] {logging_mixin.py:151} INFO - [2023-09-09T13:56:44.156+0000] {dag.py:3677} INFO - Setting next_dagrun for example_branch_dop_operator_v3 to 2023-09-09T13:55:00+00:00, run_after=2023-09-09T13:56:00+00:00
[2023-09-09T13:56:44.169+0000] {processor.py:179} INFO - Processing /home/airflow/.local/lib/python3.8/site-packages/airflow/example_dags/example_branch_python_dop_operator_3.py took 0.052 seconds
[2023-09-09T13:57:14.502+0000] {processor.py:157} INFO - Started process (PID=229) to work on /home/airflow/.local/lib/python3.8/site-packages/airflow/example_dags/example_branch_python_dop_operator_3.py
[2023-09-09T13:57:14.503+0000] {processor.py:829} INFO - Processing file /home/airflow/.local/lib/python3.8/site-packages/airflow/example_dags/example_branch_python_dop_operator_3.py for tasks to queue
[2023-09-09T13:57:14.504+0000] {logging_mixin.py:151} INFO - [2023-09-09T13:57:14.504+0000] {dagbag.py:539} INFO - Filling up the DagBag from /home/airflow/.local/lib/python3.8/site-packages/airflow/example_dags/example_branch_python_dop_operator_3.py
[2023-09-09T13:57:14.510+0000] {processor.py:839} INFO - DAG(s) dict_keys(['example_branch_dop_operator_v3']) retrieved from /home/airflow/.local/lib/python3.8/site-packages/airflow/example_dags/example_branch_python_dop_operator_3.py
[2023-09-09T13:57:14.525+0000] {logging_mixin.py:151} INFO - [2023-09-09T13:57:14.525+0000] {dag.py:2907} INFO - Sync 1 DAGs
[2023-09-09T13:57:14.544+0000] {logging_mixin.py:151} INFO - [2023-09-09T13:57:14.544+0000] {dag.py:3677} INFO - Setting next_dagrun for example_branch_dop_operator_v3 to 2023-09-09T13:56:00+00:00, run_after=2023-09-09T13:57:00+00:00
[2023-09-09T13:57:14.557+0000] {processor.py:179} INFO - Processing /home/airflow/.local/lib/python3.8/site-packages/airflow/example_dags/example_branch_python_dop_operator_3.py took 0.057 seconds
[2023-09-09T13:57:44.775+0000] {processor.py:157} INFO - Started process (PID=284) to work on /home/airflow/.local/lib/python3.8/site-packages/airflow/example_dags/example_branch_python_dop_operator_3.py
[2023-09-09T13:57:44.776+0000] {processor.py:829} INFO - Processing file /home/airflow/.local/lib/python3.8/site-packages/airflow/example_dags/example_branch_python_dop_operator_3.py for tasks to queue
[2023-09-09T13:57:44.777+0000] {logging_mixin.py:151} INFO - [2023-09-09T13:57:44.777+0000] {dagbag.py:539} INFO - Filling up the DagBag from /home/airflow/.local/lib/python3.8/site-packages/airflow/example_dags/example_branch_python_dop_operator_3.py
[2023-09-09T13:57:44.783+0000] {processor.py:839} INFO - DAG(s) dict_keys(['example_branch_dop_operator_v3']) retrieved from /home/airflow/.local/lib/python3.8/site-packages/airflow/example_dags/example_branch_python_dop_operator_3.py
[2023-09-09T13:57:44.795+0000] {logging_mixin.py:151} INFO - [2023-09-09T13:57:44.795+0000] {dag.py:2907} INFO - Sync 1 DAGs
[2023-09-09T13:57:44.812+0000] {logging_mixin.py:151} INFO - [2023-09-09T13:57:44.812+0000] {dag.py:3677} INFO - Setting next_dagrun for example_branch_dop_operator_v3 to 2023-09-09T13:56:00+00:00, run_after=2023-09-09T13:57:00+00:00
[2023-09-09T13:57:44.824+0000] {processor.py:179} INFO - Processing /home/airflow/.local/lib/python3.8/site-packages/airflow/example_dags/example_branch_python_dop_operator_3.py took 0.050 seconds
[2023-09-09T13:58:15.784+0000] {processor.py:157} INFO - Started process (PID=339) to work on /home/airflow/.local/lib/python3.8/site-packages/airflow/example_dags/example_branch_python_dop_operator_3.py
[2023-09-09T13:58:15.785+0000] {processor.py:829} INFO - Processing file /home/airflow/.local/lib/python3.8/site-packages/airflow/example_dags/example_branch_python_dop_operator_3.py for tasks to queue
[2023-09-09T13:58:15.786+0000] {logging_mixin.py:151} INFO - [2023-09-09T13:58:15.786+0000] {dagbag.py:539} INFO - Filling up the DagBag from /home/airflow/.local/lib/python3.8/site-packages/airflow/example_dags/example_branch_python_dop_operator_3.py
[2023-09-09T13:58:15.791+0000] {processor.py:839} INFO - DAG(s) dict_keys(['example_branch_dop_operator_v3']) retrieved from /home/airflow/.local/lib/python3.8/site-packages/airflow/example_dags/example_branch_python_dop_operator_3.py
[2023-09-09T13:58:15.803+0000] {logging_mixin.py:151} INFO - [2023-09-09T13:58:15.803+0000] {dag.py:2907} INFO - Sync 1 DAGs
[2023-09-09T13:58:15.820+0000] {logging_mixin.py:151} INFO - [2023-09-09T13:58:15.820+0000] {dag.py:3677} INFO - Setting next_dagrun for example_branch_dop_operator_v3 to 2023-09-09T13:57:00+00:00, run_after=2023-09-09T13:58:00+00:00
[2023-09-09T13:58:15.832+0000] {processor.py:179} INFO - Processing /home/airflow/.local/lib/python3.8/site-packages/airflow/example_dags/example_branch_python_dop_operator_3.py took 0.050 seconds
[2023-09-09T13:58:46.597+0000] {processor.py:157} INFO - Started process (PID=394) to work on /home/airflow/.local/lib/python3.8/site-packages/airflow/example_dags/example_branch_python_dop_operator_3.py
[2023-09-09T13:58:46.597+0000] {processor.py:829} INFO - Processing file /home/airflow/.local/lib/python3.8/site-packages/airflow/example_dags/example_branch_python_dop_operator_3.py for tasks to queue
[2023-09-09T13:58:46.599+0000] {logging_mixin.py:151} INFO - [2023-09-09T13:58:46.599+0000] {dagbag.py:539} INFO - Filling up the DagBag from /home/airflow/.local/lib/python3.8/site-packages/airflow/example_dags/example_branch_python_dop_operator_3.py
[2023-09-09T13:58:46.604+0000] {processor.py:839} INFO - DAG(s) dict_keys(['example_branch_dop_operator_v3']) retrieved from /home/airflow/.local/lib/python3.8/site-packages/airflow/example_dags/example_branch_python_dop_operator_3.py
[2023-09-09T13:58:46.616+0000] {logging_mixin.py:151} INFO - [2023-09-09T13:58:46.616+0000] {dag.py:2907} INFO - Sync 1 DAGs
[2023-09-09T13:58:46.632+0000] {logging_mixin.py:151} INFO - [2023-09-09T13:58:46.632+0000] {dag.py:3677} INFO - Setting next_dagrun for example_branch_dop_operator_v3 to 2023-09-09T13:57:00+00:00, run_after=2023-09-09T13:58:00+00:00
[2023-09-09T13:58:46.644+0000] {processor.py:179} INFO - Processing /home/airflow/.local/lib/python3.8/site-packages/airflow/example_dags/example_branch_python_dop_operator_3.py took 0.049 seconds
[2023-09-09T13:59:17.466+0000] {processor.py:157} INFO - Started process (PID=449) to work on /home/airflow/.local/lib/python3.8/site-packages/airflow/example_dags/example_branch_python_dop_operator_3.py
[2023-09-09T13:59:17.467+0000] {processor.py:829} INFO - Processing file /home/airflow/.local/lib/python3.8/site-packages/airflow/example_dags/example_branch_python_dop_operator_3.py for tasks to queue
[2023-09-09T13:59:17.468+0000] {logging_mixin.py:151} INFO - [2023-09-09T13:59:17.468+0000] {dagbag.py:539} INFO - Filling up the DagBag from /home/airflow/.local/lib/python3.8/site-packages/airflow/example_dags/example_branch_python_dop_operator_3.py
[2023-09-09T13:59:17.474+0000] {processor.py:839} INFO - DAG(s) dict_keys(['example_branch_dop_operator_v3']) retrieved from /home/airflow/.local/lib/python3.8/site-packages/airflow/example_dags/example_branch_python_dop_operator_3.py
[2023-09-09T13:59:17.486+0000] {logging_mixin.py:151} INFO - [2023-09-09T13:59:17.486+0000] {dag.py:2907} INFO - Sync 1 DAGs
[2023-09-09T13:59:17.503+0000] {logging_mixin.py:151} INFO - [2023-09-09T13:59:17.503+0000] {dag.py:3677} INFO - Setting next_dagrun for example_branch_dop_operator_v3 to 2023-09-09T13:58:00+00:00, run_after=2023-09-09T13:59:00+00:00
[2023-09-09T13:59:17.516+0000] {processor.py:179} INFO - Processing /home/airflow/.local/lib/python3.8/site-packages/airflow/example_dags/example_branch_python_dop_operator_3.py took 0.052 seconds
[2023-09-09T13:59:48.350+0000] {processor.py:157} INFO - Started process (PID=504) to work on /home/airflow/.local/lib/python3.8/site-packages/airflow/example_dags/example_branch_python_dop_operator_3.py
[2023-09-09T13:59:48.350+0000] {processor.py:829} INFO - Processing file /home/airflow/.local/lib/python3.8/site-packages/airflow/example_dags/example_branch_python_dop_operator_3.py for tasks to queue
[2023-09-09T13:59:48.352+0000] {logging_mixin.py:151} INFO - [2023-09-09T13:59:48.352+0000] {dagbag.py:539} INFO - Filling up the DagBag from /home/airflow/.local/lib/python3.8/site-packages/airflow/example_dags/example_branch_python_dop_operator_3.py
[2023-09-09T13:59:48.358+0000] {processor.py:839} INFO - DAG(s) dict_keys(['example_branch_dop_operator_v3']) retrieved from /home/airflow/.local/lib/python3.8/site-packages/airflow/example_dags/example_branch_python_dop_operator_3.py
[2023-09-09T13:59:48.370+0000] {logging_mixin.py:151} INFO - [2023-09-09T13:59:48.370+0000] {dag.py:2907} INFO - Sync 1 DAGs
[2023-09-09T13:59:48.388+0000] {logging_mixin.py:151} INFO - [2023-09-09T13:59:48.388+0000] {dag.py:3677} INFO - Setting next_dagrun for example_branch_dop_operator_v3 to 2023-09-09T13:58:00+00:00, run_after=2023-09-09T13:59:00+00:00
[2023-09-09T13:59:48.400+0000] {processor.py:179} INFO - Processing /home/airflow/.local/lib/python3.8/site-packages/airflow/example_dags/example_branch_python_dop_operator_3.py took 0.052 seconds
[2023-09-09T14:00:18.549+0000] {processor.py:157} INFO - Started process (PID=559) to work on /home/airflow/.local/lib/python3.8/site-packages/airflow/example_dags/example_branch_python_dop_operator_3.py
[2023-09-09T14:00:18.549+0000] {processor.py:829} INFO - Processing file /home/airflow/.local/lib/python3.8/site-packages/airflow/example_dags/example_branch_python_dop_operator_3.py for tasks to queue
[2023-09-09T14:00:18.551+0000] {logging_mixin.py:151} INFO - [2023-09-09T14:00:18.550+0000] {dagbag.py:539} INFO - Filling up the DagBag from /home/airflow/.local/lib/python3.8/site-packages/airflow/example_dags/example_branch_python_dop_operator_3.py
[2023-09-09T14:00:18.556+0000] {processor.py:839} INFO - DAG(s) dict_keys(['example_branch_dop_operator_v3']) retrieved from /home/airflow/.local/lib/python3.8/site-packages/airflow/example_dags/example_branch_python_dop_operator_3.py
[2023-09-09T14:00:18.568+0000] {logging_mixin.py:151} INFO - [2023-09-09T14:00:18.568+0000] {dag.py:2907} INFO - Sync 1 DAGs
[2023-09-09T14:00:18.585+0000] {logging_mixin.py:151} INFO - [2023-09-09T14:00:18.585+0000] {dag.py:3677} INFO - Setting next_dagrun for example_branch_dop_operator_v3 to 2023-09-09T13:59:00+00:00, run_after=2023-09-09T14:00:00+00:00
[2023-09-09T14:00:18.598+0000] {processor.py:179} INFO - Processing /home/airflow/.local/lib/python3.8/site-packages/airflow/example_dags/example_branch_python_dop_operator_3.py took 0.051 seconds
[2023-09-09T14:00:48.683+0000] {processor.py:157} INFO - Started process (PID=614) to work on /home/airflow/.local/lib/python3.8/site-packages/airflow/example_dags/example_branch_python_dop_operator_3.py
[2023-09-09T14:00:48.684+0000] {processor.py:829} INFO - Processing file /home/airflow/.local/lib/python3.8/site-packages/airflow/example_dags/example_branch_python_dop_operator_3.py for tasks to queue
[2023-09-09T14:00:48.685+0000] {logging_mixin.py:151} INFO - [2023-09-09T14:00:48.685+0000] {dagbag.py:539} INFO - Filling up the DagBag from /home/airflow/.local/lib/python3.8/site-packages/airflow/example_dags/example_branch_python_dop_operator_3.py
[2023-09-09T14:00:48.691+0000] {processor.py:839} INFO - DAG(s) dict_keys(['example_branch_dop_operator_v3']) retrieved from /home/airflow/.local/lib/python3.8/site-packages/airflow/example_dags/example_branch_python_dop_operator_3.py
[2023-09-09T14:00:48.703+0000] {logging_mixin.py:151} INFO - [2023-09-09T14:00:48.703+0000] {dag.py:2907} INFO - Sync 1 DAGs
[2023-09-09T14:00:48.720+0000] {logging_mixin.py:151} INFO - [2023-09-09T14:00:48.720+0000] {dag.py:3677} INFO - Setting next_dagrun for example_branch_dop_operator_v3 to 2023-09-09T13:59:00+00:00, run_after=2023-09-09T14:00:00+00:00
[2023-09-09T14:00:48.732+0000] {processor.py:179} INFO - Processing /home/airflow/.local/lib/python3.8/site-packages/airflow/example_dags/example_branch_python_dop_operator_3.py took 0.051 seconds
[2023-09-09T14:01:18.832+0000] {processor.py:157} INFO - Started process (PID=668) to work on /home/airflow/.local/lib/python3.8/site-packages/airflow/example_dags/example_branch_python_dop_operator_3.py
[2023-09-09T14:01:18.833+0000] {processor.py:829} INFO - Processing file /home/airflow/.local/lib/python3.8/site-packages/airflow/example_dags/example_branch_python_dop_operator_3.py for tasks to queue
[2023-09-09T14:01:18.834+0000] {logging_mixin.py:151} INFO - [2023-09-09T14:01:18.834+0000] {dagbag.py:539} INFO - Filling up the DagBag from /home/airflow/.local/lib/python3.8/site-packages/airflow/example_dags/example_branch_python_dop_operator_3.py
[2023-09-09T14:01:18.839+0000] {processor.py:839} INFO - DAG(s) dict_keys(['example_branch_dop_operator_v3']) retrieved from /home/airflow/.local/lib/python3.8/site-packages/airflow/example_dags/example_branch_python_dop_operator_3.py
[2023-09-09T14:01:18.851+0000] {logging_mixin.py:151} INFO - [2023-09-09T14:01:18.851+0000] {dag.py:2907} INFO - Sync 1 DAGs
[2023-09-09T14:01:18.867+0000] {logging_mixin.py:151} INFO - [2023-09-09T14:01:18.867+0000] {dag.py:3677} INFO - Setting next_dagrun for example_branch_dop_operator_v3 to 2023-09-09T14:00:00+00:00, run_after=2023-09-09T14:01:00+00:00
[2023-09-09T14:01:18.880+0000] {processor.py:179} INFO - Processing /home/airflow/.local/lib/python3.8/site-packages/airflow/example_dags/example_branch_python_dop_operator_3.py took 0.050 seconds
[2023-09-09T14:01:49.036+0000] {processor.py:157} INFO - Started process (PID=723) to work on /home/airflow/.local/lib/python3.8/site-packages/airflow/example_dags/example_branch_python_dop_operator_3.py
[2023-09-09T14:01:49.037+0000] {processor.py:829} INFO - Processing file /home/airflow/.local/lib/python3.8/site-packages/airflow/example_dags/example_branch_python_dop_operator_3.py for tasks to queue
[2023-09-09T14:01:49.039+0000] {logging_mixin.py:151} INFO - [2023-09-09T14:01:49.039+0000] {dagbag.py:539} INFO - Filling up the DagBag from /home/airflow/.local/lib/python3.8/site-packages/airflow/example_dags/example_branch_python_dop_operator_3.py
[2023-09-09T14:01:49.044+0000] {processor.py:839} INFO - DAG(s) dict_keys(['example_branch_dop_operator_v3']) retrieved from /home/airflow/.local/lib/python3.8/site-packages/airflow/example_dags/example_branch_python_dop_operator_3.py
[2023-09-09T14:01:49.057+0000] {logging_mixin.py:151} INFO - [2023-09-09T14:01:49.057+0000] {dag.py:2907} INFO - Sync 1 DAGs
[2023-09-09T14:01:49.073+0000] {logging_mixin.py:151} INFO - [2023-09-09T14:01:49.073+0000] {dag.py:3677} INFO - Setting next_dagrun for example_branch_dop_operator_v3 to 2023-09-09T14:00:00+00:00, run_after=2023-09-09T14:01:00+00:00
[2023-09-09T14:01:49.084+0000] {processor.py:179} INFO - Processing /home/airflow/.local/lib/python3.8/site-packages/airflow/example_dags/example_branch_python_dop_operator_3.py took 0.050 seconds
[2023-09-09T14:02:20.237+0000] {processor.py:157} INFO - Started process (PID=779) to work on /home/airflow/.local/lib/python3.8/site-packages/airflow/example_dags/example_branch_python_dop_operator_3.py
[2023-09-09T14:02:20.237+0000] {processor.py:829} INFO - Processing file /home/airflow/.local/lib/python3.8/site-packages/airflow/example_dags/example_branch_python_dop_operator_3.py for tasks to queue
[2023-09-09T14:02:20.239+0000] {logging_mixin.py:151} INFO - [2023-09-09T14:02:20.239+0000] {dagbag.py:539} INFO - Filling up the DagBag from /home/airflow/.local/lib/python3.8/site-packages/airflow/example_dags/example_branch_python_dop_operator_3.py
[2023-09-09T14:02:20.244+0000] {processor.py:839} INFO - DAG(s) dict_keys(['example_branch_dop_operator_v3']) retrieved from /home/airflow/.local/lib/python3.8/site-packages/airflow/example_dags/example_branch_python_dop_operator_3.py
[2023-09-09T14:02:20.257+0000] {logging_mixin.py:151} INFO - [2023-09-09T14:02:20.257+0000] {dag.py:2907} INFO - Sync 1 DAGs
[2023-09-09T14:02:20.274+0000] {logging_mixin.py:151} INFO - [2023-09-09T14:02:20.274+0000] {dag.py:3677} INFO - Setting next_dagrun for example_branch_dop_operator_v3 to 2023-09-09T14:01:00+00:00, run_after=2023-09-09T14:02:00+00:00
[2023-09-09T14:02:20.286+0000] {processor.py:179} INFO - Processing /home/airflow/.local/lib/python3.8/site-packages/airflow/example_dags/example_branch_python_dop_operator_3.py took 0.051 seconds
[2023-09-09T14:02:51.438+0000] {processor.py:157} INFO - Started process (PID=834) to work on /home/airflow/.local/lib/python3.8/site-packages/airflow/example_dags/example_branch_python_dop_operator_3.py
[2023-09-09T14:02:51.439+0000] {processor.py:829} INFO - Processing file /home/airflow/.local/lib/python3.8/site-packages/airflow/example_dags/example_branch_python_dop_operator_3.py for tasks to queue
[2023-09-09T14:02:51.440+0000] {logging_mixin.py:151} INFO - [2023-09-09T14:02:51.440+0000] {dagbag.py:539} INFO - Filling up the DagBag from /home/airflow/.local/lib/python3.8/site-packages/airflow/example_dags/example_branch_python_dop_operator_3.py
[2023-09-09T14:02:51.446+0000] {processor.py:839} INFO - DAG(s) dict_keys(['example_branch_dop_operator_v3']) retrieved from /home/airflow/.local/lib/python3.8/site-packages/airflow/example_dags/example_branch_python_dop_operator_3.py
[2023-09-09T14:02:51.458+0000] {logging_mixin.py:151} INFO - [2023-09-09T14:02:51.458+0000] {dag.py:2907} INFO - Sync 1 DAGs
[2023-09-09T14:02:51.474+0000] {logging_mixin.py:151} INFO - [2023-09-09T14:02:51.474+0000] {dag.py:3677} INFO - Setting next_dagrun for example_branch_dop_operator_v3 to 2023-09-09T14:01:00+00:00, run_after=2023-09-09T14:02:00+00:00
[2023-09-09T14:02:51.485+0000] {processor.py:179} INFO - Processing /home/airflow/.local/lib/python3.8/site-packages/airflow/example_dags/example_branch_python_dop_operator_3.py took 0.049 seconds
[2023-09-09T14:03:22.584+0000] {processor.py:157} INFO - Started process (PID=890) to work on /home/airflow/.local/lib/python3.8/site-packages/airflow/example_dags/example_branch_python_dop_operator_3.py
[2023-09-09T14:03:22.585+0000] {processor.py:829} INFO - Processing file /home/airflow/.local/lib/python3.8/site-packages/airflow/example_dags/example_branch_python_dop_operator_3.py for tasks to queue
[2023-09-09T14:03:22.586+0000] {logging_mixin.py:151} INFO - [2023-09-09T14:03:22.586+0000] {dagbag.py:539} INFO - Filling up the DagBag from /home/airflow/.local/lib/python3.8/site-packages/airflow/example_dags/example_branch_python_dop_operator_3.py
[2023-09-09T14:03:22.592+0000] {processor.py:839} INFO - DAG(s) dict_keys(['example_branch_dop_operator_v3']) retrieved from /home/airflow/.local/lib/python3.8/site-packages/airflow/example_dags/example_branch_python_dop_operator_3.py
[2023-09-09T14:03:22.605+0000] {logging_mixin.py:151} INFO - [2023-09-09T14:03:22.604+0000] {dag.py:2907} INFO - Sync 1 DAGs
[2023-09-09T14:03:22.621+0000] {logging_mixin.py:151} INFO - [2023-09-09T14:03:22.621+0000] {dag.py:3677} INFO - Setting next_dagrun for example_branch_dop_operator_v3 to 2023-09-09T14:02:00+00:00, run_after=2023-09-09T14:03:00+00:00
[2023-09-09T14:03:22.632+0000] {processor.py:179} INFO - Processing /home/airflow/.local/lib/python3.8/site-packages/airflow/example_dags/example_branch_python_dop_operator_3.py took 0.050 seconds
[2023-09-09T14:03:52.930+0000] {processor.py:157} INFO - Started process (PID=945) to work on /home/airflow/.local/lib/python3.8/site-packages/airflow/example_dags/example_branch_python_dop_operator_3.py
[2023-09-09T14:03:52.931+0000] {processor.py:829} INFO - Processing file /home/airflow/.local/lib/python3.8/site-packages/airflow/example_dags/example_branch_python_dop_operator_3.py for tasks to queue
[2023-09-09T14:03:52.932+0000] {logging_mixin.py:151} INFO - [2023-09-09T14:03:52.932+0000] {dagbag.py:539} INFO - Filling up the DagBag from /home/airflow/.local/lib/python3.8/site-packages/airflow/example_dags/example_branch_python_dop_operator_3.py
[2023-09-09T14:03:52.938+0000] {processor.py:839} INFO - DAG(s) dict_keys(['example_branch_dop_operator_v3']) retrieved from /home/airflow/.local/lib/python3.8/site-packages/airflow/example_dags/example_branch_python_dop_operator_3.py
[2023-09-09T14:03:52.950+0000] {logging_mixin.py:151} INFO - [2023-09-09T14:03:52.950+0000] {dag.py:2907} INFO - Sync 1 DAGs
[2023-09-09T14:03:52.967+0000] {logging_mixin.py:151} INFO - [2023-09-09T14:03:52.966+0000] {dag.py:3677} INFO - Setting next_dagrun for example_branch_dop_operator_v3 to 2023-09-09T14:02:00+00:00, run_after=2023-09-09T14:03:00+00:00
[2023-09-09T14:03:52.980+0000] {processor.py:179} INFO - Processing /home/airflow/.local/lib/python3.8/site-packages/airflow/example_dags/example_branch_python_dop_operator_3.py took 0.052 seconds
[2023-09-09T14:04:23.962+0000] {processor.py:157} INFO - Started process (PID=1000) to work on /home/airflow/.local/lib/python3.8/site-packages/airflow/example_dags/example_branch_python_dop_operator_3.py
[2023-09-09T14:04:23.962+0000] {processor.py:829} INFO - Processing file /home/airflow/.local/lib/python3.8/site-packages/airflow/example_dags/example_branch_python_dop_operator_3.py for tasks to queue
[2023-09-09T14:04:23.964+0000] {logging_mixin.py:151} INFO - [2023-09-09T14:04:23.964+0000] {dagbag.py:539} INFO - Filling up the DagBag from /home/airflow/.local/lib/python3.8/site-packages/airflow/example_dags/example_branch_python_dop_operator_3.py
[2023-09-09T14:04:23.970+0000] {processor.py:839} INFO - DAG(s) dict_keys(['example_branch_dop_operator_v3']) retrieved from /home/airflow/.local/lib/python3.8/site-packages/airflow/example_dags/example_branch_python_dop_operator_3.py
[2023-09-09T14:04:23.984+0000] {logging_mixin.py:151} INFO - [2023-09-09T14:04:23.984+0000] {dag.py:2907} INFO - Sync 1 DAGs
[2023-09-09T14:04:24.004+0000] {logging_mixin.py:151} INFO - [2023-09-09T14:04:24.003+0000] {dag.py:3677} INFO - Setting next_dagrun for example_branch_dop_operator_v3 to 2023-09-09T14:03:00+00:00, run_after=2023-09-09T14:04:00+00:00
[2023-09-09T14:04:24.016+0000] {processor.py:179} INFO - Processing /home/airflow/.local/lib/python3.8/site-packages/airflow/example_dags/example_branch_python_dop_operator_3.py took 0.056 seconds
[2023-09-09T14:04:55.095+0000] {processor.py:157} INFO - Started process (PID=1055) to work on /home/airflow/.local/lib/python3.8/site-packages/airflow/example_dags/example_branch_python_dop_operator_3.py
[2023-09-09T14:04:55.096+0000] {processor.py:829} INFO - Processing file /home/airflow/.local/lib/python3.8/site-packages/airflow/example_dags/example_branch_python_dop_operator_3.py for tasks to queue
[2023-09-09T14:04:55.097+0000] {logging_mixin.py:151} INFO - [2023-09-09T14:04:55.097+0000] {dagbag.py:539} INFO - Filling up the DagBag from /home/airflow/.local/lib/python3.8/site-packages/airflow/example_dags/example_branch_python_dop_operator_3.py
[2023-09-09T14:04:55.103+0000] {processor.py:839} INFO - DAG(s) dict_keys(['example_branch_dop_operator_v3']) retrieved from /home/airflow/.local/lib/python3.8/site-packages/airflow/example_dags/example_branch_python_dop_operator_3.py
[2023-09-09T14:04:55.119+0000] {logging_mixin.py:151} INFO - [2023-09-09T14:04:55.119+0000] {dag.py:2907} INFO - Sync 1 DAGs
[2023-09-09T14:04:55.140+0000] {logging_mixin.py:151} INFO - [2023-09-09T14:04:55.140+0000] {dag.py:3677} INFO - Setting next_dagrun for example_branch_dop_operator_v3 to 2023-09-09T14:03:00+00:00, run_after=2023-09-09T14:04:00+00:00
[2023-09-09T14:04:55.156+0000] {processor.py:179} INFO - Processing /home/airflow/.local/lib/python3.8/site-packages/airflow/example_dags/example_branch_python_dop_operator_3.py took 0.063 seconds
[2023-09-09T14:05:26.397+0000] {processor.py:157} INFO - Started process (PID=1110) to work on /home/airflow/.local/lib/python3.8/site-packages/airflow/example_dags/example_branch_python_dop_operator_3.py
[2023-09-09T14:05:26.397+0000] {processor.py:829} INFO - Processing file /home/airflow/.local/lib/python3.8/site-packages/airflow/example_dags/example_branch_python_dop_operator_3.py for tasks to queue
[2023-09-09T14:05:26.399+0000] {logging_mixin.py:151} INFO - [2023-09-09T14:05:26.399+0000] {dagbag.py:539} INFO - Filling up the DagBag from /home/airflow/.local/lib/python3.8/site-packages/airflow/example_dags/example_branch_python_dop_operator_3.py
[2023-09-09T14:05:26.407+0000] {processor.py:839} INFO - DAG(s) dict_keys(['example_branch_dop_operator_v3']) retrieved from /home/airflow/.local/lib/python3.8/site-packages/airflow/example_dags/example_branch_python_dop_operator_3.py
[2023-09-09T14:05:26.422+0000] {logging_mixin.py:151} INFO - [2023-09-09T14:05:26.421+0000] {dag.py:2907} INFO - Sync 1 DAGs
[2023-09-09T14:05:26.440+0000] {logging_mixin.py:151} INFO - [2023-09-09T14:05:26.440+0000] {dag.py:3677} INFO - Setting next_dagrun for example_branch_dop_operator_v3 to 2023-09-09T14:04:00+00:00, run_after=2023-09-09T14:05:00+00:00
[2023-09-09T14:05:26.452+0000] {processor.py:179} INFO - Processing /home/airflow/.local/lib/python3.8/site-packages/airflow/example_dags/example_branch_python_dop_operator_3.py took 0.058 seconds
[2023-09-09T14:05:57.451+0000] {processor.py:157} INFO - Started process (PID=1165) to work on /home/airflow/.local/lib/python3.8/site-packages/airflow/example_dags/example_branch_python_dop_operator_3.py
[2023-09-09T14:05:57.452+0000] {processor.py:829} INFO - Processing file /home/airflow/.local/lib/python3.8/site-packages/airflow/example_dags/example_branch_python_dop_operator_3.py for tasks to queue
[2023-09-09T14:05:57.454+0000] {logging_mixin.py:151} INFO - [2023-09-09T14:05:57.454+0000] {dagbag.py:539} INFO - Filling up the DagBag from /home/airflow/.local/lib/python3.8/site-packages/airflow/example_dags/example_branch_python_dop_operator_3.py
[2023-09-09T14:05:57.459+0000] {processor.py:839} INFO - DAG(s) dict_keys(['example_branch_dop_operator_v3']) retrieved from /home/airflow/.local/lib/python3.8/site-packages/airflow/example_dags/example_branch_python_dop_operator_3.py
[2023-09-09T14:05:57.472+0000] {logging_mixin.py:151} INFO - [2023-09-09T14:05:57.472+0000] {dag.py:2907} INFO - Sync 1 DAGs
[2023-09-09T14:05:57.489+0000] {logging_mixin.py:151} INFO - [2023-09-09T14:05:57.489+0000] {dag.py:3677} INFO - Setting next_dagrun for example_branch_dop_operator_v3 to 2023-09-09T14:04:00+00:00, run_after=2023-09-09T14:05:00+00:00
[2023-09-09T14:05:57.500+0000] {processor.py:179} INFO - Processing /home/airflow/.local/lib/python3.8/site-packages/airflow/example_dags/example_branch_python_dop_operator_3.py took 0.050 seconds
[2023-09-09T14:06:27.748+0000] {processor.py:157} INFO - Started process (PID=1220) to work on /home/airflow/.local/lib/python3.8/site-packages/airflow/example_dags/example_branch_python_dop_operator_3.py
[2023-09-09T14:06:27.749+0000] {processor.py:829} INFO - Processing file /home/airflow/.local/lib/python3.8/site-packages/airflow/example_dags/example_branch_python_dop_operator_3.py for tasks to queue
[2023-09-09T14:06:27.750+0000] {logging_mixin.py:151} INFO - [2023-09-09T14:06:27.750+0000] {dagbag.py:539} INFO - Filling up the DagBag from /home/airflow/.local/lib/python3.8/site-packages/airflow/example_dags/example_branch_python_dop_operator_3.py
[2023-09-09T14:06:27.756+0000] {processor.py:839} INFO - DAG(s) dict_keys(['example_branch_dop_operator_v3']) retrieved from /home/airflow/.local/lib/python3.8/site-packages/airflow/example_dags/example_branch_python_dop_operator_3.py
[2023-09-09T14:06:27.770+0000] {logging_mixin.py:151} INFO - [2023-09-09T14:06:27.770+0000] {dag.py:2907} INFO - Sync 1 DAGs
[2023-09-09T14:06:27.786+0000] {logging_mixin.py:151} INFO - [2023-09-09T14:06:27.786+0000] {dag.py:3677} INFO - Setting next_dagrun for example_branch_dop_operator_v3 to 2023-09-09T14:05:00+00:00, run_after=2023-09-09T14:06:00+00:00
[2023-09-09T14:06:27.797+0000] {processor.py:179} INFO - Processing /home/airflow/.local/lib/python3.8/site-packages/airflow/example_dags/example_branch_python_dop_operator_3.py took 0.052 seconds
[2023-09-09T14:06:58.785+0000] {processor.py:157} INFO - Started process (PID=1275) to work on /home/airflow/.local/lib/python3.8/site-packages/airflow/example_dags/example_branch_python_dop_operator_3.py
[2023-09-09T14:06:58.786+0000] {processor.py:829} INFO - Processing file /home/airflow/.local/lib/python3.8/site-packages/airflow/example_dags/example_branch_python_dop_operator_3.py for tasks to queue
[2023-09-09T14:06:58.787+0000] {logging_mixin.py:151} INFO - [2023-09-09T14:06:58.787+0000] {dagbag.py:539} INFO - Filling up the DagBag from /home/airflow/.local/lib/python3.8/site-packages/airflow/example_dags/example_branch_python_dop_operator_3.py
[2023-09-09T14:06:58.793+0000] {processor.py:839} INFO - DAG(s) dict_keys(['example_branch_dop_operator_v3']) retrieved from /home/airflow/.local/lib/python3.8/site-packages/airflow/example_dags/example_branch_python_dop_operator_3.py
[2023-09-09T14:06:58.807+0000] {logging_mixin.py:151} INFO - [2023-09-09T14:06:58.807+0000] {dag.py:2907} INFO - Sync 1 DAGs
[2023-09-09T14:06:58.824+0000] {logging_mixin.py:151} INFO - [2023-09-09T14:06:58.824+0000] {dag.py:3677} INFO - Setting next_dagrun for example_branch_dop_operator_v3 to 2023-09-09T14:05:00+00:00, run_after=2023-09-09T14:06:00+00:00
[2023-09-09T14:06:58.834+0000] {processor.py:179} INFO - Processing /home/airflow/.local/lib/python3.8/site-packages/airflow/example_dags/example_branch_python_dop_operator_3.py took 0.051 seconds
[2023-09-09T14:07:29.884+0000] {processor.py:157} INFO - Started process (PID=1330) to work on /home/airflow/.local/lib/python3.8/site-packages/airflow/example_dags/example_branch_python_dop_operator_3.py
[2023-09-09T14:07:29.885+0000] {processor.py:829} INFO - Processing file /home/airflow/.local/lib/python3.8/site-packages/airflow/example_dags/example_branch_python_dop_operator_3.py for tasks to queue
[2023-09-09T14:07:29.886+0000] {logging_mixin.py:151} INFO - [2023-09-09T14:07:29.886+0000] {dagbag.py:539} INFO - Filling up the DagBag from /home/airflow/.local/lib/python3.8/site-packages/airflow/example_dags/example_branch_python_dop_operator_3.py
[2023-09-09T14:07:29.892+0000] {processor.py:839} INFO - DAG(s) dict_keys(['example_branch_dop_operator_v3']) retrieved from /home/airflow/.local/lib/python3.8/site-packages/airflow/example_dags/example_branch_python_dop_operator_3.py
[2023-09-09T14:07:29.906+0000] {logging_mixin.py:151} INFO - [2023-09-09T14:07:29.906+0000] {dag.py:2907} INFO - Sync 1 DAGs
[2023-09-09T14:07:29.924+0000] {logging_mixin.py:151} INFO - [2023-09-09T14:07:29.923+0000] {dag.py:3677} INFO - Setting next_dagrun for example_branch_dop_operator_v3 to 2023-09-09T14:06:00+00:00, run_after=2023-09-09T14:07:00+00:00
[2023-09-09T14:07:29.935+0000] {processor.py:179} INFO - Processing /home/airflow/.local/lib/python3.8/site-packages/airflow/example_dags/example_branch_python_dop_operator_3.py took 0.053 seconds
[2023-09-09T14:08:01.044+0000] {processor.py:157} INFO - Started process (PID=1385) to work on /home/airflow/.local/lib/python3.8/site-packages/airflow/example_dags/example_branch_python_dop_operator_3.py
[2023-09-09T14:08:01.045+0000] {processor.py:829} INFO - Processing file /home/airflow/.local/lib/python3.8/site-packages/airflow/example_dags/example_branch_python_dop_operator_3.py for tasks to queue
[2023-09-09T14:08:01.047+0000] {logging_mixin.py:151} INFO - [2023-09-09T14:08:01.046+0000] {dagbag.py:539} INFO - Filling up the DagBag from /home/airflow/.local/lib/python3.8/site-packages/airflow/example_dags/example_branch_python_dop_operator_3.py
[2023-09-09T14:08:01.053+0000] {processor.py:839} INFO - DAG(s) dict_keys(['example_branch_dop_operator_v3']) retrieved from /home/airflow/.local/lib/python3.8/site-packages/airflow/example_dags/example_branch_python_dop_operator_3.py
[2023-09-09T14:08:01.066+0000] {logging_mixin.py:151} INFO - [2023-09-09T14:08:01.066+0000] {dag.py:2907} INFO - Sync 1 DAGs
[2023-09-09T14:08:01.084+0000] {logging_mixin.py:151} INFO - [2023-09-09T14:08:01.084+0000] {dag.py:3677} INFO - Setting next_dagrun for example_branch_dop_operator_v3 to 2023-09-09T14:07:00+00:00, run_after=2023-09-09T14:08:00+00:00
[2023-09-09T14:08:01.097+0000] {processor.py:179} INFO - Processing /home/airflow/.local/lib/python3.8/site-packages/airflow/example_dags/example_branch_python_dop_operator_3.py took 0.056 seconds
[2023-09-09T14:08:32.097+0000] {processor.py:157} INFO - Started process (PID=1440) to work on /home/airflow/.local/lib/python3.8/site-packages/airflow/example_dags/example_branch_python_dop_operator_3.py
[2023-09-09T14:08:32.098+0000] {processor.py:829} INFO - Processing file /home/airflow/.local/lib/python3.8/site-packages/airflow/example_dags/example_branch_python_dop_operator_3.py for tasks to queue
[2023-09-09T14:08:32.099+0000] {logging_mixin.py:151} INFO - [2023-09-09T14:08:32.099+0000] {dagbag.py:539} INFO - Filling up the DagBag from /home/airflow/.local/lib/python3.8/site-packages/airflow/example_dags/example_branch_python_dop_operator_3.py
[2023-09-09T14:08:32.105+0000] {processor.py:839} INFO - DAG(s) dict_keys(['example_branch_dop_operator_v3']) retrieved from /home/airflow/.local/lib/python3.8/site-packages/airflow/example_dags/example_branch_python_dop_operator_3.py
[2023-09-09T14:08:32.118+0000] {logging_mixin.py:151} INFO - [2023-09-09T14:08:32.117+0000] {dag.py:2907} INFO - Sync 1 DAGs
[2023-09-09T14:08:32.134+0000] {logging_mixin.py:151} INFO - [2023-09-09T14:08:32.133+0000] {dag.py:3677} INFO - Setting next_dagrun for example_branch_dop_operator_v3 to 2023-09-09T14:07:00+00:00, run_after=2023-09-09T14:08:00+00:00
[2023-09-09T14:08:32.145+0000] {processor.py:179} INFO - Processing /home/airflow/.local/lib/python3.8/site-packages/airflow/example_dags/example_branch_python_dop_operator_3.py took 0.050 seconds
[2023-09-09T14:09:02.890+0000] {processor.py:157} INFO - Started process (PID=1495) to work on /home/airflow/.local/lib/python3.8/site-packages/airflow/example_dags/example_branch_python_dop_operator_3.py
[2023-09-09T14:09:02.891+0000] {processor.py:829} INFO - Processing file /home/airflow/.local/lib/python3.8/site-packages/airflow/example_dags/example_branch_python_dop_operator_3.py for tasks to queue
[2023-09-09T14:09:02.892+0000] {logging_mixin.py:151} INFO - [2023-09-09T14:09:02.892+0000] {dagbag.py:539} INFO - Filling up the DagBag from /home/airflow/.local/lib/python3.8/site-packages/airflow/example_dags/example_branch_python_dop_operator_3.py
[2023-09-09T14:09:02.899+0000] {processor.py:839} INFO - DAG(s) dict_keys(['example_branch_dop_operator_v3']) retrieved from /home/airflow/.local/lib/python3.8/site-packages/airflow/example_dags/example_branch_python_dop_operator_3.py
[2023-09-09T14:09:02.912+0000] {logging_mixin.py:151} INFO - [2023-09-09T14:09:02.911+0000] {dag.py:2907} INFO - Sync 1 DAGs
[2023-09-09T14:09:02.929+0000] {logging_mixin.py:151} INFO - [2023-09-09T14:09:02.928+0000] {dag.py:3677} INFO - Setting next_dagrun for example_branch_dop_operator_v3 to 2023-09-09T14:08:00+00:00, run_after=2023-09-09T14:09:00+00:00
[2023-09-09T14:09:02.940+0000] {processor.py:179} INFO - Processing /home/airflow/.local/lib/python3.8/site-packages/airflow/example_dags/example_branch_python_dop_operator_3.py took 0.052 seconds
[2023-09-09T14:09:33.132+0000] {processor.py:157} INFO - Started process (PID=1552) to work on /home/airflow/.local/lib/python3.8/site-packages/airflow/example_dags/example_branch_python_dop_operator_3.py
[2023-09-09T14:09:33.132+0000] {processor.py:829} INFO - Processing file /home/airflow/.local/lib/python3.8/site-packages/airflow/example_dags/example_branch_python_dop_operator_3.py for tasks to queue
[2023-09-09T14:09:33.134+0000] {logging_mixin.py:151} INFO - [2023-09-09T14:09:33.134+0000] {dagbag.py:539} INFO - Filling up the DagBag from /home/airflow/.local/lib/python3.8/site-packages/airflow/example_dags/example_branch_python_dop_operator_3.py
[2023-09-09T14:09:33.139+0000] {processor.py:839} INFO - DAG(s) dict_keys(['example_branch_dop_operator_v3']) retrieved from /home/airflow/.local/lib/python3.8/site-packages/airflow/example_dags/example_branch_python_dop_operator_3.py
[2023-09-09T14:09:33.152+0000] {logging_mixin.py:151} INFO - [2023-09-09T14:09:33.152+0000] {dag.py:2907} INFO - Sync 1 DAGs
[2023-09-09T14:09:33.168+0000] {logging_mixin.py:151} INFO - [2023-09-09T14:09:33.167+0000] {dag.py:3677} INFO - Setting next_dagrun for example_branch_dop_operator_v3 to 2023-09-09T14:08:00+00:00, run_after=2023-09-09T14:09:00+00:00
[2023-09-09T14:09:33.180+0000] {processor.py:179} INFO - Processing /home/airflow/.local/lib/python3.8/site-packages/airflow/example_dags/example_branch_python_dop_operator_3.py took 0.050 seconds
[2023-09-09T14:10:04.309+0000] {processor.py:157} INFO - Started process (PID=1610) to work on /home/airflow/.local/lib/python3.8/site-packages/airflow/example_dags/example_branch_python_dop_operator_3.py
[2023-09-09T14:10:04.310+0000] {processor.py:829} INFO - Processing file /home/airflow/.local/lib/python3.8/site-packages/airflow/example_dags/example_branch_python_dop_operator_3.py for tasks to queue
[2023-09-09T14:10:04.311+0000] {logging_mixin.py:151} INFO - [2023-09-09T14:10:04.311+0000] {dagbag.py:539} INFO - Filling up the DagBag from /home/airflow/.local/lib/python3.8/site-packages/airflow/example_dags/example_branch_python_dop_operator_3.py
[2023-09-09T14:10:04.317+0000] {processor.py:839} INFO - DAG(s) dict_keys(['example_branch_dop_operator_v3']) retrieved from /home/airflow/.local/lib/python3.8/site-packages/airflow/example_dags/example_branch_python_dop_operator_3.py
[2023-09-09T14:10:04.331+0000] {logging_mixin.py:151} INFO - [2023-09-09T14:10:04.331+0000] {dag.py:2907} INFO - Sync 1 DAGs
[2023-09-09T14:10:04.351+0000] {logging_mixin.py:151} INFO - [2023-09-09T14:10:04.351+0000] {dag.py:3677} INFO - Setting next_dagrun for example_branch_dop_operator_v3 to 2023-09-09T14:09:00+00:00, run_after=2023-09-09T14:10:00+00:00
[2023-09-09T14:10:04.363+0000] {processor.py:179} INFO - Processing /home/airflow/.local/lib/python3.8/site-packages/airflow/example_dags/example_branch_python_dop_operator_3.py took 0.056 seconds
[2023-09-09T14:10:34.504+0000] {processor.py:157} INFO - Started process (PID=1671) to work on /home/airflow/.local/lib/python3.8/site-packages/airflow/example_dags/example_branch_python_dop_operator_3.py
[2023-09-09T14:10:34.505+0000] {processor.py:829} INFO - Processing file /home/airflow/.local/lib/python3.8/site-packages/airflow/example_dags/example_branch_python_dop_operator_3.py for tasks to queue
[2023-09-09T14:10:34.506+0000] {logging_mixin.py:151} INFO - [2023-09-09T14:10:34.506+0000] {dagbag.py:539} INFO - Filling up the DagBag from /home/airflow/.local/lib/python3.8/site-packages/airflow/example_dags/example_branch_python_dop_operator_3.py
[2023-09-09T14:10:34.512+0000] {processor.py:839} INFO - DAG(s) dict_keys(['example_branch_dop_operator_v3']) retrieved from /home/airflow/.local/lib/python3.8/site-packages/airflow/example_dags/example_branch_python_dop_operator_3.py
[2023-09-09T14:10:34.526+0000] {logging_mixin.py:151} INFO - [2023-09-09T14:10:34.525+0000] {dag.py:2907} INFO - Sync 1 DAGs
[2023-09-09T14:10:34.543+0000] {logging_mixin.py:151} INFO - [2023-09-09T14:10:34.543+0000] {dag.py:3677} INFO - Setting next_dagrun for example_branch_dop_operator_v3 to 2023-09-09T14:09:00+00:00, run_after=2023-09-09T14:10:00+00:00
[2023-09-09T14:10:34.556+0000] {processor.py:179} INFO - Processing /home/airflow/.local/lib/python3.8/site-packages/airflow/example_dags/example_branch_python_dop_operator_3.py took 0.054 seconds
[2023-09-09T14:11:04.768+0000] {processor.py:157} INFO - Started process (PID=1731) to work on /home/airflow/.local/lib/python3.8/site-packages/airflow/example_dags/example_branch_python_dop_operator_3.py
[2023-09-09T14:11:04.769+0000] {processor.py:829} INFO - Processing file /home/airflow/.local/lib/python3.8/site-packages/airflow/example_dags/example_branch_python_dop_operator_3.py for tasks to queue
[2023-09-09T14:11:04.771+0000] {logging_mixin.py:151} INFO - [2023-09-09T14:11:04.771+0000] {dagbag.py:539} INFO - Filling up the DagBag from /home/airflow/.local/lib/python3.8/site-packages/airflow/example_dags/example_branch_python_dop_operator_3.py
[2023-09-09T14:11:04.776+0000] {processor.py:839} INFO - DAG(s) dict_keys(['example_branch_dop_operator_v3']) retrieved from /home/airflow/.local/lib/python3.8/site-packages/airflow/example_dags/example_branch_python_dop_operator_3.py
[2023-09-09T14:11:04.789+0000] {logging_mixin.py:151} INFO - [2023-09-09T14:11:04.789+0000] {dag.py:2907} INFO - Sync 1 DAGs
[2023-09-09T14:11:04.806+0000] {logging_mixin.py:151} INFO - [2023-09-09T14:11:04.806+0000] {dag.py:3677} INFO - Setting next_dagrun for example_branch_dop_operator_v3 to 2023-09-09T14:10:00+00:00, run_after=2023-09-09T14:11:00+00:00
[2023-09-09T14:11:04.820+0000] {processor.py:179} INFO - Processing /home/airflow/.local/lib/python3.8/site-packages/airflow/example_dags/example_branch_python_dop_operator_3.py took 0.053 seconds
[2023-09-09T14:11:35.959+0000] {processor.py:157} INFO - Started process (PID=1793) to work on /home/airflow/.local/lib/python3.8/site-packages/airflow/example_dags/example_branch_python_dop_operator_3.py
[2023-09-09T14:11:35.960+0000] {processor.py:829} INFO - Processing file /home/airflow/.local/lib/python3.8/site-packages/airflow/example_dags/example_branch_python_dop_operator_3.py for tasks to queue
[2023-09-09T14:11:35.962+0000] {logging_mixin.py:151} INFO - [2023-09-09T14:11:35.961+0000] {dagbag.py:539} INFO - Filling up the DagBag from /home/airflow/.local/lib/python3.8/site-packages/airflow/example_dags/example_branch_python_dop_operator_3.py
[2023-09-09T14:11:35.967+0000] {processor.py:839} INFO - DAG(s) dict_keys(['example_branch_dop_operator_v3']) retrieved from /home/airflow/.local/lib/python3.8/site-packages/airflow/example_dags/example_branch_python_dop_operator_3.py
[2023-09-09T14:11:35.980+0000] {logging_mixin.py:151} INFO - [2023-09-09T14:11:35.980+0000] {dag.py:2907} INFO - Sync 1 DAGs
[2023-09-09T14:11:35.996+0000] {logging_mixin.py:151} INFO - [2023-09-09T14:11:35.996+0000] {dag.py:3677} INFO - Setting next_dagrun for example_branch_dop_operator_v3 to 2023-09-09T14:10:00+00:00, run_after=2023-09-09T14:11:00+00:00
[2023-09-09T14:11:36.008+0000] {processor.py:179} INFO - Processing /home/airflow/.local/lib/python3.8/site-packages/airflow/example_dags/example_branch_python_dop_operator_3.py took 0.050 seconds
[2023-09-09T14:12:06.209+0000] {processor.py:157} INFO - Started process (PID=1849) to work on /home/airflow/.local/lib/python3.8/site-packages/airflow/example_dags/example_branch_python_dop_operator_3.py
[2023-09-09T14:12:06.210+0000] {processor.py:829} INFO - Processing file /home/airflow/.local/lib/python3.8/site-packages/airflow/example_dags/example_branch_python_dop_operator_3.py for tasks to queue
[2023-09-09T14:12:06.212+0000] {logging_mixin.py:151} INFO - [2023-09-09T14:12:06.211+0000] {dagbag.py:539} INFO - Filling up the DagBag from /home/airflow/.local/lib/python3.8/site-packages/airflow/example_dags/example_branch_python_dop_operator_3.py
[2023-09-09T14:12:06.218+0000] {processor.py:839} INFO - DAG(s) dict_keys(['example_branch_dop_operator_v3']) retrieved from /home/airflow/.local/lib/python3.8/site-packages/airflow/example_dags/example_branch_python_dop_operator_3.py
[2023-09-09T14:12:06.232+0000] {logging_mixin.py:151} INFO - [2023-09-09T14:12:06.232+0000] {dag.py:2907} INFO - Sync 1 DAGs
[2023-09-09T14:12:06.250+0000] {logging_mixin.py:151} INFO - [2023-09-09T14:12:06.250+0000] {dag.py:3677} INFO - Setting next_dagrun for example_branch_dop_operator_v3 to 2023-09-09T14:11:00+00:00, run_after=2023-09-09T14:12:00+00:00
[2023-09-09T14:12:06.263+0000] {processor.py:179} INFO - Processing /home/airflow/.local/lib/python3.8/site-packages/airflow/example_dags/example_branch_python_dop_operator_3.py took 0.056 seconds
[2023-09-09T14:12:37.141+0000] {processor.py:157} INFO - Started process (PID=1904) to work on /home/airflow/.local/lib/python3.8/site-packages/airflow/example_dags/example_branch_python_dop_operator_3.py
[2023-09-09T14:12:37.141+0000] {processor.py:829} INFO - Processing file /home/airflow/.local/lib/python3.8/site-packages/airflow/example_dags/example_branch_python_dop_operator_3.py for tasks to queue
[2023-09-09T14:12:37.143+0000] {logging_mixin.py:151} INFO - [2023-09-09T14:12:37.143+0000] {dagbag.py:539} INFO - Filling up the DagBag from /home/airflow/.local/lib/python3.8/site-packages/airflow/example_dags/example_branch_python_dop_operator_3.py
[2023-09-09T14:12:37.149+0000] {processor.py:839} INFO - DAG(s) dict_keys(['example_branch_dop_operator_v3']) retrieved from /home/airflow/.local/lib/python3.8/site-packages/airflow/example_dags/example_branch_python_dop_operator_3.py
[2023-09-09T14:12:37.161+0000] {logging_mixin.py:151} INFO - [2023-09-09T14:12:37.161+0000] {dag.py:2907} INFO - Sync 1 DAGs
[2023-09-09T14:12:37.177+0000] {logging_mixin.py:151} INFO - [2023-09-09T14:12:37.177+0000] {dag.py:3677} INFO - Setting next_dagrun for example_branch_dop_operator_v3 to 2023-09-09T14:11:00+00:00, run_after=2023-09-09T14:12:00+00:00
[2023-09-09T14:12:37.188+0000] {processor.py:179} INFO - Processing /home/airflow/.local/lib/python3.8/site-packages/airflow/example_dags/example_branch_python_dop_operator_3.py took 0.049 seconds
[2023-09-09T14:13:07.554+0000] {processor.py:157} INFO - Started process (PID=1960) to work on /home/airflow/.local/lib/python3.8/site-packages/airflow/example_dags/example_branch_python_dop_operator_3.py
[2023-09-09T14:13:07.555+0000] {processor.py:829} INFO - Processing file /home/airflow/.local/lib/python3.8/site-packages/airflow/example_dags/example_branch_python_dop_operator_3.py for tasks to queue
[2023-09-09T14:13:07.556+0000] {logging_mixin.py:151} INFO - [2023-09-09T14:13:07.556+0000] {dagbag.py:539} INFO - Filling up the DagBag from /home/airflow/.local/lib/python3.8/site-packages/airflow/example_dags/example_branch_python_dop_operator_3.py
[2023-09-09T14:13:07.562+0000] {processor.py:839} INFO - DAG(s) dict_keys(['example_branch_dop_operator_v3']) retrieved from /home/airflow/.local/lib/python3.8/site-packages/airflow/example_dags/example_branch_python_dop_operator_3.py
[2023-09-09T14:13:07.576+0000] {logging_mixin.py:151} INFO - [2023-09-09T14:13:07.576+0000] {dag.py:2907} INFO - Sync 1 DAGs
[2023-09-09T14:13:07.593+0000] {logging_mixin.py:151} INFO - [2023-09-09T14:13:07.593+0000] {dag.py:3677} INFO - Setting next_dagrun for example_branch_dop_operator_v3 to 2023-09-09T14:12:00+00:00, run_after=2023-09-09T14:13:00+00:00
[2023-09-09T14:13:07.605+0000] {processor.py:179} INFO - Processing /home/airflow/.local/lib/python3.8/site-packages/airflow/example_dags/example_branch_python_dop_operator_3.py took 0.053 seconds
[2023-09-09T14:13:38.535+0000] {processor.py:157} INFO - Started process (PID=2015) to work on /home/airflow/.local/lib/python3.8/site-packages/airflow/example_dags/example_branch_python_dop_operator_3.py
[2023-09-09T14:13:38.536+0000] {processor.py:829} INFO - Processing file /home/airflow/.local/lib/python3.8/site-packages/airflow/example_dags/example_branch_python_dop_operator_3.py for tasks to queue
[2023-09-09T14:13:38.538+0000] {logging_mixin.py:151} INFO - [2023-09-09T14:13:38.537+0000] {dagbag.py:539} INFO - Filling up the DagBag from /home/airflow/.local/lib/python3.8/site-packages/airflow/example_dags/example_branch_python_dop_operator_3.py
[2023-09-09T14:13:38.543+0000] {processor.py:839} INFO - DAG(s) dict_keys(['example_branch_dop_operator_v3']) retrieved from /home/airflow/.local/lib/python3.8/site-packages/airflow/example_dags/example_branch_python_dop_operator_3.py
[2023-09-09T14:13:38.555+0000] {logging_mixin.py:151} INFO - [2023-09-09T14:13:38.555+0000] {dag.py:2907} INFO - Sync 1 DAGs
[2023-09-09T14:13:38.572+0000] {logging_mixin.py:151} INFO - [2023-09-09T14:13:38.571+0000] {dag.py:3677} INFO - Setting next_dagrun for example_branch_dop_operator_v3 to 2023-09-09T14:12:00+00:00, run_after=2023-09-09T14:13:00+00:00
[2023-09-09T14:13:38.584+0000] {processor.py:179} INFO - Processing /home/airflow/.local/lib/python3.8/site-packages/airflow/example_dags/example_branch_python_dop_operator_3.py took 0.050 seconds
[2023-09-09T14:14:08.763+0000] {processor.py:157} INFO - Started process (PID=2071) to work on /home/airflow/.local/lib/python3.8/site-packages/airflow/example_dags/example_branch_python_dop_operator_3.py
[2023-09-09T14:14:08.764+0000] {processor.py:829} INFO - Processing file /home/airflow/.local/lib/python3.8/site-packages/airflow/example_dags/example_branch_python_dop_operator_3.py for tasks to queue
[2023-09-09T14:14:08.765+0000] {logging_mixin.py:151} INFO - [2023-09-09T14:14:08.765+0000] {dagbag.py:539} INFO - Filling up the DagBag from /home/airflow/.local/lib/python3.8/site-packages/airflow/example_dags/example_branch_python_dop_operator_3.py
[2023-09-09T14:14:08.771+0000] {processor.py:839} INFO - DAG(s) dict_keys(['example_branch_dop_operator_v3']) retrieved from /home/airflow/.local/lib/python3.8/site-packages/airflow/example_dags/example_branch_python_dop_operator_3.py
[2023-09-09T14:14:08.784+0000] {logging_mixin.py:151} INFO - [2023-09-09T14:14:08.784+0000] {dag.py:2907} INFO - Sync 1 DAGs
[2023-09-09T14:14:08.803+0000] {logging_mixin.py:151} INFO - [2023-09-09T14:14:08.802+0000] {dag.py:3677} INFO - Setting next_dagrun for example_branch_dop_operator_v3 to 2023-09-09T14:13:00+00:00, run_after=2023-09-09T14:14:00+00:00
[2023-09-09T14:14:08.815+0000] {processor.py:179} INFO - Processing /home/airflow/.local/lib/python3.8/site-packages/airflow/example_dags/example_branch_python_dop_operator_3.py took 0.054 seconds
[2023-09-09T14:14:39.899+0000] {processor.py:157} INFO - Started process (PID=2127) to work on /home/airflow/.local/lib/python3.8/site-packages/airflow/example_dags/example_branch_python_dop_operator_3.py
[2023-09-09T14:14:39.900+0000] {processor.py:829} INFO - Processing file /home/airflow/.local/lib/python3.8/site-packages/airflow/example_dags/example_branch_python_dop_operator_3.py for tasks to queue
[2023-09-09T14:14:39.901+0000] {logging_mixin.py:151} INFO - [2023-09-09T14:14:39.901+0000] {dagbag.py:539} INFO - Filling up the DagBag from /home/airflow/.local/lib/python3.8/site-packages/airflow/example_dags/example_branch_python_dop_operator_3.py
[2023-09-09T14:14:39.907+0000] {processor.py:839} INFO - DAG(s) dict_keys(['example_branch_dop_operator_v3']) retrieved from /home/airflow/.local/lib/python3.8/site-packages/airflow/example_dags/example_branch_python_dop_operator_3.py
[2023-09-09T14:14:39.922+0000] {logging_mixin.py:151} INFO - [2023-09-09T14:14:39.921+0000] {dag.py:2907} INFO - Sync 1 DAGs
[2023-09-09T14:14:39.940+0000] {logging_mixin.py:151} INFO - [2023-09-09T14:14:39.940+0000] {dag.py:3677} INFO - Setting next_dagrun for example_branch_dop_operator_v3 to 2023-09-09T14:13:00+00:00, run_after=2023-09-09T14:14:00+00:00
[2023-09-09T14:14:39.952+0000] {processor.py:179} INFO - Processing /home/airflow/.local/lib/python3.8/site-packages/airflow/example_dags/example_branch_python_dop_operator_3.py took 0.055 seconds
[2023-09-09T14:15:11.294+0000] {processor.py:157} INFO - Started process (PID=2182) to work on /home/airflow/.local/lib/python3.8/site-packages/airflow/example_dags/example_branch_python_dop_operator_3.py
[2023-09-09T14:15:11.294+0000] {processor.py:829} INFO - Processing file /home/airflow/.local/lib/python3.8/site-packages/airflow/example_dags/example_branch_python_dop_operator_3.py for tasks to queue
[2023-09-09T14:15:11.296+0000] {logging_mixin.py:151} INFO - [2023-09-09T14:15:11.296+0000] {dagbag.py:539} INFO - Filling up the DagBag from /home/airflow/.local/lib/python3.8/site-packages/airflow/example_dags/example_branch_python_dop_operator_3.py
[2023-09-09T14:15:11.302+0000] {processor.py:839} INFO - DAG(s) dict_keys(['example_branch_dop_operator_v3']) retrieved from /home/airflow/.local/lib/python3.8/site-packages/airflow/example_dags/example_branch_python_dop_operator_3.py
[2023-09-09T14:15:11.315+0000] {logging_mixin.py:151} INFO - [2023-09-09T14:15:11.315+0000] {dag.py:2907} INFO - Sync 1 DAGs
[2023-09-09T14:15:11.334+0000] {logging_mixin.py:151} INFO - [2023-09-09T14:15:11.334+0000] {dag.py:3677} INFO - Setting next_dagrun for example_branch_dop_operator_v3 to 2023-09-09T14:14:00+00:00, run_after=2023-09-09T14:15:00+00:00
[2023-09-09T14:15:11.346+0000] {processor.py:179} INFO - Processing /home/airflow/.local/lib/python3.8/site-packages/airflow/example_dags/example_branch_python_dop_operator_3.py took 0.054 seconds
[2023-09-09T14:15:41.417+0000] {processor.py:157} INFO - Started process (PID=2239) to work on /home/airflow/.local/lib/python3.8/site-packages/airflow/example_dags/example_branch_python_dop_operator_3.py
[2023-09-09T14:15:41.418+0000] {processor.py:829} INFO - Processing file /home/airflow/.local/lib/python3.8/site-packages/airflow/example_dags/example_branch_python_dop_operator_3.py for tasks to queue
[2023-09-09T14:15:41.419+0000] {logging_mixin.py:151} INFO - [2023-09-09T14:15:41.419+0000] {dagbag.py:539} INFO - Filling up the DagBag from /home/airflow/.local/lib/python3.8/site-packages/airflow/example_dags/example_branch_python_dop_operator_3.py
[2023-09-09T14:15:41.425+0000] {processor.py:839} INFO - DAG(s) dict_keys(['example_branch_dop_operator_v3']) retrieved from /home/airflow/.local/lib/python3.8/site-packages/airflow/example_dags/example_branch_python_dop_operator_3.py
[2023-09-09T14:15:41.441+0000] {logging_mixin.py:151} INFO - [2023-09-09T14:15:41.440+0000] {dag.py:2907} INFO - Sync 1 DAGs
[2023-09-09T14:15:41.462+0000] {logging_mixin.py:151} INFO - [2023-09-09T14:15:41.461+0000] {dag.py:3677} INFO - Setting next_dagrun for example_branch_dop_operator_v3 to 2023-09-09T14:14:00+00:00, run_after=2023-09-09T14:15:00+00:00
[2023-09-09T14:15:41.477+0000] {processor.py:179} INFO - Processing /home/airflow/.local/lib/python3.8/site-packages/airflow/example_dags/example_branch_python_dop_operator_3.py took 0.062 seconds
[2023-09-09T14:16:11.728+0000] {processor.py:157} INFO - Started process (PID=2294) to work on /home/airflow/.local/lib/python3.8/site-packages/airflow/example_dags/example_branch_python_dop_operator_3.py
[2023-09-09T14:16:11.729+0000] {processor.py:829} INFO - Processing file /home/airflow/.local/lib/python3.8/site-packages/airflow/example_dags/example_branch_python_dop_operator_3.py for tasks to queue
[2023-09-09T14:16:11.730+0000] {logging_mixin.py:151} INFO - [2023-09-09T14:16:11.730+0000] {dagbag.py:539} INFO - Filling up the DagBag from /home/airflow/.local/lib/python3.8/site-packages/airflow/example_dags/example_branch_python_dop_operator_3.py
[2023-09-09T14:16:11.736+0000] {processor.py:839} INFO - DAG(s) dict_keys(['example_branch_dop_operator_v3']) retrieved from /home/airflow/.local/lib/python3.8/site-packages/airflow/example_dags/example_branch_python_dop_operator_3.py
[2023-09-09T14:16:11.749+0000] {logging_mixin.py:151} INFO - [2023-09-09T14:16:11.749+0000] {dag.py:2907} INFO - Sync 1 DAGs
[2023-09-09T14:16:11.769+0000] {logging_mixin.py:151} INFO - [2023-09-09T14:16:11.769+0000] {dag.py:3677} INFO - Setting next_dagrun for example_branch_dop_operator_v3 to 2023-09-09T14:15:00+00:00, run_after=2023-09-09T14:16:00+00:00
[2023-09-09T14:16:11.781+0000] {processor.py:179} INFO - Processing /home/airflow/.local/lib/python3.8/site-packages/airflow/example_dags/example_branch_python_dop_operator_3.py took 0.055 seconds
[2023-09-09T14:16:41.950+0000] {processor.py:157} INFO - Started process (PID=2349) to work on /home/airflow/.local/lib/python3.8/site-packages/airflow/example_dags/example_branch_python_dop_operator_3.py
[2023-09-09T14:16:41.950+0000] {processor.py:829} INFO - Processing file /home/airflow/.local/lib/python3.8/site-packages/airflow/example_dags/example_branch_python_dop_operator_3.py for tasks to queue
[2023-09-09T14:16:41.952+0000] {logging_mixin.py:151} INFO - [2023-09-09T14:16:41.952+0000] {dagbag.py:539} INFO - Filling up the DagBag from /home/airflow/.local/lib/python3.8/site-packages/airflow/example_dags/example_branch_python_dop_operator_3.py
[2023-09-09T14:16:41.957+0000] {processor.py:839} INFO - DAG(s) dict_keys(['example_branch_dop_operator_v3']) retrieved from /home/airflow/.local/lib/python3.8/site-packages/airflow/example_dags/example_branch_python_dop_operator_3.py
[2023-09-09T14:16:41.969+0000] {logging_mixin.py:151} INFO - [2023-09-09T14:16:41.969+0000] {dag.py:2907} INFO - Sync 1 DAGs
[2023-09-09T14:16:41.986+0000] {logging_mixin.py:151} INFO - [2023-09-09T14:16:41.986+0000] {dag.py:3677} INFO - Setting next_dagrun for example_branch_dop_operator_v3 to 2023-09-09T14:15:00+00:00, run_after=2023-09-09T14:16:00+00:00
[2023-09-09T14:16:41.998+0000] {processor.py:179} INFO - Processing /home/airflow/.local/lib/python3.8/site-packages/airflow/example_dags/example_branch_python_dop_operator_3.py took 0.051 seconds
[2023-09-09T14:17:12.313+0000] {processor.py:157} INFO - Started process (PID=2404) to work on /home/airflow/.local/lib/python3.8/site-packages/airflow/example_dags/example_branch_python_dop_operator_3.py
[2023-09-09T14:17:12.313+0000] {processor.py:829} INFO - Processing file /home/airflow/.local/lib/python3.8/site-packages/airflow/example_dags/example_branch_python_dop_operator_3.py for tasks to queue
[2023-09-09T14:17:12.315+0000] {logging_mixin.py:151} INFO - [2023-09-09T14:17:12.315+0000] {dagbag.py:539} INFO - Filling up the DagBag from /home/airflow/.local/lib/python3.8/site-packages/airflow/example_dags/example_branch_python_dop_operator_3.py
[2023-09-09T14:17:12.321+0000] {processor.py:839} INFO - DAG(s) dict_keys(['example_branch_dop_operator_v3']) retrieved from /home/airflow/.local/lib/python3.8/site-packages/airflow/example_dags/example_branch_python_dop_operator_3.py
[2023-09-09T14:17:12.334+0000] {logging_mixin.py:151} INFO - [2023-09-09T14:17:12.334+0000] {dag.py:2907} INFO - Sync 1 DAGs
[2023-09-09T14:17:12.352+0000] {logging_mixin.py:151} INFO - [2023-09-09T14:17:12.352+0000] {dag.py:3677} INFO - Setting next_dagrun for example_branch_dop_operator_v3 to 2023-09-09T14:16:00+00:00, run_after=2023-09-09T14:17:00+00:00
[2023-09-09T14:17:12.366+0000] {processor.py:179} INFO - Processing /home/airflow/.local/lib/python3.8/site-packages/airflow/example_dags/example_branch_python_dop_operator_3.py took 0.056 seconds
