[2023-09-09T13:55:41.857+0000] {processor.py:157} INFO - Started process (PID=48) to work on /home/airflow/.local/lib/python3.8/site-packages/airflow/example_dags/example_python_operator.py
[2023-09-09T13:55:41.858+0000] {processor.py:829} INFO - Processing file /home/airflow/.local/lib/python3.8/site-packages/airflow/example_dags/example_python_operator.py for tasks to queue
[2023-09-09T13:55:41.860+0000] {logging_mixin.py:151} INFO - [2023-09-09T13:55:41.860+0000] {dagbag.py:539} INFO - Filling up the DagBag from /home/airflow/.local/lib/python3.8/site-packages/airflow/example_dags/example_python_operator.py
[2023-09-09T13:55:41.869+0000] {processor.py:839} INFO - DAG(s) dict_keys(['example_python_operator']) retrieved from /home/airflow/.local/lib/python3.8/site-packages/airflow/example_dags/example_python_operator.py
[2023-09-09T13:55:42.128+0000] {logging_mixin.py:151} INFO - [2023-09-09T13:55:42.127+0000] {dag.py:2907} INFO - Sync 1 DAGs
[2023-09-09T13:55:42.138+0000] {logging_mixin.py:151} INFO - [2023-09-09T13:55:42.138+0000] {dag.py:3677} INFO - Setting next_dagrun for example_python_operator to None, run_after=None
[2023-09-09T13:55:42.159+0000] {processor.py:179} INFO - Processing /home/airflow/.local/lib/python3.8/site-packages/airflow/example_dags/example_python_operator.py took 0.304 seconds
[2023-09-09T13:56:12.299+0000] {processor.py:157} INFO - Started process (PID=103) to work on /home/airflow/.local/lib/python3.8/site-packages/airflow/example_dags/example_python_operator.py
[2023-09-09T13:56:12.300+0000] {processor.py:829} INFO - Processing file /home/airflow/.local/lib/python3.8/site-packages/airflow/example_dags/example_python_operator.py for tasks to queue
[2023-09-09T13:56:12.301+0000] {logging_mixin.py:151} INFO - [2023-09-09T13:56:12.301+0000] {dagbag.py:539} INFO - Filling up the DagBag from /home/airflow/.local/lib/python3.8/site-packages/airflow/example_dags/example_python_operator.py
[2023-09-09T13:56:12.308+0000] {processor.py:839} INFO - DAG(s) dict_keys(['example_python_operator']) retrieved from /home/airflow/.local/lib/python3.8/site-packages/airflow/example_dags/example_python_operator.py
[2023-09-09T13:56:12.324+0000] {logging_mixin.py:151} INFO - [2023-09-09T13:56:12.324+0000] {dag.py:2907} INFO - Sync 1 DAGs
[2023-09-09T13:56:12.332+0000] {logging_mixin.py:151} INFO - [2023-09-09T13:56:12.332+0000] {dag.py:3677} INFO - Setting next_dagrun for example_python_operator to None, run_after=None
[2023-09-09T13:56:12.344+0000] {processor.py:179} INFO - Processing /home/airflow/.local/lib/python3.8/site-packages/airflow/example_dags/example_python_operator.py took 0.047 seconds
[2023-09-09T13:56:42.430+0000] {processor.py:157} INFO - Started process (PID=157) to work on /home/airflow/.local/lib/python3.8/site-packages/airflow/example_dags/example_python_operator.py
[2023-09-09T13:56:42.431+0000] {processor.py:829} INFO - Processing file /home/airflow/.local/lib/python3.8/site-packages/airflow/example_dags/example_python_operator.py for tasks to queue
[2023-09-09T13:56:42.432+0000] {logging_mixin.py:151} INFO - [2023-09-09T13:56:42.432+0000] {dagbag.py:539} INFO - Filling up the DagBag from /home/airflow/.local/lib/python3.8/site-packages/airflow/example_dags/example_python_operator.py
[2023-09-09T13:56:42.439+0000] {processor.py:839} INFO - DAG(s) dict_keys(['example_python_operator']) retrieved from /home/airflow/.local/lib/python3.8/site-packages/airflow/example_dags/example_python_operator.py
[2023-09-09T13:56:42.455+0000] {logging_mixin.py:151} INFO - [2023-09-09T13:56:42.455+0000] {dag.py:2907} INFO - Sync 1 DAGs
[2023-09-09T13:56:42.463+0000] {logging_mixin.py:151} INFO - [2023-09-09T13:56:42.463+0000] {dag.py:3677} INFO - Setting next_dagrun for example_python_operator to None, run_after=None
[2023-09-09T13:56:42.477+0000] {processor.py:179} INFO - Processing /home/airflow/.local/lib/python3.8/site-packages/airflow/example_dags/example_python_operator.py took 0.049 seconds
[2023-09-09T13:57:12.884+0000] {processor.py:157} INFO - Started process (PID=216) to work on /home/airflow/.local/lib/python3.8/site-packages/airflow/example_dags/example_python_operator.py
[2023-09-09T13:57:12.884+0000] {processor.py:829} INFO - Processing file /home/airflow/.local/lib/python3.8/site-packages/airflow/example_dags/example_python_operator.py for tasks to queue
[2023-09-09T13:57:12.886+0000] {logging_mixin.py:151} INFO - [2023-09-09T13:57:12.886+0000] {dagbag.py:539} INFO - Filling up the DagBag from /home/airflow/.local/lib/python3.8/site-packages/airflow/example_dags/example_python_operator.py
[2023-09-09T13:57:12.893+0000] {processor.py:839} INFO - DAG(s) dict_keys(['example_python_operator']) retrieved from /home/airflow/.local/lib/python3.8/site-packages/airflow/example_dags/example_python_operator.py
[2023-09-09T13:57:12.907+0000] {logging_mixin.py:151} INFO - [2023-09-09T13:57:12.907+0000] {dag.py:2907} INFO - Sync 1 DAGs
[2023-09-09T13:57:12.915+0000] {logging_mixin.py:151} INFO - [2023-09-09T13:57:12.915+0000] {dag.py:3677} INFO - Setting next_dagrun for example_python_operator to None, run_after=None
[2023-09-09T13:57:12.926+0000] {processor.py:179} INFO - Processing /home/airflow/.local/lib/python3.8/site-packages/airflow/example_dags/example_python_operator.py took 0.044 seconds
[2023-09-09T13:57:43.042+0000] {processor.py:157} INFO - Started process (PID=270) to work on /home/airflow/.local/lib/python3.8/site-packages/airflow/example_dags/example_python_operator.py
[2023-09-09T13:57:43.043+0000] {processor.py:829} INFO - Processing file /home/airflow/.local/lib/python3.8/site-packages/airflow/example_dags/example_python_operator.py for tasks to queue
[2023-09-09T13:57:43.044+0000] {logging_mixin.py:151} INFO - [2023-09-09T13:57:43.044+0000] {dagbag.py:539} INFO - Filling up the DagBag from /home/airflow/.local/lib/python3.8/site-packages/airflow/example_dags/example_python_operator.py
[2023-09-09T13:57:43.051+0000] {processor.py:839} INFO - DAG(s) dict_keys(['example_python_operator']) retrieved from /home/airflow/.local/lib/python3.8/site-packages/airflow/example_dags/example_python_operator.py
[2023-09-09T13:57:43.069+0000] {logging_mixin.py:151} INFO - [2023-09-09T13:57:43.069+0000] {dag.py:2907} INFO - Sync 1 DAGs
[2023-09-09T13:57:43.078+0000] {logging_mixin.py:151} INFO - [2023-09-09T13:57:43.078+0000] {dag.py:3677} INFO - Setting next_dagrun for example_python_operator to None, run_after=None
[2023-09-09T13:57:43.090+0000] {processor.py:179} INFO - Processing /home/airflow/.local/lib/python3.8/site-packages/airflow/example_dags/example_python_operator.py took 0.050 seconds
[2023-09-09T13:58:13.210+0000] {processor.py:157} INFO - Started process (PID=325) to work on /home/airflow/.local/lib/python3.8/site-packages/airflow/example_dags/example_python_operator.py
[2023-09-09T13:58:13.211+0000] {processor.py:829} INFO - Processing file /home/airflow/.local/lib/python3.8/site-packages/airflow/example_dags/example_python_operator.py for tasks to queue
[2023-09-09T13:58:13.212+0000] {logging_mixin.py:151} INFO - [2023-09-09T13:58:13.212+0000] {dagbag.py:539} INFO - Filling up the DagBag from /home/airflow/.local/lib/python3.8/site-packages/airflow/example_dags/example_python_operator.py
[2023-09-09T13:58:13.218+0000] {processor.py:839} INFO - DAG(s) dict_keys(['example_python_operator']) retrieved from /home/airflow/.local/lib/python3.8/site-packages/airflow/example_dags/example_python_operator.py
[2023-09-09T13:58:13.232+0000] {logging_mixin.py:151} INFO - [2023-09-09T13:58:13.232+0000] {dag.py:2907} INFO - Sync 1 DAGs
[2023-09-09T13:58:13.240+0000] {logging_mixin.py:151} INFO - [2023-09-09T13:58:13.240+0000] {dag.py:3677} INFO - Setting next_dagrun for example_python_operator to None, run_after=None
[2023-09-09T13:58:13.251+0000] {processor.py:179} INFO - Processing /home/airflow/.local/lib/python3.8/site-packages/airflow/example_dags/example_python_operator.py took 0.043 seconds
[2023-09-09T13:58:44.069+0000] {processor.py:157} INFO - Started process (PID=380) to work on /home/airflow/.local/lib/python3.8/site-packages/airflow/example_dags/example_python_operator.py
[2023-09-09T13:58:44.070+0000] {processor.py:829} INFO - Processing file /home/airflow/.local/lib/python3.8/site-packages/airflow/example_dags/example_python_operator.py for tasks to queue
[2023-09-09T13:58:44.071+0000] {logging_mixin.py:151} INFO - [2023-09-09T13:58:44.071+0000] {dagbag.py:539} INFO - Filling up the DagBag from /home/airflow/.local/lib/python3.8/site-packages/airflow/example_dags/example_python_operator.py
[2023-09-09T13:58:44.078+0000] {processor.py:839} INFO - DAG(s) dict_keys(['example_python_operator']) retrieved from /home/airflow/.local/lib/python3.8/site-packages/airflow/example_dags/example_python_operator.py
[2023-09-09T13:58:44.091+0000] {logging_mixin.py:151} INFO - [2023-09-09T13:58:44.091+0000] {dag.py:2907} INFO - Sync 1 DAGs
[2023-09-09T13:58:44.100+0000] {logging_mixin.py:151} INFO - [2023-09-09T13:58:44.100+0000] {dag.py:3677} INFO - Setting next_dagrun for example_python_operator to None, run_after=None
[2023-09-09T13:58:44.112+0000] {processor.py:179} INFO - Processing /home/airflow/.local/lib/python3.8/site-packages/airflow/example_dags/example_python_operator.py took 0.045 seconds
[2023-09-09T13:59:14.865+0000] {processor.py:157} INFO - Started process (PID=435) to work on /home/airflow/.local/lib/python3.8/site-packages/airflow/example_dags/example_python_operator.py
[2023-09-09T13:59:14.866+0000] {processor.py:829} INFO - Processing file /home/airflow/.local/lib/python3.8/site-packages/airflow/example_dags/example_python_operator.py for tasks to queue
[2023-09-09T13:59:14.867+0000] {logging_mixin.py:151} INFO - [2023-09-09T13:59:14.867+0000] {dagbag.py:539} INFO - Filling up the DagBag from /home/airflow/.local/lib/python3.8/site-packages/airflow/example_dags/example_python_operator.py
[2023-09-09T13:59:14.873+0000] {processor.py:839} INFO - DAG(s) dict_keys(['example_python_operator']) retrieved from /home/airflow/.local/lib/python3.8/site-packages/airflow/example_dags/example_python_operator.py
[2023-09-09T13:59:14.887+0000] {logging_mixin.py:151} INFO - [2023-09-09T13:59:14.886+0000] {dag.py:2907} INFO - Sync 1 DAGs
[2023-09-09T13:59:14.894+0000] {logging_mixin.py:151} INFO - [2023-09-09T13:59:14.893+0000] {dag.py:3677} INFO - Setting next_dagrun for example_python_operator to None, run_after=None
[2023-09-09T13:59:14.904+0000] {processor.py:179} INFO - Processing /home/airflow/.local/lib/python3.8/site-packages/airflow/example_dags/example_python_operator.py took 0.041 seconds
[2023-09-09T13:59:45.784+0000] {processor.py:157} INFO - Started process (PID=490) to work on /home/airflow/.local/lib/python3.8/site-packages/airflow/example_dags/example_python_operator.py
[2023-09-09T13:59:45.784+0000] {processor.py:829} INFO - Processing file /home/airflow/.local/lib/python3.8/site-packages/airflow/example_dags/example_python_operator.py for tasks to queue
[2023-09-09T13:59:45.786+0000] {logging_mixin.py:151} INFO - [2023-09-09T13:59:45.786+0000] {dagbag.py:539} INFO - Filling up the DagBag from /home/airflow/.local/lib/python3.8/site-packages/airflow/example_dags/example_python_operator.py
[2023-09-09T13:59:45.792+0000] {processor.py:839} INFO - DAG(s) dict_keys(['example_python_operator']) retrieved from /home/airflow/.local/lib/python3.8/site-packages/airflow/example_dags/example_python_operator.py
[2023-09-09T13:59:45.805+0000] {logging_mixin.py:151} INFO - [2023-09-09T13:59:45.805+0000] {dag.py:2907} INFO - Sync 1 DAGs
[2023-09-09T13:59:45.813+0000] {logging_mixin.py:151} INFO - [2023-09-09T13:59:45.813+0000] {dag.py:3677} INFO - Setting next_dagrun for example_python_operator to None, run_after=None
[2023-09-09T13:59:45.824+0000] {processor.py:179} INFO - Processing /home/airflow/.local/lib/python3.8/site-packages/airflow/example_dags/example_python_operator.py took 0.042 seconds
[2023-09-09T14:00:15.931+0000] {processor.py:157} INFO - Started process (PID=545) to work on /home/airflow/.local/lib/python3.8/site-packages/airflow/example_dags/example_python_operator.py
[2023-09-09T14:00:15.932+0000] {processor.py:829} INFO - Processing file /home/airflow/.local/lib/python3.8/site-packages/airflow/example_dags/example_python_operator.py for tasks to queue
[2023-09-09T14:00:15.934+0000] {logging_mixin.py:151} INFO - [2023-09-09T14:00:15.933+0000] {dagbag.py:539} INFO - Filling up the DagBag from /home/airflow/.local/lib/python3.8/site-packages/airflow/example_dags/example_python_operator.py
[2023-09-09T14:00:15.940+0000] {processor.py:839} INFO - DAG(s) dict_keys(['example_python_operator']) retrieved from /home/airflow/.local/lib/python3.8/site-packages/airflow/example_dags/example_python_operator.py
[2023-09-09T14:00:15.953+0000] {logging_mixin.py:151} INFO - [2023-09-09T14:00:15.953+0000] {dag.py:2907} INFO - Sync 1 DAGs
[2023-09-09T14:00:15.961+0000] {logging_mixin.py:151} INFO - [2023-09-09T14:00:15.961+0000] {dag.py:3677} INFO - Setting next_dagrun for example_python_operator to None, run_after=None
[2023-09-09T14:00:15.972+0000] {processor.py:179} INFO - Processing /home/airflow/.local/lib/python3.8/site-packages/airflow/example_dags/example_python_operator.py took 0.042 seconds
[2023-09-09T14:00:46.241+0000] {processor.py:157} INFO - Started process (PID=600) to work on /home/airflow/.local/lib/python3.8/site-packages/airflow/example_dags/example_python_operator.py
[2023-09-09T14:00:46.242+0000] {processor.py:829} INFO - Processing file /home/airflow/.local/lib/python3.8/site-packages/airflow/example_dags/example_python_operator.py for tasks to queue
[2023-09-09T14:00:46.243+0000] {logging_mixin.py:151} INFO - [2023-09-09T14:00:46.243+0000] {dagbag.py:539} INFO - Filling up the DagBag from /home/airflow/.local/lib/python3.8/site-packages/airflow/example_dags/example_python_operator.py
[2023-09-09T14:00:46.250+0000] {processor.py:839} INFO - DAG(s) dict_keys(['example_python_operator']) retrieved from /home/airflow/.local/lib/python3.8/site-packages/airflow/example_dags/example_python_operator.py
[2023-09-09T14:00:46.263+0000] {logging_mixin.py:151} INFO - [2023-09-09T14:00:46.263+0000] {dag.py:2907} INFO - Sync 1 DAGs
[2023-09-09T14:00:46.270+0000] {logging_mixin.py:151} INFO - [2023-09-09T14:00:46.270+0000] {dag.py:3677} INFO - Setting next_dagrun for example_python_operator to None, run_after=None
[2023-09-09T14:00:46.282+0000] {processor.py:179} INFO - Processing /home/airflow/.local/lib/python3.8/site-packages/airflow/example_dags/example_python_operator.py took 0.043 seconds
[2023-09-09T14:01:16.393+0000] {processor.py:157} INFO - Started process (PID=655) to work on /home/airflow/.local/lib/python3.8/site-packages/airflow/example_dags/example_python_operator.py
[2023-09-09T14:01:16.394+0000] {processor.py:829} INFO - Processing file /home/airflow/.local/lib/python3.8/site-packages/airflow/example_dags/example_python_operator.py for tasks to queue
[2023-09-09T14:01:16.396+0000] {logging_mixin.py:151} INFO - [2023-09-09T14:01:16.396+0000] {dagbag.py:539} INFO - Filling up the DagBag from /home/airflow/.local/lib/python3.8/site-packages/airflow/example_dags/example_python_operator.py
[2023-09-09T14:01:16.405+0000] {processor.py:839} INFO - DAG(s) dict_keys(['example_python_operator']) retrieved from /home/airflow/.local/lib/python3.8/site-packages/airflow/example_dags/example_python_operator.py
[2023-09-09T14:01:16.422+0000] {logging_mixin.py:151} INFO - [2023-09-09T14:01:16.422+0000] {dag.py:2907} INFO - Sync 1 DAGs
[2023-09-09T14:01:16.430+0000] {logging_mixin.py:151} INFO - [2023-09-09T14:01:16.429+0000] {dag.py:3677} INFO - Setting next_dagrun for example_python_operator to None, run_after=None
[2023-09-09T14:01:16.443+0000] {processor.py:179} INFO - Processing /home/airflow/.local/lib/python3.8/site-packages/airflow/example_dags/example_python_operator.py took 0.052 seconds
[2023-09-09T14:01:46.494+0000] {processor.py:157} INFO - Started process (PID=710) to work on /home/airflow/.local/lib/python3.8/site-packages/airflow/example_dags/example_python_operator.py
[2023-09-09T14:01:46.495+0000] {processor.py:829} INFO - Processing file /home/airflow/.local/lib/python3.8/site-packages/airflow/example_dags/example_python_operator.py for tasks to queue
[2023-09-09T14:01:46.496+0000] {logging_mixin.py:151} INFO - [2023-09-09T14:01:46.496+0000] {dagbag.py:539} INFO - Filling up the DagBag from /home/airflow/.local/lib/python3.8/site-packages/airflow/example_dags/example_python_operator.py
[2023-09-09T14:01:46.503+0000] {processor.py:839} INFO - DAG(s) dict_keys(['example_python_operator']) retrieved from /home/airflow/.local/lib/python3.8/site-packages/airflow/example_dags/example_python_operator.py
[2023-09-09T14:01:46.516+0000] {logging_mixin.py:151} INFO - [2023-09-09T14:01:46.516+0000] {dag.py:2907} INFO - Sync 1 DAGs
[2023-09-09T14:01:46.524+0000] {logging_mixin.py:151} INFO - [2023-09-09T14:01:46.524+0000] {dag.py:3677} INFO - Setting next_dagrun for example_python_operator to None, run_after=None
[2023-09-09T14:01:46.535+0000] {processor.py:179} INFO - Processing /home/airflow/.local/lib/python3.8/site-packages/airflow/example_dags/example_python_operator.py took 0.043 seconds
[2023-09-09T14:02:16.589+0000] {processor.py:157} INFO - Started process (PID=765) to work on /home/airflow/.local/lib/python3.8/site-packages/airflow/example_dags/example_python_operator.py
[2023-09-09T14:02:16.589+0000] {processor.py:829} INFO - Processing file /home/airflow/.local/lib/python3.8/site-packages/airflow/example_dags/example_python_operator.py for tasks to queue
[2023-09-09T14:02:16.591+0000] {logging_mixin.py:151} INFO - [2023-09-09T14:02:16.591+0000] {dagbag.py:539} INFO - Filling up the DagBag from /home/airflow/.local/lib/python3.8/site-packages/airflow/example_dags/example_python_operator.py
[2023-09-09T14:02:16.597+0000] {processor.py:839} INFO - DAG(s) dict_keys(['example_python_operator']) retrieved from /home/airflow/.local/lib/python3.8/site-packages/airflow/example_dags/example_python_operator.py
[2023-09-09T14:02:16.611+0000] {logging_mixin.py:151} INFO - [2023-09-09T14:02:16.611+0000] {dag.py:2907} INFO - Sync 1 DAGs
[2023-09-09T14:02:16.618+0000] {logging_mixin.py:151} INFO - [2023-09-09T14:02:16.618+0000] {dag.py:3677} INFO - Setting next_dagrun for example_python_operator to None, run_after=None
[2023-09-09T14:02:16.629+0000] {processor.py:179} INFO - Processing /home/airflow/.local/lib/python3.8/site-packages/airflow/example_dags/example_python_operator.py took 0.042 seconds
[2023-09-09T14:02:46.714+0000] {processor.py:157} INFO - Started process (PID=820) to work on /home/airflow/.local/lib/python3.8/site-packages/airflow/example_dags/example_python_operator.py
[2023-09-09T14:02:46.715+0000] {processor.py:829} INFO - Processing file /home/airflow/.local/lib/python3.8/site-packages/airflow/example_dags/example_python_operator.py for tasks to queue
[2023-09-09T14:02:46.717+0000] {logging_mixin.py:151} INFO - [2023-09-09T14:02:46.716+0000] {dagbag.py:539} INFO - Filling up the DagBag from /home/airflow/.local/lib/python3.8/site-packages/airflow/example_dags/example_python_operator.py
[2023-09-09T14:02:46.723+0000] {processor.py:839} INFO - DAG(s) dict_keys(['example_python_operator']) retrieved from /home/airflow/.local/lib/python3.8/site-packages/airflow/example_dags/example_python_operator.py
[2023-09-09T14:02:46.736+0000] {logging_mixin.py:151} INFO - [2023-09-09T14:02:46.736+0000] {dag.py:2907} INFO - Sync 1 DAGs
[2023-09-09T14:02:46.743+0000] {logging_mixin.py:151} INFO - [2023-09-09T14:02:46.743+0000] {dag.py:3677} INFO - Setting next_dagrun for example_python_operator to None, run_after=None
[2023-09-09T14:02:46.755+0000] {processor.py:179} INFO - Processing /home/airflow/.local/lib/python3.8/site-packages/airflow/example_dags/example_python_operator.py took 0.042 seconds
[2023-09-09T14:03:16.890+0000] {processor.py:157} INFO - Started process (PID=875) to work on /home/airflow/.local/lib/python3.8/site-packages/airflow/example_dags/example_python_operator.py
[2023-09-09T14:03:16.890+0000] {processor.py:829} INFO - Processing file /home/airflow/.local/lib/python3.8/site-packages/airflow/example_dags/example_python_operator.py for tasks to queue
[2023-09-09T14:03:16.892+0000] {logging_mixin.py:151} INFO - [2023-09-09T14:03:16.892+0000] {dagbag.py:539} INFO - Filling up the DagBag from /home/airflow/.local/lib/python3.8/site-packages/airflow/example_dags/example_python_operator.py
[2023-09-09T14:03:16.899+0000] {processor.py:839} INFO - DAG(s) dict_keys(['example_python_operator']) retrieved from /home/airflow/.local/lib/python3.8/site-packages/airflow/example_dags/example_python_operator.py
[2023-09-09T14:03:16.912+0000] {logging_mixin.py:151} INFO - [2023-09-09T14:03:16.912+0000] {dag.py:2907} INFO - Sync 1 DAGs
[2023-09-09T14:03:16.920+0000] {logging_mixin.py:151} INFO - [2023-09-09T14:03:16.920+0000] {dag.py:3677} INFO - Setting next_dagrun for example_python_operator to None, run_after=None
[2023-09-09T14:03:16.931+0000] {processor.py:179} INFO - Processing /home/airflow/.local/lib/python3.8/site-packages/airflow/example_dags/example_python_operator.py took 0.043 seconds
[2023-09-09T14:03:47.116+0000] {processor.py:157} INFO - Started process (PID=930) to work on /home/airflow/.local/lib/python3.8/site-packages/airflow/example_dags/example_python_operator.py
[2023-09-09T14:03:47.117+0000] {processor.py:829} INFO - Processing file /home/airflow/.local/lib/python3.8/site-packages/airflow/example_dags/example_python_operator.py for tasks to queue
[2023-09-09T14:03:47.118+0000] {logging_mixin.py:151} INFO - [2023-09-09T14:03:47.118+0000] {dagbag.py:539} INFO - Filling up the DagBag from /home/airflow/.local/lib/python3.8/site-packages/airflow/example_dags/example_python_operator.py
[2023-09-09T14:03:47.125+0000] {processor.py:839} INFO - DAG(s) dict_keys(['example_python_operator']) retrieved from /home/airflow/.local/lib/python3.8/site-packages/airflow/example_dags/example_python_operator.py
[2023-09-09T14:03:47.138+0000] {logging_mixin.py:151} INFO - [2023-09-09T14:03:47.137+0000] {dag.py:2907} INFO - Sync 1 DAGs
[2023-09-09T14:03:47.145+0000] {logging_mixin.py:151} INFO - [2023-09-09T14:03:47.145+0000] {dag.py:3677} INFO - Setting next_dagrun for example_python_operator to None, run_after=None
[2023-09-09T14:03:47.156+0000] {processor.py:179} INFO - Processing /home/airflow/.local/lib/python3.8/site-packages/airflow/example_dags/example_python_operator.py took 0.042 seconds
[2023-09-09T14:04:17.291+0000] {processor.py:157} INFO - Started process (PID=985) to work on /home/airflow/.local/lib/python3.8/site-packages/airflow/example_dags/example_python_operator.py
[2023-09-09T14:04:17.292+0000] {processor.py:829} INFO - Processing file /home/airflow/.local/lib/python3.8/site-packages/airflow/example_dags/example_python_operator.py for tasks to queue
[2023-09-09T14:04:17.293+0000] {logging_mixin.py:151} INFO - [2023-09-09T14:04:17.293+0000] {dagbag.py:539} INFO - Filling up the DagBag from /home/airflow/.local/lib/python3.8/site-packages/airflow/example_dags/example_python_operator.py
[2023-09-09T14:04:17.300+0000] {processor.py:839} INFO - DAG(s) dict_keys(['example_python_operator']) retrieved from /home/airflow/.local/lib/python3.8/site-packages/airflow/example_dags/example_python_operator.py
[2023-09-09T14:04:17.313+0000] {logging_mixin.py:151} INFO - [2023-09-09T14:04:17.313+0000] {dag.py:2907} INFO - Sync 1 DAGs
[2023-09-09T14:04:17.321+0000] {logging_mixin.py:151} INFO - [2023-09-09T14:04:17.320+0000] {dag.py:3677} INFO - Setting next_dagrun for example_python_operator to None, run_after=None
[2023-09-09T14:04:17.332+0000] {processor.py:179} INFO - Processing /home/airflow/.local/lib/python3.8/site-packages/airflow/example_dags/example_python_operator.py took 0.043 seconds
[2023-09-09T14:04:47.374+0000] {processor.py:157} INFO - Started process (PID=1040) to work on /home/airflow/.local/lib/python3.8/site-packages/airflow/example_dags/example_python_operator.py
[2023-09-09T14:04:47.375+0000] {processor.py:829} INFO - Processing file /home/airflow/.local/lib/python3.8/site-packages/airflow/example_dags/example_python_operator.py for tasks to queue
[2023-09-09T14:04:47.377+0000] {logging_mixin.py:151} INFO - [2023-09-09T14:04:47.377+0000] {dagbag.py:539} INFO - Filling up the DagBag from /home/airflow/.local/lib/python3.8/site-packages/airflow/example_dags/example_python_operator.py
[2023-09-09T14:04:47.385+0000] {processor.py:839} INFO - DAG(s) dict_keys(['example_python_operator']) retrieved from /home/airflow/.local/lib/python3.8/site-packages/airflow/example_dags/example_python_operator.py
[2023-09-09T14:04:47.403+0000] {logging_mixin.py:151} INFO - [2023-09-09T14:04:47.403+0000] {dag.py:2907} INFO - Sync 1 DAGs
[2023-09-09T14:04:47.411+0000] {logging_mixin.py:151} INFO - [2023-09-09T14:04:47.411+0000] {dag.py:3677} INFO - Setting next_dagrun for example_python_operator to None, run_after=None
[2023-09-09T14:04:47.423+0000] {processor.py:179} INFO - Processing /home/airflow/.local/lib/python3.8/site-packages/airflow/example_dags/example_python_operator.py took 0.050 seconds
[2023-09-09T14:05:17.564+0000] {processor.py:157} INFO - Started process (PID=1095) to work on /home/airflow/.local/lib/python3.8/site-packages/airflow/example_dags/example_python_operator.py
[2023-09-09T14:05:17.565+0000] {processor.py:829} INFO - Processing file /home/airflow/.local/lib/python3.8/site-packages/airflow/example_dags/example_python_operator.py for tasks to queue
[2023-09-09T14:05:17.566+0000] {logging_mixin.py:151} INFO - [2023-09-09T14:05:17.566+0000] {dagbag.py:539} INFO - Filling up the DagBag from /home/airflow/.local/lib/python3.8/site-packages/airflow/example_dags/example_python_operator.py
[2023-09-09T14:05:17.575+0000] {processor.py:839} INFO - DAG(s) dict_keys(['example_python_operator']) retrieved from /home/airflow/.local/lib/python3.8/site-packages/airflow/example_dags/example_python_operator.py
[2023-09-09T14:05:17.589+0000] {logging_mixin.py:151} INFO - [2023-09-09T14:05:17.589+0000] {dag.py:2907} INFO - Sync 1 DAGs
[2023-09-09T14:05:17.597+0000] {logging_mixin.py:151} INFO - [2023-09-09T14:05:17.597+0000] {dag.py:3677} INFO - Setting next_dagrun for example_python_operator to None, run_after=None
[2023-09-09T14:05:17.609+0000] {processor.py:179} INFO - Processing /home/airflow/.local/lib/python3.8/site-packages/airflow/example_dags/example_python_operator.py took 0.047 seconds
[2023-09-09T14:05:47.748+0000] {processor.py:157} INFO - Started process (PID=1150) to work on /home/airflow/.local/lib/python3.8/site-packages/airflow/example_dags/example_python_operator.py
[2023-09-09T14:05:47.748+0000] {processor.py:829} INFO - Processing file /home/airflow/.local/lib/python3.8/site-packages/airflow/example_dags/example_python_operator.py for tasks to queue
[2023-09-09T14:05:47.750+0000] {logging_mixin.py:151} INFO - [2023-09-09T14:05:47.750+0000] {dagbag.py:539} INFO - Filling up the DagBag from /home/airflow/.local/lib/python3.8/site-packages/airflow/example_dags/example_python_operator.py
[2023-09-09T14:05:47.756+0000] {processor.py:839} INFO - DAG(s) dict_keys(['example_python_operator']) retrieved from /home/airflow/.local/lib/python3.8/site-packages/airflow/example_dags/example_python_operator.py
[2023-09-09T14:05:47.769+0000] {logging_mixin.py:151} INFO - [2023-09-09T14:05:47.769+0000] {dag.py:2907} INFO - Sync 1 DAGs
[2023-09-09T14:05:47.777+0000] {logging_mixin.py:151} INFO - [2023-09-09T14:05:47.777+0000] {dag.py:3677} INFO - Setting next_dagrun for example_python_operator to None, run_after=None
[2023-09-09T14:05:47.789+0000] {processor.py:179} INFO - Processing /home/airflow/.local/lib/python3.8/site-packages/airflow/example_dags/example_python_operator.py took 0.043 seconds
[2023-09-09T14:06:18.052+0000] {processor.py:157} INFO - Started process (PID=1205) to work on /home/airflow/.local/lib/python3.8/site-packages/airflow/example_dags/example_python_operator.py
[2023-09-09T14:06:18.053+0000] {processor.py:829} INFO - Processing file /home/airflow/.local/lib/python3.8/site-packages/airflow/example_dags/example_python_operator.py for tasks to queue
[2023-09-09T14:06:18.054+0000] {logging_mixin.py:151} INFO - [2023-09-09T14:06:18.054+0000] {dagbag.py:539} INFO - Filling up the DagBag from /home/airflow/.local/lib/python3.8/site-packages/airflow/example_dags/example_python_operator.py
[2023-09-09T14:06:18.061+0000] {processor.py:839} INFO - DAG(s) dict_keys(['example_python_operator']) retrieved from /home/airflow/.local/lib/python3.8/site-packages/airflow/example_dags/example_python_operator.py
[2023-09-09T14:06:18.074+0000] {logging_mixin.py:151} INFO - [2023-09-09T14:06:18.074+0000] {dag.py:2907} INFO - Sync 1 DAGs
[2023-09-09T14:06:18.081+0000] {logging_mixin.py:151} INFO - [2023-09-09T14:06:18.081+0000] {dag.py:3677} INFO - Setting next_dagrun for example_python_operator to None, run_after=None
[2023-09-09T14:06:18.093+0000] {processor.py:179} INFO - Processing /home/airflow/.local/lib/python3.8/site-packages/airflow/example_dags/example_python_operator.py took 0.043 seconds
[2023-09-09T14:06:49.034+0000] {processor.py:157} INFO - Started process (PID=1260) to work on /home/airflow/.local/lib/python3.8/site-packages/airflow/example_dags/example_python_operator.py
[2023-09-09T14:06:49.035+0000] {processor.py:829} INFO - Processing file /home/airflow/.local/lib/python3.8/site-packages/airflow/example_dags/example_python_operator.py for tasks to queue
[2023-09-09T14:06:49.036+0000] {logging_mixin.py:151} INFO - [2023-09-09T14:06:49.036+0000] {dagbag.py:539} INFO - Filling up the DagBag from /home/airflow/.local/lib/python3.8/site-packages/airflow/example_dags/example_python_operator.py
[2023-09-09T14:06:49.042+0000] {processor.py:839} INFO - DAG(s) dict_keys(['example_python_operator']) retrieved from /home/airflow/.local/lib/python3.8/site-packages/airflow/example_dags/example_python_operator.py
[2023-09-09T14:06:49.054+0000] {logging_mixin.py:151} INFO - [2023-09-09T14:06:49.054+0000] {dag.py:2907} INFO - Sync 1 DAGs
[2023-09-09T14:06:49.062+0000] {logging_mixin.py:151} INFO - [2023-09-09T14:06:49.062+0000] {dag.py:3677} INFO - Setting next_dagrun for example_python_operator to None, run_after=None
[2023-09-09T14:06:49.073+0000] {processor.py:179} INFO - Processing /home/airflow/.local/lib/python3.8/site-packages/airflow/example_dags/example_python_operator.py took 0.041 seconds
[2023-09-09T14:07:19.155+0000] {processor.py:157} INFO - Started process (PID=1315) to work on /home/airflow/.local/lib/python3.8/site-packages/airflow/example_dags/example_python_operator.py
[2023-09-09T14:07:19.155+0000] {processor.py:829} INFO - Processing file /home/airflow/.local/lib/python3.8/site-packages/airflow/example_dags/example_python_operator.py for tasks to queue
[2023-09-09T14:07:19.157+0000] {logging_mixin.py:151} INFO - [2023-09-09T14:07:19.157+0000] {dagbag.py:539} INFO - Filling up the DagBag from /home/airflow/.local/lib/python3.8/site-packages/airflow/example_dags/example_python_operator.py
[2023-09-09T14:07:19.163+0000] {processor.py:839} INFO - DAG(s) dict_keys(['example_python_operator']) retrieved from /home/airflow/.local/lib/python3.8/site-packages/airflow/example_dags/example_python_operator.py
[2023-09-09T14:07:19.177+0000] {logging_mixin.py:151} INFO - [2023-09-09T14:07:19.177+0000] {dag.py:2907} INFO - Sync 1 DAGs
[2023-09-09T14:07:19.185+0000] {logging_mixin.py:151} INFO - [2023-09-09T14:07:19.185+0000] {dag.py:3677} INFO - Setting next_dagrun for example_python_operator to None, run_after=None
[2023-09-09T14:07:19.198+0000] {processor.py:179} INFO - Processing /home/airflow/.local/lib/python3.8/site-packages/airflow/example_dags/example_python_operator.py took 0.045 seconds
[2023-09-09T14:07:49.274+0000] {processor.py:157} INFO - Started process (PID=1370) to work on /home/airflow/.local/lib/python3.8/site-packages/airflow/example_dags/example_python_operator.py
[2023-09-09T14:07:49.274+0000] {processor.py:829} INFO - Processing file /home/airflow/.local/lib/python3.8/site-packages/airflow/example_dags/example_python_operator.py for tasks to queue
[2023-09-09T14:07:49.276+0000] {logging_mixin.py:151} INFO - [2023-09-09T14:07:49.276+0000] {dagbag.py:539} INFO - Filling up the DagBag from /home/airflow/.local/lib/python3.8/site-packages/airflow/example_dags/example_python_operator.py
[2023-09-09T14:07:49.282+0000] {processor.py:839} INFO - DAG(s) dict_keys(['example_python_operator']) retrieved from /home/airflow/.local/lib/python3.8/site-packages/airflow/example_dags/example_python_operator.py
[2023-09-09T14:07:49.295+0000] {logging_mixin.py:151} INFO - [2023-09-09T14:07:49.295+0000] {dag.py:2907} INFO - Sync 1 DAGs
[2023-09-09T14:07:49.303+0000] {logging_mixin.py:151} INFO - [2023-09-09T14:07:49.303+0000] {dag.py:3677} INFO - Setting next_dagrun for example_python_operator to None, run_after=None
[2023-09-09T14:07:49.314+0000] {processor.py:179} INFO - Processing /home/airflow/.local/lib/python3.8/site-packages/airflow/example_dags/example_python_operator.py took 0.043 seconds
[2023-09-09T14:08:19.388+0000] {processor.py:157} INFO - Started process (PID=1425) to work on /home/airflow/.local/lib/python3.8/site-packages/airflow/example_dags/example_python_operator.py
[2023-09-09T14:08:19.389+0000] {processor.py:829} INFO - Processing file /home/airflow/.local/lib/python3.8/site-packages/airflow/example_dags/example_python_operator.py for tasks to queue
[2023-09-09T14:08:19.391+0000] {logging_mixin.py:151} INFO - [2023-09-09T14:08:19.390+0000] {dagbag.py:539} INFO - Filling up the DagBag from /home/airflow/.local/lib/python3.8/site-packages/airflow/example_dags/example_python_operator.py
[2023-09-09T14:08:19.399+0000] {processor.py:839} INFO - DAG(s) dict_keys(['example_python_operator']) retrieved from /home/airflow/.local/lib/python3.8/site-packages/airflow/example_dags/example_python_operator.py
[2023-09-09T14:08:19.413+0000] {logging_mixin.py:151} INFO - [2023-09-09T14:08:19.413+0000] {dag.py:2907} INFO - Sync 1 DAGs
[2023-09-09T14:08:19.421+0000] {logging_mixin.py:151} INFO - [2023-09-09T14:08:19.421+0000] {dag.py:3677} INFO - Setting next_dagrun for example_python_operator to None, run_after=None
[2023-09-09T14:08:19.434+0000] {processor.py:179} INFO - Processing /home/airflow/.local/lib/python3.8/site-packages/airflow/example_dags/example_python_operator.py took 0.050 seconds
[2023-09-09T14:08:50.182+0000] {processor.py:157} INFO - Started process (PID=1480) to work on /home/airflow/.local/lib/python3.8/site-packages/airflow/example_dags/example_python_operator.py
[2023-09-09T14:08:50.183+0000] {processor.py:829} INFO - Processing file /home/airflow/.local/lib/python3.8/site-packages/airflow/example_dags/example_python_operator.py for tasks to queue
[2023-09-09T14:08:50.185+0000] {logging_mixin.py:151} INFO - [2023-09-09T14:08:50.184+0000] {dagbag.py:539} INFO - Filling up the DagBag from /home/airflow/.local/lib/python3.8/site-packages/airflow/example_dags/example_python_operator.py
[2023-09-09T14:08:50.191+0000] {processor.py:839} INFO - DAG(s) dict_keys(['example_python_operator']) retrieved from /home/airflow/.local/lib/python3.8/site-packages/airflow/example_dags/example_python_operator.py
[2023-09-09T14:08:50.204+0000] {logging_mixin.py:151} INFO - [2023-09-09T14:08:50.204+0000] {dag.py:2907} INFO - Sync 1 DAGs
[2023-09-09T14:08:50.212+0000] {logging_mixin.py:151} INFO - [2023-09-09T14:08:50.212+0000] {dag.py:3677} INFO - Setting next_dagrun for example_python_operator to None, run_after=None
[2023-09-09T14:08:50.224+0000] {processor.py:179} INFO - Processing /home/airflow/.local/lib/python3.8/site-packages/airflow/example_dags/example_python_operator.py took 0.044 seconds
[2023-09-09T14:09:20.380+0000] {processor.py:157} INFO - Started process (PID=1537) to work on /home/airflow/.local/lib/python3.8/site-packages/airflow/example_dags/example_python_operator.py
[2023-09-09T14:09:20.381+0000] {processor.py:829} INFO - Processing file /home/airflow/.local/lib/python3.8/site-packages/airflow/example_dags/example_python_operator.py for tasks to queue
[2023-09-09T14:09:20.382+0000] {logging_mixin.py:151} INFO - [2023-09-09T14:09:20.382+0000] {dagbag.py:539} INFO - Filling up the DagBag from /home/airflow/.local/lib/python3.8/site-packages/airflow/example_dags/example_python_operator.py
[2023-09-09T14:09:20.389+0000] {processor.py:839} INFO - DAG(s) dict_keys(['example_python_operator']) retrieved from /home/airflow/.local/lib/python3.8/site-packages/airflow/example_dags/example_python_operator.py
[2023-09-09T14:09:20.404+0000] {logging_mixin.py:151} INFO - [2023-09-09T14:09:20.403+0000] {dag.py:2907} INFO - Sync 1 DAGs
[2023-09-09T14:09:20.412+0000] {logging_mixin.py:151} INFO - [2023-09-09T14:09:20.412+0000] {dag.py:3677} INFO - Setting next_dagrun for example_python_operator to None, run_after=None
[2023-09-09T14:09:20.424+0000] {processor.py:179} INFO - Processing /home/airflow/.local/lib/python3.8/site-packages/airflow/example_dags/example_python_operator.py took 0.046 seconds
[2023-09-09T14:09:50.486+0000] {processor.py:157} INFO - Started process (PID=1594) to work on /home/airflow/.local/lib/python3.8/site-packages/airflow/example_dags/example_python_operator.py
[2023-09-09T14:09:50.487+0000] {processor.py:829} INFO - Processing file /home/airflow/.local/lib/python3.8/site-packages/airflow/example_dags/example_python_operator.py for tasks to queue
[2023-09-09T14:09:50.488+0000] {logging_mixin.py:151} INFO - [2023-09-09T14:09:50.488+0000] {dagbag.py:539} INFO - Filling up the DagBag from /home/airflow/.local/lib/python3.8/site-packages/airflow/example_dags/example_python_operator.py
[2023-09-09T14:09:50.495+0000] {processor.py:839} INFO - DAG(s) dict_keys(['example_python_operator']) retrieved from /home/airflow/.local/lib/python3.8/site-packages/airflow/example_dags/example_python_operator.py
[2023-09-09T14:09:50.509+0000] {logging_mixin.py:151} INFO - [2023-09-09T14:09:50.509+0000] {dag.py:2907} INFO - Sync 1 DAGs
[2023-09-09T14:09:50.517+0000] {logging_mixin.py:151} INFO - [2023-09-09T14:09:50.517+0000] {dag.py:3677} INFO - Setting next_dagrun for example_python_operator to None, run_after=None
[2023-09-09T14:09:50.529+0000] {processor.py:179} INFO - Processing /home/airflow/.local/lib/python3.8/site-packages/airflow/example_dags/example_python_operator.py took 0.044 seconds
[2023-09-09T14:10:20.689+0000] {processor.py:157} INFO - Started process (PID=1654) to work on /home/airflow/.local/lib/python3.8/site-packages/airflow/example_dags/example_python_operator.py
[2023-09-09T14:10:20.689+0000] {processor.py:829} INFO - Processing file /home/airflow/.local/lib/python3.8/site-packages/airflow/example_dags/example_python_operator.py for tasks to queue
[2023-09-09T14:10:20.691+0000] {logging_mixin.py:151} INFO - [2023-09-09T14:10:20.690+0000] {dagbag.py:539} INFO - Filling up the DagBag from /home/airflow/.local/lib/python3.8/site-packages/airflow/example_dags/example_python_operator.py
[2023-09-09T14:10:20.697+0000] {processor.py:839} INFO - DAG(s) dict_keys(['example_python_operator']) retrieved from /home/airflow/.local/lib/python3.8/site-packages/airflow/example_dags/example_python_operator.py
[2023-09-09T14:10:20.710+0000] {logging_mixin.py:151} INFO - [2023-09-09T14:10:20.710+0000] {dag.py:2907} INFO - Sync 1 DAGs
[2023-09-09T14:10:20.718+0000] {logging_mixin.py:151} INFO - [2023-09-09T14:10:20.718+0000] {dag.py:3677} INFO - Setting next_dagrun for example_python_operator to None, run_after=None
[2023-09-09T14:10:20.729+0000] {processor.py:179} INFO - Processing /home/airflow/.local/lib/python3.8/site-packages/airflow/example_dags/example_python_operator.py took 0.042 seconds
[2023-09-09T14:10:50.906+0000] {processor.py:157} INFO - Started process (PID=1716) to work on /home/airflow/.local/lib/python3.8/site-packages/airflow/example_dags/example_python_operator.py
[2023-09-09T14:10:50.906+0000] {processor.py:829} INFO - Processing file /home/airflow/.local/lib/python3.8/site-packages/airflow/example_dags/example_python_operator.py for tasks to queue
[2023-09-09T14:10:50.908+0000] {logging_mixin.py:151} INFO - [2023-09-09T14:10:50.908+0000] {dagbag.py:539} INFO - Filling up the DagBag from /home/airflow/.local/lib/python3.8/site-packages/airflow/example_dags/example_python_operator.py
[2023-09-09T14:10:50.914+0000] {processor.py:839} INFO - DAG(s) dict_keys(['example_python_operator']) retrieved from /home/airflow/.local/lib/python3.8/site-packages/airflow/example_dags/example_python_operator.py
[2023-09-09T14:10:50.928+0000] {logging_mixin.py:151} INFO - [2023-09-09T14:10:50.928+0000] {dag.py:2907} INFO - Sync 1 DAGs
[2023-09-09T14:10:50.937+0000] {logging_mixin.py:151} INFO - [2023-09-09T14:10:50.937+0000] {dag.py:3677} INFO - Setting next_dagrun for example_python_operator to None, run_after=None
[2023-09-09T14:10:50.950+0000] {processor.py:179} INFO - Processing /home/airflow/.local/lib/python3.8/site-packages/airflow/example_dags/example_python_operator.py took 0.047 seconds
[2023-09-09T14:11:21.142+0000] {processor.py:157} INFO - Started process (PID=1771) to work on /home/airflow/.local/lib/python3.8/site-packages/airflow/example_dags/example_python_operator.py
[2023-09-09T14:11:21.143+0000] {processor.py:829} INFO - Processing file /home/airflow/.local/lib/python3.8/site-packages/airflow/example_dags/example_python_operator.py for tasks to queue
[2023-09-09T14:11:21.145+0000] {logging_mixin.py:151} INFO - [2023-09-09T14:11:21.145+0000] {dagbag.py:539} INFO - Filling up the DagBag from /home/airflow/.local/lib/python3.8/site-packages/airflow/example_dags/example_python_operator.py
[2023-09-09T14:11:21.152+0000] {processor.py:839} INFO - DAG(s) dict_keys(['example_python_operator']) retrieved from /home/airflow/.local/lib/python3.8/site-packages/airflow/example_dags/example_python_operator.py
[2023-09-09T14:11:21.188+0000] {logging_mixin.py:151} INFO - [2023-09-09T14:11:21.188+0000] {dag.py:2907} INFO - Sync 1 DAGs
[2023-09-09T14:11:21.196+0000] {logging_mixin.py:151} INFO - [2023-09-09T14:11:21.196+0000] {dag.py:3677} INFO - Setting next_dagrun for example_python_operator to None, run_after=None
[2023-09-09T14:11:21.209+0000] {processor.py:179} INFO - Processing /home/airflow/.local/lib/python3.8/site-packages/airflow/example_dags/example_python_operator.py took 0.069 seconds
[2023-09-09T14:11:51.266+0000] {processor.py:157} INFO - Started process (PID=1826) to work on /home/airflow/.local/lib/python3.8/site-packages/airflow/example_dags/example_python_operator.py
[2023-09-09T14:11:51.267+0000] {processor.py:829} INFO - Processing file /home/airflow/.local/lib/python3.8/site-packages/airflow/example_dags/example_python_operator.py for tasks to queue
[2023-09-09T14:11:51.268+0000] {logging_mixin.py:151} INFO - [2023-09-09T14:11:51.268+0000] {dagbag.py:539} INFO - Filling up the DagBag from /home/airflow/.local/lib/python3.8/site-packages/airflow/example_dags/example_python_operator.py
[2023-09-09T14:11:51.276+0000] {processor.py:839} INFO - DAG(s) dict_keys(['example_python_operator']) retrieved from /home/airflow/.local/lib/python3.8/site-packages/airflow/example_dags/example_python_operator.py
[2023-09-09T14:11:51.293+0000] {logging_mixin.py:151} INFO - [2023-09-09T14:11:51.293+0000] {dag.py:2907} INFO - Sync 1 DAGs
[2023-09-09T14:11:51.302+0000] {logging_mixin.py:151} INFO - [2023-09-09T14:11:51.302+0000] {dag.py:3677} INFO - Setting next_dagrun for example_python_operator to None, run_after=None
[2023-09-09T14:11:51.315+0000] {processor.py:179} INFO - Processing /home/airflow/.local/lib/python3.8/site-packages/airflow/example_dags/example_python_operator.py took 0.051 seconds
[2023-09-09T14:12:21.470+0000] {processor.py:157} INFO - Started process (PID=1882) to work on /home/airflow/.local/lib/python3.8/site-packages/airflow/example_dags/example_python_operator.py
[2023-09-09T14:12:21.471+0000] {processor.py:829} INFO - Processing file /home/airflow/.local/lib/python3.8/site-packages/airflow/example_dags/example_python_operator.py for tasks to queue
[2023-09-09T14:12:21.472+0000] {logging_mixin.py:151} INFO - [2023-09-09T14:12:21.472+0000] {dagbag.py:539} INFO - Filling up the DagBag from /home/airflow/.local/lib/python3.8/site-packages/airflow/example_dags/example_python_operator.py
[2023-09-09T14:12:21.479+0000] {processor.py:839} INFO - DAG(s) dict_keys(['example_python_operator']) retrieved from /home/airflow/.local/lib/python3.8/site-packages/airflow/example_dags/example_python_operator.py
[2023-09-09T14:12:21.493+0000] {logging_mixin.py:151} INFO - [2023-09-09T14:12:21.493+0000] {dag.py:2907} INFO - Sync 1 DAGs
[2023-09-09T14:12:21.501+0000] {logging_mixin.py:151} INFO - [2023-09-09T14:12:21.501+0000] {dag.py:3677} INFO - Setting next_dagrun for example_python_operator to None, run_after=None
[2023-09-09T14:12:21.512+0000] {processor.py:179} INFO - Processing /home/airflow/.local/lib/python3.8/site-packages/airflow/example_dags/example_python_operator.py took 0.045 seconds
[2023-09-09T14:12:51.693+0000] {processor.py:157} INFO - Started process (PID=1939) to work on /home/airflow/.local/lib/python3.8/site-packages/airflow/example_dags/example_python_operator.py
[2023-09-09T14:12:51.694+0000] {processor.py:829} INFO - Processing file /home/airflow/.local/lib/python3.8/site-packages/airflow/example_dags/example_python_operator.py for tasks to queue
[2023-09-09T14:12:51.696+0000] {logging_mixin.py:151} INFO - [2023-09-09T14:12:51.695+0000] {dagbag.py:539} INFO - Filling up the DagBag from /home/airflow/.local/lib/python3.8/site-packages/airflow/example_dags/example_python_operator.py
[2023-09-09T14:12:51.702+0000] {processor.py:839} INFO - DAG(s) dict_keys(['example_python_operator']) retrieved from /home/airflow/.local/lib/python3.8/site-packages/airflow/example_dags/example_python_operator.py
[2023-09-09T14:12:51.717+0000] {logging_mixin.py:151} INFO - [2023-09-09T14:12:51.717+0000] {dag.py:2907} INFO - Sync 1 DAGs
[2023-09-09T14:12:51.725+0000] {logging_mixin.py:151} INFO - [2023-09-09T14:12:51.724+0000] {dag.py:3677} INFO - Setting next_dagrun for example_python_operator to None, run_after=None
[2023-09-09T14:12:51.736+0000] {processor.py:179} INFO - Processing /home/airflow/.local/lib/python3.8/site-packages/airflow/example_dags/example_python_operator.py took 0.045 seconds
[2023-09-09T14:13:21.868+0000] {processor.py:157} INFO - Started process (PID=1994) to work on /home/airflow/.local/lib/python3.8/site-packages/airflow/example_dags/example_python_operator.py
[2023-09-09T14:13:21.869+0000] {processor.py:829} INFO - Processing file /home/airflow/.local/lib/python3.8/site-packages/airflow/example_dags/example_python_operator.py for tasks to queue
[2023-09-09T14:13:21.870+0000] {logging_mixin.py:151} INFO - [2023-09-09T14:13:21.870+0000] {dagbag.py:539} INFO - Filling up the DagBag from /home/airflow/.local/lib/python3.8/site-packages/airflow/example_dags/example_python_operator.py
[2023-09-09T14:13:21.877+0000] {processor.py:839} INFO - DAG(s) dict_keys(['example_python_operator']) retrieved from /home/airflow/.local/lib/python3.8/site-packages/airflow/example_dags/example_python_operator.py
[2023-09-09T14:13:21.891+0000] {logging_mixin.py:151} INFO - [2023-09-09T14:13:21.891+0000] {dag.py:2907} INFO - Sync 1 DAGs
[2023-09-09T14:13:21.899+0000] {logging_mixin.py:151} INFO - [2023-09-09T14:13:21.899+0000] {dag.py:3677} INFO - Setting next_dagrun for example_python_operator to None, run_after=None
[2023-09-09T14:13:21.910+0000] {processor.py:179} INFO - Processing /home/airflow/.local/lib/python3.8/site-packages/airflow/example_dags/example_python_operator.py took 0.044 seconds
[2023-09-09T14:13:52.052+0000] {processor.py:157} INFO - Started process (PID=2050) to work on /home/airflow/.local/lib/python3.8/site-packages/airflow/example_dags/example_python_operator.py
[2023-09-09T14:13:52.053+0000] {processor.py:829} INFO - Processing file /home/airflow/.local/lib/python3.8/site-packages/airflow/example_dags/example_python_operator.py for tasks to queue
[2023-09-09T14:13:52.054+0000] {logging_mixin.py:151} INFO - [2023-09-09T14:13:52.054+0000] {dagbag.py:539} INFO - Filling up the DagBag from /home/airflow/.local/lib/python3.8/site-packages/airflow/example_dags/example_python_operator.py
[2023-09-09T14:13:52.061+0000] {processor.py:839} INFO - DAG(s) dict_keys(['example_python_operator']) retrieved from /home/airflow/.local/lib/python3.8/site-packages/airflow/example_dags/example_python_operator.py
[2023-09-09T14:13:52.076+0000] {logging_mixin.py:151} INFO - [2023-09-09T14:13:52.076+0000] {dag.py:2907} INFO - Sync 1 DAGs
[2023-09-09T14:13:52.084+0000] {logging_mixin.py:151} INFO - [2023-09-09T14:13:52.084+0000] {dag.py:3677} INFO - Setting next_dagrun for example_python_operator to None, run_after=None
[2023-09-09T14:13:52.095+0000] {processor.py:179} INFO - Processing /home/airflow/.local/lib/python3.8/site-packages/airflow/example_dags/example_python_operator.py took 0.045 seconds
[2023-09-09T14:14:22.257+0000] {processor.py:157} INFO - Started process (PID=2106) to work on /home/airflow/.local/lib/python3.8/site-packages/airflow/example_dags/example_python_operator.py
[2023-09-09T14:14:22.258+0000] {processor.py:829} INFO - Processing file /home/airflow/.local/lib/python3.8/site-packages/airflow/example_dags/example_python_operator.py for tasks to queue
[2023-09-09T14:14:22.259+0000] {logging_mixin.py:151} INFO - [2023-09-09T14:14:22.259+0000] {dagbag.py:539} INFO - Filling up the DagBag from /home/airflow/.local/lib/python3.8/site-packages/airflow/example_dags/example_python_operator.py
[2023-09-09T14:14:22.266+0000] {processor.py:839} INFO - DAG(s) dict_keys(['example_python_operator']) retrieved from /home/airflow/.local/lib/python3.8/site-packages/airflow/example_dags/example_python_operator.py
[2023-09-09T14:14:22.279+0000] {logging_mixin.py:151} INFO - [2023-09-09T14:14:22.279+0000] {dag.py:2907} INFO - Sync 1 DAGs
[2023-09-09T14:14:22.287+0000] {logging_mixin.py:151} INFO - [2023-09-09T14:14:22.287+0000] {dag.py:3677} INFO - Setting next_dagrun for example_python_operator to None, run_after=None
[2023-09-09T14:14:22.297+0000] {processor.py:179} INFO - Processing /home/airflow/.local/lib/python3.8/site-packages/airflow/example_dags/example_python_operator.py took 0.043 seconds
[2023-09-09T14:14:52.404+0000] {processor.py:157} INFO - Started process (PID=2161) to work on /home/airflow/.local/lib/python3.8/site-packages/airflow/example_dags/example_python_operator.py
[2023-09-09T14:14:52.404+0000] {processor.py:829} INFO - Processing file /home/airflow/.local/lib/python3.8/site-packages/airflow/example_dags/example_python_operator.py for tasks to queue
[2023-09-09T14:14:52.406+0000] {logging_mixin.py:151} INFO - [2023-09-09T14:14:52.406+0000] {dagbag.py:539} INFO - Filling up the DagBag from /home/airflow/.local/lib/python3.8/site-packages/airflow/example_dags/example_python_operator.py
[2023-09-09T14:14:52.413+0000] {processor.py:839} INFO - DAG(s) dict_keys(['example_python_operator']) retrieved from /home/airflow/.local/lib/python3.8/site-packages/airflow/example_dags/example_python_operator.py
[2023-09-09T14:14:52.426+0000] {logging_mixin.py:151} INFO - [2023-09-09T14:14:52.426+0000] {dag.py:2907} INFO - Sync 1 DAGs
[2023-09-09T14:14:52.434+0000] {logging_mixin.py:151} INFO - [2023-09-09T14:14:52.434+0000] {dag.py:3677} INFO - Setting next_dagrun for example_python_operator to None, run_after=None
[2023-09-09T14:14:52.446+0000] {processor.py:179} INFO - Processing /home/airflow/.local/lib/python3.8/site-packages/airflow/example_dags/example_python_operator.py took 0.044 seconds
[2023-09-09T14:15:22.642+0000] {processor.py:157} INFO - Started process (PID=2217) to work on /home/airflow/.local/lib/python3.8/site-packages/airflow/example_dags/example_python_operator.py
[2023-09-09T14:15:22.643+0000] {processor.py:829} INFO - Processing file /home/airflow/.local/lib/python3.8/site-packages/airflow/example_dags/example_python_operator.py for tasks to queue
[2023-09-09T14:15:22.644+0000] {logging_mixin.py:151} INFO - [2023-09-09T14:15:22.644+0000] {dagbag.py:539} INFO - Filling up the DagBag from /home/airflow/.local/lib/python3.8/site-packages/airflow/example_dags/example_python_operator.py
[2023-09-09T14:15:22.651+0000] {processor.py:839} INFO - DAG(s) dict_keys(['example_python_operator']) retrieved from /home/airflow/.local/lib/python3.8/site-packages/airflow/example_dags/example_python_operator.py
[2023-09-09T14:15:22.666+0000] {logging_mixin.py:151} INFO - [2023-09-09T14:15:22.666+0000] {dag.py:2907} INFO - Sync 1 DAGs
[2023-09-09T14:15:22.674+0000] {logging_mixin.py:151} INFO - [2023-09-09T14:15:22.674+0000] {dag.py:3677} INFO - Setting next_dagrun for example_python_operator to None, run_after=None
[2023-09-09T14:15:22.688+0000] {processor.py:179} INFO - Processing /home/airflow/.local/lib/python3.8/site-packages/airflow/example_dags/example_python_operator.py took 0.048 seconds
[2023-09-09T14:15:52.866+0000] {processor.py:157} INFO - Started process (PID=2272) to work on /home/airflow/.local/lib/python3.8/site-packages/airflow/example_dags/example_python_operator.py
[2023-09-09T14:15:52.867+0000] {processor.py:829} INFO - Processing file /home/airflow/.local/lib/python3.8/site-packages/airflow/example_dags/example_python_operator.py for tasks to queue
[2023-09-09T14:15:52.869+0000] {logging_mixin.py:151} INFO - [2023-09-09T14:15:52.869+0000] {dagbag.py:539} INFO - Filling up the DagBag from /home/airflow/.local/lib/python3.8/site-packages/airflow/example_dags/example_python_operator.py
[2023-09-09T14:15:52.877+0000] {processor.py:839} INFO - DAG(s) dict_keys(['example_python_operator']) retrieved from /home/airflow/.local/lib/python3.8/site-packages/airflow/example_dags/example_python_operator.py
[2023-09-09T14:15:52.891+0000] {logging_mixin.py:151} INFO - [2023-09-09T14:15:52.891+0000] {dag.py:2907} INFO - Sync 1 DAGs
[2023-09-09T14:15:52.899+0000] {logging_mixin.py:151} INFO - [2023-09-09T14:15:52.899+0000] {dag.py:3677} INFO - Setting next_dagrun for example_python_operator to None, run_after=None
[2023-09-09T14:15:52.911+0000] {processor.py:179} INFO - Processing /home/airflow/.local/lib/python3.8/site-packages/airflow/example_dags/example_python_operator.py took 0.047 seconds
[2023-09-09T14:16:23.049+0000] {processor.py:157} INFO - Started process (PID=2327) to work on /home/airflow/.local/lib/python3.8/site-packages/airflow/example_dags/example_python_operator.py
[2023-09-09T14:16:23.050+0000] {processor.py:829} INFO - Processing file /home/airflow/.local/lib/python3.8/site-packages/airflow/example_dags/example_python_operator.py for tasks to queue
[2023-09-09T14:16:23.052+0000] {logging_mixin.py:151} INFO - [2023-09-09T14:16:23.051+0000] {dagbag.py:539} INFO - Filling up the DagBag from /home/airflow/.local/lib/python3.8/site-packages/airflow/example_dags/example_python_operator.py
[2023-09-09T14:16:23.058+0000] {processor.py:839} INFO - DAG(s) dict_keys(['example_python_operator']) retrieved from /home/airflow/.local/lib/python3.8/site-packages/airflow/example_dags/example_python_operator.py
[2023-09-09T14:16:23.072+0000] {logging_mixin.py:151} INFO - [2023-09-09T14:16:23.072+0000] {dag.py:2907} INFO - Sync 1 DAGs
[2023-09-09T14:16:23.080+0000] {logging_mixin.py:151} INFO - [2023-09-09T14:16:23.080+0000] {dag.py:3677} INFO - Setting next_dagrun for example_python_operator to None, run_after=None
[2023-09-09T14:16:23.093+0000] {processor.py:179} INFO - Processing /home/airflow/.local/lib/python3.8/site-packages/airflow/example_dags/example_python_operator.py took 0.045 seconds
[2023-09-09T14:16:53.365+0000] {processor.py:157} INFO - Started process (PID=2382) to work on /home/airflow/.local/lib/python3.8/site-packages/airflow/example_dags/example_python_operator.py
[2023-09-09T14:16:53.366+0000] {processor.py:829} INFO - Processing file /home/airflow/.local/lib/python3.8/site-packages/airflow/example_dags/example_python_operator.py for tasks to queue
[2023-09-09T14:16:53.367+0000] {logging_mixin.py:151} INFO - [2023-09-09T14:16:53.367+0000] {dagbag.py:539} INFO - Filling up the DagBag from /home/airflow/.local/lib/python3.8/site-packages/airflow/example_dags/example_python_operator.py
[2023-09-09T14:16:53.374+0000] {processor.py:839} INFO - DAG(s) dict_keys(['example_python_operator']) retrieved from /home/airflow/.local/lib/python3.8/site-packages/airflow/example_dags/example_python_operator.py
[2023-09-09T14:16:53.387+0000] {logging_mixin.py:151} INFO - [2023-09-09T14:16:53.387+0000] {dag.py:2907} INFO - Sync 1 DAGs
[2023-09-09T14:16:53.395+0000] {logging_mixin.py:151} INFO - [2023-09-09T14:16:53.395+0000] {dag.py:3677} INFO - Setting next_dagrun for example_python_operator to None, run_after=None
[2023-09-09T14:16:53.407+0000] {processor.py:179} INFO - Processing /home/airflow/.local/lib/python3.8/site-packages/airflow/example_dags/example_python_operator.py took 0.044 seconds
