[2023-09-09T13:55:45.189+0000] {processor.py:157} INFO - Started process (PID=80) to work on /home/airflow/.local/lib/python3.8/site-packages/airflow/example_dags/example_nested_branch_dag.py
[2023-09-09T13:55:45.189+0000] {processor.py:829} INFO - Processing file /home/airflow/.local/lib/python3.8/site-packages/airflow/example_dags/example_nested_branch_dag.py for tasks to queue
[2023-09-09T13:55:45.191+0000] {logging_mixin.py:151} INFO - [2023-09-09T13:55:45.191+0000] {dagbag.py:539} INFO - Filling up the DagBag from /home/airflow/.local/lib/python3.8/site-packages/airflow/example_dags/example_nested_branch_dag.py
[2023-09-09T13:55:45.197+0000] {processor.py:839} INFO - DAG(s) dict_keys(['example_nested_branch_dag']) retrieved from /home/airflow/.local/lib/python3.8/site-packages/airflow/example_dags/example_nested_branch_dag.py
[2023-09-09T13:55:45.322+0000] {logging_mixin.py:151} INFO - [2023-09-09T13:55:45.322+0000] {dag.py:2907} INFO - Sync 1 DAGs
[2023-09-09T13:55:45.337+0000] {logging_mixin.py:151} INFO - [2023-09-09T13:55:45.337+0000] {dag.py:3677} INFO - Setting next_dagrun for example_nested_branch_dag to 2023-09-08T00:00:00+00:00, run_after=2023-09-09T00:00:00+00:00
[2023-09-09T13:55:45.350+0000] {processor.py:179} INFO - Processing /home/airflow/.local/lib/python3.8/site-packages/airflow/example_dags/example_nested_branch_dag.py took 0.163 seconds
[2023-09-09T13:56:15.830+0000] {processor.py:157} INFO - Started process (PID=135) to work on /home/airflow/.local/lib/python3.8/site-packages/airflow/example_dags/example_nested_branch_dag.py
[2023-09-09T13:56:15.831+0000] {processor.py:829} INFO - Processing file /home/airflow/.local/lib/python3.8/site-packages/airflow/example_dags/example_nested_branch_dag.py for tasks to queue
[2023-09-09T13:56:15.832+0000] {logging_mixin.py:151} INFO - [2023-09-09T13:56:15.832+0000] {dagbag.py:539} INFO - Filling up the DagBag from /home/airflow/.local/lib/python3.8/site-packages/airflow/example_dags/example_nested_branch_dag.py
[2023-09-09T13:56:15.838+0000] {processor.py:839} INFO - DAG(s) dict_keys(['example_nested_branch_dag']) retrieved from /home/airflow/.local/lib/python3.8/site-packages/airflow/example_dags/example_nested_branch_dag.py
[2023-09-09T13:56:15.851+0000] {logging_mixin.py:151} INFO - [2023-09-09T13:56:15.851+0000] {dag.py:2907} INFO - Sync 1 DAGs
[2023-09-09T13:56:15.867+0000] {logging_mixin.py:151} INFO - [2023-09-09T13:56:15.867+0000] {dag.py:3677} INFO - Setting next_dagrun for example_nested_branch_dag to 2023-09-08T00:00:00+00:00, run_after=2023-09-09T00:00:00+00:00
[2023-09-09T13:56:15.879+0000] {processor.py:179} INFO - Processing /home/airflow/.local/lib/python3.8/site-packages/airflow/example_dags/example_nested_branch_dag.py took 0.051 seconds
[2023-09-09T13:56:45.924+0000] {processor.py:157} INFO - Started process (PID=190) to work on /home/airflow/.local/lib/python3.8/site-packages/airflow/example_dags/example_nested_branch_dag.py
[2023-09-09T13:56:45.924+0000] {processor.py:829} INFO - Processing file /home/airflow/.local/lib/python3.8/site-packages/airflow/example_dags/example_nested_branch_dag.py for tasks to queue
[2023-09-09T13:56:45.926+0000] {logging_mixin.py:151} INFO - [2023-09-09T13:56:45.926+0000] {dagbag.py:539} INFO - Filling up the DagBag from /home/airflow/.local/lib/python3.8/site-packages/airflow/example_dags/example_nested_branch_dag.py
[2023-09-09T13:56:45.932+0000] {processor.py:839} INFO - DAG(s) dict_keys(['example_nested_branch_dag']) retrieved from /home/airflow/.local/lib/python3.8/site-packages/airflow/example_dags/example_nested_branch_dag.py
[2023-09-09T13:56:45.946+0000] {logging_mixin.py:151} INFO - [2023-09-09T13:56:45.946+0000] {dag.py:2907} INFO - Sync 1 DAGs
[2023-09-09T13:56:45.961+0000] {logging_mixin.py:151} INFO - [2023-09-09T13:56:45.961+0000] {dag.py:3677} INFO - Setting next_dagrun for example_nested_branch_dag to 2023-09-08T00:00:00+00:00, run_after=2023-09-09T00:00:00+00:00
[2023-09-09T13:56:45.973+0000] {processor.py:179} INFO - Processing /home/airflow/.local/lib/python3.8/site-packages/airflow/example_dags/example_nested_branch_dag.py took 0.051 seconds
[2023-09-09T13:57:16.308+0000] {processor.py:157} INFO - Started process (PID=249) to work on /home/airflow/.local/lib/python3.8/site-packages/airflow/example_dags/example_nested_branch_dag.py
[2023-09-09T13:57:16.309+0000] {processor.py:829} INFO - Processing file /home/airflow/.local/lib/python3.8/site-packages/airflow/example_dags/example_nested_branch_dag.py for tasks to queue
[2023-09-09T13:57:16.311+0000] {logging_mixin.py:151} INFO - [2023-09-09T13:57:16.310+0000] {dagbag.py:539} INFO - Filling up the DagBag from /home/airflow/.local/lib/python3.8/site-packages/airflow/example_dags/example_nested_branch_dag.py
[2023-09-09T13:57:16.317+0000] {processor.py:839} INFO - DAG(s) dict_keys(['example_nested_branch_dag']) retrieved from /home/airflow/.local/lib/python3.8/site-packages/airflow/example_dags/example_nested_branch_dag.py
[2023-09-09T13:57:16.333+0000] {logging_mixin.py:151} INFO - [2023-09-09T13:57:16.333+0000] {dag.py:2907} INFO - Sync 1 DAGs
[2023-09-09T13:57:16.351+0000] {logging_mixin.py:151} INFO - [2023-09-09T13:57:16.351+0000] {dag.py:3677} INFO - Setting next_dagrun for example_nested_branch_dag to 2023-09-08T00:00:00+00:00, run_after=2023-09-09T00:00:00+00:00
[2023-09-09T13:57:16.364+0000] {processor.py:179} INFO - Processing /home/airflow/.local/lib/python3.8/site-packages/airflow/example_dags/example_nested_branch_dag.py took 0.058 seconds
[2023-09-09T13:57:46.728+0000] {processor.py:157} INFO - Started process (PID=304) to work on /home/airflow/.local/lib/python3.8/site-packages/airflow/example_dags/example_nested_branch_dag.py
[2023-09-09T13:57:46.729+0000] {processor.py:829} INFO - Processing file /home/airflow/.local/lib/python3.8/site-packages/airflow/example_dags/example_nested_branch_dag.py for tasks to queue
[2023-09-09T13:57:46.731+0000] {logging_mixin.py:151} INFO - [2023-09-09T13:57:46.731+0000] {dagbag.py:539} INFO - Filling up the DagBag from /home/airflow/.local/lib/python3.8/site-packages/airflow/example_dags/example_nested_branch_dag.py
[2023-09-09T13:57:46.737+0000] {processor.py:839} INFO - DAG(s) dict_keys(['example_nested_branch_dag']) retrieved from /home/airflow/.local/lib/python3.8/site-packages/airflow/example_dags/example_nested_branch_dag.py
[2023-09-09T13:57:46.751+0000] {logging_mixin.py:151} INFO - [2023-09-09T13:57:46.751+0000] {dag.py:2907} INFO - Sync 1 DAGs
[2023-09-09T13:57:46.766+0000] {logging_mixin.py:151} INFO - [2023-09-09T13:57:46.766+0000] {dag.py:3677} INFO - Setting next_dagrun for example_nested_branch_dag to 2023-09-08T00:00:00+00:00, run_after=2023-09-09T00:00:00+00:00
[2023-09-09T13:57:46.779+0000] {processor.py:179} INFO - Processing /home/airflow/.local/lib/python3.8/site-packages/airflow/example_dags/example_nested_branch_dag.py took 0.053 seconds
[2023-09-09T13:58:17.539+0000] {processor.py:157} INFO - Started process (PID=359) to work on /home/airflow/.local/lib/python3.8/site-packages/airflow/example_dags/example_nested_branch_dag.py
[2023-09-09T13:58:17.539+0000] {processor.py:829} INFO - Processing file /home/airflow/.local/lib/python3.8/site-packages/airflow/example_dags/example_nested_branch_dag.py for tasks to queue
[2023-09-09T13:58:17.541+0000] {logging_mixin.py:151} INFO - [2023-09-09T13:58:17.541+0000] {dagbag.py:539} INFO - Filling up the DagBag from /home/airflow/.local/lib/python3.8/site-packages/airflow/example_dags/example_nested_branch_dag.py
[2023-09-09T13:58:17.547+0000] {processor.py:839} INFO - DAG(s) dict_keys(['example_nested_branch_dag']) retrieved from /home/airflow/.local/lib/python3.8/site-packages/airflow/example_dags/example_nested_branch_dag.py
[2023-09-09T13:58:17.559+0000] {logging_mixin.py:151} INFO - [2023-09-09T13:58:17.559+0000] {dag.py:2907} INFO - Sync 1 DAGs
[2023-09-09T13:58:17.574+0000] {logging_mixin.py:151} INFO - [2023-09-09T13:58:17.574+0000] {dag.py:3677} INFO - Setting next_dagrun for example_nested_branch_dag to 2023-09-08T00:00:00+00:00, run_after=2023-09-09T00:00:00+00:00
[2023-09-09T13:58:17.586+0000] {processor.py:179} INFO - Processing /home/airflow/.local/lib/python3.8/site-packages/airflow/example_dags/example_nested_branch_dag.py took 0.049 seconds
[2023-09-09T13:58:48.357+0000] {processor.py:157} INFO - Started process (PID=414) to work on /home/airflow/.local/lib/python3.8/site-packages/airflow/example_dags/example_nested_branch_dag.py
[2023-09-09T13:58:48.357+0000] {processor.py:829} INFO - Processing file /home/airflow/.local/lib/python3.8/site-packages/airflow/example_dags/example_nested_branch_dag.py for tasks to queue
[2023-09-09T13:58:48.359+0000] {logging_mixin.py:151} INFO - [2023-09-09T13:58:48.359+0000] {dagbag.py:539} INFO - Filling up the DagBag from /home/airflow/.local/lib/python3.8/site-packages/airflow/example_dags/example_nested_branch_dag.py
[2023-09-09T13:58:48.365+0000] {processor.py:839} INFO - DAG(s) dict_keys(['example_nested_branch_dag']) retrieved from /home/airflow/.local/lib/python3.8/site-packages/airflow/example_dags/example_nested_branch_dag.py
[2023-09-09T13:58:48.377+0000] {logging_mixin.py:151} INFO - [2023-09-09T13:58:48.377+0000] {dag.py:2907} INFO - Sync 1 DAGs
[2023-09-09T13:58:48.391+0000] {logging_mixin.py:151} INFO - [2023-09-09T13:58:48.391+0000] {dag.py:3677} INFO - Setting next_dagrun for example_nested_branch_dag to 2023-09-08T00:00:00+00:00, run_after=2023-09-09T00:00:00+00:00
[2023-09-09T13:58:48.402+0000] {processor.py:179} INFO - Processing /home/airflow/.local/lib/python3.8/site-packages/airflow/example_dags/example_nested_branch_dag.py took 0.048 seconds
[2023-09-09T13:59:19.230+0000] {processor.py:157} INFO - Started process (PID=469) to work on /home/airflow/.local/lib/python3.8/site-packages/airflow/example_dags/example_nested_branch_dag.py
[2023-09-09T13:59:19.230+0000] {processor.py:829} INFO - Processing file /home/airflow/.local/lib/python3.8/site-packages/airflow/example_dags/example_nested_branch_dag.py for tasks to queue
[2023-09-09T13:59:19.232+0000] {logging_mixin.py:151} INFO - [2023-09-09T13:59:19.231+0000] {dagbag.py:539} INFO - Filling up the DagBag from /home/airflow/.local/lib/python3.8/site-packages/airflow/example_dags/example_nested_branch_dag.py
[2023-09-09T13:59:19.238+0000] {processor.py:839} INFO - DAG(s) dict_keys(['example_nested_branch_dag']) retrieved from /home/airflow/.local/lib/python3.8/site-packages/airflow/example_dags/example_nested_branch_dag.py
[2023-09-09T13:59:19.251+0000] {logging_mixin.py:151} INFO - [2023-09-09T13:59:19.251+0000] {dag.py:2907} INFO - Sync 1 DAGs
[2023-09-09T13:59:19.265+0000] {logging_mixin.py:151} INFO - [2023-09-09T13:59:19.265+0000] {dag.py:3677} INFO - Setting next_dagrun for example_nested_branch_dag to 2023-09-08T00:00:00+00:00, run_after=2023-09-09T00:00:00+00:00
[2023-09-09T13:59:19.276+0000] {processor.py:179} INFO - Processing /home/airflow/.local/lib/python3.8/site-packages/airflow/example_dags/example_nested_branch_dag.py took 0.049 seconds
[2023-09-09T13:59:50.123+0000] {processor.py:157} INFO - Started process (PID=524) to work on /home/airflow/.local/lib/python3.8/site-packages/airflow/example_dags/example_nested_branch_dag.py
[2023-09-09T13:59:50.124+0000] {processor.py:829} INFO - Processing file /home/airflow/.local/lib/python3.8/site-packages/airflow/example_dags/example_nested_branch_dag.py for tasks to queue
[2023-09-09T13:59:50.125+0000] {logging_mixin.py:151} INFO - [2023-09-09T13:59:50.125+0000] {dagbag.py:539} INFO - Filling up the DagBag from /home/airflow/.local/lib/python3.8/site-packages/airflow/example_dags/example_nested_branch_dag.py
[2023-09-09T13:59:50.132+0000] {processor.py:839} INFO - DAG(s) dict_keys(['example_nested_branch_dag']) retrieved from /home/airflow/.local/lib/python3.8/site-packages/airflow/example_dags/example_nested_branch_dag.py
[2023-09-09T13:59:50.145+0000] {logging_mixin.py:151} INFO - [2023-09-09T13:59:50.145+0000] {dag.py:2907} INFO - Sync 1 DAGs
[2023-09-09T13:59:50.159+0000] {logging_mixin.py:151} INFO - [2023-09-09T13:59:50.159+0000] {dag.py:3677} INFO - Setting next_dagrun for example_nested_branch_dag to 2023-09-08T00:00:00+00:00, run_after=2023-09-09T00:00:00+00:00
[2023-09-09T13:59:50.170+0000] {processor.py:179} INFO - Processing /home/airflow/.local/lib/python3.8/site-packages/airflow/example_dags/example_nested_branch_dag.py took 0.049 seconds
[2023-09-09T14:00:20.337+0000] {processor.py:157} INFO - Started process (PID=579) to work on /home/airflow/.local/lib/python3.8/site-packages/airflow/example_dags/example_nested_branch_dag.py
[2023-09-09T14:00:20.338+0000] {processor.py:829} INFO - Processing file /home/airflow/.local/lib/python3.8/site-packages/airflow/example_dags/example_nested_branch_dag.py for tasks to queue
[2023-09-09T14:00:20.339+0000] {logging_mixin.py:151} INFO - [2023-09-09T14:00:20.339+0000] {dagbag.py:539} INFO - Filling up the DagBag from /home/airflow/.local/lib/python3.8/site-packages/airflow/example_dags/example_nested_branch_dag.py
[2023-09-09T14:00:20.346+0000] {processor.py:839} INFO - DAG(s) dict_keys(['example_nested_branch_dag']) retrieved from /home/airflow/.local/lib/python3.8/site-packages/airflow/example_dags/example_nested_branch_dag.py
[2023-09-09T14:00:20.358+0000] {logging_mixin.py:151} INFO - [2023-09-09T14:00:20.358+0000] {dag.py:2907} INFO - Sync 1 DAGs
[2023-09-09T14:00:20.372+0000] {logging_mixin.py:151} INFO - [2023-09-09T14:00:20.372+0000] {dag.py:3677} INFO - Setting next_dagrun for example_nested_branch_dag to 2023-09-08T00:00:00+00:00, run_after=2023-09-09T00:00:00+00:00
[2023-09-09T14:00:20.384+0000] {processor.py:179} INFO - Processing /home/airflow/.local/lib/python3.8/site-packages/airflow/example_dags/example_nested_branch_dag.py took 0.049 seconds
[2023-09-09T14:00:50.576+0000] {processor.py:157} INFO - Started process (PID=634) to work on /home/airflow/.local/lib/python3.8/site-packages/airflow/example_dags/example_nested_branch_dag.py
[2023-09-09T14:00:50.577+0000] {processor.py:829} INFO - Processing file /home/airflow/.local/lib/python3.8/site-packages/airflow/example_dags/example_nested_branch_dag.py for tasks to queue
[2023-09-09T14:00:50.578+0000] {logging_mixin.py:151} INFO - [2023-09-09T14:00:50.578+0000] {dagbag.py:539} INFO - Filling up the DagBag from /home/airflow/.local/lib/python3.8/site-packages/airflow/example_dags/example_nested_branch_dag.py
[2023-09-09T14:00:50.585+0000] {processor.py:839} INFO - DAG(s) dict_keys(['example_nested_branch_dag']) retrieved from /home/airflow/.local/lib/python3.8/site-packages/airflow/example_dags/example_nested_branch_dag.py
[2023-09-09T14:00:50.598+0000] {logging_mixin.py:151} INFO - [2023-09-09T14:00:50.598+0000] {dag.py:2907} INFO - Sync 1 DAGs
[2023-09-09T14:00:50.614+0000] {logging_mixin.py:151} INFO - [2023-09-09T14:00:50.614+0000] {dag.py:3677} INFO - Setting next_dagrun for example_nested_branch_dag to 2023-09-08T00:00:00+00:00, run_after=2023-09-09T00:00:00+00:00
[2023-09-09T14:00:50.625+0000] {processor.py:179} INFO - Processing /home/airflow/.local/lib/python3.8/site-packages/airflow/example_dags/example_nested_branch_dag.py took 0.051 seconds
[2023-09-09T14:01:20.779+0000] {processor.py:157} INFO - Started process (PID=690) to work on /home/airflow/.local/lib/python3.8/site-packages/airflow/example_dags/example_nested_branch_dag.py
[2023-09-09T14:01:20.780+0000] {processor.py:829} INFO - Processing file /home/airflow/.local/lib/python3.8/site-packages/airflow/example_dags/example_nested_branch_dag.py for tasks to queue
[2023-09-09T14:01:20.781+0000] {logging_mixin.py:151} INFO - [2023-09-09T14:01:20.781+0000] {dagbag.py:539} INFO - Filling up the DagBag from /home/airflow/.local/lib/python3.8/site-packages/airflow/example_dags/example_nested_branch_dag.py
[2023-09-09T14:01:20.788+0000] {processor.py:839} INFO - DAG(s) dict_keys(['example_nested_branch_dag']) retrieved from /home/airflow/.local/lib/python3.8/site-packages/airflow/example_dags/example_nested_branch_dag.py
[2023-09-09T14:01:20.804+0000] {logging_mixin.py:151} INFO - [2023-09-09T14:01:20.803+0000] {dag.py:2907} INFO - Sync 1 DAGs
[2023-09-09T14:01:20.822+0000] {logging_mixin.py:151} INFO - [2023-09-09T14:01:20.822+0000] {dag.py:3677} INFO - Setting next_dagrun for example_nested_branch_dag to 2023-09-08T00:00:00+00:00, run_after=2023-09-09T00:00:00+00:00
[2023-09-09T14:01:20.833+0000] {processor.py:179} INFO - Processing /home/airflow/.local/lib/python3.8/site-packages/airflow/example_dags/example_nested_branch_dag.py took 0.057 seconds
[2023-09-09T14:01:51.069+0000] {processor.py:157} INFO - Started process (PID=744) to work on /home/airflow/.local/lib/python3.8/site-packages/airflow/example_dags/example_nested_branch_dag.py
[2023-09-09T14:01:51.070+0000] {processor.py:829} INFO - Processing file /home/airflow/.local/lib/python3.8/site-packages/airflow/example_dags/example_nested_branch_dag.py for tasks to queue
[2023-09-09T14:01:51.071+0000] {logging_mixin.py:151} INFO - [2023-09-09T14:01:51.071+0000] {dagbag.py:539} INFO - Filling up the DagBag from /home/airflow/.local/lib/python3.8/site-packages/airflow/example_dags/example_nested_branch_dag.py
[2023-09-09T14:01:51.078+0000] {processor.py:839} INFO - DAG(s) dict_keys(['example_nested_branch_dag']) retrieved from /home/airflow/.local/lib/python3.8/site-packages/airflow/example_dags/example_nested_branch_dag.py
[2023-09-09T14:01:51.090+0000] {logging_mixin.py:151} INFO - [2023-09-09T14:01:51.090+0000] {dag.py:2907} INFO - Sync 1 DAGs
[2023-09-09T14:01:51.104+0000] {logging_mixin.py:151} INFO - [2023-09-09T14:01:51.103+0000] {dag.py:3677} INFO - Setting next_dagrun for example_nested_branch_dag to 2023-09-08T00:00:00+00:00, run_after=2023-09-09T00:00:00+00:00
[2023-09-09T14:01:51.115+0000] {processor.py:179} INFO - Processing /home/airflow/.local/lib/python3.8/site-packages/airflow/example_dags/example_nested_branch_dag.py took 0.048 seconds
[2023-09-09T14:02:22.017+0000] {processor.py:157} INFO - Started process (PID=799) to work on /home/airflow/.local/lib/python3.8/site-packages/airflow/example_dags/example_nested_branch_dag.py
[2023-09-09T14:02:22.018+0000] {processor.py:829} INFO - Processing file /home/airflow/.local/lib/python3.8/site-packages/airflow/example_dags/example_nested_branch_dag.py for tasks to queue
[2023-09-09T14:02:22.019+0000] {logging_mixin.py:151} INFO - [2023-09-09T14:02:22.019+0000] {dagbag.py:539} INFO - Filling up the DagBag from /home/airflow/.local/lib/python3.8/site-packages/airflow/example_dags/example_nested_branch_dag.py
[2023-09-09T14:02:22.026+0000] {processor.py:839} INFO - DAG(s) dict_keys(['example_nested_branch_dag']) retrieved from /home/airflow/.local/lib/python3.8/site-packages/airflow/example_dags/example_nested_branch_dag.py
[2023-09-09T14:02:22.039+0000] {logging_mixin.py:151} INFO - [2023-09-09T14:02:22.039+0000] {dag.py:2907} INFO - Sync 1 DAGs
[2023-09-09T14:02:22.053+0000] {logging_mixin.py:151} INFO - [2023-09-09T14:02:22.052+0000] {dag.py:3677} INFO - Setting next_dagrun for example_nested_branch_dag to 2023-09-08T00:00:00+00:00, run_after=2023-09-09T00:00:00+00:00
[2023-09-09T14:02:22.063+0000] {processor.py:179} INFO - Processing /home/airflow/.local/lib/python3.8/site-packages/airflow/example_dags/example_nested_branch_dag.py took 0.048 seconds
[2023-09-09T14:02:52.188+0000] {processor.py:157} INFO - Started process (PID=854) to work on /home/airflow/.local/lib/python3.8/site-packages/airflow/example_dags/example_nested_branch_dag.py
[2023-09-09T14:02:52.189+0000] {processor.py:829} INFO - Processing file /home/airflow/.local/lib/python3.8/site-packages/airflow/example_dags/example_nested_branch_dag.py for tasks to queue
[2023-09-09T14:02:52.191+0000] {logging_mixin.py:151} INFO - [2023-09-09T14:02:52.191+0000] {dagbag.py:539} INFO - Filling up the DagBag from /home/airflow/.local/lib/python3.8/site-packages/airflow/example_dags/example_nested_branch_dag.py
[2023-09-09T14:02:52.197+0000] {processor.py:839} INFO - DAG(s) dict_keys(['example_nested_branch_dag']) retrieved from /home/airflow/.local/lib/python3.8/site-packages/airflow/example_dags/example_nested_branch_dag.py
[2023-09-09T14:02:52.210+0000] {logging_mixin.py:151} INFO - [2023-09-09T14:02:52.210+0000] {dag.py:2907} INFO - Sync 1 DAGs
[2023-09-09T14:02:52.224+0000] {logging_mixin.py:151} INFO - [2023-09-09T14:02:52.224+0000] {dag.py:3677} INFO - Setting next_dagrun for example_nested_branch_dag to 2023-09-08T00:00:00+00:00, run_after=2023-09-09T00:00:00+00:00
[2023-09-09T14:02:52.236+0000] {processor.py:179} INFO - Processing /home/airflow/.local/lib/python3.8/site-packages/airflow/example_dags/example_nested_branch_dag.py took 0.050 seconds
[2023-09-09T14:03:23.448+0000] {processor.py:157} INFO - Started process (PID=909) to work on /home/airflow/.local/lib/python3.8/site-packages/airflow/example_dags/example_nested_branch_dag.py
[2023-09-09T14:03:23.449+0000] {processor.py:829} INFO - Processing file /home/airflow/.local/lib/python3.8/site-packages/airflow/example_dags/example_nested_branch_dag.py for tasks to queue
[2023-09-09T14:03:23.451+0000] {logging_mixin.py:151} INFO - [2023-09-09T14:03:23.451+0000] {dagbag.py:539} INFO - Filling up the DagBag from /home/airflow/.local/lib/python3.8/site-packages/airflow/example_dags/example_nested_branch_dag.py
[2023-09-09T14:03:23.457+0000] {processor.py:839} INFO - DAG(s) dict_keys(['example_nested_branch_dag']) retrieved from /home/airflow/.local/lib/python3.8/site-packages/airflow/example_dags/example_nested_branch_dag.py
[2023-09-09T14:03:23.469+0000] {logging_mixin.py:151} INFO - [2023-09-09T14:03:23.469+0000] {dag.py:2907} INFO - Sync 1 DAGs
[2023-09-09T14:03:23.484+0000] {logging_mixin.py:151} INFO - [2023-09-09T14:03:23.484+0000] {dag.py:3677} INFO - Setting next_dagrun for example_nested_branch_dag to 2023-09-08T00:00:00+00:00, run_after=2023-09-09T00:00:00+00:00
[2023-09-09T14:03:23.496+0000] {processor.py:179} INFO - Processing /home/airflow/.local/lib/python3.8/site-packages/airflow/example_dags/example_nested_branch_dag.py took 0.049 seconds
[2023-09-09T14:03:53.758+0000] {processor.py:157} INFO - Started process (PID=964) to work on /home/airflow/.local/lib/python3.8/site-packages/airflow/example_dags/example_nested_branch_dag.py
[2023-09-09T14:03:53.759+0000] {processor.py:829} INFO - Processing file /home/airflow/.local/lib/python3.8/site-packages/airflow/example_dags/example_nested_branch_dag.py for tasks to queue
[2023-09-09T14:03:53.761+0000] {logging_mixin.py:151} INFO - [2023-09-09T14:03:53.760+0000] {dagbag.py:539} INFO - Filling up the DagBag from /home/airflow/.local/lib/python3.8/site-packages/airflow/example_dags/example_nested_branch_dag.py
[2023-09-09T14:03:53.766+0000] {processor.py:839} INFO - DAG(s) dict_keys(['example_nested_branch_dag']) retrieved from /home/airflow/.local/lib/python3.8/site-packages/airflow/example_dags/example_nested_branch_dag.py
[2023-09-09T14:03:53.780+0000] {logging_mixin.py:151} INFO - [2023-09-09T14:03:53.780+0000] {dag.py:2907} INFO - Sync 1 DAGs
[2023-09-09T14:03:53.796+0000] {logging_mixin.py:151} INFO - [2023-09-09T14:03:53.796+0000] {dag.py:3677} INFO - Setting next_dagrun for example_nested_branch_dag to 2023-09-08T00:00:00+00:00, run_after=2023-09-09T00:00:00+00:00
[2023-09-09T14:03:53.808+0000] {processor.py:179} INFO - Processing /home/airflow/.local/lib/python3.8/site-packages/airflow/example_dags/example_nested_branch_dag.py took 0.052 seconds
[2023-09-09T14:04:24.917+0000] {processor.py:157} INFO - Started process (PID=1019) to work on /home/airflow/.local/lib/python3.8/site-packages/airflow/example_dags/example_nested_branch_dag.py
[2023-09-09T14:04:24.918+0000] {processor.py:829} INFO - Processing file /home/airflow/.local/lib/python3.8/site-packages/airflow/example_dags/example_nested_branch_dag.py for tasks to queue
[2023-09-09T14:04:24.920+0000] {logging_mixin.py:151} INFO - [2023-09-09T14:04:24.920+0000] {dagbag.py:539} INFO - Filling up the DagBag from /home/airflow/.local/lib/python3.8/site-packages/airflow/example_dags/example_nested_branch_dag.py
[2023-09-09T14:04:24.926+0000] {processor.py:839} INFO - DAG(s) dict_keys(['example_nested_branch_dag']) retrieved from /home/airflow/.local/lib/python3.8/site-packages/airflow/example_dags/example_nested_branch_dag.py
[2023-09-09T14:04:24.939+0000] {logging_mixin.py:151} INFO - [2023-09-09T14:04:24.938+0000] {dag.py:2907} INFO - Sync 1 DAGs
[2023-09-09T14:04:24.954+0000] {logging_mixin.py:151} INFO - [2023-09-09T14:04:24.954+0000] {dag.py:3677} INFO - Setting next_dagrun for example_nested_branch_dag to 2023-09-08T00:00:00+00:00, run_after=2023-09-09T00:00:00+00:00
[2023-09-09T14:04:24.965+0000] {processor.py:179} INFO - Processing /home/airflow/.local/lib/python3.8/site-packages/airflow/example_dags/example_nested_branch_dag.py took 0.050 seconds
[2023-09-09T14:04:55.863+0000] {processor.py:157} INFO - Started process (PID=1074) to work on /home/airflow/.local/lib/python3.8/site-packages/airflow/example_dags/example_nested_branch_dag.py
[2023-09-09T14:04:55.863+0000] {processor.py:829} INFO - Processing file /home/airflow/.local/lib/python3.8/site-packages/airflow/example_dags/example_nested_branch_dag.py for tasks to queue
[2023-09-09T14:04:55.865+0000] {logging_mixin.py:151} INFO - [2023-09-09T14:04:55.865+0000] {dagbag.py:539} INFO - Filling up the DagBag from /home/airflow/.local/lib/python3.8/site-packages/airflow/example_dags/example_nested_branch_dag.py
[2023-09-09T14:04:55.871+0000] {processor.py:839} INFO - DAG(s) dict_keys(['example_nested_branch_dag']) retrieved from /home/airflow/.local/lib/python3.8/site-packages/airflow/example_dags/example_nested_branch_dag.py
[2023-09-09T14:04:55.884+0000] {logging_mixin.py:151} INFO - [2023-09-09T14:04:55.884+0000] {dag.py:2907} INFO - Sync 1 DAGs
[2023-09-09T14:04:55.899+0000] {logging_mixin.py:151} INFO - [2023-09-09T14:04:55.899+0000] {dag.py:3677} INFO - Setting next_dagrun for example_nested_branch_dag to 2023-09-08T00:00:00+00:00, run_after=2023-09-09T00:00:00+00:00
[2023-09-09T14:04:55.914+0000] {processor.py:179} INFO - Processing /home/airflow/.local/lib/python3.8/site-packages/airflow/example_dags/example_nested_branch_dag.py took 0.053 seconds
[2023-09-09T14:05:27.233+0000] {processor.py:157} INFO - Started process (PID=1129) to work on /home/airflow/.local/lib/python3.8/site-packages/airflow/example_dags/example_nested_branch_dag.py
[2023-09-09T14:05:27.233+0000] {processor.py:829} INFO - Processing file /home/airflow/.local/lib/python3.8/site-packages/airflow/example_dags/example_nested_branch_dag.py for tasks to queue
[2023-09-09T14:05:27.235+0000] {logging_mixin.py:151} INFO - [2023-09-09T14:05:27.235+0000] {dagbag.py:539} INFO - Filling up the DagBag from /home/airflow/.local/lib/python3.8/site-packages/airflow/example_dags/example_nested_branch_dag.py
[2023-09-09T14:05:27.244+0000] {processor.py:839} INFO - DAG(s) dict_keys(['example_nested_branch_dag']) retrieved from /home/airflow/.local/lib/python3.8/site-packages/airflow/example_dags/example_nested_branch_dag.py
[2023-09-09T14:05:27.259+0000] {logging_mixin.py:151} INFO - [2023-09-09T14:05:27.259+0000] {dag.py:2907} INFO - Sync 1 DAGs
[2023-09-09T14:05:27.277+0000] {logging_mixin.py:151} INFO - [2023-09-09T14:05:27.277+0000] {dag.py:3677} INFO - Setting next_dagrun for example_nested_branch_dag to 2023-09-08T00:00:00+00:00, run_after=2023-09-09T00:00:00+00:00
[2023-09-09T14:05:27.289+0000] {processor.py:179} INFO - Processing /home/airflow/.local/lib/python3.8/site-packages/airflow/example_dags/example_nested_branch_dag.py took 0.059 seconds
[2023-09-09T14:05:58.466+0000] {processor.py:157} INFO - Started process (PID=1184) to work on /home/airflow/.local/lib/python3.8/site-packages/airflow/example_dags/example_nested_branch_dag.py
[2023-09-09T14:05:58.467+0000] {processor.py:829} INFO - Processing file /home/airflow/.local/lib/python3.8/site-packages/airflow/example_dags/example_nested_branch_dag.py for tasks to queue
[2023-09-09T14:05:58.469+0000] {logging_mixin.py:151} INFO - [2023-09-09T14:05:58.469+0000] {dagbag.py:539} INFO - Filling up the DagBag from /home/airflow/.local/lib/python3.8/site-packages/airflow/example_dags/example_nested_branch_dag.py
[2023-09-09T14:05:58.475+0000] {processor.py:839} INFO - DAG(s) dict_keys(['example_nested_branch_dag']) retrieved from /home/airflow/.local/lib/python3.8/site-packages/airflow/example_dags/example_nested_branch_dag.py
[2023-09-09T14:05:58.488+0000] {logging_mixin.py:151} INFO - [2023-09-09T14:05:58.488+0000] {dag.py:2907} INFO - Sync 1 DAGs
[2023-09-09T14:05:58.502+0000] {logging_mixin.py:151} INFO - [2023-09-09T14:05:58.502+0000] {dag.py:3677} INFO - Setting next_dagrun for example_nested_branch_dag to 2023-09-08T00:00:00+00:00, run_after=2023-09-09T00:00:00+00:00
[2023-09-09T14:05:58.515+0000] {processor.py:179} INFO - Processing /home/airflow/.local/lib/python3.8/site-packages/airflow/example_dags/example_nested_branch_dag.py took 0.051 seconds
[2023-09-09T14:06:28.569+0000] {processor.py:157} INFO - Started process (PID=1239) to work on /home/airflow/.local/lib/python3.8/site-packages/airflow/example_dags/example_nested_branch_dag.py
[2023-09-09T14:06:28.569+0000] {processor.py:829} INFO - Processing file /home/airflow/.local/lib/python3.8/site-packages/airflow/example_dags/example_nested_branch_dag.py for tasks to queue
[2023-09-09T14:06:28.571+0000] {logging_mixin.py:151} INFO - [2023-09-09T14:06:28.571+0000] {dagbag.py:539} INFO - Filling up the DagBag from /home/airflow/.local/lib/python3.8/site-packages/airflow/example_dags/example_nested_branch_dag.py
[2023-09-09T14:06:28.578+0000] {processor.py:839} INFO - DAG(s) dict_keys(['example_nested_branch_dag']) retrieved from /home/airflow/.local/lib/python3.8/site-packages/airflow/example_dags/example_nested_branch_dag.py
[2023-09-09T14:06:28.592+0000] {logging_mixin.py:151} INFO - [2023-09-09T14:06:28.592+0000] {dag.py:2907} INFO - Sync 1 DAGs
[2023-09-09T14:06:28.607+0000] {logging_mixin.py:151} INFO - [2023-09-09T14:06:28.607+0000] {dag.py:3677} INFO - Setting next_dagrun for example_nested_branch_dag to 2023-09-08T00:00:00+00:00, run_after=2023-09-09T00:00:00+00:00
[2023-09-09T14:06:28.619+0000] {processor.py:179} INFO - Processing /home/airflow/.local/lib/python3.8/site-packages/airflow/example_dags/example_nested_branch_dag.py took 0.052 seconds
[2023-09-09T14:06:59.634+0000] {processor.py:157} INFO - Started process (PID=1294) to work on /home/airflow/.local/lib/python3.8/site-packages/airflow/example_dags/example_nested_branch_dag.py
[2023-09-09T14:06:59.635+0000] {processor.py:829} INFO - Processing file /home/airflow/.local/lib/python3.8/site-packages/airflow/example_dags/example_nested_branch_dag.py for tasks to queue
[2023-09-09T14:06:59.637+0000] {logging_mixin.py:151} INFO - [2023-09-09T14:06:59.637+0000] {dagbag.py:539} INFO - Filling up the DagBag from /home/airflow/.local/lib/python3.8/site-packages/airflow/example_dags/example_nested_branch_dag.py
[2023-09-09T14:06:59.643+0000] {processor.py:839} INFO - DAG(s) dict_keys(['example_nested_branch_dag']) retrieved from /home/airflow/.local/lib/python3.8/site-packages/airflow/example_dags/example_nested_branch_dag.py
[2023-09-09T14:06:59.656+0000] {logging_mixin.py:151} INFO - [2023-09-09T14:06:59.656+0000] {dag.py:2907} INFO - Sync 1 DAGs
[2023-09-09T14:06:59.670+0000] {logging_mixin.py:151} INFO - [2023-09-09T14:06:59.670+0000] {dag.py:3677} INFO - Setting next_dagrun for example_nested_branch_dag to 2023-09-08T00:00:00+00:00, run_after=2023-09-09T00:00:00+00:00
[2023-09-09T14:06:59.682+0000] {processor.py:179} INFO - Processing /home/airflow/.local/lib/python3.8/site-packages/airflow/example_dags/example_nested_branch_dag.py took 0.049 seconds
[2023-09-09T14:07:30.836+0000] {processor.py:157} INFO - Started process (PID=1349) to work on /home/airflow/.local/lib/python3.8/site-packages/airflow/example_dags/example_nested_branch_dag.py
[2023-09-09T14:07:30.837+0000] {processor.py:829} INFO - Processing file /home/airflow/.local/lib/python3.8/site-packages/airflow/example_dags/example_nested_branch_dag.py for tasks to queue
[2023-09-09T14:07:30.839+0000] {logging_mixin.py:151} INFO - [2023-09-09T14:07:30.839+0000] {dagbag.py:539} INFO - Filling up the DagBag from /home/airflow/.local/lib/python3.8/site-packages/airflow/example_dags/example_nested_branch_dag.py
[2023-09-09T14:07:30.846+0000] {processor.py:839} INFO - DAG(s) dict_keys(['example_nested_branch_dag']) retrieved from /home/airflow/.local/lib/python3.8/site-packages/airflow/example_dags/example_nested_branch_dag.py
[2023-09-09T14:07:30.861+0000] {logging_mixin.py:151} INFO - [2023-09-09T14:07:30.860+0000] {dag.py:2907} INFO - Sync 1 DAGs
[2023-09-09T14:07:30.876+0000] {logging_mixin.py:151} INFO - [2023-09-09T14:07:30.876+0000] {dag.py:3677} INFO - Setting next_dagrun for example_nested_branch_dag to 2023-09-08T00:00:00+00:00, run_after=2023-09-09T00:00:00+00:00
[2023-09-09T14:07:30.889+0000] {processor.py:179} INFO - Processing /home/airflow/.local/lib/python3.8/site-packages/airflow/example_dags/example_nested_branch_dag.py took 0.055 seconds
[2023-09-09T14:08:01.946+0000] {processor.py:157} INFO - Started process (PID=1404) to work on /home/airflow/.local/lib/python3.8/site-packages/airflow/example_dags/example_nested_branch_dag.py
[2023-09-09T14:08:01.946+0000] {processor.py:829} INFO - Processing file /home/airflow/.local/lib/python3.8/site-packages/airflow/example_dags/example_nested_branch_dag.py for tasks to queue
[2023-09-09T14:08:01.948+0000] {logging_mixin.py:151} INFO - [2023-09-09T14:08:01.948+0000] {dagbag.py:539} INFO - Filling up the DagBag from /home/airflow/.local/lib/python3.8/site-packages/airflow/example_dags/example_nested_branch_dag.py
[2023-09-09T14:08:01.955+0000] {processor.py:839} INFO - DAG(s) dict_keys(['example_nested_branch_dag']) retrieved from /home/airflow/.local/lib/python3.8/site-packages/airflow/example_dags/example_nested_branch_dag.py
[2023-09-09T14:08:01.969+0000] {logging_mixin.py:151} INFO - [2023-09-09T14:08:01.969+0000] {dag.py:2907} INFO - Sync 1 DAGs
[2023-09-09T14:08:01.985+0000] {logging_mixin.py:151} INFO - [2023-09-09T14:08:01.985+0000] {dag.py:3677} INFO - Setting next_dagrun for example_nested_branch_dag to 2023-09-08T00:00:00+00:00, run_after=2023-09-09T00:00:00+00:00
[2023-09-09T14:08:01.997+0000] {processor.py:179} INFO - Processing /home/airflow/.local/lib/python3.8/site-packages/airflow/example_dags/example_nested_branch_dag.py took 0.053 seconds
[2023-09-09T14:08:32.800+0000] {processor.py:157} INFO - Started process (PID=1459) to work on /home/airflow/.local/lib/python3.8/site-packages/airflow/example_dags/example_nested_branch_dag.py
[2023-09-09T14:08:32.800+0000] {processor.py:829} INFO - Processing file /home/airflow/.local/lib/python3.8/site-packages/airflow/example_dags/example_nested_branch_dag.py for tasks to queue
[2023-09-09T14:08:32.802+0000] {logging_mixin.py:151} INFO - [2023-09-09T14:08:32.802+0000] {dagbag.py:539} INFO - Filling up the DagBag from /home/airflow/.local/lib/python3.8/site-packages/airflow/example_dags/example_nested_branch_dag.py
[2023-09-09T14:08:32.808+0000] {processor.py:839} INFO - DAG(s) dict_keys(['example_nested_branch_dag']) retrieved from /home/airflow/.local/lib/python3.8/site-packages/airflow/example_dags/example_nested_branch_dag.py
[2023-09-09T14:08:32.822+0000] {logging_mixin.py:151} INFO - [2023-09-09T14:08:32.822+0000] {dag.py:2907} INFO - Sync 1 DAGs
[2023-09-09T14:08:32.838+0000] {logging_mixin.py:151} INFO - [2023-09-09T14:08:32.838+0000] {dag.py:3677} INFO - Setting next_dagrun for example_nested_branch_dag to 2023-09-08T00:00:00+00:00, run_after=2023-09-09T00:00:00+00:00
[2023-09-09T14:08:32.849+0000] {processor.py:179} INFO - Processing /home/airflow/.local/lib/python3.8/site-packages/airflow/example_dags/example_nested_branch_dag.py took 0.052 seconds
[2023-09-09T14:09:03.777+0000] {processor.py:157} INFO - Started process (PID=1514) to work on /home/airflow/.local/lib/python3.8/site-packages/airflow/example_dags/example_nested_branch_dag.py
[2023-09-09T14:09:03.778+0000] {processor.py:829} INFO - Processing file /home/airflow/.local/lib/python3.8/site-packages/airflow/example_dags/example_nested_branch_dag.py for tasks to queue
[2023-09-09T14:09:03.780+0000] {logging_mixin.py:151} INFO - [2023-09-09T14:09:03.780+0000] {dagbag.py:539} INFO - Filling up the DagBag from /home/airflow/.local/lib/python3.8/site-packages/airflow/example_dags/example_nested_branch_dag.py
[2023-09-09T14:09:03.786+0000] {processor.py:839} INFO - DAG(s) dict_keys(['example_nested_branch_dag']) retrieved from /home/airflow/.local/lib/python3.8/site-packages/airflow/example_dags/example_nested_branch_dag.py
[2023-09-09T14:09:03.799+0000] {logging_mixin.py:151} INFO - [2023-09-09T14:09:03.799+0000] {dag.py:2907} INFO - Sync 1 DAGs
[2023-09-09T14:09:03.813+0000] {logging_mixin.py:151} INFO - [2023-09-09T14:09:03.813+0000] {dag.py:3677} INFO - Setting next_dagrun for example_nested_branch_dag to 2023-09-08T00:00:00+00:00, run_after=2023-09-09T00:00:00+00:00
[2023-09-09T14:09:03.824+0000] {processor.py:179} INFO - Processing /home/airflow/.local/lib/python3.8/site-packages/airflow/example_dags/example_nested_branch_dag.py took 0.049 seconds
[2023-09-09T14:09:33.922+0000] {processor.py:157} INFO - Started process (PID=1571) to work on /home/airflow/.local/lib/python3.8/site-packages/airflow/example_dags/example_nested_branch_dag.py
[2023-09-09T14:09:33.922+0000] {processor.py:829} INFO - Processing file /home/airflow/.local/lib/python3.8/site-packages/airflow/example_dags/example_nested_branch_dag.py for tasks to queue
[2023-09-09T14:09:33.924+0000] {logging_mixin.py:151} INFO - [2023-09-09T14:09:33.924+0000] {dagbag.py:539} INFO - Filling up the DagBag from /home/airflow/.local/lib/python3.8/site-packages/airflow/example_dags/example_nested_branch_dag.py
[2023-09-09T14:09:33.930+0000] {processor.py:839} INFO - DAG(s) dict_keys(['example_nested_branch_dag']) retrieved from /home/airflow/.local/lib/python3.8/site-packages/airflow/example_dags/example_nested_branch_dag.py
[2023-09-09T14:09:33.943+0000] {logging_mixin.py:151} INFO - [2023-09-09T14:09:33.943+0000] {dag.py:2907} INFO - Sync 1 DAGs
[2023-09-09T14:09:33.958+0000] {logging_mixin.py:151} INFO - [2023-09-09T14:09:33.958+0000] {dag.py:3677} INFO - Setting next_dagrun for example_nested_branch_dag to 2023-09-08T00:00:00+00:00, run_after=2023-09-09T00:00:00+00:00
[2023-09-09T14:09:33.969+0000] {processor.py:179} INFO - Processing /home/airflow/.local/lib/python3.8/site-packages/airflow/example_dags/example_nested_branch_dag.py took 0.050 seconds
[2023-09-09T14:10:05.142+0000] {processor.py:157} INFO - Started process (PID=1637) to work on /home/airflow/.local/lib/python3.8/site-packages/airflow/example_dags/example_nested_branch_dag.py
[2023-09-09T14:10:05.143+0000] {processor.py:829} INFO - Processing file /home/airflow/.local/lib/python3.8/site-packages/airflow/example_dags/example_nested_branch_dag.py for tasks to queue
[2023-09-09T14:10:05.144+0000] {logging_mixin.py:151} INFO - [2023-09-09T14:10:05.144+0000] {dagbag.py:539} INFO - Filling up the DagBag from /home/airflow/.local/lib/python3.8/site-packages/airflow/example_dags/example_nested_branch_dag.py
[2023-09-09T14:10:05.150+0000] {processor.py:839} INFO - DAG(s) dict_keys(['example_nested_branch_dag']) retrieved from /home/airflow/.local/lib/python3.8/site-packages/airflow/example_dags/example_nested_branch_dag.py
[2023-09-09T14:10:05.164+0000] {logging_mixin.py:151} INFO - [2023-09-09T14:10:05.163+0000] {dag.py:2907} INFO - Sync 1 DAGs
[2023-09-09T14:10:05.182+0000] {logging_mixin.py:151} INFO - [2023-09-09T14:10:05.182+0000] {dag.py:3677} INFO - Setting next_dagrun for example_nested_branch_dag to 2023-09-08T00:00:00+00:00, run_after=2023-09-09T00:00:00+00:00
[2023-09-09T14:10:05.194+0000] {processor.py:179} INFO - Processing /home/airflow/.local/lib/python3.8/site-packages/airflow/example_dags/example_nested_branch_dag.py took 0.054 seconds
[2023-09-09T14:10:35.374+0000] {processor.py:157} INFO - Started process (PID=1698) to work on /home/airflow/.local/lib/python3.8/site-packages/airflow/example_dags/example_nested_branch_dag.py
[2023-09-09T14:10:35.375+0000] {processor.py:829} INFO - Processing file /home/airflow/.local/lib/python3.8/site-packages/airflow/example_dags/example_nested_branch_dag.py for tasks to queue
[2023-09-09T14:10:35.377+0000] {logging_mixin.py:151} INFO - [2023-09-09T14:10:35.376+0000] {dagbag.py:539} INFO - Filling up the DagBag from /home/airflow/.local/lib/python3.8/site-packages/airflow/example_dags/example_nested_branch_dag.py
[2023-09-09T14:10:35.384+0000] {processor.py:839} INFO - DAG(s) dict_keys(['example_nested_branch_dag']) retrieved from /home/airflow/.local/lib/python3.8/site-packages/airflow/example_dags/example_nested_branch_dag.py
[2023-09-09T14:10:35.402+0000] {logging_mixin.py:151} INFO - [2023-09-09T14:10:35.401+0000] {dag.py:2907} INFO - Sync 1 DAGs
[2023-09-09T14:10:35.422+0000] {logging_mixin.py:151} INFO - [2023-09-09T14:10:35.421+0000] {dag.py:3677} INFO - Setting next_dagrun for example_nested_branch_dag to 2023-09-08T00:00:00+00:00, run_after=2023-09-09T00:00:00+00:00
[2023-09-09T14:10:35.437+0000] {processor.py:179} INFO - Processing /home/airflow/.local/lib/python3.8/site-packages/airflow/example_dags/example_nested_branch_dag.py took 0.066 seconds
[2023-09-09T14:11:05.655+0000] {processor.py:157} INFO - Started process (PID=1757) to work on /home/airflow/.local/lib/python3.8/site-packages/airflow/example_dags/example_nested_branch_dag.py
[2023-09-09T14:11:05.656+0000] {processor.py:829} INFO - Processing file /home/airflow/.local/lib/python3.8/site-packages/airflow/example_dags/example_nested_branch_dag.py for tasks to queue
[2023-09-09T14:11:05.657+0000] {logging_mixin.py:151} INFO - [2023-09-09T14:11:05.657+0000] {dagbag.py:539} INFO - Filling up the DagBag from /home/airflow/.local/lib/python3.8/site-packages/airflow/example_dags/example_nested_branch_dag.py
[2023-09-09T14:11:05.664+0000] {processor.py:839} INFO - DAG(s) dict_keys(['example_nested_branch_dag']) retrieved from /home/airflow/.local/lib/python3.8/site-packages/airflow/example_dags/example_nested_branch_dag.py
[2023-09-09T14:11:05.678+0000] {logging_mixin.py:151} INFO - [2023-09-09T14:11:05.678+0000] {dag.py:2907} INFO - Sync 1 DAGs
[2023-09-09T14:11:05.695+0000] {logging_mixin.py:151} INFO - [2023-09-09T14:11:05.695+0000] {dag.py:3677} INFO - Setting next_dagrun for example_nested_branch_dag to 2023-09-08T00:00:00+00:00, run_after=2023-09-09T00:00:00+00:00
[2023-09-09T14:11:05.707+0000] {processor.py:179} INFO - Processing /home/airflow/.local/lib/python3.8/site-packages/airflow/example_dags/example_nested_branch_dag.py took 0.054 seconds
[2023-09-09T14:11:36.803+0000] {processor.py:157} INFO - Started process (PID=1812) to work on /home/airflow/.local/lib/python3.8/site-packages/airflow/example_dags/example_nested_branch_dag.py
[2023-09-09T14:11:36.803+0000] {processor.py:829} INFO - Processing file /home/airflow/.local/lib/python3.8/site-packages/airflow/example_dags/example_nested_branch_dag.py for tasks to queue
[2023-09-09T14:11:36.806+0000] {logging_mixin.py:151} INFO - [2023-09-09T14:11:36.805+0000] {dagbag.py:539} INFO - Filling up the DagBag from /home/airflow/.local/lib/python3.8/site-packages/airflow/example_dags/example_nested_branch_dag.py
[2023-09-09T14:11:36.813+0000] {processor.py:839} INFO - DAG(s) dict_keys(['example_nested_branch_dag']) retrieved from /home/airflow/.local/lib/python3.8/site-packages/airflow/example_dags/example_nested_branch_dag.py
[2023-09-09T14:11:36.829+0000] {logging_mixin.py:151} INFO - [2023-09-09T14:11:36.829+0000] {dag.py:2907} INFO - Sync 1 DAGs
[2023-09-09T14:11:36.847+0000] {logging_mixin.py:151} INFO - [2023-09-09T14:11:36.846+0000] {dag.py:3677} INFO - Setting next_dagrun for example_nested_branch_dag to 2023-09-08T00:00:00+00:00, run_after=2023-09-09T00:00:00+00:00
[2023-09-09T14:11:36.860+0000] {processor.py:179} INFO - Processing /home/airflow/.local/lib/python3.8/site-packages/airflow/example_dags/example_nested_branch_dag.py took 0.059 seconds
[2023-09-09T14:12:06.943+0000] {processor.py:157} INFO - Started process (PID=1868) to work on /home/airflow/.local/lib/python3.8/site-packages/airflow/example_dags/example_nested_branch_dag.py
[2023-09-09T14:12:06.943+0000] {processor.py:829} INFO - Processing file /home/airflow/.local/lib/python3.8/site-packages/airflow/example_dags/example_nested_branch_dag.py for tasks to queue
[2023-09-09T14:12:06.946+0000] {logging_mixin.py:151} INFO - [2023-09-09T14:12:06.946+0000] {dagbag.py:539} INFO - Filling up the DagBag from /home/airflow/.local/lib/python3.8/site-packages/airflow/example_dags/example_nested_branch_dag.py
[2023-09-09T14:12:06.954+0000] {processor.py:839} INFO - DAG(s) dict_keys(['example_nested_branch_dag']) retrieved from /home/airflow/.local/lib/python3.8/site-packages/airflow/example_dags/example_nested_branch_dag.py
[2023-09-09T14:12:06.974+0000] {logging_mixin.py:151} INFO - [2023-09-09T14:12:06.974+0000] {dag.py:2907} INFO - Sync 1 DAGs
[2023-09-09T14:12:07.008+0000] {logging_mixin.py:151} INFO - [2023-09-09T14:12:07.008+0000] {dag.py:3677} INFO - Setting next_dagrun for example_nested_branch_dag to 2023-09-08T00:00:00+00:00, run_after=2023-09-09T00:00:00+00:00
[2023-09-09T14:12:07.040+0000] {processor.py:179} INFO - Processing /home/airflow/.local/lib/python3.8/site-packages/airflow/example_dags/example_nested_branch_dag.py took 0.100 seconds
[2023-09-09T14:12:38.029+0000] {processor.py:157} INFO - Started process (PID=1923) to work on /home/airflow/.local/lib/python3.8/site-packages/airflow/example_dags/example_nested_branch_dag.py
[2023-09-09T14:12:38.030+0000] {processor.py:829} INFO - Processing file /home/airflow/.local/lib/python3.8/site-packages/airflow/example_dags/example_nested_branch_dag.py for tasks to queue
[2023-09-09T14:12:38.032+0000] {logging_mixin.py:151} INFO - [2023-09-09T14:12:38.032+0000] {dagbag.py:539} INFO - Filling up the DagBag from /home/airflow/.local/lib/python3.8/site-packages/airflow/example_dags/example_nested_branch_dag.py
[2023-09-09T14:12:38.039+0000] {processor.py:839} INFO - DAG(s) dict_keys(['example_nested_branch_dag']) retrieved from /home/airflow/.local/lib/python3.8/site-packages/airflow/example_dags/example_nested_branch_dag.py
[2023-09-09T14:12:38.056+0000] {logging_mixin.py:151} INFO - [2023-09-09T14:12:38.056+0000] {dag.py:2907} INFO - Sync 1 DAGs
[2023-09-09T14:12:38.074+0000] {logging_mixin.py:151} INFO - [2023-09-09T14:12:38.074+0000] {dag.py:3677} INFO - Setting next_dagrun for example_nested_branch_dag to 2023-09-08T00:00:00+00:00, run_after=2023-09-09T00:00:00+00:00
[2023-09-09T14:12:38.088+0000] {processor.py:179} INFO - Processing /home/airflow/.local/lib/python3.8/site-packages/airflow/example_dags/example_nested_branch_dag.py took 0.061 seconds
[2023-09-09T14:13:08.387+0000] {processor.py:157} INFO - Started process (PID=1979) to work on /home/airflow/.local/lib/python3.8/site-packages/airflow/example_dags/example_nested_branch_dag.py
[2023-09-09T14:13:08.388+0000] {processor.py:829} INFO - Processing file /home/airflow/.local/lib/python3.8/site-packages/airflow/example_dags/example_nested_branch_dag.py for tasks to queue
[2023-09-09T14:13:08.390+0000] {logging_mixin.py:151} INFO - [2023-09-09T14:13:08.389+0000] {dagbag.py:539} INFO - Filling up the DagBag from /home/airflow/.local/lib/python3.8/site-packages/airflow/example_dags/example_nested_branch_dag.py
[2023-09-09T14:13:08.396+0000] {processor.py:839} INFO - DAG(s) dict_keys(['example_nested_branch_dag']) retrieved from /home/airflow/.local/lib/python3.8/site-packages/airflow/example_dags/example_nested_branch_dag.py
[2023-09-09T14:13:08.410+0000] {logging_mixin.py:151} INFO - [2023-09-09T14:13:08.410+0000] {dag.py:2907} INFO - Sync 1 DAGs
[2023-09-09T14:13:08.426+0000] {logging_mixin.py:151} INFO - [2023-09-09T14:13:08.426+0000] {dag.py:3677} INFO - Setting next_dagrun for example_nested_branch_dag to 2023-09-08T00:00:00+00:00, run_after=2023-09-09T00:00:00+00:00
[2023-09-09T14:13:08.438+0000] {processor.py:179} INFO - Processing /home/airflow/.local/lib/python3.8/site-packages/airflow/example_dags/example_nested_branch_dag.py took 0.053 seconds
[2023-09-09T14:13:39.342+0000] {processor.py:157} INFO - Started process (PID=2034) to work on /home/airflow/.local/lib/python3.8/site-packages/airflow/example_dags/example_nested_branch_dag.py
[2023-09-09T14:13:39.343+0000] {processor.py:829} INFO - Processing file /home/airflow/.local/lib/python3.8/site-packages/airflow/example_dags/example_nested_branch_dag.py for tasks to queue
[2023-09-09T14:13:39.345+0000] {logging_mixin.py:151} INFO - [2023-09-09T14:13:39.345+0000] {dagbag.py:539} INFO - Filling up the DagBag from /home/airflow/.local/lib/python3.8/site-packages/airflow/example_dags/example_nested_branch_dag.py
[2023-09-09T14:13:39.351+0000] {processor.py:839} INFO - DAG(s) dict_keys(['example_nested_branch_dag']) retrieved from /home/airflow/.local/lib/python3.8/site-packages/airflow/example_dags/example_nested_branch_dag.py
[2023-09-09T14:13:39.364+0000] {logging_mixin.py:151} INFO - [2023-09-09T14:13:39.363+0000] {dag.py:2907} INFO - Sync 1 DAGs
[2023-09-09T14:13:39.380+0000] {logging_mixin.py:151} INFO - [2023-09-09T14:13:39.380+0000] {dag.py:3677} INFO - Setting next_dagrun for example_nested_branch_dag to 2023-09-08T00:00:00+00:00, run_after=2023-09-09T00:00:00+00:00
[2023-09-09T14:13:39.393+0000] {processor.py:179} INFO - Processing /home/airflow/.local/lib/python3.8/site-packages/airflow/example_dags/example_nested_branch_dag.py took 0.053 seconds
[2023-09-09T14:14:09.538+0000] {processor.py:157} INFO - Started process (PID=2090) to work on /home/airflow/.local/lib/python3.8/site-packages/airflow/example_dags/example_nested_branch_dag.py
[2023-09-09T14:14:09.539+0000] {processor.py:829} INFO - Processing file /home/airflow/.local/lib/python3.8/site-packages/airflow/example_dags/example_nested_branch_dag.py for tasks to queue
[2023-09-09T14:14:09.541+0000] {logging_mixin.py:151} INFO - [2023-09-09T14:14:09.541+0000] {dagbag.py:539} INFO - Filling up the DagBag from /home/airflow/.local/lib/python3.8/site-packages/airflow/example_dags/example_nested_branch_dag.py
[2023-09-09T14:14:09.547+0000] {processor.py:839} INFO - DAG(s) dict_keys(['example_nested_branch_dag']) retrieved from /home/airflow/.local/lib/python3.8/site-packages/airflow/example_dags/example_nested_branch_dag.py
[2023-09-09T14:14:09.561+0000] {logging_mixin.py:151} INFO - [2023-09-09T14:14:09.561+0000] {dag.py:2907} INFO - Sync 1 DAGs
[2023-09-09T14:14:09.577+0000] {logging_mixin.py:151} INFO - [2023-09-09T14:14:09.577+0000] {dag.py:3677} INFO - Setting next_dagrun for example_nested_branch_dag to 2023-09-08T00:00:00+00:00, run_after=2023-09-09T00:00:00+00:00
[2023-09-09T14:14:09.589+0000] {processor.py:179} INFO - Processing /home/airflow/.local/lib/python3.8/site-packages/airflow/example_dags/example_nested_branch_dag.py took 0.053 seconds
[2023-09-09T14:14:40.734+0000] {processor.py:157} INFO - Started process (PID=2146) to work on /home/airflow/.local/lib/python3.8/site-packages/airflow/example_dags/example_nested_branch_dag.py
[2023-09-09T14:14:40.735+0000] {processor.py:829} INFO - Processing file /home/airflow/.local/lib/python3.8/site-packages/airflow/example_dags/example_nested_branch_dag.py for tasks to queue
[2023-09-09T14:14:40.737+0000] {logging_mixin.py:151} INFO - [2023-09-09T14:14:40.737+0000] {dagbag.py:539} INFO - Filling up the DagBag from /home/airflow/.local/lib/python3.8/site-packages/airflow/example_dags/example_nested_branch_dag.py
[2023-09-09T14:14:40.743+0000] {processor.py:839} INFO - DAG(s) dict_keys(['example_nested_branch_dag']) retrieved from /home/airflow/.local/lib/python3.8/site-packages/airflow/example_dags/example_nested_branch_dag.py
[2023-09-09T14:14:40.757+0000] {logging_mixin.py:151} INFO - [2023-09-09T14:14:40.757+0000] {dag.py:2907} INFO - Sync 1 DAGs
[2023-09-09T14:14:40.774+0000] {logging_mixin.py:151} INFO - [2023-09-09T14:14:40.774+0000] {dag.py:3677} INFO - Setting next_dagrun for example_nested_branch_dag to 2023-09-08T00:00:00+00:00, run_after=2023-09-09T00:00:00+00:00
[2023-09-09T14:14:40.786+0000] {processor.py:179} INFO - Processing /home/airflow/.local/lib/python3.8/site-packages/airflow/example_dags/example_nested_branch_dag.py took 0.054 seconds
[2023-09-09T14:15:11.975+0000] {processor.py:157} INFO - Started process (PID=2201) to work on /home/airflow/.local/lib/python3.8/site-packages/airflow/example_dags/example_nested_branch_dag.py
[2023-09-09T14:15:11.976+0000] {processor.py:829} INFO - Processing file /home/airflow/.local/lib/python3.8/site-packages/airflow/example_dags/example_nested_branch_dag.py for tasks to queue
[2023-09-09T14:15:11.978+0000] {logging_mixin.py:151} INFO - [2023-09-09T14:15:11.977+0000] {dagbag.py:539} INFO - Filling up the DagBag from /home/airflow/.local/lib/python3.8/site-packages/airflow/example_dags/example_nested_branch_dag.py
[2023-09-09T14:15:11.984+0000] {processor.py:839} INFO - DAG(s) dict_keys(['example_nested_branch_dag']) retrieved from /home/airflow/.local/lib/python3.8/site-packages/airflow/example_dags/example_nested_branch_dag.py
[2023-09-09T14:15:11.997+0000] {logging_mixin.py:151} INFO - [2023-09-09T14:15:11.996+0000] {dag.py:2907} INFO - Sync 1 DAGs
[2023-09-09T14:15:12.012+0000] {logging_mixin.py:151} INFO - [2023-09-09T14:15:12.012+0000] {dag.py:3677} INFO - Setting next_dagrun for example_nested_branch_dag to 2023-09-08T00:00:00+00:00, run_after=2023-09-09T00:00:00+00:00
[2023-09-09T14:15:12.025+0000] {processor.py:179} INFO - Processing /home/airflow/.local/lib/python3.8/site-packages/airflow/example_dags/example_nested_branch_dag.py took 0.052 seconds
[2023-09-09T14:15:42.379+0000] {processor.py:157} INFO - Started process (PID=2258) to work on /home/airflow/.local/lib/python3.8/site-packages/airflow/example_dags/example_nested_branch_dag.py
[2023-09-09T14:15:42.380+0000] {processor.py:829} INFO - Processing file /home/airflow/.local/lib/python3.8/site-packages/airflow/example_dags/example_nested_branch_dag.py for tasks to queue
[2023-09-09T14:15:42.383+0000] {logging_mixin.py:151} INFO - [2023-09-09T14:15:42.382+0000] {dagbag.py:539} INFO - Filling up the DagBag from /home/airflow/.local/lib/python3.8/site-packages/airflow/example_dags/example_nested_branch_dag.py
[2023-09-09T14:15:42.390+0000] {processor.py:839} INFO - DAG(s) dict_keys(['example_nested_branch_dag']) retrieved from /home/airflow/.local/lib/python3.8/site-packages/airflow/example_dags/example_nested_branch_dag.py
[2023-09-09T14:15:42.405+0000] {logging_mixin.py:151} INFO - [2023-09-09T14:15:42.405+0000] {dag.py:2907} INFO - Sync 1 DAGs
[2023-09-09T14:15:42.424+0000] {logging_mixin.py:151} INFO - [2023-09-09T14:15:42.423+0000] {dag.py:3677} INFO - Setting next_dagrun for example_nested_branch_dag to 2023-09-08T00:00:00+00:00, run_after=2023-09-09T00:00:00+00:00
[2023-09-09T14:15:42.442+0000] {processor.py:179} INFO - Processing /home/airflow/.local/lib/python3.8/site-packages/airflow/example_dags/example_nested_branch_dag.py took 0.065 seconds
[2023-09-09T14:16:12.606+0000] {processor.py:157} INFO - Started process (PID=2313) to work on /home/airflow/.local/lib/python3.8/site-packages/airflow/example_dags/example_nested_branch_dag.py
[2023-09-09T14:16:12.607+0000] {processor.py:829} INFO - Processing file /home/airflow/.local/lib/python3.8/site-packages/airflow/example_dags/example_nested_branch_dag.py for tasks to queue
[2023-09-09T14:16:12.609+0000] {logging_mixin.py:151} INFO - [2023-09-09T14:16:12.609+0000] {dagbag.py:539} INFO - Filling up the DagBag from /home/airflow/.local/lib/python3.8/site-packages/airflow/example_dags/example_nested_branch_dag.py
[2023-09-09T14:16:12.615+0000] {processor.py:839} INFO - DAG(s) dict_keys(['example_nested_branch_dag']) retrieved from /home/airflow/.local/lib/python3.8/site-packages/airflow/example_dags/example_nested_branch_dag.py
[2023-09-09T14:16:12.630+0000] {logging_mixin.py:151} INFO - [2023-09-09T14:16:12.629+0000] {dag.py:2907} INFO - Sync 1 DAGs
[2023-09-09T14:16:12.646+0000] {logging_mixin.py:151} INFO - [2023-09-09T14:16:12.645+0000] {dag.py:3677} INFO - Setting next_dagrun for example_nested_branch_dag to 2023-09-08T00:00:00+00:00, run_after=2023-09-09T00:00:00+00:00
[2023-09-09T14:16:12.660+0000] {processor.py:179} INFO - Processing /home/airflow/.local/lib/python3.8/site-packages/airflow/example_dags/example_nested_branch_dag.py took 0.055 seconds
[2023-09-09T14:16:42.899+0000] {processor.py:157} INFO - Started process (PID=2368) to work on /home/airflow/.local/lib/python3.8/site-packages/airflow/example_dags/example_nested_branch_dag.py
[2023-09-09T14:16:42.899+0000] {processor.py:829} INFO - Processing file /home/airflow/.local/lib/python3.8/site-packages/airflow/example_dags/example_nested_branch_dag.py for tasks to queue
[2023-09-09T14:16:42.901+0000] {logging_mixin.py:151} INFO - [2023-09-09T14:16:42.901+0000] {dagbag.py:539} INFO - Filling up the DagBag from /home/airflow/.local/lib/python3.8/site-packages/airflow/example_dags/example_nested_branch_dag.py
[2023-09-09T14:16:42.907+0000] {processor.py:839} INFO - DAG(s) dict_keys(['example_nested_branch_dag']) retrieved from /home/airflow/.local/lib/python3.8/site-packages/airflow/example_dags/example_nested_branch_dag.py
[2023-09-09T14:16:42.920+0000] {logging_mixin.py:151} INFO - [2023-09-09T14:16:42.920+0000] {dag.py:2907} INFO - Sync 1 DAGs
[2023-09-09T14:16:42.934+0000] {logging_mixin.py:151} INFO - [2023-09-09T14:16:42.934+0000] {dag.py:3677} INFO - Setting next_dagrun for example_nested_branch_dag to 2023-09-08T00:00:00+00:00, run_after=2023-09-09T00:00:00+00:00
[2023-09-09T14:16:42.945+0000] {processor.py:179} INFO - Processing /home/airflow/.local/lib/python3.8/site-packages/airflow/example_dags/example_nested_branch_dag.py took 0.048 seconds
[2023-09-09T14:17:13.060+0000] {processor.py:157} INFO - Started process (PID=2423) to work on /home/airflow/.local/lib/python3.8/site-packages/airflow/example_dags/example_nested_branch_dag.py
[2023-09-09T14:17:13.060+0000] {processor.py:829} INFO - Processing file /home/airflow/.local/lib/python3.8/site-packages/airflow/example_dags/example_nested_branch_dag.py for tasks to queue
[2023-09-09T14:17:13.062+0000] {logging_mixin.py:151} INFO - [2023-09-09T14:17:13.062+0000] {dagbag.py:539} INFO - Filling up the DagBag from /home/airflow/.local/lib/python3.8/site-packages/airflow/example_dags/example_nested_branch_dag.py
[2023-09-09T14:17:13.069+0000] {processor.py:839} INFO - DAG(s) dict_keys(['example_nested_branch_dag']) retrieved from /home/airflow/.local/lib/python3.8/site-packages/airflow/example_dags/example_nested_branch_dag.py
[2023-09-09T14:17:13.082+0000] {logging_mixin.py:151} INFO - [2023-09-09T14:17:13.082+0000] {dag.py:2907} INFO - Sync 1 DAGs
[2023-09-09T14:17:13.098+0000] {logging_mixin.py:151} INFO - [2023-09-09T14:17:13.098+0000] {dag.py:3677} INFO - Setting next_dagrun for example_nested_branch_dag to 2023-09-08T00:00:00+00:00, run_after=2023-09-09T00:00:00+00:00
[2023-09-09T14:17:13.111+0000] {processor.py:179} INFO - Processing /home/airflow/.local/lib/python3.8/site-packages/airflow/example_dags/example_nested_branch_dag.py took 0.054 seconds
