[2023-09-09T13:55:42.921+0000] {processor.py:157} INFO - Started process (PID=57) to work on /home/airflow/.local/lib/python3.8/site-packages/airflow/example_dags/example_xcomargs.py
[2023-09-09T13:55:42.922+0000] {processor.py:829} INFO - Processing file /home/airflow/.local/lib/python3.8/site-packages/airflow/example_dags/example_xcomargs.py for tasks to queue
[2023-09-09T13:55:42.923+0000] {logging_mixin.py:151} INFO - [2023-09-09T13:55:42.923+0000] {dagbag.py:539} INFO - Filling up the DagBag from /home/airflow/.local/lib/python3.8/site-packages/airflow/example_dags/example_xcomargs.py
[2023-09-09T13:55:42.930+0000] {processor.py:839} INFO - DAG(s) dict_keys(['example_xcom_args', 'example_xcom_args_with_operators']) retrieved from /home/airflow/.local/lib/python3.8/site-packages/airflow/example_dags/example_xcomargs.py
[2023-09-09T13:55:42.949+0000] {logging_mixin.py:151} INFO - [2023-09-09T13:55:42.949+0000] {dag.py:2907} INFO - Sync 2 DAGs
[2023-09-09T13:55:42.959+0000] {logging_mixin.py:151} INFO - [2023-09-09T13:55:42.959+0000] {dag.py:3677} INFO - Setting next_dagrun for example_xcom_args to None, run_after=None
[2023-09-09T13:55:42.961+0000] {logging_mixin.py:151} INFO - [2023-09-09T13:55:42.961+0000] {dag.py:3677} INFO - Setting next_dagrun for example_xcom_args_with_operators to None, run_after=None
[2023-09-09T13:55:43.095+0000] {processor.py:179} INFO - Processing /home/airflow/.local/lib/python3.8/site-packages/airflow/example_dags/example_xcomargs.py took 0.177 seconds
[2023-09-09T13:56:13.755+0000] {processor.py:157} INFO - Started process (PID=112) to work on /home/airflow/.local/lib/python3.8/site-packages/airflow/example_dags/example_xcomargs.py
[2023-09-09T13:56:13.756+0000] {processor.py:829} INFO - Processing file /home/airflow/.local/lib/python3.8/site-packages/airflow/example_dags/example_xcomargs.py for tasks to queue
[2023-09-09T13:56:13.758+0000] {logging_mixin.py:151} INFO - [2023-09-09T13:56:13.758+0000] {dagbag.py:539} INFO - Filling up the DagBag from /home/airflow/.local/lib/python3.8/site-packages/airflow/example_dags/example_xcomargs.py
[2023-09-09T13:56:13.763+0000] {processor.py:839} INFO - DAG(s) dict_keys(['example_xcom_args_with_operators', 'example_xcom_args']) retrieved from /home/airflow/.local/lib/python3.8/site-packages/airflow/example_dags/example_xcomargs.py
[2023-09-09T13:56:13.777+0000] {logging_mixin.py:151} INFO - [2023-09-09T13:56:13.777+0000] {dag.py:2907} INFO - Sync 2 DAGs
[2023-09-09T13:56:13.785+0000] {logging_mixin.py:151} INFO - [2023-09-09T13:56:13.785+0000] {dag.py:3677} INFO - Setting next_dagrun for example_xcom_args to None, run_after=None
[2023-09-09T13:56:13.788+0000] {logging_mixin.py:151} INFO - [2023-09-09T13:56:13.788+0000] {dag.py:3677} INFO - Setting next_dagrun for example_xcom_args_with_operators to None, run_after=None
[2023-09-09T13:56:13.798+0000] {processor.py:179} INFO - Processing /home/airflow/.local/lib/python3.8/site-packages/airflow/example_dags/example_xcomargs.py took 0.044 seconds
[2023-09-09T13:56:43.861+0000] {processor.py:157} INFO - Started process (PID=166) to work on /home/airflow/.local/lib/python3.8/site-packages/airflow/example_dags/example_xcomargs.py
[2023-09-09T13:56:43.861+0000] {processor.py:829} INFO - Processing file /home/airflow/.local/lib/python3.8/site-packages/airflow/example_dags/example_xcomargs.py for tasks to queue
[2023-09-09T13:56:43.863+0000] {logging_mixin.py:151} INFO - [2023-09-09T13:56:43.863+0000] {dagbag.py:539} INFO - Filling up the DagBag from /home/airflow/.local/lib/python3.8/site-packages/airflow/example_dags/example_xcomargs.py
[2023-09-09T13:56:43.868+0000] {processor.py:839} INFO - DAG(s) dict_keys(['example_xcom_args_with_operators', 'example_xcom_args']) retrieved from /home/airflow/.local/lib/python3.8/site-packages/airflow/example_dags/example_xcomargs.py
[2023-09-09T13:56:43.882+0000] {logging_mixin.py:151} INFO - [2023-09-09T13:56:43.882+0000] {dag.py:2907} INFO - Sync 2 DAGs
[2023-09-09T13:56:43.891+0000] {logging_mixin.py:151} INFO - [2023-09-09T13:56:43.890+0000] {dag.py:3677} INFO - Setting next_dagrun for example_xcom_args to None, run_after=None
[2023-09-09T13:56:43.893+0000] {logging_mixin.py:151} INFO - [2023-09-09T13:56:43.893+0000] {dag.py:3677} INFO - Setting next_dagrun for example_xcom_args_with_operators to None, run_after=None
[2023-09-09T13:56:43.903+0000] {processor.py:179} INFO - Processing /home/airflow/.local/lib/python3.8/site-packages/airflow/example_dags/example_xcomargs.py took 0.044 seconds
[2023-09-09T13:57:14.338+0000] {processor.py:157} INFO - Started process (PID=225) to work on /home/airflow/.local/lib/python3.8/site-packages/airflow/example_dags/example_xcomargs.py
[2023-09-09T13:57:14.338+0000] {processor.py:829} INFO - Processing file /home/airflow/.local/lib/python3.8/site-packages/airflow/example_dags/example_xcomargs.py for tasks to queue
[2023-09-09T13:57:14.340+0000] {logging_mixin.py:151} INFO - [2023-09-09T13:57:14.340+0000] {dagbag.py:539} INFO - Filling up the DagBag from /home/airflow/.local/lib/python3.8/site-packages/airflow/example_dags/example_xcomargs.py
[2023-09-09T13:57:14.345+0000] {processor.py:839} INFO - DAG(s) dict_keys(['example_xcom_args_with_operators', 'example_xcom_args']) retrieved from /home/airflow/.local/lib/python3.8/site-packages/airflow/example_dags/example_xcomargs.py
[2023-09-09T13:57:14.359+0000] {logging_mixin.py:151} INFO - [2023-09-09T13:57:14.359+0000] {dag.py:2907} INFO - Sync 2 DAGs
[2023-09-09T13:57:14.368+0000] {logging_mixin.py:151} INFO - [2023-09-09T13:57:14.367+0000] {dag.py:3677} INFO - Setting next_dagrun for example_xcom_args to None, run_after=None
[2023-09-09T13:57:14.370+0000] {logging_mixin.py:151} INFO - [2023-09-09T13:57:14.370+0000] {dag.py:3677} INFO - Setting next_dagrun for example_xcom_args_with_operators to None, run_after=None
[2023-09-09T13:57:14.380+0000] {processor.py:179} INFO - Processing /home/airflow/.local/lib/python3.8/site-packages/airflow/example_dags/example_xcomargs.py took 0.044 seconds
[2023-09-09T13:57:44.618+0000] {processor.py:157} INFO - Started process (PID=280) to work on /home/airflow/.local/lib/python3.8/site-packages/airflow/example_dags/example_xcomargs.py
[2023-09-09T13:57:44.619+0000] {processor.py:829} INFO - Processing file /home/airflow/.local/lib/python3.8/site-packages/airflow/example_dags/example_xcomargs.py for tasks to queue
[2023-09-09T13:57:44.620+0000] {logging_mixin.py:151} INFO - [2023-09-09T13:57:44.620+0000] {dagbag.py:539} INFO - Filling up the DagBag from /home/airflow/.local/lib/python3.8/site-packages/airflow/example_dags/example_xcomargs.py
[2023-09-09T13:57:44.625+0000] {processor.py:839} INFO - DAG(s) dict_keys(['example_xcom_args', 'example_xcom_args_with_operators']) retrieved from /home/airflow/.local/lib/python3.8/site-packages/airflow/example_dags/example_xcomargs.py
[2023-09-09T13:57:44.641+0000] {logging_mixin.py:151} INFO - [2023-09-09T13:57:44.641+0000] {dag.py:2907} INFO - Sync 2 DAGs
[2023-09-09T13:57:44.650+0000] {logging_mixin.py:151} INFO - [2023-09-09T13:57:44.650+0000] {dag.py:3677} INFO - Setting next_dagrun for example_xcom_args to None, run_after=None
[2023-09-09T13:57:44.652+0000] {logging_mixin.py:151} INFO - [2023-09-09T13:57:44.652+0000] {dag.py:3677} INFO - Setting next_dagrun for example_xcom_args_with_operators to None, run_after=None
[2023-09-09T13:57:44.663+0000] {processor.py:179} INFO - Processing /home/airflow/.local/lib/python3.8/site-packages/airflow/example_dags/example_xcomargs.py took 0.047 seconds
[2023-09-09T13:58:15.632+0000] {processor.py:157} INFO - Started process (PID=335) to work on /home/airflow/.local/lib/python3.8/site-packages/airflow/example_dags/example_xcomargs.py
[2023-09-09T13:58:15.632+0000] {processor.py:829} INFO - Processing file /home/airflow/.local/lib/python3.8/site-packages/airflow/example_dags/example_xcomargs.py for tasks to queue
[2023-09-09T13:58:15.634+0000] {logging_mixin.py:151} INFO - [2023-09-09T13:58:15.633+0000] {dagbag.py:539} INFO - Filling up the DagBag from /home/airflow/.local/lib/python3.8/site-packages/airflow/example_dags/example_xcomargs.py
[2023-09-09T13:58:15.639+0000] {processor.py:839} INFO - DAG(s) dict_keys(['example_xcom_args', 'example_xcom_args_with_operators']) retrieved from /home/airflow/.local/lib/python3.8/site-packages/airflow/example_dags/example_xcomargs.py
[2023-09-09T13:58:15.656+0000] {logging_mixin.py:151} INFO - [2023-09-09T13:58:15.655+0000] {dag.py:2907} INFO - Sync 2 DAGs
[2023-09-09T13:58:15.664+0000] {logging_mixin.py:151} INFO - [2023-09-09T13:58:15.664+0000] {dag.py:3677} INFO - Setting next_dagrun for example_xcom_args to None, run_after=None
[2023-09-09T13:58:15.667+0000] {logging_mixin.py:151} INFO - [2023-09-09T13:58:15.666+0000] {dag.py:3677} INFO - Setting next_dagrun for example_xcom_args_with_operators to None, run_after=None
[2023-09-09T13:58:15.677+0000] {processor.py:179} INFO - Processing /home/airflow/.local/lib/python3.8/site-packages/airflow/example_dags/example_xcomargs.py took 0.047 seconds
[2023-09-09T13:58:46.447+0000] {processor.py:157} INFO - Started process (PID=390) to work on /home/airflow/.local/lib/python3.8/site-packages/airflow/example_dags/example_xcomargs.py
[2023-09-09T13:58:46.447+0000] {processor.py:829} INFO - Processing file /home/airflow/.local/lib/python3.8/site-packages/airflow/example_dags/example_xcomargs.py for tasks to queue
[2023-09-09T13:58:46.449+0000] {logging_mixin.py:151} INFO - [2023-09-09T13:58:46.449+0000] {dagbag.py:539} INFO - Filling up the DagBag from /home/airflow/.local/lib/python3.8/site-packages/airflow/example_dags/example_xcomargs.py
[2023-09-09T13:58:46.454+0000] {processor.py:839} INFO - DAG(s) dict_keys(['example_xcom_args_with_operators', 'example_xcom_args']) retrieved from /home/airflow/.local/lib/python3.8/site-packages/airflow/example_dags/example_xcomargs.py
[2023-09-09T13:58:46.469+0000] {logging_mixin.py:151} INFO - [2023-09-09T13:58:46.468+0000] {dag.py:2907} INFO - Sync 2 DAGs
[2023-09-09T13:58:46.477+0000] {logging_mixin.py:151} INFO - [2023-09-09T13:58:46.477+0000] {dag.py:3677} INFO - Setting next_dagrun for example_xcom_args to None, run_after=None
[2023-09-09T13:58:46.479+0000] {logging_mixin.py:151} INFO - [2023-09-09T13:58:46.479+0000] {dag.py:3677} INFO - Setting next_dagrun for example_xcom_args_with_operators to None, run_after=None
[2023-09-09T13:58:46.489+0000] {processor.py:179} INFO - Processing /home/airflow/.local/lib/python3.8/site-packages/airflow/example_dags/example_xcomargs.py took 0.044 seconds
[2023-09-09T13:59:17.308+0000] {processor.py:157} INFO - Started process (PID=445) to work on /home/airflow/.local/lib/python3.8/site-packages/airflow/example_dags/example_xcomargs.py
[2023-09-09T13:59:17.308+0000] {processor.py:829} INFO - Processing file /home/airflow/.local/lib/python3.8/site-packages/airflow/example_dags/example_xcomargs.py for tasks to queue
[2023-09-09T13:59:17.310+0000] {logging_mixin.py:151} INFO - [2023-09-09T13:59:17.310+0000] {dagbag.py:539} INFO - Filling up the DagBag from /home/airflow/.local/lib/python3.8/site-packages/airflow/example_dags/example_xcomargs.py
[2023-09-09T13:59:17.315+0000] {processor.py:839} INFO - DAG(s) dict_keys(['example_xcom_args', 'example_xcom_args_with_operators']) retrieved from /home/airflow/.local/lib/python3.8/site-packages/airflow/example_dags/example_xcomargs.py
[2023-09-09T13:59:17.331+0000] {logging_mixin.py:151} INFO - [2023-09-09T13:59:17.330+0000] {dag.py:2907} INFO - Sync 2 DAGs
[2023-09-09T13:59:17.339+0000] {logging_mixin.py:151} INFO - [2023-09-09T13:59:17.339+0000] {dag.py:3677} INFO - Setting next_dagrun for example_xcom_args to None, run_after=None
[2023-09-09T13:59:17.342+0000] {logging_mixin.py:151} INFO - [2023-09-09T13:59:17.342+0000] {dag.py:3677} INFO - Setting next_dagrun for example_xcom_args_with_operators to None, run_after=None
[2023-09-09T13:59:17.353+0000] {processor.py:179} INFO - Processing /home/airflow/.local/lib/python3.8/site-packages/airflow/example_dags/example_xcomargs.py took 0.047 seconds
[2023-09-09T13:59:48.193+0000] {processor.py:157} INFO - Started process (PID=500) to work on /home/airflow/.local/lib/python3.8/site-packages/airflow/example_dags/example_xcomargs.py
[2023-09-09T13:59:48.194+0000] {processor.py:829} INFO - Processing file /home/airflow/.local/lib/python3.8/site-packages/airflow/example_dags/example_xcomargs.py for tasks to queue
[2023-09-09T13:59:48.196+0000] {logging_mixin.py:151} INFO - [2023-09-09T13:59:48.195+0000] {dagbag.py:539} INFO - Filling up the DagBag from /home/airflow/.local/lib/python3.8/site-packages/airflow/example_dags/example_xcomargs.py
[2023-09-09T13:59:48.200+0000] {processor.py:839} INFO - DAG(s) dict_keys(['example_xcom_args', 'example_xcom_args_with_operators']) retrieved from /home/airflow/.local/lib/python3.8/site-packages/airflow/example_dags/example_xcomargs.py
[2023-09-09T13:59:48.215+0000] {logging_mixin.py:151} INFO - [2023-09-09T13:59:48.215+0000] {dag.py:2907} INFO - Sync 2 DAGs
[2023-09-09T13:59:48.224+0000] {logging_mixin.py:151} INFO - [2023-09-09T13:59:48.224+0000] {dag.py:3677} INFO - Setting next_dagrun for example_xcom_args to None, run_after=None
[2023-09-09T13:59:48.226+0000] {logging_mixin.py:151} INFO - [2023-09-09T13:59:48.226+0000] {dag.py:3677} INFO - Setting next_dagrun for example_xcom_args_with_operators to None, run_after=None
[2023-09-09T13:59:48.236+0000] {processor.py:179} INFO - Processing /home/airflow/.local/lib/python3.8/site-packages/airflow/example_dags/example_xcomargs.py took 0.045 seconds
[2023-09-09T14:00:18.282+0000] {processor.py:157} INFO - Started process (PID=554) to work on /home/airflow/.local/lib/python3.8/site-packages/airflow/example_dags/example_xcomargs.py
[2023-09-09T14:00:18.282+0000] {processor.py:829} INFO - Processing file /home/airflow/.local/lib/python3.8/site-packages/airflow/example_dags/example_xcomargs.py for tasks to queue
[2023-09-09T14:00:18.284+0000] {logging_mixin.py:151} INFO - [2023-09-09T14:00:18.284+0000] {dagbag.py:539} INFO - Filling up the DagBag from /home/airflow/.local/lib/python3.8/site-packages/airflow/example_dags/example_xcomargs.py
[2023-09-09T14:00:18.289+0000] {processor.py:839} INFO - DAG(s) dict_keys(['example_xcom_args_with_operators', 'example_xcom_args']) retrieved from /home/airflow/.local/lib/python3.8/site-packages/airflow/example_dags/example_xcomargs.py
[2023-09-09T14:00:18.303+0000] {logging_mixin.py:151} INFO - [2023-09-09T14:00:18.303+0000] {dag.py:2907} INFO - Sync 2 DAGs
[2023-09-09T14:00:18.311+0000] {logging_mixin.py:151} INFO - [2023-09-09T14:00:18.311+0000] {dag.py:3677} INFO - Setting next_dagrun for example_xcom_args to None, run_after=None
[2023-09-09T14:00:18.313+0000] {logging_mixin.py:151} INFO - [2023-09-09T14:00:18.313+0000] {dag.py:3677} INFO - Setting next_dagrun for example_xcom_args_with_operators to None, run_after=None
[2023-09-09T14:00:18.323+0000] {processor.py:179} INFO - Processing /home/airflow/.local/lib/python3.8/site-packages/airflow/example_dags/example_xcomargs.py took 0.043 seconds
[2023-09-09T14:00:48.476+0000] {processor.py:157} INFO - Started process (PID=609) to work on /home/airflow/.local/lib/python3.8/site-packages/airflow/example_dags/example_xcomargs.py
[2023-09-09T14:00:48.477+0000] {processor.py:829} INFO - Processing file /home/airflow/.local/lib/python3.8/site-packages/airflow/example_dags/example_xcomargs.py for tasks to queue
[2023-09-09T14:00:48.478+0000] {logging_mixin.py:151} INFO - [2023-09-09T14:00:48.478+0000] {dagbag.py:539} INFO - Filling up the DagBag from /home/airflow/.local/lib/python3.8/site-packages/airflow/example_dags/example_xcomargs.py
[2023-09-09T14:00:48.484+0000] {processor.py:839} INFO - DAG(s) dict_keys(['example_xcom_args_with_operators', 'example_xcom_args']) retrieved from /home/airflow/.local/lib/python3.8/site-packages/airflow/example_dags/example_xcomargs.py
[2023-09-09T14:00:48.497+0000] {logging_mixin.py:151} INFO - [2023-09-09T14:00:48.497+0000] {dag.py:2907} INFO - Sync 2 DAGs
[2023-09-09T14:00:48.505+0000] {logging_mixin.py:151} INFO - [2023-09-09T14:00:48.505+0000] {dag.py:3677} INFO - Setting next_dagrun for example_xcom_args to None, run_after=None
[2023-09-09T14:00:48.507+0000] {logging_mixin.py:151} INFO - [2023-09-09T14:00:48.507+0000] {dag.py:3677} INFO - Setting next_dagrun for example_xcom_args_with_operators to None, run_after=None
[2023-09-09T14:00:48.517+0000] {processor.py:179} INFO - Processing /home/airflow/.local/lib/python3.8/site-packages/airflow/example_dags/example_xcomargs.py took 0.043 seconds
[2023-09-09T14:01:18.692+0000] {processor.py:157} INFO - Started process (PID=664) to work on /home/airflow/.local/lib/python3.8/site-packages/airflow/example_dags/example_xcomargs.py
[2023-09-09T14:01:18.692+0000] {processor.py:829} INFO - Processing file /home/airflow/.local/lib/python3.8/site-packages/airflow/example_dags/example_xcomargs.py for tasks to queue
[2023-09-09T14:01:18.694+0000] {logging_mixin.py:151} INFO - [2023-09-09T14:01:18.694+0000] {dagbag.py:539} INFO - Filling up the DagBag from /home/airflow/.local/lib/python3.8/site-packages/airflow/example_dags/example_xcomargs.py
[2023-09-09T14:01:18.699+0000] {processor.py:839} INFO - DAG(s) dict_keys(['example_xcom_args_with_operators', 'example_xcom_args']) retrieved from /home/airflow/.local/lib/python3.8/site-packages/airflow/example_dags/example_xcomargs.py
[2023-09-09T14:01:18.714+0000] {logging_mixin.py:151} INFO - [2023-09-09T14:01:18.714+0000] {dag.py:2907} INFO - Sync 2 DAGs
[2023-09-09T14:01:18.723+0000] {logging_mixin.py:151} INFO - [2023-09-09T14:01:18.723+0000] {dag.py:3677} INFO - Setting next_dagrun for example_xcom_args to None, run_after=None
[2023-09-09T14:01:18.725+0000] {logging_mixin.py:151} INFO - [2023-09-09T14:01:18.725+0000] {dag.py:3677} INFO - Setting next_dagrun for example_xcom_args_with_operators to None, run_after=None
[2023-09-09T14:01:18.737+0000] {processor.py:179} INFO - Processing /home/airflow/.local/lib/python3.8/site-packages/airflow/example_dags/example_xcomargs.py took 0.047 seconds
[2023-09-09T14:01:48.900+0000] {processor.py:157} INFO - Started process (PID=719) to work on /home/airflow/.local/lib/python3.8/site-packages/airflow/example_dags/example_xcomargs.py
[2023-09-09T14:01:48.900+0000] {processor.py:829} INFO - Processing file /home/airflow/.local/lib/python3.8/site-packages/airflow/example_dags/example_xcomargs.py for tasks to queue
[2023-09-09T14:01:48.902+0000] {logging_mixin.py:151} INFO - [2023-09-09T14:01:48.901+0000] {dagbag.py:539} INFO - Filling up the DagBag from /home/airflow/.local/lib/python3.8/site-packages/airflow/example_dags/example_xcomargs.py
[2023-09-09T14:01:48.907+0000] {processor.py:839} INFO - DAG(s) dict_keys(['example_xcom_args', 'example_xcom_args_with_operators']) retrieved from /home/airflow/.local/lib/python3.8/site-packages/airflow/example_dags/example_xcomargs.py
[2023-09-09T14:01:48.921+0000] {logging_mixin.py:151} INFO - [2023-09-09T14:01:48.921+0000] {dag.py:2907} INFO - Sync 2 DAGs
[2023-09-09T14:01:48.929+0000] {logging_mixin.py:151} INFO - [2023-09-09T14:01:48.929+0000] {dag.py:3677} INFO - Setting next_dagrun for example_xcom_args to None, run_after=None
[2023-09-09T14:01:48.931+0000] {logging_mixin.py:151} INFO - [2023-09-09T14:01:48.931+0000] {dag.py:3677} INFO - Setting next_dagrun for example_xcom_args_with_operators to None, run_after=None
[2023-09-09T14:01:48.941+0000] {processor.py:179} INFO - Processing /home/airflow/.local/lib/python3.8/site-packages/airflow/example_dags/example_xcomargs.py took 0.044 seconds
[2023-09-09T14:02:20.044+0000] {processor.py:157} INFO - Started process (PID=775) to work on /home/airflow/.local/lib/python3.8/site-packages/airflow/example_dags/example_xcomargs.py
[2023-09-09T14:02:20.045+0000] {processor.py:829} INFO - Processing file /home/airflow/.local/lib/python3.8/site-packages/airflow/example_dags/example_xcomargs.py for tasks to queue
[2023-09-09T14:02:20.046+0000] {logging_mixin.py:151} INFO - [2023-09-09T14:02:20.046+0000] {dagbag.py:539} INFO - Filling up the DagBag from /home/airflow/.local/lib/python3.8/site-packages/airflow/example_dags/example_xcomargs.py
[2023-09-09T14:02:20.051+0000] {processor.py:839} INFO - DAG(s) dict_keys(['example_xcom_args', 'example_xcom_args_with_operators']) retrieved from /home/airflow/.local/lib/python3.8/site-packages/airflow/example_dags/example_xcomargs.py
[2023-09-09T14:02:20.066+0000] {logging_mixin.py:151} INFO - [2023-09-09T14:02:20.066+0000] {dag.py:2907} INFO - Sync 2 DAGs
[2023-09-09T14:02:20.074+0000] {logging_mixin.py:151} INFO - [2023-09-09T14:02:20.074+0000] {dag.py:3677} INFO - Setting next_dagrun for example_xcom_args to None, run_after=None
[2023-09-09T14:02:20.076+0000] {logging_mixin.py:151} INFO - [2023-09-09T14:02:20.076+0000] {dag.py:3677} INFO - Setting next_dagrun for example_xcom_args_with_operators to None, run_after=None
[2023-09-09T14:02:20.086+0000] {processor.py:179} INFO - Processing /home/airflow/.local/lib/python3.8/site-packages/airflow/example_dags/example_xcomargs.py took 0.044 seconds
[2023-09-09T14:02:51.240+0000] {processor.py:157} INFO - Started process (PID=830) to work on /home/airflow/.local/lib/python3.8/site-packages/airflow/example_dags/example_xcomargs.py
[2023-09-09T14:02:51.241+0000] {processor.py:829} INFO - Processing file /home/airflow/.local/lib/python3.8/site-packages/airflow/example_dags/example_xcomargs.py for tasks to queue
[2023-09-09T14:02:51.243+0000] {logging_mixin.py:151} INFO - [2023-09-09T14:02:51.242+0000] {dagbag.py:539} INFO - Filling up the DagBag from /home/airflow/.local/lib/python3.8/site-packages/airflow/example_dags/example_xcomargs.py
[2023-09-09T14:02:51.248+0000] {processor.py:839} INFO - DAG(s) dict_keys(['example_xcom_args_with_operators', 'example_xcom_args']) retrieved from /home/airflow/.local/lib/python3.8/site-packages/airflow/example_dags/example_xcomargs.py
[2023-09-09T14:02:51.262+0000] {logging_mixin.py:151} INFO - [2023-09-09T14:02:51.262+0000] {dag.py:2907} INFO - Sync 2 DAGs
[2023-09-09T14:02:51.270+0000] {logging_mixin.py:151} INFO - [2023-09-09T14:02:51.270+0000] {dag.py:3677} INFO - Setting next_dagrun for example_xcom_args to None, run_after=None
[2023-09-09T14:02:51.272+0000] {logging_mixin.py:151} INFO - [2023-09-09T14:02:51.272+0000] {dag.py:3677} INFO - Setting next_dagrun for example_xcom_args_with_operators to None, run_after=None
[2023-09-09T14:02:51.282+0000] {processor.py:179} INFO - Processing /home/airflow/.local/lib/python3.8/site-packages/airflow/example_dags/example_xcomargs.py took 0.044 seconds
[2023-09-09T14:03:22.459+0000] {processor.py:157} INFO - Started process (PID=886) to work on /home/airflow/.local/lib/python3.8/site-packages/airflow/example_dags/example_xcomargs.py
[2023-09-09T14:03:22.459+0000] {processor.py:829} INFO - Processing file /home/airflow/.local/lib/python3.8/site-packages/airflow/example_dags/example_xcomargs.py for tasks to queue
[2023-09-09T14:03:22.461+0000] {logging_mixin.py:151} INFO - [2023-09-09T14:03:22.461+0000] {dagbag.py:539} INFO - Filling up the DagBag from /home/airflow/.local/lib/python3.8/site-packages/airflow/example_dags/example_xcomargs.py
[2023-09-09T14:03:22.466+0000] {processor.py:839} INFO - DAG(s) dict_keys(['example_xcom_args', 'example_xcom_args_with_operators']) retrieved from /home/airflow/.local/lib/python3.8/site-packages/airflow/example_dags/example_xcomargs.py
[2023-09-09T14:03:22.480+0000] {logging_mixin.py:151} INFO - [2023-09-09T14:03:22.480+0000] {dag.py:2907} INFO - Sync 2 DAGs
[2023-09-09T14:03:22.489+0000] {logging_mixin.py:151} INFO - [2023-09-09T14:03:22.489+0000] {dag.py:3677} INFO - Setting next_dagrun for example_xcom_args to None, run_after=None
[2023-09-09T14:03:22.492+0000] {logging_mixin.py:151} INFO - [2023-09-09T14:03:22.492+0000] {dag.py:3677} INFO - Setting next_dagrun for example_xcom_args_with_operators to None, run_after=None
[2023-09-09T14:03:22.502+0000] {processor.py:179} INFO - Processing /home/airflow/.local/lib/python3.8/site-packages/airflow/example_dags/example_xcomargs.py took 0.045 seconds
[2023-09-09T14:03:52.752+0000] {processor.py:157} INFO - Started process (PID=941) to work on /home/airflow/.local/lib/python3.8/site-packages/airflow/example_dags/example_xcomargs.py
[2023-09-09T14:03:52.753+0000] {processor.py:829} INFO - Processing file /home/airflow/.local/lib/python3.8/site-packages/airflow/example_dags/example_xcomargs.py for tasks to queue
[2023-09-09T14:03:52.754+0000] {logging_mixin.py:151} INFO - [2023-09-09T14:03:52.754+0000] {dagbag.py:539} INFO - Filling up the DagBag from /home/airflow/.local/lib/python3.8/site-packages/airflow/example_dags/example_xcomargs.py
[2023-09-09T14:03:52.759+0000] {processor.py:839} INFO - DAG(s) dict_keys(['example_xcom_args', 'example_xcom_args_with_operators']) retrieved from /home/airflow/.local/lib/python3.8/site-packages/airflow/example_dags/example_xcomargs.py
[2023-09-09T14:03:52.778+0000] {logging_mixin.py:151} INFO - [2023-09-09T14:03:52.777+0000] {dag.py:2907} INFO - Sync 2 DAGs
[2023-09-09T14:03:52.787+0000] {logging_mixin.py:151} INFO - [2023-09-09T14:03:52.787+0000] {dag.py:3677} INFO - Setting next_dagrun for example_xcom_args to None, run_after=None
[2023-09-09T14:03:52.790+0000] {logging_mixin.py:151} INFO - [2023-09-09T14:03:52.790+0000] {dag.py:3677} INFO - Setting next_dagrun for example_xcom_args_with_operators to None, run_after=None
[2023-09-09T14:03:52.802+0000] {processor.py:179} INFO - Processing /home/airflow/.local/lib/python3.8/site-packages/airflow/example_dags/example_xcomargs.py took 0.051 seconds
[2023-09-09T14:04:23.835+0000] {processor.py:157} INFO - Started process (PID=996) to work on /home/airflow/.local/lib/python3.8/site-packages/airflow/example_dags/example_xcomargs.py
[2023-09-09T14:04:23.835+0000] {processor.py:829} INFO - Processing file /home/airflow/.local/lib/python3.8/site-packages/airflow/example_dags/example_xcomargs.py for tasks to queue
[2023-09-09T14:04:23.837+0000] {logging_mixin.py:151} INFO - [2023-09-09T14:04:23.837+0000] {dagbag.py:539} INFO - Filling up the DagBag from /home/airflow/.local/lib/python3.8/site-packages/airflow/example_dags/example_xcomargs.py
[2023-09-09T14:04:23.843+0000] {processor.py:839} INFO - DAG(s) dict_keys(['example_xcom_args', 'example_xcom_args_with_operators']) retrieved from /home/airflow/.local/lib/python3.8/site-packages/airflow/example_dags/example_xcomargs.py
[2023-09-09T14:04:23.860+0000] {logging_mixin.py:151} INFO - [2023-09-09T14:04:23.859+0000] {dag.py:2907} INFO - Sync 2 DAGs
[2023-09-09T14:04:23.867+0000] {logging_mixin.py:151} INFO - [2023-09-09T14:04:23.867+0000] {dag.py:3677} INFO - Setting next_dagrun for example_xcom_args to None, run_after=None
[2023-09-09T14:04:23.870+0000] {logging_mixin.py:151} INFO - [2023-09-09T14:04:23.870+0000] {dag.py:3677} INFO - Setting next_dagrun for example_xcom_args_with_operators to None, run_after=None
[2023-09-09T14:04:23.880+0000] {processor.py:179} INFO - Processing /home/airflow/.local/lib/python3.8/site-packages/airflow/example_dags/example_xcomargs.py took 0.047 seconds
[2023-09-09T14:04:54.952+0000] {processor.py:157} INFO - Started process (PID=1051) to work on /home/airflow/.local/lib/python3.8/site-packages/airflow/example_dags/example_xcomargs.py
[2023-09-09T14:04:54.953+0000] {processor.py:829} INFO - Processing file /home/airflow/.local/lib/python3.8/site-packages/airflow/example_dags/example_xcomargs.py for tasks to queue
[2023-09-09T14:04:54.955+0000] {logging_mixin.py:151} INFO - [2023-09-09T14:04:54.955+0000] {dagbag.py:539} INFO - Filling up the DagBag from /home/airflow/.local/lib/python3.8/site-packages/airflow/example_dags/example_xcomargs.py
[2023-09-09T14:04:54.960+0000] {processor.py:839} INFO - DAG(s) dict_keys(['example_xcom_args', 'example_xcom_args_with_operators']) retrieved from /home/airflow/.local/lib/python3.8/site-packages/airflow/example_dags/example_xcomargs.py
[2023-09-09T14:04:54.975+0000] {logging_mixin.py:151} INFO - [2023-09-09T14:04:54.975+0000] {dag.py:2907} INFO - Sync 2 DAGs
[2023-09-09T14:04:54.984+0000] {logging_mixin.py:151} INFO - [2023-09-09T14:04:54.984+0000] {dag.py:3677} INFO - Setting next_dagrun for example_xcom_args to None, run_after=None
[2023-09-09T14:04:54.987+0000] {logging_mixin.py:151} INFO - [2023-09-09T14:04:54.987+0000] {dag.py:3677} INFO - Setting next_dagrun for example_xcom_args_with_operators to None, run_after=None
[2023-09-09T14:04:54.998+0000] {processor.py:179} INFO - Processing /home/airflow/.local/lib/python3.8/site-packages/airflow/example_dags/example_xcomargs.py took 0.048 seconds
[2023-09-09T14:05:26.127+0000] {processor.py:157} INFO - Started process (PID=1106) to work on /home/airflow/.local/lib/python3.8/site-packages/airflow/example_dags/example_xcomargs.py
[2023-09-09T14:05:26.128+0000] {processor.py:829} INFO - Processing file /home/airflow/.local/lib/python3.8/site-packages/airflow/example_dags/example_xcomargs.py for tasks to queue
[2023-09-09T14:05:26.130+0000] {logging_mixin.py:151} INFO - [2023-09-09T14:05:26.129+0000] {dagbag.py:539} INFO - Filling up the DagBag from /home/airflow/.local/lib/python3.8/site-packages/airflow/example_dags/example_xcomargs.py
[2023-09-09T14:05:26.134+0000] {processor.py:839} INFO - DAG(s) dict_keys(['example_xcom_args_with_operators', 'example_xcom_args']) retrieved from /home/airflow/.local/lib/python3.8/site-packages/airflow/example_dags/example_xcomargs.py
[2023-09-09T14:05:26.155+0000] {logging_mixin.py:151} INFO - [2023-09-09T14:05:26.155+0000] {dag.py:2907} INFO - Sync 2 DAGs
[2023-09-09T14:05:26.163+0000] {logging_mixin.py:151} INFO - [2023-09-09T14:05:26.163+0000] {dag.py:3677} INFO - Setting next_dagrun for example_xcom_args to None, run_after=None
[2023-09-09T14:05:26.166+0000] {logging_mixin.py:151} INFO - [2023-09-09T14:05:26.166+0000] {dag.py:3677} INFO - Setting next_dagrun for example_xcom_args_with_operators to None, run_after=None
[2023-09-09T14:05:26.177+0000] {processor.py:179} INFO - Processing /home/airflow/.local/lib/python3.8/site-packages/airflow/example_dags/example_xcomargs.py took 0.051 seconds
[2023-09-09T14:05:57.253+0000] {processor.py:157} INFO - Started process (PID=1161) to work on /home/airflow/.local/lib/python3.8/site-packages/airflow/example_dags/example_xcomargs.py
[2023-09-09T14:05:57.254+0000] {processor.py:829} INFO - Processing file /home/airflow/.local/lib/python3.8/site-packages/airflow/example_dags/example_xcomargs.py for tasks to queue
[2023-09-09T14:05:57.256+0000] {logging_mixin.py:151} INFO - [2023-09-09T14:05:57.256+0000] {dagbag.py:539} INFO - Filling up the DagBag from /home/airflow/.local/lib/python3.8/site-packages/airflow/example_dags/example_xcomargs.py
[2023-09-09T14:05:57.261+0000] {processor.py:839} INFO - DAG(s) dict_keys(['example_xcom_args', 'example_xcom_args_with_operators']) retrieved from /home/airflow/.local/lib/python3.8/site-packages/airflow/example_dags/example_xcomargs.py
[2023-09-09T14:05:57.276+0000] {logging_mixin.py:151} INFO - [2023-09-09T14:05:57.276+0000] {dag.py:2907} INFO - Sync 2 DAGs
[2023-09-09T14:05:57.284+0000] {logging_mixin.py:151} INFO - [2023-09-09T14:05:57.284+0000] {dag.py:3677} INFO - Setting next_dagrun for example_xcom_args to None, run_after=None
[2023-09-09T14:05:57.286+0000] {logging_mixin.py:151} INFO - [2023-09-09T14:05:57.286+0000] {dag.py:3677} INFO - Setting next_dagrun for example_xcom_args_with_operators to None, run_after=None
[2023-09-09T14:05:57.296+0000] {processor.py:179} INFO - Processing /home/airflow/.local/lib/python3.8/site-packages/airflow/example_dags/example_xcomargs.py took 0.045 seconds
[2023-09-09T14:06:27.554+0000] {processor.py:157} INFO - Started process (PID=1216) to work on /home/airflow/.local/lib/python3.8/site-packages/airflow/example_dags/example_xcomargs.py
[2023-09-09T14:06:27.555+0000] {processor.py:829} INFO - Processing file /home/airflow/.local/lib/python3.8/site-packages/airflow/example_dags/example_xcomargs.py for tasks to queue
[2023-09-09T14:06:27.556+0000] {logging_mixin.py:151} INFO - [2023-09-09T14:06:27.556+0000] {dagbag.py:539} INFO - Filling up the DagBag from /home/airflow/.local/lib/python3.8/site-packages/airflow/example_dags/example_xcomargs.py
[2023-09-09T14:06:27.561+0000] {processor.py:839} INFO - DAG(s) dict_keys(['example_xcom_args', 'example_xcom_args_with_operators']) retrieved from /home/airflow/.local/lib/python3.8/site-packages/airflow/example_dags/example_xcomargs.py
[2023-09-09T14:06:27.576+0000] {logging_mixin.py:151} INFO - [2023-09-09T14:06:27.576+0000] {dag.py:2907} INFO - Sync 2 DAGs
[2023-09-09T14:06:27.584+0000] {logging_mixin.py:151} INFO - [2023-09-09T14:06:27.583+0000] {dag.py:3677} INFO - Setting next_dagrun for example_xcom_args to None, run_after=None
[2023-09-09T14:06:27.586+0000] {logging_mixin.py:151} INFO - [2023-09-09T14:06:27.586+0000] {dag.py:3677} INFO - Setting next_dagrun for example_xcom_args_with_operators to None, run_after=None
[2023-09-09T14:06:27.596+0000] {processor.py:179} INFO - Processing /home/airflow/.local/lib/python3.8/site-packages/airflow/example_dags/example_xcomargs.py took 0.044 seconds
[2023-09-09T14:06:58.593+0000] {processor.py:157} INFO - Started process (PID=1271) to work on /home/airflow/.local/lib/python3.8/site-packages/airflow/example_dags/example_xcomargs.py
[2023-09-09T14:06:58.594+0000] {processor.py:829} INFO - Processing file /home/airflow/.local/lib/python3.8/site-packages/airflow/example_dags/example_xcomargs.py for tasks to queue
[2023-09-09T14:06:58.596+0000] {logging_mixin.py:151} INFO - [2023-09-09T14:06:58.595+0000] {dagbag.py:539} INFO - Filling up the DagBag from /home/airflow/.local/lib/python3.8/site-packages/airflow/example_dags/example_xcomargs.py
[2023-09-09T14:06:58.601+0000] {processor.py:839} INFO - DAG(s) dict_keys(['example_xcom_args', 'example_xcom_args_with_operators']) retrieved from /home/airflow/.local/lib/python3.8/site-packages/airflow/example_dags/example_xcomargs.py
[2023-09-09T14:06:58.619+0000] {logging_mixin.py:151} INFO - [2023-09-09T14:06:58.618+0000] {dag.py:2907} INFO - Sync 2 DAGs
[2023-09-09T14:06:58.627+0000] {logging_mixin.py:151} INFO - [2023-09-09T14:06:58.627+0000] {dag.py:3677} INFO - Setting next_dagrun for example_xcom_args to None, run_after=None
[2023-09-09T14:06:58.629+0000] {logging_mixin.py:151} INFO - [2023-09-09T14:06:58.629+0000] {dag.py:3677} INFO - Setting next_dagrun for example_xcom_args_with_operators to None, run_after=None
[2023-09-09T14:06:58.641+0000] {processor.py:179} INFO - Processing /home/airflow/.local/lib/python3.8/site-packages/airflow/example_dags/example_xcomargs.py took 0.049 seconds
[2023-09-09T14:07:29.675+0000] {processor.py:157} INFO - Started process (PID=1326) to work on /home/airflow/.local/lib/python3.8/site-packages/airflow/example_dags/example_xcomargs.py
[2023-09-09T14:07:29.676+0000] {processor.py:829} INFO - Processing file /home/airflow/.local/lib/python3.8/site-packages/airflow/example_dags/example_xcomargs.py for tasks to queue
[2023-09-09T14:07:29.678+0000] {logging_mixin.py:151} INFO - [2023-09-09T14:07:29.677+0000] {dagbag.py:539} INFO - Filling up the DagBag from /home/airflow/.local/lib/python3.8/site-packages/airflow/example_dags/example_xcomargs.py
[2023-09-09T14:07:29.685+0000] {processor.py:839} INFO - DAG(s) dict_keys(['example_xcom_args', 'example_xcom_args_with_operators']) retrieved from /home/airflow/.local/lib/python3.8/site-packages/airflow/example_dags/example_xcomargs.py
[2023-09-09T14:07:29.701+0000] {logging_mixin.py:151} INFO - [2023-09-09T14:07:29.701+0000] {dag.py:2907} INFO - Sync 2 DAGs
[2023-09-09T14:07:29.709+0000] {logging_mixin.py:151} INFO - [2023-09-09T14:07:29.709+0000] {dag.py:3677} INFO - Setting next_dagrun for example_xcom_args to None, run_after=None
[2023-09-09T14:07:29.711+0000] {logging_mixin.py:151} INFO - [2023-09-09T14:07:29.711+0000] {dag.py:3677} INFO - Setting next_dagrun for example_xcom_args_with_operators to None, run_after=None
[2023-09-09T14:07:29.723+0000] {processor.py:179} INFO - Processing /home/airflow/.local/lib/python3.8/site-packages/airflow/example_dags/example_xcomargs.py took 0.049 seconds
[2023-09-09T14:08:00.825+0000] {processor.py:157} INFO - Started process (PID=1381) to work on /home/airflow/.local/lib/python3.8/site-packages/airflow/example_dags/example_xcomargs.py
[2023-09-09T14:08:00.826+0000] {processor.py:829} INFO - Processing file /home/airflow/.local/lib/python3.8/site-packages/airflow/example_dags/example_xcomargs.py for tasks to queue
[2023-09-09T14:08:00.827+0000] {logging_mixin.py:151} INFO - [2023-09-09T14:08:00.827+0000] {dagbag.py:539} INFO - Filling up the DagBag from /home/airflow/.local/lib/python3.8/site-packages/airflow/example_dags/example_xcomargs.py
[2023-09-09T14:08:00.833+0000] {processor.py:839} INFO - DAG(s) dict_keys(['example_xcom_args', 'example_xcom_args_with_operators']) retrieved from /home/airflow/.local/lib/python3.8/site-packages/airflow/example_dags/example_xcomargs.py
[2023-09-09T14:08:00.848+0000] {logging_mixin.py:151} INFO - [2023-09-09T14:08:00.848+0000] {dag.py:2907} INFO - Sync 2 DAGs
[2023-09-09T14:08:00.858+0000] {logging_mixin.py:151} INFO - [2023-09-09T14:08:00.857+0000] {dag.py:3677} INFO - Setting next_dagrun for example_xcom_args to None, run_after=None
[2023-09-09T14:08:00.860+0000] {logging_mixin.py:151} INFO - [2023-09-09T14:08:00.860+0000] {dag.py:3677} INFO - Setting next_dagrun for example_xcom_args_with_operators to None, run_after=None
[2023-09-09T14:08:00.871+0000] {processor.py:179} INFO - Processing /home/airflow/.local/lib/python3.8/site-packages/airflow/example_dags/example_xcomargs.py took 0.048 seconds
[2023-09-09T14:08:31.914+0000] {processor.py:157} INFO - Started process (PID=1436) to work on /home/airflow/.local/lib/python3.8/site-packages/airflow/example_dags/example_xcomargs.py
[2023-09-09T14:08:31.914+0000] {processor.py:829} INFO - Processing file /home/airflow/.local/lib/python3.8/site-packages/airflow/example_dags/example_xcomargs.py for tasks to queue
[2023-09-09T14:08:31.916+0000] {logging_mixin.py:151} INFO - [2023-09-09T14:08:31.916+0000] {dagbag.py:539} INFO - Filling up the DagBag from /home/airflow/.local/lib/python3.8/site-packages/airflow/example_dags/example_xcomargs.py
[2023-09-09T14:08:31.921+0000] {processor.py:839} INFO - DAG(s) dict_keys(['example_xcom_args', 'example_xcom_args_with_operators']) retrieved from /home/airflow/.local/lib/python3.8/site-packages/airflow/example_dags/example_xcomargs.py
[2023-09-09T14:08:31.935+0000] {logging_mixin.py:151} INFO - [2023-09-09T14:08:31.935+0000] {dag.py:2907} INFO - Sync 2 DAGs
[2023-09-09T14:08:31.943+0000] {logging_mixin.py:151} INFO - [2023-09-09T14:08:31.943+0000] {dag.py:3677} INFO - Setting next_dagrun for example_xcom_args to None, run_after=None
[2023-09-09T14:08:31.945+0000] {logging_mixin.py:151} INFO - [2023-09-09T14:08:31.945+0000] {dag.py:3677} INFO - Setting next_dagrun for example_xcom_args_with_operators to None, run_after=None
[2023-09-09T14:08:31.955+0000] {processor.py:179} INFO - Processing /home/airflow/.local/lib/python3.8/site-packages/airflow/example_dags/example_xcomargs.py took 0.043 seconds
[2023-09-09T14:09:02.705+0000] {processor.py:157} INFO - Started process (PID=1491) to work on /home/airflow/.local/lib/python3.8/site-packages/airflow/example_dags/example_xcomargs.py
[2023-09-09T14:09:02.705+0000] {processor.py:829} INFO - Processing file /home/airflow/.local/lib/python3.8/site-packages/airflow/example_dags/example_xcomargs.py for tasks to queue
[2023-09-09T14:09:02.706+0000] {logging_mixin.py:151} INFO - [2023-09-09T14:09:02.706+0000] {dagbag.py:539} INFO - Filling up the DagBag from /home/airflow/.local/lib/python3.8/site-packages/airflow/example_dags/example_xcomargs.py
[2023-09-09T14:09:02.711+0000] {processor.py:839} INFO - DAG(s) dict_keys(['example_xcom_args_with_operators', 'example_xcom_args']) retrieved from /home/airflow/.local/lib/python3.8/site-packages/airflow/example_dags/example_xcomargs.py
[2023-09-09T14:09:02.726+0000] {logging_mixin.py:151} INFO - [2023-09-09T14:09:02.726+0000] {dag.py:2907} INFO - Sync 2 DAGs
[2023-09-09T14:09:02.733+0000] {logging_mixin.py:151} INFO - [2023-09-09T14:09:02.733+0000] {dag.py:3677} INFO - Setting next_dagrun for example_xcom_args to None, run_after=None
[2023-09-09T14:09:02.735+0000] {logging_mixin.py:151} INFO - [2023-09-09T14:09:02.735+0000] {dag.py:3677} INFO - Setting next_dagrun for example_xcom_args_with_operators to None, run_after=None
[2023-09-09T14:09:02.745+0000] {processor.py:179} INFO - Processing /home/airflow/.local/lib/python3.8/site-packages/airflow/example_dags/example_xcomargs.py took 0.043 seconds
[2023-09-09T14:09:32.979+0000] {processor.py:157} INFO - Started process (PID=1548) to work on /home/airflow/.local/lib/python3.8/site-packages/airflow/example_dags/example_xcomargs.py
[2023-09-09T14:09:32.979+0000] {processor.py:829} INFO - Processing file /home/airflow/.local/lib/python3.8/site-packages/airflow/example_dags/example_xcomargs.py for tasks to queue
[2023-09-09T14:09:32.981+0000] {logging_mixin.py:151} INFO - [2023-09-09T14:09:32.981+0000] {dagbag.py:539} INFO - Filling up the DagBag from /home/airflow/.local/lib/python3.8/site-packages/airflow/example_dags/example_xcomargs.py
[2023-09-09T14:09:32.986+0000] {processor.py:839} INFO - DAG(s) dict_keys(['example_xcom_args_with_operators', 'example_xcom_args']) retrieved from /home/airflow/.local/lib/python3.8/site-packages/airflow/example_dags/example_xcomargs.py
[2023-09-09T14:09:33.000+0000] {logging_mixin.py:151} INFO - [2023-09-09T14:09:33.000+0000] {dag.py:2907} INFO - Sync 2 DAGs
[2023-09-09T14:09:33.008+0000] {logging_mixin.py:151} INFO - [2023-09-09T14:09:33.008+0000] {dag.py:3677} INFO - Setting next_dagrun for example_xcom_args to None, run_after=None
[2023-09-09T14:09:33.011+0000] {logging_mixin.py:151} INFO - [2023-09-09T14:09:33.010+0000] {dag.py:3677} INFO - Setting next_dagrun for example_xcom_args_with_operators to None, run_after=None
[2023-09-09T14:09:33.021+0000] {processor.py:179} INFO - Processing /home/airflow/.local/lib/python3.8/site-packages/airflow/example_dags/example_xcomargs.py took 0.044 seconds
[2023-09-09T14:10:04.113+0000] {processor.py:157} INFO - Started process (PID=1606) to work on /home/airflow/.local/lib/python3.8/site-packages/airflow/example_dags/example_xcomargs.py
[2023-09-09T14:10:04.114+0000] {processor.py:829} INFO - Processing file /home/airflow/.local/lib/python3.8/site-packages/airflow/example_dags/example_xcomargs.py for tasks to queue
[2023-09-09T14:10:04.115+0000] {logging_mixin.py:151} INFO - [2023-09-09T14:10:04.115+0000] {dagbag.py:539} INFO - Filling up the DagBag from /home/airflow/.local/lib/python3.8/site-packages/airflow/example_dags/example_xcomargs.py
[2023-09-09T14:10:04.120+0000] {processor.py:839} INFO - DAG(s) dict_keys(['example_xcom_args', 'example_xcom_args_with_operators']) retrieved from /home/airflow/.local/lib/python3.8/site-packages/airflow/example_dags/example_xcomargs.py
[2023-09-09T14:10:04.135+0000] {logging_mixin.py:151} INFO - [2023-09-09T14:10:04.135+0000] {dag.py:2907} INFO - Sync 2 DAGs
[2023-09-09T14:10:04.143+0000] {logging_mixin.py:151} INFO - [2023-09-09T14:10:04.143+0000] {dag.py:3677} INFO - Setting next_dagrun for example_xcom_args to None, run_after=None
[2023-09-09T14:10:04.145+0000] {logging_mixin.py:151} INFO - [2023-09-09T14:10:04.145+0000] {dag.py:3677} INFO - Setting next_dagrun for example_xcom_args_with_operators to None, run_after=None
[2023-09-09T14:10:04.155+0000] {processor.py:179} INFO - Processing /home/airflow/.local/lib/python3.8/site-packages/airflow/example_dags/example_xcomargs.py took 0.045 seconds
[2023-09-09T14:10:34.383+0000] {processor.py:157} INFO - Started process (PID=1667) to work on /home/airflow/.local/lib/python3.8/site-packages/airflow/example_dags/example_xcomargs.py
[2023-09-09T14:10:34.384+0000] {processor.py:829} INFO - Processing file /home/airflow/.local/lib/python3.8/site-packages/airflow/example_dags/example_xcomargs.py for tasks to queue
[2023-09-09T14:10:34.385+0000] {logging_mixin.py:151} INFO - [2023-09-09T14:10:34.385+0000] {dagbag.py:539} INFO - Filling up the DagBag from /home/airflow/.local/lib/python3.8/site-packages/airflow/example_dags/example_xcomargs.py
[2023-09-09T14:10:34.390+0000] {processor.py:839} INFO - DAG(s) dict_keys(['example_xcom_args_with_operators', 'example_xcom_args']) retrieved from /home/airflow/.local/lib/python3.8/site-packages/airflow/example_dags/example_xcomargs.py
[2023-09-09T14:10:34.404+0000] {logging_mixin.py:151} INFO - [2023-09-09T14:10:34.404+0000] {dag.py:2907} INFO - Sync 2 DAGs
[2023-09-09T14:10:34.412+0000] {logging_mixin.py:151} INFO - [2023-09-09T14:10:34.412+0000] {dag.py:3677} INFO - Setting next_dagrun for example_xcom_args to None, run_after=None
[2023-09-09T14:10:34.415+0000] {logging_mixin.py:151} INFO - [2023-09-09T14:10:34.415+0000] {dag.py:3677} INFO - Setting next_dagrun for example_xcom_args_with_operators to None, run_after=None
[2023-09-09T14:10:34.427+0000] {processor.py:179} INFO - Processing /home/airflow/.local/lib/python3.8/site-packages/airflow/example_dags/example_xcomargs.py took 0.046 seconds
[2023-09-09T14:11:04.631+0000] {processor.py:157} INFO - Started process (PID=1727) to work on /home/airflow/.local/lib/python3.8/site-packages/airflow/example_dags/example_xcomargs.py
[2023-09-09T14:11:04.632+0000] {processor.py:829} INFO - Processing file /home/airflow/.local/lib/python3.8/site-packages/airflow/example_dags/example_xcomargs.py for tasks to queue
[2023-09-09T14:11:04.634+0000] {logging_mixin.py:151} INFO - [2023-09-09T14:11:04.633+0000] {dagbag.py:539} INFO - Filling up the DagBag from /home/airflow/.local/lib/python3.8/site-packages/airflow/example_dags/example_xcomargs.py
[2023-09-09T14:11:04.639+0000] {processor.py:839} INFO - DAG(s) dict_keys(['example_xcom_args', 'example_xcom_args_with_operators']) retrieved from /home/airflow/.local/lib/python3.8/site-packages/airflow/example_dags/example_xcomargs.py
[2023-09-09T14:11:04.653+0000] {logging_mixin.py:151} INFO - [2023-09-09T14:11:04.653+0000] {dag.py:2907} INFO - Sync 2 DAGs
[2023-09-09T14:11:04.661+0000] {logging_mixin.py:151} INFO - [2023-09-09T14:11:04.661+0000] {dag.py:3677} INFO - Setting next_dagrun for example_xcom_args to None, run_after=None
[2023-09-09T14:11:04.663+0000] {logging_mixin.py:151} INFO - [2023-09-09T14:11:04.663+0000] {dag.py:3677} INFO - Setting next_dagrun for example_xcom_args_with_operators to None, run_after=None
[2023-09-09T14:11:04.673+0000] {processor.py:179} INFO - Processing /home/airflow/.local/lib/python3.8/site-packages/airflow/example_dags/example_xcomargs.py took 0.043 seconds
[2023-09-09T14:11:35.756+0000] {processor.py:157} INFO - Started process (PID=1789) to work on /home/airflow/.local/lib/python3.8/site-packages/airflow/example_dags/example_xcomargs.py
[2023-09-09T14:11:35.757+0000] {processor.py:829} INFO - Processing file /home/airflow/.local/lib/python3.8/site-packages/airflow/example_dags/example_xcomargs.py for tasks to queue
[2023-09-09T14:11:35.759+0000] {logging_mixin.py:151} INFO - [2023-09-09T14:11:35.759+0000] {dagbag.py:539} INFO - Filling up the DagBag from /home/airflow/.local/lib/python3.8/site-packages/airflow/example_dags/example_xcomargs.py
[2023-09-09T14:11:35.764+0000] {processor.py:839} INFO - DAG(s) dict_keys(['example_xcom_args_with_operators', 'example_xcom_args']) retrieved from /home/airflow/.local/lib/python3.8/site-packages/airflow/example_dags/example_xcomargs.py
[2023-09-09T14:11:35.779+0000] {logging_mixin.py:151} INFO - [2023-09-09T14:11:35.779+0000] {dag.py:2907} INFO - Sync 2 DAGs
[2023-09-09T14:11:35.787+0000] {logging_mixin.py:151} INFO - [2023-09-09T14:11:35.787+0000] {dag.py:3677} INFO - Setting next_dagrun for example_xcom_args to None, run_after=None
[2023-09-09T14:11:35.789+0000] {logging_mixin.py:151} INFO - [2023-09-09T14:11:35.789+0000] {dag.py:3677} INFO - Setting next_dagrun for example_xcom_args_with_operators to None, run_after=None
[2023-09-09T14:11:35.800+0000] {processor.py:179} INFO - Processing /home/airflow/.local/lib/python3.8/site-packages/airflow/example_dags/example_xcomargs.py took 0.046 seconds
[2023-09-09T14:12:05.994+0000] {processor.py:157} INFO - Started process (PID=1845) to work on /home/airflow/.local/lib/python3.8/site-packages/airflow/example_dags/example_xcomargs.py
[2023-09-09T14:12:05.995+0000] {processor.py:829} INFO - Processing file /home/airflow/.local/lib/python3.8/site-packages/airflow/example_dags/example_xcomargs.py for tasks to queue
[2023-09-09T14:12:05.996+0000] {logging_mixin.py:151} INFO - [2023-09-09T14:12:05.996+0000] {dagbag.py:539} INFO - Filling up the DagBag from /home/airflow/.local/lib/python3.8/site-packages/airflow/example_dags/example_xcomargs.py
[2023-09-09T14:12:06.003+0000] {processor.py:839} INFO - DAG(s) dict_keys(['example_xcom_args_with_operators', 'example_xcom_args']) retrieved from /home/airflow/.local/lib/python3.8/site-packages/airflow/example_dags/example_xcomargs.py
[2023-09-09T14:12:06.019+0000] {logging_mixin.py:151} INFO - [2023-09-09T14:12:06.018+0000] {dag.py:2907} INFO - Sync 2 DAGs
[2023-09-09T14:12:06.027+0000] {logging_mixin.py:151} INFO - [2023-09-09T14:12:06.027+0000] {dag.py:3677} INFO - Setting next_dagrun for example_xcom_args to None, run_after=None
[2023-09-09T14:12:06.029+0000] {logging_mixin.py:151} INFO - [2023-09-09T14:12:06.029+0000] {dag.py:3677} INFO - Setting next_dagrun for example_xcom_args_with_operators to None, run_after=None
[2023-09-09T14:12:06.040+0000] {processor.py:179} INFO - Processing /home/airflow/.local/lib/python3.8/site-packages/airflow/example_dags/example_xcomargs.py took 0.048 seconds
[2023-09-09T14:12:37.008+0000] {processor.py:157} INFO - Started process (PID=1900) to work on /home/airflow/.local/lib/python3.8/site-packages/airflow/example_dags/example_xcomargs.py
[2023-09-09T14:12:37.008+0000] {processor.py:829} INFO - Processing file /home/airflow/.local/lib/python3.8/site-packages/airflow/example_dags/example_xcomargs.py for tasks to queue
[2023-09-09T14:12:37.010+0000] {logging_mixin.py:151} INFO - [2023-09-09T14:12:37.010+0000] {dagbag.py:539} INFO - Filling up the DagBag from /home/airflow/.local/lib/python3.8/site-packages/airflow/example_dags/example_xcomargs.py
[2023-09-09T14:12:37.015+0000] {processor.py:839} INFO - DAG(s) dict_keys(['example_xcom_args', 'example_xcom_args_with_operators']) retrieved from /home/airflow/.local/lib/python3.8/site-packages/airflow/example_dags/example_xcomargs.py
[2023-09-09T14:12:37.029+0000] {logging_mixin.py:151} INFO - [2023-09-09T14:12:37.029+0000] {dag.py:2907} INFO - Sync 2 DAGs
[2023-09-09T14:12:37.037+0000] {logging_mixin.py:151} INFO - [2023-09-09T14:12:37.037+0000] {dag.py:3677} INFO - Setting next_dagrun for example_xcom_args to None, run_after=None
[2023-09-09T14:12:37.039+0000] {logging_mixin.py:151} INFO - [2023-09-09T14:12:37.039+0000] {dag.py:3677} INFO - Setting next_dagrun for example_xcom_args_with_operators to None, run_after=None
[2023-09-09T14:12:37.050+0000] {processor.py:179} INFO - Processing /home/airflow/.local/lib/python3.8/site-packages/airflow/example_dags/example_xcomargs.py took 0.044 seconds
[2023-09-09T14:13:07.336+0000] {processor.py:157} INFO - Started process (PID=1956) to work on /home/airflow/.local/lib/python3.8/site-packages/airflow/example_dags/example_xcomargs.py
[2023-09-09T14:13:07.337+0000] {processor.py:829} INFO - Processing file /home/airflow/.local/lib/python3.8/site-packages/airflow/example_dags/example_xcomargs.py for tasks to queue
[2023-09-09T14:13:07.339+0000] {logging_mixin.py:151} INFO - [2023-09-09T14:13:07.338+0000] {dagbag.py:539} INFO - Filling up the DagBag from /home/airflow/.local/lib/python3.8/site-packages/airflow/example_dags/example_xcomargs.py
[2023-09-09T14:13:07.344+0000] {processor.py:839} INFO - DAG(s) dict_keys(['example_xcom_args_with_operators', 'example_xcom_args']) retrieved from /home/airflow/.local/lib/python3.8/site-packages/airflow/example_dags/example_xcomargs.py
[2023-09-09T14:13:07.360+0000] {logging_mixin.py:151} INFO - [2023-09-09T14:13:07.360+0000] {dag.py:2907} INFO - Sync 2 DAGs
[2023-09-09T14:13:07.368+0000] {logging_mixin.py:151} INFO - [2023-09-09T14:13:07.368+0000] {dag.py:3677} INFO - Setting next_dagrun for example_xcom_args to None, run_after=None
[2023-09-09T14:13:07.370+0000] {logging_mixin.py:151} INFO - [2023-09-09T14:13:07.370+0000] {dag.py:3677} INFO - Setting next_dagrun for example_xcom_args_with_operators to None, run_after=None
[2023-09-09T14:13:07.381+0000] {processor.py:179} INFO - Processing /home/airflow/.local/lib/python3.8/site-packages/airflow/example_dags/example_xcomargs.py took 0.048 seconds
[2023-09-09T14:13:38.401+0000] {processor.py:157} INFO - Started process (PID=2011) to work on /home/airflow/.local/lib/python3.8/site-packages/airflow/example_dags/example_xcomargs.py
[2023-09-09T14:13:38.402+0000] {processor.py:829} INFO - Processing file /home/airflow/.local/lib/python3.8/site-packages/airflow/example_dags/example_xcomargs.py for tasks to queue
[2023-09-09T14:13:38.404+0000] {logging_mixin.py:151} INFO - [2023-09-09T14:13:38.404+0000] {dagbag.py:539} INFO - Filling up the DagBag from /home/airflow/.local/lib/python3.8/site-packages/airflow/example_dags/example_xcomargs.py
[2023-09-09T14:13:38.409+0000] {processor.py:839} INFO - DAG(s) dict_keys(['example_xcom_args', 'example_xcom_args_with_operators']) retrieved from /home/airflow/.local/lib/python3.8/site-packages/airflow/example_dags/example_xcomargs.py
[2023-09-09T14:13:38.423+0000] {logging_mixin.py:151} INFO - [2023-09-09T14:13:38.423+0000] {dag.py:2907} INFO - Sync 2 DAGs
[2023-09-09T14:13:38.431+0000] {logging_mixin.py:151} INFO - [2023-09-09T14:13:38.431+0000] {dag.py:3677} INFO - Setting next_dagrun for example_xcom_args to None, run_after=None
[2023-09-09T14:13:38.433+0000] {logging_mixin.py:151} INFO - [2023-09-09T14:13:38.433+0000] {dag.py:3677} INFO - Setting next_dagrun for example_xcom_args_with_operators to None, run_after=None
[2023-09-09T14:13:38.443+0000] {processor.py:179} INFO - Processing /home/airflow/.local/lib/python3.8/site-packages/airflow/example_dags/example_xcomargs.py took 0.044 seconds
[2023-09-09T14:14:08.637+0000] {processor.py:157} INFO - Started process (PID=2067) to work on /home/airflow/.local/lib/python3.8/site-packages/airflow/example_dags/example_xcomargs.py
[2023-09-09T14:14:08.638+0000] {processor.py:829} INFO - Processing file /home/airflow/.local/lib/python3.8/site-packages/airflow/example_dags/example_xcomargs.py for tasks to queue
[2023-09-09T14:14:08.640+0000] {logging_mixin.py:151} INFO - [2023-09-09T14:14:08.639+0000] {dagbag.py:539} INFO - Filling up the DagBag from /home/airflow/.local/lib/python3.8/site-packages/airflow/example_dags/example_xcomargs.py
[2023-09-09T14:14:08.645+0000] {processor.py:839} INFO - DAG(s) dict_keys(['example_xcom_args', 'example_xcom_args_with_operators']) retrieved from /home/airflow/.local/lib/python3.8/site-packages/airflow/example_dags/example_xcomargs.py
[2023-09-09T14:14:08.660+0000] {logging_mixin.py:151} INFO - [2023-09-09T14:14:08.659+0000] {dag.py:2907} INFO - Sync 2 DAGs
[2023-09-09T14:14:08.667+0000] {logging_mixin.py:151} INFO - [2023-09-09T14:14:08.667+0000] {dag.py:3677} INFO - Setting next_dagrun for example_xcom_args to None, run_after=None
[2023-09-09T14:14:08.670+0000] {logging_mixin.py:151} INFO - [2023-09-09T14:14:08.669+0000] {dag.py:3677} INFO - Setting next_dagrun for example_xcom_args_with_operators to None, run_after=None
[2023-09-09T14:14:08.679+0000] {processor.py:179} INFO - Processing /home/airflow/.local/lib/python3.8/site-packages/airflow/example_dags/example_xcomargs.py took 0.044 seconds
[2023-09-09T14:14:39.774+0000] {processor.py:157} INFO - Started process (PID=2123) to work on /home/airflow/.local/lib/python3.8/site-packages/airflow/example_dags/example_xcomargs.py
[2023-09-09T14:14:39.775+0000] {processor.py:829} INFO - Processing file /home/airflow/.local/lib/python3.8/site-packages/airflow/example_dags/example_xcomargs.py for tasks to queue
[2023-09-09T14:14:39.776+0000] {logging_mixin.py:151} INFO - [2023-09-09T14:14:39.776+0000] {dagbag.py:539} INFO - Filling up the DagBag from /home/airflow/.local/lib/python3.8/site-packages/airflow/example_dags/example_xcomargs.py
[2023-09-09T14:14:39.781+0000] {processor.py:839} INFO - DAG(s) dict_keys(['example_xcom_args_with_operators', 'example_xcom_args']) retrieved from /home/airflow/.local/lib/python3.8/site-packages/airflow/example_dags/example_xcomargs.py
[2023-09-09T14:14:39.796+0000] {logging_mixin.py:151} INFO - [2023-09-09T14:14:39.796+0000] {dag.py:2907} INFO - Sync 2 DAGs
[2023-09-09T14:14:39.804+0000] {logging_mixin.py:151} INFO - [2023-09-09T14:14:39.804+0000] {dag.py:3677} INFO - Setting next_dagrun for example_xcom_args to None, run_after=None
[2023-09-09T14:14:39.806+0000] {logging_mixin.py:151} INFO - [2023-09-09T14:14:39.806+0000] {dag.py:3677} INFO - Setting next_dagrun for example_xcom_args_with_operators to None, run_after=None
[2023-09-09T14:14:39.817+0000] {processor.py:179} INFO - Processing /home/airflow/.local/lib/python3.8/site-packages/airflow/example_dags/example_xcomargs.py took 0.045 seconds
[2023-09-09T14:15:11.018+0000] {processor.py:157} INFO - Started process (PID=2178) to work on /home/airflow/.local/lib/python3.8/site-packages/airflow/example_dags/example_xcomargs.py
[2023-09-09T14:15:11.019+0000] {processor.py:829} INFO - Processing file /home/airflow/.local/lib/python3.8/site-packages/airflow/example_dags/example_xcomargs.py for tasks to queue
[2023-09-09T14:15:11.020+0000] {logging_mixin.py:151} INFO - [2023-09-09T14:15:11.020+0000] {dagbag.py:539} INFO - Filling up the DagBag from /home/airflow/.local/lib/python3.8/site-packages/airflow/example_dags/example_xcomargs.py
[2023-09-09T14:15:11.026+0000] {processor.py:839} INFO - DAG(s) dict_keys(['example_xcom_args', 'example_xcom_args_with_operators']) retrieved from /home/airflow/.local/lib/python3.8/site-packages/airflow/example_dags/example_xcomargs.py
[2023-09-09T14:15:11.041+0000] {logging_mixin.py:151} INFO - [2023-09-09T14:15:11.041+0000] {dag.py:2907} INFO - Sync 2 DAGs
[2023-09-09T14:15:11.049+0000] {logging_mixin.py:151} INFO - [2023-09-09T14:15:11.049+0000] {dag.py:3677} INFO - Setting next_dagrun for example_xcom_args to None, run_after=None
[2023-09-09T14:15:11.051+0000] {logging_mixin.py:151} INFO - [2023-09-09T14:15:11.051+0000] {dag.py:3677} INFO - Setting next_dagrun for example_xcom_args_with_operators to None, run_after=None
[2023-09-09T14:15:11.062+0000] {processor.py:179} INFO - Processing /home/airflow/.local/lib/python3.8/site-packages/airflow/example_dags/example_xcomargs.py took 0.046 seconds
[2023-09-09T14:15:41.284+0000] {processor.py:157} INFO - Started process (PID=2235) to work on /home/airflow/.local/lib/python3.8/site-packages/airflow/example_dags/example_xcomargs.py
[2023-09-09T14:15:41.285+0000] {processor.py:829} INFO - Processing file /home/airflow/.local/lib/python3.8/site-packages/airflow/example_dags/example_xcomargs.py for tasks to queue
[2023-09-09T14:15:41.287+0000] {logging_mixin.py:151} INFO - [2023-09-09T14:15:41.287+0000] {dagbag.py:539} INFO - Filling up the DagBag from /home/airflow/.local/lib/python3.8/site-packages/airflow/example_dags/example_xcomargs.py
[2023-09-09T14:15:41.292+0000] {processor.py:839} INFO - DAG(s) dict_keys(['example_xcom_args_with_operators', 'example_xcom_args']) retrieved from /home/airflow/.local/lib/python3.8/site-packages/airflow/example_dags/example_xcomargs.py
[2023-09-09T14:15:41.307+0000] {logging_mixin.py:151} INFO - [2023-09-09T14:15:41.307+0000] {dag.py:2907} INFO - Sync 2 DAGs
[2023-09-09T14:15:41.316+0000] {logging_mixin.py:151} INFO - [2023-09-09T14:15:41.316+0000] {dag.py:3677} INFO - Setting next_dagrun for example_xcom_args to None, run_after=None
[2023-09-09T14:15:41.319+0000] {logging_mixin.py:151} INFO - [2023-09-09T14:15:41.319+0000] {dag.py:3677} INFO - Setting next_dagrun for example_xcom_args_with_operators to None, run_after=None
[2023-09-09T14:15:41.331+0000] {processor.py:179} INFO - Processing /home/airflow/.local/lib/python3.8/site-packages/airflow/example_dags/example_xcomargs.py took 0.049 seconds
[2023-09-09T14:16:11.527+0000] {processor.py:157} INFO - Started process (PID=2290) to work on /home/airflow/.local/lib/python3.8/site-packages/airflow/example_dags/example_xcomargs.py
[2023-09-09T14:16:11.528+0000] {processor.py:829} INFO - Processing file /home/airflow/.local/lib/python3.8/site-packages/airflow/example_dags/example_xcomargs.py for tasks to queue
[2023-09-09T14:16:11.530+0000] {logging_mixin.py:151} INFO - [2023-09-09T14:16:11.530+0000] {dagbag.py:539} INFO - Filling up the DagBag from /home/airflow/.local/lib/python3.8/site-packages/airflow/example_dags/example_xcomargs.py
[2023-09-09T14:16:11.535+0000] {processor.py:839} INFO - DAG(s) dict_keys(['example_xcom_args_with_operators', 'example_xcom_args']) retrieved from /home/airflow/.local/lib/python3.8/site-packages/airflow/example_dags/example_xcomargs.py
[2023-09-09T14:16:11.550+0000] {logging_mixin.py:151} INFO - [2023-09-09T14:16:11.550+0000] {dag.py:2907} INFO - Sync 2 DAGs
[2023-09-09T14:16:11.558+0000] {logging_mixin.py:151} INFO - [2023-09-09T14:16:11.558+0000] {dag.py:3677} INFO - Setting next_dagrun for example_xcom_args to None, run_after=None
[2023-09-09T14:16:11.561+0000] {logging_mixin.py:151} INFO - [2023-09-09T14:16:11.560+0000] {dag.py:3677} INFO - Setting next_dagrun for example_xcom_args_with_operators to None, run_after=None
[2023-09-09T14:16:11.571+0000] {processor.py:179} INFO - Processing /home/airflow/.local/lib/python3.8/site-packages/airflow/example_dags/example_xcomargs.py took 0.046 seconds
[2023-09-09T14:16:41.745+0000] {processor.py:157} INFO - Started process (PID=2345) to work on /home/airflow/.local/lib/python3.8/site-packages/airflow/example_dags/example_xcomargs.py
[2023-09-09T14:16:41.746+0000] {processor.py:829} INFO - Processing file /home/airflow/.local/lib/python3.8/site-packages/airflow/example_dags/example_xcomargs.py for tasks to queue
[2023-09-09T14:16:41.747+0000] {logging_mixin.py:151} INFO - [2023-09-09T14:16:41.747+0000] {dagbag.py:539} INFO - Filling up the DagBag from /home/airflow/.local/lib/python3.8/site-packages/airflow/example_dags/example_xcomargs.py
[2023-09-09T14:16:41.752+0000] {processor.py:839} INFO - DAG(s) dict_keys(['example_xcom_args', 'example_xcom_args_with_operators']) retrieved from /home/airflow/.local/lib/python3.8/site-packages/airflow/example_dags/example_xcomargs.py
[2023-09-09T14:16:41.768+0000] {logging_mixin.py:151} INFO - [2023-09-09T14:16:41.768+0000] {dag.py:2907} INFO - Sync 2 DAGs
[2023-09-09T14:16:41.777+0000] {logging_mixin.py:151} INFO - [2023-09-09T14:16:41.777+0000] {dag.py:3677} INFO - Setting next_dagrun for example_xcom_args to None, run_after=None
[2023-09-09T14:16:41.780+0000] {logging_mixin.py:151} INFO - [2023-09-09T14:16:41.780+0000] {dag.py:3677} INFO - Setting next_dagrun for example_xcom_args_with_operators to None, run_after=None
[2023-09-09T14:16:41.795+0000] {processor.py:179} INFO - Processing /home/airflow/.local/lib/python3.8/site-packages/airflow/example_dags/example_xcomargs.py took 0.052 seconds
[2023-09-09T14:17:12.089+0000] {processor.py:157} INFO - Started process (PID=2400) to work on /home/airflow/.local/lib/python3.8/site-packages/airflow/example_dags/example_xcomargs.py
[2023-09-09T14:17:12.090+0000] {processor.py:829} INFO - Processing file /home/airflow/.local/lib/python3.8/site-packages/airflow/example_dags/example_xcomargs.py for tasks to queue
[2023-09-09T14:17:12.092+0000] {logging_mixin.py:151} INFO - [2023-09-09T14:17:12.092+0000] {dagbag.py:539} INFO - Filling up the DagBag from /home/airflow/.local/lib/python3.8/site-packages/airflow/example_dags/example_xcomargs.py
[2023-09-09T14:17:12.097+0000] {processor.py:839} INFO - DAG(s) dict_keys(['example_xcom_args', 'example_xcom_args_with_operators']) retrieved from /home/airflow/.local/lib/python3.8/site-packages/airflow/example_dags/example_xcomargs.py
[2023-09-09T14:17:12.112+0000] {logging_mixin.py:151} INFO - [2023-09-09T14:17:12.112+0000] {dag.py:2907} INFO - Sync 2 DAGs
[2023-09-09T14:17:12.120+0000] {logging_mixin.py:151} INFO - [2023-09-09T14:17:12.120+0000] {dag.py:3677} INFO - Setting next_dagrun for example_xcom_args to None, run_after=None
[2023-09-09T14:17:12.123+0000] {logging_mixin.py:151} INFO - [2023-09-09T14:17:12.122+0000] {dag.py:3677} INFO - Setting next_dagrun for example_xcom_args_with_operators to None, run_after=None
[2023-09-09T14:17:12.134+0000] {processor.py:179} INFO - Processing /home/airflow/.local/lib/python3.8/site-packages/airflow/example_dags/example_xcomargs.py took 0.047 seconds
