[2023-09-09T13:55:41.858+0000] {processor.py:157} INFO - Started process (PID=49) to work on /home/airflow/.local/lib/python3.8/site-packages/airflow/example_dags/example_latest_only_with_trigger.py
[2023-09-09T13:55:41.859+0000] {processor.py:829} INFO - Processing file /home/airflow/.local/lib/python3.8/site-packages/airflow/example_dags/example_latest_only_with_trigger.py for tasks to queue
[2023-09-09T13:55:41.860+0000] {logging_mixin.py:151} INFO - [2023-09-09T13:55:41.860+0000] {dagbag.py:539} INFO - Filling up the DagBag from /home/airflow/.local/lib/python3.8/site-packages/airflow/example_dags/example_latest_only_with_trigger.py
[2023-09-09T13:55:41.866+0000] {processor.py:839} INFO - DAG(s) dict_keys(['latest_only_with_trigger']) retrieved from /home/airflow/.local/lib/python3.8/site-packages/airflow/example_dags/example_latest_only_with_trigger.py
[2023-09-09T13:55:41.884+0000] {logging_mixin.py:151} INFO - [2023-09-09T13:55:41.883+0000] {dag.py:2907} INFO - Sync 1 DAGs
[2023-09-09T13:55:41.905+0000] {logging_mixin.py:151} INFO - [2023-09-09T13:55:41.905+0000] {dag.py:3677} INFO - Setting next_dagrun for latest_only_with_trigger to 2023-09-09T09:55:41.905029+00:00, run_after=2023-09-09T13:55:41.905029+00:00
[2023-09-09T13:55:42.075+0000] {processor.py:179} INFO - Processing /home/airflow/.local/lib/python3.8/site-packages/airflow/example_dags/example_latest_only_with_trigger.py took 0.220 seconds
[2023-09-09T13:56:12.361+0000] {processor.py:157} INFO - Started process (PID=104) to work on /home/airflow/.local/lib/python3.8/site-packages/airflow/example_dags/example_latest_only_with_trigger.py
[2023-09-09T13:56:12.362+0000] {processor.py:829} INFO - Processing file /home/airflow/.local/lib/python3.8/site-packages/airflow/example_dags/example_latest_only_with_trigger.py for tasks to queue
[2023-09-09T13:56:12.363+0000] {logging_mixin.py:151} INFO - [2023-09-09T13:56:12.363+0000] {dagbag.py:539} INFO - Filling up the DagBag from /home/airflow/.local/lib/python3.8/site-packages/airflow/example_dags/example_latest_only_with_trigger.py
[2023-09-09T13:56:12.367+0000] {processor.py:839} INFO - DAG(s) dict_keys(['latest_only_with_trigger']) retrieved from /home/airflow/.local/lib/python3.8/site-packages/airflow/example_dags/example_latest_only_with_trigger.py
[2023-09-09T13:56:12.380+0000] {logging_mixin.py:151} INFO - [2023-09-09T13:56:12.379+0000] {dag.py:2907} INFO - Sync 1 DAGs
[2023-09-09T13:56:12.393+0000] {logging_mixin.py:151} INFO - [2023-09-09T13:56:12.393+0000] {dag.py:3677} INFO - Setting next_dagrun for latest_only_with_trigger to 2023-09-09T09:56:12.393172+00:00, run_after=2023-09-09T13:56:12.393172+00:00
[2023-09-09T13:56:12.406+0000] {processor.py:179} INFO - Processing /home/airflow/.local/lib/python3.8/site-packages/airflow/example_dags/example_latest_only_with_trigger.py took 0.046 seconds
[2023-09-09T13:56:42.431+0000] {processor.py:157} INFO - Started process (PID=158) to work on /home/airflow/.local/lib/python3.8/site-packages/airflow/example_dags/example_latest_only_with_trigger.py
[2023-09-09T13:56:42.431+0000] {processor.py:829} INFO - Processing file /home/airflow/.local/lib/python3.8/site-packages/airflow/example_dags/example_latest_only_with_trigger.py for tasks to queue
[2023-09-09T13:56:42.433+0000] {logging_mixin.py:151} INFO - [2023-09-09T13:56:42.433+0000] {dagbag.py:539} INFO - Filling up the DagBag from /home/airflow/.local/lib/python3.8/site-packages/airflow/example_dags/example_latest_only_with_trigger.py
[2023-09-09T13:56:42.436+0000] {processor.py:839} INFO - DAG(s) dict_keys(['latest_only_with_trigger']) retrieved from /home/airflow/.local/lib/python3.8/site-packages/airflow/example_dags/example_latest_only_with_trigger.py
[2023-09-09T13:56:42.451+0000] {logging_mixin.py:151} INFO - [2023-09-09T13:56:42.451+0000] {dag.py:2907} INFO - Sync 1 DAGs
[2023-09-09T13:56:42.466+0000] {logging_mixin.py:151} INFO - [2023-09-09T13:56:42.466+0000] {dag.py:3677} INFO - Setting next_dagrun for latest_only_with_trigger to 2023-09-09T09:56:42.465997+00:00, run_after=2023-09-09T13:56:42.465997+00:00
[2023-09-09T13:56:42.480+0000] {processor.py:179} INFO - Processing /home/airflow/.local/lib/python3.8/site-packages/airflow/example_dags/example_latest_only_with_trigger.py took 0.051 seconds
[2023-09-09T13:57:12.942+0000] {processor.py:157} INFO - Started process (PID=217) to work on /home/airflow/.local/lib/python3.8/site-packages/airflow/example_dags/example_latest_only_with_trigger.py
[2023-09-09T13:57:12.943+0000] {processor.py:829} INFO - Processing file /home/airflow/.local/lib/python3.8/site-packages/airflow/example_dags/example_latest_only_with_trigger.py for tasks to queue
[2023-09-09T13:57:12.944+0000] {logging_mixin.py:151} INFO - [2023-09-09T13:57:12.944+0000] {dagbag.py:539} INFO - Filling up the DagBag from /home/airflow/.local/lib/python3.8/site-packages/airflow/example_dags/example_latest_only_with_trigger.py
[2023-09-09T13:57:12.947+0000] {processor.py:839} INFO - DAG(s) dict_keys(['latest_only_with_trigger']) retrieved from /home/airflow/.local/lib/python3.8/site-packages/airflow/example_dags/example_latest_only_with_trigger.py
[2023-09-09T13:57:12.961+0000] {logging_mixin.py:151} INFO - [2023-09-09T13:57:12.961+0000] {dag.py:2907} INFO - Sync 1 DAGs
[2023-09-09T13:57:12.977+0000] {logging_mixin.py:151} INFO - [2023-09-09T13:57:12.977+0000] {dag.py:3677} INFO - Setting next_dagrun for latest_only_with_trigger to 2023-09-09T09:57:12.977124+00:00, run_after=2023-09-09T13:57:12.977124+00:00
[2023-09-09T13:57:12.992+0000] {processor.py:179} INFO - Processing /home/airflow/.local/lib/python3.8/site-packages/airflow/example_dags/example_latest_only_with_trigger.py took 0.052 seconds
[2023-09-09T13:57:43.042+0000] {processor.py:157} INFO - Started process (PID=271) to work on /home/airflow/.local/lib/python3.8/site-packages/airflow/example_dags/example_latest_only_with_trigger.py
[2023-09-09T13:57:43.043+0000] {processor.py:829} INFO - Processing file /home/airflow/.local/lib/python3.8/site-packages/airflow/example_dags/example_latest_only_with_trigger.py for tasks to queue
[2023-09-09T13:57:43.044+0000] {logging_mixin.py:151} INFO - [2023-09-09T13:57:43.044+0000] {dagbag.py:539} INFO - Filling up the DagBag from /home/airflow/.local/lib/python3.8/site-packages/airflow/example_dags/example_latest_only_with_trigger.py
[2023-09-09T13:57:43.048+0000] {processor.py:839} INFO - DAG(s) dict_keys(['latest_only_with_trigger']) retrieved from /home/airflow/.local/lib/python3.8/site-packages/airflow/example_dags/example_latest_only_with_trigger.py
[2023-09-09T13:57:43.065+0000] {logging_mixin.py:151} INFO - [2023-09-09T13:57:43.065+0000] {dag.py:2907} INFO - Sync 1 DAGs
[2023-09-09T13:57:43.081+0000] {logging_mixin.py:151} INFO - [2023-09-09T13:57:43.081+0000] {dag.py:3677} INFO - Setting next_dagrun for latest_only_with_trigger to 2023-09-09T09:57:43.080978+00:00, run_after=2023-09-09T13:57:43.080978+00:00
[2023-09-09T13:57:43.092+0000] {processor.py:179} INFO - Processing /home/airflow/.local/lib/python3.8/site-packages/airflow/example_dags/example_latest_only_with_trigger.py took 0.052 seconds
[2023-09-09T13:58:13.210+0000] {processor.py:157} INFO - Started process (PID=326) to work on /home/airflow/.local/lib/python3.8/site-packages/airflow/example_dags/example_latest_only_with_trigger.py
[2023-09-09T13:58:13.211+0000] {processor.py:829} INFO - Processing file /home/airflow/.local/lib/python3.8/site-packages/airflow/example_dags/example_latest_only_with_trigger.py for tasks to queue
[2023-09-09T13:58:13.212+0000] {logging_mixin.py:151} INFO - [2023-09-09T13:58:13.212+0000] {dagbag.py:539} INFO - Filling up the DagBag from /home/airflow/.local/lib/python3.8/site-packages/airflow/example_dags/example_latest_only_with_trigger.py
[2023-09-09T13:58:13.215+0000] {processor.py:839} INFO - DAG(s) dict_keys(['latest_only_with_trigger']) retrieved from /home/airflow/.local/lib/python3.8/site-packages/airflow/example_dags/example_latest_only_with_trigger.py
[2023-09-09T13:58:13.229+0000] {logging_mixin.py:151} INFO - [2023-09-09T13:58:13.229+0000] {dag.py:2907} INFO - Sync 1 DAGs
[2023-09-09T13:58:13.242+0000] {logging_mixin.py:151} INFO - [2023-09-09T13:58:13.242+0000] {dag.py:3677} INFO - Setting next_dagrun for latest_only_with_trigger to 2023-09-09T09:58:13.242434+00:00, run_after=2023-09-09T13:58:13.242434+00:00
[2023-09-09T13:58:13.253+0000] {processor.py:179} INFO - Processing /home/airflow/.local/lib/python3.8/site-packages/airflow/example_dags/example_latest_only_with_trigger.py took 0.045 seconds
[2023-09-09T13:58:44.069+0000] {processor.py:157} INFO - Started process (PID=381) to work on /home/airflow/.local/lib/python3.8/site-packages/airflow/example_dags/example_latest_only_with_trigger.py
[2023-09-09T13:58:44.070+0000] {processor.py:829} INFO - Processing file /home/airflow/.local/lib/python3.8/site-packages/airflow/example_dags/example_latest_only_with_trigger.py for tasks to queue
[2023-09-09T13:58:44.071+0000] {logging_mixin.py:151} INFO - [2023-09-09T13:58:44.071+0000] {dagbag.py:539} INFO - Filling up the DagBag from /home/airflow/.local/lib/python3.8/site-packages/airflow/example_dags/example_latest_only_with_trigger.py
[2023-09-09T13:58:44.075+0000] {processor.py:839} INFO - DAG(s) dict_keys(['latest_only_with_trigger']) retrieved from /home/airflow/.local/lib/python3.8/site-packages/airflow/example_dags/example_latest_only_with_trigger.py
[2023-09-09T13:58:44.088+0000] {logging_mixin.py:151} INFO - [2023-09-09T13:58:44.088+0000] {dag.py:2907} INFO - Sync 1 DAGs
[2023-09-09T13:58:44.101+0000] {logging_mixin.py:151} INFO - [2023-09-09T13:58:44.101+0000] {dag.py:3677} INFO - Setting next_dagrun for latest_only_with_trigger to 2023-09-09T09:58:44.101570+00:00, run_after=2023-09-09T13:58:44.101570+00:00
[2023-09-09T13:58:44.112+0000] {processor.py:179} INFO - Processing /home/airflow/.local/lib/python3.8/site-packages/airflow/example_dags/example_latest_only_with_trigger.py took 0.046 seconds
[2023-09-09T13:59:14.865+0000] {processor.py:157} INFO - Started process (PID=436) to work on /home/airflow/.local/lib/python3.8/site-packages/airflow/example_dags/example_latest_only_with_trigger.py
[2023-09-09T13:59:14.866+0000] {processor.py:829} INFO - Processing file /home/airflow/.local/lib/python3.8/site-packages/airflow/example_dags/example_latest_only_with_trigger.py for tasks to queue
[2023-09-09T13:59:14.867+0000] {logging_mixin.py:151} INFO - [2023-09-09T13:59:14.867+0000] {dagbag.py:539} INFO - Filling up the DagBag from /home/airflow/.local/lib/python3.8/site-packages/airflow/example_dags/example_latest_only_with_trigger.py
[2023-09-09T13:59:14.870+0000] {processor.py:839} INFO - DAG(s) dict_keys(['latest_only_with_trigger']) retrieved from /home/airflow/.local/lib/python3.8/site-packages/airflow/example_dags/example_latest_only_with_trigger.py
[2023-09-09T13:59:14.883+0000] {logging_mixin.py:151} INFO - [2023-09-09T13:59:14.883+0000] {dag.py:2907} INFO - Sync 1 DAGs
[2023-09-09T13:59:14.896+0000] {logging_mixin.py:151} INFO - [2023-09-09T13:59:14.896+0000] {dag.py:3677} INFO - Setting next_dagrun for latest_only_with_trigger to 2023-09-09T09:59:14.896700+00:00, run_after=2023-09-09T13:59:14.896700+00:00
[2023-09-09T13:59:14.907+0000] {processor.py:179} INFO - Processing /home/airflow/.local/lib/python3.8/site-packages/airflow/example_dags/example_latest_only_with_trigger.py took 0.044 seconds
[2023-09-09T13:59:45.784+0000] {processor.py:157} INFO - Started process (PID=491) to work on /home/airflow/.local/lib/python3.8/site-packages/airflow/example_dags/example_latest_only_with_trigger.py
[2023-09-09T13:59:45.785+0000] {processor.py:829} INFO - Processing file /home/airflow/.local/lib/python3.8/site-packages/airflow/example_dags/example_latest_only_with_trigger.py for tasks to queue
[2023-09-09T13:59:45.786+0000] {logging_mixin.py:151} INFO - [2023-09-09T13:59:45.786+0000] {dagbag.py:539} INFO - Filling up the DagBag from /home/airflow/.local/lib/python3.8/site-packages/airflow/example_dags/example_latest_only_with_trigger.py
[2023-09-09T13:59:45.790+0000] {processor.py:839} INFO - DAG(s) dict_keys(['latest_only_with_trigger']) retrieved from /home/airflow/.local/lib/python3.8/site-packages/airflow/example_dags/example_latest_only_with_trigger.py
[2023-09-09T13:59:45.802+0000] {logging_mixin.py:151} INFO - [2023-09-09T13:59:45.802+0000] {dag.py:2907} INFO - Sync 1 DAGs
[2023-09-09T13:59:45.816+0000] {logging_mixin.py:151} INFO - [2023-09-09T13:59:45.815+0000] {dag.py:3677} INFO - Setting next_dagrun for latest_only_with_trigger to 2023-09-09T09:59:45.815759+00:00, run_after=2023-09-09T13:59:45.815759+00:00
[2023-09-09T13:59:45.826+0000] {processor.py:179} INFO - Processing /home/airflow/.local/lib/python3.8/site-packages/airflow/example_dags/example_latest_only_with_trigger.py took 0.043 seconds
[2023-09-09T14:00:15.932+0000] {processor.py:157} INFO - Started process (PID=546) to work on /home/airflow/.local/lib/python3.8/site-packages/airflow/example_dags/example_latest_only_with_trigger.py
[2023-09-09T14:00:15.932+0000] {processor.py:829} INFO - Processing file /home/airflow/.local/lib/python3.8/site-packages/airflow/example_dags/example_latest_only_with_trigger.py for tasks to queue
[2023-09-09T14:00:15.934+0000] {logging_mixin.py:151} INFO - [2023-09-09T14:00:15.933+0000] {dagbag.py:539} INFO - Filling up the DagBag from /home/airflow/.local/lib/python3.8/site-packages/airflow/example_dags/example_latest_only_with_trigger.py
[2023-09-09T14:00:15.937+0000] {processor.py:839} INFO - DAG(s) dict_keys(['latest_only_with_trigger']) retrieved from /home/airflow/.local/lib/python3.8/site-packages/airflow/example_dags/example_latest_only_with_trigger.py
[2023-09-09T14:00:15.950+0000] {logging_mixin.py:151} INFO - [2023-09-09T14:00:15.950+0000] {dag.py:2907} INFO - Sync 1 DAGs
[2023-09-09T14:00:15.963+0000] {logging_mixin.py:151} INFO - [2023-09-09T14:00:15.963+0000] {dag.py:3677} INFO - Setting next_dagrun for latest_only_with_trigger to 2023-09-09T10:00:15.963449+00:00, run_after=2023-09-09T14:00:15.963449+00:00
[2023-09-09T14:00:15.974+0000] {processor.py:179} INFO - Processing /home/airflow/.local/lib/python3.8/site-packages/airflow/example_dags/example_latest_only_with_trigger.py took 0.044 seconds
[2023-09-09T14:00:46.241+0000] {processor.py:157} INFO - Started process (PID=601) to work on /home/airflow/.local/lib/python3.8/site-packages/airflow/example_dags/example_latest_only_with_trigger.py
[2023-09-09T14:00:46.242+0000] {processor.py:829} INFO - Processing file /home/airflow/.local/lib/python3.8/site-packages/airflow/example_dags/example_latest_only_with_trigger.py for tasks to queue
[2023-09-09T14:00:46.243+0000] {logging_mixin.py:151} INFO - [2023-09-09T14:00:46.243+0000] {dagbag.py:539} INFO - Filling up the DagBag from /home/airflow/.local/lib/python3.8/site-packages/airflow/example_dags/example_latest_only_with_trigger.py
[2023-09-09T14:00:46.247+0000] {processor.py:839} INFO - DAG(s) dict_keys(['latest_only_with_trigger']) retrieved from /home/airflow/.local/lib/python3.8/site-packages/airflow/example_dags/example_latest_only_with_trigger.py
[2023-09-09T14:00:46.260+0000] {logging_mixin.py:151} INFO - [2023-09-09T14:00:46.260+0000] {dag.py:2907} INFO - Sync 1 DAGs
[2023-09-09T14:00:46.273+0000] {logging_mixin.py:151} INFO - [2023-09-09T14:00:46.273+0000] {dag.py:3677} INFO - Setting next_dagrun for latest_only_with_trigger to 2023-09-09T10:00:46.273192+00:00, run_after=2023-09-09T14:00:46.273192+00:00
[2023-09-09T14:00:46.284+0000] {processor.py:179} INFO - Processing /home/airflow/.local/lib/python3.8/site-packages/airflow/example_dags/example_latest_only_with_trigger.py took 0.045 seconds
[2023-09-09T14:01:16.393+0000] {processor.py:157} INFO - Started process (PID=656) to work on /home/airflow/.local/lib/python3.8/site-packages/airflow/example_dags/example_latest_only_with_trigger.py
[2023-09-09T14:01:16.394+0000] {processor.py:829} INFO - Processing file /home/airflow/.local/lib/python3.8/site-packages/airflow/example_dags/example_latest_only_with_trigger.py for tasks to queue
[2023-09-09T14:01:16.396+0000] {logging_mixin.py:151} INFO - [2023-09-09T14:01:16.396+0000] {dagbag.py:539} INFO - Filling up the DagBag from /home/airflow/.local/lib/python3.8/site-packages/airflow/example_dags/example_latest_only_with_trigger.py
[2023-09-09T14:01:16.402+0000] {processor.py:839} INFO - DAG(s) dict_keys(['latest_only_with_trigger']) retrieved from /home/airflow/.local/lib/python3.8/site-packages/airflow/example_dags/example_latest_only_with_trigger.py
[2023-09-09T14:01:16.418+0000] {logging_mixin.py:151} INFO - [2023-09-09T14:01:16.418+0000] {dag.py:2907} INFO - Sync 1 DAGs
[2023-09-09T14:01:16.434+0000] {logging_mixin.py:151} INFO - [2023-09-09T14:01:16.434+0000] {dag.py:3677} INFO - Setting next_dagrun for latest_only_with_trigger to 2023-09-09T10:01:16.434339+00:00, run_after=2023-09-09T14:01:16.434339+00:00
[2023-09-09T14:01:16.447+0000] {processor.py:179} INFO - Processing /home/airflow/.local/lib/python3.8/site-packages/airflow/example_dags/example_latest_only_with_trigger.py took 0.056 seconds
[2023-09-09T14:01:46.494+0000] {processor.py:157} INFO - Started process (PID=711) to work on /home/airflow/.local/lib/python3.8/site-packages/airflow/example_dags/example_latest_only_with_trigger.py
[2023-09-09T14:01:46.495+0000] {processor.py:829} INFO - Processing file /home/airflow/.local/lib/python3.8/site-packages/airflow/example_dags/example_latest_only_with_trigger.py for tasks to queue
[2023-09-09T14:01:46.496+0000] {logging_mixin.py:151} INFO - [2023-09-09T14:01:46.496+0000] {dagbag.py:539} INFO - Filling up the DagBag from /home/airflow/.local/lib/python3.8/site-packages/airflow/example_dags/example_latest_only_with_trigger.py
[2023-09-09T14:01:46.500+0000] {processor.py:839} INFO - DAG(s) dict_keys(['latest_only_with_trigger']) retrieved from /home/airflow/.local/lib/python3.8/site-packages/airflow/example_dags/example_latest_only_with_trigger.py
[2023-09-09T14:01:46.513+0000] {logging_mixin.py:151} INFO - [2023-09-09T14:01:46.513+0000] {dag.py:2907} INFO - Sync 1 DAGs
[2023-09-09T14:01:46.526+0000] {logging_mixin.py:151} INFO - [2023-09-09T14:01:46.526+0000] {dag.py:3677} INFO - Setting next_dagrun for latest_only_with_trigger to 2023-09-09T10:01:46.526626+00:00, run_after=2023-09-09T14:01:46.526626+00:00
[2023-09-09T14:01:46.538+0000] {processor.py:179} INFO - Processing /home/airflow/.local/lib/python3.8/site-packages/airflow/example_dags/example_latest_only_with_trigger.py took 0.045 seconds
[2023-09-09T14:02:16.589+0000] {processor.py:157} INFO - Started process (PID=766) to work on /home/airflow/.local/lib/python3.8/site-packages/airflow/example_dags/example_latest_only_with_trigger.py
[2023-09-09T14:02:16.589+0000] {processor.py:829} INFO - Processing file /home/airflow/.local/lib/python3.8/site-packages/airflow/example_dags/example_latest_only_with_trigger.py for tasks to queue
[2023-09-09T14:02:16.591+0000] {logging_mixin.py:151} INFO - [2023-09-09T14:02:16.591+0000] {dagbag.py:539} INFO - Filling up the DagBag from /home/airflow/.local/lib/python3.8/site-packages/airflow/example_dags/example_latest_only_with_trigger.py
[2023-09-09T14:02:16.594+0000] {processor.py:839} INFO - DAG(s) dict_keys(['latest_only_with_trigger']) retrieved from /home/airflow/.local/lib/python3.8/site-packages/airflow/example_dags/example_latest_only_with_trigger.py
[2023-09-09T14:02:16.608+0000] {logging_mixin.py:151} INFO - [2023-09-09T14:02:16.607+0000] {dag.py:2907} INFO - Sync 1 DAGs
[2023-09-09T14:02:16.621+0000] {logging_mixin.py:151} INFO - [2023-09-09T14:02:16.621+0000] {dag.py:3677} INFO - Setting next_dagrun for latest_only_with_trigger to 2023-09-09T10:02:16.621043+00:00, run_after=2023-09-09T14:02:16.621043+00:00
[2023-09-09T14:02:16.632+0000] {processor.py:179} INFO - Processing /home/airflow/.local/lib/python3.8/site-packages/airflow/example_dags/example_latest_only_with_trigger.py took 0.045 seconds
[2023-09-09T14:02:46.715+0000] {processor.py:157} INFO - Started process (PID=821) to work on /home/airflow/.local/lib/python3.8/site-packages/airflow/example_dags/example_latest_only_with_trigger.py
[2023-09-09T14:02:46.716+0000] {processor.py:829} INFO - Processing file /home/airflow/.local/lib/python3.8/site-packages/airflow/example_dags/example_latest_only_with_trigger.py for tasks to queue
[2023-09-09T14:02:46.717+0000] {logging_mixin.py:151} INFO - [2023-09-09T14:02:46.717+0000] {dagbag.py:539} INFO - Filling up the DagBag from /home/airflow/.local/lib/python3.8/site-packages/airflow/example_dags/example_latest_only_with_trigger.py
[2023-09-09T14:02:46.720+0000] {processor.py:839} INFO - DAG(s) dict_keys(['latest_only_with_trigger']) retrieved from /home/airflow/.local/lib/python3.8/site-packages/airflow/example_dags/example_latest_only_with_trigger.py
[2023-09-09T14:02:46.733+0000] {logging_mixin.py:151} INFO - [2023-09-09T14:02:46.733+0000] {dag.py:2907} INFO - Sync 1 DAGs
[2023-09-09T14:02:46.747+0000] {logging_mixin.py:151} INFO - [2023-09-09T14:02:46.747+0000] {dag.py:3677} INFO - Setting next_dagrun for latest_only_with_trigger to 2023-09-09T10:02:46.747269+00:00, run_after=2023-09-09T14:02:46.747269+00:00
[2023-09-09T14:02:46.759+0000] {processor.py:179} INFO - Processing /home/airflow/.local/lib/python3.8/site-packages/airflow/example_dags/example_latest_only_with_trigger.py took 0.046 seconds
[2023-09-09T14:03:16.890+0000] {processor.py:157} INFO - Started process (PID=876) to work on /home/airflow/.local/lib/python3.8/site-packages/airflow/example_dags/example_latest_only_with_trigger.py
[2023-09-09T14:03:16.890+0000] {processor.py:829} INFO - Processing file /home/airflow/.local/lib/python3.8/site-packages/airflow/example_dags/example_latest_only_with_trigger.py for tasks to queue
[2023-09-09T14:03:16.892+0000] {logging_mixin.py:151} INFO - [2023-09-09T14:03:16.892+0000] {dagbag.py:539} INFO - Filling up the DagBag from /home/airflow/.local/lib/python3.8/site-packages/airflow/example_dags/example_latest_only_with_trigger.py
[2023-09-09T14:03:16.895+0000] {processor.py:839} INFO - DAG(s) dict_keys(['latest_only_with_trigger']) retrieved from /home/airflow/.local/lib/python3.8/site-packages/airflow/example_dags/example_latest_only_with_trigger.py
[2023-09-09T14:03:16.908+0000] {logging_mixin.py:151} INFO - [2023-09-09T14:03:16.908+0000] {dag.py:2907} INFO - Sync 1 DAGs
[2023-09-09T14:03:16.922+0000] {logging_mixin.py:151} INFO - [2023-09-09T14:03:16.922+0000] {dag.py:3677} INFO - Setting next_dagrun for latest_only_with_trigger to 2023-09-09T10:03:16.921885+00:00, run_after=2023-09-09T14:03:16.921885+00:00
[2023-09-09T14:03:16.933+0000] {processor.py:179} INFO - Processing /home/airflow/.local/lib/python3.8/site-packages/airflow/example_dags/example_latest_only_with_trigger.py took 0.046 seconds
[2023-09-09T14:03:47.116+0000] {processor.py:157} INFO - Started process (PID=931) to work on /home/airflow/.local/lib/python3.8/site-packages/airflow/example_dags/example_latest_only_with_trigger.py
[2023-09-09T14:03:47.117+0000] {processor.py:829} INFO - Processing file /home/airflow/.local/lib/python3.8/site-packages/airflow/example_dags/example_latest_only_with_trigger.py for tasks to queue
[2023-09-09T14:03:47.118+0000] {logging_mixin.py:151} INFO - [2023-09-09T14:03:47.118+0000] {dagbag.py:539} INFO - Filling up the DagBag from /home/airflow/.local/lib/python3.8/site-packages/airflow/example_dags/example_latest_only_with_trigger.py
[2023-09-09T14:03:47.122+0000] {processor.py:839} INFO - DAG(s) dict_keys(['latest_only_with_trigger']) retrieved from /home/airflow/.local/lib/python3.8/site-packages/airflow/example_dags/example_latest_only_with_trigger.py
[2023-09-09T14:03:47.135+0000] {logging_mixin.py:151} INFO - [2023-09-09T14:03:47.135+0000] {dag.py:2907} INFO - Sync 1 DAGs
[2023-09-09T14:03:47.148+0000] {logging_mixin.py:151} INFO - [2023-09-09T14:03:47.148+0000] {dag.py:3677} INFO - Setting next_dagrun for latest_only_with_trigger to 2023-09-09T10:03:47.148689+00:00, run_after=2023-09-09T14:03:47.148689+00:00
[2023-09-09T14:03:47.160+0000] {processor.py:179} INFO - Processing /home/airflow/.local/lib/python3.8/site-packages/airflow/example_dags/example_latest_only_with_trigger.py took 0.045 seconds
[2023-09-09T14:04:17.291+0000] {processor.py:157} INFO - Started process (PID=986) to work on /home/airflow/.local/lib/python3.8/site-packages/airflow/example_dags/example_latest_only_with_trigger.py
[2023-09-09T14:04:17.292+0000] {processor.py:829} INFO - Processing file /home/airflow/.local/lib/python3.8/site-packages/airflow/example_dags/example_latest_only_with_trigger.py for tasks to queue
[2023-09-09T14:04:17.293+0000] {logging_mixin.py:151} INFO - [2023-09-09T14:04:17.293+0000] {dagbag.py:539} INFO - Filling up the DagBag from /home/airflow/.local/lib/python3.8/site-packages/airflow/example_dags/example_latest_only_with_trigger.py
[2023-09-09T14:04:17.297+0000] {processor.py:839} INFO - DAG(s) dict_keys(['latest_only_with_trigger']) retrieved from /home/airflow/.local/lib/python3.8/site-packages/airflow/example_dags/example_latest_only_with_trigger.py
[2023-09-09T14:04:17.311+0000] {logging_mixin.py:151} INFO - [2023-09-09T14:04:17.310+0000] {dag.py:2907} INFO - Sync 1 DAGs
[2023-09-09T14:04:17.324+0000] {logging_mixin.py:151} INFO - [2023-09-09T14:04:17.323+0000] {dag.py:3677} INFO - Setting next_dagrun for latest_only_with_trigger to 2023-09-09T10:04:17.323845+00:00, run_after=2023-09-09T14:04:17.323845+00:00
[2023-09-09T14:04:17.334+0000] {processor.py:179} INFO - Processing /home/airflow/.local/lib/python3.8/site-packages/airflow/example_dags/example_latest_only_with_trigger.py took 0.045 seconds
[2023-09-09T14:04:47.375+0000] {processor.py:157} INFO - Started process (PID=1041) to work on /home/airflow/.local/lib/python3.8/site-packages/airflow/example_dags/example_latest_only_with_trigger.py
[2023-09-09T14:04:47.375+0000] {processor.py:829} INFO - Processing file /home/airflow/.local/lib/python3.8/site-packages/airflow/example_dags/example_latest_only_with_trigger.py for tasks to queue
[2023-09-09T14:04:47.377+0000] {logging_mixin.py:151} INFO - [2023-09-09T14:04:47.377+0000] {dagbag.py:539} INFO - Filling up the DagBag from /home/airflow/.local/lib/python3.8/site-packages/airflow/example_dags/example_latest_only_with_trigger.py
[2023-09-09T14:04:47.380+0000] {processor.py:839} INFO - DAG(s) dict_keys(['latest_only_with_trigger']) retrieved from /home/airflow/.local/lib/python3.8/site-packages/airflow/example_dags/example_latest_only_with_trigger.py
[2023-09-09T14:04:47.395+0000] {logging_mixin.py:151} INFO - [2023-09-09T14:04:47.394+0000] {dag.py:2907} INFO - Sync 1 DAGs
[2023-09-09T14:04:47.411+0000] {logging_mixin.py:151} INFO - [2023-09-09T14:04:47.410+0000] {dag.py:3677} INFO - Setting next_dagrun for latest_only_with_trigger to 2023-09-09T10:04:47.410822+00:00, run_after=2023-09-09T14:04:47.410822+00:00
[2023-09-09T14:04:47.423+0000] {processor.py:179} INFO - Processing /home/airflow/.local/lib/python3.8/site-packages/airflow/example_dags/example_latest_only_with_trigger.py took 0.050 seconds
[2023-09-09T14:05:17.564+0000] {processor.py:157} INFO - Started process (PID=1096) to work on /home/airflow/.local/lib/python3.8/site-packages/airflow/example_dags/example_latest_only_with_trigger.py
[2023-09-09T14:05:17.565+0000] {processor.py:829} INFO - Processing file /home/airflow/.local/lib/python3.8/site-packages/airflow/example_dags/example_latest_only_with_trigger.py for tasks to queue
[2023-09-09T14:05:17.566+0000] {logging_mixin.py:151} INFO - [2023-09-09T14:05:17.566+0000] {dagbag.py:539} INFO - Filling up the DagBag from /home/airflow/.local/lib/python3.8/site-packages/airflow/example_dags/example_latest_only_with_trigger.py
[2023-09-09T14:05:17.570+0000] {processor.py:839} INFO - DAG(s) dict_keys(['latest_only_with_trigger']) retrieved from /home/airflow/.local/lib/python3.8/site-packages/airflow/example_dags/example_latest_only_with_trigger.py
[2023-09-09T14:05:17.585+0000] {logging_mixin.py:151} INFO - [2023-09-09T14:05:17.585+0000] {dag.py:2907} INFO - Sync 1 DAGs
[2023-09-09T14:05:17.599+0000] {logging_mixin.py:151} INFO - [2023-09-09T14:05:17.599+0000] {dag.py:3677} INFO - Setting next_dagrun for latest_only_with_trigger to 2023-09-09T10:05:17.599335+00:00, run_after=2023-09-09T14:05:17.599335+00:00
[2023-09-09T14:05:17.610+0000] {processor.py:179} INFO - Processing /home/airflow/.local/lib/python3.8/site-packages/airflow/example_dags/example_latest_only_with_trigger.py took 0.048 seconds
[2023-09-09T14:05:47.748+0000] {processor.py:157} INFO - Started process (PID=1151) to work on /home/airflow/.local/lib/python3.8/site-packages/airflow/example_dags/example_latest_only_with_trigger.py
[2023-09-09T14:05:47.749+0000] {processor.py:829} INFO - Processing file /home/airflow/.local/lib/python3.8/site-packages/airflow/example_dags/example_latest_only_with_trigger.py for tasks to queue
[2023-09-09T14:05:47.750+0000] {logging_mixin.py:151} INFO - [2023-09-09T14:05:47.750+0000] {dagbag.py:539} INFO - Filling up the DagBag from /home/airflow/.local/lib/python3.8/site-packages/airflow/example_dags/example_latest_only_with_trigger.py
[2023-09-09T14:05:47.753+0000] {processor.py:839} INFO - DAG(s) dict_keys(['latest_only_with_trigger']) retrieved from /home/airflow/.local/lib/python3.8/site-packages/airflow/example_dags/example_latest_only_with_trigger.py
[2023-09-09T14:05:47.766+0000] {logging_mixin.py:151} INFO - [2023-09-09T14:05:47.766+0000] {dag.py:2907} INFO - Sync 1 DAGs
[2023-09-09T14:05:47.780+0000] {logging_mixin.py:151} INFO - [2023-09-09T14:05:47.779+0000] {dag.py:3677} INFO - Setting next_dagrun for latest_only_with_trigger to 2023-09-09T10:05:47.779752+00:00, run_after=2023-09-09T14:05:47.779752+00:00
[2023-09-09T14:05:47.791+0000] {processor.py:179} INFO - Processing /home/airflow/.local/lib/python3.8/site-packages/airflow/example_dags/example_latest_only_with_trigger.py took 0.045 seconds
[2023-09-09T14:06:18.052+0000] {processor.py:157} INFO - Started process (PID=1206) to work on /home/airflow/.local/lib/python3.8/site-packages/airflow/example_dags/example_latest_only_with_trigger.py
[2023-09-09T14:06:18.053+0000] {processor.py:829} INFO - Processing file /home/airflow/.local/lib/python3.8/site-packages/airflow/example_dags/example_latest_only_with_trigger.py for tasks to queue
[2023-09-09T14:06:18.054+0000] {logging_mixin.py:151} INFO - [2023-09-09T14:06:18.054+0000] {dagbag.py:539} INFO - Filling up the DagBag from /home/airflow/.local/lib/python3.8/site-packages/airflow/example_dags/example_latest_only_with_trigger.py
[2023-09-09T14:06:18.057+0000] {processor.py:839} INFO - DAG(s) dict_keys(['latest_only_with_trigger']) retrieved from /home/airflow/.local/lib/python3.8/site-packages/airflow/example_dags/example_latest_only_with_trigger.py
[2023-09-09T14:06:18.071+0000] {logging_mixin.py:151} INFO - [2023-09-09T14:06:18.070+0000] {dag.py:2907} INFO - Sync 1 DAGs
[2023-09-09T14:06:18.084+0000] {logging_mixin.py:151} INFO - [2023-09-09T14:06:18.084+0000] {dag.py:3677} INFO - Setting next_dagrun for latest_only_with_trigger to 2023-09-09T10:06:18.083911+00:00, run_after=2023-09-09T14:06:18.083911+00:00
[2023-09-09T14:06:18.094+0000] {processor.py:179} INFO - Processing /home/airflow/.local/lib/python3.8/site-packages/airflow/example_dags/example_latest_only_with_trigger.py took 0.044 seconds
[2023-09-09T14:06:49.034+0000] {processor.py:157} INFO - Started process (PID=1261) to work on /home/airflow/.local/lib/python3.8/site-packages/airflow/example_dags/example_latest_only_with_trigger.py
[2023-09-09T14:06:49.035+0000] {processor.py:829} INFO - Processing file /home/airflow/.local/lib/python3.8/site-packages/airflow/example_dags/example_latest_only_with_trigger.py for tasks to queue
[2023-09-09T14:06:49.036+0000] {logging_mixin.py:151} INFO - [2023-09-09T14:06:49.036+0000] {dagbag.py:539} INFO - Filling up the DagBag from /home/airflow/.local/lib/python3.8/site-packages/airflow/example_dags/example_latest_only_with_trigger.py
[2023-09-09T14:06:49.039+0000] {processor.py:839} INFO - DAG(s) dict_keys(['latest_only_with_trigger']) retrieved from /home/airflow/.local/lib/python3.8/site-packages/airflow/example_dags/example_latest_only_with_trigger.py
[2023-09-09T14:06:49.052+0000] {logging_mixin.py:151} INFO - [2023-09-09T14:06:49.052+0000] {dag.py:2907} INFO - Sync 1 DAGs
[2023-09-09T14:06:49.065+0000] {logging_mixin.py:151} INFO - [2023-09-09T14:06:49.065+0000] {dag.py:3677} INFO - Setting next_dagrun for latest_only_with_trigger to 2023-09-09T10:06:49.065496+00:00, run_after=2023-09-09T14:06:49.065496+00:00
[2023-09-09T14:06:49.076+0000] {processor.py:179} INFO - Processing /home/airflow/.local/lib/python3.8/site-packages/airflow/example_dags/example_latest_only_with_trigger.py took 0.044 seconds
[2023-09-09T14:07:19.156+0000] {processor.py:157} INFO - Started process (PID=1316) to work on /home/airflow/.local/lib/python3.8/site-packages/airflow/example_dags/example_latest_only_with_trigger.py
[2023-09-09T14:07:19.157+0000] {processor.py:829} INFO - Processing file /home/airflow/.local/lib/python3.8/site-packages/airflow/example_dags/example_latest_only_with_trigger.py for tasks to queue
[2023-09-09T14:07:19.159+0000] {logging_mixin.py:151} INFO - [2023-09-09T14:07:19.159+0000] {dagbag.py:539} INFO - Filling up the DagBag from /home/airflow/.local/lib/python3.8/site-packages/airflow/example_dags/example_latest_only_with_trigger.py
[2023-09-09T14:07:19.163+0000] {processor.py:839} INFO - DAG(s) dict_keys(['latest_only_with_trigger']) retrieved from /home/airflow/.local/lib/python3.8/site-packages/airflow/example_dags/example_latest_only_with_trigger.py
[2023-09-09T14:07:19.176+0000] {logging_mixin.py:151} INFO - [2023-09-09T14:07:19.176+0000] {dag.py:2907} INFO - Sync 1 DAGs
[2023-09-09T14:07:19.190+0000] {logging_mixin.py:151} INFO - [2023-09-09T14:07:19.189+0000] {dag.py:3677} INFO - Setting next_dagrun for latest_only_with_trigger to 2023-09-09T10:07:19.189800+00:00, run_after=2023-09-09T14:07:19.189800+00:00
[2023-09-09T14:07:19.200+0000] {processor.py:179} INFO - Processing /home/airflow/.local/lib/python3.8/site-packages/airflow/example_dags/example_latest_only_with_trigger.py took 0.047 seconds
[2023-09-09T14:07:49.274+0000] {processor.py:157} INFO - Started process (PID=1371) to work on /home/airflow/.local/lib/python3.8/site-packages/airflow/example_dags/example_latest_only_with_trigger.py
[2023-09-09T14:07:49.275+0000] {processor.py:829} INFO - Processing file /home/airflow/.local/lib/python3.8/site-packages/airflow/example_dags/example_latest_only_with_trigger.py for tasks to queue
[2023-09-09T14:07:49.276+0000] {logging_mixin.py:151} INFO - [2023-09-09T14:07:49.276+0000] {dagbag.py:539} INFO - Filling up the DagBag from /home/airflow/.local/lib/python3.8/site-packages/airflow/example_dags/example_latest_only_with_trigger.py
[2023-09-09T14:07:49.279+0000] {processor.py:839} INFO - DAG(s) dict_keys(['latest_only_with_trigger']) retrieved from /home/airflow/.local/lib/python3.8/site-packages/airflow/example_dags/example_latest_only_with_trigger.py
[2023-09-09T14:07:49.292+0000] {logging_mixin.py:151} INFO - [2023-09-09T14:07:49.292+0000] {dag.py:2907} INFO - Sync 1 DAGs
[2023-09-09T14:07:49.305+0000] {logging_mixin.py:151} INFO - [2023-09-09T14:07:49.305+0000] {dag.py:3677} INFO - Setting next_dagrun for latest_only_with_trigger to 2023-09-09T10:07:49.305565+00:00, run_after=2023-09-09T14:07:49.305565+00:00
[2023-09-09T14:07:49.317+0000] {processor.py:179} INFO - Processing /home/airflow/.local/lib/python3.8/site-packages/airflow/example_dags/example_latest_only_with_trigger.py took 0.045 seconds
[2023-09-09T14:08:19.388+0000] {processor.py:157} INFO - Started process (PID=1426) to work on /home/airflow/.local/lib/python3.8/site-packages/airflow/example_dags/example_latest_only_with_trigger.py
[2023-09-09T14:08:19.389+0000] {processor.py:829} INFO - Processing file /home/airflow/.local/lib/python3.8/site-packages/airflow/example_dags/example_latest_only_with_trigger.py for tasks to queue
[2023-09-09T14:08:19.391+0000] {logging_mixin.py:151} INFO - [2023-09-09T14:08:19.390+0000] {dagbag.py:539} INFO - Filling up the DagBag from /home/airflow/.local/lib/python3.8/site-packages/airflow/example_dags/example_latest_only_with_trigger.py
[2023-09-09T14:08:19.395+0000] {processor.py:839} INFO - DAG(s) dict_keys(['latest_only_with_trigger']) retrieved from /home/airflow/.local/lib/python3.8/site-packages/airflow/example_dags/example_latest_only_with_trigger.py
[2023-09-09T14:08:19.410+0000] {logging_mixin.py:151} INFO - [2023-09-09T14:08:19.410+0000] {dag.py:2907} INFO - Sync 1 DAGs
[2023-09-09T14:08:19.424+0000] {logging_mixin.py:151} INFO - [2023-09-09T14:08:19.424+0000] {dag.py:3677} INFO - Setting next_dagrun for latest_only_with_trigger to 2023-09-09T10:08:19.423944+00:00, run_after=2023-09-09T14:08:19.423944+00:00
[2023-09-09T14:08:19.437+0000] {processor.py:179} INFO - Processing /home/airflow/.local/lib/python3.8/site-packages/airflow/example_dags/example_latest_only_with_trigger.py took 0.052 seconds
[2023-09-09T14:08:50.182+0000] {processor.py:157} INFO - Started process (PID=1481) to work on /home/airflow/.local/lib/python3.8/site-packages/airflow/example_dags/example_latest_only_with_trigger.py
[2023-09-09T14:08:50.183+0000] {processor.py:829} INFO - Processing file /home/airflow/.local/lib/python3.8/site-packages/airflow/example_dags/example_latest_only_with_trigger.py for tasks to queue
[2023-09-09T14:08:50.185+0000] {logging_mixin.py:151} INFO - [2023-09-09T14:08:50.184+0000] {dagbag.py:539} INFO - Filling up the DagBag from /home/airflow/.local/lib/python3.8/site-packages/airflow/example_dags/example_latest_only_with_trigger.py
[2023-09-09T14:08:50.188+0000] {processor.py:839} INFO - DAG(s) dict_keys(['latest_only_with_trigger']) retrieved from /home/airflow/.local/lib/python3.8/site-packages/airflow/example_dags/example_latest_only_with_trigger.py
[2023-09-09T14:08:50.201+0000] {logging_mixin.py:151} INFO - [2023-09-09T14:08:50.201+0000] {dag.py:2907} INFO - Sync 1 DAGs
[2023-09-09T14:08:50.214+0000] {logging_mixin.py:151} INFO - [2023-09-09T14:08:50.214+0000] {dag.py:3677} INFO - Setting next_dagrun for latest_only_with_trigger to 2023-09-09T10:08:50.214592+00:00, run_after=2023-09-09T14:08:50.214592+00:00
[2023-09-09T14:08:50.225+0000] {processor.py:179} INFO - Processing /home/airflow/.local/lib/python3.8/site-packages/airflow/example_dags/example_latest_only_with_trigger.py took 0.045 seconds
[2023-09-09T14:09:20.452+0000] {processor.py:157} INFO - Started process (PID=1538) to work on /home/airflow/.local/lib/python3.8/site-packages/airflow/example_dags/example_latest_only_with_trigger.py
[2023-09-09T14:09:20.453+0000] {processor.py:829} INFO - Processing file /home/airflow/.local/lib/python3.8/site-packages/airflow/example_dags/example_latest_only_with_trigger.py for tasks to queue
[2023-09-09T14:09:20.454+0000] {logging_mixin.py:151} INFO - [2023-09-09T14:09:20.454+0000] {dagbag.py:539} INFO - Filling up the DagBag from /home/airflow/.local/lib/python3.8/site-packages/airflow/example_dags/example_latest_only_with_trigger.py
[2023-09-09T14:09:20.458+0000] {processor.py:839} INFO - DAG(s) dict_keys(['latest_only_with_trigger']) retrieved from /home/airflow/.local/lib/python3.8/site-packages/airflow/example_dags/example_latest_only_with_trigger.py
[2023-09-09T14:09:20.475+0000] {logging_mixin.py:151} INFO - [2023-09-09T14:09:20.475+0000] {dag.py:2907} INFO - Sync 1 DAGs
[2023-09-09T14:09:20.488+0000] {logging_mixin.py:151} INFO - [2023-09-09T14:09:20.488+0000] {dag.py:3677} INFO - Setting next_dagrun for latest_only_with_trigger to 2023-09-09T10:09:20.488497+00:00, run_after=2023-09-09T14:09:20.488497+00:00
[2023-09-09T14:09:20.499+0000] {processor.py:179} INFO - Processing /home/airflow/.local/lib/python3.8/site-packages/airflow/example_dags/example_latest_only_with_trigger.py took 0.049 seconds
[2023-09-09T14:09:50.561+0000] {processor.py:157} INFO - Started process (PID=1595) to work on /home/airflow/.local/lib/python3.8/site-packages/airflow/example_dags/example_latest_only_with_trigger.py
[2023-09-09T14:09:50.561+0000] {processor.py:829} INFO - Processing file /home/airflow/.local/lib/python3.8/site-packages/airflow/example_dags/example_latest_only_with_trigger.py for tasks to queue
[2023-09-09T14:09:50.563+0000] {logging_mixin.py:151} INFO - [2023-09-09T14:09:50.563+0000] {dagbag.py:539} INFO - Filling up the DagBag from /home/airflow/.local/lib/python3.8/site-packages/airflow/example_dags/example_latest_only_with_trigger.py
[2023-09-09T14:09:50.567+0000] {processor.py:839} INFO - DAG(s) dict_keys(['latest_only_with_trigger']) retrieved from /home/airflow/.local/lib/python3.8/site-packages/airflow/example_dags/example_latest_only_with_trigger.py
[2023-09-09T14:09:50.580+0000] {logging_mixin.py:151} INFO - [2023-09-09T14:09:50.580+0000] {dag.py:2907} INFO - Sync 1 DAGs
[2023-09-09T14:09:50.594+0000] {logging_mixin.py:151} INFO - [2023-09-09T14:09:50.594+0000] {dag.py:3677} INFO - Setting next_dagrun for latest_only_with_trigger to 2023-09-09T10:09:50.594117+00:00, run_after=2023-09-09T14:09:50.594117+00:00
[2023-09-09T14:09:50.606+0000] {processor.py:179} INFO - Processing /home/airflow/.local/lib/python3.8/site-packages/airflow/example_dags/example_latest_only_with_trigger.py took 0.047 seconds
[2023-09-09T14:10:20.754+0000] {processor.py:157} INFO - Started process (PID=1655) to work on /home/airflow/.local/lib/python3.8/site-packages/airflow/example_dags/example_latest_only_with_trigger.py
[2023-09-09T14:10:20.754+0000] {processor.py:829} INFO - Processing file /home/airflow/.local/lib/python3.8/site-packages/airflow/example_dags/example_latest_only_with_trigger.py for tasks to queue
[2023-09-09T14:10:20.756+0000] {logging_mixin.py:151} INFO - [2023-09-09T14:10:20.756+0000] {dagbag.py:539} INFO - Filling up the DagBag from /home/airflow/.local/lib/python3.8/site-packages/airflow/example_dags/example_latest_only_with_trigger.py
[2023-09-09T14:10:20.760+0000] {processor.py:839} INFO - DAG(s) dict_keys(['latest_only_with_trigger']) retrieved from /home/airflow/.local/lib/python3.8/site-packages/airflow/example_dags/example_latest_only_with_trigger.py
[2023-09-09T14:10:20.775+0000] {logging_mixin.py:151} INFO - [2023-09-09T14:10:20.775+0000] {dag.py:2907} INFO - Sync 1 DAGs
[2023-09-09T14:10:20.788+0000] {logging_mixin.py:151} INFO - [2023-09-09T14:10:20.788+0000] {dag.py:3677} INFO - Setting next_dagrun for latest_only_with_trigger to 2023-09-09T10:10:20.788296+00:00, run_after=2023-09-09T14:10:20.788296+00:00
[2023-09-09T14:10:20.799+0000] {processor.py:179} INFO - Processing /home/airflow/.local/lib/python3.8/site-packages/airflow/example_dags/example_latest_only_with_trigger.py took 0.047 seconds
[2023-09-09T14:10:50.974+0000] {processor.py:157} INFO - Started process (PID=1717) to work on /home/airflow/.local/lib/python3.8/site-packages/airflow/example_dags/example_latest_only_with_trigger.py
[2023-09-09T14:10:50.974+0000] {processor.py:829} INFO - Processing file /home/airflow/.local/lib/python3.8/site-packages/airflow/example_dags/example_latest_only_with_trigger.py for tasks to queue
[2023-09-09T14:10:50.976+0000] {logging_mixin.py:151} INFO - [2023-09-09T14:10:50.976+0000] {dagbag.py:539} INFO - Filling up the DagBag from /home/airflow/.local/lib/python3.8/site-packages/airflow/example_dags/example_latest_only_with_trigger.py
[2023-09-09T14:10:50.980+0000] {processor.py:839} INFO - DAG(s) dict_keys(['latest_only_with_trigger']) retrieved from /home/airflow/.local/lib/python3.8/site-packages/airflow/example_dags/example_latest_only_with_trigger.py
[2023-09-09T14:10:50.995+0000] {logging_mixin.py:151} INFO - [2023-09-09T14:10:50.994+0000] {dag.py:2907} INFO - Sync 1 DAGs
[2023-09-09T14:10:51.009+0000] {logging_mixin.py:151} INFO - [2023-09-09T14:10:51.008+0000] {dag.py:3677} INFO - Setting next_dagrun for latest_only_with_trigger to 2023-09-09T10:10:51.008812+00:00, run_after=2023-09-09T14:10:51.008812+00:00
[2023-09-09T14:10:51.021+0000] {processor.py:179} INFO - Processing /home/airflow/.local/lib/python3.8/site-packages/airflow/example_dags/example_latest_only_with_trigger.py took 0.050 seconds
[2023-09-09T14:11:21.237+0000] {processor.py:157} INFO - Started process (PID=1772) to work on /home/airflow/.local/lib/python3.8/site-packages/airflow/example_dags/example_latest_only_with_trigger.py
[2023-09-09T14:11:21.238+0000] {processor.py:829} INFO - Processing file /home/airflow/.local/lib/python3.8/site-packages/airflow/example_dags/example_latest_only_with_trigger.py for tasks to queue
[2023-09-09T14:11:21.239+0000] {logging_mixin.py:151} INFO - [2023-09-09T14:11:21.239+0000] {dagbag.py:539} INFO - Filling up the DagBag from /home/airflow/.local/lib/python3.8/site-packages/airflow/example_dags/example_latest_only_with_trigger.py
[2023-09-09T14:11:21.243+0000] {processor.py:839} INFO - DAG(s) dict_keys(['latest_only_with_trigger']) retrieved from /home/airflow/.local/lib/python3.8/site-packages/airflow/example_dags/example_latest_only_with_trigger.py
[2023-09-09T14:11:21.255+0000] {logging_mixin.py:151} INFO - [2023-09-09T14:11:21.255+0000] {dag.py:2907} INFO - Sync 1 DAGs
[2023-09-09T14:11:21.268+0000] {logging_mixin.py:151} INFO - [2023-09-09T14:11:21.268+0000] {dag.py:3677} INFO - Setting next_dagrun for latest_only_with_trigger to 2023-09-09T10:11:21.268728+00:00, run_after=2023-09-09T14:11:21.268728+00:00
[2023-09-09T14:11:21.279+0000] {processor.py:179} INFO - Processing /home/airflow/.local/lib/python3.8/site-packages/airflow/example_dags/example_latest_only_with_trigger.py took 0.045 seconds
[2023-09-09T14:11:51.345+0000] {processor.py:157} INFO - Started process (PID=1827) to work on /home/airflow/.local/lib/python3.8/site-packages/airflow/example_dags/example_latest_only_with_trigger.py
[2023-09-09T14:11:51.346+0000] {processor.py:829} INFO - Processing file /home/airflow/.local/lib/python3.8/site-packages/airflow/example_dags/example_latest_only_with_trigger.py for tasks to queue
[2023-09-09T14:11:51.348+0000] {logging_mixin.py:151} INFO - [2023-09-09T14:11:51.347+0000] {dagbag.py:539} INFO - Filling up the DagBag from /home/airflow/.local/lib/python3.8/site-packages/airflow/example_dags/example_latest_only_with_trigger.py
[2023-09-09T14:11:51.351+0000] {processor.py:839} INFO - DAG(s) dict_keys(['latest_only_with_trigger']) retrieved from /home/airflow/.local/lib/python3.8/site-packages/airflow/example_dags/example_latest_only_with_trigger.py
[2023-09-09T14:11:51.366+0000] {logging_mixin.py:151} INFO - [2023-09-09T14:11:51.366+0000] {dag.py:2907} INFO - Sync 1 DAGs
[2023-09-09T14:11:51.381+0000] {logging_mixin.py:151} INFO - [2023-09-09T14:11:51.381+0000] {dag.py:3677} INFO - Setting next_dagrun for latest_only_with_trigger to 2023-09-09T10:11:51.381315+00:00, run_after=2023-09-09T14:11:51.381315+00:00
[2023-09-09T14:11:51.393+0000] {processor.py:179} INFO - Processing /home/airflow/.local/lib/python3.8/site-packages/airflow/example_dags/example_latest_only_with_trigger.py took 0.050 seconds
[2023-09-09T14:12:21.470+0000] {processor.py:157} INFO - Started process (PID=1883) to work on /home/airflow/.local/lib/python3.8/site-packages/airflow/example_dags/example_latest_only_with_trigger.py
[2023-09-09T14:12:21.471+0000] {processor.py:829} INFO - Processing file /home/airflow/.local/lib/python3.8/site-packages/airflow/example_dags/example_latest_only_with_trigger.py for tasks to queue
[2023-09-09T14:12:21.472+0000] {logging_mixin.py:151} INFO - [2023-09-09T14:12:21.472+0000] {dagbag.py:539} INFO - Filling up the DagBag from /home/airflow/.local/lib/python3.8/site-packages/airflow/example_dags/example_latest_only_with_trigger.py
[2023-09-09T14:12:21.476+0000] {processor.py:839} INFO - DAG(s) dict_keys(['latest_only_with_trigger']) retrieved from /home/airflow/.local/lib/python3.8/site-packages/airflow/example_dags/example_latest_only_with_trigger.py
[2023-09-09T14:12:21.489+0000] {logging_mixin.py:151} INFO - [2023-09-09T14:12:21.489+0000] {dag.py:2907} INFO - Sync 1 DAGs
[2023-09-09T14:12:21.503+0000] {logging_mixin.py:151} INFO - [2023-09-09T14:12:21.503+0000] {dag.py:3677} INFO - Setting next_dagrun for latest_only_with_trigger to 2023-09-09T10:12:21.503549+00:00, run_after=2023-09-09T14:12:21.503549+00:00
[2023-09-09T14:12:21.515+0000] {processor.py:179} INFO - Processing /home/airflow/.local/lib/python3.8/site-packages/airflow/example_dags/example_latest_only_with_trigger.py took 0.048 seconds
[2023-09-09T14:12:51.757+0000] {processor.py:157} INFO - Started process (PID=1940) to work on /home/airflow/.local/lib/python3.8/site-packages/airflow/example_dags/example_latest_only_with_trigger.py
[2023-09-09T14:12:51.757+0000] {processor.py:829} INFO - Processing file /home/airflow/.local/lib/python3.8/site-packages/airflow/example_dags/example_latest_only_with_trigger.py for tasks to queue
[2023-09-09T14:12:51.759+0000] {logging_mixin.py:151} INFO - [2023-09-09T14:12:51.759+0000] {dagbag.py:539} INFO - Filling up the DagBag from /home/airflow/.local/lib/python3.8/site-packages/airflow/example_dags/example_latest_only_with_trigger.py
[2023-09-09T14:12:51.762+0000] {processor.py:839} INFO - DAG(s) dict_keys(['latest_only_with_trigger']) retrieved from /home/airflow/.local/lib/python3.8/site-packages/airflow/example_dags/example_latest_only_with_trigger.py
[2023-09-09T14:12:51.775+0000] {logging_mixin.py:151} INFO - [2023-09-09T14:12:51.775+0000] {dag.py:2907} INFO - Sync 1 DAGs
[2023-09-09T14:12:51.789+0000] {logging_mixin.py:151} INFO - [2023-09-09T14:12:51.788+0000] {dag.py:3677} INFO - Setting next_dagrun for latest_only_with_trigger to 2023-09-09T10:12:51.788641+00:00, run_after=2023-09-09T14:12:51.788641+00:00
[2023-09-09T14:12:51.799+0000] {processor.py:179} INFO - Processing /home/airflow/.local/lib/python3.8/site-packages/airflow/example_dags/example_latest_only_with_trigger.py took 0.045 seconds
[2023-09-09T14:13:21.934+0000] {processor.py:157} INFO - Started process (PID=1995) to work on /home/airflow/.local/lib/python3.8/site-packages/airflow/example_dags/example_latest_only_with_trigger.py
[2023-09-09T14:13:21.935+0000] {processor.py:829} INFO - Processing file /home/airflow/.local/lib/python3.8/site-packages/airflow/example_dags/example_latest_only_with_trigger.py for tasks to queue
[2023-09-09T14:13:21.936+0000] {logging_mixin.py:151} INFO - [2023-09-09T14:13:21.936+0000] {dagbag.py:539} INFO - Filling up the DagBag from /home/airflow/.local/lib/python3.8/site-packages/airflow/example_dags/example_latest_only_with_trigger.py
[2023-09-09T14:13:21.940+0000] {processor.py:839} INFO - DAG(s) dict_keys(['latest_only_with_trigger']) retrieved from /home/airflow/.local/lib/python3.8/site-packages/airflow/example_dags/example_latest_only_with_trigger.py
[2023-09-09T14:13:21.953+0000] {logging_mixin.py:151} INFO - [2023-09-09T14:13:21.953+0000] {dag.py:2907} INFO - Sync 1 DAGs
[2023-09-09T14:13:21.967+0000] {logging_mixin.py:151} INFO - [2023-09-09T14:13:21.966+0000] {dag.py:3677} INFO - Setting next_dagrun for latest_only_with_trigger to 2023-09-09T10:13:21.966700+00:00, run_after=2023-09-09T14:13:21.966700+00:00
[2023-09-09T14:13:21.978+0000] {processor.py:179} INFO - Processing /home/airflow/.local/lib/python3.8/site-packages/airflow/example_dags/example_latest_only_with_trigger.py took 0.046 seconds
[2023-09-09T14:13:52.121+0000] {processor.py:157} INFO - Started process (PID=2051) to work on /home/airflow/.local/lib/python3.8/site-packages/airflow/example_dags/example_latest_only_with_trigger.py
[2023-09-09T14:13:52.122+0000] {processor.py:829} INFO - Processing file /home/airflow/.local/lib/python3.8/site-packages/airflow/example_dags/example_latest_only_with_trigger.py for tasks to queue
[2023-09-09T14:13:52.124+0000] {logging_mixin.py:151} INFO - [2023-09-09T14:13:52.123+0000] {dagbag.py:539} INFO - Filling up the DagBag from /home/airflow/.local/lib/python3.8/site-packages/airflow/example_dags/example_latest_only_with_trigger.py
[2023-09-09T14:13:52.127+0000] {processor.py:839} INFO - DAG(s) dict_keys(['latest_only_with_trigger']) retrieved from /home/airflow/.local/lib/python3.8/site-packages/airflow/example_dags/example_latest_only_with_trigger.py
[2023-09-09T14:13:52.140+0000] {logging_mixin.py:151} INFO - [2023-09-09T14:13:52.140+0000] {dag.py:2907} INFO - Sync 1 DAGs
[2023-09-09T14:13:52.153+0000] {logging_mixin.py:151} INFO - [2023-09-09T14:13:52.153+0000] {dag.py:3677} INFO - Setting next_dagrun for latest_only_with_trigger to 2023-09-09T10:13:52.153533+00:00, run_after=2023-09-09T14:13:52.153533+00:00
[2023-09-09T14:13:52.165+0000] {processor.py:179} INFO - Processing /home/airflow/.local/lib/python3.8/site-packages/airflow/example_dags/example_latest_only_with_trigger.py took 0.046 seconds
[2023-09-09T14:14:22.320+0000] {processor.py:157} INFO - Started process (PID=2107) to work on /home/airflow/.local/lib/python3.8/site-packages/airflow/example_dags/example_latest_only_with_trigger.py
[2023-09-09T14:14:22.321+0000] {processor.py:829} INFO - Processing file /home/airflow/.local/lib/python3.8/site-packages/airflow/example_dags/example_latest_only_with_trigger.py for tasks to queue
[2023-09-09T14:14:22.323+0000] {logging_mixin.py:151} INFO - [2023-09-09T14:14:22.323+0000] {dagbag.py:539} INFO - Filling up the DagBag from /home/airflow/.local/lib/python3.8/site-packages/airflow/example_dags/example_latest_only_with_trigger.py
[2023-09-09T14:14:22.327+0000] {processor.py:839} INFO - DAG(s) dict_keys(['latest_only_with_trigger']) retrieved from /home/airflow/.local/lib/python3.8/site-packages/airflow/example_dags/example_latest_only_with_trigger.py
[2023-09-09T14:14:22.342+0000] {logging_mixin.py:151} INFO - [2023-09-09T14:14:22.342+0000] {dag.py:2907} INFO - Sync 1 DAGs
[2023-09-09T14:14:22.356+0000] {logging_mixin.py:151} INFO - [2023-09-09T14:14:22.356+0000] {dag.py:3677} INFO - Setting next_dagrun for latest_only_with_trigger to 2023-09-09T10:14:22.355894+00:00, run_after=2023-09-09T14:14:22.355894+00:00
[2023-09-09T14:14:22.368+0000] {processor.py:179} INFO - Processing /home/airflow/.local/lib/python3.8/site-packages/airflow/example_dags/example_latest_only_with_trigger.py took 0.050 seconds
[2023-09-09T14:14:52.469+0000] {processor.py:157} INFO - Started process (PID=2162) to work on /home/airflow/.local/lib/python3.8/site-packages/airflow/example_dags/example_latest_only_with_trigger.py
[2023-09-09T14:14:52.469+0000] {processor.py:829} INFO - Processing file /home/airflow/.local/lib/python3.8/site-packages/airflow/example_dags/example_latest_only_with_trigger.py for tasks to queue
[2023-09-09T14:14:52.471+0000] {logging_mixin.py:151} INFO - [2023-09-09T14:14:52.470+0000] {dagbag.py:539} INFO - Filling up the DagBag from /home/airflow/.local/lib/python3.8/site-packages/airflow/example_dags/example_latest_only_with_trigger.py
[2023-09-09T14:14:52.475+0000] {processor.py:839} INFO - DAG(s) dict_keys(['latest_only_with_trigger']) retrieved from /home/airflow/.local/lib/python3.8/site-packages/airflow/example_dags/example_latest_only_with_trigger.py
[2023-09-09T14:14:52.489+0000] {logging_mixin.py:151} INFO - [2023-09-09T14:14:52.489+0000] {dag.py:2907} INFO - Sync 1 DAGs
[2023-09-09T14:14:52.502+0000] {logging_mixin.py:151} INFO - [2023-09-09T14:14:52.501+0000] {dag.py:3677} INFO - Setting next_dagrun for latest_only_with_trigger to 2023-09-09T10:14:52.501800+00:00, run_after=2023-09-09T14:14:52.501800+00:00
[2023-09-09T14:14:52.512+0000] {processor.py:179} INFO - Processing /home/airflow/.local/lib/python3.8/site-packages/airflow/example_dags/example_latest_only_with_trigger.py took 0.046 seconds
[2023-09-09T14:15:22.685+0000] {processor.py:157} INFO - Started process (PID=2218) to work on /home/airflow/.local/lib/python3.8/site-packages/airflow/example_dags/example_latest_only_with_trigger.py
[2023-09-09T14:15:22.686+0000] {processor.py:829} INFO - Processing file /home/airflow/.local/lib/python3.8/site-packages/airflow/example_dags/example_latest_only_with_trigger.py for tasks to queue
[2023-09-09T14:15:22.688+0000] {logging_mixin.py:151} INFO - [2023-09-09T14:15:22.688+0000] {dagbag.py:539} INFO - Filling up the DagBag from /home/airflow/.local/lib/python3.8/site-packages/airflow/example_dags/example_latest_only_with_trigger.py
[2023-09-09T14:15:22.691+0000] {processor.py:839} INFO - DAG(s) dict_keys(['latest_only_with_trigger']) retrieved from /home/airflow/.local/lib/python3.8/site-packages/airflow/example_dags/example_latest_only_with_trigger.py
[2023-09-09T14:15:22.705+0000] {logging_mixin.py:151} INFO - [2023-09-09T14:15:22.705+0000] {dag.py:2907} INFO - Sync 1 DAGs
[2023-09-09T14:15:22.719+0000] {logging_mixin.py:151} INFO - [2023-09-09T14:15:22.719+0000] {dag.py:3677} INFO - Setting next_dagrun for latest_only_with_trigger to 2023-09-09T10:15:22.719483+00:00, run_after=2023-09-09T14:15:22.719483+00:00
[2023-09-09T14:15:22.731+0000] {processor.py:179} INFO - Processing /home/airflow/.local/lib/python3.8/site-packages/airflow/example_dags/example_latest_only_with_trigger.py took 0.048 seconds
[2023-09-09T14:15:52.866+0000] {processor.py:157} INFO - Started process (PID=2273) to work on /home/airflow/.local/lib/python3.8/site-packages/airflow/example_dags/example_latest_only_with_trigger.py
[2023-09-09T14:15:52.867+0000] {processor.py:829} INFO - Processing file /home/airflow/.local/lib/python3.8/site-packages/airflow/example_dags/example_latest_only_with_trigger.py for tasks to queue
[2023-09-09T14:15:52.869+0000] {logging_mixin.py:151} INFO - [2023-09-09T14:15:52.869+0000] {dagbag.py:539} INFO - Filling up the DagBag from /home/airflow/.local/lib/python3.8/site-packages/airflow/example_dags/example_latest_only_with_trigger.py
[2023-09-09T14:15:52.873+0000] {processor.py:839} INFO - DAG(s) dict_keys(['latest_only_with_trigger']) retrieved from /home/airflow/.local/lib/python3.8/site-packages/airflow/example_dags/example_latest_only_with_trigger.py
[2023-09-09T14:15:52.887+0000] {logging_mixin.py:151} INFO - [2023-09-09T14:15:52.887+0000] {dag.py:2907} INFO - Sync 1 DAGs
[2023-09-09T14:15:52.902+0000] {logging_mixin.py:151} INFO - [2023-09-09T14:15:52.902+0000] {dag.py:3677} INFO - Setting next_dagrun for latest_only_with_trigger to 2023-09-09T10:15:52.902320+00:00, run_after=2023-09-09T14:15:52.902320+00:00
[2023-09-09T14:15:52.914+0000] {processor.py:179} INFO - Processing /home/airflow/.local/lib/python3.8/site-packages/airflow/example_dags/example_latest_only_with_trigger.py took 0.049 seconds
[2023-09-09T14:16:23.109+0000] {processor.py:157} INFO - Started process (PID=2328) to work on /home/airflow/.local/lib/python3.8/site-packages/airflow/example_dags/example_latest_only_with_trigger.py
[2023-09-09T14:16:23.110+0000] {processor.py:829} INFO - Processing file /home/airflow/.local/lib/python3.8/site-packages/airflow/example_dags/example_latest_only_with_trigger.py for tasks to queue
[2023-09-09T14:16:23.111+0000] {logging_mixin.py:151} INFO - [2023-09-09T14:16:23.111+0000] {dagbag.py:539} INFO - Filling up the DagBag from /home/airflow/.local/lib/python3.8/site-packages/airflow/example_dags/example_latest_only_with_trigger.py
[2023-09-09T14:16:23.114+0000] {processor.py:839} INFO - DAG(s) dict_keys(['latest_only_with_trigger']) retrieved from /home/airflow/.local/lib/python3.8/site-packages/airflow/example_dags/example_latest_only_with_trigger.py
[2023-09-09T14:16:23.127+0000] {logging_mixin.py:151} INFO - [2023-09-09T14:16:23.126+0000] {dag.py:2907} INFO - Sync 1 DAGs
[2023-09-09T14:16:23.139+0000] {logging_mixin.py:151} INFO - [2023-09-09T14:16:23.139+0000] {dag.py:3677} INFO - Setting next_dagrun for latest_only_with_trigger to 2023-09-09T10:16:23.139605+00:00, run_after=2023-09-09T14:16:23.139605+00:00
[2023-09-09T14:16:23.151+0000] {processor.py:179} INFO - Processing /home/airflow/.local/lib/python3.8/site-packages/airflow/example_dags/example_latest_only_with_trigger.py took 0.044 seconds
[2023-09-09T14:16:53.430+0000] {processor.py:157} INFO - Started process (PID=2383) to work on /home/airflow/.local/lib/python3.8/site-packages/airflow/example_dags/example_latest_only_with_trigger.py
[2023-09-09T14:16:53.431+0000] {processor.py:829} INFO - Processing file /home/airflow/.local/lib/python3.8/site-packages/airflow/example_dags/example_latest_only_with_trigger.py for tasks to queue
[2023-09-09T14:16:53.432+0000] {logging_mixin.py:151} INFO - [2023-09-09T14:16:53.432+0000] {dagbag.py:539} INFO - Filling up the DagBag from /home/airflow/.local/lib/python3.8/site-packages/airflow/example_dags/example_latest_only_with_trigger.py
[2023-09-09T14:16:53.436+0000] {processor.py:839} INFO - DAG(s) dict_keys(['latest_only_with_trigger']) retrieved from /home/airflow/.local/lib/python3.8/site-packages/airflow/example_dags/example_latest_only_with_trigger.py
[2023-09-09T14:16:53.448+0000] {logging_mixin.py:151} INFO - [2023-09-09T14:16:53.448+0000] {dag.py:2907} INFO - Sync 1 DAGs
[2023-09-09T14:16:53.461+0000] {logging_mixin.py:151} INFO - [2023-09-09T14:16:53.461+0000] {dag.py:3677} INFO - Setting next_dagrun for latest_only_with_trigger to 2023-09-09T10:16:53.461439+00:00, run_after=2023-09-09T14:16:53.461439+00:00
[2023-09-09T14:16:53.472+0000] {processor.py:179} INFO - Processing /home/airflow/.local/lib/python3.8/site-packages/airflow/example_dags/example_latest_only_with_trigger.py took 0.043 seconds
