[2023-09-09T13:55:44.328+0000] {processor.py:157} INFO - Started process (PID=70) to work on /home/airflow/.local/lib/python3.8/site-packages/airflow/example_dags/example_setup_teardown_taskflow.py
[2023-09-09T13:55:44.329+0000] {processor.py:829} INFO - Processing file /home/airflow/.local/lib/python3.8/site-packages/airflow/example_dags/example_setup_teardown_taskflow.py for tasks to queue
[2023-09-09T13:55:44.331+0000] {logging_mixin.py:151} INFO - [2023-09-09T13:55:44.331+0000] {dagbag.py:539} INFO - Filling up the DagBag from /home/airflow/.local/lib/python3.8/site-packages/airflow/example_dags/example_setup_teardown_taskflow.py
[2023-09-09T13:55:44.337+0000] {processor.py:839} INFO - DAG(s) dict_keys(['example_setup_teardown_taskflow']) retrieved from /home/airflow/.local/lib/python3.8/site-packages/airflow/example_dags/example_setup_teardown_taskflow.py
[2023-09-09T13:55:44.351+0000] {logging_mixin.py:151} INFO - [2023-09-09T13:55:44.351+0000] {dag.py:2907} INFO - Sync 1 DAGs
[2023-09-09T13:55:44.475+0000] {logging_mixin.py:151} INFO - [2023-09-09T13:55:44.475+0000] {dag.py:3677} INFO - Setting next_dagrun for example_setup_teardown_taskflow to 2023-09-08T13:55:44.475163+00:00, run_after=2023-09-09T13:55:44.475163+00:00
[2023-09-09T13:55:44.488+0000] {processor.py:179} INFO - Processing /home/airflow/.local/lib/python3.8/site-packages/airflow/example_dags/example_setup_teardown_taskflow.py took 0.162 seconds
[2023-09-09T13:56:15.344+0000] {processor.py:157} INFO - Started process (PID=125) to work on /home/airflow/.local/lib/python3.8/site-packages/airflow/example_dags/example_setup_teardown_taskflow.py
[2023-09-09T13:56:15.344+0000] {processor.py:829} INFO - Processing file /home/airflow/.local/lib/python3.8/site-packages/airflow/example_dags/example_setup_teardown_taskflow.py for tasks to queue
[2023-09-09T13:56:15.346+0000] {logging_mixin.py:151} INFO - [2023-09-09T13:56:15.346+0000] {dagbag.py:539} INFO - Filling up the DagBag from /home/airflow/.local/lib/python3.8/site-packages/airflow/example_dags/example_setup_teardown_taskflow.py
[2023-09-09T13:56:15.353+0000] {processor.py:839} INFO - DAG(s) dict_keys(['example_setup_teardown_taskflow']) retrieved from /home/airflow/.local/lib/python3.8/site-packages/airflow/example_dags/example_setup_teardown_taskflow.py
[2023-09-09T13:56:15.369+0000] {logging_mixin.py:151} INFO - [2023-09-09T13:56:15.368+0000] {dag.py:2907} INFO - Sync 1 DAGs
[2023-09-09T13:56:15.385+0000] {logging_mixin.py:151} INFO - [2023-09-09T13:56:15.385+0000] {dag.py:3677} INFO - Setting next_dagrun for example_setup_teardown_taskflow to 2023-09-08T13:56:15.385110+00:00, run_after=2023-09-09T13:56:15.385110+00:00
[2023-09-09T13:56:15.400+0000] {processor.py:179} INFO - Processing /home/airflow/.local/lib/python3.8/site-packages/airflow/example_dags/example_setup_teardown_taskflow.py took 0.058 seconds
[2023-09-09T13:56:45.429+0000] {processor.py:157} INFO - Started process (PID=179) to work on /home/airflow/.local/lib/python3.8/site-packages/airflow/example_dags/example_setup_teardown_taskflow.py
[2023-09-09T13:56:45.430+0000] {processor.py:829} INFO - Processing file /home/airflow/.local/lib/python3.8/site-packages/airflow/example_dags/example_setup_teardown_taskflow.py for tasks to queue
[2023-09-09T13:56:45.431+0000] {logging_mixin.py:151} INFO - [2023-09-09T13:56:45.431+0000] {dagbag.py:539} INFO - Filling up the DagBag from /home/airflow/.local/lib/python3.8/site-packages/airflow/example_dags/example_setup_teardown_taskflow.py
[2023-09-09T13:56:45.437+0000] {processor.py:839} INFO - DAG(s) dict_keys(['example_setup_teardown_taskflow']) retrieved from /home/airflow/.local/lib/python3.8/site-packages/airflow/example_dags/example_setup_teardown_taskflow.py
[2023-09-09T13:56:45.451+0000] {logging_mixin.py:151} INFO - [2023-09-09T13:56:45.451+0000] {dag.py:2907} INFO - Sync 1 DAGs
[2023-09-09T13:56:45.465+0000] {logging_mixin.py:151} INFO - [2023-09-09T13:56:45.465+0000] {dag.py:3677} INFO - Setting next_dagrun for example_setup_teardown_taskflow to 2023-09-08T13:56:45.464923+00:00, run_after=2023-09-09T13:56:45.464923+00:00
[2023-09-09T13:56:45.476+0000] {processor.py:179} INFO - Processing /home/airflow/.local/lib/python3.8/site-packages/airflow/example_dags/example_setup_teardown_taskflow.py took 0.050 seconds
[2023-09-09T13:57:15.862+0000] {processor.py:157} INFO - Started process (PID=238) to work on /home/airflow/.local/lib/python3.8/site-packages/airflow/example_dags/example_setup_teardown_taskflow.py
[2023-09-09T13:57:15.863+0000] {processor.py:829} INFO - Processing file /home/airflow/.local/lib/python3.8/site-packages/airflow/example_dags/example_setup_teardown_taskflow.py for tasks to queue
[2023-09-09T13:57:15.865+0000] {logging_mixin.py:151} INFO - [2023-09-09T13:57:15.864+0000] {dagbag.py:539} INFO - Filling up the DagBag from /home/airflow/.local/lib/python3.8/site-packages/airflow/example_dags/example_setup_teardown_taskflow.py
[2023-09-09T13:57:15.871+0000] {processor.py:839} INFO - DAG(s) dict_keys(['example_setup_teardown_taskflow']) retrieved from /home/airflow/.local/lib/python3.8/site-packages/airflow/example_dags/example_setup_teardown_taskflow.py
[2023-09-09T13:57:15.884+0000] {logging_mixin.py:151} INFO - [2023-09-09T13:57:15.884+0000] {dag.py:2907} INFO - Sync 1 DAGs
[2023-09-09T13:57:15.898+0000] {logging_mixin.py:151} INFO - [2023-09-09T13:57:15.898+0000] {dag.py:3677} INFO - Setting next_dagrun for example_setup_teardown_taskflow to 2023-09-08T13:57:15.898038+00:00, run_after=2023-09-09T13:57:15.898038+00:00
[2023-09-09T13:57:15.910+0000] {processor.py:179} INFO - Processing /home/airflow/.local/lib/python3.8/site-packages/airflow/example_dags/example_setup_teardown_taskflow.py took 0.050 seconds
[2023-09-09T13:57:46.118+0000] {processor.py:157} INFO - Started process (PID=293) to work on /home/airflow/.local/lib/python3.8/site-packages/airflow/example_dags/example_setup_teardown_taskflow.py
[2023-09-09T13:57:46.119+0000] {processor.py:829} INFO - Processing file /home/airflow/.local/lib/python3.8/site-packages/airflow/example_dags/example_setup_teardown_taskflow.py for tasks to queue
[2023-09-09T13:57:46.120+0000] {logging_mixin.py:151} INFO - [2023-09-09T13:57:46.120+0000] {dagbag.py:539} INFO - Filling up the DagBag from /home/airflow/.local/lib/python3.8/site-packages/airflow/example_dags/example_setup_teardown_taskflow.py
[2023-09-09T13:57:46.126+0000] {processor.py:839} INFO - DAG(s) dict_keys(['example_setup_teardown_taskflow']) retrieved from /home/airflow/.local/lib/python3.8/site-packages/airflow/example_dags/example_setup_teardown_taskflow.py
[2023-09-09T13:57:46.139+0000] {logging_mixin.py:151} INFO - [2023-09-09T13:57:46.139+0000] {dag.py:2907} INFO - Sync 1 DAGs
[2023-09-09T13:57:46.153+0000] {logging_mixin.py:151} INFO - [2023-09-09T13:57:46.152+0000] {dag.py:3677} INFO - Setting next_dagrun for example_setup_teardown_taskflow to 2023-09-08T13:57:46.152731+00:00, run_after=2023-09-09T13:57:46.152731+00:00
[2023-09-09T13:57:46.164+0000] {processor.py:179} INFO - Processing /home/airflow/.local/lib/python3.8/site-packages/airflow/example_dags/example_setup_teardown_taskflow.py took 0.048 seconds
[2023-09-09T13:58:17.176+0000] {processor.py:157} INFO - Started process (PID=349) to work on /home/airflow/.local/lib/python3.8/site-packages/airflow/example_dags/example_setup_teardown_taskflow.py
[2023-09-09T13:58:17.177+0000] {processor.py:829} INFO - Processing file /home/airflow/.local/lib/python3.8/site-packages/airflow/example_dags/example_setup_teardown_taskflow.py for tasks to queue
[2023-09-09T13:58:17.178+0000] {logging_mixin.py:151} INFO - [2023-09-09T13:58:17.178+0000] {dagbag.py:539} INFO - Filling up the DagBag from /home/airflow/.local/lib/python3.8/site-packages/airflow/example_dags/example_setup_teardown_taskflow.py
[2023-09-09T13:58:17.184+0000] {processor.py:839} INFO - DAG(s) dict_keys(['example_setup_teardown_taskflow']) retrieved from /home/airflow/.local/lib/python3.8/site-packages/airflow/example_dags/example_setup_teardown_taskflow.py
[2023-09-09T13:58:17.196+0000] {logging_mixin.py:151} INFO - [2023-09-09T13:58:17.196+0000] {dag.py:2907} INFO - Sync 1 DAGs
[2023-09-09T13:58:17.210+0000] {logging_mixin.py:151} INFO - [2023-09-09T13:58:17.210+0000] {dag.py:3677} INFO - Setting next_dagrun for example_setup_teardown_taskflow to 2023-09-08T13:58:17.210243+00:00, run_after=2023-09-09T13:58:17.210243+00:00
[2023-09-09T13:58:17.221+0000] {processor.py:179} INFO - Processing /home/airflow/.local/lib/python3.8/site-packages/airflow/example_dags/example_setup_teardown_taskflow.py took 0.047 seconds
[2023-09-09T13:58:48.003+0000] {processor.py:157} INFO - Started process (PID=404) to work on /home/airflow/.local/lib/python3.8/site-packages/airflow/example_dags/example_setup_teardown_taskflow.py
[2023-09-09T13:58:48.004+0000] {processor.py:829} INFO - Processing file /home/airflow/.local/lib/python3.8/site-packages/airflow/example_dags/example_setup_teardown_taskflow.py for tasks to queue
[2023-09-09T13:58:48.006+0000] {logging_mixin.py:151} INFO - [2023-09-09T13:58:48.006+0000] {dagbag.py:539} INFO - Filling up the DagBag from /home/airflow/.local/lib/python3.8/site-packages/airflow/example_dags/example_setup_teardown_taskflow.py
[2023-09-09T13:58:48.014+0000] {processor.py:839} INFO - DAG(s) dict_keys(['example_setup_teardown_taskflow']) retrieved from /home/airflow/.local/lib/python3.8/site-packages/airflow/example_dags/example_setup_teardown_taskflow.py
[2023-09-09T13:58:48.028+0000] {logging_mixin.py:151} INFO - [2023-09-09T13:58:48.027+0000] {dag.py:2907} INFO - Sync 1 DAGs
[2023-09-09T13:58:48.042+0000] {logging_mixin.py:151} INFO - [2023-09-09T13:58:48.042+0000] {dag.py:3677} INFO - Setting next_dagrun for example_setup_teardown_taskflow to 2023-09-08T13:58:48.042064+00:00, run_after=2023-09-09T13:58:48.042064+00:00
[2023-09-09T13:58:48.054+0000] {processor.py:179} INFO - Processing /home/airflow/.local/lib/python3.8/site-packages/airflow/example_dags/example_setup_teardown_taskflow.py took 0.053 seconds
[2023-09-09T13:59:18.867+0000] {processor.py:157} INFO - Started process (PID=459) to work on /home/airflow/.local/lib/python3.8/site-packages/airflow/example_dags/example_setup_teardown_taskflow.py
[2023-09-09T13:59:18.867+0000] {processor.py:829} INFO - Processing file /home/airflow/.local/lib/python3.8/site-packages/airflow/example_dags/example_setup_teardown_taskflow.py for tasks to queue
[2023-09-09T13:59:18.869+0000] {logging_mixin.py:151} INFO - [2023-09-09T13:59:18.869+0000] {dagbag.py:539} INFO - Filling up the DagBag from /home/airflow/.local/lib/python3.8/site-packages/airflow/example_dags/example_setup_teardown_taskflow.py
[2023-09-09T13:59:18.875+0000] {processor.py:839} INFO - DAG(s) dict_keys(['example_setup_teardown_taskflow']) retrieved from /home/airflow/.local/lib/python3.8/site-packages/airflow/example_dags/example_setup_teardown_taskflow.py
[2023-09-09T13:59:18.888+0000] {logging_mixin.py:151} INFO - [2023-09-09T13:59:18.887+0000] {dag.py:2907} INFO - Sync 1 DAGs
[2023-09-09T13:59:18.902+0000] {logging_mixin.py:151} INFO - [2023-09-09T13:59:18.902+0000] {dag.py:3677} INFO - Setting next_dagrun for example_setup_teardown_taskflow to 2023-09-08T13:59:18.902009+00:00, run_after=2023-09-09T13:59:18.902009+00:00
[2023-09-09T13:59:18.913+0000] {processor.py:179} INFO - Processing /home/airflow/.local/lib/python3.8/site-packages/airflow/example_dags/example_setup_teardown_taskflow.py took 0.048 seconds
[2023-09-09T13:59:49.754+0000] {processor.py:157} INFO - Started process (PID=514) to work on /home/airflow/.local/lib/python3.8/site-packages/airflow/example_dags/example_setup_teardown_taskflow.py
[2023-09-09T13:59:49.755+0000] {processor.py:829} INFO - Processing file /home/airflow/.local/lib/python3.8/site-packages/airflow/example_dags/example_setup_teardown_taskflow.py for tasks to queue
[2023-09-09T13:59:49.756+0000] {logging_mixin.py:151} INFO - [2023-09-09T13:59:49.756+0000] {dagbag.py:539} INFO - Filling up the DagBag from /home/airflow/.local/lib/python3.8/site-packages/airflow/example_dags/example_setup_teardown_taskflow.py
[2023-09-09T13:59:49.762+0000] {processor.py:839} INFO - DAG(s) dict_keys(['example_setup_teardown_taskflow']) retrieved from /home/airflow/.local/lib/python3.8/site-packages/airflow/example_dags/example_setup_teardown_taskflow.py
[2023-09-09T13:59:49.775+0000] {logging_mixin.py:151} INFO - [2023-09-09T13:59:49.775+0000] {dag.py:2907} INFO - Sync 1 DAGs
[2023-09-09T13:59:49.790+0000] {logging_mixin.py:151} INFO - [2023-09-09T13:59:49.790+0000] {dag.py:3677} INFO - Setting next_dagrun for example_setup_teardown_taskflow to 2023-09-08T13:59:49.790000+00:00, run_after=2023-09-09T13:59:49.790000+00:00
[2023-09-09T13:59:49.803+0000] {processor.py:179} INFO - Processing /home/airflow/.local/lib/python3.8/site-packages/airflow/example_dags/example_setup_teardown_taskflow.py took 0.051 seconds
[2023-09-09T14:00:20.013+0000] {processor.py:157} INFO - Started process (PID=569) to work on /home/airflow/.local/lib/python3.8/site-packages/airflow/example_dags/example_setup_teardown_taskflow.py
[2023-09-09T14:00:20.013+0000] {processor.py:829} INFO - Processing file /home/airflow/.local/lib/python3.8/site-packages/airflow/example_dags/example_setup_teardown_taskflow.py for tasks to queue
[2023-09-09T14:00:20.015+0000] {logging_mixin.py:151} INFO - [2023-09-09T14:00:20.014+0000] {dagbag.py:539} INFO - Filling up the DagBag from /home/airflow/.local/lib/python3.8/site-packages/airflow/example_dags/example_setup_teardown_taskflow.py
[2023-09-09T14:00:20.021+0000] {processor.py:839} INFO - DAG(s) dict_keys(['example_setup_teardown_taskflow']) retrieved from /home/airflow/.local/lib/python3.8/site-packages/airflow/example_dags/example_setup_teardown_taskflow.py
[2023-09-09T14:00:20.034+0000] {logging_mixin.py:151} INFO - [2023-09-09T14:00:20.034+0000] {dag.py:2907} INFO - Sync 1 DAGs
[2023-09-09T14:00:20.047+0000] {logging_mixin.py:151} INFO - [2023-09-09T14:00:20.047+0000] {dag.py:3677} INFO - Setting next_dagrun for example_setup_teardown_taskflow to 2023-09-08T14:00:20.047543+00:00, run_after=2023-09-09T14:00:20.047543+00:00
[2023-09-09T14:00:20.058+0000] {processor.py:179} INFO - Processing /home/airflow/.local/lib/python3.8/site-packages/airflow/example_dags/example_setup_teardown_taskflow.py took 0.048 seconds
[2023-09-09T14:00:50.198+0000] {processor.py:157} INFO - Started process (PID=624) to work on /home/airflow/.local/lib/python3.8/site-packages/airflow/example_dags/example_setup_teardown_taskflow.py
[2023-09-09T14:00:50.198+0000] {processor.py:829} INFO - Processing file /home/airflow/.local/lib/python3.8/site-packages/airflow/example_dags/example_setup_teardown_taskflow.py for tasks to queue
[2023-09-09T14:00:50.200+0000] {logging_mixin.py:151} INFO - [2023-09-09T14:00:50.200+0000] {dagbag.py:539} INFO - Filling up the DagBag from /home/airflow/.local/lib/python3.8/site-packages/airflow/example_dags/example_setup_teardown_taskflow.py
[2023-09-09T14:00:50.206+0000] {processor.py:839} INFO - DAG(s) dict_keys(['example_setup_teardown_taskflow']) retrieved from /home/airflow/.local/lib/python3.8/site-packages/airflow/example_dags/example_setup_teardown_taskflow.py
[2023-09-09T14:00:50.220+0000] {logging_mixin.py:151} INFO - [2023-09-09T14:00:50.220+0000] {dag.py:2907} INFO - Sync 1 DAGs
[2023-09-09T14:00:50.237+0000] {logging_mixin.py:151} INFO - [2023-09-09T14:00:50.237+0000] {dag.py:3677} INFO - Setting next_dagrun for example_setup_teardown_taskflow to 2023-09-08T14:00:50.237474+00:00, run_after=2023-09-09T14:00:50.237474+00:00
[2023-09-09T14:00:50.249+0000] {processor.py:179} INFO - Processing /home/airflow/.local/lib/python3.8/site-packages/airflow/example_dags/example_setup_teardown_taskflow.py took 0.053 seconds
[2023-09-09T14:01:20.445+0000] {processor.py:157} INFO - Started process (PID=679) to work on /home/airflow/.local/lib/python3.8/site-packages/airflow/example_dags/example_setup_teardown_taskflow.py
[2023-09-09T14:01:20.445+0000] {processor.py:829} INFO - Processing file /home/airflow/.local/lib/python3.8/site-packages/airflow/example_dags/example_setup_teardown_taskflow.py for tasks to queue
[2023-09-09T14:01:20.447+0000] {logging_mixin.py:151} INFO - [2023-09-09T14:01:20.447+0000] {dagbag.py:539} INFO - Filling up the DagBag from /home/airflow/.local/lib/python3.8/site-packages/airflow/example_dags/example_setup_teardown_taskflow.py
[2023-09-09T14:01:20.453+0000] {processor.py:839} INFO - DAG(s) dict_keys(['example_setup_teardown_taskflow']) retrieved from /home/airflow/.local/lib/python3.8/site-packages/airflow/example_dags/example_setup_teardown_taskflow.py
[2023-09-09T14:01:20.466+0000] {logging_mixin.py:151} INFO - [2023-09-09T14:01:20.465+0000] {dag.py:2907} INFO - Sync 1 DAGs
[2023-09-09T14:01:20.479+0000] {logging_mixin.py:151} INFO - [2023-09-09T14:01:20.479+0000] {dag.py:3677} INFO - Setting next_dagrun for example_setup_teardown_taskflow to 2023-09-08T14:01:20.479167+00:00, run_after=2023-09-09T14:01:20.479167+00:00
[2023-09-09T14:01:20.490+0000] {processor.py:179} INFO - Processing /home/airflow/.local/lib/python3.8/site-packages/airflow/example_dags/example_setup_teardown_taskflow.py took 0.048 seconds
[2023-09-09T14:01:50.681+0000] {processor.py:157} INFO - Started process (PID=734) to work on /home/airflow/.local/lib/python3.8/site-packages/airflow/example_dags/example_setup_teardown_taskflow.py
[2023-09-09T14:01:50.681+0000] {processor.py:829} INFO - Processing file /home/airflow/.local/lib/python3.8/site-packages/airflow/example_dags/example_setup_teardown_taskflow.py for tasks to queue
[2023-09-09T14:01:50.683+0000] {logging_mixin.py:151} INFO - [2023-09-09T14:01:50.683+0000] {dagbag.py:539} INFO - Filling up the DagBag from /home/airflow/.local/lib/python3.8/site-packages/airflow/example_dags/example_setup_teardown_taskflow.py
[2023-09-09T14:01:50.689+0000] {processor.py:839} INFO - DAG(s) dict_keys(['example_setup_teardown_taskflow']) retrieved from /home/airflow/.local/lib/python3.8/site-packages/airflow/example_dags/example_setup_teardown_taskflow.py
[2023-09-09T14:01:50.702+0000] {logging_mixin.py:151} INFO - [2023-09-09T14:01:50.702+0000] {dag.py:2907} INFO - Sync 1 DAGs
[2023-09-09T14:01:50.717+0000] {logging_mixin.py:151} INFO - [2023-09-09T14:01:50.717+0000] {dag.py:3677} INFO - Setting next_dagrun for example_setup_teardown_taskflow to 2023-09-08T14:01:50.716878+00:00, run_after=2023-09-09T14:01:50.716878+00:00
[2023-09-09T14:01:50.728+0000] {processor.py:179} INFO - Processing /home/airflow/.local/lib/python3.8/site-packages/airflow/example_dags/example_setup_teardown_taskflow.py took 0.050 seconds
[2023-09-09T14:02:21.631+0000] {processor.py:157} INFO - Started process (PID=789) to work on /home/airflow/.local/lib/python3.8/site-packages/airflow/example_dags/example_setup_teardown_taskflow.py
[2023-09-09T14:02:21.632+0000] {processor.py:829} INFO - Processing file /home/airflow/.local/lib/python3.8/site-packages/airflow/example_dags/example_setup_teardown_taskflow.py for tasks to queue
[2023-09-09T14:02:21.634+0000] {logging_mixin.py:151} INFO - [2023-09-09T14:02:21.634+0000] {dagbag.py:539} INFO - Filling up the DagBag from /home/airflow/.local/lib/python3.8/site-packages/airflow/example_dags/example_setup_teardown_taskflow.py
[2023-09-09T14:02:21.640+0000] {processor.py:839} INFO - DAG(s) dict_keys(['example_setup_teardown_taskflow']) retrieved from /home/airflow/.local/lib/python3.8/site-packages/airflow/example_dags/example_setup_teardown_taskflow.py
[2023-09-09T14:02:21.653+0000] {logging_mixin.py:151} INFO - [2023-09-09T14:02:21.653+0000] {dag.py:2907} INFO - Sync 1 DAGs
[2023-09-09T14:02:21.669+0000] {logging_mixin.py:151} INFO - [2023-09-09T14:02:21.669+0000] {dag.py:3677} INFO - Setting next_dagrun for example_setup_teardown_taskflow to 2023-09-08T14:02:21.669670+00:00, run_after=2023-09-09T14:02:21.669670+00:00
[2023-09-09T14:02:21.681+0000] {processor.py:179} INFO - Processing /home/airflow/.local/lib/python3.8/site-packages/airflow/example_dags/example_setup_teardown_taskflow.py took 0.052 seconds
[2023-09-09T14:02:51.862+0000] {processor.py:157} INFO - Started process (PID=844) to work on /home/airflow/.local/lib/python3.8/site-packages/airflow/example_dags/example_setup_teardown_taskflow.py
[2023-09-09T14:02:51.863+0000] {processor.py:829} INFO - Processing file /home/airflow/.local/lib/python3.8/site-packages/airflow/example_dags/example_setup_teardown_taskflow.py for tasks to queue
[2023-09-09T14:02:51.865+0000] {logging_mixin.py:151} INFO - [2023-09-09T14:02:51.865+0000] {dagbag.py:539} INFO - Filling up the DagBag from /home/airflow/.local/lib/python3.8/site-packages/airflow/example_dags/example_setup_teardown_taskflow.py
[2023-09-09T14:02:51.871+0000] {processor.py:839} INFO - DAG(s) dict_keys(['example_setup_teardown_taskflow']) retrieved from /home/airflow/.local/lib/python3.8/site-packages/airflow/example_dags/example_setup_teardown_taskflow.py
[2023-09-09T14:02:51.884+0000] {logging_mixin.py:151} INFO - [2023-09-09T14:02:51.884+0000] {dag.py:2907} INFO - Sync 1 DAGs
[2023-09-09T14:02:51.897+0000] {logging_mixin.py:151} INFO - [2023-09-09T14:02:51.897+0000] {dag.py:3677} INFO - Setting next_dagrun for example_setup_teardown_taskflow to 2023-09-08T14:02:51.897414+00:00, run_after=2023-09-09T14:02:51.897414+00:00
[2023-09-09T14:02:51.908+0000] {processor.py:179} INFO - Processing /home/airflow/.local/lib/python3.8/site-packages/airflow/example_dags/example_setup_teardown_taskflow.py took 0.048 seconds
[2023-09-09T14:03:22.978+0000] {processor.py:157} INFO - Started process (PID=899) to work on /home/airflow/.local/lib/python3.8/site-packages/airflow/example_dags/example_setup_teardown_taskflow.py
[2023-09-09T14:03:22.979+0000] {processor.py:829} INFO - Processing file /home/airflow/.local/lib/python3.8/site-packages/airflow/example_dags/example_setup_teardown_taskflow.py for tasks to queue
[2023-09-09T14:03:22.980+0000] {logging_mixin.py:151} INFO - [2023-09-09T14:03:22.980+0000] {dagbag.py:539} INFO - Filling up the DagBag from /home/airflow/.local/lib/python3.8/site-packages/airflow/example_dags/example_setup_teardown_taskflow.py
[2023-09-09T14:03:22.986+0000] {processor.py:839} INFO - DAG(s) dict_keys(['example_setup_teardown_taskflow']) retrieved from /home/airflow/.local/lib/python3.8/site-packages/airflow/example_dags/example_setup_teardown_taskflow.py
[2023-09-09T14:03:22.999+0000] {logging_mixin.py:151} INFO - [2023-09-09T14:03:22.999+0000] {dag.py:2907} INFO - Sync 1 DAGs
[2023-09-09T14:03:23.012+0000] {logging_mixin.py:151} INFO - [2023-09-09T14:03:23.012+0000] {dag.py:3677} INFO - Setting next_dagrun for example_setup_teardown_taskflow to 2023-09-08T14:03:23.012564+00:00, run_after=2023-09-09T14:03:23.012564+00:00
[2023-09-09T14:03:23.023+0000] {processor.py:179} INFO - Processing /home/airflow/.local/lib/python3.8/site-packages/airflow/example_dags/example_setup_teardown_taskflow.py took 0.047 seconds
[2023-09-09T14:03:53.391+0000] {processor.py:157} INFO - Started process (PID=954) to work on /home/airflow/.local/lib/python3.8/site-packages/airflow/example_dags/example_setup_teardown_taskflow.py
[2023-09-09T14:03:53.392+0000] {processor.py:829} INFO - Processing file /home/airflow/.local/lib/python3.8/site-packages/airflow/example_dags/example_setup_teardown_taskflow.py for tasks to queue
[2023-09-09T14:03:53.394+0000] {logging_mixin.py:151} INFO - [2023-09-09T14:03:53.393+0000] {dagbag.py:539} INFO - Filling up the DagBag from /home/airflow/.local/lib/python3.8/site-packages/airflow/example_dags/example_setup_teardown_taskflow.py
[2023-09-09T14:03:53.400+0000] {processor.py:839} INFO - DAG(s) dict_keys(['example_setup_teardown_taskflow']) retrieved from /home/airflow/.local/lib/python3.8/site-packages/airflow/example_dags/example_setup_teardown_taskflow.py
[2023-09-09T14:03:53.415+0000] {logging_mixin.py:151} INFO - [2023-09-09T14:03:53.415+0000] {dag.py:2907} INFO - Sync 1 DAGs
[2023-09-09T14:03:53.429+0000] {logging_mixin.py:151} INFO - [2023-09-09T14:03:53.429+0000] {dag.py:3677} INFO - Setting next_dagrun for example_setup_teardown_taskflow to 2023-09-08T14:03:53.429111+00:00, run_after=2023-09-09T14:03:53.429111+00:00
[2023-09-09T14:03:53.440+0000] {processor.py:179} INFO - Processing /home/airflow/.local/lib/python3.8/site-packages/airflow/example_dags/example_setup_teardown_taskflow.py took 0.050 seconds
[2023-09-09T14:04:24.431+0000] {processor.py:157} INFO - Started process (PID=1009) to work on /home/airflow/.local/lib/python3.8/site-packages/airflow/example_dags/example_setup_teardown_taskflow.py
[2023-09-09T14:04:24.431+0000] {processor.py:829} INFO - Processing file /home/airflow/.local/lib/python3.8/site-packages/airflow/example_dags/example_setup_teardown_taskflow.py for tasks to queue
[2023-09-09T14:04:24.433+0000] {logging_mixin.py:151} INFO - [2023-09-09T14:04:24.433+0000] {dagbag.py:539} INFO - Filling up the DagBag from /home/airflow/.local/lib/python3.8/site-packages/airflow/example_dags/example_setup_teardown_taskflow.py
[2023-09-09T14:04:24.439+0000] {processor.py:839} INFO - DAG(s) dict_keys(['example_setup_teardown_taskflow']) retrieved from /home/airflow/.local/lib/python3.8/site-packages/airflow/example_dags/example_setup_teardown_taskflow.py
[2023-09-09T14:04:24.452+0000] {logging_mixin.py:151} INFO - [2023-09-09T14:04:24.452+0000] {dag.py:2907} INFO - Sync 1 DAGs
[2023-09-09T14:04:24.471+0000] {logging_mixin.py:151} INFO - [2023-09-09T14:04:24.471+0000] {dag.py:3677} INFO - Setting next_dagrun for example_setup_teardown_taskflow to 2023-09-08T14:04:24.471070+00:00, run_after=2023-09-09T14:04:24.471070+00:00
[2023-09-09T14:04:24.484+0000] {processor.py:179} INFO - Processing /home/airflow/.local/lib/python3.8/site-packages/airflow/example_dags/example_setup_teardown_taskflow.py took 0.055 seconds
[2023-09-09T14:04:55.530+0000] {processor.py:157} INFO - Started process (PID=1064) to work on /home/airflow/.local/lib/python3.8/site-packages/airflow/example_dags/example_setup_teardown_taskflow.py
[2023-09-09T14:04:55.531+0000] {processor.py:829} INFO - Processing file /home/airflow/.local/lib/python3.8/site-packages/airflow/example_dags/example_setup_teardown_taskflow.py for tasks to queue
[2023-09-09T14:04:55.533+0000] {logging_mixin.py:151} INFO - [2023-09-09T14:04:55.533+0000] {dagbag.py:539} INFO - Filling up the DagBag from /home/airflow/.local/lib/python3.8/site-packages/airflow/example_dags/example_setup_teardown_taskflow.py
[2023-09-09T14:04:55.539+0000] {processor.py:839} INFO - DAG(s) dict_keys(['example_setup_teardown_taskflow']) retrieved from /home/airflow/.local/lib/python3.8/site-packages/airflow/example_dags/example_setup_teardown_taskflow.py
[2023-09-09T14:04:55.553+0000] {logging_mixin.py:151} INFO - [2023-09-09T14:04:55.553+0000] {dag.py:2907} INFO - Sync 1 DAGs
[2023-09-09T14:04:55.567+0000] {logging_mixin.py:151} INFO - [2023-09-09T14:04:55.567+0000] {dag.py:3677} INFO - Setting next_dagrun for example_setup_teardown_taskflow to 2023-09-08T14:04:55.567067+00:00, run_after=2023-09-09T14:04:55.567067+00:00
[2023-09-09T14:04:55.580+0000] {processor.py:179} INFO - Processing /home/airflow/.local/lib/python3.8/site-packages/airflow/example_dags/example_setup_teardown_taskflow.py took 0.051 seconds
[2023-09-09T14:05:26.746+0000] {processor.py:157} INFO - Started process (PID=1119) to work on /home/airflow/.local/lib/python3.8/site-packages/airflow/example_dags/example_setup_teardown_taskflow.py
[2023-09-09T14:05:26.746+0000] {processor.py:829} INFO - Processing file /home/airflow/.local/lib/python3.8/site-packages/airflow/example_dags/example_setup_teardown_taskflow.py for tasks to queue
[2023-09-09T14:05:26.747+0000] {logging_mixin.py:151} INFO - [2023-09-09T14:05:26.747+0000] {dagbag.py:539} INFO - Filling up the DagBag from /home/airflow/.local/lib/python3.8/site-packages/airflow/example_dags/example_setup_teardown_taskflow.py
[2023-09-09T14:05:26.753+0000] {processor.py:839} INFO - DAG(s) dict_keys(['example_setup_teardown_taskflow']) retrieved from /home/airflow/.local/lib/python3.8/site-packages/airflow/example_dags/example_setup_teardown_taskflow.py
[2023-09-09T14:05:26.766+0000] {logging_mixin.py:151} INFO - [2023-09-09T14:05:26.766+0000] {dag.py:2907} INFO - Sync 1 DAGs
[2023-09-09T14:05:26.780+0000] {logging_mixin.py:151} INFO - [2023-09-09T14:05:26.780+0000] {dag.py:3677} INFO - Setting next_dagrun for example_setup_teardown_taskflow to 2023-09-08T14:05:26.780202+00:00, run_after=2023-09-09T14:05:26.780202+00:00
[2023-09-09T14:05:26.793+0000] {processor.py:179} INFO - Processing /home/airflow/.local/lib/python3.8/site-packages/airflow/example_dags/example_setup_teardown_taskflow.py took 0.050 seconds
[2023-09-09T14:05:57.902+0000] {processor.py:157} INFO - Started process (PID=1174) to work on /home/airflow/.local/lib/python3.8/site-packages/airflow/example_dags/example_setup_teardown_taskflow.py
[2023-09-09T14:05:57.903+0000] {processor.py:829} INFO - Processing file /home/airflow/.local/lib/python3.8/site-packages/airflow/example_dags/example_setup_teardown_taskflow.py for tasks to queue
[2023-09-09T14:05:57.905+0000] {logging_mixin.py:151} INFO - [2023-09-09T14:05:57.905+0000] {dagbag.py:539} INFO - Filling up the DagBag from /home/airflow/.local/lib/python3.8/site-packages/airflow/example_dags/example_setup_teardown_taskflow.py
[2023-09-09T14:05:57.911+0000] {processor.py:839} INFO - DAG(s) dict_keys(['example_setup_teardown_taskflow']) retrieved from /home/airflow/.local/lib/python3.8/site-packages/airflow/example_dags/example_setup_teardown_taskflow.py
[2023-09-09T14:05:57.925+0000] {logging_mixin.py:151} INFO - [2023-09-09T14:05:57.925+0000] {dag.py:2907} INFO - Sync 1 DAGs
[2023-09-09T14:05:57.938+0000] {logging_mixin.py:151} INFO - [2023-09-09T14:05:57.938+0000] {dag.py:3677} INFO - Setting next_dagrun for example_setup_teardown_taskflow to 2023-09-08T14:05:57.938649+00:00, run_after=2023-09-09T14:05:57.938649+00:00
[2023-09-09T14:05:57.950+0000] {processor.py:179} INFO - Processing /home/airflow/.local/lib/python3.8/site-packages/airflow/example_dags/example_setup_teardown_taskflow.py took 0.049 seconds
[2023-09-09T14:06:28.186+0000] {processor.py:157} INFO - Started process (PID=1229) to work on /home/airflow/.local/lib/python3.8/site-packages/airflow/example_dags/example_setup_teardown_taskflow.py
[2023-09-09T14:06:28.187+0000] {processor.py:829} INFO - Processing file /home/airflow/.local/lib/python3.8/site-packages/airflow/example_dags/example_setup_teardown_taskflow.py for tasks to queue
[2023-09-09T14:06:28.188+0000] {logging_mixin.py:151} INFO - [2023-09-09T14:06:28.188+0000] {dagbag.py:539} INFO - Filling up the DagBag from /home/airflow/.local/lib/python3.8/site-packages/airflow/example_dags/example_setup_teardown_taskflow.py
[2023-09-09T14:06:28.194+0000] {processor.py:839} INFO - DAG(s) dict_keys(['example_setup_teardown_taskflow']) retrieved from /home/airflow/.local/lib/python3.8/site-packages/airflow/example_dags/example_setup_teardown_taskflow.py
[2023-09-09T14:06:28.208+0000] {logging_mixin.py:151} INFO - [2023-09-09T14:06:28.208+0000] {dag.py:2907} INFO - Sync 1 DAGs
[2023-09-09T14:06:28.223+0000] {logging_mixin.py:151} INFO - [2023-09-09T14:06:28.223+0000] {dag.py:3677} INFO - Setting next_dagrun for example_setup_teardown_taskflow to 2023-09-08T14:06:28.222983+00:00, run_after=2023-09-09T14:06:28.222983+00:00
[2023-09-09T14:06:28.234+0000] {processor.py:179} INFO - Processing /home/airflow/.local/lib/python3.8/site-packages/airflow/example_dags/example_setup_teardown_taskflow.py took 0.050 seconds
[2023-09-09T14:06:59.167+0000] {processor.py:157} INFO - Started process (PID=1284) to work on /home/airflow/.local/lib/python3.8/site-packages/airflow/example_dags/example_setup_teardown_taskflow.py
[2023-09-09T14:06:59.168+0000] {processor.py:829} INFO - Processing file /home/airflow/.local/lib/python3.8/site-packages/airflow/example_dags/example_setup_teardown_taskflow.py for tasks to queue
[2023-09-09T14:06:59.170+0000] {logging_mixin.py:151} INFO - [2023-09-09T14:06:59.169+0000] {dagbag.py:539} INFO - Filling up the DagBag from /home/airflow/.local/lib/python3.8/site-packages/airflow/example_dags/example_setup_teardown_taskflow.py
[2023-09-09T14:06:59.176+0000] {processor.py:839} INFO - DAG(s) dict_keys(['example_setup_teardown_taskflow']) retrieved from /home/airflow/.local/lib/python3.8/site-packages/airflow/example_dags/example_setup_teardown_taskflow.py
[2023-09-09T14:06:59.189+0000] {logging_mixin.py:151} INFO - [2023-09-09T14:06:59.189+0000] {dag.py:2907} INFO - Sync 1 DAGs
[2023-09-09T14:06:59.202+0000] {logging_mixin.py:151} INFO - [2023-09-09T14:06:59.202+0000] {dag.py:3677} INFO - Setting next_dagrun for example_setup_teardown_taskflow to 2023-09-08T14:06:59.202163+00:00, run_after=2023-09-09T14:06:59.202163+00:00
[2023-09-09T14:06:59.213+0000] {processor.py:179} INFO - Processing /home/airflow/.local/lib/python3.8/site-packages/airflow/example_dags/example_setup_teardown_taskflow.py took 0.048 seconds
[2023-09-09T14:07:30.314+0000] {processor.py:157} INFO - Started process (PID=1339) to work on /home/airflow/.local/lib/python3.8/site-packages/airflow/example_dags/example_setup_teardown_taskflow.py
[2023-09-09T14:07:30.316+0000] {processor.py:829} INFO - Processing file /home/airflow/.local/lib/python3.8/site-packages/airflow/example_dags/example_setup_teardown_taskflow.py for tasks to queue
[2023-09-09T14:07:30.318+0000] {logging_mixin.py:151} INFO - [2023-09-09T14:07:30.317+0000] {dagbag.py:539} INFO - Filling up the DagBag from /home/airflow/.local/lib/python3.8/site-packages/airflow/example_dags/example_setup_teardown_taskflow.py
[2023-09-09T14:07:30.327+0000] {processor.py:839} INFO - DAG(s) dict_keys(['example_setup_teardown_taskflow']) retrieved from /home/airflow/.local/lib/python3.8/site-packages/airflow/example_dags/example_setup_teardown_taskflow.py
[2023-09-09T14:07:30.347+0000] {logging_mixin.py:151} INFO - [2023-09-09T14:07:30.347+0000] {dag.py:2907} INFO - Sync 1 DAGs
[2023-09-09T14:07:30.366+0000] {logging_mixin.py:151} INFO - [2023-09-09T14:07:30.366+0000] {dag.py:3677} INFO - Setting next_dagrun for example_setup_teardown_taskflow to 2023-09-08T14:07:30.366176+00:00, run_after=2023-09-09T14:07:30.366176+00:00
[2023-09-09T14:07:30.379+0000] {processor.py:179} INFO - Processing /home/airflow/.local/lib/python3.8/site-packages/airflow/example_dags/example_setup_teardown_taskflow.py took 0.067 seconds
[2023-09-09T14:08:01.469+0000] {processor.py:157} INFO - Started process (PID=1394) to work on /home/airflow/.local/lib/python3.8/site-packages/airflow/example_dags/example_setup_teardown_taskflow.py
[2023-09-09T14:08:01.470+0000] {processor.py:829} INFO - Processing file /home/airflow/.local/lib/python3.8/site-packages/airflow/example_dags/example_setup_teardown_taskflow.py for tasks to queue
[2023-09-09T14:08:01.472+0000] {logging_mixin.py:151} INFO - [2023-09-09T14:08:01.471+0000] {dagbag.py:539} INFO - Filling up the DagBag from /home/airflow/.local/lib/python3.8/site-packages/airflow/example_dags/example_setup_teardown_taskflow.py
[2023-09-09T14:08:01.478+0000] {processor.py:839} INFO - DAG(s) dict_keys(['example_setup_teardown_taskflow']) retrieved from /home/airflow/.local/lib/python3.8/site-packages/airflow/example_dags/example_setup_teardown_taskflow.py
[2023-09-09T14:08:01.492+0000] {logging_mixin.py:151} INFO - [2023-09-09T14:08:01.492+0000] {dag.py:2907} INFO - Sync 1 DAGs
[2023-09-09T14:08:01.507+0000] {logging_mixin.py:151} INFO - [2023-09-09T14:08:01.507+0000] {dag.py:3677} INFO - Setting next_dagrun for example_setup_teardown_taskflow to 2023-09-08T14:08:01.507424+00:00, run_after=2023-09-09T14:08:01.507424+00:00
[2023-09-09T14:08:01.519+0000] {processor.py:179} INFO - Processing /home/airflow/.local/lib/python3.8/site-packages/airflow/example_dags/example_setup_teardown_taskflow.py took 0.052 seconds
[2023-09-09T14:08:32.420+0000] {processor.py:157} INFO - Started process (PID=1449) to work on /home/airflow/.local/lib/python3.8/site-packages/airflow/example_dags/example_setup_teardown_taskflow.py
[2023-09-09T14:08:32.421+0000] {processor.py:829} INFO - Processing file /home/airflow/.local/lib/python3.8/site-packages/airflow/example_dags/example_setup_teardown_taskflow.py for tasks to queue
[2023-09-09T14:08:32.422+0000] {logging_mixin.py:151} INFO - [2023-09-09T14:08:32.422+0000] {dagbag.py:539} INFO - Filling up the DagBag from /home/airflow/.local/lib/python3.8/site-packages/airflow/example_dags/example_setup_teardown_taskflow.py
[2023-09-09T14:08:32.430+0000] {processor.py:839} INFO - DAG(s) dict_keys(['example_setup_teardown_taskflow']) retrieved from /home/airflow/.local/lib/python3.8/site-packages/airflow/example_dags/example_setup_teardown_taskflow.py
[2023-09-09T14:08:32.443+0000] {logging_mixin.py:151} INFO - [2023-09-09T14:08:32.443+0000] {dag.py:2907} INFO - Sync 1 DAGs
[2023-09-09T14:08:32.456+0000] {logging_mixin.py:151} INFO - [2023-09-09T14:08:32.456+0000] {dag.py:3677} INFO - Setting next_dagrun for example_setup_teardown_taskflow to 2023-09-08T14:08:32.456500+00:00, run_after=2023-09-09T14:08:32.456500+00:00
[2023-09-09T14:08:32.467+0000] {processor.py:179} INFO - Processing /home/airflow/.local/lib/python3.8/site-packages/airflow/example_dags/example_setup_teardown_taskflow.py took 0.049 seconds
[2023-09-09T14:09:03.275+0000] {processor.py:157} INFO - Started process (PID=1504) to work on /home/airflow/.local/lib/python3.8/site-packages/airflow/example_dags/example_setup_teardown_taskflow.py
[2023-09-09T14:09:03.276+0000] {processor.py:829} INFO - Processing file /home/airflow/.local/lib/python3.8/site-packages/airflow/example_dags/example_setup_teardown_taskflow.py for tasks to queue
[2023-09-09T14:09:03.277+0000] {logging_mixin.py:151} INFO - [2023-09-09T14:09:03.277+0000] {dagbag.py:539} INFO - Filling up the DagBag from /home/airflow/.local/lib/python3.8/site-packages/airflow/example_dags/example_setup_teardown_taskflow.py
[2023-09-09T14:09:03.284+0000] {processor.py:839} INFO - DAG(s) dict_keys(['example_setup_teardown_taskflow']) retrieved from /home/airflow/.local/lib/python3.8/site-packages/airflow/example_dags/example_setup_teardown_taskflow.py
[2023-09-09T14:09:03.298+0000] {logging_mixin.py:151} INFO - [2023-09-09T14:09:03.297+0000] {dag.py:2907} INFO - Sync 1 DAGs
[2023-09-09T14:09:03.313+0000] {logging_mixin.py:151} INFO - [2023-09-09T14:09:03.313+0000] {dag.py:3677} INFO - Setting next_dagrun for example_setup_teardown_taskflow to 2023-09-08T14:09:03.313114+00:00, run_after=2023-09-09T14:09:03.313114+00:00
[2023-09-09T14:09:03.326+0000] {processor.py:179} INFO - Processing /home/airflow/.local/lib/python3.8/site-packages/airflow/example_dags/example_setup_teardown_taskflow.py took 0.053 seconds
[2023-09-09T14:09:33.463+0000] {processor.py:157} INFO - Started process (PID=1561) to work on /home/airflow/.local/lib/python3.8/site-packages/airflow/example_dags/example_setup_teardown_taskflow.py
[2023-09-09T14:09:33.464+0000] {processor.py:829} INFO - Processing file /home/airflow/.local/lib/python3.8/site-packages/airflow/example_dags/example_setup_teardown_taskflow.py for tasks to queue
[2023-09-09T14:09:33.465+0000] {logging_mixin.py:151} INFO - [2023-09-09T14:09:33.465+0000] {dagbag.py:539} INFO - Filling up the DagBag from /home/airflow/.local/lib/python3.8/site-packages/airflow/example_dags/example_setup_teardown_taskflow.py
[2023-09-09T14:09:33.473+0000] {processor.py:839} INFO - DAG(s) dict_keys(['example_setup_teardown_taskflow']) retrieved from /home/airflow/.local/lib/python3.8/site-packages/airflow/example_dags/example_setup_teardown_taskflow.py
[2023-09-09T14:09:33.487+0000] {logging_mixin.py:151} INFO - [2023-09-09T14:09:33.486+0000] {dag.py:2907} INFO - Sync 1 DAGs
[2023-09-09T14:09:33.501+0000] {logging_mixin.py:151} INFO - [2023-09-09T14:09:33.501+0000] {dag.py:3677} INFO - Setting next_dagrun for example_setup_teardown_taskflow to 2023-09-08T14:09:33.501585+00:00, run_after=2023-09-09T14:09:33.501585+00:00
[2023-09-09T14:09:33.513+0000] {processor.py:179} INFO - Processing /home/airflow/.local/lib/python3.8/site-packages/airflow/example_dags/example_setup_teardown_taskflow.py took 0.052 seconds
[2023-09-09T14:10:04.768+0000] {processor.py:157} INFO - Started process (PID=1620) to work on /home/airflow/.local/lib/python3.8/site-packages/airflow/example_dags/example_setup_teardown_taskflow.py
[2023-09-09T14:10:04.769+0000] {processor.py:829} INFO - Processing file /home/airflow/.local/lib/python3.8/site-packages/airflow/example_dags/example_setup_teardown_taskflow.py for tasks to queue
[2023-09-09T14:10:04.771+0000] {logging_mixin.py:151} INFO - [2023-09-09T14:10:04.771+0000] {dagbag.py:539} INFO - Filling up the DagBag from /home/airflow/.local/lib/python3.8/site-packages/airflow/example_dags/example_setup_teardown_taskflow.py
[2023-09-09T14:10:04.781+0000] {processor.py:839} INFO - DAG(s) dict_keys(['example_setup_teardown_taskflow']) retrieved from /home/airflow/.local/lib/python3.8/site-packages/airflow/example_dags/example_setup_teardown_taskflow.py
[2023-09-09T14:10:04.797+0000] {logging_mixin.py:151} INFO - [2023-09-09T14:10:04.797+0000] {dag.py:2907} INFO - Sync 1 DAGs
[2023-09-09T14:10:04.812+0000] {logging_mixin.py:151} INFO - [2023-09-09T14:10:04.812+0000] {dag.py:3677} INFO - Setting next_dagrun for example_setup_teardown_taskflow to 2023-09-08T14:10:04.812499+00:00, run_after=2023-09-09T14:10:04.812499+00:00
[2023-09-09T14:10:04.826+0000] {processor.py:179} INFO - Processing /home/airflow/.local/lib/python3.8/site-packages/airflow/example_dags/example_setup_teardown_taskflow.py took 0.060 seconds
[2023-09-09T14:10:34.933+0000] {processor.py:157} INFO - Started process (PID=1688) to work on /home/airflow/.local/lib/python3.8/site-packages/airflow/example_dags/example_setup_teardown_taskflow.py
[2023-09-09T14:10:34.934+0000] {processor.py:829} INFO - Processing file /home/airflow/.local/lib/python3.8/site-packages/airflow/example_dags/example_setup_teardown_taskflow.py for tasks to queue
[2023-09-09T14:10:34.935+0000] {logging_mixin.py:151} INFO - [2023-09-09T14:10:34.935+0000] {dagbag.py:539} INFO - Filling up the DagBag from /home/airflow/.local/lib/python3.8/site-packages/airflow/example_dags/example_setup_teardown_taskflow.py
[2023-09-09T14:10:34.942+0000] {processor.py:839} INFO - DAG(s) dict_keys(['example_setup_teardown_taskflow']) retrieved from /home/airflow/.local/lib/python3.8/site-packages/airflow/example_dags/example_setup_teardown_taskflow.py
[2023-09-09T14:10:34.957+0000] {logging_mixin.py:151} INFO - [2023-09-09T14:10:34.957+0000] {dag.py:2907} INFO - Sync 1 DAGs
[2023-09-09T14:10:34.972+0000] {logging_mixin.py:151} INFO - [2023-09-09T14:10:34.972+0000] {dag.py:3677} INFO - Setting next_dagrun for example_setup_teardown_taskflow to 2023-09-08T14:10:34.972013+00:00, run_after=2023-09-09T14:10:34.972013+00:00
[2023-09-09T14:10:34.984+0000] {processor.py:179} INFO - Processing /home/airflow/.local/lib/python3.8/site-packages/airflow/example_dags/example_setup_teardown_taskflow.py took 0.053 seconds
[2023-09-09T14:11:05.233+0000] {processor.py:157} INFO - Started process (PID=1747) to work on /home/airflow/.local/lib/python3.8/site-packages/airflow/example_dags/example_setup_teardown_taskflow.py
[2023-09-09T14:11:05.233+0000] {processor.py:829} INFO - Processing file /home/airflow/.local/lib/python3.8/site-packages/airflow/example_dags/example_setup_teardown_taskflow.py for tasks to queue
[2023-09-09T14:11:05.235+0000] {logging_mixin.py:151} INFO - [2023-09-09T14:11:05.235+0000] {dagbag.py:539} INFO - Filling up the DagBag from /home/airflow/.local/lib/python3.8/site-packages/airflow/example_dags/example_setup_teardown_taskflow.py
[2023-09-09T14:11:05.241+0000] {processor.py:839} INFO - DAG(s) dict_keys(['example_setup_teardown_taskflow']) retrieved from /home/airflow/.local/lib/python3.8/site-packages/airflow/example_dags/example_setup_teardown_taskflow.py
[2023-09-09T14:11:05.255+0000] {logging_mixin.py:151} INFO - [2023-09-09T14:11:05.255+0000] {dag.py:2907} INFO - Sync 1 DAGs
[2023-09-09T14:11:05.270+0000] {logging_mixin.py:151} INFO - [2023-09-09T14:11:05.269+0000] {dag.py:3677} INFO - Setting next_dagrun for example_setup_teardown_taskflow to 2023-09-08T14:11:05.269719+00:00, run_after=2023-09-09T14:11:05.269719+00:00
[2023-09-09T14:11:05.282+0000] {processor.py:179} INFO - Processing /home/airflow/.local/lib/python3.8/site-packages/airflow/example_dags/example_setup_teardown_taskflow.py took 0.051 seconds
[2023-09-09T14:11:36.304+0000] {processor.py:157} INFO - Started process (PID=1802) to work on /home/airflow/.local/lib/python3.8/site-packages/airflow/example_dags/example_setup_teardown_taskflow.py
[2023-09-09T14:11:36.305+0000] {processor.py:829} INFO - Processing file /home/airflow/.local/lib/python3.8/site-packages/airflow/example_dags/example_setup_teardown_taskflow.py for tasks to queue
[2023-09-09T14:11:36.306+0000] {logging_mixin.py:151} INFO - [2023-09-09T14:11:36.306+0000] {dagbag.py:539} INFO - Filling up the DagBag from /home/airflow/.local/lib/python3.8/site-packages/airflow/example_dags/example_setup_teardown_taskflow.py
[2023-09-09T14:11:36.312+0000] {processor.py:839} INFO - DAG(s) dict_keys(['example_setup_teardown_taskflow']) retrieved from /home/airflow/.local/lib/python3.8/site-packages/airflow/example_dags/example_setup_teardown_taskflow.py
[2023-09-09T14:11:36.326+0000] {logging_mixin.py:151} INFO - [2023-09-09T14:11:36.326+0000] {dag.py:2907} INFO - Sync 1 DAGs
[2023-09-09T14:11:36.340+0000] {logging_mixin.py:151} INFO - [2023-09-09T14:11:36.340+0000] {dag.py:3677} INFO - Setting next_dagrun for example_setup_teardown_taskflow to 2023-09-08T14:11:36.340323+00:00, run_after=2023-09-09T14:11:36.340323+00:00
[2023-09-09T14:11:36.352+0000] {processor.py:179} INFO - Processing /home/airflow/.local/lib/python3.8/site-packages/airflow/example_dags/example_setup_teardown_taskflow.py took 0.050 seconds
[2023-09-09T14:12:06.544+0000] {processor.py:157} INFO - Started process (PID=1858) to work on /home/airflow/.local/lib/python3.8/site-packages/airflow/example_dags/example_setup_teardown_taskflow.py
[2023-09-09T14:12:06.545+0000] {processor.py:829} INFO - Processing file /home/airflow/.local/lib/python3.8/site-packages/airflow/example_dags/example_setup_teardown_taskflow.py for tasks to queue
[2023-09-09T14:12:06.546+0000] {logging_mixin.py:151} INFO - [2023-09-09T14:12:06.546+0000] {dagbag.py:539} INFO - Filling up the DagBag from /home/airflow/.local/lib/python3.8/site-packages/airflow/example_dags/example_setup_teardown_taskflow.py
[2023-09-09T14:12:06.552+0000] {processor.py:839} INFO - DAG(s) dict_keys(['example_setup_teardown_taskflow']) retrieved from /home/airflow/.local/lib/python3.8/site-packages/airflow/example_dags/example_setup_teardown_taskflow.py
[2023-09-09T14:12:06.566+0000] {logging_mixin.py:151} INFO - [2023-09-09T14:12:06.566+0000] {dag.py:2907} INFO - Sync 1 DAGs
[2023-09-09T14:12:06.580+0000] {logging_mixin.py:151} INFO - [2023-09-09T14:12:06.580+0000] {dag.py:3677} INFO - Setting next_dagrun for example_setup_teardown_taskflow to 2023-09-08T14:12:06.580648+00:00, run_after=2023-09-09T14:12:06.580648+00:00
[2023-09-09T14:12:06.592+0000] {processor.py:179} INFO - Processing /home/airflow/.local/lib/python3.8/site-packages/airflow/example_dags/example_setup_teardown_taskflow.py took 0.050 seconds
[2023-09-09T14:12:37.555+0000] {processor.py:157} INFO - Started process (PID=1913) to work on /home/airflow/.local/lib/python3.8/site-packages/airflow/example_dags/example_setup_teardown_taskflow.py
[2023-09-09T14:12:37.556+0000] {processor.py:829} INFO - Processing file /home/airflow/.local/lib/python3.8/site-packages/airflow/example_dags/example_setup_teardown_taskflow.py for tasks to queue
[2023-09-09T14:12:37.557+0000] {logging_mixin.py:151} INFO - [2023-09-09T14:12:37.557+0000] {dagbag.py:539} INFO - Filling up the DagBag from /home/airflow/.local/lib/python3.8/site-packages/airflow/example_dags/example_setup_teardown_taskflow.py
[2023-09-09T14:12:37.563+0000] {processor.py:839} INFO - DAG(s) dict_keys(['example_setup_teardown_taskflow']) retrieved from /home/airflow/.local/lib/python3.8/site-packages/airflow/example_dags/example_setup_teardown_taskflow.py
[2023-09-09T14:12:37.589+0000] {logging_mixin.py:151} INFO - [2023-09-09T14:12:37.589+0000] {dag.py:2907} INFO - Sync 1 DAGs
[2023-09-09T14:12:37.608+0000] {logging_mixin.py:151} INFO - [2023-09-09T14:12:37.608+0000] {dag.py:3677} INFO - Setting next_dagrun for example_setup_teardown_taskflow to 2023-09-08T14:12:37.608465+00:00, run_after=2023-09-09T14:12:37.608465+00:00
[2023-09-09T14:12:37.623+0000] {processor.py:179} INFO - Processing /home/airflow/.local/lib/python3.8/site-packages/airflow/example_dags/example_setup_teardown_taskflow.py took 0.070 seconds
[2023-09-09T14:13:07.931+0000] {processor.py:157} INFO - Started process (PID=1969) to work on /home/airflow/.local/lib/python3.8/site-packages/airflow/example_dags/example_setup_teardown_taskflow.py
[2023-09-09T14:13:07.932+0000] {processor.py:829} INFO - Processing file /home/airflow/.local/lib/python3.8/site-packages/airflow/example_dags/example_setup_teardown_taskflow.py for tasks to queue
[2023-09-09T14:13:07.933+0000] {logging_mixin.py:151} INFO - [2023-09-09T14:13:07.933+0000] {dagbag.py:539} INFO - Filling up the DagBag from /home/airflow/.local/lib/python3.8/site-packages/airflow/example_dags/example_setup_teardown_taskflow.py
[2023-09-09T14:13:07.939+0000] {processor.py:839} INFO - DAG(s) dict_keys(['example_setup_teardown_taskflow']) retrieved from /home/airflow/.local/lib/python3.8/site-packages/airflow/example_dags/example_setup_teardown_taskflow.py
[2023-09-09T14:13:07.956+0000] {logging_mixin.py:151} INFO - [2023-09-09T14:13:07.956+0000] {dag.py:2907} INFO - Sync 1 DAGs
[2023-09-09T14:13:07.971+0000] {logging_mixin.py:151} INFO - [2023-09-09T14:13:07.971+0000] {dag.py:3677} INFO - Setting next_dagrun for example_setup_teardown_taskflow to 2023-09-08T14:13:07.970939+00:00, run_after=2023-09-09T14:13:07.970939+00:00
[2023-09-09T14:13:07.984+0000] {processor.py:179} INFO - Processing /home/airflow/.local/lib/python3.8/site-packages/airflow/example_dags/example_setup_teardown_taskflow.py took 0.055 seconds
[2023-09-09T14:13:38.952+0000] {processor.py:157} INFO - Started process (PID=2024) to work on /home/airflow/.local/lib/python3.8/site-packages/airflow/example_dags/example_setup_teardown_taskflow.py
[2023-09-09T14:13:38.953+0000] {processor.py:829} INFO - Processing file /home/airflow/.local/lib/python3.8/site-packages/airflow/example_dags/example_setup_teardown_taskflow.py for tasks to queue
[2023-09-09T14:13:38.955+0000] {logging_mixin.py:151} INFO - [2023-09-09T14:13:38.954+0000] {dagbag.py:539} INFO - Filling up the DagBag from /home/airflow/.local/lib/python3.8/site-packages/airflow/example_dags/example_setup_teardown_taskflow.py
[2023-09-09T14:13:38.961+0000] {processor.py:839} INFO - DAG(s) dict_keys(['example_setup_teardown_taskflow']) retrieved from /home/airflow/.local/lib/python3.8/site-packages/airflow/example_dags/example_setup_teardown_taskflow.py
[2023-09-09T14:13:38.974+0000] {logging_mixin.py:151} INFO - [2023-09-09T14:13:38.974+0000] {dag.py:2907} INFO - Sync 1 DAGs
[2023-09-09T14:13:38.988+0000] {logging_mixin.py:151} INFO - [2023-09-09T14:13:38.988+0000] {dag.py:3677} INFO - Setting next_dagrun for example_setup_teardown_taskflow to 2023-09-08T14:13:38.988095+00:00, run_after=2023-09-09T14:13:38.988095+00:00
[2023-09-09T14:13:39.000+0000] {processor.py:179} INFO - Processing /home/airflow/.local/lib/python3.8/site-packages/airflow/example_dags/example_setup_teardown_taskflow.py took 0.050 seconds
[2023-09-09T14:14:09.110+0000] {processor.py:157} INFO - Started process (PID=2080) to work on /home/airflow/.local/lib/python3.8/site-packages/airflow/example_dags/example_setup_teardown_taskflow.py
[2023-09-09T14:14:09.110+0000] {processor.py:829} INFO - Processing file /home/airflow/.local/lib/python3.8/site-packages/airflow/example_dags/example_setup_teardown_taskflow.py for tasks to queue
[2023-09-09T14:14:09.112+0000] {logging_mixin.py:151} INFO - [2023-09-09T14:14:09.112+0000] {dagbag.py:539} INFO - Filling up the DagBag from /home/airflow/.local/lib/python3.8/site-packages/airflow/example_dags/example_setup_teardown_taskflow.py
[2023-09-09T14:14:09.118+0000] {processor.py:839} INFO - DAG(s) dict_keys(['example_setup_teardown_taskflow']) retrieved from /home/airflow/.local/lib/python3.8/site-packages/airflow/example_dags/example_setup_teardown_taskflow.py
[2023-09-09T14:14:09.131+0000] {logging_mixin.py:151} INFO - [2023-09-09T14:14:09.130+0000] {dag.py:2907} INFO - Sync 1 DAGs
[2023-09-09T14:14:09.143+0000] {logging_mixin.py:151} INFO - [2023-09-09T14:14:09.143+0000] {dag.py:3677} INFO - Setting next_dagrun for example_setup_teardown_taskflow to 2023-09-08T14:14:09.143196+00:00, run_after=2023-09-09T14:14:09.143196+00:00
[2023-09-09T14:14:09.154+0000] {processor.py:179} INFO - Processing /home/airflow/.local/lib/python3.8/site-packages/airflow/example_dags/example_setup_teardown_taskflow.py took 0.046 seconds
[2023-09-09T14:14:40.304+0000] {processor.py:157} INFO - Started process (PID=2136) to work on /home/airflow/.local/lib/python3.8/site-packages/airflow/example_dags/example_setup_teardown_taskflow.py
[2023-09-09T14:14:40.304+0000] {processor.py:829} INFO - Processing file /home/airflow/.local/lib/python3.8/site-packages/airflow/example_dags/example_setup_teardown_taskflow.py for tasks to queue
[2023-09-09T14:14:40.307+0000] {logging_mixin.py:151} INFO - [2023-09-09T14:14:40.306+0000] {dagbag.py:539} INFO - Filling up the DagBag from /home/airflow/.local/lib/python3.8/site-packages/airflow/example_dags/example_setup_teardown_taskflow.py
[2023-09-09T14:14:40.313+0000] {processor.py:839} INFO - DAG(s) dict_keys(['example_setup_teardown_taskflow']) retrieved from /home/airflow/.local/lib/python3.8/site-packages/airflow/example_dags/example_setup_teardown_taskflow.py
[2023-09-09T14:14:40.328+0000] {logging_mixin.py:151} INFO - [2023-09-09T14:14:40.327+0000] {dag.py:2907} INFO - Sync 1 DAGs
[2023-09-09T14:14:40.342+0000] {logging_mixin.py:151} INFO - [2023-09-09T14:14:40.342+0000] {dag.py:3677} INFO - Setting next_dagrun for example_setup_teardown_taskflow to 2023-09-08T14:14:40.341998+00:00, run_after=2023-09-09T14:14:40.341998+00:00
[2023-09-09T14:14:40.354+0000] {processor.py:179} INFO - Processing /home/airflow/.local/lib/python3.8/site-packages/airflow/example_dags/example_setup_teardown_taskflow.py took 0.053 seconds
[2023-09-09T14:15:11.641+0000] {processor.py:157} INFO - Started process (PID=2191) to work on /home/airflow/.local/lib/python3.8/site-packages/airflow/example_dags/example_setup_teardown_taskflow.py
[2023-09-09T14:15:11.642+0000] {processor.py:829} INFO - Processing file /home/airflow/.local/lib/python3.8/site-packages/airflow/example_dags/example_setup_teardown_taskflow.py for tasks to queue
[2023-09-09T14:15:11.643+0000] {logging_mixin.py:151} INFO - [2023-09-09T14:15:11.643+0000] {dagbag.py:539} INFO - Filling up the DagBag from /home/airflow/.local/lib/python3.8/site-packages/airflow/example_dags/example_setup_teardown_taskflow.py
[2023-09-09T14:15:11.650+0000] {processor.py:839} INFO - DAG(s) dict_keys(['example_setup_teardown_taskflow']) retrieved from /home/airflow/.local/lib/python3.8/site-packages/airflow/example_dags/example_setup_teardown_taskflow.py
[2023-09-09T14:15:11.664+0000] {logging_mixin.py:151} INFO - [2023-09-09T14:15:11.664+0000] {dag.py:2907} INFO - Sync 1 DAGs
[2023-09-09T14:15:11.681+0000] {logging_mixin.py:151} INFO - [2023-09-09T14:15:11.680+0000] {dag.py:3677} INFO - Setting next_dagrun for example_setup_teardown_taskflow to 2023-09-08T14:15:11.680720+00:00, run_after=2023-09-09T14:15:11.680720+00:00
[2023-09-09T14:15:11.692+0000] {processor.py:179} INFO - Processing /home/airflow/.local/lib/python3.8/site-packages/airflow/example_dags/example_setup_teardown_taskflow.py took 0.053 seconds
[2023-09-09T14:15:41.913+0000] {processor.py:157} INFO - Started process (PID=2248) to work on /home/airflow/.local/lib/python3.8/site-packages/airflow/example_dags/example_setup_teardown_taskflow.py
[2023-09-09T14:15:41.914+0000] {processor.py:829} INFO - Processing file /home/airflow/.local/lib/python3.8/site-packages/airflow/example_dags/example_setup_teardown_taskflow.py for tasks to queue
[2023-09-09T14:15:41.916+0000] {logging_mixin.py:151} INFO - [2023-09-09T14:15:41.915+0000] {dagbag.py:539} INFO - Filling up the DagBag from /home/airflow/.local/lib/python3.8/site-packages/airflow/example_dags/example_setup_teardown_taskflow.py
[2023-09-09T14:15:41.921+0000] {processor.py:839} INFO - DAG(s) dict_keys(['example_setup_teardown_taskflow']) retrieved from /home/airflow/.local/lib/python3.8/site-packages/airflow/example_dags/example_setup_teardown_taskflow.py
[2023-09-09T14:15:41.935+0000] {logging_mixin.py:151} INFO - [2023-09-09T14:15:41.935+0000] {dag.py:2907} INFO - Sync 1 DAGs
[2023-09-09T14:15:41.949+0000] {logging_mixin.py:151} INFO - [2023-09-09T14:15:41.949+0000] {dag.py:3677} INFO - Setting next_dagrun for example_setup_teardown_taskflow to 2023-09-08T14:15:41.949347+00:00, run_after=2023-09-09T14:15:41.949347+00:00
[2023-09-09T14:15:41.963+0000] {processor.py:179} INFO - Processing /home/airflow/.local/lib/python3.8/site-packages/airflow/example_dags/example_setup_teardown_taskflow.py took 0.052 seconds
[2023-09-09T14:16:12.179+0000] {processor.py:157} INFO - Started process (PID=2302) to work on /home/airflow/.local/lib/python3.8/site-packages/airflow/example_dags/example_setup_teardown_taskflow.py
[2023-09-09T14:16:12.180+0000] {processor.py:829} INFO - Processing file /home/airflow/.local/lib/python3.8/site-packages/airflow/example_dags/example_setup_teardown_taskflow.py for tasks to queue
[2023-09-09T14:16:12.181+0000] {logging_mixin.py:151} INFO - [2023-09-09T14:16:12.181+0000] {dagbag.py:539} INFO - Filling up the DagBag from /home/airflow/.local/lib/python3.8/site-packages/airflow/example_dags/example_setup_teardown_taskflow.py
[2023-09-09T14:16:12.188+0000] {processor.py:839} INFO - DAG(s) dict_keys(['example_setup_teardown_taskflow']) retrieved from /home/airflow/.local/lib/python3.8/site-packages/airflow/example_dags/example_setup_teardown_taskflow.py
[2023-09-09T14:16:12.202+0000] {logging_mixin.py:151} INFO - [2023-09-09T14:16:12.202+0000] {dag.py:2907} INFO - Sync 1 DAGs
[2023-09-09T14:16:12.218+0000] {logging_mixin.py:151} INFO - [2023-09-09T14:16:12.218+0000] {dag.py:3677} INFO - Setting next_dagrun for example_setup_teardown_taskflow to 2023-09-08T14:16:12.218438+00:00, run_after=2023-09-09T14:16:12.218438+00:00
[2023-09-09T14:16:12.235+0000] {processor.py:179} INFO - Processing /home/airflow/.local/lib/python3.8/site-packages/airflow/example_dags/example_setup_teardown_taskflow.py took 0.058 seconds
[2023-09-09T14:16:42.350+0000] {processor.py:157} INFO - Started process (PID=2357) to work on /home/airflow/.local/lib/python3.8/site-packages/airflow/example_dags/example_setup_teardown_taskflow.py
[2023-09-09T14:16:42.351+0000] {processor.py:829} INFO - Processing file /home/airflow/.local/lib/python3.8/site-packages/airflow/example_dags/example_setup_teardown_taskflow.py for tasks to queue
[2023-09-09T14:16:42.353+0000] {logging_mixin.py:151} INFO - [2023-09-09T14:16:42.353+0000] {dagbag.py:539} INFO - Filling up the DagBag from /home/airflow/.local/lib/python3.8/site-packages/airflow/example_dags/example_setup_teardown_taskflow.py
[2023-09-09T14:16:42.360+0000] {processor.py:839} INFO - DAG(s) dict_keys(['example_setup_teardown_taskflow']) retrieved from /home/airflow/.local/lib/python3.8/site-packages/airflow/example_dags/example_setup_teardown_taskflow.py
[2023-09-09T14:16:42.374+0000] {logging_mixin.py:151} INFO - [2023-09-09T14:16:42.373+0000] {dag.py:2907} INFO - Sync 1 DAGs
[2023-09-09T14:16:42.386+0000] {logging_mixin.py:151} INFO - [2023-09-09T14:16:42.386+0000] {dag.py:3677} INFO - Setting next_dagrun for example_setup_teardown_taskflow to 2023-09-08T14:16:42.386528+00:00, run_after=2023-09-09T14:16:42.386528+00:00
[2023-09-09T14:16:42.399+0000] {processor.py:179} INFO - Processing /home/airflow/.local/lib/python3.8/site-packages/airflow/example_dags/example_setup_teardown_taskflow.py took 0.051 seconds
[2023-09-09T14:17:12.635+0000] {processor.py:157} INFO - Started process (PID=2412) to work on /home/airflow/.local/lib/python3.8/site-packages/airflow/example_dags/example_setup_teardown_taskflow.py
[2023-09-09T14:17:12.636+0000] {processor.py:829} INFO - Processing file /home/airflow/.local/lib/python3.8/site-packages/airflow/example_dags/example_setup_teardown_taskflow.py for tasks to queue
[2023-09-09T14:17:12.638+0000] {logging_mixin.py:151} INFO - [2023-09-09T14:17:12.637+0000] {dagbag.py:539} INFO - Filling up the DagBag from /home/airflow/.local/lib/python3.8/site-packages/airflow/example_dags/example_setup_teardown_taskflow.py
[2023-09-09T14:17:12.644+0000] {processor.py:839} INFO - DAG(s) dict_keys(['example_setup_teardown_taskflow']) retrieved from /home/airflow/.local/lib/python3.8/site-packages/airflow/example_dags/example_setup_teardown_taskflow.py
[2023-09-09T14:17:12.657+0000] {logging_mixin.py:151} INFO - [2023-09-09T14:17:12.657+0000] {dag.py:2907} INFO - Sync 1 DAGs
[2023-09-09T14:17:12.672+0000] {logging_mixin.py:151} INFO - [2023-09-09T14:17:12.672+0000] {dag.py:3677} INFO - Setting next_dagrun for example_setup_teardown_taskflow to 2023-09-08T14:17:12.672619+00:00, run_after=2023-09-09T14:17:12.672619+00:00
[2023-09-09T14:17:12.685+0000] {processor.py:179} INFO - Processing /home/airflow/.local/lib/python3.8/site-packages/airflow/example_dags/example_setup_teardown_taskflow.py took 0.052 seconds
