[2023-09-09T13:55:42.107+0000] {processor.py:157} INFO - Started process (PID=50) to work on /home/airflow/.local/lib/python3.8/site-packages/airflow/example_dags/example_skip_dag.py
[2023-09-09T13:55:42.108+0000] {processor.py:829} INFO - Processing file /home/airflow/.local/lib/python3.8/site-packages/airflow/example_dags/example_skip_dag.py for tasks to queue
[2023-09-09T13:55:42.110+0000] {logging_mixin.py:151} INFO - [2023-09-09T13:55:42.110+0000] {dagbag.py:539} INFO - Filling up the DagBag from /home/airflow/.local/lib/python3.8/site-packages/airflow/example_dags/example_skip_dag.py
[2023-09-09T13:55:42.117+0000] {processor.py:839} INFO - DAG(s) dict_keys(['example_skip_dag']) retrieved from /home/airflow/.local/lib/python3.8/site-packages/airflow/example_dags/example_skip_dag.py
[2023-09-09T13:55:42.137+0000] {logging_mixin.py:151} INFO - [2023-09-09T13:55:42.137+0000] {dag.py:2907} INFO - Sync 1 DAGs
[2023-09-09T13:55:42.158+0000] {logging_mixin.py:151} INFO - [2023-09-09T13:55:42.158+0000] {dag.py:3677} INFO - Setting next_dagrun for example_skip_dag to 2023-09-08T13:55:42.158345+00:00, run_after=2023-09-09T13:55:42.158345+00:00
[2023-09-09T13:55:42.309+0000] {processor.py:179} INFO - Processing /home/airflow/.local/lib/python3.8/site-packages/airflow/example_dags/example_skip_dag.py took 0.205 seconds
[2023-09-09T13:56:12.493+0000] {processor.py:157} INFO - Started process (PID=106) to work on /home/airflow/.local/lib/python3.8/site-packages/airflow/example_dags/example_skip_dag.py
[2023-09-09T13:56:12.494+0000] {processor.py:829} INFO - Processing file /home/airflow/.local/lib/python3.8/site-packages/airflow/example_dags/example_skip_dag.py for tasks to queue
[2023-09-09T13:56:12.495+0000] {logging_mixin.py:151} INFO - [2023-09-09T13:56:12.495+0000] {dagbag.py:539} INFO - Filling up the DagBag from /home/airflow/.local/lib/python3.8/site-packages/airflow/example_dags/example_skip_dag.py
[2023-09-09T13:56:12.499+0000] {processor.py:839} INFO - DAG(s) dict_keys(['example_skip_dag']) retrieved from /home/airflow/.local/lib/python3.8/site-packages/airflow/example_dags/example_skip_dag.py
[2023-09-09T13:56:12.513+0000] {logging_mixin.py:151} INFO - [2023-09-09T13:56:12.513+0000] {dag.py:2907} INFO - Sync 1 DAGs
[2023-09-09T13:56:12.528+0000] {logging_mixin.py:151} INFO - [2023-09-09T13:56:12.527+0000] {dag.py:3677} INFO - Setting next_dagrun for example_skip_dag to 2023-09-08T13:56:12.527674+00:00, run_after=2023-09-09T13:56:12.527674+00:00
[2023-09-09T13:56:12.540+0000] {processor.py:179} INFO - Processing /home/airflow/.local/lib/python3.8/site-packages/airflow/example_dags/example_skip_dag.py took 0.049 seconds
[2023-09-09T13:56:42.606+0000] {processor.py:157} INFO - Started process (PID=161) to work on /home/airflow/.local/lib/python3.8/site-packages/airflow/example_dags/example_skip_dag.py
[2023-09-09T13:56:42.607+0000] {processor.py:829} INFO - Processing file /home/airflow/.local/lib/python3.8/site-packages/airflow/example_dags/example_skip_dag.py for tasks to queue
[2023-09-09T13:56:42.608+0000] {logging_mixin.py:151} INFO - [2023-09-09T13:56:42.608+0000] {dagbag.py:539} INFO - Filling up the DagBag from /home/airflow/.local/lib/python3.8/site-packages/airflow/example_dags/example_skip_dag.py
[2023-09-09T13:56:42.612+0000] {processor.py:839} INFO - DAG(s) dict_keys(['example_skip_dag']) retrieved from /home/airflow/.local/lib/python3.8/site-packages/airflow/example_dags/example_skip_dag.py
[2023-09-09T13:56:42.625+0000] {logging_mixin.py:151} INFO - [2023-09-09T13:56:42.625+0000] {dag.py:2907} INFO - Sync 1 DAGs
[2023-09-09T13:56:42.639+0000] {logging_mixin.py:151} INFO - [2023-09-09T13:56:42.638+0000] {dag.py:3677} INFO - Setting next_dagrun for example_skip_dag to 2023-09-08T13:56:42.638734+00:00, run_after=2023-09-09T13:56:42.638734+00:00
[2023-09-09T13:56:42.651+0000] {processor.py:179} INFO - Processing /home/airflow/.local/lib/python3.8/site-packages/airflow/example_dags/example_skip_dag.py took 0.047 seconds
[2023-09-09T13:57:13.012+0000] {processor.py:157} INFO - Started process (PID=218) to work on /home/airflow/.local/lib/python3.8/site-packages/airflow/example_dags/example_skip_dag.py
[2023-09-09T13:57:13.013+0000] {processor.py:829} INFO - Processing file /home/airflow/.local/lib/python3.8/site-packages/airflow/example_dags/example_skip_dag.py for tasks to queue
[2023-09-09T13:57:13.015+0000] {logging_mixin.py:151} INFO - [2023-09-09T13:57:13.015+0000] {dagbag.py:539} INFO - Filling up the DagBag from /home/airflow/.local/lib/python3.8/site-packages/airflow/example_dags/example_skip_dag.py
[2023-09-09T13:57:13.019+0000] {processor.py:839} INFO - DAG(s) dict_keys(['example_skip_dag']) retrieved from /home/airflow/.local/lib/python3.8/site-packages/airflow/example_dags/example_skip_dag.py
[2023-09-09T13:57:13.035+0000] {logging_mixin.py:151} INFO - [2023-09-09T13:57:13.034+0000] {dag.py:2907} INFO - Sync 1 DAGs
[2023-09-09T13:57:13.050+0000] {logging_mixin.py:151} INFO - [2023-09-09T13:57:13.050+0000] {dag.py:3677} INFO - Setting next_dagrun for example_skip_dag to 2023-09-08T13:57:13.050643+00:00, run_after=2023-09-09T13:57:13.050643+00:00
[2023-09-09T13:57:13.064+0000] {processor.py:179} INFO - Processing /home/airflow/.local/lib/python3.8/site-packages/airflow/example_dags/example_skip_dag.py took 0.055 seconds
[2023-09-09T13:57:43.178+0000] {processor.py:157} INFO - Started process (PID=272) to work on /home/airflow/.local/lib/python3.8/site-packages/airflow/example_dags/example_skip_dag.py
[2023-09-09T13:57:43.179+0000] {processor.py:829} INFO - Processing file /home/airflow/.local/lib/python3.8/site-packages/airflow/example_dags/example_skip_dag.py for tasks to queue
[2023-09-09T13:57:43.181+0000] {logging_mixin.py:151} INFO - [2023-09-09T13:57:43.181+0000] {dagbag.py:539} INFO - Filling up the DagBag from /home/airflow/.local/lib/python3.8/site-packages/airflow/example_dags/example_skip_dag.py
[2023-09-09T13:57:43.186+0000] {processor.py:839} INFO - DAG(s) dict_keys(['example_skip_dag']) retrieved from /home/airflow/.local/lib/python3.8/site-packages/airflow/example_dags/example_skip_dag.py
[2023-09-09T13:57:43.198+0000] {logging_mixin.py:151} INFO - [2023-09-09T13:57:43.198+0000] {dag.py:2907} INFO - Sync 1 DAGs
[2023-09-09T13:57:43.213+0000] {logging_mixin.py:151} INFO - [2023-09-09T13:57:43.213+0000] {dag.py:3677} INFO - Setting next_dagrun for example_skip_dag to 2023-09-08T13:57:43.212944+00:00, run_after=2023-09-09T13:57:43.212944+00:00
[2023-09-09T13:57:43.225+0000] {processor.py:179} INFO - Processing /home/airflow/.local/lib/python3.8/site-packages/airflow/example_dags/example_skip_dag.py took 0.049 seconds
[2023-09-09T13:58:14.222+0000] {processor.py:157} INFO - Started process (PID=327) to work on /home/airflow/.local/lib/python3.8/site-packages/airflow/example_dags/example_skip_dag.py
[2023-09-09T13:58:14.223+0000] {processor.py:829} INFO - Processing file /home/airflow/.local/lib/python3.8/site-packages/airflow/example_dags/example_skip_dag.py for tasks to queue
[2023-09-09T13:58:14.224+0000] {logging_mixin.py:151} INFO - [2023-09-09T13:58:14.224+0000] {dagbag.py:539} INFO - Filling up the DagBag from /home/airflow/.local/lib/python3.8/site-packages/airflow/example_dags/example_skip_dag.py
[2023-09-09T13:58:14.228+0000] {processor.py:839} INFO - DAG(s) dict_keys(['example_skip_dag']) retrieved from /home/airflow/.local/lib/python3.8/site-packages/airflow/example_dags/example_skip_dag.py
[2023-09-09T13:58:14.241+0000] {logging_mixin.py:151} INFO - [2023-09-09T13:58:14.241+0000] {dag.py:2907} INFO - Sync 1 DAGs
[2023-09-09T13:58:14.254+0000] {logging_mixin.py:151} INFO - [2023-09-09T13:58:14.254+0000] {dag.py:3677} INFO - Setting next_dagrun for example_skip_dag to 2023-09-08T13:58:14.254533+00:00, run_after=2023-09-09T13:58:14.254533+00:00
[2023-09-09T13:58:14.265+0000] {processor.py:179} INFO - Processing /home/airflow/.local/lib/python3.8/site-packages/airflow/example_dags/example_skip_dag.py took 0.046 seconds
[2023-09-09T13:58:45.080+0000] {processor.py:157} INFO - Started process (PID=383) to work on /home/airflow/.local/lib/python3.8/site-packages/airflow/example_dags/example_skip_dag.py
[2023-09-09T13:58:45.081+0000] {processor.py:829} INFO - Processing file /home/airflow/.local/lib/python3.8/site-packages/airflow/example_dags/example_skip_dag.py for tasks to queue
[2023-09-09T13:58:45.082+0000] {logging_mixin.py:151} INFO - [2023-09-09T13:58:45.082+0000] {dagbag.py:539} INFO - Filling up the DagBag from /home/airflow/.local/lib/python3.8/site-packages/airflow/example_dags/example_skip_dag.py
[2023-09-09T13:58:45.086+0000] {processor.py:839} INFO - DAG(s) dict_keys(['example_skip_dag']) retrieved from /home/airflow/.local/lib/python3.8/site-packages/airflow/example_dags/example_skip_dag.py
[2023-09-09T13:58:45.099+0000] {logging_mixin.py:151} INFO - [2023-09-09T13:58:45.099+0000] {dag.py:2907} INFO - Sync 1 DAGs
[2023-09-09T13:58:45.113+0000] {logging_mixin.py:151} INFO - [2023-09-09T13:58:45.113+0000] {dag.py:3677} INFO - Setting next_dagrun for example_skip_dag to 2023-09-08T13:58:45.112918+00:00, run_after=2023-09-09T13:58:45.112918+00:00
[2023-09-09T13:58:45.124+0000] {processor.py:179} INFO - Processing /home/airflow/.local/lib/python3.8/site-packages/airflow/example_dags/example_skip_dag.py took 0.046 seconds
[2023-09-09T13:59:15.929+0000] {processor.py:157} INFO - Started process (PID=438) to work on /home/airflow/.local/lib/python3.8/site-packages/airflow/example_dags/example_skip_dag.py
[2023-09-09T13:59:15.930+0000] {processor.py:829} INFO - Processing file /home/airflow/.local/lib/python3.8/site-packages/airflow/example_dags/example_skip_dag.py for tasks to queue
[2023-09-09T13:59:15.931+0000] {logging_mixin.py:151} INFO - [2023-09-09T13:59:15.931+0000] {dagbag.py:539} INFO - Filling up the DagBag from /home/airflow/.local/lib/python3.8/site-packages/airflow/example_dags/example_skip_dag.py
[2023-09-09T13:59:15.935+0000] {processor.py:839} INFO - DAG(s) dict_keys(['example_skip_dag']) retrieved from /home/airflow/.local/lib/python3.8/site-packages/airflow/example_dags/example_skip_dag.py
[2023-09-09T13:59:15.948+0000] {logging_mixin.py:151} INFO - [2023-09-09T13:59:15.948+0000] {dag.py:2907} INFO - Sync 1 DAGs
[2023-09-09T13:59:15.962+0000] {logging_mixin.py:151} INFO - [2023-09-09T13:59:15.962+0000] {dag.py:3677} INFO - Setting next_dagrun for example_skip_dag to 2023-09-08T13:59:15.962202+00:00, run_after=2023-09-09T13:59:15.962202+00:00
[2023-09-09T13:59:15.974+0000] {processor.py:179} INFO - Processing /home/airflow/.local/lib/python3.8/site-packages/airflow/example_dags/example_skip_dag.py took 0.047 seconds
[2023-09-09T13:59:46.798+0000] {processor.py:157} INFO - Started process (PID=493) to work on /home/airflow/.local/lib/python3.8/site-packages/airflow/example_dags/example_skip_dag.py
[2023-09-09T13:59:46.798+0000] {processor.py:829} INFO - Processing file /home/airflow/.local/lib/python3.8/site-packages/airflow/example_dags/example_skip_dag.py for tasks to queue
[2023-09-09T13:59:46.800+0000] {logging_mixin.py:151} INFO - [2023-09-09T13:59:46.799+0000] {dagbag.py:539} INFO - Filling up the DagBag from /home/airflow/.local/lib/python3.8/site-packages/airflow/example_dags/example_skip_dag.py
[2023-09-09T13:59:46.804+0000] {processor.py:839} INFO - DAG(s) dict_keys(['example_skip_dag']) retrieved from /home/airflow/.local/lib/python3.8/site-packages/airflow/example_dags/example_skip_dag.py
[2023-09-09T13:59:46.817+0000] {logging_mixin.py:151} INFO - [2023-09-09T13:59:46.817+0000] {dag.py:2907} INFO - Sync 1 DAGs
[2023-09-09T13:59:46.831+0000] {logging_mixin.py:151} INFO - [2023-09-09T13:59:46.831+0000] {dag.py:3677} INFO - Setting next_dagrun for example_skip_dag to 2023-09-08T13:59:46.831118+00:00, run_after=2023-09-09T13:59:46.831118+00:00
[2023-09-09T13:59:46.842+0000] {processor.py:179} INFO - Processing /home/airflow/.local/lib/python3.8/site-packages/airflow/example_dags/example_skip_dag.py took 0.046 seconds
[2023-09-09T14:00:16.989+0000] {processor.py:157} INFO - Started process (PID=547) to work on /home/airflow/.local/lib/python3.8/site-packages/airflow/example_dags/example_skip_dag.py
[2023-09-09T14:00:16.990+0000] {processor.py:829} INFO - Processing file /home/airflow/.local/lib/python3.8/site-packages/airflow/example_dags/example_skip_dag.py for tasks to queue
[2023-09-09T14:00:16.991+0000] {logging_mixin.py:151} INFO - [2023-09-09T14:00:16.991+0000] {dagbag.py:539} INFO - Filling up the DagBag from /home/airflow/.local/lib/python3.8/site-packages/airflow/example_dags/example_skip_dag.py
[2023-09-09T14:00:16.995+0000] {processor.py:839} INFO - DAG(s) dict_keys(['example_skip_dag']) retrieved from /home/airflow/.local/lib/python3.8/site-packages/airflow/example_dags/example_skip_dag.py
[2023-09-09T14:00:17.008+0000] {logging_mixin.py:151} INFO - [2023-09-09T14:00:17.008+0000] {dag.py:2907} INFO - Sync 1 DAGs
[2023-09-09T14:00:17.021+0000] {logging_mixin.py:151} INFO - [2023-09-09T14:00:17.021+0000] {dag.py:3677} INFO - Setting next_dagrun for example_skip_dag to 2023-09-08T14:00:17.021274+00:00, run_after=2023-09-09T14:00:17.021274+00:00
[2023-09-09T14:00:17.033+0000] {processor.py:179} INFO - Processing /home/airflow/.local/lib/python3.8/site-packages/airflow/example_dags/example_skip_dag.py took 0.046 seconds
[2023-09-09T14:00:47.257+0000] {processor.py:157} INFO - Started process (PID=602) to work on /home/airflow/.local/lib/python3.8/site-packages/airflow/example_dags/example_skip_dag.py
[2023-09-09T14:00:47.258+0000] {processor.py:829} INFO - Processing file /home/airflow/.local/lib/python3.8/site-packages/airflow/example_dags/example_skip_dag.py for tasks to queue
[2023-09-09T14:00:47.259+0000] {logging_mixin.py:151} INFO - [2023-09-09T14:00:47.259+0000] {dagbag.py:539} INFO - Filling up the DagBag from /home/airflow/.local/lib/python3.8/site-packages/airflow/example_dags/example_skip_dag.py
[2023-09-09T14:00:47.263+0000] {processor.py:839} INFO - DAG(s) dict_keys(['example_skip_dag']) retrieved from /home/airflow/.local/lib/python3.8/site-packages/airflow/example_dags/example_skip_dag.py
[2023-09-09T14:00:47.276+0000] {logging_mixin.py:151} INFO - [2023-09-09T14:00:47.276+0000] {dag.py:2907} INFO - Sync 1 DAGs
[2023-09-09T14:00:47.289+0000] {logging_mixin.py:151} INFO - [2023-09-09T14:00:47.289+0000] {dag.py:3677} INFO - Setting next_dagrun for example_skip_dag to 2023-09-08T14:00:47.289328+00:00, run_after=2023-09-09T14:00:47.289328+00:00
[2023-09-09T14:00:47.301+0000] {processor.py:179} INFO - Processing /home/airflow/.local/lib/python3.8/site-packages/airflow/example_dags/example_skip_dag.py took 0.047 seconds
[2023-09-09T14:01:17.404+0000] {processor.py:157} INFO - Started process (PID=657) to work on /home/airflow/.local/lib/python3.8/site-packages/airflow/example_dags/example_skip_dag.py
[2023-09-09T14:01:17.405+0000] {processor.py:829} INFO - Processing file /home/airflow/.local/lib/python3.8/site-packages/airflow/example_dags/example_skip_dag.py for tasks to queue
[2023-09-09T14:01:17.406+0000] {logging_mixin.py:151} INFO - [2023-09-09T14:01:17.406+0000] {dagbag.py:539} INFO - Filling up the DagBag from /home/airflow/.local/lib/python3.8/site-packages/airflow/example_dags/example_skip_dag.py
[2023-09-09T14:01:17.410+0000] {processor.py:839} INFO - DAG(s) dict_keys(['example_skip_dag']) retrieved from /home/airflow/.local/lib/python3.8/site-packages/airflow/example_dags/example_skip_dag.py
[2023-09-09T14:01:17.423+0000] {logging_mixin.py:151} INFO - [2023-09-09T14:01:17.423+0000] {dag.py:2907} INFO - Sync 1 DAGs
[2023-09-09T14:01:17.436+0000] {logging_mixin.py:151} INFO - [2023-09-09T14:01:17.436+0000] {dag.py:3677} INFO - Setting next_dagrun for example_skip_dag to 2023-09-08T14:01:17.436442+00:00, run_after=2023-09-09T14:01:17.436442+00:00
[2023-09-09T14:01:17.448+0000] {processor.py:179} INFO - Processing /home/airflow/.local/lib/python3.8/site-packages/airflow/example_dags/example_skip_dag.py took 0.047 seconds
[2023-09-09T14:01:47.510+0000] {processor.py:157} INFO - Started process (PID=712) to work on /home/airflow/.local/lib/python3.8/site-packages/airflow/example_dags/example_skip_dag.py
[2023-09-09T14:01:47.511+0000] {processor.py:829} INFO - Processing file /home/airflow/.local/lib/python3.8/site-packages/airflow/example_dags/example_skip_dag.py for tasks to queue
[2023-09-09T14:01:47.512+0000] {logging_mixin.py:151} INFO - [2023-09-09T14:01:47.512+0000] {dagbag.py:539} INFO - Filling up the DagBag from /home/airflow/.local/lib/python3.8/site-packages/airflow/example_dags/example_skip_dag.py
[2023-09-09T14:01:47.517+0000] {processor.py:839} INFO - DAG(s) dict_keys(['example_skip_dag']) retrieved from /home/airflow/.local/lib/python3.8/site-packages/airflow/example_dags/example_skip_dag.py
[2023-09-09T14:01:47.534+0000] {logging_mixin.py:151} INFO - [2023-09-09T14:01:47.534+0000] {dag.py:2907} INFO - Sync 1 DAGs
[2023-09-09T14:01:47.550+0000] {logging_mixin.py:151} INFO - [2023-09-09T14:01:47.549+0000] {dag.py:3677} INFO - Setting next_dagrun for example_skip_dag to 2023-09-08T14:01:47.549753+00:00, run_after=2023-09-09T14:01:47.549753+00:00
[2023-09-09T14:01:47.562+0000] {processor.py:179} INFO - Processing /home/airflow/.local/lib/python3.8/site-packages/airflow/example_dags/example_skip_dag.py took 0.055 seconds
[2023-09-09T14:02:17.600+0000] {processor.py:157} INFO - Started process (PID=767) to work on /home/airflow/.local/lib/python3.8/site-packages/airflow/example_dags/example_skip_dag.py
[2023-09-09T14:02:17.601+0000] {processor.py:829} INFO - Processing file /home/airflow/.local/lib/python3.8/site-packages/airflow/example_dags/example_skip_dag.py for tasks to queue
[2023-09-09T14:02:17.602+0000] {logging_mixin.py:151} INFO - [2023-09-09T14:02:17.602+0000] {dagbag.py:539} INFO - Filling up the DagBag from /home/airflow/.local/lib/python3.8/site-packages/airflow/example_dags/example_skip_dag.py
[2023-09-09T14:02:17.606+0000] {processor.py:839} INFO - DAG(s) dict_keys(['example_skip_dag']) retrieved from /home/airflow/.local/lib/python3.8/site-packages/airflow/example_dags/example_skip_dag.py
[2023-09-09T14:02:17.619+0000] {logging_mixin.py:151} INFO - [2023-09-09T14:02:17.619+0000] {dag.py:2907} INFO - Sync 1 DAGs
[2023-09-09T14:02:17.632+0000] {logging_mixin.py:151} INFO - [2023-09-09T14:02:17.632+0000] {dag.py:3677} INFO - Setting next_dagrun for example_skip_dag to 2023-09-08T14:02:17.632454+00:00, run_after=2023-09-09T14:02:17.632454+00:00
[2023-09-09T14:02:17.644+0000] {processor.py:179} INFO - Processing /home/airflow/.local/lib/python3.8/site-packages/airflow/example_dags/example_skip_dag.py took 0.047 seconds
[2023-09-09T14:02:47.781+0000] {processor.py:157} INFO - Started process (PID=822) to work on /home/airflow/.local/lib/python3.8/site-packages/airflow/example_dags/example_skip_dag.py
[2023-09-09T14:02:47.781+0000] {processor.py:829} INFO - Processing file /home/airflow/.local/lib/python3.8/site-packages/airflow/example_dags/example_skip_dag.py for tasks to queue
[2023-09-09T14:02:47.783+0000] {logging_mixin.py:151} INFO - [2023-09-09T14:02:47.783+0000] {dagbag.py:539} INFO - Filling up the DagBag from /home/airflow/.local/lib/python3.8/site-packages/airflow/example_dags/example_skip_dag.py
[2023-09-09T14:02:47.787+0000] {processor.py:839} INFO - DAG(s) dict_keys(['example_skip_dag']) retrieved from /home/airflow/.local/lib/python3.8/site-packages/airflow/example_dags/example_skip_dag.py
[2023-09-09T14:02:47.800+0000] {logging_mixin.py:151} INFO - [2023-09-09T14:02:47.800+0000] {dag.py:2907} INFO - Sync 1 DAGs
[2023-09-09T14:02:47.813+0000] {logging_mixin.py:151} INFO - [2023-09-09T14:02:47.813+0000] {dag.py:3677} INFO - Setting next_dagrun for example_skip_dag to 2023-09-08T14:02:47.813547+00:00, run_after=2023-09-09T14:02:47.813547+00:00
[2023-09-09T14:02:47.825+0000] {processor.py:179} INFO - Processing /home/airflow/.local/lib/python3.8/site-packages/airflow/example_dags/example_skip_dag.py took 0.046 seconds
[2023-09-09T14:03:17.951+0000] {processor.py:157} INFO - Started process (PID=877) to work on /home/airflow/.local/lib/python3.8/site-packages/airflow/example_dags/example_skip_dag.py
[2023-09-09T14:03:17.952+0000] {processor.py:829} INFO - Processing file /home/airflow/.local/lib/python3.8/site-packages/airflow/example_dags/example_skip_dag.py for tasks to queue
[2023-09-09T14:03:17.953+0000] {logging_mixin.py:151} INFO - [2023-09-09T14:03:17.953+0000] {dagbag.py:539} INFO - Filling up the DagBag from /home/airflow/.local/lib/python3.8/site-packages/airflow/example_dags/example_skip_dag.py
[2023-09-09T14:03:17.958+0000] {processor.py:839} INFO - DAG(s) dict_keys(['example_skip_dag']) retrieved from /home/airflow/.local/lib/python3.8/site-packages/airflow/example_dags/example_skip_dag.py
[2023-09-09T14:03:17.970+0000] {logging_mixin.py:151} INFO - [2023-09-09T14:03:17.970+0000] {dag.py:2907} INFO - Sync 1 DAGs
[2023-09-09T14:03:17.983+0000] {logging_mixin.py:151} INFO - [2023-09-09T14:03:17.983+0000] {dag.py:3677} INFO - Setting next_dagrun for example_skip_dag to 2023-09-08T14:03:17.983110+00:00, run_after=2023-09-09T14:03:17.983110+00:00
[2023-09-09T14:03:17.996+0000] {processor.py:179} INFO - Processing /home/airflow/.local/lib/python3.8/site-packages/airflow/example_dags/example_skip_dag.py took 0.046 seconds
[2023-09-09T14:03:48.128+0000] {processor.py:157} INFO - Started process (PID=932) to work on /home/airflow/.local/lib/python3.8/site-packages/airflow/example_dags/example_skip_dag.py
[2023-09-09T14:03:48.128+0000] {processor.py:829} INFO - Processing file /home/airflow/.local/lib/python3.8/site-packages/airflow/example_dags/example_skip_dag.py for tasks to queue
[2023-09-09T14:03:48.130+0000] {logging_mixin.py:151} INFO - [2023-09-09T14:03:48.130+0000] {dagbag.py:539} INFO - Filling up the DagBag from /home/airflow/.local/lib/python3.8/site-packages/airflow/example_dags/example_skip_dag.py
[2023-09-09T14:03:48.134+0000] {processor.py:839} INFO - DAG(s) dict_keys(['example_skip_dag']) retrieved from /home/airflow/.local/lib/python3.8/site-packages/airflow/example_dags/example_skip_dag.py
[2023-09-09T14:03:48.147+0000] {logging_mixin.py:151} INFO - [2023-09-09T14:03:48.146+0000] {dag.py:2907} INFO - Sync 1 DAGs
[2023-09-09T14:03:48.159+0000] {logging_mixin.py:151} INFO - [2023-09-09T14:03:48.159+0000] {dag.py:3677} INFO - Setting next_dagrun for example_skip_dag to 2023-09-08T14:03:48.159461+00:00, run_after=2023-09-09T14:03:48.159461+00:00
[2023-09-09T14:03:48.171+0000] {processor.py:179} INFO - Processing /home/airflow/.local/lib/python3.8/site-packages/airflow/example_dags/example_skip_dag.py took 0.045 seconds
[2023-09-09T14:04:18.349+0000] {processor.py:157} INFO - Started process (PID=987) to work on /home/airflow/.local/lib/python3.8/site-packages/airflow/example_dags/example_skip_dag.py
[2023-09-09T14:04:18.350+0000] {processor.py:829} INFO - Processing file /home/airflow/.local/lib/python3.8/site-packages/airflow/example_dags/example_skip_dag.py for tasks to queue
[2023-09-09T14:04:18.351+0000] {logging_mixin.py:151} INFO - [2023-09-09T14:04:18.351+0000] {dagbag.py:539} INFO - Filling up the DagBag from /home/airflow/.local/lib/python3.8/site-packages/airflow/example_dags/example_skip_dag.py
[2023-09-09T14:04:18.355+0000] {processor.py:839} INFO - DAG(s) dict_keys(['example_skip_dag']) retrieved from /home/airflow/.local/lib/python3.8/site-packages/airflow/example_dags/example_skip_dag.py
[2023-09-09T14:04:18.368+0000] {logging_mixin.py:151} INFO - [2023-09-09T14:04:18.368+0000] {dag.py:2907} INFO - Sync 1 DAGs
[2023-09-09T14:04:18.381+0000] {logging_mixin.py:151} INFO - [2023-09-09T14:04:18.381+0000] {dag.py:3677} INFO - Setting next_dagrun for example_skip_dag to 2023-09-08T14:04:18.380877+00:00, run_after=2023-09-09T14:04:18.380877+00:00
[2023-09-09T14:04:18.391+0000] {processor.py:179} INFO - Processing /home/airflow/.local/lib/python3.8/site-packages/airflow/example_dags/example_skip_dag.py took 0.044 seconds
[2023-09-09T14:04:48.436+0000] {processor.py:157} INFO - Started process (PID=1042) to work on /home/airflow/.local/lib/python3.8/site-packages/airflow/example_dags/example_skip_dag.py
[2023-09-09T14:04:48.437+0000] {processor.py:829} INFO - Processing file /home/airflow/.local/lib/python3.8/site-packages/airflow/example_dags/example_skip_dag.py for tasks to queue
[2023-09-09T14:04:48.438+0000] {logging_mixin.py:151} INFO - [2023-09-09T14:04:48.438+0000] {dagbag.py:539} INFO - Filling up the DagBag from /home/airflow/.local/lib/python3.8/site-packages/airflow/example_dags/example_skip_dag.py
[2023-09-09T14:04:48.443+0000] {processor.py:839} INFO - DAG(s) dict_keys(['example_skip_dag']) retrieved from /home/airflow/.local/lib/python3.8/site-packages/airflow/example_dags/example_skip_dag.py
[2023-09-09T14:04:48.456+0000] {logging_mixin.py:151} INFO - [2023-09-09T14:04:48.455+0000] {dag.py:2907} INFO - Sync 1 DAGs
[2023-09-09T14:04:48.468+0000] {logging_mixin.py:151} INFO - [2023-09-09T14:04:48.468+0000] {dag.py:3677} INFO - Setting next_dagrun for example_skip_dag to 2023-09-08T14:04:48.468445+00:00, run_after=2023-09-09T14:04:48.468445+00:00
[2023-09-09T14:04:48.479+0000] {processor.py:179} INFO - Processing /home/airflow/.local/lib/python3.8/site-packages/airflow/example_dags/example_skip_dag.py took 0.045 seconds
[2023-09-09T14:05:18.628+0000] {processor.py:157} INFO - Started process (PID=1097) to work on /home/airflow/.local/lib/python3.8/site-packages/airflow/example_dags/example_skip_dag.py
[2023-09-09T14:05:18.629+0000] {processor.py:829} INFO - Processing file /home/airflow/.local/lib/python3.8/site-packages/airflow/example_dags/example_skip_dag.py for tasks to queue
[2023-09-09T14:05:18.631+0000] {logging_mixin.py:151} INFO - [2023-09-09T14:05:18.630+0000] {dagbag.py:539} INFO - Filling up the DagBag from /home/airflow/.local/lib/python3.8/site-packages/airflow/example_dags/example_skip_dag.py
[2023-09-09T14:05:18.635+0000] {processor.py:839} INFO - DAG(s) dict_keys(['example_skip_dag']) retrieved from /home/airflow/.local/lib/python3.8/site-packages/airflow/example_dags/example_skip_dag.py
[2023-09-09T14:05:18.648+0000] {logging_mixin.py:151} INFO - [2023-09-09T14:05:18.648+0000] {dag.py:2907} INFO - Sync 1 DAGs
[2023-09-09T14:05:18.663+0000] {logging_mixin.py:151} INFO - [2023-09-09T14:05:18.662+0000] {dag.py:3677} INFO - Setting next_dagrun for example_skip_dag to 2023-09-08T14:05:18.662730+00:00, run_after=2023-09-09T14:05:18.662730+00:00
[2023-09-09T14:05:18.675+0000] {processor.py:179} INFO - Processing /home/airflow/.local/lib/python3.8/site-packages/airflow/example_dags/example_skip_dag.py took 0.048 seconds
[2023-09-09T14:05:48.760+0000] {processor.py:157} INFO - Started process (PID=1152) to work on /home/airflow/.local/lib/python3.8/site-packages/airflow/example_dags/example_skip_dag.py
[2023-09-09T14:05:48.760+0000] {processor.py:829} INFO - Processing file /home/airflow/.local/lib/python3.8/site-packages/airflow/example_dags/example_skip_dag.py for tasks to queue
[2023-09-09T14:05:48.762+0000] {logging_mixin.py:151} INFO - [2023-09-09T14:05:48.762+0000] {dagbag.py:539} INFO - Filling up the DagBag from /home/airflow/.local/lib/python3.8/site-packages/airflow/example_dags/example_skip_dag.py
[2023-09-09T14:05:48.766+0000] {processor.py:839} INFO - DAG(s) dict_keys(['example_skip_dag']) retrieved from /home/airflow/.local/lib/python3.8/site-packages/airflow/example_dags/example_skip_dag.py
[2023-09-09T14:05:48.779+0000] {logging_mixin.py:151} INFO - [2023-09-09T14:05:48.778+0000] {dag.py:2907} INFO - Sync 1 DAGs
[2023-09-09T14:05:48.792+0000] {logging_mixin.py:151} INFO - [2023-09-09T14:05:48.792+0000] {dag.py:3677} INFO - Setting next_dagrun for example_skip_dag to 2023-09-08T14:05:48.791977+00:00, run_after=2023-09-09T14:05:48.791977+00:00
[2023-09-09T14:05:48.804+0000] {processor.py:179} INFO - Processing /home/airflow/.local/lib/python3.8/site-packages/airflow/example_dags/example_skip_dag.py took 0.046 seconds
[2023-09-09T14:06:19.062+0000] {processor.py:157} INFO - Started process (PID=1207) to work on /home/airflow/.local/lib/python3.8/site-packages/airflow/example_dags/example_skip_dag.py
[2023-09-09T14:06:19.063+0000] {processor.py:829} INFO - Processing file /home/airflow/.local/lib/python3.8/site-packages/airflow/example_dags/example_skip_dag.py for tasks to queue
[2023-09-09T14:06:19.064+0000] {logging_mixin.py:151} INFO - [2023-09-09T14:06:19.064+0000] {dagbag.py:539} INFO - Filling up the DagBag from /home/airflow/.local/lib/python3.8/site-packages/airflow/example_dags/example_skip_dag.py
[2023-09-09T14:06:19.068+0000] {processor.py:839} INFO - DAG(s) dict_keys(['example_skip_dag']) retrieved from /home/airflow/.local/lib/python3.8/site-packages/airflow/example_dags/example_skip_dag.py
[2023-09-09T14:06:19.084+0000] {logging_mixin.py:151} INFO - [2023-09-09T14:06:19.083+0000] {dag.py:2907} INFO - Sync 1 DAGs
[2023-09-09T14:06:19.097+0000] {logging_mixin.py:151} INFO - [2023-09-09T14:06:19.097+0000] {dag.py:3677} INFO - Setting next_dagrun for example_skip_dag to 2023-09-08T14:06:19.097210+00:00, run_after=2023-09-09T14:06:19.097210+00:00
[2023-09-09T14:06:19.108+0000] {processor.py:179} INFO - Processing /home/airflow/.local/lib/python3.8/site-packages/airflow/example_dags/example_skip_dag.py took 0.048 seconds
[2023-09-09T14:06:50.044+0000] {processor.py:157} INFO - Started process (PID=1262) to work on /home/airflow/.local/lib/python3.8/site-packages/airflow/example_dags/example_skip_dag.py
[2023-09-09T14:06:50.045+0000] {processor.py:829} INFO - Processing file /home/airflow/.local/lib/python3.8/site-packages/airflow/example_dags/example_skip_dag.py for tasks to queue
[2023-09-09T14:06:50.046+0000] {logging_mixin.py:151} INFO - [2023-09-09T14:06:50.046+0000] {dagbag.py:539} INFO - Filling up the DagBag from /home/airflow/.local/lib/python3.8/site-packages/airflow/example_dags/example_skip_dag.py
[2023-09-09T14:06:50.050+0000] {processor.py:839} INFO - DAG(s) dict_keys(['example_skip_dag']) retrieved from /home/airflow/.local/lib/python3.8/site-packages/airflow/example_dags/example_skip_dag.py
[2023-09-09T14:06:50.063+0000] {logging_mixin.py:151} INFO - [2023-09-09T14:06:50.062+0000] {dag.py:2907} INFO - Sync 1 DAGs
[2023-09-09T14:06:50.075+0000] {logging_mixin.py:151} INFO - [2023-09-09T14:06:50.075+0000] {dag.py:3677} INFO - Setting next_dagrun for example_skip_dag to 2023-09-08T14:06:50.075652+00:00, run_after=2023-09-09T14:06:50.075652+00:00
[2023-09-09T14:06:50.087+0000] {processor.py:179} INFO - Processing /home/airflow/.local/lib/python3.8/site-packages/airflow/example_dags/example_skip_dag.py took 0.045 seconds
[2023-09-09T14:07:20.165+0000] {processor.py:157} INFO - Started process (PID=1317) to work on /home/airflow/.local/lib/python3.8/site-packages/airflow/example_dags/example_skip_dag.py
[2023-09-09T14:07:20.166+0000] {processor.py:829} INFO - Processing file /home/airflow/.local/lib/python3.8/site-packages/airflow/example_dags/example_skip_dag.py for tasks to queue
[2023-09-09T14:07:20.167+0000] {logging_mixin.py:151} INFO - [2023-09-09T14:07:20.167+0000] {dagbag.py:539} INFO - Filling up the DagBag from /home/airflow/.local/lib/python3.8/site-packages/airflow/example_dags/example_skip_dag.py
[2023-09-09T14:07:20.171+0000] {processor.py:839} INFO - DAG(s) dict_keys(['example_skip_dag']) retrieved from /home/airflow/.local/lib/python3.8/site-packages/airflow/example_dags/example_skip_dag.py
[2023-09-09T14:07:20.186+0000] {logging_mixin.py:151} INFO - [2023-09-09T14:07:20.186+0000] {dag.py:2907} INFO - Sync 1 DAGs
[2023-09-09T14:07:20.199+0000] {logging_mixin.py:151} INFO - [2023-09-09T14:07:20.199+0000] {dag.py:3677} INFO - Setting next_dagrun for example_skip_dag to 2023-09-08T14:07:20.199685+00:00, run_after=2023-09-09T14:07:20.199685+00:00
[2023-09-09T14:07:20.210+0000] {processor.py:179} INFO - Processing /home/airflow/.local/lib/python3.8/site-packages/airflow/example_dags/example_skip_dag.py took 0.048 seconds
[2023-09-09T14:07:50.286+0000] {processor.py:157} INFO - Started process (PID=1372) to work on /home/airflow/.local/lib/python3.8/site-packages/airflow/example_dags/example_skip_dag.py
[2023-09-09T14:07:50.287+0000] {processor.py:829} INFO - Processing file /home/airflow/.local/lib/python3.8/site-packages/airflow/example_dags/example_skip_dag.py for tasks to queue
[2023-09-09T14:07:50.288+0000] {logging_mixin.py:151} INFO - [2023-09-09T14:07:50.288+0000] {dagbag.py:539} INFO - Filling up the DagBag from /home/airflow/.local/lib/python3.8/site-packages/airflow/example_dags/example_skip_dag.py
[2023-09-09T14:07:50.292+0000] {processor.py:839} INFO - DAG(s) dict_keys(['example_skip_dag']) retrieved from /home/airflow/.local/lib/python3.8/site-packages/airflow/example_dags/example_skip_dag.py
[2023-09-09T14:07:50.305+0000] {logging_mixin.py:151} INFO - [2023-09-09T14:07:50.305+0000] {dag.py:2907} INFO - Sync 1 DAGs
[2023-09-09T14:07:50.318+0000] {logging_mixin.py:151} INFO - [2023-09-09T14:07:50.318+0000] {dag.py:3677} INFO - Setting next_dagrun for example_skip_dag to 2023-09-08T14:07:50.318196+00:00, run_after=2023-09-09T14:07:50.318196+00:00
[2023-09-09T14:07:50.332+0000] {processor.py:179} INFO - Processing /home/airflow/.local/lib/python3.8/site-packages/airflow/example_dags/example_skip_dag.py took 0.048 seconds
[2023-09-09T14:08:20.397+0000] {processor.py:157} INFO - Started process (PID=1427) to work on /home/airflow/.local/lib/python3.8/site-packages/airflow/example_dags/example_skip_dag.py
[2023-09-09T14:08:20.398+0000] {processor.py:829} INFO - Processing file /home/airflow/.local/lib/python3.8/site-packages/airflow/example_dags/example_skip_dag.py for tasks to queue
[2023-09-09T14:08:20.399+0000] {logging_mixin.py:151} INFO - [2023-09-09T14:08:20.399+0000] {dagbag.py:539} INFO - Filling up the DagBag from /home/airflow/.local/lib/python3.8/site-packages/airflow/example_dags/example_skip_dag.py
[2023-09-09T14:08:20.404+0000] {processor.py:839} INFO - DAG(s) dict_keys(['example_skip_dag']) retrieved from /home/airflow/.local/lib/python3.8/site-packages/airflow/example_dags/example_skip_dag.py
[2023-09-09T14:08:20.418+0000] {logging_mixin.py:151} INFO - [2023-09-09T14:08:20.418+0000] {dag.py:2907} INFO - Sync 1 DAGs
[2023-09-09T14:08:20.433+0000] {logging_mixin.py:151} INFO - [2023-09-09T14:08:20.432+0000] {dag.py:3677} INFO - Setting next_dagrun for example_skip_dag to 2023-09-08T14:08:20.432707+00:00, run_after=2023-09-09T14:08:20.432707+00:00
[2023-09-09T14:08:20.445+0000] {processor.py:179} INFO - Processing /home/airflow/.local/lib/python3.8/site-packages/airflow/example_dags/example_skip_dag.py took 0.050 seconds
[2023-09-09T14:08:51.193+0000] {processor.py:157} INFO - Started process (PID=1482) to work on /home/airflow/.local/lib/python3.8/site-packages/airflow/example_dags/example_skip_dag.py
[2023-09-09T14:08:51.193+0000] {processor.py:829} INFO - Processing file /home/airflow/.local/lib/python3.8/site-packages/airflow/example_dags/example_skip_dag.py for tasks to queue
[2023-09-09T14:08:51.195+0000] {logging_mixin.py:151} INFO - [2023-09-09T14:08:51.195+0000] {dagbag.py:539} INFO - Filling up the DagBag from /home/airflow/.local/lib/python3.8/site-packages/airflow/example_dags/example_skip_dag.py
[2023-09-09T14:08:51.199+0000] {processor.py:839} INFO - DAG(s) dict_keys(['example_skip_dag']) retrieved from /home/airflow/.local/lib/python3.8/site-packages/airflow/example_dags/example_skip_dag.py
[2023-09-09T14:08:51.212+0000] {logging_mixin.py:151} INFO - [2023-09-09T14:08:51.212+0000] {dag.py:2907} INFO - Sync 1 DAGs
[2023-09-09T14:08:51.225+0000] {logging_mixin.py:151} INFO - [2023-09-09T14:08:51.225+0000] {dag.py:3677} INFO - Setting next_dagrun for example_skip_dag to 2023-09-08T14:08:51.225176+00:00, run_after=2023-09-09T14:08:51.225176+00:00
[2023-09-09T14:08:51.238+0000] {processor.py:179} INFO - Processing /home/airflow/.local/lib/python3.8/site-packages/airflow/example_dags/example_skip_dag.py took 0.048 seconds
[2023-09-09T14:09:21.454+0000] {processor.py:157} INFO - Started process (PID=1539) to work on /home/airflow/.local/lib/python3.8/site-packages/airflow/example_dags/example_skip_dag.py
[2023-09-09T14:09:21.455+0000] {processor.py:829} INFO - Processing file /home/airflow/.local/lib/python3.8/site-packages/airflow/example_dags/example_skip_dag.py for tasks to queue
[2023-09-09T14:09:21.456+0000] {logging_mixin.py:151} INFO - [2023-09-09T14:09:21.456+0000] {dagbag.py:539} INFO - Filling up the DagBag from /home/airflow/.local/lib/python3.8/site-packages/airflow/example_dags/example_skip_dag.py
[2023-09-09T14:09:21.460+0000] {processor.py:839} INFO - DAG(s) dict_keys(['example_skip_dag']) retrieved from /home/airflow/.local/lib/python3.8/site-packages/airflow/example_dags/example_skip_dag.py
[2023-09-09T14:09:21.477+0000] {logging_mixin.py:151} INFO - [2023-09-09T14:09:21.476+0000] {dag.py:2907} INFO - Sync 1 DAGs
[2023-09-09T14:09:21.490+0000] {logging_mixin.py:151} INFO - [2023-09-09T14:09:21.490+0000] {dag.py:3677} INFO - Setting next_dagrun for example_skip_dag to 2023-09-08T14:09:21.490669+00:00, run_after=2023-09-09T14:09:21.490669+00:00
[2023-09-09T14:09:21.502+0000] {processor.py:179} INFO - Processing /home/airflow/.local/lib/python3.8/site-packages/airflow/example_dags/example_skip_dag.py took 0.051 seconds
[2023-09-09T14:09:51.562+0000] {processor.py:157} INFO - Started process (PID=1596) to work on /home/airflow/.local/lib/python3.8/site-packages/airflow/example_dags/example_skip_dag.py
[2023-09-09T14:09:51.563+0000] {processor.py:829} INFO - Processing file /home/airflow/.local/lib/python3.8/site-packages/airflow/example_dags/example_skip_dag.py for tasks to queue
[2023-09-09T14:09:51.565+0000] {logging_mixin.py:151} INFO - [2023-09-09T14:09:51.564+0000] {dagbag.py:539} INFO - Filling up the DagBag from /home/airflow/.local/lib/python3.8/site-packages/airflow/example_dags/example_skip_dag.py
[2023-09-09T14:09:51.568+0000] {processor.py:839} INFO - DAG(s) dict_keys(['example_skip_dag']) retrieved from /home/airflow/.local/lib/python3.8/site-packages/airflow/example_dags/example_skip_dag.py
[2023-09-09T14:09:51.581+0000] {logging_mixin.py:151} INFO - [2023-09-09T14:09:51.581+0000] {dag.py:2907} INFO - Sync 1 DAGs
[2023-09-09T14:09:51.594+0000] {logging_mixin.py:151} INFO - [2023-09-09T14:09:51.594+0000] {dag.py:3677} INFO - Setting next_dagrun for example_skip_dag to 2023-09-08T14:09:51.593995+00:00, run_after=2023-09-09T14:09:51.593995+00:00
[2023-09-09T14:09:51.607+0000] {processor.py:179} INFO - Processing /home/airflow/.local/lib/python3.8/site-packages/airflow/example_dags/example_skip_dag.py took 0.047 seconds
[2023-09-09T14:10:21.760+0000] {processor.py:157} INFO - Started process (PID=1656) to work on /home/airflow/.local/lib/python3.8/site-packages/airflow/example_dags/example_skip_dag.py
[2023-09-09T14:10:21.760+0000] {processor.py:829} INFO - Processing file /home/airflow/.local/lib/python3.8/site-packages/airflow/example_dags/example_skip_dag.py for tasks to queue
[2023-09-09T14:10:21.762+0000] {logging_mixin.py:151} INFO - [2023-09-09T14:10:21.762+0000] {dagbag.py:539} INFO - Filling up the DagBag from /home/airflow/.local/lib/python3.8/site-packages/airflow/example_dags/example_skip_dag.py
[2023-09-09T14:10:21.768+0000] {processor.py:839} INFO - DAG(s) dict_keys(['example_skip_dag']) retrieved from /home/airflow/.local/lib/python3.8/site-packages/airflow/example_dags/example_skip_dag.py
[2023-09-09T14:10:21.781+0000] {logging_mixin.py:151} INFO - [2023-09-09T14:10:21.781+0000] {dag.py:2907} INFO - Sync 1 DAGs
[2023-09-09T14:10:21.794+0000] {logging_mixin.py:151} INFO - [2023-09-09T14:10:21.794+0000] {dag.py:3677} INFO - Setting next_dagrun for example_skip_dag to 2023-09-08T14:10:21.794515+00:00, run_after=2023-09-09T14:10:21.794515+00:00
[2023-09-09T14:10:21.807+0000] {processor.py:179} INFO - Processing /home/airflow/.local/lib/python3.8/site-packages/airflow/example_dags/example_skip_dag.py took 0.049 seconds
[2023-09-09T14:10:51.989+0000] {processor.py:157} INFO - Started process (PID=1718) to work on /home/airflow/.local/lib/python3.8/site-packages/airflow/example_dags/example_skip_dag.py
[2023-09-09T14:10:51.990+0000] {processor.py:829} INFO - Processing file /home/airflow/.local/lib/python3.8/site-packages/airflow/example_dags/example_skip_dag.py for tasks to queue
[2023-09-09T14:10:51.992+0000] {logging_mixin.py:151} INFO - [2023-09-09T14:10:51.992+0000] {dagbag.py:539} INFO - Filling up the DagBag from /home/airflow/.local/lib/python3.8/site-packages/airflow/example_dags/example_skip_dag.py
[2023-09-09T14:10:51.997+0000] {processor.py:839} INFO - DAG(s) dict_keys(['example_skip_dag']) retrieved from /home/airflow/.local/lib/python3.8/site-packages/airflow/example_dags/example_skip_dag.py
[2023-09-09T14:10:52.014+0000] {logging_mixin.py:151} INFO - [2023-09-09T14:10:52.014+0000] {dag.py:2907} INFO - Sync 1 DAGs
[2023-09-09T14:10:52.031+0000] {logging_mixin.py:151} INFO - [2023-09-09T14:10:52.031+0000] {dag.py:3677} INFO - Setting next_dagrun for example_skip_dag to 2023-09-08T14:10:52.031568+00:00, run_after=2023-09-09T14:10:52.031568+00:00
[2023-09-09T14:10:52.044+0000] {processor.py:179} INFO - Processing /home/airflow/.local/lib/python3.8/site-packages/airflow/example_dags/example_skip_dag.py took 0.057 seconds
[2023-09-09T14:11:22.240+0000] {processor.py:157} INFO - Started process (PID=1773) to work on /home/airflow/.local/lib/python3.8/site-packages/airflow/example_dags/example_skip_dag.py
[2023-09-09T14:11:22.241+0000] {processor.py:829} INFO - Processing file /home/airflow/.local/lib/python3.8/site-packages/airflow/example_dags/example_skip_dag.py for tasks to queue
[2023-09-09T14:11:22.243+0000] {logging_mixin.py:151} INFO - [2023-09-09T14:11:22.243+0000] {dagbag.py:539} INFO - Filling up the DagBag from /home/airflow/.local/lib/python3.8/site-packages/airflow/example_dags/example_skip_dag.py
[2023-09-09T14:11:22.247+0000] {processor.py:839} INFO - DAG(s) dict_keys(['example_skip_dag']) retrieved from /home/airflow/.local/lib/python3.8/site-packages/airflow/example_dags/example_skip_dag.py
[2023-09-09T14:11:22.262+0000] {logging_mixin.py:151} INFO - [2023-09-09T14:11:22.262+0000] {dag.py:2907} INFO - Sync 1 DAGs
[2023-09-09T14:11:22.277+0000] {logging_mixin.py:151} INFO - [2023-09-09T14:11:22.276+0000] {dag.py:3677} INFO - Setting next_dagrun for example_skip_dag to 2023-09-08T14:11:22.276755+00:00, run_after=2023-09-09T14:11:22.276755+00:00
[2023-09-09T14:11:22.289+0000] {processor.py:179} INFO - Processing /home/airflow/.local/lib/python3.8/site-packages/airflow/example_dags/example_skip_dag.py took 0.050 seconds
[2023-09-09T14:11:52.346+0000] {processor.py:157} INFO - Started process (PID=1828) to work on /home/airflow/.local/lib/python3.8/site-packages/airflow/example_dags/example_skip_dag.py
[2023-09-09T14:11:52.347+0000] {processor.py:829} INFO - Processing file /home/airflow/.local/lib/python3.8/site-packages/airflow/example_dags/example_skip_dag.py for tasks to queue
[2023-09-09T14:11:52.348+0000] {logging_mixin.py:151} INFO - [2023-09-09T14:11:52.348+0000] {dagbag.py:539} INFO - Filling up the DagBag from /home/airflow/.local/lib/python3.8/site-packages/airflow/example_dags/example_skip_dag.py
[2023-09-09T14:11:52.352+0000] {processor.py:839} INFO - DAG(s) dict_keys(['example_skip_dag']) retrieved from /home/airflow/.local/lib/python3.8/site-packages/airflow/example_dags/example_skip_dag.py
[2023-09-09T14:11:52.366+0000] {logging_mixin.py:151} INFO - [2023-09-09T14:11:52.366+0000] {dag.py:2907} INFO - Sync 1 DAGs
[2023-09-09T14:11:52.380+0000] {logging_mixin.py:151} INFO - [2023-09-09T14:11:52.380+0000] {dag.py:3677} INFO - Setting next_dagrun for example_skip_dag to 2023-09-08T14:11:52.380091+00:00, run_after=2023-09-09T14:11:52.380091+00:00
[2023-09-09T14:11:52.393+0000] {processor.py:179} INFO - Processing /home/airflow/.local/lib/python3.8/site-packages/airflow/example_dags/example_skip_dag.py took 0.049 seconds
[2023-09-09T14:12:22.482+0000] {processor.py:157} INFO - Started process (PID=1884) to work on /home/airflow/.local/lib/python3.8/site-packages/airflow/example_dags/example_skip_dag.py
[2023-09-09T14:12:22.483+0000] {processor.py:829} INFO - Processing file /home/airflow/.local/lib/python3.8/site-packages/airflow/example_dags/example_skip_dag.py for tasks to queue
[2023-09-09T14:12:22.484+0000] {logging_mixin.py:151} INFO - [2023-09-09T14:12:22.484+0000] {dagbag.py:539} INFO - Filling up the DagBag from /home/airflow/.local/lib/python3.8/site-packages/airflow/example_dags/example_skip_dag.py
[2023-09-09T14:12:22.488+0000] {processor.py:839} INFO - DAG(s) dict_keys(['example_skip_dag']) retrieved from /home/airflow/.local/lib/python3.8/site-packages/airflow/example_dags/example_skip_dag.py
[2023-09-09T14:12:22.502+0000] {logging_mixin.py:151} INFO - [2023-09-09T14:12:22.502+0000] {dag.py:2907} INFO - Sync 1 DAGs
[2023-09-09T14:12:22.515+0000] {logging_mixin.py:151} INFO - [2023-09-09T14:12:22.515+0000] {dag.py:3677} INFO - Setting next_dagrun for example_skip_dag to 2023-09-08T14:12:22.515433+00:00, run_after=2023-09-09T14:12:22.515433+00:00
[2023-09-09T14:12:22.529+0000] {processor.py:179} INFO - Processing /home/airflow/.local/lib/python3.8/site-packages/airflow/example_dags/example_skip_dag.py took 0.049 seconds
[2023-09-09T14:12:52.766+0000] {processor.py:157} INFO - Started process (PID=1941) to work on /home/airflow/.local/lib/python3.8/site-packages/airflow/example_dags/example_skip_dag.py
[2023-09-09T14:12:52.767+0000] {processor.py:829} INFO - Processing file /home/airflow/.local/lib/python3.8/site-packages/airflow/example_dags/example_skip_dag.py for tasks to queue
[2023-09-09T14:12:52.768+0000] {logging_mixin.py:151} INFO - [2023-09-09T14:12:52.768+0000] {dagbag.py:539} INFO - Filling up the DagBag from /home/airflow/.local/lib/python3.8/site-packages/airflow/example_dags/example_skip_dag.py
[2023-09-09T14:12:52.772+0000] {processor.py:839} INFO - DAG(s) dict_keys(['example_skip_dag']) retrieved from /home/airflow/.local/lib/python3.8/site-packages/airflow/example_dags/example_skip_dag.py
[2023-09-09T14:12:52.786+0000] {logging_mixin.py:151} INFO - [2023-09-09T14:12:52.785+0000] {dag.py:2907} INFO - Sync 1 DAGs
[2023-09-09T14:12:52.798+0000] {logging_mixin.py:151} INFO - [2023-09-09T14:12:52.798+0000] {dag.py:3677} INFO - Setting next_dagrun for example_skip_dag to 2023-09-08T14:12:52.798593+00:00, run_after=2023-09-09T14:12:52.798593+00:00
[2023-09-09T14:12:52.809+0000] {processor.py:179} INFO - Processing /home/airflow/.local/lib/python3.8/site-packages/airflow/example_dags/example_skip_dag.py took 0.046 seconds
[2023-09-09T14:13:22.940+0000] {processor.py:157} INFO - Started process (PID=1996) to work on /home/airflow/.local/lib/python3.8/site-packages/airflow/example_dags/example_skip_dag.py
[2023-09-09T14:13:22.941+0000] {processor.py:829} INFO - Processing file /home/airflow/.local/lib/python3.8/site-packages/airflow/example_dags/example_skip_dag.py for tasks to queue
[2023-09-09T14:13:22.942+0000] {logging_mixin.py:151} INFO - [2023-09-09T14:13:22.942+0000] {dagbag.py:539} INFO - Filling up the DagBag from /home/airflow/.local/lib/python3.8/site-packages/airflow/example_dags/example_skip_dag.py
[2023-09-09T14:13:22.946+0000] {processor.py:839} INFO - DAG(s) dict_keys(['example_skip_dag']) retrieved from /home/airflow/.local/lib/python3.8/site-packages/airflow/example_dags/example_skip_dag.py
[2023-09-09T14:13:22.960+0000] {logging_mixin.py:151} INFO - [2023-09-09T14:13:22.959+0000] {dag.py:2907} INFO - Sync 1 DAGs
[2023-09-09T14:13:22.973+0000] {logging_mixin.py:151} INFO - [2023-09-09T14:13:22.972+0000] {dag.py:3677} INFO - Setting next_dagrun for example_skip_dag to 2023-09-08T14:13:22.972852+00:00, run_after=2023-09-09T14:13:22.972852+00:00
[2023-09-09T14:13:22.985+0000] {processor.py:179} INFO - Processing /home/airflow/.local/lib/python3.8/site-packages/airflow/example_dags/example_skip_dag.py took 0.047 seconds
[2023-09-09T14:13:53.127+0000] {processor.py:157} INFO - Started process (PID=2052) to work on /home/airflow/.local/lib/python3.8/site-packages/airflow/example_dags/example_skip_dag.py
[2023-09-09T14:13:53.127+0000] {processor.py:829} INFO - Processing file /home/airflow/.local/lib/python3.8/site-packages/airflow/example_dags/example_skip_dag.py for tasks to queue
[2023-09-09T14:13:53.129+0000] {logging_mixin.py:151} INFO - [2023-09-09T14:13:53.129+0000] {dagbag.py:539} INFO - Filling up the DagBag from /home/airflow/.local/lib/python3.8/site-packages/airflow/example_dags/example_skip_dag.py
[2023-09-09T14:13:53.134+0000] {processor.py:839} INFO - DAG(s) dict_keys(['example_skip_dag']) retrieved from /home/airflow/.local/lib/python3.8/site-packages/airflow/example_dags/example_skip_dag.py
[2023-09-09T14:13:53.149+0000] {logging_mixin.py:151} INFO - [2023-09-09T14:13:53.148+0000] {dag.py:2907} INFO - Sync 1 DAGs
[2023-09-09T14:13:53.164+0000] {logging_mixin.py:151} INFO - [2023-09-09T14:13:53.164+0000] {dag.py:3677} INFO - Setting next_dagrun for example_skip_dag to 2023-09-08T14:13:53.164091+00:00, run_after=2023-09-09T14:13:53.164091+00:00
[2023-09-09T14:13:53.176+0000] {processor.py:179} INFO - Processing /home/airflow/.local/lib/python3.8/site-packages/airflow/example_dags/example_skip_dag.py took 0.052 seconds
[2023-09-09T14:14:23.324+0000] {processor.py:157} INFO - Started process (PID=2108) to work on /home/airflow/.local/lib/python3.8/site-packages/airflow/example_dags/example_skip_dag.py
[2023-09-09T14:14:23.325+0000] {processor.py:829} INFO - Processing file /home/airflow/.local/lib/python3.8/site-packages/airflow/example_dags/example_skip_dag.py for tasks to queue
[2023-09-09T14:14:23.326+0000] {logging_mixin.py:151} INFO - [2023-09-09T14:14:23.326+0000] {dagbag.py:539} INFO - Filling up the DagBag from /home/airflow/.local/lib/python3.8/site-packages/airflow/example_dags/example_skip_dag.py
[2023-09-09T14:14:23.330+0000] {processor.py:839} INFO - DAG(s) dict_keys(['example_skip_dag']) retrieved from /home/airflow/.local/lib/python3.8/site-packages/airflow/example_dags/example_skip_dag.py
[2023-09-09T14:14:23.343+0000] {logging_mixin.py:151} INFO - [2023-09-09T14:14:23.343+0000] {dag.py:2907} INFO - Sync 1 DAGs
[2023-09-09T14:14:23.356+0000] {logging_mixin.py:151} INFO - [2023-09-09T14:14:23.356+0000] {dag.py:3677} INFO - Setting next_dagrun for example_skip_dag to 2023-09-08T14:14:23.356148+00:00, run_after=2023-09-09T14:14:23.356148+00:00
[2023-09-09T14:14:23.368+0000] {processor.py:179} INFO - Processing /home/airflow/.local/lib/python3.8/site-packages/airflow/example_dags/example_skip_dag.py took 0.045 seconds
[2023-09-09T14:14:53.477+0000] {processor.py:157} INFO - Started process (PID=2163) to work on /home/airflow/.local/lib/python3.8/site-packages/airflow/example_dags/example_skip_dag.py
[2023-09-09T14:14:53.478+0000] {processor.py:829} INFO - Processing file /home/airflow/.local/lib/python3.8/site-packages/airflow/example_dags/example_skip_dag.py for tasks to queue
[2023-09-09T14:14:53.480+0000] {logging_mixin.py:151} INFO - [2023-09-09T14:14:53.480+0000] {dagbag.py:539} INFO - Filling up the DagBag from /home/airflow/.local/lib/python3.8/site-packages/airflow/example_dags/example_skip_dag.py
[2023-09-09T14:14:53.484+0000] {processor.py:839} INFO - DAG(s) dict_keys(['example_skip_dag']) retrieved from /home/airflow/.local/lib/python3.8/site-packages/airflow/example_dags/example_skip_dag.py
[2023-09-09T14:14:53.500+0000] {logging_mixin.py:151} INFO - [2023-09-09T14:14:53.500+0000] {dag.py:2907} INFO - Sync 1 DAGs
[2023-09-09T14:14:53.515+0000] {logging_mixin.py:151} INFO - [2023-09-09T14:14:53.515+0000] {dag.py:3677} INFO - Setting next_dagrun for example_skip_dag to 2023-09-08T14:14:53.515265+00:00, run_after=2023-09-09T14:14:53.515265+00:00
[2023-09-09T14:14:53.528+0000] {processor.py:179} INFO - Processing /home/airflow/.local/lib/python3.8/site-packages/airflow/example_dags/example_skip_dag.py took 0.052 seconds
[2023-09-09T14:15:23.720+0000] {processor.py:157} INFO - Started process (PID=2219) to work on /home/airflow/.local/lib/python3.8/site-packages/airflow/example_dags/example_skip_dag.py
[2023-09-09T14:15:23.721+0000] {processor.py:829} INFO - Processing file /home/airflow/.local/lib/python3.8/site-packages/airflow/example_dags/example_skip_dag.py for tasks to queue
[2023-09-09T14:15:23.723+0000] {logging_mixin.py:151} INFO - [2023-09-09T14:15:23.722+0000] {dagbag.py:539} INFO - Filling up the DagBag from /home/airflow/.local/lib/python3.8/site-packages/airflow/example_dags/example_skip_dag.py
[2023-09-09T14:15:23.727+0000] {processor.py:839} INFO - DAG(s) dict_keys(['example_skip_dag']) retrieved from /home/airflow/.local/lib/python3.8/site-packages/airflow/example_dags/example_skip_dag.py
[2023-09-09T14:15:23.743+0000] {logging_mixin.py:151} INFO - [2023-09-09T14:15:23.743+0000] {dag.py:2907} INFO - Sync 1 DAGs
[2023-09-09T14:15:23.760+0000] {logging_mixin.py:151} INFO - [2023-09-09T14:15:23.760+0000] {dag.py:3677} INFO - Setting next_dagrun for example_skip_dag to 2023-09-08T14:15:23.759894+00:00, run_after=2023-09-09T14:15:23.759894+00:00
[2023-09-09T14:15:23.773+0000] {processor.py:179} INFO - Processing /home/airflow/.local/lib/python3.8/site-packages/airflow/example_dags/example_skip_dag.py took 0.056 seconds
[2023-09-09T14:15:53.886+0000] {processor.py:157} INFO - Started process (PID=2274) to work on /home/airflow/.local/lib/python3.8/site-packages/airflow/example_dags/example_skip_dag.py
[2023-09-09T14:15:53.887+0000] {processor.py:829} INFO - Processing file /home/airflow/.local/lib/python3.8/site-packages/airflow/example_dags/example_skip_dag.py for tasks to queue
[2023-09-09T14:15:53.889+0000] {logging_mixin.py:151} INFO - [2023-09-09T14:15:53.889+0000] {dagbag.py:539} INFO - Filling up the DagBag from /home/airflow/.local/lib/python3.8/site-packages/airflow/example_dags/example_skip_dag.py
[2023-09-09T14:15:53.893+0000] {processor.py:839} INFO - DAG(s) dict_keys(['example_skip_dag']) retrieved from /home/airflow/.local/lib/python3.8/site-packages/airflow/example_dags/example_skip_dag.py
[2023-09-09T14:15:53.913+0000] {logging_mixin.py:151} INFO - [2023-09-09T14:15:53.912+0000] {dag.py:2907} INFO - Sync 1 DAGs
[2023-09-09T14:15:53.930+0000] {logging_mixin.py:151} INFO - [2023-09-09T14:15:53.930+0000] {dag.py:3677} INFO - Setting next_dagrun for example_skip_dag to 2023-09-08T14:15:53.930081+00:00, run_after=2023-09-09T14:15:53.930081+00:00
[2023-09-09T14:15:53.943+0000] {processor.py:179} INFO - Processing /home/airflow/.local/lib/python3.8/site-packages/airflow/example_dags/example_skip_dag.py took 0.059 seconds
[2023-09-09T14:16:24.128+0000] {processor.py:157} INFO - Started process (PID=2329) to work on /home/airflow/.local/lib/python3.8/site-packages/airflow/example_dags/example_skip_dag.py
[2023-09-09T14:16:24.129+0000] {processor.py:829} INFO - Processing file /home/airflow/.local/lib/python3.8/site-packages/airflow/example_dags/example_skip_dag.py for tasks to queue
[2023-09-09T14:16:24.131+0000] {logging_mixin.py:151} INFO - [2023-09-09T14:16:24.131+0000] {dagbag.py:539} INFO - Filling up the DagBag from /home/airflow/.local/lib/python3.8/site-packages/airflow/example_dags/example_skip_dag.py
[2023-09-09T14:16:24.138+0000] {processor.py:839} INFO - DAG(s) dict_keys(['example_skip_dag']) retrieved from /home/airflow/.local/lib/python3.8/site-packages/airflow/example_dags/example_skip_dag.py
[2023-09-09T14:16:24.155+0000] {logging_mixin.py:151} INFO - [2023-09-09T14:16:24.155+0000] {dag.py:2907} INFO - Sync 1 DAGs
[2023-09-09T14:16:24.173+0000] {logging_mixin.py:151} INFO - [2023-09-09T14:16:24.172+0000] {dag.py:3677} INFO - Setting next_dagrun for example_skip_dag to 2023-09-08T14:16:24.172627+00:00, run_after=2023-09-09T14:16:24.172627+00:00
[2023-09-09T14:16:24.188+0000] {processor.py:179} INFO - Processing /home/airflow/.local/lib/python3.8/site-packages/airflow/example_dags/example_skip_dag.py took 0.062 seconds
[2023-09-09T14:16:54.441+0000] {processor.py:157} INFO - Started process (PID=2384) to work on /home/airflow/.local/lib/python3.8/site-packages/airflow/example_dags/example_skip_dag.py
[2023-09-09T14:16:54.442+0000] {processor.py:829} INFO - Processing file /home/airflow/.local/lib/python3.8/site-packages/airflow/example_dags/example_skip_dag.py for tasks to queue
[2023-09-09T14:16:54.443+0000] {logging_mixin.py:151} INFO - [2023-09-09T14:16:54.443+0000] {dagbag.py:539} INFO - Filling up the DagBag from /home/airflow/.local/lib/python3.8/site-packages/airflow/example_dags/example_skip_dag.py
[2023-09-09T14:16:54.448+0000] {processor.py:839} INFO - DAG(s) dict_keys(['example_skip_dag']) retrieved from /home/airflow/.local/lib/python3.8/site-packages/airflow/example_dags/example_skip_dag.py
[2023-09-09T14:16:54.465+0000] {logging_mixin.py:151} INFO - [2023-09-09T14:16:54.465+0000] {dag.py:2907} INFO - Sync 1 DAGs
[2023-09-09T14:16:54.482+0000] {logging_mixin.py:151} INFO - [2023-09-09T14:16:54.482+0000] {dag.py:3677} INFO - Setting next_dagrun for example_skip_dag to 2023-09-08T14:16:54.482308+00:00, run_after=2023-09-09T14:16:54.482308+00:00
[2023-09-09T14:16:54.498+0000] {processor.py:179} INFO - Processing /home/airflow/.local/lib/python3.8/site-packages/airflow/example_dags/example_skip_dag.py took 0.059 seconds
