[2023-09-09T13:55:41.124+0000] {processor.py:157} INFO - Started process (PID=45) to work on /home/airflow/.local/lib/python3.8/site-packages/airflow/example_dags/example_dynamic_task_mapping_with_no_taskflow_operators.py
[2023-09-09T13:55:41.125+0000] {processor.py:829} INFO - Processing file /home/airflow/.local/lib/python3.8/site-packages/airflow/example_dags/example_dynamic_task_mapping_with_no_taskflow_operators.py for tasks to queue
[2023-09-09T13:55:41.127+0000] {logging_mixin.py:151} INFO - [2023-09-09T13:55:41.127+0000] {dagbag.py:539} INFO - Filling up the DagBag from /home/airflow/.local/lib/python3.8/site-packages/airflow/example_dags/example_dynamic_task_mapping_with_no_taskflow_operators.py
[2023-09-09T13:55:41.132+0000] {processor.py:839} INFO - DAG(s) dict_keys(['example_dynamic_task_mapping_with_no_taskflow_operators']) retrieved from /home/airflow/.local/lib/python3.8/site-packages/airflow/example_dags/example_dynamic_task_mapping_with_no_taskflow_operators.py
[2023-09-09T13:55:41.150+0000] {logging_mixin.py:151} INFO - [2023-09-09T13:55:41.150+0000] {dag.py:2907} INFO - Sync 1 DAGs
[2023-09-09T13:55:41.173+0000] {logging_mixin.py:151} INFO - [2023-09-09T13:55:41.173+0000] {dag.py:3677} INFO - Setting next_dagrun for example_dynamic_task_mapping_with_no_taskflow_operators to 2023-09-08T13:55:41.173354+00:00, run_after=2023-09-09T13:55:41.173354+00:00
[2023-09-09T13:55:41.193+0000] {processor.py:179} INFO - Processing /home/airflow/.local/lib/python3.8/site-packages/airflow/example_dags/example_dynamic_task_mapping_with_no_taskflow_operators.py took 0.072 seconds
[2023-09-09T13:56:11.222+0000] {processor.py:157} INFO - Started process (PID=100) to work on /home/airflow/.local/lib/python3.8/site-packages/airflow/example_dags/example_dynamic_task_mapping_with_no_taskflow_operators.py
[2023-09-09T13:56:11.223+0000] {processor.py:829} INFO - Processing file /home/airflow/.local/lib/python3.8/site-packages/airflow/example_dags/example_dynamic_task_mapping_with_no_taskflow_operators.py for tasks to queue
[2023-09-09T13:56:11.224+0000] {logging_mixin.py:151} INFO - [2023-09-09T13:56:11.224+0000] {dagbag.py:539} INFO - Filling up the DagBag from /home/airflow/.local/lib/python3.8/site-packages/airflow/example_dags/example_dynamic_task_mapping_with_no_taskflow_operators.py
[2023-09-09T13:56:11.228+0000] {processor.py:839} INFO - DAG(s) dict_keys(['example_dynamic_task_mapping_with_no_taskflow_operators']) retrieved from /home/airflow/.local/lib/python3.8/site-packages/airflow/example_dags/example_dynamic_task_mapping_with_no_taskflow_operators.py
[2023-09-09T13:56:11.240+0000] {logging_mixin.py:151} INFO - [2023-09-09T13:56:11.240+0000] {dag.py:2907} INFO - Sync 1 DAGs
[2023-09-09T13:56:11.253+0000] {logging_mixin.py:151} INFO - [2023-09-09T13:56:11.252+0000] {dag.py:3677} INFO - Setting next_dagrun for example_dynamic_task_mapping_with_no_taskflow_operators to 2023-09-08T13:56:11.252722+00:00, run_after=2023-09-09T13:56:11.252722+00:00
[2023-09-09T13:56:11.263+0000] {processor.py:179} INFO - Processing /home/airflow/.local/lib/python3.8/site-packages/airflow/example_dags/example_dynamic_task_mapping_with_no_taskflow_operators.py took 0.043 seconds
[2023-09-09T13:56:41.354+0000] {processor.py:157} INFO - Started process (PID=154) to work on /home/airflow/.local/lib/python3.8/site-packages/airflow/example_dags/example_dynamic_task_mapping_with_no_taskflow_operators.py
[2023-09-09T13:56:41.354+0000] {processor.py:829} INFO - Processing file /home/airflow/.local/lib/python3.8/site-packages/airflow/example_dags/example_dynamic_task_mapping_with_no_taskflow_operators.py for tasks to queue
[2023-09-09T13:56:41.356+0000] {logging_mixin.py:151} INFO - [2023-09-09T13:56:41.356+0000] {dagbag.py:539} INFO - Filling up the DagBag from /home/airflow/.local/lib/python3.8/site-packages/airflow/example_dags/example_dynamic_task_mapping_with_no_taskflow_operators.py
[2023-09-09T13:56:41.360+0000] {processor.py:839} INFO - DAG(s) dict_keys(['example_dynamic_task_mapping_with_no_taskflow_operators']) retrieved from /home/airflow/.local/lib/python3.8/site-packages/airflow/example_dags/example_dynamic_task_mapping_with_no_taskflow_operators.py
[2023-09-09T13:56:41.371+0000] {logging_mixin.py:151} INFO - [2023-09-09T13:56:41.371+0000] {dag.py:2907} INFO - Sync 1 DAGs
[2023-09-09T13:56:41.385+0000] {logging_mixin.py:151} INFO - [2023-09-09T13:56:41.385+0000] {dag.py:3677} INFO - Setting next_dagrun for example_dynamic_task_mapping_with_no_taskflow_operators to 2023-09-08T13:56:41.385017+00:00, run_after=2023-09-09T13:56:41.385017+00:00
[2023-09-09T13:56:41.395+0000] {processor.py:179} INFO - Processing /home/airflow/.local/lib/python3.8/site-packages/airflow/example_dags/example_dynamic_task_mapping_with_no_taskflow_operators.py took 0.043 seconds
[2023-09-09T13:57:11.807+0000] {processor.py:157} INFO - Started process (PID=212) to work on /home/airflow/.local/lib/python3.8/site-packages/airflow/example_dags/example_dynamic_task_mapping_with_no_taskflow_operators.py
[2023-09-09T13:57:11.807+0000] {processor.py:829} INFO - Processing file /home/airflow/.local/lib/python3.8/site-packages/airflow/example_dags/example_dynamic_task_mapping_with_no_taskflow_operators.py for tasks to queue
[2023-09-09T13:57:11.809+0000] {logging_mixin.py:151} INFO - [2023-09-09T13:57:11.809+0000] {dagbag.py:539} INFO - Filling up the DagBag from /home/airflow/.local/lib/python3.8/site-packages/airflow/example_dags/example_dynamic_task_mapping_with_no_taskflow_operators.py
[2023-09-09T13:57:11.813+0000] {processor.py:839} INFO - DAG(s) dict_keys(['example_dynamic_task_mapping_with_no_taskflow_operators']) retrieved from /home/airflow/.local/lib/python3.8/site-packages/airflow/example_dags/example_dynamic_task_mapping_with_no_taskflow_operators.py
[2023-09-09T13:57:11.824+0000] {logging_mixin.py:151} INFO - [2023-09-09T13:57:11.824+0000] {dag.py:2907} INFO - Sync 1 DAGs
[2023-09-09T13:57:11.838+0000] {logging_mixin.py:151} INFO - [2023-09-09T13:57:11.838+0000] {dag.py:3677} INFO - Setting next_dagrun for example_dynamic_task_mapping_with_no_taskflow_operators to 2023-09-08T13:57:11.838038+00:00, run_after=2023-09-09T13:57:11.838038+00:00
[2023-09-09T13:57:11.849+0000] {processor.py:179} INFO - Processing /home/airflow/.local/lib/python3.8/site-packages/airflow/example_dags/example_dynamic_task_mapping_with_no_taskflow_operators.py took 0.044 seconds
[2023-09-09T13:57:42.031+0000] {processor.py:157} INFO - Started process (PID=268) to work on /home/airflow/.local/lib/python3.8/site-packages/airflow/example_dags/example_dynamic_task_mapping_with_no_taskflow_operators.py
[2023-09-09T13:57:42.032+0000] {processor.py:829} INFO - Processing file /home/airflow/.local/lib/python3.8/site-packages/airflow/example_dags/example_dynamic_task_mapping_with_no_taskflow_operators.py for tasks to queue
[2023-09-09T13:57:42.033+0000] {logging_mixin.py:151} INFO - [2023-09-09T13:57:42.033+0000] {dagbag.py:539} INFO - Filling up the DagBag from /home/airflow/.local/lib/python3.8/site-packages/airflow/example_dags/example_dynamic_task_mapping_with_no_taskflow_operators.py
[2023-09-09T13:57:42.037+0000] {processor.py:839} INFO - DAG(s) dict_keys(['example_dynamic_task_mapping_with_no_taskflow_operators']) retrieved from /home/airflow/.local/lib/python3.8/site-packages/airflow/example_dags/example_dynamic_task_mapping_with_no_taskflow_operators.py
[2023-09-09T13:57:42.050+0000] {logging_mixin.py:151} INFO - [2023-09-09T13:57:42.049+0000] {dag.py:2907} INFO - Sync 1 DAGs
[2023-09-09T13:57:42.064+0000] {logging_mixin.py:151} INFO - [2023-09-09T13:57:42.064+0000] {dag.py:3677} INFO - Setting next_dagrun for example_dynamic_task_mapping_with_no_taskflow_operators to 2023-09-08T13:57:42.064004+00:00, run_after=2023-09-09T13:57:42.064004+00:00
[2023-09-09T13:57:42.074+0000] {processor.py:179} INFO - Processing /home/airflow/.local/lib/python3.8/site-packages/airflow/example_dags/example_dynamic_task_mapping_with_no_taskflow_operators.py took 0.045 seconds
[2023-09-09T13:58:12.200+0000] {processor.py:157} INFO - Started process (PID=323) to work on /home/airflow/.local/lib/python3.8/site-packages/airflow/example_dags/example_dynamic_task_mapping_with_no_taskflow_operators.py
[2023-09-09T13:58:12.201+0000] {processor.py:829} INFO - Processing file /home/airflow/.local/lib/python3.8/site-packages/airflow/example_dags/example_dynamic_task_mapping_with_no_taskflow_operators.py for tasks to queue
[2023-09-09T13:58:12.203+0000] {logging_mixin.py:151} INFO - [2023-09-09T13:58:12.202+0000] {dagbag.py:539} INFO - Filling up the DagBag from /home/airflow/.local/lib/python3.8/site-packages/airflow/example_dags/example_dynamic_task_mapping_with_no_taskflow_operators.py
[2023-09-09T13:58:12.207+0000] {processor.py:839} INFO - DAG(s) dict_keys(['example_dynamic_task_mapping_with_no_taskflow_operators']) retrieved from /home/airflow/.local/lib/python3.8/site-packages/airflow/example_dags/example_dynamic_task_mapping_with_no_taskflow_operators.py
[2023-09-09T13:58:12.219+0000] {logging_mixin.py:151} INFO - [2023-09-09T13:58:12.218+0000] {dag.py:2907} INFO - Sync 1 DAGs
[2023-09-09T13:58:12.233+0000] {logging_mixin.py:151} INFO - [2023-09-09T13:58:12.232+0000] {dag.py:3677} INFO - Setting next_dagrun for example_dynamic_task_mapping_with_no_taskflow_operators to 2023-09-08T13:58:12.232674+00:00, run_after=2023-09-09T13:58:12.232674+00:00
[2023-09-09T13:58:12.244+0000] {processor.py:179} INFO - Processing /home/airflow/.local/lib/python3.8/site-packages/airflow/example_dags/example_dynamic_task_mapping_with_no_taskflow_operators.py took 0.046 seconds
[2023-09-09T13:58:42.998+0000] {processor.py:157} INFO - Started process (PID=378) to work on /home/airflow/.local/lib/python3.8/site-packages/airflow/example_dags/example_dynamic_task_mapping_with_no_taskflow_operators.py
[2023-09-09T13:58:42.999+0000] {processor.py:829} INFO - Processing file /home/airflow/.local/lib/python3.8/site-packages/airflow/example_dags/example_dynamic_task_mapping_with_no_taskflow_operators.py for tasks to queue
[2023-09-09T13:58:43.000+0000] {logging_mixin.py:151} INFO - [2023-09-09T13:58:43.000+0000] {dagbag.py:539} INFO - Filling up the DagBag from /home/airflow/.local/lib/python3.8/site-packages/airflow/example_dags/example_dynamic_task_mapping_with_no_taskflow_operators.py
[2023-09-09T13:58:43.004+0000] {processor.py:839} INFO - DAG(s) dict_keys(['example_dynamic_task_mapping_with_no_taskflow_operators']) retrieved from /home/airflow/.local/lib/python3.8/site-packages/airflow/example_dags/example_dynamic_task_mapping_with_no_taskflow_operators.py
[2023-09-09T13:58:43.015+0000] {logging_mixin.py:151} INFO - [2023-09-09T13:58:43.015+0000] {dag.py:2907} INFO - Sync 1 DAGs
[2023-09-09T13:58:43.028+0000] {logging_mixin.py:151} INFO - [2023-09-09T13:58:43.028+0000] {dag.py:3677} INFO - Setting next_dagrun for example_dynamic_task_mapping_with_no_taskflow_operators to 2023-09-08T13:58:43.028154+00:00, run_after=2023-09-09T13:58:43.028154+00:00
[2023-09-09T13:58:43.039+0000] {processor.py:179} INFO - Processing /home/airflow/.local/lib/python3.8/site-packages/airflow/example_dags/example_dynamic_task_mapping_with_no_taskflow_operators.py took 0.042 seconds
[2023-09-09T13:59:13.854+0000] {processor.py:157} INFO - Started process (PID=433) to work on /home/airflow/.local/lib/python3.8/site-packages/airflow/example_dags/example_dynamic_task_mapping_with_no_taskflow_operators.py
[2023-09-09T13:59:13.855+0000] {processor.py:829} INFO - Processing file /home/airflow/.local/lib/python3.8/site-packages/airflow/example_dags/example_dynamic_task_mapping_with_no_taskflow_operators.py for tasks to queue
[2023-09-09T13:59:13.856+0000] {logging_mixin.py:151} INFO - [2023-09-09T13:59:13.856+0000] {dagbag.py:539} INFO - Filling up the DagBag from /home/airflow/.local/lib/python3.8/site-packages/airflow/example_dags/example_dynamic_task_mapping_with_no_taskflow_operators.py
[2023-09-09T13:59:13.860+0000] {processor.py:839} INFO - DAG(s) dict_keys(['example_dynamic_task_mapping_with_no_taskflow_operators']) retrieved from /home/airflow/.local/lib/python3.8/site-packages/airflow/example_dags/example_dynamic_task_mapping_with_no_taskflow_operators.py
[2023-09-09T13:59:13.872+0000] {logging_mixin.py:151} INFO - [2023-09-09T13:59:13.872+0000] {dag.py:2907} INFO - Sync 1 DAGs
[2023-09-09T13:59:13.886+0000] {logging_mixin.py:151} INFO - [2023-09-09T13:59:13.886+0000] {dag.py:3677} INFO - Setting next_dagrun for example_dynamic_task_mapping_with_no_taskflow_operators to 2023-09-08T13:59:13.886024+00:00, run_after=2023-09-09T13:59:13.886024+00:00
[2023-09-09T13:59:13.897+0000] {processor.py:179} INFO - Processing /home/airflow/.local/lib/python3.8/site-packages/airflow/example_dags/example_dynamic_task_mapping_with_no_taskflow_operators.py took 0.045 seconds
[2023-09-09T13:59:44.711+0000] {processor.py:157} INFO - Started process (PID=488) to work on /home/airflow/.local/lib/python3.8/site-packages/airflow/example_dags/example_dynamic_task_mapping_with_no_taskflow_operators.py
[2023-09-09T13:59:44.712+0000] {processor.py:829} INFO - Processing file /home/airflow/.local/lib/python3.8/site-packages/airflow/example_dags/example_dynamic_task_mapping_with_no_taskflow_operators.py for tasks to queue
[2023-09-09T13:59:44.713+0000] {logging_mixin.py:151} INFO - [2023-09-09T13:59:44.713+0000] {dagbag.py:539} INFO - Filling up the DagBag from /home/airflow/.local/lib/python3.8/site-packages/airflow/example_dags/example_dynamic_task_mapping_with_no_taskflow_operators.py
[2023-09-09T13:59:44.717+0000] {processor.py:839} INFO - DAG(s) dict_keys(['example_dynamic_task_mapping_with_no_taskflow_operators']) retrieved from /home/airflow/.local/lib/python3.8/site-packages/airflow/example_dags/example_dynamic_task_mapping_with_no_taskflow_operators.py
[2023-09-09T13:59:44.729+0000] {logging_mixin.py:151} INFO - [2023-09-09T13:59:44.729+0000] {dag.py:2907} INFO - Sync 1 DAGs
[2023-09-09T13:59:44.744+0000] {logging_mixin.py:151} INFO - [2023-09-09T13:59:44.744+0000] {dag.py:3677} INFO - Setting next_dagrun for example_dynamic_task_mapping_with_no_taskflow_operators to 2023-09-08T13:59:44.744270+00:00, run_after=2023-09-09T13:59:44.744270+00:00
[2023-09-09T13:59:44.755+0000] {processor.py:179} INFO - Processing /home/airflow/.local/lib/python3.8/site-packages/airflow/example_dags/example_dynamic_task_mapping_with_no_taskflow_operators.py took 0.046 seconds
[2023-09-09T14:00:14.919+0000] {processor.py:157} INFO - Started process (PID=543) to work on /home/airflow/.local/lib/python3.8/site-packages/airflow/example_dags/example_dynamic_task_mapping_with_no_taskflow_operators.py
[2023-09-09T14:00:14.919+0000] {processor.py:829} INFO - Processing file /home/airflow/.local/lib/python3.8/site-packages/airflow/example_dags/example_dynamic_task_mapping_with_no_taskflow_operators.py for tasks to queue
[2023-09-09T14:00:14.921+0000] {logging_mixin.py:151} INFO - [2023-09-09T14:00:14.921+0000] {dagbag.py:539} INFO - Filling up the DagBag from /home/airflow/.local/lib/python3.8/site-packages/airflow/example_dags/example_dynamic_task_mapping_with_no_taskflow_operators.py
[2023-09-09T14:00:14.925+0000] {processor.py:839} INFO - DAG(s) dict_keys(['example_dynamic_task_mapping_with_no_taskflow_operators']) retrieved from /home/airflow/.local/lib/python3.8/site-packages/airflow/example_dags/example_dynamic_task_mapping_with_no_taskflow_operators.py
[2023-09-09T14:00:14.937+0000] {logging_mixin.py:151} INFO - [2023-09-09T14:00:14.937+0000] {dag.py:2907} INFO - Sync 1 DAGs
[2023-09-09T14:00:14.950+0000] {logging_mixin.py:151} INFO - [2023-09-09T14:00:14.950+0000] {dag.py:3677} INFO - Setting next_dagrun for example_dynamic_task_mapping_with_no_taskflow_operators to 2023-09-08T14:00:14.949901+00:00, run_after=2023-09-09T14:00:14.949901+00:00
[2023-09-09T14:00:14.960+0000] {processor.py:179} INFO - Processing /home/airflow/.local/lib/python3.8/site-packages/airflow/example_dags/example_dynamic_task_mapping_with_no_taskflow_operators.py took 0.044 seconds
[2023-09-09T14:00:45.164+0000] {processor.py:157} INFO - Started process (PID=598) to work on /home/airflow/.local/lib/python3.8/site-packages/airflow/example_dags/example_dynamic_task_mapping_with_no_taskflow_operators.py
[2023-09-09T14:00:45.164+0000] {processor.py:829} INFO - Processing file /home/airflow/.local/lib/python3.8/site-packages/airflow/example_dags/example_dynamic_task_mapping_with_no_taskflow_operators.py for tasks to queue
[2023-09-09T14:00:45.166+0000] {logging_mixin.py:151} INFO - [2023-09-09T14:00:45.166+0000] {dagbag.py:539} INFO - Filling up the DagBag from /home/airflow/.local/lib/python3.8/site-packages/airflow/example_dags/example_dynamic_task_mapping_with_no_taskflow_operators.py
[2023-09-09T14:00:45.170+0000] {processor.py:839} INFO - DAG(s) dict_keys(['example_dynamic_task_mapping_with_no_taskflow_operators']) retrieved from /home/airflow/.local/lib/python3.8/site-packages/airflow/example_dags/example_dynamic_task_mapping_with_no_taskflow_operators.py
[2023-09-09T14:00:45.184+0000] {logging_mixin.py:151} INFO - [2023-09-09T14:00:45.184+0000] {dag.py:2907} INFO - Sync 1 DAGs
[2023-09-09T14:00:45.199+0000] {logging_mixin.py:151} INFO - [2023-09-09T14:00:45.199+0000] {dag.py:3677} INFO - Setting next_dagrun for example_dynamic_task_mapping_with_no_taskflow_operators to 2023-09-08T14:00:45.199507+00:00, run_after=2023-09-09T14:00:45.199507+00:00
[2023-09-09T14:00:45.211+0000] {processor.py:179} INFO - Processing /home/airflow/.local/lib/python3.8/site-packages/airflow/example_dags/example_dynamic_task_mapping_with_no_taskflow_operators.py took 0.050 seconds
[2023-09-09T14:01:15.254+0000] {processor.py:157} INFO - Started process (PID=653) to work on /home/airflow/.local/lib/python3.8/site-packages/airflow/example_dags/example_dynamic_task_mapping_with_no_taskflow_operators.py
[2023-09-09T14:01:15.255+0000] {processor.py:829} INFO - Processing file /home/airflow/.local/lib/python3.8/site-packages/airflow/example_dags/example_dynamic_task_mapping_with_no_taskflow_operators.py for tasks to queue
[2023-09-09T14:01:15.257+0000] {logging_mixin.py:151} INFO - [2023-09-09T14:01:15.257+0000] {dagbag.py:539} INFO - Filling up the DagBag from /home/airflow/.local/lib/python3.8/site-packages/airflow/example_dags/example_dynamic_task_mapping_with_no_taskflow_operators.py
[2023-09-09T14:01:15.262+0000] {processor.py:839} INFO - DAG(s) dict_keys(['example_dynamic_task_mapping_with_no_taskflow_operators']) retrieved from /home/airflow/.local/lib/python3.8/site-packages/airflow/example_dags/example_dynamic_task_mapping_with_no_taskflow_operators.py
[2023-09-09T14:01:15.274+0000] {logging_mixin.py:151} INFO - [2023-09-09T14:01:15.274+0000] {dag.py:2907} INFO - Sync 1 DAGs
[2023-09-09T14:01:15.289+0000] {logging_mixin.py:151} INFO - [2023-09-09T14:01:15.289+0000] {dag.py:3677} INFO - Setting next_dagrun for example_dynamic_task_mapping_with_no_taskflow_operators to 2023-09-08T14:01:15.289228+00:00, run_after=2023-09-09T14:01:15.289228+00:00
[2023-09-09T14:01:15.301+0000] {processor.py:179} INFO - Processing /home/airflow/.local/lib/python3.8/site-packages/airflow/example_dags/example_dynamic_task_mapping_with_no_taskflow_operators.py took 0.049 seconds
[2023-09-09T14:01:45.426+0000] {processor.py:157} INFO - Started process (PID=708) to work on /home/airflow/.local/lib/python3.8/site-packages/airflow/example_dags/example_dynamic_task_mapping_with_no_taskflow_operators.py
[2023-09-09T14:01:45.426+0000] {processor.py:829} INFO - Processing file /home/airflow/.local/lib/python3.8/site-packages/airflow/example_dags/example_dynamic_task_mapping_with_no_taskflow_operators.py for tasks to queue
[2023-09-09T14:01:45.427+0000] {logging_mixin.py:151} INFO - [2023-09-09T14:01:45.427+0000] {dagbag.py:539} INFO - Filling up the DagBag from /home/airflow/.local/lib/python3.8/site-packages/airflow/example_dags/example_dynamic_task_mapping_with_no_taskflow_operators.py
[2023-09-09T14:01:45.431+0000] {processor.py:839} INFO - DAG(s) dict_keys(['example_dynamic_task_mapping_with_no_taskflow_operators']) retrieved from /home/airflow/.local/lib/python3.8/site-packages/airflow/example_dags/example_dynamic_task_mapping_with_no_taskflow_operators.py
[2023-09-09T14:01:45.444+0000] {logging_mixin.py:151} INFO - [2023-09-09T14:01:45.443+0000] {dag.py:2907} INFO - Sync 1 DAGs
[2023-09-09T14:01:45.457+0000] {logging_mixin.py:151} INFO - [2023-09-09T14:01:45.456+0000] {dag.py:3677} INFO - Setting next_dagrun for example_dynamic_task_mapping_with_no_taskflow_operators to 2023-09-08T14:01:45.456814+00:00, run_after=2023-09-09T14:01:45.456814+00:00
[2023-09-09T14:01:45.467+0000] {processor.py:179} INFO - Processing /home/airflow/.local/lib/python3.8/site-packages/airflow/example_dags/example_dynamic_task_mapping_with_no_taskflow_operators.py took 0.043 seconds
[2023-09-09T14:02:15.577+0000] {processor.py:157} INFO - Started process (PID=763) to work on /home/airflow/.local/lib/python3.8/site-packages/airflow/example_dags/example_dynamic_task_mapping_with_no_taskflow_operators.py
[2023-09-09T14:02:15.578+0000] {processor.py:829} INFO - Processing file /home/airflow/.local/lib/python3.8/site-packages/airflow/example_dags/example_dynamic_task_mapping_with_no_taskflow_operators.py for tasks to queue
[2023-09-09T14:02:15.580+0000] {logging_mixin.py:151} INFO - [2023-09-09T14:02:15.579+0000] {dagbag.py:539} INFO - Filling up the DagBag from /home/airflow/.local/lib/python3.8/site-packages/airflow/example_dags/example_dynamic_task_mapping_with_no_taskflow_operators.py
[2023-09-09T14:02:15.584+0000] {processor.py:839} INFO - DAG(s) dict_keys(['example_dynamic_task_mapping_with_no_taskflow_operators']) retrieved from /home/airflow/.local/lib/python3.8/site-packages/airflow/example_dags/example_dynamic_task_mapping_with_no_taskflow_operators.py
[2023-09-09T14:02:15.597+0000] {logging_mixin.py:151} INFO - [2023-09-09T14:02:15.597+0000] {dag.py:2907} INFO - Sync 1 DAGs
[2023-09-09T14:02:15.612+0000] {logging_mixin.py:151} INFO - [2023-09-09T14:02:15.612+0000] {dag.py:3677} INFO - Setting next_dagrun for example_dynamic_task_mapping_with_no_taskflow_operators to 2023-09-08T14:02:15.611902+00:00, run_after=2023-09-09T14:02:15.611902+00:00
[2023-09-09T14:02:15.623+0000] {processor.py:179} INFO - Processing /home/airflow/.local/lib/python3.8/site-packages/airflow/example_dags/example_dynamic_task_mapping_with_no_taskflow_operators.py took 0.048 seconds
[2023-09-09T14:02:45.704+0000] {processor.py:157} INFO - Started process (PID=818) to work on /home/airflow/.local/lib/python3.8/site-packages/airflow/example_dags/example_dynamic_task_mapping_with_no_taskflow_operators.py
[2023-09-09T14:02:45.705+0000] {processor.py:829} INFO - Processing file /home/airflow/.local/lib/python3.8/site-packages/airflow/example_dags/example_dynamic_task_mapping_with_no_taskflow_operators.py for tasks to queue
[2023-09-09T14:02:45.706+0000] {logging_mixin.py:151} INFO - [2023-09-09T14:02:45.706+0000] {dagbag.py:539} INFO - Filling up the DagBag from /home/airflow/.local/lib/python3.8/site-packages/airflow/example_dags/example_dynamic_task_mapping_with_no_taskflow_operators.py
[2023-09-09T14:02:45.710+0000] {processor.py:839} INFO - DAG(s) dict_keys(['example_dynamic_task_mapping_with_no_taskflow_operators']) retrieved from /home/airflow/.local/lib/python3.8/site-packages/airflow/example_dags/example_dynamic_task_mapping_with_no_taskflow_operators.py
[2023-09-09T14:02:45.722+0000] {logging_mixin.py:151} INFO - [2023-09-09T14:02:45.722+0000] {dag.py:2907} INFO - Sync 1 DAGs
[2023-09-09T14:02:45.737+0000] {logging_mixin.py:151} INFO - [2023-09-09T14:02:45.736+0000] {dag.py:3677} INFO - Setting next_dagrun for example_dynamic_task_mapping_with_no_taskflow_operators to 2023-09-08T14:02:45.736761+00:00, run_after=2023-09-09T14:02:45.736761+00:00
[2023-09-09T14:02:45.747+0000] {processor.py:179} INFO - Processing /home/airflow/.local/lib/python3.8/site-packages/airflow/example_dags/example_dynamic_task_mapping_with_no_taskflow_operators.py took 0.045 seconds
[2023-09-09T14:03:15.878+0000] {processor.py:157} INFO - Started process (PID=873) to work on /home/airflow/.local/lib/python3.8/site-packages/airflow/example_dags/example_dynamic_task_mapping_with_no_taskflow_operators.py
[2023-09-09T14:03:15.878+0000] {processor.py:829} INFO - Processing file /home/airflow/.local/lib/python3.8/site-packages/airflow/example_dags/example_dynamic_task_mapping_with_no_taskflow_operators.py for tasks to queue
[2023-09-09T14:03:15.880+0000] {logging_mixin.py:151} INFO - [2023-09-09T14:03:15.880+0000] {dagbag.py:539} INFO - Filling up the DagBag from /home/airflow/.local/lib/python3.8/site-packages/airflow/example_dags/example_dynamic_task_mapping_with_no_taskflow_operators.py
[2023-09-09T14:03:15.884+0000] {processor.py:839} INFO - DAG(s) dict_keys(['example_dynamic_task_mapping_with_no_taskflow_operators']) retrieved from /home/airflow/.local/lib/python3.8/site-packages/airflow/example_dags/example_dynamic_task_mapping_with_no_taskflow_operators.py
[2023-09-09T14:03:15.896+0000] {logging_mixin.py:151} INFO - [2023-09-09T14:03:15.896+0000] {dag.py:2907} INFO - Sync 1 DAGs
[2023-09-09T14:03:15.909+0000] {logging_mixin.py:151} INFO - [2023-09-09T14:03:15.909+0000] {dag.py:3677} INFO - Setting next_dagrun for example_dynamic_task_mapping_with_no_taskflow_operators to 2023-09-08T14:03:15.909156+00:00, run_after=2023-09-09T14:03:15.909156+00:00
[2023-09-09T14:03:15.920+0000] {processor.py:179} INFO - Processing /home/airflow/.local/lib/python3.8/site-packages/airflow/example_dags/example_dynamic_task_mapping_with_no_taskflow_operators.py took 0.044 seconds
[2023-09-09T14:03:46.107+0000] {processor.py:157} INFO - Started process (PID=928) to work on /home/airflow/.local/lib/python3.8/site-packages/airflow/example_dags/example_dynamic_task_mapping_with_no_taskflow_operators.py
[2023-09-09T14:03:46.108+0000] {processor.py:829} INFO - Processing file /home/airflow/.local/lib/python3.8/site-packages/airflow/example_dags/example_dynamic_task_mapping_with_no_taskflow_operators.py for tasks to queue
[2023-09-09T14:03:46.110+0000] {logging_mixin.py:151} INFO - [2023-09-09T14:03:46.110+0000] {dagbag.py:539} INFO - Filling up the DagBag from /home/airflow/.local/lib/python3.8/site-packages/airflow/example_dags/example_dynamic_task_mapping_with_no_taskflow_operators.py
[2023-09-09T14:03:46.114+0000] {processor.py:839} INFO - DAG(s) dict_keys(['example_dynamic_task_mapping_with_no_taskflow_operators']) retrieved from /home/airflow/.local/lib/python3.8/site-packages/airflow/example_dags/example_dynamic_task_mapping_with_no_taskflow_operators.py
[2023-09-09T14:03:46.126+0000] {logging_mixin.py:151} INFO - [2023-09-09T14:03:46.126+0000] {dag.py:2907} INFO - Sync 1 DAGs
[2023-09-09T14:03:46.140+0000] {logging_mixin.py:151} INFO - [2023-09-09T14:03:46.140+0000] {dag.py:3677} INFO - Setting next_dagrun for example_dynamic_task_mapping_with_no_taskflow_operators to 2023-09-08T14:03:46.140105+00:00, run_after=2023-09-09T14:03:46.140105+00:00
[2023-09-09T14:03:46.150+0000] {processor.py:179} INFO - Processing /home/airflow/.local/lib/python3.8/site-packages/airflow/example_dags/example_dynamic_task_mapping_with_no_taskflow_operators.py took 0.045 seconds
[2023-09-09T14:04:16.278+0000] {processor.py:157} INFO - Started process (PID=983) to work on /home/airflow/.local/lib/python3.8/site-packages/airflow/example_dags/example_dynamic_task_mapping_with_no_taskflow_operators.py
[2023-09-09T14:04:16.278+0000] {processor.py:829} INFO - Processing file /home/airflow/.local/lib/python3.8/site-packages/airflow/example_dags/example_dynamic_task_mapping_with_no_taskflow_operators.py for tasks to queue
[2023-09-09T14:04:16.280+0000] {logging_mixin.py:151} INFO - [2023-09-09T14:04:16.280+0000] {dagbag.py:539} INFO - Filling up the DagBag from /home/airflow/.local/lib/python3.8/site-packages/airflow/example_dags/example_dynamic_task_mapping_with_no_taskflow_operators.py
[2023-09-09T14:04:16.284+0000] {processor.py:839} INFO - DAG(s) dict_keys(['example_dynamic_task_mapping_with_no_taskflow_operators']) retrieved from /home/airflow/.local/lib/python3.8/site-packages/airflow/example_dags/example_dynamic_task_mapping_with_no_taskflow_operators.py
[2023-09-09T14:04:16.296+0000] {logging_mixin.py:151} INFO - [2023-09-09T14:04:16.296+0000] {dag.py:2907} INFO - Sync 1 DAGs
[2023-09-09T14:04:16.309+0000] {logging_mixin.py:151} INFO - [2023-09-09T14:04:16.309+0000] {dag.py:3677} INFO - Setting next_dagrun for example_dynamic_task_mapping_with_no_taskflow_operators to 2023-09-08T14:04:16.309023+00:00, run_after=2023-09-09T14:04:16.309023+00:00
[2023-09-09T14:04:16.319+0000] {processor.py:179} INFO - Processing /home/airflow/.local/lib/python3.8/site-packages/airflow/example_dags/example_dynamic_task_mapping_with_no_taskflow_operators.py took 0.044 seconds
[2023-09-09T14:04:46.361+0000] {processor.py:157} INFO - Started process (PID=1038) to work on /home/airflow/.local/lib/python3.8/site-packages/airflow/example_dags/example_dynamic_task_mapping_with_no_taskflow_operators.py
[2023-09-09T14:04:46.361+0000] {processor.py:829} INFO - Processing file /home/airflow/.local/lib/python3.8/site-packages/airflow/example_dags/example_dynamic_task_mapping_with_no_taskflow_operators.py for tasks to queue
[2023-09-09T14:04:46.363+0000] {logging_mixin.py:151} INFO - [2023-09-09T14:04:46.363+0000] {dagbag.py:539} INFO - Filling up the DagBag from /home/airflow/.local/lib/python3.8/site-packages/airflow/example_dags/example_dynamic_task_mapping_with_no_taskflow_operators.py
[2023-09-09T14:04:46.367+0000] {processor.py:839} INFO - DAG(s) dict_keys(['example_dynamic_task_mapping_with_no_taskflow_operators']) retrieved from /home/airflow/.local/lib/python3.8/site-packages/airflow/example_dags/example_dynamic_task_mapping_with_no_taskflow_operators.py
[2023-09-09T14:04:46.379+0000] {logging_mixin.py:151} INFO - [2023-09-09T14:04:46.379+0000] {dag.py:2907} INFO - Sync 1 DAGs
[2023-09-09T14:04:46.393+0000] {logging_mixin.py:151} INFO - [2023-09-09T14:04:46.393+0000] {dag.py:3677} INFO - Setting next_dagrun for example_dynamic_task_mapping_with_no_taskflow_operators to 2023-09-08T14:04:46.393214+00:00, run_after=2023-09-09T14:04:46.393214+00:00
[2023-09-09T14:04:46.404+0000] {processor.py:179} INFO - Processing /home/airflow/.local/lib/python3.8/site-packages/airflow/example_dags/example_dynamic_task_mapping_with_no_taskflow_operators.py took 0.046 seconds
[2023-09-09T14:05:16.554+0000] {processor.py:157} INFO - Started process (PID=1093) to work on /home/airflow/.local/lib/python3.8/site-packages/airflow/example_dags/example_dynamic_task_mapping_with_no_taskflow_operators.py
[2023-09-09T14:05:16.554+0000] {processor.py:829} INFO - Processing file /home/airflow/.local/lib/python3.8/site-packages/airflow/example_dags/example_dynamic_task_mapping_with_no_taskflow_operators.py for tasks to queue
[2023-09-09T14:05:16.556+0000] {logging_mixin.py:151} INFO - [2023-09-09T14:05:16.556+0000] {dagbag.py:539} INFO - Filling up the DagBag from /home/airflow/.local/lib/python3.8/site-packages/airflow/example_dags/example_dynamic_task_mapping_with_no_taskflow_operators.py
[2023-09-09T14:05:16.560+0000] {processor.py:839} INFO - DAG(s) dict_keys(['example_dynamic_task_mapping_with_no_taskflow_operators']) retrieved from /home/airflow/.local/lib/python3.8/site-packages/airflow/example_dags/example_dynamic_task_mapping_with_no_taskflow_operators.py
[2023-09-09T14:05:16.572+0000] {logging_mixin.py:151} INFO - [2023-09-09T14:05:16.571+0000] {dag.py:2907} INFO - Sync 1 DAGs
[2023-09-09T14:05:16.585+0000] {logging_mixin.py:151} INFO - [2023-09-09T14:05:16.585+0000] {dag.py:3677} INFO - Setting next_dagrun for example_dynamic_task_mapping_with_no_taskflow_operators to 2023-09-08T14:05:16.585428+00:00, run_after=2023-09-09T14:05:16.585428+00:00
[2023-09-09T14:05:16.596+0000] {processor.py:179} INFO - Processing /home/airflow/.local/lib/python3.8/site-packages/airflow/example_dags/example_dynamic_task_mapping_with_no_taskflow_operators.py took 0.044 seconds
[2023-09-09T14:05:46.738+0000] {processor.py:157} INFO - Started process (PID=1148) to work on /home/airflow/.local/lib/python3.8/site-packages/airflow/example_dags/example_dynamic_task_mapping_with_no_taskflow_operators.py
[2023-09-09T14:05:46.738+0000] {processor.py:829} INFO - Processing file /home/airflow/.local/lib/python3.8/site-packages/airflow/example_dags/example_dynamic_task_mapping_with_no_taskflow_operators.py for tasks to queue
[2023-09-09T14:05:46.740+0000] {logging_mixin.py:151} INFO - [2023-09-09T14:05:46.740+0000] {dagbag.py:539} INFO - Filling up the DagBag from /home/airflow/.local/lib/python3.8/site-packages/airflow/example_dags/example_dynamic_task_mapping_with_no_taskflow_operators.py
[2023-09-09T14:05:46.744+0000] {processor.py:839} INFO - DAG(s) dict_keys(['example_dynamic_task_mapping_with_no_taskflow_operators']) retrieved from /home/airflow/.local/lib/python3.8/site-packages/airflow/example_dags/example_dynamic_task_mapping_with_no_taskflow_operators.py
[2023-09-09T14:05:46.755+0000] {logging_mixin.py:151} INFO - [2023-09-09T14:05:46.755+0000] {dag.py:2907} INFO - Sync 1 DAGs
[2023-09-09T14:05:46.769+0000] {logging_mixin.py:151} INFO - [2023-09-09T14:05:46.769+0000] {dag.py:3677} INFO - Setting next_dagrun for example_dynamic_task_mapping_with_no_taskflow_operators to 2023-09-08T14:05:46.769036+00:00, run_after=2023-09-09T14:05:46.769036+00:00
[2023-09-09T14:05:46.780+0000] {processor.py:179} INFO - Processing /home/airflow/.local/lib/python3.8/site-packages/airflow/example_dags/example_dynamic_task_mapping_with_no_taskflow_operators.py took 0.045 seconds
[2023-09-09T14:06:16.982+0000] {processor.py:157} INFO - Started process (PID=1203) to work on /home/airflow/.local/lib/python3.8/site-packages/airflow/example_dags/example_dynamic_task_mapping_with_no_taskflow_operators.py
[2023-09-09T14:06:16.983+0000] {processor.py:829} INFO - Processing file /home/airflow/.local/lib/python3.8/site-packages/airflow/example_dags/example_dynamic_task_mapping_with_no_taskflow_operators.py for tasks to queue
[2023-09-09T14:06:16.984+0000] {logging_mixin.py:151} INFO - [2023-09-09T14:06:16.984+0000] {dagbag.py:539} INFO - Filling up the DagBag from /home/airflow/.local/lib/python3.8/site-packages/airflow/example_dags/example_dynamic_task_mapping_with_no_taskflow_operators.py
[2023-09-09T14:06:16.988+0000] {processor.py:839} INFO - DAG(s) dict_keys(['example_dynamic_task_mapping_with_no_taskflow_operators']) retrieved from /home/airflow/.local/lib/python3.8/site-packages/airflow/example_dags/example_dynamic_task_mapping_with_no_taskflow_operators.py
[2023-09-09T14:06:16.999+0000] {logging_mixin.py:151} INFO - [2023-09-09T14:06:16.999+0000] {dag.py:2907} INFO - Sync 1 DAGs
[2023-09-09T14:06:17.012+0000] {logging_mixin.py:151} INFO - [2023-09-09T14:06:17.012+0000] {dag.py:3677} INFO - Setting next_dagrun for example_dynamic_task_mapping_with_no_taskflow_operators to 2023-09-08T14:06:17.012034+00:00, run_after=2023-09-09T14:06:17.012034+00:00
[2023-09-09T14:06:17.023+0000] {processor.py:179} INFO - Processing /home/airflow/.local/lib/python3.8/site-packages/airflow/example_dags/example_dynamic_task_mapping_with_no_taskflow_operators.py took 0.042 seconds
[2023-09-09T14:06:47.967+0000] {processor.py:157} INFO - Started process (PID=1258) to work on /home/airflow/.local/lib/python3.8/site-packages/airflow/example_dags/example_dynamic_task_mapping_with_no_taskflow_operators.py
[2023-09-09T14:06:47.968+0000] {processor.py:829} INFO - Processing file /home/airflow/.local/lib/python3.8/site-packages/airflow/example_dags/example_dynamic_task_mapping_with_no_taskflow_operators.py for tasks to queue
[2023-09-09T14:06:47.969+0000] {logging_mixin.py:151} INFO - [2023-09-09T14:06:47.969+0000] {dagbag.py:539} INFO - Filling up the DagBag from /home/airflow/.local/lib/python3.8/site-packages/airflow/example_dags/example_dynamic_task_mapping_with_no_taskflow_operators.py
[2023-09-09T14:06:47.973+0000] {processor.py:839} INFO - DAG(s) dict_keys(['example_dynamic_task_mapping_with_no_taskflow_operators']) retrieved from /home/airflow/.local/lib/python3.8/site-packages/airflow/example_dags/example_dynamic_task_mapping_with_no_taskflow_operators.py
[2023-09-09T14:06:47.984+0000] {logging_mixin.py:151} INFO - [2023-09-09T14:06:47.984+0000] {dag.py:2907} INFO - Sync 1 DAGs
[2023-09-09T14:06:47.996+0000] {logging_mixin.py:151} INFO - [2023-09-09T14:06:47.996+0000] {dag.py:3677} INFO - Setting next_dagrun for example_dynamic_task_mapping_with_no_taskflow_operators to 2023-09-08T14:06:47.996391+00:00, run_after=2023-09-09T14:06:47.996391+00:00
[2023-09-09T14:06:48.006+0000] {processor.py:179} INFO - Processing /home/airflow/.local/lib/python3.8/site-packages/airflow/example_dags/example_dynamic_task_mapping_with_no_taskflow_operators.py took 0.041 seconds
[2023-09-09T14:07:18.078+0000] {processor.py:157} INFO - Started process (PID=1313) to work on /home/airflow/.local/lib/python3.8/site-packages/airflow/example_dags/example_dynamic_task_mapping_with_no_taskflow_operators.py
[2023-09-09T14:07:18.079+0000] {processor.py:829} INFO - Processing file /home/airflow/.local/lib/python3.8/site-packages/airflow/example_dags/example_dynamic_task_mapping_with_no_taskflow_operators.py for tasks to queue
[2023-09-09T14:07:18.081+0000] {logging_mixin.py:151} INFO - [2023-09-09T14:07:18.080+0000] {dagbag.py:539} INFO - Filling up the DagBag from /home/airflow/.local/lib/python3.8/site-packages/airflow/example_dags/example_dynamic_task_mapping_with_no_taskflow_operators.py
[2023-09-09T14:07:18.085+0000] {processor.py:839} INFO - DAG(s) dict_keys(['example_dynamic_task_mapping_with_no_taskflow_operators']) retrieved from /home/airflow/.local/lib/python3.8/site-packages/airflow/example_dags/example_dynamic_task_mapping_with_no_taskflow_operators.py
[2023-09-09T14:07:18.098+0000] {logging_mixin.py:151} INFO - [2023-09-09T14:07:18.098+0000] {dag.py:2907} INFO - Sync 1 DAGs
[2023-09-09T14:07:18.112+0000] {logging_mixin.py:151} INFO - [2023-09-09T14:07:18.112+0000] {dag.py:3677} INFO - Setting next_dagrun for example_dynamic_task_mapping_with_no_taskflow_operators to 2023-09-08T14:07:18.111919+00:00, run_after=2023-09-09T14:07:18.111919+00:00
[2023-09-09T14:07:18.123+0000] {processor.py:179} INFO - Processing /home/airflow/.local/lib/python3.8/site-packages/airflow/example_dags/example_dynamic_task_mapping_with_no_taskflow_operators.py took 0.047 seconds
[2023-09-09T14:07:48.203+0000] {processor.py:157} INFO - Started process (PID=1368) to work on /home/airflow/.local/lib/python3.8/site-packages/airflow/example_dags/example_dynamic_task_mapping_with_no_taskflow_operators.py
[2023-09-09T14:07:48.204+0000] {processor.py:829} INFO - Processing file /home/airflow/.local/lib/python3.8/site-packages/airflow/example_dags/example_dynamic_task_mapping_with_no_taskflow_operators.py for tasks to queue
[2023-09-09T14:07:48.205+0000] {logging_mixin.py:151} INFO - [2023-09-09T14:07:48.205+0000] {dagbag.py:539} INFO - Filling up the DagBag from /home/airflow/.local/lib/python3.8/site-packages/airflow/example_dags/example_dynamic_task_mapping_with_no_taskflow_operators.py
[2023-09-09T14:07:48.209+0000] {processor.py:839} INFO - DAG(s) dict_keys(['example_dynamic_task_mapping_with_no_taskflow_operators']) retrieved from /home/airflow/.local/lib/python3.8/site-packages/airflow/example_dags/example_dynamic_task_mapping_with_no_taskflow_operators.py
[2023-09-09T14:07:48.220+0000] {logging_mixin.py:151} INFO - [2023-09-09T14:07:48.220+0000] {dag.py:2907} INFO - Sync 1 DAGs
[2023-09-09T14:07:48.234+0000] {logging_mixin.py:151} INFO - [2023-09-09T14:07:48.233+0000] {dag.py:3677} INFO - Setting next_dagrun for example_dynamic_task_mapping_with_no_taskflow_operators to 2023-09-08T14:07:48.233753+00:00, run_after=2023-09-09T14:07:48.233753+00:00
[2023-09-09T14:07:48.245+0000] {processor.py:179} INFO - Processing /home/airflow/.local/lib/python3.8/site-packages/airflow/example_dags/example_dynamic_task_mapping_with_no_taskflow_operators.py took 0.044 seconds
[2023-09-09T14:08:19.252+0000] {processor.py:157} INFO - Started process (PID=1423) to work on /home/airflow/.local/lib/python3.8/site-packages/airflow/example_dags/example_dynamic_task_mapping_with_no_taskflow_operators.py
[2023-09-09T14:08:19.253+0000] {processor.py:829} INFO - Processing file /home/airflow/.local/lib/python3.8/site-packages/airflow/example_dags/example_dynamic_task_mapping_with_no_taskflow_operators.py for tasks to queue
[2023-09-09T14:08:19.255+0000] {logging_mixin.py:151} INFO - [2023-09-09T14:08:19.254+0000] {dagbag.py:539} INFO - Filling up the DagBag from /home/airflow/.local/lib/python3.8/site-packages/airflow/example_dags/example_dynamic_task_mapping_with_no_taskflow_operators.py
[2023-09-09T14:08:19.259+0000] {processor.py:839} INFO - DAG(s) dict_keys(['example_dynamic_task_mapping_with_no_taskflow_operators']) retrieved from /home/airflow/.local/lib/python3.8/site-packages/airflow/example_dags/example_dynamic_task_mapping_with_no_taskflow_operators.py
[2023-09-09T14:08:19.272+0000] {logging_mixin.py:151} INFO - [2023-09-09T14:08:19.272+0000] {dag.py:2907} INFO - Sync 1 DAGs
[2023-09-09T14:08:19.288+0000] {logging_mixin.py:151} INFO - [2023-09-09T14:08:19.288+0000] {dag.py:3677} INFO - Setting next_dagrun for example_dynamic_task_mapping_with_no_taskflow_operators to 2023-09-08T14:08:19.287881+00:00, run_after=2023-09-09T14:08:19.287881+00:00
[2023-09-09T14:08:19.303+0000] {processor.py:179} INFO - Processing /home/airflow/.local/lib/python3.8/site-packages/airflow/example_dags/example_dynamic_task_mapping_with_no_taskflow_operators.py took 0.053 seconds
[2023-09-09T14:08:50.115+0000] {processor.py:157} INFO - Started process (PID=1478) to work on /home/airflow/.local/lib/python3.8/site-packages/airflow/example_dags/example_dynamic_task_mapping_with_no_taskflow_operators.py
[2023-09-09T14:08:50.116+0000] {processor.py:829} INFO - Processing file /home/airflow/.local/lib/python3.8/site-packages/airflow/example_dags/example_dynamic_task_mapping_with_no_taskflow_operators.py for tasks to queue
[2023-09-09T14:08:50.117+0000] {logging_mixin.py:151} INFO - [2023-09-09T14:08:50.117+0000] {dagbag.py:539} INFO - Filling up the DagBag from /home/airflow/.local/lib/python3.8/site-packages/airflow/example_dags/example_dynamic_task_mapping_with_no_taskflow_operators.py
[2023-09-09T14:08:50.121+0000] {processor.py:839} INFO - DAG(s) dict_keys(['example_dynamic_task_mapping_with_no_taskflow_operators']) retrieved from /home/airflow/.local/lib/python3.8/site-packages/airflow/example_dags/example_dynamic_task_mapping_with_no_taskflow_operators.py
[2023-09-09T14:08:50.133+0000] {logging_mixin.py:151} INFO - [2023-09-09T14:08:50.133+0000] {dag.py:2907} INFO - Sync 1 DAGs
[2023-09-09T14:08:50.147+0000] {logging_mixin.py:151} INFO - [2023-09-09T14:08:50.147+0000] {dag.py:3677} INFO - Setting next_dagrun for example_dynamic_task_mapping_with_no_taskflow_operators to 2023-09-08T14:08:50.147353+00:00, run_after=2023-09-09T14:08:50.147353+00:00
[2023-09-09T14:08:50.160+0000] {processor.py:179} INFO - Processing /home/airflow/.local/lib/python3.8/site-packages/airflow/example_dags/example_dynamic_task_mapping_with_no_taskflow_operators.py took 0.049 seconds
[2023-09-09T14:09:20.307+0000] {processor.py:157} INFO - Started process (PID=1535) to work on /home/airflow/.local/lib/python3.8/site-packages/airflow/example_dags/example_dynamic_task_mapping_with_no_taskflow_operators.py
[2023-09-09T14:09:20.308+0000] {processor.py:829} INFO - Processing file /home/airflow/.local/lib/python3.8/site-packages/airflow/example_dags/example_dynamic_task_mapping_with_no_taskflow_operators.py for tasks to queue
[2023-09-09T14:09:20.310+0000] {logging_mixin.py:151} INFO - [2023-09-09T14:09:20.310+0000] {dagbag.py:539} INFO - Filling up the DagBag from /home/airflow/.local/lib/python3.8/site-packages/airflow/example_dags/example_dynamic_task_mapping_with_no_taskflow_operators.py
[2023-09-09T14:09:20.314+0000] {processor.py:839} INFO - DAG(s) dict_keys(['example_dynamic_task_mapping_with_no_taskflow_operators']) retrieved from /home/airflow/.local/lib/python3.8/site-packages/airflow/example_dags/example_dynamic_task_mapping_with_no_taskflow_operators.py
[2023-09-09T14:09:20.326+0000] {logging_mixin.py:151} INFO - [2023-09-09T14:09:20.325+0000] {dag.py:2907} INFO - Sync 1 DAGs
[2023-09-09T14:09:20.339+0000] {logging_mixin.py:151} INFO - [2023-09-09T14:09:20.339+0000] {dag.py:3677} INFO - Setting next_dagrun for example_dynamic_task_mapping_with_no_taskflow_operators to 2023-09-08T14:09:20.339431+00:00, run_after=2023-09-09T14:09:20.339431+00:00
[2023-09-09T14:09:20.350+0000] {processor.py:179} INFO - Processing /home/airflow/.local/lib/python3.8/site-packages/airflow/example_dags/example_dynamic_task_mapping_with_no_taskflow_operators.py took 0.045 seconds
[2023-09-09T14:09:50.411+0000] {processor.py:157} INFO - Started process (PID=1592) to work on /home/airflow/.local/lib/python3.8/site-packages/airflow/example_dags/example_dynamic_task_mapping_with_no_taskflow_operators.py
[2023-09-09T14:09:50.412+0000] {processor.py:829} INFO - Processing file /home/airflow/.local/lib/python3.8/site-packages/airflow/example_dags/example_dynamic_task_mapping_with_no_taskflow_operators.py for tasks to queue
[2023-09-09T14:09:50.414+0000] {logging_mixin.py:151} INFO - [2023-09-09T14:09:50.413+0000] {dagbag.py:539} INFO - Filling up the DagBag from /home/airflow/.local/lib/python3.8/site-packages/airflow/example_dags/example_dynamic_task_mapping_with_no_taskflow_operators.py
[2023-09-09T14:09:50.418+0000] {processor.py:839} INFO - DAG(s) dict_keys(['example_dynamic_task_mapping_with_no_taskflow_operators']) retrieved from /home/airflow/.local/lib/python3.8/site-packages/airflow/example_dags/example_dynamic_task_mapping_with_no_taskflow_operators.py
[2023-09-09T14:09:50.430+0000] {logging_mixin.py:151} INFO - [2023-09-09T14:09:50.430+0000] {dag.py:2907} INFO - Sync 1 DAGs
[2023-09-09T14:09:50.444+0000] {logging_mixin.py:151} INFO - [2023-09-09T14:09:50.444+0000] {dag.py:3677} INFO - Setting next_dagrun for example_dynamic_task_mapping_with_no_taskflow_operators to 2023-09-08T14:09:50.443881+00:00, run_after=2023-09-09T14:09:50.443881+00:00
[2023-09-09T14:09:50.455+0000] {processor.py:179} INFO - Processing /home/airflow/.local/lib/python3.8/site-packages/airflow/example_dags/example_dynamic_task_mapping_with_no_taskflow_operators.py took 0.046 seconds
[2023-09-09T14:10:20.625+0000] {processor.py:157} INFO - Started process (PID=1652) to work on /home/airflow/.local/lib/python3.8/site-packages/airflow/example_dags/example_dynamic_task_mapping_with_no_taskflow_operators.py
[2023-09-09T14:10:20.625+0000] {processor.py:829} INFO - Processing file /home/airflow/.local/lib/python3.8/site-packages/airflow/example_dags/example_dynamic_task_mapping_with_no_taskflow_operators.py for tasks to queue
[2023-09-09T14:10:20.627+0000] {logging_mixin.py:151} INFO - [2023-09-09T14:10:20.627+0000] {dagbag.py:539} INFO - Filling up the DagBag from /home/airflow/.local/lib/python3.8/site-packages/airflow/example_dags/example_dynamic_task_mapping_with_no_taskflow_operators.py
[2023-09-09T14:10:20.631+0000] {processor.py:839} INFO - DAG(s) dict_keys(['example_dynamic_task_mapping_with_no_taskflow_operators']) retrieved from /home/airflow/.local/lib/python3.8/site-packages/airflow/example_dags/example_dynamic_task_mapping_with_no_taskflow_operators.py
[2023-09-09T14:10:20.643+0000] {logging_mixin.py:151} INFO - [2023-09-09T14:10:20.643+0000] {dag.py:2907} INFO - Sync 1 DAGs
[2023-09-09T14:10:20.656+0000] {logging_mixin.py:151} INFO - [2023-09-09T14:10:20.656+0000] {dag.py:3677} INFO - Setting next_dagrun for example_dynamic_task_mapping_with_no_taskflow_operators to 2023-09-08T14:10:20.656215+00:00, run_after=2023-09-09T14:10:20.656215+00:00
[2023-09-09T14:10:20.667+0000] {processor.py:179} INFO - Processing /home/airflow/.local/lib/python3.8/site-packages/airflow/example_dags/example_dynamic_task_mapping_with_no_taskflow_operators.py took 0.044 seconds
[2023-09-09T14:10:50.830+0000] {processor.py:157} INFO - Started process (PID=1714) to work on /home/airflow/.local/lib/python3.8/site-packages/airflow/example_dags/example_dynamic_task_mapping_with_no_taskflow_operators.py
[2023-09-09T14:10:50.831+0000] {processor.py:829} INFO - Processing file /home/airflow/.local/lib/python3.8/site-packages/airflow/example_dags/example_dynamic_task_mapping_with_no_taskflow_operators.py for tasks to queue
[2023-09-09T14:10:50.833+0000] {logging_mixin.py:151} INFO - [2023-09-09T14:10:50.832+0000] {dagbag.py:539} INFO - Filling up the DagBag from /home/airflow/.local/lib/python3.8/site-packages/airflow/example_dags/example_dynamic_task_mapping_with_no_taskflow_operators.py
[2023-09-09T14:10:50.837+0000] {processor.py:839} INFO - DAG(s) dict_keys(['example_dynamic_task_mapping_with_no_taskflow_operators']) retrieved from /home/airflow/.local/lib/python3.8/site-packages/airflow/example_dags/example_dynamic_task_mapping_with_no_taskflow_operators.py
[2023-09-09T14:10:50.853+0000] {logging_mixin.py:151} INFO - [2023-09-09T14:10:50.853+0000] {dag.py:2907} INFO - Sync 1 DAGs
[2023-09-09T14:10:50.868+0000] {logging_mixin.py:151} INFO - [2023-09-09T14:10:50.868+0000] {dag.py:3677} INFO - Setting next_dagrun for example_dynamic_task_mapping_with_no_taskflow_operators to 2023-09-08T14:10:50.868126+00:00, run_after=2023-09-09T14:10:50.868126+00:00
[2023-09-09T14:10:50.879+0000] {processor.py:179} INFO - Processing /home/airflow/.local/lib/python3.8/site-packages/airflow/example_dags/example_dynamic_task_mapping_with_no_taskflow_operators.py took 0.051 seconds
[2023-09-09T14:11:21.064+0000] {processor.py:157} INFO - Started process (PID=1769) to work on /home/airflow/.local/lib/python3.8/site-packages/airflow/example_dags/example_dynamic_task_mapping_with_no_taskflow_operators.py
[2023-09-09T14:11:21.065+0000] {processor.py:829} INFO - Processing file /home/airflow/.local/lib/python3.8/site-packages/airflow/example_dags/example_dynamic_task_mapping_with_no_taskflow_operators.py for tasks to queue
[2023-09-09T14:11:21.066+0000] {logging_mixin.py:151} INFO - [2023-09-09T14:11:21.066+0000] {dagbag.py:539} INFO - Filling up the DagBag from /home/airflow/.local/lib/python3.8/site-packages/airflow/example_dags/example_dynamic_task_mapping_with_no_taskflow_operators.py
[2023-09-09T14:11:21.071+0000] {processor.py:839} INFO - DAG(s) dict_keys(['example_dynamic_task_mapping_with_no_taskflow_operators']) retrieved from /home/airflow/.local/lib/python3.8/site-packages/airflow/example_dags/example_dynamic_task_mapping_with_no_taskflow_operators.py
[2023-09-09T14:11:21.084+0000] {logging_mixin.py:151} INFO - [2023-09-09T14:11:21.084+0000] {dag.py:2907} INFO - Sync 1 DAGs
[2023-09-09T14:11:21.097+0000] {logging_mixin.py:151} INFO - [2023-09-09T14:11:21.097+0000] {dag.py:3677} INFO - Setting next_dagrun for example_dynamic_task_mapping_with_no_taskflow_operators to 2023-09-08T14:11:21.097524+00:00, run_after=2023-09-09T14:11:21.097524+00:00
[2023-09-09T14:11:21.109+0000] {processor.py:179} INFO - Processing /home/airflow/.local/lib/python3.8/site-packages/airflow/example_dags/example_dynamic_task_mapping_with_no_taskflow_operators.py took 0.047 seconds
[2023-09-09T14:11:51.184+0000] {processor.py:157} INFO - Started process (PID=1824) to work on /home/airflow/.local/lib/python3.8/site-packages/airflow/example_dags/example_dynamic_task_mapping_with_no_taskflow_operators.py
[2023-09-09T14:11:51.185+0000] {processor.py:829} INFO - Processing file /home/airflow/.local/lib/python3.8/site-packages/airflow/example_dags/example_dynamic_task_mapping_with_no_taskflow_operators.py for tasks to queue
[2023-09-09T14:11:51.187+0000] {logging_mixin.py:151} INFO - [2023-09-09T14:11:51.187+0000] {dagbag.py:539} INFO - Filling up the DagBag from /home/airflow/.local/lib/python3.8/site-packages/airflow/example_dags/example_dynamic_task_mapping_with_no_taskflow_operators.py
[2023-09-09T14:11:51.191+0000] {processor.py:839} INFO - DAG(s) dict_keys(['example_dynamic_task_mapping_with_no_taskflow_operators']) retrieved from /home/airflow/.local/lib/python3.8/site-packages/airflow/example_dags/example_dynamic_task_mapping_with_no_taskflow_operators.py
[2023-09-09T14:11:51.205+0000] {logging_mixin.py:151} INFO - [2023-09-09T14:11:51.205+0000] {dag.py:2907} INFO - Sync 1 DAGs
[2023-09-09T14:11:51.220+0000] {logging_mixin.py:151} INFO - [2023-09-09T14:11:51.220+0000] {dag.py:3677} INFO - Setting next_dagrun for example_dynamic_task_mapping_with_no_taskflow_operators to 2023-09-08T14:11:51.220476+00:00, run_after=2023-09-09T14:11:51.220476+00:00
[2023-09-09T14:11:51.232+0000] {processor.py:179} INFO - Processing /home/airflow/.local/lib/python3.8/site-packages/airflow/example_dags/example_dynamic_task_mapping_with_no_taskflow_operators.py took 0.051 seconds
[2023-09-09T14:12:21.333+0000] {processor.py:157} INFO - Started process (PID=1880) to work on /home/airflow/.local/lib/python3.8/site-packages/airflow/example_dags/example_dynamic_task_mapping_with_no_taskflow_operators.py
[2023-09-09T14:12:21.334+0000] {processor.py:829} INFO - Processing file /home/airflow/.local/lib/python3.8/site-packages/airflow/example_dags/example_dynamic_task_mapping_with_no_taskflow_operators.py for tasks to queue
[2023-09-09T14:12:21.335+0000] {logging_mixin.py:151} INFO - [2023-09-09T14:12:21.335+0000] {dagbag.py:539} INFO - Filling up the DagBag from /home/airflow/.local/lib/python3.8/site-packages/airflow/example_dags/example_dynamic_task_mapping_with_no_taskflow_operators.py
[2023-09-09T14:12:21.339+0000] {processor.py:839} INFO - DAG(s) dict_keys(['example_dynamic_task_mapping_with_no_taskflow_operators']) retrieved from /home/airflow/.local/lib/python3.8/site-packages/airflow/example_dags/example_dynamic_task_mapping_with_no_taskflow_operators.py
[2023-09-09T14:12:21.351+0000] {logging_mixin.py:151} INFO - [2023-09-09T14:12:21.351+0000] {dag.py:2907} INFO - Sync 1 DAGs
[2023-09-09T14:12:21.364+0000] {logging_mixin.py:151} INFO - [2023-09-09T14:12:21.364+0000] {dag.py:3677} INFO - Setting next_dagrun for example_dynamic_task_mapping_with_no_taskflow_operators to 2023-09-08T14:12:21.364541+00:00, run_after=2023-09-09T14:12:21.364541+00:00
[2023-09-09T14:12:21.376+0000] {processor.py:179} INFO - Processing /home/airflow/.local/lib/python3.8/site-packages/airflow/example_dags/example_dynamic_task_mapping_with_no_taskflow_operators.py took 0.045 seconds
[2023-09-09T14:12:51.629+0000] {processor.py:157} INFO - Started process (PID=1937) to work on /home/airflow/.local/lib/python3.8/site-packages/airflow/example_dags/example_dynamic_task_mapping_with_no_taskflow_operators.py
[2023-09-09T14:12:51.630+0000] {processor.py:829} INFO - Processing file /home/airflow/.local/lib/python3.8/site-packages/airflow/example_dags/example_dynamic_task_mapping_with_no_taskflow_operators.py for tasks to queue
[2023-09-09T14:12:51.632+0000] {logging_mixin.py:151} INFO - [2023-09-09T14:12:51.632+0000] {dagbag.py:539} INFO - Filling up the DagBag from /home/airflow/.local/lib/python3.8/site-packages/airflow/example_dags/example_dynamic_task_mapping_with_no_taskflow_operators.py
[2023-09-09T14:12:51.636+0000] {processor.py:839} INFO - DAG(s) dict_keys(['example_dynamic_task_mapping_with_no_taskflow_operators']) retrieved from /home/airflow/.local/lib/python3.8/site-packages/airflow/example_dags/example_dynamic_task_mapping_with_no_taskflow_operators.py
[2023-09-09T14:12:51.648+0000] {logging_mixin.py:151} INFO - [2023-09-09T14:12:51.648+0000] {dag.py:2907} INFO - Sync 1 DAGs
[2023-09-09T14:12:51.660+0000] {logging_mixin.py:151} INFO - [2023-09-09T14:12:51.660+0000] {dag.py:3677} INFO - Setting next_dagrun for example_dynamic_task_mapping_with_no_taskflow_operators to 2023-09-08T14:12:51.660656+00:00, run_after=2023-09-09T14:12:51.660656+00:00
[2023-09-09T14:12:51.671+0000] {processor.py:179} INFO - Processing /home/airflow/.local/lib/python3.8/site-packages/airflow/example_dags/example_dynamic_task_mapping_with_no_taskflow_operators.py took 0.044 seconds
[2023-09-09T14:13:21.802+0000] {processor.py:157} INFO - Started process (PID=1992) to work on /home/airflow/.local/lib/python3.8/site-packages/airflow/example_dags/example_dynamic_task_mapping_with_no_taskflow_operators.py
[2023-09-09T14:13:21.803+0000] {processor.py:829} INFO - Processing file /home/airflow/.local/lib/python3.8/site-packages/airflow/example_dags/example_dynamic_task_mapping_with_no_taskflow_operators.py for tasks to queue
[2023-09-09T14:13:21.804+0000] {logging_mixin.py:151} INFO - [2023-09-09T14:13:21.804+0000] {dagbag.py:539} INFO - Filling up the DagBag from /home/airflow/.local/lib/python3.8/site-packages/airflow/example_dags/example_dynamic_task_mapping_with_no_taskflow_operators.py
[2023-09-09T14:13:21.808+0000] {processor.py:839} INFO - DAG(s) dict_keys(['example_dynamic_task_mapping_with_no_taskflow_operators']) retrieved from /home/airflow/.local/lib/python3.8/site-packages/airflow/example_dags/example_dynamic_task_mapping_with_no_taskflow_operators.py
[2023-09-09T14:13:21.820+0000] {logging_mixin.py:151} INFO - [2023-09-09T14:13:21.820+0000] {dag.py:2907} INFO - Sync 1 DAGs
[2023-09-09T14:13:21.833+0000] {logging_mixin.py:151} INFO - [2023-09-09T14:13:21.833+0000] {dag.py:3677} INFO - Setting next_dagrun for example_dynamic_task_mapping_with_no_taskflow_operators to 2023-09-08T14:13:21.833356+00:00, run_after=2023-09-09T14:13:21.833356+00:00
[2023-09-09T14:13:21.845+0000] {processor.py:179} INFO - Processing /home/airflow/.local/lib/python3.8/site-packages/airflow/example_dags/example_dynamic_task_mapping_with_no_taskflow_operators.py took 0.046 seconds
[2023-09-09T14:13:51.978+0000] {processor.py:157} INFO - Started process (PID=2048) to work on /home/airflow/.local/lib/python3.8/site-packages/airflow/example_dags/example_dynamic_task_mapping_with_no_taskflow_operators.py
[2023-09-09T14:13:51.979+0000] {processor.py:829} INFO - Processing file /home/airflow/.local/lib/python3.8/site-packages/airflow/example_dags/example_dynamic_task_mapping_with_no_taskflow_operators.py for tasks to queue
[2023-09-09T14:13:51.980+0000] {logging_mixin.py:151} INFO - [2023-09-09T14:13:51.980+0000] {dagbag.py:539} INFO - Filling up the DagBag from /home/airflow/.local/lib/python3.8/site-packages/airflow/example_dags/example_dynamic_task_mapping_with_no_taskflow_operators.py
[2023-09-09T14:13:51.985+0000] {processor.py:839} INFO - DAG(s) dict_keys(['example_dynamic_task_mapping_with_no_taskflow_operators']) retrieved from /home/airflow/.local/lib/python3.8/site-packages/airflow/example_dags/example_dynamic_task_mapping_with_no_taskflow_operators.py
[2023-09-09T14:13:51.997+0000] {logging_mixin.py:151} INFO - [2023-09-09T14:13:51.997+0000] {dag.py:2907} INFO - Sync 1 DAGs
[2023-09-09T14:13:52.012+0000] {logging_mixin.py:151} INFO - [2023-09-09T14:13:52.012+0000] {dag.py:3677} INFO - Setting next_dagrun for example_dynamic_task_mapping_with_no_taskflow_operators to 2023-09-08T14:13:52.012484+00:00, run_after=2023-09-09T14:13:52.012484+00:00
[2023-09-09T14:13:52.026+0000] {processor.py:179} INFO - Processing /home/airflow/.local/lib/python3.8/site-packages/airflow/example_dags/example_dynamic_task_mapping_with_no_taskflow_operators.py took 0.050 seconds
[2023-09-09T14:14:22.189+0000] {processor.py:157} INFO - Started process (PID=2104) to work on /home/airflow/.local/lib/python3.8/site-packages/airflow/example_dags/example_dynamic_task_mapping_with_no_taskflow_operators.py
[2023-09-09T14:14:22.190+0000] {processor.py:829} INFO - Processing file /home/airflow/.local/lib/python3.8/site-packages/airflow/example_dags/example_dynamic_task_mapping_with_no_taskflow_operators.py for tasks to queue
[2023-09-09T14:14:22.191+0000] {logging_mixin.py:151} INFO - [2023-09-09T14:14:22.191+0000] {dagbag.py:539} INFO - Filling up the DagBag from /home/airflow/.local/lib/python3.8/site-packages/airflow/example_dags/example_dynamic_task_mapping_with_no_taskflow_operators.py
[2023-09-09T14:14:22.195+0000] {processor.py:839} INFO - DAG(s) dict_keys(['example_dynamic_task_mapping_with_no_taskflow_operators']) retrieved from /home/airflow/.local/lib/python3.8/site-packages/airflow/example_dags/example_dynamic_task_mapping_with_no_taskflow_operators.py
[2023-09-09T14:14:22.207+0000] {logging_mixin.py:151} INFO - [2023-09-09T14:14:22.207+0000] {dag.py:2907} INFO - Sync 1 DAGs
[2023-09-09T14:14:22.221+0000] {logging_mixin.py:151} INFO - [2023-09-09T14:14:22.220+0000] {dag.py:3677} INFO - Setting next_dagrun for example_dynamic_task_mapping_with_no_taskflow_operators to 2023-09-08T14:14:22.220822+00:00, run_after=2023-09-09T14:14:22.220822+00:00
[2023-09-09T14:14:22.232+0000] {processor.py:179} INFO - Processing /home/airflow/.local/lib/python3.8/site-packages/airflow/example_dags/example_dynamic_task_mapping_with_no_taskflow_operators.py took 0.045 seconds
[2023-09-09T14:14:52.324+0000] {processor.py:157} INFO - Started process (PID=2159) to work on /home/airflow/.local/lib/python3.8/site-packages/airflow/example_dags/example_dynamic_task_mapping_with_no_taskflow_operators.py
[2023-09-09T14:14:52.325+0000] {processor.py:829} INFO - Processing file /home/airflow/.local/lib/python3.8/site-packages/airflow/example_dags/example_dynamic_task_mapping_with_no_taskflow_operators.py for tasks to queue
[2023-09-09T14:14:52.327+0000] {logging_mixin.py:151} INFO - [2023-09-09T14:14:52.327+0000] {dagbag.py:539} INFO - Filling up the DagBag from /home/airflow/.local/lib/python3.8/site-packages/airflow/example_dags/example_dynamic_task_mapping_with_no_taskflow_operators.py
[2023-09-09T14:14:52.332+0000] {processor.py:839} INFO - DAG(s) dict_keys(['example_dynamic_task_mapping_with_no_taskflow_operators']) retrieved from /home/airflow/.local/lib/python3.8/site-packages/airflow/example_dags/example_dynamic_task_mapping_with_no_taskflow_operators.py
[2023-09-09T14:14:52.347+0000] {logging_mixin.py:151} INFO - [2023-09-09T14:14:52.347+0000] {dag.py:2907} INFO - Sync 1 DAGs
[2023-09-09T14:14:52.365+0000] {logging_mixin.py:151} INFO - [2023-09-09T14:14:52.364+0000] {dag.py:3677} INFO - Setting next_dagrun for example_dynamic_task_mapping_with_no_taskflow_operators to 2023-09-08T14:14:52.364786+00:00, run_after=2023-09-09T14:14:52.364786+00:00
[2023-09-09T14:14:52.379+0000] {processor.py:179} INFO - Processing /home/airflow/.local/lib/python3.8/site-packages/airflow/example_dags/example_dynamic_task_mapping_with_no_taskflow_operators.py took 0.057 seconds
[2023-09-09T14:15:22.574+0000] {processor.py:157} INFO - Started process (PID=2215) to work on /home/airflow/.local/lib/python3.8/site-packages/airflow/example_dags/example_dynamic_task_mapping_with_no_taskflow_operators.py
[2023-09-09T14:15:22.575+0000] {processor.py:829} INFO - Processing file /home/airflow/.local/lib/python3.8/site-packages/airflow/example_dags/example_dynamic_task_mapping_with_no_taskflow_operators.py for tasks to queue
[2023-09-09T14:15:22.576+0000] {logging_mixin.py:151} INFO - [2023-09-09T14:15:22.576+0000] {dagbag.py:539} INFO - Filling up the DagBag from /home/airflow/.local/lib/python3.8/site-packages/airflow/example_dags/example_dynamic_task_mapping_with_no_taskflow_operators.py
[2023-09-09T14:15:22.580+0000] {processor.py:839} INFO - DAG(s) dict_keys(['example_dynamic_task_mapping_with_no_taskflow_operators']) retrieved from /home/airflow/.local/lib/python3.8/site-packages/airflow/example_dags/example_dynamic_task_mapping_with_no_taskflow_operators.py
[2023-09-09T14:15:22.593+0000] {logging_mixin.py:151} INFO - [2023-09-09T14:15:22.593+0000] {dag.py:2907} INFO - Sync 1 DAGs
[2023-09-09T14:15:22.609+0000] {logging_mixin.py:151} INFO - [2023-09-09T14:15:22.609+0000] {dag.py:3677} INFO - Setting next_dagrun for example_dynamic_task_mapping_with_no_taskflow_operators to 2023-09-08T14:15:22.609004+00:00, run_after=2023-09-09T14:15:22.609004+00:00
[2023-09-09T14:15:22.621+0000] {processor.py:179} INFO - Processing /home/airflow/.local/lib/python3.8/site-packages/airflow/example_dags/example_dynamic_task_mapping_with_no_taskflow_operators.py took 0.049 seconds
[2023-09-09T14:15:52.725+0000] {processor.py:157} INFO - Started process (PID=2270) to work on /home/airflow/.local/lib/python3.8/site-packages/airflow/example_dags/example_dynamic_task_mapping_with_no_taskflow_operators.py
[2023-09-09T14:15:52.726+0000] {processor.py:829} INFO - Processing file /home/airflow/.local/lib/python3.8/site-packages/airflow/example_dags/example_dynamic_task_mapping_with_no_taskflow_operators.py for tasks to queue
[2023-09-09T14:15:52.727+0000] {logging_mixin.py:151} INFO - [2023-09-09T14:15:52.727+0000] {dagbag.py:539} INFO - Filling up the DagBag from /home/airflow/.local/lib/python3.8/site-packages/airflow/example_dags/example_dynamic_task_mapping_with_no_taskflow_operators.py
[2023-09-09T14:15:52.732+0000] {processor.py:839} INFO - DAG(s) dict_keys(['example_dynamic_task_mapping_with_no_taskflow_operators']) retrieved from /home/airflow/.local/lib/python3.8/site-packages/airflow/example_dags/example_dynamic_task_mapping_with_no_taskflow_operators.py
[2023-09-09T14:15:52.744+0000] {logging_mixin.py:151} INFO - [2023-09-09T14:15:52.744+0000] {dag.py:2907} INFO - Sync 1 DAGs
[2023-09-09T14:15:52.758+0000] {logging_mixin.py:151} INFO - [2023-09-09T14:15:52.758+0000] {dag.py:3677} INFO - Setting next_dagrun for example_dynamic_task_mapping_with_no_taskflow_operators to 2023-09-08T14:15:52.758141+00:00, run_after=2023-09-09T14:15:52.758141+00:00
[2023-09-09T14:15:52.770+0000] {processor.py:179} INFO - Processing /home/airflow/.local/lib/python3.8/site-packages/airflow/example_dags/example_dynamic_task_mapping_with_no_taskflow_operators.py took 0.047 seconds
[2023-09-09T14:16:22.985+0000] {processor.py:157} INFO - Started process (PID=2325) to work on /home/airflow/.local/lib/python3.8/site-packages/airflow/example_dags/example_dynamic_task_mapping_with_no_taskflow_operators.py
[2023-09-09T14:16:22.985+0000] {processor.py:829} INFO - Processing file /home/airflow/.local/lib/python3.8/site-packages/airflow/example_dags/example_dynamic_task_mapping_with_no_taskflow_operators.py for tasks to queue
[2023-09-09T14:16:22.987+0000] {logging_mixin.py:151} INFO - [2023-09-09T14:16:22.987+0000] {dagbag.py:539} INFO - Filling up the DagBag from /home/airflow/.local/lib/python3.8/site-packages/airflow/example_dags/example_dynamic_task_mapping_with_no_taskflow_operators.py
[2023-09-09T14:16:22.991+0000] {processor.py:839} INFO - DAG(s) dict_keys(['example_dynamic_task_mapping_with_no_taskflow_operators']) retrieved from /home/airflow/.local/lib/python3.8/site-packages/airflow/example_dags/example_dynamic_task_mapping_with_no_taskflow_operators.py
[2023-09-09T14:16:23.003+0000] {logging_mixin.py:151} INFO - [2023-09-09T14:16:23.003+0000] {dag.py:2907} INFO - Sync 1 DAGs
[2023-09-09T14:16:23.015+0000] {logging_mixin.py:151} INFO - [2023-09-09T14:16:23.015+0000] {dag.py:3677} INFO - Setting next_dagrun for example_dynamic_task_mapping_with_no_taskflow_operators to 2023-09-08T14:16:23.015672+00:00, run_after=2023-09-09T14:16:23.015672+00:00
[2023-09-09T14:16:23.026+0000] {processor.py:179} INFO - Processing /home/airflow/.local/lib/python3.8/site-packages/airflow/example_dags/example_dynamic_task_mapping_with_no_taskflow_operators.py took 0.044 seconds
[2023-09-09T14:16:53.230+0000] {processor.py:157} INFO - Started process (PID=2380) to work on /home/airflow/.local/lib/python3.8/site-packages/airflow/example_dags/example_dynamic_task_mapping_with_no_taskflow_operators.py
[2023-09-09T14:16:53.231+0000] {processor.py:829} INFO - Processing file /home/airflow/.local/lib/python3.8/site-packages/airflow/example_dags/example_dynamic_task_mapping_with_no_taskflow_operators.py for tasks to queue
[2023-09-09T14:16:53.233+0000] {logging_mixin.py:151} INFO - [2023-09-09T14:16:53.232+0000] {dagbag.py:539} INFO - Filling up the DagBag from /home/airflow/.local/lib/python3.8/site-packages/airflow/example_dags/example_dynamic_task_mapping_with_no_taskflow_operators.py
[2023-09-09T14:16:53.237+0000] {processor.py:839} INFO - DAG(s) dict_keys(['example_dynamic_task_mapping_with_no_taskflow_operators']) retrieved from /home/airflow/.local/lib/python3.8/site-packages/airflow/example_dags/example_dynamic_task_mapping_with_no_taskflow_operators.py
[2023-09-09T14:16:53.248+0000] {logging_mixin.py:151} INFO - [2023-09-09T14:16:53.248+0000] {dag.py:2907} INFO - Sync 1 DAGs
[2023-09-09T14:16:53.262+0000] {logging_mixin.py:151} INFO - [2023-09-09T14:16:53.261+0000] {dag.py:3677} INFO - Setting next_dagrun for example_dynamic_task_mapping_with_no_taskflow_operators to 2023-09-08T14:16:53.261735+00:00, run_after=2023-09-09T14:16:53.261735+00:00
[2023-09-09T14:16:53.273+0000] {processor.py:179} INFO - Processing /home/airflow/.local/lib/python3.8/site-packages/airflow/example_dags/example_dynamic_task_mapping_with_no_taskflow_operators.py took 0.044 seconds
