[2023-09-09T13:55:40.957+0000] {processor.py:157} INFO - Started process (PID=43) to work on /home/airflow/.local/lib/python3.8/site-packages/airflow/example_dags/example_sla_dag.py
[2023-09-09T13:55:40.958+0000] {processor.py:829} INFO - Processing file /home/airflow/.local/lib/python3.8/site-packages/airflow/example_dags/example_sla_dag.py for tasks to queue
[2023-09-09T13:55:40.960+0000] {logging_mixin.py:151} INFO - [2023-09-09T13:55:40.960+0000] {dagbag.py:539} INFO - Filling up the DagBag from /home/airflow/.local/lib/python3.8/site-packages/airflow/example_dags/example_sla_dag.py
[2023-09-09T13:55:40.966+0000] {processor.py:839} INFO - DAG(s) dict_keys(['example_sla_dag']) retrieved from /home/airflow/.local/lib/python3.8/site-packages/airflow/example_dags/example_sla_dag.py
[2023-09-09T13:55:40.983+0000] {logging_mixin.py:151} INFO - [2023-09-09T13:55:40.983+0000] {dag.py:2907} INFO - Sync 1 DAGs
[2023-09-09T13:55:41.000+0000] {logging_mixin.py:151} INFO - [2023-09-09T13:55:41.000+0000] {dag.py:3677} INFO - Setting next_dagrun for example_sla_dag to 2023-09-09T13:52:00+00:00, run_after=2023-09-09T13:54:00+00:00
[2023-09-09T13:55:41.016+0000] {processor.py:179} INFO - Processing /home/airflow/.local/lib/python3.8/site-packages/airflow/example_dags/example_sla_dag.py took 0.061 seconds
[2023-09-09T13:56:11.154+0000] {processor.py:157} INFO - Started process (PID=98) to work on /home/airflow/.local/lib/python3.8/site-packages/airflow/example_dags/example_sla_dag.py
[2023-09-09T13:56:11.154+0000] {processor.py:829} INFO - Processing file /home/airflow/.local/lib/python3.8/site-packages/airflow/example_dags/example_sla_dag.py for tasks to queue
[2023-09-09T13:56:11.156+0000] {logging_mixin.py:151} INFO - [2023-09-09T13:56:11.156+0000] {dagbag.py:539} INFO - Filling up the DagBag from /home/airflow/.local/lib/python3.8/site-packages/airflow/example_dags/example_sla_dag.py
[2023-09-09T13:56:11.161+0000] {processor.py:839} INFO - DAG(s) dict_keys(['example_sla_dag']) retrieved from /home/airflow/.local/lib/python3.8/site-packages/airflow/example_dags/example_sla_dag.py
[2023-09-09T13:56:11.172+0000] {logging_mixin.py:151} INFO - [2023-09-09T13:56:11.172+0000] {dag.py:2907} INFO - Sync 1 DAGs
[2023-09-09T13:56:11.188+0000] {logging_mixin.py:151} INFO - [2023-09-09T13:56:11.187+0000] {dag.py:3677} INFO - Setting next_dagrun for example_sla_dag to 2023-09-09T13:54:00+00:00, run_after=2023-09-09T13:56:00+00:00
[2023-09-09T13:56:11.199+0000] {processor.py:179} INFO - Processing /home/airflow/.local/lib/python3.8/site-packages/airflow/example_dags/example_sla_dag.py took 0.047 seconds
[2023-09-09T13:56:41.284+0000] {processor.py:157} INFO - Started process (PID=153) to work on /home/airflow/.local/lib/python3.8/site-packages/airflow/example_dags/example_sla_dag.py
[2023-09-09T13:56:41.285+0000] {processor.py:829} INFO - Processing file /home/airflow/.local/lib/python3.8/site-packages/airflow/example_dags/example_sla_dag.py for tasks to queue
[2023-09-09T13:56:41.286+0000] {logging_mixin.py:151} INFO - [2023-09-09T13:56:41.286+0000] {dagbag.py:539} INFO - Filling up the DagBag from /home/airflow/.local/lib/python3.8/site-packages/airflow/example_dags/example_sla_dag.py
[2023-09-09T13:56:41.292+0000] {processor.py:839} INFO - DAG(s) dict_keys(['example_sla_dag']) retrieved from /home/airflow/.local/lib/python3.8/site-packages/airflow/example_dags/example_sla_dag.py
[2023-09-09T13:56:41.304+0000] {logging_mixin.py:151} INFO - [2023-09-09T13:56:41.304+0000] {dag.py:2907} INFO - Sync 1 DAGs
[2023-09-09T13:56:41.319+0000] {logging_mixin.py:151} INFO - [2023-09-09T13:56:41.319+0000] {dag.py:3677} INFO - Setting next_dagrun for example_sla_dag to 2023-09-09T13:54:00+00:00, run_after=2023-09-09T13:56:00+00:00
[2023-09-09T13:56:41.329+0000] {processor.py:179} INFO - Processing /home/airflow/.local/lib/python3.8/site-packages/airflow/example_dags/example_sla_dag.py took 0.047 seconds
[2023-09-09T13:57:11.678+0000] {processor.py:157} INFO - Started process (PID=210) to work on /home/airflow/.local/lib/python3.8/site-packages/airflow/example_dags/example_sla_dag.py
[2023-09-09T13:57:11.678+0000] {processor.py:829} INFO - Processing file /home/airflow/.local/lib/python3.8/site-packages/airflow/example_dags/example_sla_dag.py for tasks to queue
[2023-09-09T13:57:11.680+0000] {logging_mixin.py:151} INFO - [2023-09-09T13:57:11.680+0000] {dagbag.py:539} INFO - Filling up the DagBag from /home/airflow/.local/lib/python3.8/site-packages/airflow/example_dags/example_sla_dag.py
[2023-09-09T13:57:11.685+0000] {processor.py:839} INFO - DAG(s) dict_keys(['example_sla_dag']) retrieved from /home/airflow/.local/lib/python3.8/site-packages/airflow/example_dags/example_sla_dag.py
[2023-09-09T13:57:11.699+0000] {logging_mixin.py:151} INFO - [2023-09-09T13:57:11.699+0000] {dag.py:2907} INFO - Sync 1 DAGs
[2023-09-09T13:57:11.714+0000] {logging_mixin.py:151} INFO - [2023-09-09T13:57:11.714+0000] {dag.py:3677} INFO - Setting next_dagrun for example_sla_dag to 2023-09-09T13:54:00+00:00, run_after=2023-09-09T13:56:00+00:00
[2023-09-09T13:57:11.725+0000] {processor.py:179} INFO - Processing /home/airflow/.local/lib/python3.8/site-packages/airflow/example_dags/example_sla_dag.py took 0.049 seconds
[2023-09-09T13:57:41.891+0000] {processor.py:157} INFO - Started process (PID=266) to work on /home/airflow/.local/lib/python3.8/site-packages/airflow/example_dags/example_sla_dag.py
[2023-09-09T13:57:41.892+0000] {processor.py:829} INFO - Processing file /home/airflow/.local/lib/python3.8/site-packages/airflow/example_dags/example_sla_dag.py for tasks to queue
[2023-09-09T13:57:41.893+0000] {logging_mixin.py:151} INFO - [2023-09-09T13:57:41.893+0000] {dagbag.py:539} INFO - Filling up the DagBag from /home/airflow/.local/lib/python3.8/site-packages/airflow/example_dags/example_sla_dag.py
[2023-09-09T13:57:41.898+0000] {processor.py:839} INFO - DAG(s) dict_keys(['example_sla_dag']) retrieved from /home/airflow/.local/lib/python3.8/site-packages/airflow/example_dags/example_sla_dag.py
[2023-09-09T13:57:41.910+0000] {logging_mixin.py:151} INFO - [2023-09-09T13:57:41.910+0000] {dag.py:2907} INFO - Sync 1 DAGs
[2023-09-09T13:57:41.926+0000] {logging_mixin.py:151} INFO - [2023-09-09T13:57:41.926+0000] {dag.py:3677} INFO - Setting next_dagrun for example_sla_dag to 2023-09-09T13:54:00+00:00, run_after=2023-09-09T13:56:00+00:00
[2023-09-09T13:57:41.937+0000] {processor.py:179} INFO - Processing /home/airflow/.local/lib/python3.8/site-packages/airflow/example_dags/example_sla_dag.py took 0.047 seconds
[2023-09-09T13:58:12.070+0000] {processor.py:157} INFO - Started process (PID=321) to work on /home/airflow/.local/lib/python3.8/site-packages/airflow/example_dags/example_sla_dag.py
[2023-09-09T13:58:12.070+0000] {processor.py:829} INFO - Processing file /home/airflow/.local/lib/python3.8/site-packages/airflow/example_dags/example_sla_dag.py for tasks to queue
[2023-09-09T13:58:12.071+0000] {logging_mixin.py:151} INFO - [2023-09-09T13:58:12.071+0000] {dagbag.py:539} INFO - Filling up the DagBag from /home/airflow/.local/lib/python3.8/site-packages/airflow/example_dags/example_sla_dag.py
[2023-09-09T13:58:12.076+0000] {processor.py:839} INFO - DAG(s) dict_keys(['example_sla_dag']) retrieved from /home/airflow/.local/lib/python3.8/site-packages/airflow/example_dags/example_sla_dag.py
[2023-09-09T13:58:12.088+0000] {logging_mixin.py:151} INFO - [2023-09-09T13:58:12.088+0000] {dag.py:2907} INFO - Sync 1 DAGs
[2023-09-09T13:58:12.104+0000] {logging_mixin.py:151} INFO - [2023-09-09T13:58:12.104+0000] {dag.py:3677} INFO - Setting next_dagrun for example_sla_dag to 2023-09-09T13:56:00+00:00, run_after=2023-09-09T13:58:00+00:00
[2023-09-09T13:58:12.116+0000] {processor.py:179} INFO - Processing /home/airflow/.local/lib/python3.8/site-packages/airflow/example_dags/example_sla_dag.py took 0.048 seconds
[2023-09-09T13:58:42.933+0000] {processor.py:157} INFO - Started process (PID=376) to work on /home/airflow/.local/lib/python3.8/site-packages/airflow/example_dags/example_sla_dag.py
[2023-09-09T13:58:42.934+0000] {processor.py:829} INFO - Processing file /home/airflow/.local/lib/python3.8/site-packages/airflow/example_dags/example_sla_dag.py for tasks to queue
[2023-09-09T13:58:42.935+0000] {logging_mixin.py:151} INFO - [2023-09-09T13:58:42.935+0000] {dagbag.py:539} INFO - Filling up the DagBag from /home/airflow/.local/lib/python3.8/site-packages/airflow/example_dags/example_sla_dag.py
[2023-09-09T13:58:42.941+0000] {processor.py:839} INFO - DAG(s) dict_keys(['example_sla_dag']) retrieved from /home/airflow/.local/lib/python3.8/site-packages/airflow/example_dags/example_sla_dag.py
[2023-09-09T13:58:42.953+0000] {logging_mixin.py:151} INFO - [2023-09-09T13:58:42.952+0000] {dag.py:2907} INFO - Sync 1 DAGs
[2023-09-09T13:58:42.968+0000] {logging_mixin.py:151} INFO - [2023-09-09T13:58:42.967+0000] {dag.py:3677} INFO - Setting next_dagrun for example_sla_dag to 2023-09-09T13:56:00+00:00, run_after=2023-09-09T13:58:00+00:00
[2023-09-09T13:58:42.979+0000] {processor.py:179} INFO - Processing /home/airflow/.local/lib/python3.8/site-packages/airflow/example_dags/example_sla_dag.py took 0.048 seconds
[2023-09-09T13:59:13.729+0000] {processor.py:157} INFO - Started process (PID=431) to work on /home/airflow/.local/lib/python3.8/site-packages/airflow/example_dags/example_sla_dag.py
[2023-09-09T13:59:13.729+0000] {processor.py:829} INFO - Processing file /home/airflow/.local/lib/python3.8/site-packages/airflow/example_dags/example_sla_dag.py for tasks to queue
[2023-09-09T13:59:13.731+0000] {logging_mixin.py:151} INFO - [2023-09-09T13:59:13.731+0000] {dagbag.py:539} INFO - Filling up the DagBag from /home/airflow/.local/lib/python3.8/site-packages/airflow/example_dags/example_sla_dag.py
[2023-09-09T13:59:13.736+0000] {processor.py:839} INFO - DAG(s) dict_keys(['example_sla_dag']) retrieved from /home/airflow/.local/lib/python3.8/site-packages/airflow/example_dags/example_sla_dag.py
[2023-09-09T13:59:13.748+0000] {logging_mixin.py:151} INFO - [2023-09-09T13:59:13.748+0000] {dag.py:2907} INFO - Sync 1 DAGs
[2023-09-09T13:59:13.765+0000] {logging_mixin.py:151} INFO - [2023-09-09T13:59:13.765+0000] {dag.py:3677} INFO - Setting next_dagrun for example_sla_dag to 2023-09-09T13:56:00+00:00, run_after=2023-09-09T13:58:00+00:00
[2023-09-09T13:59:13.776+0000] {processor.py:179} INFO - Processing /home/airflow/.local/lib/python3.8/site-packages/airflow/example_dags/example_sla_dag.py took 0.049 seconds
[2023-09-09T13:59:44.581+0000] {processor.py:157} INFO - Started process (PID=486) to work on /home/airflow/.local/lib/python3.8/site-packages/airflow/example_dags/example_sla_dag.py
[2023-09-09T13:59:44.582+0000] {processor.py:829} INFO - Processing file /home/airflow/.local/lib/python3.8/site-packages/airflow/example_dags/example_sla_dag.py for tasks to queue
[2023-09-09T13:59:44.583+0000] {logging_mixin.py:151} INFO - [2023-09-09T13:59:44.583+0000] {dagbag.py:539} INFO - Filling up the DagBag from /home/airflow/.local/lib/python3.8/site-packages/airflow/example_dags/example_sla_dag.py
[2023-09-09T13:59:44.589+0000] {processor.py:839} INFO - DAG(s) dict_keys(['example_sla_dag']) retrieved from /home/airflow/.local/lib/python3.8/site-packages/airflow/example_dags/example_sla_dag.py
[2023-09-09T13:59:44.601+0000] {logging_mixin.py:151} INFO - [2023-09-09T13:59:44.601+0000] {dag.py:2907} INFO - Sync 1 DAGs
[2023-09-09T13:59:44.616+0000] {logging_mixin.py:151} INFO - [2023-09-09T13:59:44.616+0000] {dag.py:3677} INFO - Setting next_dagrun for example_sla_dag to 2023-09-09T13:56:00+00:00, run_after=2023-09-09T13:58:00+00:00
[2023-09-09T13:59:44.628+0000] {processor.py:179} INFO - Processing /home/airflow/.local/lib/python3.8/site-packages/airflow/example_dags/example_sla_dag.py took 0.048 seconds
[2023-09-09T14:00:14.789+0000] {processor.py:157} INFO - Started process (PID=541) to work on /home/airflow/.local/lib/python3.8/site-packages/airflow/example_dags/example_sla_dag.py
[2023-09-09T14:00:14.789+0000] {processor.py:829} INFO - Processing file /home/airflow/.local/lib/python3.8/site-packages/airflow/example_dags/example_sla_dag.py for tasks to queue
[2023-09-09T14:00:14.790+0000] {logging_mixin.py:151} INFO - [2023-09-09T14:00:14.790+0000] {dagbag.py:539} INFO - Filling up the DagBag from /home/airflow/.local/lib/python3.8/site-packages/airflow/example_dags/example_sla_dag.py
[2023-09-09T14:00:14.796+0000] {processor.py:839} INFO - DAG(s) dict_keys(['example_sla_dag']) retrieved from /home/airflow/.local/lib/python3.8/site-packages/airflow/example_dags/example_sla_dag.py
[2023-09-09T14:00:14.810+0000] {logging_mixin.py:151} INFO - [2023-09-09T14:00:14.810+0000] {dag.py:2907} INFO - Sync 1 DAGs
[2023-09-09T14:00:14.826+0000] {logging_mixin.py:151} INFO - [2023-09-09T14:00:14.826+0000] {dag.py:3677} INFO - Setting next_dagrun for example_sla_dag to 2023-09-09T13:58:00+00:00, run_after=2023-09-09T14:00:00+00:00
[2023-09-09T14:00:14.837+0000] {processor.py:179} INFO - Processing /home/airflow/.local/lib/python3.8/site-packages/airflow/example_dags/example_sla_dag.py took 0.050 seconds
[2023-09-09T14:00:44.944+0000] {processor.py:157} INFO - Started process (PID=596) to work on /home/airflow/.local/lib/python3.8/site-packages/airflow/example_dags/example_sla_dag.py
[2023-09-09T14:00:44.944+0000] {processor.py:829} INFO - Processing file /home/airflow/.local/lib/python3.8/site-packages/airflow/example_dags/example_sla_dag.py for tasks to queue
[2023-09-09T14:00:44.946+0000] {logging_mixin.py:151} INFO - [2023-09-09T14:00:44.946+0000] {dagbag.py:539} INFO - Filling up the DagBag from /home/airflow/.local/lib/python3.8/site-packages/airflow/example_dags/example_sla_dag.py
[2023-09-09T14:00:44.951+0000] {processor.py:839} INFO - DAG(s) dict_keys(['example_sla_dag']) retrieved from /home/airflow/.local/lib/python3.8/site-packages/airflow/example_dags/example_sla_dag.py
[2023-09-09T14:00:45.034+0000] {logging_mixin.py:151} INFO - [2023-09-09T14:00:45.034+0000] {dag.py:2907} INFO - Sync 1 DAGs
[2023-09-09T14:00:45.057+0000] {logging_mixin.py:151} INFO - [2023-09-09T14:00:45.057+0000] {dag.py:3677} INFO - Setting next_dagrun for example_sla_dag to 2023-09-09T13:58:00+00:00, run_after=2023-09-09T14:00:00+00:00
[2023-09-09T14:00:45.070+0000] {processor.py:179} INFO - Processing /home/airflow/.local/lib/python3.8/site-packages/airflow/example_dags/example_sla_dag.py took 0.128 seconds
[2023-09-09T14:01:15.108+0000] {processor.py:157} INFO - Started process (PID=651) to work on /home/airflow/.local/lib/python3.8/site-packages/airflow/example_dags/example_sla_dag.py
[2023-09-09T14:01:15.109+0000] {processor.py:829} INFO - Processing file /home/airflow/.local/lib/python3.8/site-packages/airflow/example_dags/example_sla_dag.py for tasks to queue
[2023-09-09T14:01:15.110+0000] {logging_mixin.py:151} INFO - [2023-09-09T14:01:15.110+0000] {dagbag.py:539} INFO - Filling up the DagBag from /home/airflow/.local/lib/python3.8/site-packages/airflow/example_dags/example_sla_dag.py
[2023-09-09T14:01:15.116+0000] {processor.py:839} INFO - DAG(s) dict_keys(['example_sla_dag']) retrieved from /home/airflow/.local/lib/python3.8/site-packages/airflow/example_dags/example_sla_dag.py
[2023-09-09T14:01:15.130+0000] {logging_mixin.py:151} INFO - [2023-09-09T14:01:15.130+0000] {dag.py:2907} INFO - Sync 1 DAGs
[2023-09-09T14:01:15.146+0000] {logging_mixin.py:151} INFO - [2023-09-09T14:01:15.146+0000] {dag.py:3677} INFO - Setting next_dagrun for example_sla_dag to 2023-09-09T13:58:00+00:00, run_after=2023-09-09T14:00:00+00:00
[2023-09-09T14:01:15.157+0000] {processor.py:179} INFO - Processing /home/airflow/.local/lib/python3.8/site-packages/airflow/example_dags/example_sla_dag.py took 0.051 seconds
[2023-09-09T14:01:45.284+0000] {processor.py:157} INFO - Started process (PID=706) to work on /home/airflow/.local/lib/python3.8/site-packages/airflow/example_dags/example_sla_dag.py
[2023-09-09T14:01:45.285+0000] {processor.py:829} INFO - Processing file /home/airflow/.local/lib/python3.8/site-packages/airflow/example_dags/example_sla_dag.py for tasks to queue
[2023-09-09T14:01:45.286+0000] {logging_mixin.py:151} INFO - [2023-09-09T14:01:45.286+0000] {dagbag.py:539} INFO - Filling up the DagBag from /home/airflow/.local/lib/python3.8/site-packages/airflow/example_dags/example_sla_dag.py
[2023-09-09T14:01:45.291+0000] {processor.py:839} INFO - DAG(s) dict_keys(['example_sla_dag']) retrieved from /home/airflow/.local/lib/python3.8/site-packages/airflow/example_dags/example_sla_dag.py
[2023-09-09T14:01:45.304+0000] {logging_mixin.py:151} INFO - [2023-09-09T14:01:45.304+0000] {dag.py:2907} INFO - Sync 1 DAGs
[2023-09-09T14:01:45.320+0000] {logging_mixin.py:151} INFO - [2023-09-09T14:01:45.320+0000] {dag.py:3677} INFO - Setting next_dagrun for example_sla_dag to 2023-09-09T13:58:00+00:00, run_after=2023-09-09T14:00:00+00:00
[2023-09-09T14:01:45.331+0000] {processor.py:179} INFO - Processing /home/airflow/.local/lib/python3.8/site-packages/airflow/example_dags/example_sla_dag.py took 0.049 seconds
[2023-09-09T14:02:15.438+0000] {processor.py:157} INFO - Started process (PID=761) to work on /home/airflow/.local/lib/python3.8/site-packages/airflow/example_dags/example_sla_dag.py
[2023-09-09T14:02:15.439+0000] {processor.py:829} INFO - Processing file /home/airflow/.local/lib/python3.8/site-packages/airflow/example_dags/example_sla_dag.py for tasks to queue
[2023-09-09T14:02:15.440+0000] {logging_mixin.py:151} INFO - [2023-09-09T14:02:15.440+0000] {dagbag.py:539} INFO - Filling up the DagBag from /home/airflow/.local/lib/python3.8/site-packages/airflow/example_dags/example_sla_dag.py
[2023-09-09T14:02:15.446+0000] {processor.py:839} INFO - DAG(s) dict_keys(['example_sla_dag']) retrieved from /home/airflow/.local/lib/python3.8/site-packages/airflow/example_dags/example_sla_dag.py
[2023-09-09T14:02:15.459+0000] {logging_mixin.py:151} INFO - [2023-09-09T14:02:15.458+0000] {dag.py:2907} INFO - Sync 1 DAGs
[2023-09-09T14:02:15.475+0000] {logging_mixin.py:151} INFO - [2023-09-09T14:02:15.474+0000] {dag.py:3677} INFO - Setting next_dagrun for example_sla_dag to 2023-09-09T14:00:00+00:00, run_after=2023-09-09T14:02:00+00:00
[2023-09-09T14:02:15.486+0000] {processor.py:179} INFO - Processing /home/airflow/.local/lib/python3.8/site-packages/airflow/example_dags/example_sla_dag.py took 0.050 seconds
[2023-09-09T14:02:45.572+0000] {processor.py:157} INFO - Started process (PID=816) to work on /home/airflow/.local/lib/python3.8/site-packages/airflow/example_dags/example_sla_dag.py
[2023-09-09T14:02:45.573+0000] {processor.py:829} INFO - Processing file /home/airflow/.local/lib/python3.8/site-packages/airflow/example_dags/example_sla_dag.py for tasks to queue
[2023-09-09T14:02:45.574+0000] {logging_mixin.py:151} INFO - [2023-09-09T14:02:45.574+0000] {dagbag.py:539} INFO - Filling up the DagBag from /home/airflow/.local/lib/python3.8/site-packages/airflow/example_dags/example_sla_dag.py
[2023-09-09T14:02:45.579+0000] {processor.py:839} INFO - DAG(s) dict_keys(['example_sla_dag']) retrieved from /home/airflow/.local/lib/python3.8/site-packages/airflow/example_dags/example_sla_dag.py
[2023-09-09T14:02:45.592+0000] {logging_mixin.py:151} INFO - [2023-09-09T14:02:45.591+0000] {dag.py:2907} INFO - Sync 1 DAGs
[2023-09-09T14:02:45.607+0000] {logging_mixin.py:151} INFO - [2023-09-09T14:02:45.607+0000] {dag.py:3677} INFO - Setting next_dagrun for example_sla_dag to 2023-09-09T14:00:00+00:00, run_after=2023-09-09T14:02:00+00:00
[2023-09-09T14:02:45.618+0000] {processor.py:179} INFO - Processing /home/airflow/.local/lib/python3.8/site-packages/airflow/example_dags/example_sla_dag.py took 0.047 seconds
[2023-09-09T14:03:15.751+0000] {processor.py:157} INFO - Started process (PID=871) to work on /home/airflow/.local/lib/python3.8/site-packages/airflow/example_dags/example_sla_dag.py
[2023-09-09T14:03:15.752+0000] {processor.py:829} INFO - Processing file /home/airflow/.local/lib/python3.8/site-packages/airflow/example_dags/example_sla_dag.py for tasks to queue
[2023-09-09T14:03:15.753+0000] {logging_mixin.py:151} INFO - [2023-09-09T14:03:15.753+0000] {dagbag.py:539} INFO - Filling up the DagBag from /home/airflow/.local/lib/python3.8/site-packages/airflow/example_dags/example_sla_dag.py
[2023-09-09T14:03:15.759+0000] {processor.py:839} INFO - DAG(s) dict_keys(['example_sla_dag']) retrieved from /home/airflow/.local/lib/python3.8/site-packages/airflow/example_dags/example_sla_dag.py
[2023-09-09T14:03:15.770+0000] {logging_mixin.py:151} INFO - [2023-09-09T14:03:15.770+0000] {dag.py:2907} INFO - Sync 1 DAGs
[2023-09-09T14:03:15.786+0000] {logging_mixin.py:151} INFO - [2023-09-09T14:03:15.785+0000] {dag.py:3677} INFO - Setting next_dagrun for example_sla_dag to 2023-09-09T14:00:00+00:00, run_after=2023-09-09T14:02:00+00:00
[2023-09-09T14:03:15.797+0000] {processor.py:179} INFO - Processing /home/airflow/.local/lib/python3.8/site-packages/airflow/example_dags/example_sla_dag.py took 0.048 seconds
[2023-09-09T14:03:45.974+0000] {processor.py:157} INFO - Started process (PID=926) to work on /home/airflow/.local/lib/python3.8/site-packages/airflow/example_dags/example_sla_dag.py
[2023-09-09T14:03:45.975+0000] {processor.py:829} INFO - Processing file /home/airflow/.local/lib/python3.8/site-packages/airflow/example_dags/example_sla_dag.py for tasks to queue
[2023-09-09T14:03:45.976+0000] {logging_mixin.py:151} INFO - [2023-09-09T14:03:45.976+0000] {dagbag.py:539} INFO - Filling up the DagBag from /home/airflow/.local/lib/python3.8/site-packages/airflow/example_dags/example_sla_dag.py
[2023-09-09T14:03:45.981+0000] {processor.py:839} INFO - DAG(s) dict_keys(['example_sla_dag']) retrieved from /home/airflow/.local/lib/python3.8/site-packages/airflow/example_dags/example_sla_dag.py
[2023-09-09T14:03:45.993+0000] {logging_mixin.py:151} INFO - [2023-09-09T14:03:45.993+0000] {dag.py:2907} INFO - Sync 1 DAGs
[2023-09-09T14:03:46.009+0000] {logging_mixin.py:151} INFO - [2023-09-09T14:03:46.008+0000] {dag.py:3677} INFO - Setting next_dagrun for example_sla_dag to 2023-09-09T14:00:00+00:00, run_after=2023-09-09T14:02:00+00:00
[2023-09-09T14:03:46.020+0000] {processor.py:179} INFO - Processing /home/airflow/.local/lib/python3.8/site-packages/airflow/example_dags/example_sla_dag.py took 0.048 seconds
[2023-09-09T14:04:16.149+0000] {processor.py:157} INFO - Started process (PID=981) to work on /home/airflow/.local/lib/python3.8/site-packages/airflow/example_dags/example_sla_dag.py
[2023-09-09T14:04:16.149+0000] {processor.py:829} INFO - Processing file /home/airflow/.local/lib/python3.8/site-packages/airflow/example_dags/example_sla_dag.py for tasks to queue
[2023-09-09T14:04:16.151+0000] {logging_mixin.py:151} INFO - [2023-09-09T14:04:16.151+0000] {dagbag.py:539} INFO - Filling up the DagBag from /home/airflow/.local/lib/python3.8/site-packages/airflow/example_dags/example_sla_dag.py
[2023-09-09T14:04:16.156+0000] {processor.py:839} INFO - DAG(s) dict_keys(['example_sla_dag']) retrieved from /home/airflow/.local/lib/python3.8/site-packages/airflow/example_dags/example_sla_dag.py
[2023-09-09T14:04:16.170+0000] {logging_mixin.py:151} INFO - [2023-09-09T14:04:16.169+0000] {dag.py:2907} INFO - Sync 1 DAGs
[2023-09-09T14:04:16.186+0000] {logging_mixin.py:151} INFO - [2023-09-09T14:04:16.186+0000] {dag.py:3677} INFO - Setting next_dagrun for example_sla_dag to 2023-09-09T14:02:00+00:00, run_after=2023-09-09T14:04:00+00:00
[2023-09-09T14:04:16.197+0000] {processor.py:179} INFO - Processing /home/airflow/.local/lib/python3.8/site-packages/airflow/example_dags/example_sla_dag.py took 0.050 seconds
[2023-09-09T14:04:46.234+0000] {processor.py:157} INFO - Started process (PID=1036) to work on /home/airflow/.local/lib/python3.8/site-packages/airflow/example_dags/example_sla_dag.py
[2023-09-09T14:04:46.235+0000] {processor.py:829} INFO - Processing file /home/airflow/.local/lib/python3.8/site-packages/airflow/example_dags/example_sla_dag.py for tasks to queue
[2023-09-09T14:04:46.236+0000] {logging_mixin.py:151} INFO - [2023-09-09T14:04:46.236+0000] {dagbag.py:539} INFO - Filling up the DagBag from /home/airflow/.local/lib/python3.8/site-packages/airflow/example_dags/example_sla_dag.py
[2023-09-09T14:04:46.241+0000] {processor.py:839} INFO - DAG(s) dict_keys(['example_sla_dag']) retrieved from /home/airflow/.local/lib/python3.8/site-packages/airflow/example_dags/example_sla_dag.py
[2023-09-09T14:04:46.254+0000] {logging_mixin.py:151} INFO - [2023-09-09T14:04:46.253+0000] {dag.py:2907} INFO - Sync 1 DAGs
[2023-09-09T14:04:46.269+0000] {logging_mixin.py:151} INFO - [2023-09-09T14:04:46.269+0000] {dag.py:3677} INFO - Setting next_dagrun for example_sla_dag to 2023-09-09T14:02:00+00:00, run_after=2023-09-09T14:04:00+00:00
[2023-09-09T14:04:46.280+0000] {processor.py:179} INFO - Processing /home/airflow/.local/lib/python3.8/site-packages/airflow/example_dags/example_sla_dag.py took 0.047 seconds
[2023-09-09T14:05:16.418+0000] {processor.py:157} INFO - Started process (PID=1091) to work on /home/airflow/.local/lib/python3.8/site-packages/airflow/example_dags/example_sla_dag.py
[2023-09-09T14:05:16.418+0000] {processor.py:829} INFO - Processing file /home/airflow/.local/lib/python3.8/site-packages/airflow/example_dags/example_sla_dag.py for tasks to queue
[2023-09-09T14:05:16.420+0000] {logging_mixin.py:151} INFO - [2023-09-09T14:05:16.420+0000] {dagbag.py:539} INFO - Filling up the DagBag from /home/airflow/.local/lib/python3.8/site-packages/airflow/example_dags/example_sla_dag.py
[2023-09-09T14:05:16.427+0000] {processor.py:839} INFO - DAG(s) dict_keys(['example_sla_dag']) retrieved from /home/airflow/.local/lib/python3.8/site-packages/airflow/example_dags/example_sla_dag.py
[2023-09-09T14:05:16.440+0000] {logging_mixin.py:151} INFO - [2023-09-09T14:05:16.440+0000] {dag.py:2907} INFO - Sync 1 DAGs
[2023-09-09T14:05:16.456+0000] {logging_mixin.py:151} INFO - [2023-09-09T14:05:16.456+0000] {dag.py:3677} INFO - Setting next_dagrun for example_sla_dag to 2023-09-09T14:02:00+00:00, run_after=2023-09-09T14:04:00+00:00
[2023-09-09T14:05:16.467+0000] {processor.py:179} INFO - Processing /home/airflow/.local/lib/python3.8/site-packages/airflow/example_dags/example_sla_dag.py took 0.051 seconds
[2023-09-09T14:05:46.603+0000] {processor.py:157} INFO - Started process (PID=1146) to work on /home/airflow/.local/lib/python3.8/site-packages/airflow/example_dags/example_sla_dag.py
[2023-09-09T14:05:46.603+0000] {processor.py:829} INFO - Processing file /home/airflow/.local/lib/python3.8/site-packages/airflow/example_dags/example_sla_dag.py for tasks to queue
[2023-09-09T14:05:46.605+0000] {logging_mixin.py:151} INFO - [2023-09-09T14:05:46.605+0000] {dagbag.py:539} INFO - Filling up the DagBag from /home/airflow/.local/lib/python3.8/site-packages/airflow/example_dags/example_sla_dag.py
[2023-09-09T14:05:46.610+0000] {processor.py:839} INFO - DAG(s) dict_keys(['example_sla_dag']) retrieved from /home/airflow/.local/lib/python3.8/site-packages/airflow/example_dags/example_sla_dag.py
[2023-09-09T14:05:46.624+0000] {logging_mixin.py:151} INFO - [2023-09-09T14:05:46.624+0000] {dag.py:2907} INFO - Sync 1 DAGs
[2023-09-09T14:05:46.640+0000] {logging_mixin.py:151} INFO - [2023-09-09T14:05:46.640+0000] {dag.py:3677} INFO - Setting next_dagrun for example_sla_dag to 2023-09-09T14:02:00+00:00, run_after=2023-09-09T14:04:00+00:00
[2023-09-09T14:05:46.653+0000] {processor.py:179} INFO - Processing /home/airflow/.local/lib/python3.8/site-packages/airflow/example_dags/example_sla_dag.py took 0.052 seconds
[2023-09-09T14:06:16.915+0000] {processor.py:157} INFO - Started process (PID=1201) to work on /home/airflow/.local/lib/python3.8/site-packages/airflow/example_dags/example_sla_dag.py
[2023-09-09T14:06:16.915+0000] {processor.py:829} INFO - Processing file /home/airflow/.local/lib/python3.8/site-packages/airflow/example_dags/example_sla_dag.py for tasks to queue
[2023-09-09T14:06:16.917+0000] {logging_mixin.py:151} INFO - [2023-09-09T14:06:16.916+0000] {dagbag.py:539} INFO - Filling up the DagBag from /home/airflow/.local/lib/python3.8/site-packages/airflow/example_dags/example_sla_dag.py
[2023-09-09T14:06:16.922+0000] {processor.py:839} INFO - DAG(s) dict_keys(['example_sla_dag']) retrieved from /home/airflow/.local/lib/python3.8/site-packages/airflow/example_dags/example_sla_dag.py
[2023-09-09T14:06:16.934+0000] {logging_mixin.py:151} INFO - [2023-09-09T14:06:16.933+0000] {dag.py:2907} INFO - Sync 1 DAGs
[2023-09-09T14:06:16.950+0000] {logging_mixin.py:151} INFO - [2023-09-09T14:06:16.950+0000] {dag.py:3677} INFO - Setting next_dagrun for example_sla_dag to 2023-09-09T14:04:00+00:00, run_after=2023-09-09T14:06:00+00:00
[2023-09-09T14:06:16.961+0000] {processor.py:179} INFO - Processing /home/airflow/.local/lib/python3.8/site-packages/airflow/example_dags/example_sla_dag.py took 0.048 seconds
[2023-09-09T14:06:47.906+0000] {processor.py:157} INFO - Started process (PID=1256) to work on /home/airflow/.local/lib/python3.8/site-packages/airflow/example_dags/example_sla_dag.py
[2023-09-09T14:06:47.906+0000] {processor.py:829} INFO - Processing file /home/airflow/.local/lib/python3.8/site-packages/airflow/example_dags/example_sla_dag.py for tasks to queue
[2023-09-09T14:06:47.908+0000] {logging_mixin.py:151} INFO - [2023-09-09T14:06:47.907+0000] {dagbag.py:539} INFO - Filling up the DagBag from /home/airflow/.local/lib/python3.8/site-packages/airflow/example_dags/example_sla_dag.py
[2023-09-09T14:06:47.913+0000] {processor.py:839} INFO - DAG(s) dict_keys(['example_sla_dag']) retrieved from /home/airflow/.local/lib/python3.8/site-packages/airflow/example_dags/example_sla_dag.py
[2023-09-09T14:06:47.923+0000] {logging_mixin.py:151} INFO - [2023-09-09T14:06:47.923+0000] {dag.py:2907} INFO - Sync 1 DAGs
[2023-09-09T14:06:47.938+0000] {logging_mixin.py:151} INFO - [2023-09-09T14:06:47.938+0000] {dag.py:3677} INFO - Setting next_dagrun for example_sla_dag to 2023-09-09T14:04:00+00:00, run_after=2023-09-09T14:06:00+00:00
[2023-09-09T14:06:47.948+0000] {processor.py:179} INFO - Processing /home/airflow/.local/lib/python3.8/site-packages/airflow/example_dags/example_sla_dag.py took 0.045 seconds
[2023-09-09T14:07:18.006+0000] {processor.py:157} INFO - Started process (PID=1311) to work on /home/airflow/.local/lib/python3.8/site-packages/airflow/example_dags/example_sla_dag.py
[2023-09-09T14:07:18.007+0000] {processor.py:829} INFO - Processing file /home/airflow/.local/lib/python3.8/site-packages/airflow/example_dags/example_sla_dag.py for tasks to queue
[2023-09-09T14:07:18.008+0000] {logging_mixin.py:151} INFO - [2023-09-09T14:07:18.008+0000] {dagbag.py:539} INFO - Filling up the DagBag from /home/airflow/.local/lib/python3.8/site-packages/airflow/example_dags/example_sla_dag.py
[2023-09-09T14:07:18.014+0000] {processor.py:839} INFO - DAG(s) dict_keys(['example_sla_dag']) retrieved from /home/airflow/.local/lib/python3.8/site-packages/airflow/example_dags/example_sla_dag.py
[2023-09-09T14:07:18.026+0000] {logging_mixin.py:151} INFO - [2023-09-09T14:07:18.026+0000] {dag.py:2907} INFO - Sync 1 DAGs
[2023-09-09T14:07:18.042+0000] {logging_mixin.py:151} INFO - [2023-09-09T14:07:18.042+0000] {dag.py:3677} INFO - Setting next_dagrun for example_sla_dag to 2023-09-09T14:04:00+00:00, run_after=2023-09-09T14:06:00+00:00
[2023-09-09T14:07:18.052+0000] {processor.py:179} INFO - Processing /home/airflow/.local/lib/python3.8/site-packages/airflow/example_dags/example_sla_dag.py took 0.048 seconds
[2023-09-09T14:07:48.140+0000] {processor.py:157} INFO - Started process (PID=1366) to work on /home/airflow/.local/lib/python3.8/site-packages/airflow/example_dags/example_sla_dag.py
[2023-09-09T14:07:48.140+0000] {processor.py:829} INFO - Processing file /home/airflow/.local/lib/python3.8/site-packages/airflow/example_dags/example_sla_dag.py for tasks to queue
[2023-09-09T14:07:48.142+0000] {logging_mixin.py:151} INFO - [2023-09-09T14:07:48.142+0000] {dagbag.py:539} INFO - Filling up the DagBag from /home/airflow/.local/lib/python3.8/site-packages/airflow/example_dags/example_sla_dag.py
[2023-09-09T14:07:48.147+0000] {processor.py:839} INFO - DAG(s) dict_keys(['example_sla_dag']) retrieved from /home/airflow/.local/lib/python3.8/site-packages/airflow/example_dags/example_sla_dag.py
[2023-09-09T14:07:48.158+0000] {logging_mixin.py:151} INFO - [2023-09-09T14:07:48.158+0000] {dag.py:2907} INFO - Sync 1 DAGs
[2023-09-09T14:07:48.172+0000] {logging_mixin.py:151} INFO - [2023-09-09T14:07:48.172+0000] {dag.py:3677} INFO - Setting next_dagrun for example_sla_dag to 2023-09-09T14:04:00+00:00, run_after=2023-09-09T14:06:00+00:00
[2023-09-09T14:07:48.183+0000] {processor.py:179} INFO - Processing /home/airflow/.local/lib/python3.8/site-packages/airflow/example_dags/example_sla_dag.py took 0.045 seconds
[2023-09-09T14:08:19.182+0000] {processor.py:157} INFO - Started process (PID=1421) to work on /home/airflow/.local/lib/python3.8/site-packages/airflow/example_dags/example_sla_dag.py
[2023-09-09T14:08:19.183+0000] {processor.py:829} INFO - Processing file /home/airflow/.local/lib/python3.8/site-packages/airflow/example_dags/example_sla_dag.py for tasks to queue
[2023-09-09T14:08:19.185+0000] {logging_mixin.py:151} INFO - [2023-09-09T14:08:19.184+0000] {dagbag.py:539} INFO - Filling up the DagBag from /home/airflow/.local/lib/python3.8/site-packages/airflow/example_dags/example_sla_dag.py
[2023-09-09T14:08:19.190+0000] {processor.py:839} INFO - DAG(s) dict_keys(['example_sla_dag']) retrieved from /home/airflow/.local/lib/python3.8/site-packages/airflow/example_dags/example_sla_dag.py
[2023-09-09T14:08:19.204+0000] {logging_mixin.py:151} INFO - [2023-09-09T14:08:19.204+0000] {dag.py:2907} INFO - Sync 1 DAGs
[2023-09-09T14:08:19.221+0000] {logging_mixin.py:151} INFO - [2023-09-09T14:08:19.221+0000] {dag.py:3677} INFO - Setting next_dagrun for example_sla_dag to 2023-09-09T14:06:00+00:00, run_after=2023-09-09T14:08:00+00:00
[2023-09-09T14:08:19.233+0000] {processor.py:179} INFO - Processing /home/airflow/.local/lib/python3.8/site-packages/airflow/example_dags/example_sla_dag.py took 0.053 seconds
[2023-09-09T14:08:49.983+0000] {processor.py:157} INFO - Started process (PID=1476) to work on /home/airflow/.local/lib/python3.8/site-packages/airflow/example_dags/example_sla_dag.py
[2023-09-09T14:08:49.984+0000] {processor.py:829} INFO - Processing file /home/airflow/.local/lib/python3.8/site-packages/airflow/example_dags/example_sla_dag.py for tasks to queue
[2023-09-09T14:08:49.985+0000] {logging_mixin.py:151} INFO - [2023-09-09T14:08:49.985+0000] {dagbag.py:539} INFO - Filling up the DagBag from /home/airflow/.local/lib/python3.8/site-packages/airflow/example_dags/example_sla_dag.py
[2023-09-09T14:08:49.990+0000] {processor.py:839} INFO - DAG(s) dict_keys(['example_sla_dag']) retrieved from /home/airflow/.local/lib/python3.8/site-packages/airflow/example_dags/example_sla_dag.py
[2023-09-09T14:08:50.004+0000] {logging_mixin.py:151} INFO - [2023-09-09T14:08:50.004+0000] {dag.py:2907} INFO - Sync 1 DAGs
[2023-09-09T14:08:50.019+0000] {logging_mixin.py:151} INFO - [2023-09-09T14:08:50.019+0000] {dag.py:3677} INFO - Setting next_dagrun for example_sla_dag to 2023-09-09T14:06:00+00:00, run_after=2023-09-09T14:08:00+00:00
[2023-09-09T14:08:50.030+0000] {processor.py:179} INFO - Processing /home/airflow/.local/lib/python3.8/site-packages/airflow/example_dags/example_sla_dag.py took 0.049 seconds
[2023-09-09T14:09:20.163+0000] {processor.py:157} INFO - Started process (PID=1533) to work on /home/airflow/.local/lib/python3.8/site-packages/airflow/example_dags/example_sla_dag.py
[2023-09-09T14:09:20.164+0000] {processor.py:829} INFO - Processing file /home/airflow/.local/lib/python3.8/site-packages/airflow/example_dags/example_sla_dag.py for tasks to queue
[2023-09-09T14:09:20.165+0000] {logging_mixin.py:151} INFO - [2023-09-09T14:09:20.165+0000] {dagbag.py:539} INFO - Filling up the DagBag from /home/airflow/.local/lib/python3.8/site-packages/airflow/example_dags/example_sla_dag.py
[2023-09-09T14:09:20.171+0000] {processor.py:839} INFO - DAG(s) dict_keys(['example_sla_dag']) retrieved from /home/airflow/.local/lib/python3.8/site-packages/airflow/example_dags/example_sla_dag.py
[2023-09-09T14:09:20.183+0000] {logging_mixin.py:151} INFO - [2023-09-09T14:09:20.183+0000] {dag.py:2907} INFO - Sync 1 DAGs
[2023-09-09T14:09:20.199+0000] {logging_mixin.py:151} INFO - [2023-09-09T14:09:20.199+0000] {dag.py:3677} INFO - Setting next_dagrun for example_sla_dag to 2023-09-09T14:06:00+00:00, run_after=2023-09-09T14:08:00+00:00
[2023-09-09T14:09:20.210+0000] {processor.py:179} INFO - Processing /home/airflow/.local/lib/python3.8/site-packages/airflow/example_dags/example_sla_dag.py took 0.048 seconds
[2023-09-09T14:09:50.274+0000] {processor.py:157} INFO - Started process (PID=1590) to work on /home/airflow/.local/lib/python3.8/site-packages/airflow/example_dags/example_sla_dag.py
[2023-09-09T14:09:50.274+0000] {processor.py:829} INFO - Processing file /home/airflow/.local/lib/python3.8/site-packages/airflow/example_dags/example_sla_dag.py for tasks to queue
[2023-09-09T14:09:50.275+0000] {logging_mixin.py:151} INFO - [2023-09-09T14:09:50.275+0000] {dagbag.py:539} INFO - Filling up the DagBag from /home/airflow/.local/lib/python3.8/site-packages/airflow/example_dags/example_sla_dag.py
[2023-09-09T14:09:50.280+0000] {processor.py:839} INFO - DAG(s) dict_keys(['example_sla_dag']) retrieved from /home/airflow/.local/lib/python3.8/site-packages/airflow/example_dags/example_sla_dag.py
[2023-09-09T14:09:50.292+0000] {logging_mixin.py:151} INFO - [2023-09-09T14:09:50.292+0000] {dag.py:2907} INFO - Sync 1 DAGs
[2023-09-09T14:09:50.308+0000] {logging_mixin.py:151} INFO - [2023-09-09T14:09:50.308+0000] {dag.py:3677} INFO - Setting next_dagrun for example_sla_dag to 2023-09-09T14:06:00+00:00, run_after=2023-09-09T14:08:00+00:00
[2023-09-09T14:09:50.319+0000] {processor.py:179} INFO - Processing /home/airflow/.local/lib/python3.8/site-packages/airflow/example_dags/example_sla_dag.py took 0.048 seconds
[2023-09-09T14:10:20.491+0000] {processor.py:157} INFO - Started process (PID=1650) to work on /home/airflow/.local/lib/python3.8/site-packages/airflow/example_dags/example_sla_dag.py
[2023-09-09T14:10:20.492+0000] {processor.py:829} INFO - Processing file /home/airflow/.local/lib/python3.8/site-packages/airflow/example_dags/example_sla_dag.py for tasks to queue
[2023-09-09T14:10:20.494+0000] {logging_mixin.py:151} INFO - [2023-09-09T14:10:20.494+0000] {dagbag.py:539} INFO - Filling up the DagBag from /home/airflow/.local/lib/python3.8/site-packages/airflow/example_dags/example_sla_dag.py
[2023-09-09T14:10:20.499+0000] {processor.py:839} INFO - DAG(s) dict_keys(['example_sla_dag']) retrieved from /home/airflow/.local/lib/python3.8/site-packages/airflow/example_dags/example_sla_dag.py
[2023-09-09T14:10:20.514+0000] {logging_mixin.py:151} INFO - [2023-09-09T14:10:20.514+0000] {dag.py:2907} INFO - Sync 1 DAGs
[2023-09-09T14:10:20.531+0000] {logging_mixin.py:151} INFO - [2023-09-09T14:10:20.530+0000] {dag.py:3677} INFO - Setting next_dagrun for example_sla_dag to 2023-09-09T14:08:00+00:00, run_after=2023-09-09T14:10:00+00:00
[2023-09-09T14:10:20.541+0000] {processor.py:179} INFO - Processing /home/airflow/.local/lib/python3.8/site-packages/airflow/example_dags/example_sla_dag.py took 0.051 seconds
[2023-09-09T14:10:50.598+0000] {processor.py:157} INFO - Started process (PID=1712) to work on /home/airflow/.local/lib/python3.8/site-packages/airflow/example_dags/example_sla_dag.py
[2023-09-09T14:10:50.599+0000] {processor.py:829} INFO - Processing file /home/airflow/.local/lib/python3.8/site-packages/airflow/example_dags/example_sla_dag.py for tasks to queue
[2023-09-09T14:10:50.600+0000] {logging_mixin.py:151} INFO - [2023-09-09T14:10:50.600+0000] {dagbag.py:539} INFO - Filling up the DagBag from /home/airflow/.local/lib/python3.8/site-packages/airflow/example_dags/example_sla_dag.py
[2023-09-09T14:10:50.606+0000] {processor.py:839} INFO - DAG(s) dict_keys(['example_sla_dag']) retrieved from /home/airflow/.local/lib/python3.8/site-packages/airflow/example_dags/example_sla_dag.py
[2023-09-09T14:10:50.619+0000] {logging_mixin.py:151} INFO - [2023-09-09T14:10:50.618+0000] {dag.py:2907} INFO - Sync 1 DAGs
[2023-09-09T14:10:50.635+0000] {logging_mixin.py:151} INFO - [2023-09-09T14:10:50.635+0000] {dag.py:3677} INFO - Setting next_dagrun for example_sla_dag to 2023-09-09T14:08:00+00:00, run_after=2023-09-09T14:10:00+00:00
[2023-09-09T14:10:50.648+0000] {processor.py:179} INFO - Processing /home/airflow/.local/lib/python3.8/site-packages/airflow/example_dags/example_sla_dag.py took 0.052 seconds
[2023-09-09T14:11:20.936+0000] {processor.py:157} INFO - Started process (PID=1767) to work on /home/airflow/.local/lib/python3.8/site-packages/airflow/example_dags/example_sla_dag.py
[2023-09-09T14:11:20.937+0000] {processor.py:829} INFO - Processing file /home/airflow/.local/lib/python3.8/site-packages/airflow/example_dags/example_sla_dag.py for tasks to queue
[2023-09-09T14:11:20.938+0000] {logging_mixin.py:151} INFO - [2023-09-09T14:11:20.938+0000] {dagbag.py:539} INFO - Filling up the DagBag from /home/airflow/.local/lib/python3.8/site-packages/airflow/example_dags/example_sla_dag.py
[2023-09-09T14:11:20.944+0000] {processor.py:839} INFO - DAG(s) dict_keys(['example_sla_dag']) retrieved from /home/airflow/.local/lib/python3.8/site-packages/airflow/example_dags/example_sla_dag.py
[2023-09-09T14:11:20.957+0000] {logging_mixin.py:151} INFO - [2023-09-09T14:11:20.957+0000] {dag.py:2907} INFO - Sync 1 DAGs
[2023-09-09T14:11:20.973+0000] {logging_mixin.py:151} INFO - [2023-09-09T14:11:20.973+0000] {dag.py:3677} INFO - Setting next_dagrun for example_sla_dag to 2023-09-09T14:08:00+00:00, run_after=2023-09-09T14:10:00+00:00
[2023-09-09T14:11:20.983+0000] {processor.py:179} INFO - Processing /home/airflow/.local/lib/python3.8/site-packages/airflow/example_dags/example_sla_dag.py took 0.048 seconds
[2023-09-09T14:11:51.043+0000] {processor.py:157} INFO - Started process (PID=1822) to work on /home/airflow/.local/lib/python3.8/site-packages/airflow/example_dags/example_sla_dag.py
[2023-09-09T14:11:51.044+0000] {processor.py:829} INFO - Processing file /home/airflow/.local/lib/python3.8/site-packages/airflow/example_dags/example_sla_dag.py for tasks to queue
[2023-09-09T14:11:51.045+0000] {logging_mixin.py:151} INFO - [2023-09-09T14:11:51.045+0000] {dagbag.py:539} INFO - Filling up the DagBag from /home/airflow/.local/lib/python3.8/site-packages/airflow/example_dags/example_sla_dag.py
[2023-09-09T14:11:51.051+0000] {processor.py:839} INFO - DAG(s) dict_keys(['example_sla_dag']) retrieved from /home/airflow/.local/lib/python3.8/site-packages/airflow/example_dags/example_sla_dag.py
[2023-09-09T14:11:51.064+0000] {logging_mixin.py:151} INFO - [2023-09-09T14:11:51.064+0000] {dag.py:2907} INFO - Sync 1 DAGs
[2023-09-09T14:11:51.081+0000] {logging_mixin.py:151} INFO - [2023-09-09T14:11:51.081+0000] {dag.py:3677} INFO - Setting next_dagrun for example_sla_dag to 2023-09-09T14:08:00+00:00, run_after=2023-09-09T14:10:00+00:00
[2023-09-09T14:11:51.092+0000] {processor.py:179} INFO - Processing /home/airflow/.local/lib/python3.8/site-packages/airflow/example_dags/example_sla_dag.py took 0.052 seconds
[2023-09-09T14:12:21.261+0000] {processor.py:157} INFO - Started process (PID=1878) to work on /home/airflow/.local/lib/python3.8/site-packages/airflow/example_dags/example_sla_dag.py
[2023-09-09T14:12:21.262+0000] {processor.py:829} INFO - Processing file /home/airflow/.local/lib/python3.8/site-packages/airflow/example_dags/example_sla_dag.py for tasks to queue
[2023-09-09T14:12:21.264+0000] {logging_mixin.py:151} INFO - [2023-09-09T14:12:21.264+0000] {dagbag.py:539} INFO - Filling up the DagBag from /home/airflow/.local/lib/python3.8/site-packages/airflow/example_dags/example_sla_dag.py
[2023-09-09T14:12:21.269+0000] {processor.py:839} INFO - DAG(s) dict_keys(['example_sla_dag']) retrieved from /home/airflow/.local/lib/python3.8/site-packages/airflow/example_dags/example_sla_dag.py
[2023-09-09T14:12:21.282+0000] {logging_mixin.py:151} INFO - [2023-09-09T14:12:21.281+0000] {dag.py:2907} INFO - Sync 1 DAGs
[2023-09-09T14:12:21.298+0000] {logging_mixin.py:151} INFO - [2023-09-09T14:12:21.298+0000] {dag.py:3677} INFO - Setting next_dagrun for example_sla_dag to 2023-09-09T14:10:00+00:00, run_after=2023-09-09T14:12:00+00:00
[2023-09-09T14:12:21.310+0000] {processor.py:179} INFO - Processing /home/airflow/.local/lib/python3.8/site-packages/airflow/example_dags/example_sla_dag.py took 0.051 seconds
[2023-09-09T14:12:51.499+0000] {processor.py:157} INFO - Started process (PID=1935) to work on /home/airflow/.local/lib/python3.8/site-packages/airflow/example_dags/example_sla_dag.py
[2023-09-09T14:12:51.500+0000] {processor.py:829} INFO - Processing file /home/airflow/.local/lib/python3.8/site-packages/airflow/example_dags/example_sla_dag.py for tasks to queue
[2023-09-09T14:12:51.501+0000] {logging_mixin.py:151} INFO - [2023-09-09T14:12:51.501+0000] {dagbag.py:539} INFO - Filling up the DagBag from /home/airflow/.local/lib/python3.8/site-packages/airflow/example_dags/example_sla_dag.py
[2023-09-09T14:12:51.506+0000] {processor.py:839} INFO - DAG(s) dict_keys(['example_sla_dag']) retrieved from /home/airflow/.local/lib/python3.8/site-packages/airflow/example_dags/example_sla_dag.py
[2023-09-09T14:12:51.518+0000] {logging_mixin.py:151} INFO - [2023-09-09T14:12:51.518+0000] {dag.py:2907} INFO - Sync 1 DAGs
[2023-09-09T14:12:51.533+0000] {logging_mixin.py:151} INFO - [2023-09-09T14:12:51.533+0000] {dag.py:3677} INFO - Setting next_dagrun for example_sla_dag to 2023-09-09T14:10:00+00:00, run_after=2023-09-09T14:12:00+00:00
[2023-09-09T14:12:51.544+0000] {processor.py:179} INFO - Processing /home/airflow/.local/lib/python3.8/site-packages/airflow/example_dags/example_sla_dag.py took 0.047 seconds
[2023-09-09T14:13:21.668+0000] {processor.py:157} INFO - Started process (PID=1990) to work on /home/airflow/.local/lib/python3.8/site-packages/airflow/example_dags/example_sla_dag.py
[2023-09-09T14:13:21.669+0000] {processor.py:829} INFO - Processing file /home/airflow/.local/lib/python3.8/site-packages/airflow/example_dags/example_sla_dag.py for tasks to queue
[2023-09-09T14:13:21.671+0000] {logging_mixin.py:151} INFO - [2023-09-09T14:13:21.671+0000] {dagbag.py:539} INFO - Filling up the DagBag from /home/airflow/.local/lib/python3.8/site-packages/airflow/example_dags/example_sla_dag.py
[2023-09-09T14:13:21.676+0000] {processor.py:839} INFO - DAG(s) dict_keys(['example_sla_dag']) retrieved from /home/airflow/.local/lib/python3.8/site-packages/airflow/example_dags/example_sla_dag.py
[2023-09-09T14:13:21.688+0000] {logging_mixin.py:151} INFO - [2023-09-09T14:13:21.688+0000] {dag.py:2907} INFO - Sync 1 DAGs
[2023-09-09T14:13:21.704+0000] {logging_mixin.py:151} INFO - [2023-09-09T14:13:21.704+0000] {dag.py:3677} INFO - Setting next_dagrun for example_sla_dag to 2023-09-09T14:10:00+00:00, run_after=2023-09-09T14:12:00+00:00
[2023-09-09T14:13:21.715+0000] {processor.py:179} INFO - Processing /home/airflow/.local/lib/python3.8/site-packages/airflow/example_dags/example_sla_dag.py took 0.048 seconds
[2023-09-09T14:13:51.840+0000] {processor.py:157} INFO - Started process (PID=2046) to work on /home/airflow/.local/lib/python3.8/site-packages/airflow/example_dags/example_sla_dag.py
[2023-09-09T14:13:51.841+0000] {processor.py:829} INFO - Processing file /home/airflow/.local/lib/python3.8/site-packages/airflow/example_dags/example_sla_dag.py for tasks to queue
[2023-09-09T14:13:51.842+0000] {logging_mixin.py:151} INFO - [2023-09-09T14:13:51.842+0000] {dagbag.py:539} INFO - Filling up the DagBag from /home/airflow/.local/lib/python3.8/site-packages/airflow/example_dags/example_sla_dag.py
[2023-09-09T14:13:51.849+0000] {processor.py:839} INFO - DAG(s) dict_keys(['example_sla_dag']) retrieved from /home/airflow/.local/lib/python3.8/site-packages/airflow/example_dags/example_sla_dag.py
[2023-09-09T14:13:51.862+0000] {logging_mixin.py:151} INFO - [2023-09-09T14:13:51.862+0000] {dag.py:2907} INFO - Sync 1 DAGs
[2023-09-09T14:13:51.880+0000] {logging_mixin.py:151} INFO - [2023-09-09T14:13:51.880+0000] {dag.py:3677} INFO - Setting next_dagrun for example_sla_dag to 2023-09-09T14:10:00+00:00, run_after=2023-09-09T14:12:00+00:00
[2023-09-09T14:13:51.892+0000] {processor.py:179} INFO - Processing /home/airflow/.local/lib/python3.8/site-packages/airflow/example_dags/example_sla_dag.py took 0.054 seconds
[2023-09-09T14:14:22.058+0000] {processor.py:157} INFO - Started process (PID=2102) to work on /home/airflow/.local/lib/python3.8/site-packages/airflow/example_dags/example_sla_dag.py
[2023-09-09T14:14:22.058+0000] {processor.py:829} INFO - Processing file /home/airflow/.local/lib/python3.8/site-packages/airflow/example_dags/example_sla_dag.py for tasks to queue
[2023-09-09T14:14:22.060+0000] {logging_mixin.py:151} INFO - [2023-09-09T14:14:22.060+0000] {dagbag.py:539} INFO - Filling up the DagBag from /home/airflow/.local/lib/python3.8/site-packages/airflow/example_dags/example_sla_dag.py
[2023-09-09T14:14:22.065+0000] {processor.py:839} INFO - DAG(s) dict_keys(['example_sla_dag']) retrieved from /home/airflow/.local/lib/python3.8/site-packages/airflow/example_dags/example_sla_dag.py
[2023-09-09T14:14:22.079+0000] {logging_mixin.py:151} INFO - [2023-09-09T14:14:22.079+0000] {dag.py:2907} INFO - Sync 1 DAGs
[2023-09-09T14:14:22.095+0000] {logging_mixin.py:151} INFO - [2023-09-09T14:14:22.095+0000] {dag.py:3677} INFO - Setting next_dagrun for example_sla_dag to 2023-09-09T14:12:00+00:00, run_after=2023-09-09T14:14:00+00:00
[2023-09-09T14:14:22.106+0000] {processor.py:179} INFO - Processing /home/airflow/.local/lib/python3.8/site-packages/airflow/example_dags/example_sla_dag.py took 0.051 seconds
[2023-09-09T14:14:52.167+0000] {processor.py:157} INFO - Started process (PID=2157) to work on /home/airflow/.local/lib/python3.8/site-packages/airflow/example_dags/example_sla_dag.py
[2023-09-09T14:14:52.168+0000] {processor.py:829} INFO - Processing file /home/airflow/.local/lib/python3.8/site-packages/airflow/example_dags/example_sla_dag.py for tasks to queue
[2023-09-09T14:14:52.169+0000] {logging_mixin.py:151} INFO - [2023-09-09T14:14:52.169+0000] {dagbag.py:539} INFO - Filling up the DagBag from /home/airflow/.local/lib/python3.8/site-packages/airflow/example_dags/example_sla_dag.py
[2023-09-09T14:14:52.175+0000] {processor.py:839} INFO - DAG(s) dict_keys(['example_sla_dag']) retrieved from /home/airflow/.local/lib/python3.8/site-packages/airflow/example_dags/example_sla_dag.py
[2023-09-09T14:14:52.190+0000] {logging_mixin.py:151} INFO - [2023-09-09T14:14:52.190+0000] {dag.py:2907} INFO - Sync 1 DAGs
[2023-09-09T14:14:52.209+0000] {logging_mixin.py:151} INFO - [2023-09-09T14:14:52.209+0000] {dag.py:3677} INFO - Setting next_dagrun for example_sla_dag to 2023-09-09T14:12:00+00:00, run_after=2023-09-09T14:14:00+00:00
[2023-09-09T14:14:52.222+0000] {processor.py:179} INFO - Processing /home/airflow/.local/lib/python3.8/site-packages/airflow/example_dags/example_sla_dag.py took 0.057 seconds
[2023-09-09T14:15:22.500+0000] {processor.py:157} INFO - Started process (PID=2213) to work on /home/airflow/.local/lib/python3.8/site-packages/airflow/example_dags/example_sla_dag.py
[2023-09-09T14:15:22.500+0000] {processor.py:829} INFO - Processing file /home/airflow/.local/lib/python3.8/site-packages/airflow/example_dags/example_sla_dag.py for tasks to queue
[2023-09-09T14:15:22.502+0000] {logging_mixin.py:151} INFO - [2023-09-09T14:15:22.502+0000] {dagbag.py:539} INFO - Filling up the DagBag from /home/airflow/.local/lib/python3.8/site-packages/airflow/example_dags/example_sla_dag.py
[2023-09-09T14:15:22.508+0000] {processor.py:839} INFO - DAG(s) dict_keys(['example_sla_dag']) retrieved from /home/airflow/.local/lib/python3.8/site-packages/airflow/example_dags/example_sla_dag.py
[2023-09-09T14:15:22.522+0000] {logging_mixin.py:151} INFO - [2023-09-09T14:15:22.522+0000] {dag.py:2907} INFO - Sync 1 DAGs
[2023-09-09T14:15:22.540+0000] {logging_mixin.py:151} INFO - [2023-09-09T14:15:22.540+0000] {dag.py:3677} INFO - Setting next_dagrun for example_sla_dag to 2023-09-09T14:12:00+00:00, run_after=2023-09-09T14:14:00+00:00
[2023-09-09T14:15:22.553+0000] {processor.py:179} INFO - Processing /home/airflow/.local/lib/python3.8/site-packages/airflow/example_dags/example_sla_dag.py took 0.055 seconds
[2023-09-09T14:15:52.652+0000] {processor.py:157} INFO - Started process (PID=2268) to work on /home/airflow/.local/lib/python3.8/site-packages/airflow/example_dags/example_sla_dag.py
[2023-09-09T14:15:52.653+0000] {processor.py:829} INFO - Processing file /home/airflow/.local/lib/python3.8/site-packages/airflow/example_dags/example_sla_dag.py for tasks to queue
[2023-09-09T14:15:52.655+0000] {logging_mixin.py:151} INFO - [2023-09-09T14:15:52.654+0000] {dagbag.py:539} INFO - Filling up the DagBag from /home/airflow/.local/lib/python3.8/site-packages/airflow/example_dags/example_sla_dag.py
[2023-09-09T14:15:52.660+0000] {processor.py:839} INFO - DAG(s) dict_keys(['example_sla_dag']) retrieved from /home/airflow/.local/lib/python3.8/site-packages/airflow/example_dags/example_sla_dag.py
[2023-09-09T14:15:52.673+0000] {logging_mixin.py:151} INFO - [2023-09-09T14:15:52.673+0000] {dag.py:2907} INFO - Sync 1 DAGs
[2023-09-09T14:15:52.689+0000] {logging_mixin.py:151} INFO - [2023-09-09T14:15:52.689+0000] {dag.py:3677} INFO - Setting next_dagrun for example_sla_dag to 2023-09-09T14:12:00+00:00, run_after=2023-09-09T14:14:00+00:00
[2023-09-09T14:15:52.701+0000] {processor.py:179} INFO - Processing /home/airflow/.local/lib/python3.8/site-packages/airflow/example_dags/example_sla_dag.py took 0.051 seconds
[2023-09-09T14:16:22.847+0000] {processor.py:157} INFO - Started process (PID=2323) to work on /home/airflow/.local/lib/python3.8/site-packages/airflow/example_dags/example_sla_dag.py
[2023-09-09T14:16:22.847+0000] {processor.py:829} INFO - Processing file /home/airflow/.local/lib/python3.8/site-packages/airflow/example_dags/example_sla_dag.py for tasks to queue
[2023-09-09T14:16:22.849+0000] {logging_mixin.py:151} INFO - [2023-09-09T14:16:22.849+0000] {dagbag.py:539} INFO - Filling up the DagBag from /home/airflow/.local/lib/python3.8/site-packages/airflow/example_dags/example_sla_dag.py
[2023-09-09T14:16:22.854+0000] {processor.py:839} INFO - DAG(s) dict_keys(['example_sla_dag']) retrieved from /home/airflow/.local/lib/python3.8/site-packages/airflow/example_dags/example_sla_dag.py
[2023-09-09T14:16:22.867+0000] {logging_mixin.py:151} INFO - [2023-09-09T14:16:22.867+0000] {dag.py:2907} INFO - Sync 1 DAGs
[2023-09-09T14:16:22.882+0000] {logging_mixin.py:151} INFO - [2023-09-09T14:16:22.882+0000] {dag.py:3677} INFO - Setting next_dagrun for example_sla_dag to 2023-09-09T14:14:00+00:00, run_after=2023-09-09T14:16:00+00:00
[2023-09-09T14:16:22.894+0000] {processor.py:179} INFO - Processing /home/airflow/.local/lib/python3.8/site-packages/airflow/example_dags/example_sla_dag.py took 0.049 seconds
[2023-09-09T14:16:53.161+0000] {processor.py:157} INFO - Started process (PID=2378) to work on /home/airflow/.local/lib/python3.8/site-packages/airflow/example_dags/example_sla_dag.py
[2023-09-09T14:16:53.161+0000] {processor.py:829} INFO - Processing file /home/airflow/.local/lib/python3.8/site-packages/airflow/example_dags/example_sla_dag.py for tasks to queue
[2023-09-09T14:16:53.163+0000] {logging_mixin.py:151} INFO - [2023-09-09T14:16:53.163+0000] {dagbag.py:539} INFO - Filling up the DagBag from /home/airflow/.local/lib/python3.8/site-packages/airflow/example_dags/example_sla_dag.py
[2023-09-09T14:16:53.168+0000] {processor.py:839} INFO - DAG(s) dict_keys(['example_sla_dag']) retrieved from /home/airflow/.local/lib/python3.8/site-packages/airflow/example_dags/example_sla_dag.py
[2023-09-09T14:16:53.180+0000] {logging_mixin.py:151} INFO - [2023-09-09T14:16:53.180+0000] {dag.py:2907} INFO - Sync 1 DAGs
[2023-09-09T14:16:53.196+0000] {logging_mixin.py:151} INFO - [2023-09-09T14:16:53.196+0000] {dag.py:3677} INFO - Setting next_dagrun for example_sla_dag to 2023-09-09T14:14:00+00:00, run_after=2023-09-09T14:16:00+00:00
[2023-09-09T14:16:53.207+0000] {processor.py:179} INFO - Processing /home/airflow/.local/lib/python3.8/site-packages/airflow/example_dags/example_sla_dag.py took 0.048 seconds
