[2023-09-09T13:55:43.117+0000] {processor.py:157} INFO - Started process (PID=59) to work on /home/airflow/.local/lib/python3.8/site-packages/airflow/example_dags/tutorial_taskflow_api_virtualenv.py
[2023-09-09T13:55:43.117+0000] {processor.py:829} INFO - Processing file /home/airflow/.local/lib/python3.8/site-packages/airflow/example_dags/tutorial_taskflow_api_virtualenv.py for tasks to queue
[2023-09-09T13:55:43.119+0000] {logging_mixin.py:151} INFO - [2023-09-09T13:55:43.119+0000] {dagbag.py:539} INFO - Filling up the DagBag from /home/airflow/.local/lib/python3.8/site-packages/airflow/example_dags/tutorial_taskflow_api_virtualenv.py
[2023-09-09T13:55:43.124+0000] {processor.py:839} INFO - DAG(s) dict_keys(['tutorial_taskflow_api_virtualenv']) retrieved from /home/airflow/.local/lib/python3.8/site-packages/airflow/example_dags/tutorial_taskflow_api_virtualenv.py
[2023-09-09T13:55:43.141+0000] {logging_mixin.py:151} INFO - [2023-09-09T13:55:43.141+0000] {dag.py:2907} INFO - Sync 1 DAGs
[2023-09-09T13:55:43.154+0000] {logging_mixin.py:151} INFO - [2023-09-09T13:55:43.154+0000] {dag.py:3677} INFO - Setting next_dagrun for tutorial_taskflow_api_virtualenv to None, run_after=None
[2023-09-09T13:55:43.310+0000] {processor.py:179} INFO - Processing /home/airflow/.local/lib/python3.8/site-packages/airflow/example_dags/tutorial_taskflow_api_virtualenv.py took 0.196 seconds
[2023-09-09T13:56:13.847+0000] {processor.py:157} INFO - Started process (PID=114) to work on /home/airflow/.local/lib/python3.8/site-packages/airflow/example_dags/tutorial_taskflow_api_virtualenv.py
[2023-09-09T13:56:13.848+0000] {processor.py:829} INFO - Processing file /home/airflow/.local/lib/python3.8/site-packages/airflow/example_dags/tutorial_taskflow_api_virtualenv.py for tasks to queue
[2023-09-09T13:56:13.849+0000] {logging_mixin.py:151} INFO - [2023-09-09T13:56:13.849+0000] {dagbag.py:539} INFO - Filling up the DagBag from /home/airflow/.local/lib/python3.8/site-packages/airflow/example_dags/tutorial_taskflow_api_virtualenv.py
[2023-09-09T13:56:13.854+0000] {processor.py:839} INFO - DAG(s) dict_keys(['tutorial_taskflow_api_virtualenv']) retrieved from /home/airflow/.local/lib/python3.8/site-packages/airflow/example_dags/tutorial_taskflow_api_virtualenv.py
[2023-09-09T13:56:13.866+0000] {logging_mixin.py:151} INFO - [2023-09-09T13:56:13.866+0000] {dag.py:2907} INFO - Sync 1 DAGs
[2023-09-09T13:56:13.874+0000] {logging_mixin.py:151} INFO - [2023-09-09T13:56:13.874+0000] {dag.py:3677} INFO - Setting next_dagrun for tutorial_taskflow_api_virtualenv to None, run_after=None
[2023-09-09T13:56:13.886+0000] {processor.py:179} INFO - Processing /home/airflow/.local/lib/python3.8/site-packages/airflow/example_dags/tutorial_taskflow_api_virtualenv.py took 0.041 seconds
[2023-09-09T13:56:43.993+0000] {processor.py:157} INFO - Started process (PID=169) to work on /home/airflow/.local/lib/python3.8/site-packages/airflow/example_dags/tutorial_taskflow_api_virtualenv.py
[2023-09-09T13:56:43.994+0000] {processor.py:829} INFO - Processing file /home/airflow/.local/lib/python3.8/site-packages/airflow/example_dags/tutorial_taskflow_api_virtualenv.py for tasks to queue
[2023-09-09T13:56:43.996+0000] {logging_mixin.py:151} INFO - [2023-09-09T13:56:43.995+0000] {dagbag.py:539} INFO - Filling up the DagBag from /home/airflow/.local/lib/python3.8/site-packages/airflow/example_dags/tutorial_taskflow_api_virtualenv.py
[2023-09-09T13:56:44.000+0000] {processor.py:839} INFO - DAG(s) dict_keys(['tutorial_taskflow_api_virtualenv']) retrieved from /home/airflow/.local/lib/python3.8/site-packages/airflow/example_dags/tutorial_taskflow_api_virtualenv.py
[2023-09-09T13:56:44.012+0000] {logging_mixin.py:151} INFO - [2023-09-09T13:56:44.012+0000] {dag.py:2907} INFO - Sync 1 DAGs
[2023-09-09T13:56:44.020+0000] {logging_mixin.py:151} INFO - [2023-09-09T13:56:44.020+0000] {dag.py:3677} INFO - Setting next_dagrun for tutorial_taskflow_api_virtualenv to None, run_after=None
[2023-09-09T13:56:44.031+0000] {processor.py:179} INFO - Processing /home/airflow/.local/lib/python3.8/site-packages/airflow/example_dags/tutorial_taskflow_api_virtualenv.py took 0.040 seconds
[2023-09-09T13:57:14.442+0000] {processor.py:157} INFO - Started process (PID=227) to work on /home/airflow/.local/lib/python3.8/site-packages/airflow/example_dags/tutorial_taskflow_api_virtualenv.py
[2023-09-09T13:57:14.443+0000] {processor.py:829} INFO - Processing file /home/airflow/.local/lib/python3.8/site-packages/airflow/example_dags/tutorial_taskflow_api_virtualenv.py for tasks to queue
[2023-09-09T13:57:14.445+0000] {logging_mixin.py:151} INFO - [2023-09-09T13:57:14.444+0000] {dagbag.py:539} INFO - Filling up the DagBag from /home/airflow/.local/lib/python3.8/site-packages/airflow/example_dags/tutorial_taskflow_api_virtualenv.py
[2023-09-09T13:57:14.450+0000] {processor.py:839} INFO - DAG(s) dict_keys(['tutorial_taskflow_api_virtualenv']) retrieved from /home/airflow/.local/lib/python3.8/site-packages/airflow/example_dags/tutorial_taskflow_api_virtualenv.py
[2023-09-09T13:57:14.464+0000] {logging_mixin.py:151} INFO - [2023-09-09T13:57:14.463+0000] {dag.py:2907} INFO - Sync 1 DAGs
[2023-09-09T13:57:14.472+0000] {logging_mixin.py:151} INFO - [2023-09-09T13:57:14.472+0000] {dag.py:3677} INFO - Setting next_dagrun for tutorial_taskflow_api_virtualenv to None, run_after=None
[2023-09-09T13:57:14.485+0000] {processor.py:179} INFO - Processing /home/airflow/.local/lib/python3.8/site-packages/airflow/example_dags/tutorial_taskflow_api_virtualenv.py took 0.045 seconds
[2023-09-09T13:57:44.719+0000] {processor.py:157} INFO - Started process (PID=282) to work on /home/airflow/.local/lib/python3.8/site-packages/airflow/example_dags/tutorial_taskflow_api_virtualenv.py
[2023-09-09T13:57:44.720+0000] {processor.py:829} INFO - Processing file /home/airflow/.local/lib/python3.8/site-packages/airflow/example_dags/tutorial_taskflow_api_virtualenv.py for tasks to queue
[2023-09-09T13:57:44.721+0000] {logging_mixin.py:151} INFO - [2023-09-09T13:57:44.721+0000] {dagbag.py:539} INFO - Filling up the DagBag from /home/airflow/.local/lib/python3.8/site-packages/airflow/example_dags/tutorial_taskflow_api_virtualenv.py
[2023-09-09T13:57:44.725+0000] {processor.py:839} INFO - DAG(s) dict_keys(['tutorial_taskflow_api_virtualenv']) retrieved from /home/airflow/.local/lib/python3.8/site-packages/airflow/example_dags/tutorial_taskflow_api_virtualenv.py
[2023-09-09T13:57:44.738+0000] {logging_mixin.py:151} INFO - [2023-09-09T13:57:44.738+0000] {dag.py:2907} INFO - Sync 1 DAGs
[2023-09-09T13:57:44.746+0000] {logging_mixin.py:151} INFO - [2023-09-09T13:57:44.746+0000] {dag.py:3677} INFO - Setting next_dagrun for tutorial_taskflow_api_virtualenv to None, run_after=None
[2023-09-09T13:57:44.759+0000] {processor.py:179} INFO - Processing /home/airflow/.local/lib/python3.8/site-packages/airflow/example_dags/tutorial_taskflow_api_virtualenv.py took 0.042 seconds
[2023-09-09T13:58:15.727+0000] {processor.py:157} INFO - Started process (PID=337) to work on /home/airflow/.local/lib/python3.8/site-packages/airflow/example_dags/tutorial_taskflow_api_virtualenv.py
[2023-09-09T13:58:15.727+0000] {processor.py:829} INFO - Processing file /home/airflow/.local/lib/python3.8/site-packages/airflow/example_dags/tutorial_taskflow_api_virtualenv.py for tasks to queue
[2023-09-09T13:58:15.729+0000] {logging_mixin.py:151} INFO - [2023-09-09T13:58:15.728+0000] {dagbag.py:539} INFO - Filling up the DagBag from /home/airflow/.local/lib/python3.8/site-packages/airflow/example_dags/tutorial_taskflow_api_virtualenv.py
[2023-09-09T13:58:15.733+0000] {processor.py:839} INFO - DAG(s) dict_keys(['tutorial_taskflow_api_virtualenv']) retrieved from /home/airflow/.local/lib/python3.8/site-packages/airflow/example_dags/tutorial_taskflow_api_virtualenv.py
[2023-09-09T13:58:15.746+0000] {logging_mixin.py:151} INFO - [2023-09-09T13:58:15.746+0000] {dag.py:2907} INFO - Sync 1 DAGs
[2023-09-09T13:58:15.756+0000] {logging_mixin.py:151} INFO - [2023-09-09T13:58:15.755+0000] {dag.py:3677} INFO - Setting next_dagrun for tutorial_taskflow_api_virtualenv to None, run_after=None
[2023-09-09T13:58:15.768+0000] {processor.py:179} INFO - Processing /home/airflow/.local/lib/python3.8/site-packages/airflow/example_dags/tutorial_taskflow_api_virtualenv.py took 0.043 seconds
[2023-09-09T13:58:46.542+0000] {processor.py:157} INFO - Started process (PID=392) to work on /home/airflow/.local/lib/python3.8/site-packages/airflow/example_dags/tutorial_taskflow_api_virtualenv.py
[2023-09-09T13:58:46.543+0000] {processor.py:829} INFO - Processing file /home/airflow/.local/lib/python3.8/site-packages/airflow/example_dags/tutorial_taskflow_api_virtualenv.py for tasks to queue
[2023-09-09T13:58:46.544+0000] {logging_mixin.py:151} INFO - [2023-09-09T13:58:46.544+0000] {dagbag.py:539} INFO - Filling up the DagBag from /home/airflow/.local/lib/python3.8/site-packages/airflow/example_dags/tutorial_taskflow_api_virtualenv.py
[2023-09-09T13:58:46.548+0000] {processor.py:839} INFO - DAG(s) dict_keys(['tutorial_taskflow_api_virtualenv']) retrieved from /home/airflow/.local/lib/python3.8/site-packages/airflow/example_dags/tutorial_taskflow_api_virtualenv.py
[2023-09-09T13:58:46.560+0000] {logging_mixin.py:151} INFO - [2023-09-09T13:58:46.560+0000] {dag.py:2907} INFO - Sync 1 DAGs
[2023-09-09T13:58:46.568+0000] {logging_mixin.py:151} INFO - [2023-09-09T13:58:46.568+0000] {dag.py:3677} INFO - Setting next_dagrun for tutorial_taskflow_api_virtualenv to None, run_after=None
[2023-09-09T13:58:46.580+0000] {processor.py:179} INFO - Processing /home/airflow/.local/lib/python3.8/site-packages/airflow/example_dags/tutorial_taskflow_api_virtualenv.py took 0.040 seconds
[2023-09-09T13:59:17.407+0000] {processor.py:157} INFO - Started process (PID=447) to work on /home/airflow/.local/lib/python3.8/site-packages/airflow/example_dags/tutorial_taskflow_api_virtualenv.py
[2023-09-09T13:59:17.408+0000] {processor.py:829} INFO - Processing file /home/airflow/.local/lib/python3.8/site-packages/airflow/example_dags/tutorial_taskflow_api_virtualenv.py for tasks to queue
[2023-09-09T13:59:17.409+0000] {logging_mixin.py:151} INFO - [2023-09-09T13:59:17.409+0000] {dagbag.py:539} INFO - Filling up the DagBag from /home/airflow/.local/lib/python3.8/site-packages/airflow/example_dags/tutorial_taskflow_api_virtualenv.py
[2023-09-09T13:59:17.413+0000] {processor.py:839} INFO - DAG(s) dict_keys(['tutorial_taskflow_api_virtualenv']) retrieved from /home/airflow/.local/lib/python3.8/site-packages/airflow/example_dags/tutorial_taskflow_api_virtualenv.py
[2023-09-09T13:59:17.426+0000] {logging_mixin.py:151} INFO - [2023-09-09T13:59:17.426+0000] {dag.py:2907} INFO - Sync 1 DAGs
[2023-09-09T13:59:17.435+0000] {logging_mixin.py:151} INFO - [2023-09-09T13:59:17.435+0000] {dag.py:3677} INFO - Setting next_dagrun for tutorial_taskflow_api_virtualenv to None, run_after=None
[2023-09-09T13:59:17.449+0000] {processor.py:179} INFO - Processing /home/airflow/.local/lib/python3.8/site-packages/airflow/example_dags/tutorial_taskflow_api_virtualenv.py took 0.044 seconds
[2023-09-09T13:59:48.290+0000] {processor.py:157} INFO - Started process (PID=502) to work on /home/airflow/.local/lib/python3.8/site-packages/airflow/example_dags/tutorial_taskflow_api_virtualenv.py
[2023-09-09T13:59:48.290+0000] {processor.py:829} INFO - Processing file /home/airflow/.local/lib/python3.8/site-packages/airflow/example_dags/tutorial_taskflow_api_virtualenv.py for tasks to queue
[2023-09-09T13:59:48.292+0000] {logging_mixin.py:151} INFO - [2023-09-09T13:59:48.291+0000] {dagbag.py:539} INFO - Filling up the DagBag from /home/airflow/.local/lib/python3.8/site-packages/airflow/example_dags/tutorial_taskflow_api_virtualenv.py
[2023-09-09T13:59:48.296+0000] {processor.py:839} INFO - DAG(s) dict_keys(['tutorial_taskflow_api_virtualenv']) retrieved from /home/airflow/.local/lib/python3.8/site-packages/airflow/example_dags/tutorial_taskflow_api_virtualenv.py
[2023-09-09T13:59:48.309+0000] {logging_mixin.py:151} INFO - [2023-09-09T13:59:48.308+0000] {dag.py:2907} INFO - Sync 1 DAGs
[2023-09-09T13:59:48.318+0000] {logging_mixin.py:151} INFO - [2023-09-09T13:59:48.318+0000] {dag.py:3677} INFO - Setting next_dagrun for tutorial_taskflow_api_virtualenv to None, run_after=None
[2023-09-09T13:59:48.331+0000] {processor.py:179} INFO - Processing /home/airflow/.local/lib/python3.8/site-packages/airflow/example_dags/tutorial_taskflow_api_virtualenv.py took 0.043 seconds
[2023-09-09T14:00:18.421+0000] {processor.py:157} INFO - Started process (PID=557) to work on /home/airflow/.local/lib/python3.8/site-packages/airflow/example_dags/tutorial_taskflow_api_virtualenv.py
[2023-09-09T14:00:18.421+0000] {processor.py:829} INFO - Processing file /home/airflow/.local/lib/python3.8/site-packages/airflow/example_dags/tutorial_taskflow_api_virtualenv.py for tasks to queue
[2023-09-09T14:00:18.423+0000] {logging_mixin.py:151} INFO - [2023-09-09T14:00:18.423+0000] {dagbag.py:539} INFO - Filling up the DagBag from /home/airflow/.local/lib/python3.8/site-packages/airflow/example_dags/tutorial_taskflow_api_virtualenv.py
[2023-09-09T14:00:18.428+0000] {processor.py:839} INFO - DAG(s) dict_keys(['tutorial_taskflow_api_virtualenv']) retrieved from /home/airflow/.local/lib/python3.8/site-packages/airflow/example_dags/tutorial_taskflow_api_virtualenv.py
[2023-09-09T14:00:18.440+0000] {logging_mixin.py:151} INFO - [2023-09-09T14:00:18.440+0000] {dag.py:2907} INFO - Sync 1 DAGs
[2023-09-09T14:00:18.448+0000] {logging_mixin.py:151} INFO - [2023-09-09T14:00:18.448+0000] {dag.py:3677} INFO - Setting next_dagrun for tutorial_taskflow_api_virtualenv to None, run_after=None
[2023-09-09T14:00:18.458+0000] {processor.py:179} INFO - Processing /home/airflow/.local/lib/python3.8/site-packages/airflow/example_dags/tutorial_taskflow_api_virtualenv.py took 0.040 seconds
[2023-09-09T14:00:48.540+0000] {processor.py:157} INFO - Started process (PID=611) to work on /home/airflow/.local/lib/python3.8/site-packages/airflow/example_dags/tutorial_taskflow_api_virtualenv.py
[2023-09-09T14:00:48.541+0000] {processor.py:829} INFO - Processing file /home/airflow/.local/lib/python3.8/site-packages/airflow/example_dags/tutorial_taskflow_api_virtualenv.py for tasks to queue
[2023-09-09T14:00:48.543+0000] {logging_mixin.py:151} INFO - [2023-09-09T14:00:48.543+0000] {dagbag.py:539} INFO - Filling up the DagBag from /home/airflow/.local/lib/python3.8/site-packages/airflow/example_dags/tutorial_taskflow_api_virtualenv.py
[2023-09-09T14:00:48.547+0000] {processor.py:839} INFO - DAG(s) dict_keys(['tutorial_taskflow_api_virtualenv']) retrieved from /home/airflow/.local/lib/python3.8/site-packages/airflow/example_dags/tutorial_taskflow_api_virtualenv.py
[2023-09-09T14:00:48.559+0000] {logging_mixin.py:151} INFO - [2023-09-09T14:00:48.559+0000] {dag.py:2907} INFO - Sync 1 DAGs
[2023-09-09T14:00:48.568+0000] {logging_mixin.py:151} INFO - [2023-09-09T14:00:48.567+0000] {dag.py:3677} INFO - Setting next_dagrun for tutorial_taskflow_api_virtualenv to None, run_after=None
[2023-09-09T14:00:48.579+0000] {processor.py:179} INFO - Processing /home/airflow/.local/lib/python3.8/site-packages/airflow/example_dags/tutorial_taskflow_api_virtualenv.py took 0.041 seconds
[2023-09-09T14:01:18.759+0000] {processor.py:157} INFO - Started process (PID=666) to work on /home/airflow/.local/lib/python3.8/site-packages/airflow/example_dags/tutorial_taskflow_api_virtualenv.py
[2023-09-09T14:01:18.760+0000] {processor.py:829} INFO - Processing file /home/airflow/.local/lib/python3.8/site-packages/airflow/example_dags/tutorial_taskflow_api_virtualenv.py for tasks to queue
[2023-09-09T14:01:18.761+0000] {logging_mixin.py:151} INFO - [2023-09-09T14:01:18.761+0000] {dagbag.py:539} INFO - Filling up the DagBag from /home/airflow/.local/lib/python3.8/site-packages/airflow/example_dags/tutorial_taskflow_api_virtualenv.py
[2023-09-09T14:01:18.765+0000] {processor.py:839} INFO - DAG(s) dict_keys(['tutorial_taskflow_api_virtualenv']) retrieved from /home/airflow/.local/lib/python3.8/site-packages/airflow/example_dags/tutorial_taskflow_api_virtualenv.py
[2023-09-09T14:01:18.778+0000] {logging_mixin.py:151} INFO - [2023-09-09T14:01:18.778+0000] {dag.py:2907} INFO - Sync 1 DAGs
[2023-09-09T14:01:18.787+0000] {logging_mixin.py:151} INFO - [2023-09-09T14:01:18.787+0000] {dag.py:3677} INFO - Setting next_dagrun for tutorial_taskflow_api_virtualenv to None, run_after=None
[2023-09-09T14:01:18.799+0000] {processor.py:179} INFO - Processing /home/airflow/.local/lib/python3.8/site-packages/airflow/example_dags/tutorial_taskflow_api_virtualenv.py took 0.041 seconds
[2023-09-09T14:01:48.966+0000] {processor.py:157} INFO - Started process (PID=721) to work on /home/airflow/.local/lib/python3.8/site-packages/airflow/example_dags/tutorial_taskflow_api_virtualenv.py
[2023-09-09T14:01:48.967+0000] {processor.py:829} INFO - Processing file /home/airflow/.local/lib/python3.8/site-packages/airflow/example_dags/tutorial_taskflow_api_virtualenv.py for tasks to queue
[2023-09-09T14:01:48.969+0000] {logging_mixin.py:151} INFO - [2023-09-09T14:01:48.968+0000] {dagbag.py:539} INFO - Filling up the DagBag from /home/airflow/.local/lib/python3.8/site-packages/airflow/example_dags/tutorial_taskflow_api_virtualenv.py
[2023-09-09T14:01:48.973+0000] {processor.py:839} INFO - DAG(s) dict_keys(['tutorial_taskflow_api_virtualenv']) retrieved from /home/airflow/.local/lib/python3.8/site-packages/airflow/example_dags/tutorial_taskflow_api_virtualenv.py
[2023-09-09T14:01:48.985+0000] {logging_mixin.py:151} INFO - [2023-09-09T14:01:48.985+0000] {dag.py:2907} INFO - Sync 1 DAGs
[2023-09-09T14:01:48.994+0000] {logging_mixin.py:151} INFO - [2023-09-09T14:01:48.993+0000] {dag.py:3677} INFO - Setting next_dagrun for tutorial_taskflow_api_virtualenv to None, run_after=None
[2023-09-09T14:01:49.005+0000] {processor.py:179} INFO - Processing /home/airflow/.local/lib/python3.8/site-packages/airflow/example_dags/tutorial_taskflow_api_virtualenv.py took 0.041 seconds
[2023-09-09T14:02:20.183+0000] {processor.py:157} INFO - Started process (PID=777) to work on /home/airflow/.local/lib/python3.8/site-packages/airflow/example_dags/tutorial_taskflow_api_virtualenv.py
[2023-09-09T14:02:20.183+0000] {processor.py:829} INFO - Processing file /home/airflow/.local/lib/python3.8/site-packages/airflow/example_dags/tutorial_taskflow_api_virtualenv.py for tasks to queue
[2023-09-09T14:02:20.185+0000] {logging_mixin.py:151} INFO - [2023-09-09T14:02:20.185+0000] {dagbag.py:539} INFO - Filling up the DagBag from /home/airflow/.local/lib/python3.8/site-packages/airflow/example_dags/tutorial_taskflow_api_virtualenv.py
[2023-09-09T14:02:20.189+0000] {processor.py:839} INFO - DAG(s) dict_keys(['tutorial_taskflow_api_virtualenv']) retrieved from /home/airflow/.local/lib/python3.8/site-packages/airflow/example_dags/tutorial_taskflow_api_virtualenv.py
[2023-09-09T14:02:20.202+0000] {logging_mixin.py:151} INFO - [2023-09-09T14:02:20.202+0000] {dag.py:2907} INFO - Sync 1 DAGs
[2023-09-09T14:02:20.210+0000] {logging_mixin.py:151} INFO - [2023-09-09T14:02:20.210+0000] {dag.py:3677} INFO - Setting next_dagrun for tutorial_taskflow_api_virtualenv to None, run_after=None
[2023-09-09T14:02:20.221+0000] {processor.py:179} INFO - Processing /home/airflow/.local/lib/python3.8/site-packages/airflow/example_dags/tutorial_taskflow_api_virtualenv.py took 0.040 seconds
[2023-09-09T14:02:51.382+0000] {processor.py:157} INFO - Started process (PID=832) to work on /home/airflow/.local/lib/python3.8/site-packages/airflow/example_dags/tutorial_taskflow_api_virtualenv.py
[2023-09-09T14:02:51.383+0000] {processor.py:829} INFO - Processing file /home/airflow/.local/lib/python3.8/site-packages/airflow/example_dags/tutorial_taskflow_api_virtualenv.py for tasks to queue
[2023-09-09T14:02:51.385+0000] {logging_mixin.py:151} INFO - [2023-09-09T14:02:51.385+0000] {dagbag.py:539} INFO - Filling up the DagBag from /home/airflow/.local/lib/python3.8/site-packages/airflow/example_dags/tutorial_taskflow_api_virtualenv.py
[2023-09-09T14:02:51.389+0000] {processor.py:839} INFO - DAG(s) dict_keys(['tutorial_taskflow_api_virtualenv']) retrieved from /home/airflow/.local/lib/python3.8/site-packages/airflow/example_dags/tutorial_taskflow_api_virtualenv.py
[2023-09-09T14:02:51.401+0000] {logging_mixin.py:151} INFO - [2023-09-09T14:02:51.401+0000] {dag.py:2907} INFO - Sync 1 DAGs
[2023-09-09T14:02:51.409+0000] {logging_mixin.py:151} INFO - [2023-09-09T14:02:51.409+0000] {dag.py:3677} INFO - Setting next_dagrun for tutorial_taskflow_api_virtualenv to None, run_after=None
[2023-09-09T14:02:51.420+0000] {processor.py:179} INFO - Processing /home/airflow/.local/lib/python3.8/site-packages/airflow/example_dags/tutorial_taskflow_api_virtualenv.py took 0.040 seconds
[2023-09-09T14:03:22.524+0000] {processor.py:157} INFO - Started process (PID=888) to work on /home/airflow/.local/lib/python3.8/site-packages/airflow/example_dags/tutorial_taskflow_api_virtualenv.py
[2023-09-09T14:03:22.525+0000] {processor.py:829} INFO - Processing file /home/airflow/.local/lib/python3.8/site-packages/airflow/example_dags/tutorial_taskflow_api_virtualenv.py for tasks to queue
[2023-09-09T14:03:22.526+0000] {logging_mixin.py:151} INFO - [2023-09-09T14:03:22.526+0000] {dagbag.py:539} INFO - Filling up the DagBag from /home/airflow/.local/lib/python3.8/site-packages/airflow/example_dags/tutorial_taskflow_api_virtualenv.py
[2023-09-09T14:03:22.530+0000] {processor.py:839} INFO - DAG(s) dict_keys(['tutorial_taskflow_api_virtualenv']) retrieved from /home/airflow/.local/lib/python3.8/site-packages/airflow/example_dags/tutorial_taskflow_api_virtualenv.py
[2023-09-09T14:03:22.543+0000] {logging_mixin.py:151} INFO - [2023-09-09T14:03:22.543+0000] {dag.py:2907} INFO - Sync 1 DAGs
[2023-09-09T14:03:22.551+0000] {logging_mixin.py:151} INFO - [2023-09-09T14:03:22.550+0000] {dag.py:3677} INFO - Setting next_dagrun for tutorial_taskflow_api_virtualenv to None, run_after=None
[2023-09-09T14:03:22.562+0000] {processor.py:179} INFO - Processing /home/airflow/.local/lib/python3.8/site-packages/airflow/example_dags/tutorial_taskflow_api_virtualenv.py took 0.040 seconds
[2023-09-09T14:03:52.867+0000] {processor.py:157} INFO - Started process (PID=943) to work on /home/airflow/.local/lib/python3.8/site-packages/airflow/example_dags/tutorial_taskflow_api_virtualenv.py
[2023-09-09T14:03:52.868+0000] {processor.py:829} INFO - Processing file /home/airflow/.local/lib/python3.8/site-packages/airflow/example_dags/tutorial_taskflow_api_virtualenv.py for tasks to queue
[2023-09-09T14:03:52.869+0000] {logging_mixin.py:151} INFO - [2023-09-09T14:03:52.869+0000] {dagbag.py:539} INFO - Filling up the DagBag from /home/airflow/.local/lib/python3.8/site-packages/airflow/example_dags/tutorial_taskflow_api_virtualenv.py
[2023-09-09T14:03:52.875+0000] {processor.py:839} INFO - DAG(s) dict_keys(['tutorial_taskflow_api_virtualenv']) retrieved from /home/airflow/.local/lib/python3.8/site-packages/airflow/example_dags/tutorial_taskflow_api_virtualenv.py
[2023-09-09T14:03:52.890+0000] {logging_mixin.py:151} INFO - [2023-09-09T14:03:52.889+0000] {dag.py:2907} INFO - Sync 1 DAGs
[2023-09-09T14:03:52.900+0000] {logging_mixin.py:151} INFO - [2023-09-09T14:03:52.900+0000] {dag.py:3677} INFO - Setting next_dagrun for tutorial_taskflow_api_virtualenv to None, run_after=None
[2023-09-09T14:03:52.913+0000] {processor.py:179} INFO - Processing /home/airflow/.local/lib/python3.8/site-packages/airflow/example_dags/tutorial_taskflow_api_virtualenv.py took 0.048 seconds
[2023-09-09T14:04:23.900+0000] {processor.py:157} INFO - Started process (PID=998) to work on /home/airflow/.local/lib/python3.8/site-packages/airflow/example_dags/tutorial_taskflow_api_virtualenv.py
[2023-09-09T14:04:23.901+0000] {processor.py:829} INFO - Processing file /home/airflow/.local/lib/python3.8/site-packages/airflow/example_dags/tutorial_taskflow_api_virtualenv.py for tasks to queue
[2023-09-09T14:04:23.902+0000] {logging_mixin.py:151} INFO - [2023-09-09T14:04:23.902+0000] {dagbag.py:539} INFO - Filling up the DagBag from /home/airflow/.local/lib/python3.8/site-packages/airflow/example_dags/tutorial_taskflow_api_virtualenv.py
[2023-09-09T14:04:23.908+0000] {processor.py:839} INFO - DAG(s) dict_keys(['tutorial_taskflow_api_virtualenv']) retrieved from /home/airflow/.local/lib/python3.8/site-packages/airflow/example_dags/tutorial_taskflow_api_virtualenv.py
[2023-09-09T14:04:23.922+0000] {logging_mixin.py:151} INFO - [2023-09-09T14:04:23.922+0000] {dag.py:2907} INFO - Sync 1 DAGs
[2023-09-09T14:04:23.930+0000] {logging_mixin.py:151} INFO - [2023-09-09T14:04:23.930+0000] {dag.py:3677} INFO - Setting next_dagrun for tutorial_taskflow_api_virtualenv to None, run_after=None
[2023-09-09T14:04:23.943+0000] {processor.py:179} INFO - Processing /home/airflow/.local/lib/python3.8/site-packages/airflow/example_dags/tutorial_taskflow_api_virtualenv.py took 0.045 seconds
[2023-09-09T14:04:55.024+0000] {processor.py:157} INFO - Started process (PID=1053) to work on /home/airflow/.local/lib/python3.8/site-packages/airflow/example_dags/tutorial_taskflow_api_virtualenv.py
[2023-09-09T14:04:55.025+0000] {processor.py:829} INFO - Processing file /home/airflow/.local/lib/python3.8/site-packages/airflow/example_dags/tutorial_taskflow_api_virtualenv.py for tasks to queue
[2023-09-09T14:04:55.026+0000] {logging_mixin.py:151} INFO - [2023-09-09T14:04:55.026+0000] {dagbag.py:539} INFO - Filling up the DagBag from /home/airflow/.local/lib/python3.8/site-packages/airflow/example_dags/tutorial_taskflow_api_virtualenv.py
[2023-09-09T14:04:55.031+0000] {processor.py:839} INFO - DAG(s) dict_keys(['tutorial_taskflow_api_virtualenv']) retrieved from /home/airflow/.local/lib/python3.8/site-packages/airflow/example_dags/tutorial_taskflow_api_virtualenv.py
[2023-09-09T14:04:55.046+0000] {logging_mixin.py:151} INFO - [2023-09-09T14:04:55.046+0000] {dag.py:2907} INFO - Sync 1 DAGs
[2023-09-09T14:04:55.054+0000] {logging_mixin.py:151} INFO - [2023-09-09T14:04:55.054+0000] {dag.py:3677} INFO - Setting next_dagrun for tutorial_taskflow_api_virtualenv to None, run_after=None
[2023-09-09T14:04:55.066+0000] {processor.py:179} INFO - Processing /home/airflow/.local/lib/python3.8/site-packages/airflow/example_dags/tutorial_taskflow_api_virtualenv.py took 0.044 seconds
[2023-09-09T14:05:26.334+0000] {processor.py:157} INFO - Started process (PID=1108) to work on /home/airflow/.local/lib/python3.8/site-packages/airflow/example_dags/tutorial_taskflow_api_virtualenv.py
[2023-09-09T14:05:26.335+0000] {processor.py:829} INFO - Processing file /home/airflow/.local/lib/python3.8/site-packages/airflow/example_dags/tutorial_taskflow_api_virtualenv.py for tasks to queue
[2023-09-09T14:05:26.336+0000] {logging_mixin.py:151} INFO - [2023-09-09T14:05:26.336+0000] {dagbag.py:539} INFO - Filling up the DagBag from /home/airflow/.local/lib/python3.8/site-packages/airflow/example_dags/tutorial_taskflow_api_virtualenv.py
[2023-09-09T14:05:26.341+0000] {processor.py:839} INFO - DAG(s) dict_keys(['tutorial_taskflow_api_virtualenv']) retrieved from /home/airflow/.local/lib/python3.8/site-packages/airflow/example_dags/tutorial_taskflow_api_virtualenv.py
[2023-09-09T14:05:26.354+0000] {logging_mixin.py:151} INFO - [2023-09-09T14:05:26.354+0000] {dag.py:2907} INFO - Sync 1 DAGs
[2023-09-09T14:05:26.363+0000] {logging_mixin.py:151} INFO - [2023-09-09T14:05:26.363+0000] {dag.py:3677} INFO - Setting next_dagrun for tutorial_taskflow_api_virtualenv to None, run_after=None
[2023-09-09T14:05:26.376+0000] {processor.py:179} INFO - Processing /home/airflow/.local/lib/python3.8/site-packages/airflow/example_dags/tutorial_taskflow_api_virtualenv.py took 0.044 seconds
[2023-09-09T14:05:57.395+0000] {processor.py:157} INFO - Started process (PID=1163) to work on /home/airflow/.local/lib/python3.8/site-packages/airflow/example_dags/tutorial_taskflow_api_virtualenv.py
[2023-09-09T14:05:57.396+0000] {processor.py:829} INFO - Processing file /home/airflow/.local/lib/python3.8/site-packages/airflow/example_dags/tutorial_taskflow_api_virtualenv.py for tasks to queue
[2023-09-09T14:05:57.397+0000] {logging_mixin.py:151} INFO - [2023-09-09T14:05:57.397+0000] {dagbag.py:539} INFO - Filling up the DagBag from /home/airflow/.local/lib/python3.8/site-packages/airflow/example_dags/tutorial_taskflow_api_virtualenv.py
[2023-09-09T14:05:57.402+0000] {processor.py:839} INFO - DAG(s) dict_keys(['tutorial_taskflow_api_virtualenv']) retrieved from /home/airflow/.local/lib/python3.8/site-packages/airflow/example_dags/tutorial_taskflow_api_virtualenv.py
[2023-09-09T14:05:57.415+0000] {logging_mixin.py:151} INFO - [2023-09-09T14:05:57.415+0000] {dag.py:2907} INFO - Sync 1 DAGs
[2023-09-09T14:05:57.423+0000] {logging_mixin.py:151} INFO - [2023-09-09T14:05:57.423+0000] {dag.py:3677} INFO - Setting next_dagrun for tutorial_taskflow_api_virtualenv to None, run_after=None
[2023-09-09T14:05:57.434+0000] {processor.py:179} INFO - Processing /home/airflow/.local/lib/python3.8/site-packages/airflow/example_dags/tutorial_taskflow_api_virtualenv.py took 0.041 seconds
[2023-09-09T14:06:27.694+0000] {processor.py:157} INFO - Started process (PID=1218) to work on /home/airflow/.local/lib/python3.8/site-packages/airflow/example_dags/tutorial_taskflow_api_virtualenv.py
[2023-09-09T14:06:27.695+0000] {processor.py:829} INFO - Processing file /home/airflow/.local/lib/python3.8/site-packages/airflow/example_dags/tutorial_taskflow_api_virtualenv.py for tasks to queue
[2023-09-09T14:06:27.696+0000] {logging_mixin.py:151} INFO - [2023-09-09T14:06:27.696+0000] {dagbag.py:539} INFO - Filling up the DagBag from /home/airflow/.local/lib/python3.8/site-packages/airflow/example_dags/tutorial_taskflow_api_virtualenv.py
[2023-09-09T14:06:27.700+0000] {processor.py:839} INFO - DAG(s) dict_keys(['tutorial_taskflow_api_virtualenv']) retrieved from /home/airflow/.local/lib/python3.8/site-packages/airflow/example_dags/tutorial_taskflow_api_virtualenv.py
[2023-09-09T14:06:27.713+0000] {logging_mixin.py:151} INFO - [2023-09-09T14:06:27.712+0000] {dag.py:2907} INFO - Sync 1 DAGs
[2023-09-09T14:06:27.721+0000] {logging_mixin.py:151} INFO - [2023-09-09T14:06:27.720+0000] {dag.py:3677} INFO - Setting next_dagrun for tutorial_taskflow_api_virtualenv to None, run_after=None
[2023-09-09T14:06:27.731+0000] {processor.py:179} INFO - Processing /home/airflow/.local/lib/python3.8/site-packages/airflow/example_dags/tutorial_taskflow_api_virtualenv.py took 0.040 seconds
[2023-09-09T14:06:58.731+0000] {processor.py:157} INFO - Started process (PID=1273) to work on /home/airflow/.local/lib/python3.8/site-packages/airflow/example_dags/tutorial_taskflow_api_virtualenv.py
[2023-09-09T14:06:58.732+0000] {processor.py:829} INFO - Processing file /home/airflow/.local/lib/python3.8/site-packages/airflow/example_dags/tutorial_taskflow_api_virtualenv.py for tasks to queue
[2023-09-09T14:06:58.734+0000] {logging_mixin.py:151} INFO - [2023-09-09T14:06:58.733+0000] {dagbag.py:539} INFO - Filling up the DagBag from /home/airflow/.local/lib/python3.8/site-packages/airflow/example_dags/tutorial_taskflow_api_virtualenv.py
[2023-09-09T14:06:58.738+0000] {processor.py:839} INFO - DAG(s) dict_keys(['tutorial_taskflow_api_virtualenv']) retrieved from /home/airflow/.local/lib/python3.8/site-packages/airflow/example_dags/tutorial_taskflow_api_virtualenv.py
[2023-09-09T14:06:58.750+0000] {logging_mixin.py:151} INFO - [2023-09-09T14:06:58.750+0000] {dag.py:2907} INFO - Sync 1 DAGs
[2023-09-09T14:06:58.758+0000] {logging_mixin.py:151} INFO - [2023-09-09T14:06:58.758+0000] {dag.py:3677} INFO - Setting next_dagrun for tutorial_taskflow_api_virtualenv to None, run_after=None
[2023-09-09T14:06:58.769+0000] {processor.py:179} INFO - Processing /home/airflow/.local/lib/python3.8/site-packages/airflow/example_dags/tutorial_taskflow_api_virtualenv.py took 0.040 seconds
[2023-09-09T14:07:29.822+0000] {processor.py:157} INFO - Started process (PID=1328) to work on /home/airflow/.local/lib/python3.8/site-packages/airflow/example_dags/tutorial_taskflow_api_virtualenv.py
[2023-09-09T14:07:29.822+0000] {processor.py:829} INFO - Processing file /home/airflow/.local/lib/python3.8/site-packages/airflow/example_dags/tutorial_taskflow_api_virtualenv.py for tasks to queue
[2023-09-09T14:07:29.824+0000] {logging_mixin.py:151} INFO - [2023-09-09T14:07:29.824+0000] {dagbag.py:539} INFO - Filling up the DagBag from /home/airflow/.local/lib/python3.8/site-packages/airflow/example_dags/tutorial_taskflow_api_virtualenv.py
[2023-09-09T14:07:29.828+0000] {processor.py:839} INFO - DAG(s) dict_keys(['tutorial_taskflow_api_virtualenv']) retrieved from /home/airflow/.local/lib/python3.8/site-packages/airflow/example_dags/tutorial_taskflow_api_virtualenv.py
[2023-09-09T14:07:29.843+0000] {logging_mixin.py:151} INFO - [2023-09-09T14:07:29.843+0000] {dag.py:2907} INFO - Sync 1 DAGs
[2023-09-09T14:07:29.853+0000] {logging_mixin.py:151} INFO - [2023-09-09T14:07:29.853+0000] {dag.py:3677} INFO - Setting next_dagrun for tutorial_taskflow_api_virtualenv to None, run_after=None
[2023-09-09T14:07:29.866+0000] {processor.py:179} INFO - Processing /home/airflow/.local/lib/python3.8/site-packages/airflow/example_dags/tutorial_taskflow_api_virtualenv.py took 0.046 seconds
[2023-09-09T14:08:00.981+0000] {processor.py:157} INFO - Started process (PID=1383) to work on /home/airflow/.local/lib/python3.8/site-packages/airflow/example_dags/tutorial_taskflow_api_virtualenv.py
[2023-09-09T14:08:00.982+0000] {processor.py:829} INFO - Processing file /home/airflow/.local/lib/python3.8/site-packages/airflow/example_dags/tutorial_taskflow_api_virtualenv.py for tasks to queue
[2023-09-09T14:08:00.984+0000] {logging_mixin.py:151} INFO - [2023-09-09T14:08:00.984+0000] {dagbag.py:539} INFO - Filling up the DagBag from /home/airflow/.local/lib/python3.8/site-packages/airflow/example_dags/tutorial_taskflow_api_virtualenv.py
[2023-09-09T14:08:00.989+0000] {processor.py:839} INFO - DAG(s) dict_keys(['tutorial_taskflow_api_virtualenv']) retrieved from /home/airflow/.local/lib/python3.8/site-packages/airflow/example_dags/tutorial_taskflow_api_virtualenv.py
[2023-09-09T14:08:01.002+0000] {logging_mixin.py:151} INFO - [2023-09-09T14:08:01.002+0000] {dag.py:2907} INFO - Sync 1 DAGs
[2023-09-09T14:08:01.011+0000] {logging_mixin.py:151} INFO - [2023-09-09T14:08:01.011+0000] {dag.py:3677} INFO - Setting next_dagrun for tutorial_taskflow_api_virtualenv to None, run_after=None
[2023-09-09T14:08:01.024+0000] {processor.py:179} INFO - Processing /home/airflow/.local/lib/python3.8/site-packages/airflow/example_dags/tutorial_taskflow_api_virtualenv.py took 0.045 seconds
[2023-09-09T14:08:32.045+0000] {processor.py:157} INFO - Started process (PID=1438) to work on /home/airflow/.local/lib/python3.8/site-packages/airflow/example_dags/tutorial_taskflow_api_virtualenv.py
[2023-09-09T14:08:32.045+0000] {processor.py:829} INFO - Processing file /home/airflow/.local/lib/python3.8/site-packages/airflow/example_dags/tutorial_taskflow_api_virtualenv.py for tasks to queue
[2023-09-09T14:08:32.047+0000] {logging_mixin.py:151} INFO - [2023-09-09T14:08:32.047+0000] {dagbag.py:539} INFO - Filling up the DagBag from /home/airflow/.local/lib/python3.8/site-packages/airflow/example_dags/tutorial_taskflow_api_virtualenv.py
[2023-09-09T14:08:32.051+0000] {processor.py:839} INFO - DAG(s) dict_keys(['tutorial_taskflow_api_virtualenv']) retrieved from /home/airflow/.local/lib/python3.8/site-packages/airflow/example_dags/tutorial_taskflow_api_virtualenv.py
[2023-09-09T14:08:32.063+0000] {logging_mixin.py:151} INFO - [2023-09-09T14:08:32.063+0000] {dag.py:2907} INFO - Sync 1 DAGs
[2023-09-09T14:08:32.071+0000] {logging_mixin.py:151} INFO - [2023-09-09T14:08:32.071+0000] {dag.py:3677} INFO - Setting next_dagrun for tutorial_taskflow_api_virtualenv to None, run_after=None
[2023-09-09T14:08:32.082+0000] {processor.py:179} INFO - Processing /home/airflow/.local/lib/python3.8/site-packages/airflow/example_dags/tutorial_taskflow_api_virtualenv.py took 0.039 seconds
[2023-09-09T14:09:02.836+0000] {processor.py:157} INFO - Started process (PID=1493) to work on /home/airflow/.local/lib/python3.8/site-packages/airflow/example_dags/tutorial_taskflow_api_virtualenv.py
[2023-09-09T14:09:02.837+0000] {processor.py:829} INFO - Processing file /home/airflow/.local/lib/python3.8/site-packages/airflow/example_dags/tutorial_taskflow_api_virtualenv.py for tasks to queue
[2023-09-09T14:09:02.839+0000] {logging_mixin.py:151} INFO - [2023-09-09T14:09:02.839+0000] {dagbag.py:539} INFO - Filling up the DagBag from /home/airflow/.local/lib/python3.8/site-packages/airflow/example_dags/tutorial_taskflow_api_virtualenv.py
[2023-09-09T14:09:02.843+0000] {processor.py:839} INFO - DAG(s) dict_keys(['tutorial_taskflow_api_virtualenv']) retrieved from /home/airflow/.local/lib/python3.8/site-packages/airflow/example_dags/tutorial_taskflow_api_virtualenv.py
[2023-09-09T14:09:02.856+0000] {logging_mixin.py:151} INFO - [2023-09-09T14:09:02.855+0000] {dag.py:2907} INFO - Sync 1 DAGs
[2023-09-09T14:09:02.863+0000] {logging_mixin.py:151} INFO - [2023-09-09T14:09:02.863+0000] {dag.py:3677} INFO - Setting next_dagrun for tutorial_taskflow_api_virtualenv to None, run_after=None
[2023-09-09T14:09:02.874+0000] {processor.py:179} INFO - Processing /home/airflow/.local/lib/python3.8/site-packages/airflow/example_dags/tutorial_taskflow_api_virtualenv.py took 0.040 seconds
[2023-09-09T14:09:33.075+0000] {processor.py:157} INFO - Started process (PID=1550) to work on /home/airflow/.local/lib/python3.8/site-packages/airflow/example_dags/tutorial_taskflow_api_virtualenv.py
[2023-09-09T14:09:33.076+0000] {processor.py:829} INFO - Processing file /home/airflow/.local/lib/python3.8/site-packages/airflow/example_dags/tutorial_taskflow_api_virtualenv.py for tasks to queue
[2023-09-09T14:09:33.077+0000] {logging_mixin.py:151} INFO - [2023-09-09T14:09:33.077+0000] {dagbag.py:539} INFO - Filling up the DagBag from /home/airflow/.local/lib/python3.8/site-packages/airflow/example_dags/tutorial_taskflow_api_virtualenv.py
[2023-09-09T14:09:33.082+0000] {processor.py:839} INFO - DAG(s) dict_keys(['tutorial_taskflow_api_virtualenv']) retrieved from /home/airflow/.local/lib/python3.8/site-packages/airflow/example_dags/tutorial_taskflow_api_virtualenv.py
[2023-09-09T14:09:33.094+0000] {logging_mixin.py:151} INFO - [2023-09-09T14:09:33.094+0000] {dag.py:2907} INFO - Sync 1 DAGs
[2023-09-09T14:09:33.102+0000] {logging_mixin.py:151} INFO - [2023-09-09T14:09:33.102+0000] {dag.py:3677} INFO - Setting next_dagrun for tutorial_taskflow_api_virtualenv to None, run_after=None
[2023-09-09T14:09:33.115+0000] {processor.py:179} INFO - Processing /home/airflow/.local/lib/python3.8/site-packages/airflow/example_dags/tutorial_taskflow_api_virtualenv.py took 0.041 seconds
[2023-09-09T14:10:04.250+0000] {processor.py:157} INFO - Started process (PID=1608) to work on /home/airflow/.local/lib/python3.8/site-packages/airflow/example_dags/tutorial_taskflow_api_virtualenv.py
[2023-09-09T14:10:04.251+0000] {processor.py:829} INFO - Processing file /home/airflow/.local/lib/python3.8/site-packages/airflow/example_dags/tutorial_taskflow_api_virtualenv.py for tasks to queue
[2023-09-09T14:10:04.253+0000] {logging_mixin.py:151} INFO - [2023-09-09T14:10:04.252+0000] {dagbag.py:539} INFO - Filling up the DagBag from /home/airflow/.local/lib/python3.8/site-packages/airflow/example_dags/tutorial_taskflow_api_virtualenv.py
[2023-09-09T14:10:04.257+0000] {processor.py:839} INFO - DAG(s) dict_keys(['tutorial_taskflow_api_virtualenv']) retrieved from /home/airflow/.local/lib/python3.8/site-packages/airflow/example_dags/tutorial_taskflow_api_virtualenv.py
[2023-09-09T14:10:04.271+0000] {logging_mixin.py:151} INFO - [2023-09-09T14:10:04.270+0000] {dag.py:2907} INFO - Sync 1 DAGs
[2023-09-09T14:10:04.279+0000] {logging_mixin.py:151} INFO - [2023-09-09T14:10:04.279+0000] {dag.py:3677} INFO - Setting next_dagrun for tutorial_taskflow_api_virtualenv to None, run_after=None
[2023-09-09T14:10:04.291+0000] {processor.py:179} INFO - Processing /home/airflow/.local/lib/python3.8/site-packages/airflow/example_dags/tutorial_taskflow_api_virtualenv.py took 0.043 seconds
[2023-09-09T14:10:34.447+0000] {processor.py:157} INFO - Started process (PID=1669) to work on /home/airflow/.local/lib/python3.8/site-packages/airflow/example_dags/tutorial_taskflow_api_virtualenv.py
[2023-09-09T14:10:34.448+0000] {processor.py:829} INFO - Processing file /home/airflow/.local/lib/python3.8/site-packages/airflow/example_dags/tutorial_taskflow_api_virtualenv.py for tasks to queue
[2023-09-09T14:10:34.449+0000] {logging_mixin.py:151} INFO - [2023-09-09T14:10:34.449+0000] {dagbag.py:539} INFO - Filling up the DagBag from /home/airflow/.local/lib/python3.8/site-packages/airflow/example_dags/tutorial_taskflow_api_virtualenv.py
[2023-09-09T14:10:34.454+0000] {processor.py:839} INFO - DAG(s) dict_keys(['tutorial_taskflow_api_virtualenv']) retrieved from /home/airflow/.local/lib/python3.8/site-packages/airflow/example_dags/tutorial_taskflow_api_virtualenv.py
[2023-09-09T14:10:34.467+0000] {logging_mixin.py:151} INFO - [2023-09-09T14:10:34.467+0000] {dag.py:2907} INFO - Sync 1 DAGs
[2023-09-09T14:10:34.475+0000] {logging_mixin.py:151} INFO - [2023-09-09T14:10:34.475+0000] {dag.py:3677} INFO - Setting next_dagrun for tutorial_taskflow_api_virtualenv to None, run_after=None
[2023-09-09T14:10:34.488+0000] {processor.py:179} INFO - Processing /home/airflow/.local/lib/python3.8/site-packages/airflow/example_dags/tutorial_taskflow_api_virtualenv.py took 0.042 seconds
[2023-09-09T14:11:04.694+0000] {processor.py:157} INFO - Started process (PID=1729) to work on /home/airflow/.local/lib/python3.8/site-packages/airflow/example_dags/tutorial_taskflow_api_virtualenv.py
[2023-09-09T14:11:04.695+0000] {processor.py:829} INFO - Processing file /home/airflow/.local/lib/python3.8/site-packages/airflow/example_dags/tutorial_taskflow_api_virtualenv.py for tasks to queue
[2023-09-09T14:11:04.696+0000] {logging_mixin.py:151} INFO - [2023-09-09T14:11:04.696+0000] {dagbag.py:539} INFO - Filling up the DagBag from /home/airflow/.local/lib/python3.8/site-packages/airflow/example_dags/tutorial_taskflow_api_virtualenv.py
[2023-09-09T14:11:04.700+0000] {processor.py:839} INFO - DAG(s) dict_keys(['tutorial_taskflow_api_virtualenv']) retrieved from /home/airflow/.local/lib/python3.8/site-packages/airflow/example_dags/tutorial_taskflow_api_virtualenv.py
[2023-09-09T14:11:04.713+0000] {logging_mixin.py:151} INFO - [2023-09-09T14:11:04.713+0000] {dag.py:2907} INFO - Sync 1 DAGs
[2023-09-09T14:11:04.723+0000] {logging_mixin.py:151} INFO - [2023-09-09T14:11:04.723+0000] {dag.py:3677} INFO - Setting next_dagrun for tutorial_taskflow_api_virtualenv to None, run_after=None
[2023-09-09T14:11:04.735+0000] {processor.py:179} INFO - Processing /home/airflow/.local/lib/python3.8/site-packages/airflow/example_dags/tutorial_taskflow_api_virtualenv.py took 0.043 seconds
[2023-09-09T14:11:35.902+0000] {processor.py:157} INFO - Started process (PID=1791) to work on /home/airflow/.local/lib/python3.8/site-packages/airflow/example_dags/tutorial_taskflow_api_virtualenv.py
[2023-09-09T14:11:35.903+0000] {processor.py:829} INFO - Processing file /home/airflow/.local/lib/python3.8/site-packages/airflow/example_dags/tutorial_taskflow_api_virtualenv.py for tasks to queue
[2023-09-09T14:11:35.904+0000] {logging_mixin.py:151} INFO - [2023-09-09T14:11:35.904+0000] {dagbag.py:539} INFO - Filling up the DagBag from /home/airflow/.local/lib/python3.8/site-packages/airflow/example_dags/tutorial_taskflow_api_virtualenv.py
[2023-09-09T14:11:35.909+0000] {processor.py:839} INFO - DAG(s) dict_keys(['tutorial_taskflow_api_virtualenv']) retrieved from /home/airflow/.local/lib/python3.8/site-packages/airflow/example_dags/tutorial_taskflow_api_virtualenv.py
[2023-09-09T14:11:35.921+0000] {logging_mixin.py:151} INFO - [2023-09-09T14:11:35.921+0000] {dag.py:2907} INFO - Sync 1 DAGs
[2023-09-09T14:11:35.930+0000] {logging_mixin.py:151} INFO - [2023-09-09T14:11:35.929+0000] {dag.py:3677} INFO - Setting next_dagrun for tutorial_taskflow_api_virtualenv to None, run_after=None
[2023-09-09T14:11:35.940+0000] {processor.py:179} INFO - Processing /home/airflow/.local/lib/python3.8/site-packages/airflow/example_dags/tutorial_taskflow_api_virtualenv.py took 0.040 seconds
[2023-09-09T14:12:06.145+0000] {processor.py:157} INFO - Started process (PID=1847) to work on /home/airflow/.local/lib/python3.8/site-packages/airflow/example_dags/tutorial_taskflow_api_virtualenv.py
[2023-09-09T14:12:06.146+0000] {processor.py:829} INFO - Processing file /home/airflow/.local/lib/python3.8/site-packages/airflow/example_dags/tutorial_taskflow_api_virtualenv.py for tasks to queue
[2023-09-09T14:12:06.147+0000] {logging_mixin.py:151} INFO - [2023-09-09T14:12:06.147+0000] {dagbag.py:539} INFO - Filling up the DagBag from /home/airflow/.local/lib/python3.8/site-packages/airflow/example_dags/tutorial_taskflow_api_virtualenv.py
[2023-09-09T14:12:06.152+0000] {processor.py:839} INFO - DAG(s) dict_keys(['tutorial_taskflow_api_virtualenv']) retrieved from /home/airflow/.local/lib/python3.8/site-packages/airflow/example_dags/tutorial_taskflow_api_virtualenv.py
[2023-09-09T14:12:06.167+0000] {logging_mixin.py:151} INFO - [2023-09-09T14:12:06.167+0000] {dag.py:2907} INFO - Sync 1 DAGs
[2023-09-09T14:12:06.177+0000] {logging_mixin.py:151} INFO - [2023-09-09T14:12:06.177+0000] {dag.py:3677} INFO - Setting next_dagrun for tutorial_taskflow_api_virtualenv to None, run_after=None
[2023-09-09T14:12:06.190+0000] {processor.py:179} INFO - Processing /home/airflow/.local/lib/python3.8/site-packages/airflow/example_dags/tutorial_taskflow_api_virtualenv.py took 0.047 seconds
[2023-09-09T14:12:37.071+0000] {processor.py:157} INFO - Started process (PID=1902) to work on /home/airflow/.local/lib/python3.8/site-packages/airflow/example_dags/tutorial_taskflow_api_virtualenv.py
[2023-09-09T14:12:37.072+0000] {processor.py:829} INFO - Processing file /home/airflow/.local/lib/python3.8/site-packages/airflow/example_dags/tutorial_taskflow_api_virtualenv.py for tasks to queue
[2023-09-09T14:12:37.073+0000] {logging_mixin.py:151} INFO - [2023-09-09T14:12:37.073+0000] {dagbag.py:539} INFO - Filling up the DagBag from /home/airflow/.local/lib/python3.8/site-packages/airflow/example_dags/tutorial_taskflow_api_virtualenv.py
[2023-09-09T14:12:37.078+0000] {processor.py:839} INFO - DAG(s) dict_keys(['tutorial_taskflow_api_virtualenv']) retrieved from /home/airflow/.local/lib/python3.8/site-packages/airflow/example_dags/tutorial_taskflow_api_virtualenv.py
[2023-09-09T14:12:37.090+0000] {logging_mixin.py:151} INFO - [2023-09-09T14:12:37.090+0000] {dag.py:2907} INFO - Sync 1 DAGs
[2023-09-09T14:12:37.098+0000] {logging_mixin.py:151} INFO - [2023-09-09T14:12:37.097+0000] {dag.py:3677} INFO - Setting next_dagrun for tutorial_taskflow_api_virtualenv to None, run_after=None
[2023-09-09T14:12:37.109+0000] {processor.py:179} INFO - Processing /home/airflow/.local/lib/python3.8/site-packages/airflow/example_dags/tutorial_taskflow_api_virtualenv.py took 0.040 seconds
[2023-09-09T14:13:07.495+0000] {processor.py:157} INFO - Started process (PID=1958) to work on /home/airflow/.local/lib/python3.8/site-packages/airflow/example_dags/tutorial_taskflow_api_virtualenv.py
[2023-09-09T14:13:07.496+0000] {processor.py:829} INFO - Processing file /home/airflow/.local/lib/python3.8/site-packages/airflow/example_dags/tutorial_taskflow_api_virtualenv.py for tasks to queue
[2023-09-09T14:13:07.498+0000] {logging_mixin.py:151} INFO - [2023-09-09T14:13:07.498+0000] {dagbag.py:539} INFO - Filling up the DagBag from /home/airflow/.local/lib/python3.8/site-packages/airflow/example_dags/tutorial_taskflow_api_virtualenv.py
[2023-09-09T14:13:07.502+0000] {processor.py:839} INFO - DAG(s) dict_keys(['tutorial_taskflow_api_virtualenv']) retrieved from /home/airflow/.local/lib/python3.8/site-packages/airflow/example_dags/tutorial_taskflow_api_virtualenv.py
[2023-09-09T14:13:07.515+0000] {logging_mixin.py:151} INFO - [2023-09-09T14:13:07.515+0000] {dag.py:2907} INFO - Sync 1 DAGs
[2023-09-09T14:13:07.524+0000] {logging_mixin.py:151} INFO - [2023-09-09T14:13:07.524+0000] {dag.py:3677} INFO - Setting next_dagrun for tutorial_taskflow_api_virtualenv to None, run_after=None
[2023-09-09T14:13:07.535+0000] {processor.py:179} INFO - Processing /home/airflow/.local/lib/python3.8/site-packages/airflow/example_dags/tutorial_taskflow_api_virtualenv.py took 0.042 seconds
[2023-09-09T14:13:38.465+0000] {processor.py:157} INFO - Started process (PID=2013) to work on /home/airflow/.local/lib/python3.8/site-packages/airflow/example_dags/tutorial_taskflow_api_virtualenv.py
[2023-09-09T14:13:38.466+0000] {processor.py:829} INFO - Processing file /home/airflow/.local/lib/python3.8/site-packages/airflow/example_dags/tutorial_taskflow_api_virtualenv.py for tasks to queue
[2023-09-09T14:13:38.467+0000] {logging_mixin.py:151} INFO - [2023-09-09T14:13:38.467+0000] {dagbag.py:539} INFO - Filling up the DagBag from /home/airflow/.local/lib/python3.8/site-packages/airflow/example_dags/tutorial_taskflow_api_virtualenv.py
[2023-09-09T14:13:38.472+0000] {processor.py:839} INFO - DAG(s) dict_keys(['tutorial_taskflow_api_virtualenv']) retrieved from /home/airflow/.local/lib/python3.8/site-packages/airflow/example_dags/tutorial_taskflow_api_virtualenv.py
[2023-09-09T14:13:38.484+0000] {logging_mixin.py:151} INFO - [2023-09-09T14:13:38.484+0000] {dag.py:2907} INFO - Sync 1 DAGs
[2023-09-09T14:13:38.492+0000] {logging_mixin.py:151} INFO - [2023-09-09T14:13:38.491+0000] {dag.py:3677} INFO - Setting next_dagrun for tutorial_taskflow_api_virtualenv to None, run_after=None
[2023-09-09T14:13:38.503+0000] {processor.py:179} INFO - Processing /home/airflow/.local/lib/python3.8/site-packages/airflow/example_dags/tutorial_taskflow_api_virtualenv.py took 0.040 seconds
[2023-09-09T14:14:08.698+0000] {processor.py:157} INFO - Started process (PID=2069) to work on /home/airflow/.local/lib/python3.8/site-packages/airflow/example_dags/tutorial_taskflow_api_virtualenv.py
[2023-09-09T14:14:08.699+0000] {processor.py:829} INFO - Processing file /home/airflow/.local/lib/python3.8/site-packages/airflow/example_dags/tutorial_taskflow_api_virtualenv.py for tasks to queue
[2023-09-09T14:14:08.701+0000] {logging_mixin.py:151} INFO - [2023-09-09T14:14:08.701+0000] {dagbag.py:539} INFO - Filling up the DagBag from /home/airflow/.local/lib/python3.8/site-packages/airflow/example_dags/tutorial_taskflow_api_virtualenv.py
[2023-09-09T14:14:08.706+0000] {processor.py:839} INFO - DAG(s) dict_keys(['tutorial_taskflow_api_virtualenv']) retrieved from /home/airflow/.local/lib/python3.8/site-packages/airflow/example_dags/tutorial_taskflow_api_virtualenv.py
[2023-09-09T14:14:08.722+0000] {logging_mixin.py:151} INFO - [2023-09-09T14:14:08.722+0000] {dag.py:2907} INFO - Sync 1 DAGs
[2023-09-09T14:14:08.731+0000] {logging_mixin.py:151} INFO - [2023-09-09T14:14:08.731+0000] {dag.py:3677} INFO - Setting next_dagrun for tutorial_taskflow_api_virtualenv to None, run_after=None
[2023-09-09T14:14:08.745+0000] {processor.py:179} INFO - Processing /home/airflow/.local/lib/python3.8/site-packages/airflow/example_dags/tutorial_taskflow_api_virtualenv.py took 0.048 seconds
[2023-09-09T14:14:39.837+0000] {processor.py:157} INFO - Started process (PID=2125) to work on /home/airflow/.local/lib/python3.8/site-packages/airflow/example_dags/tutorial_taskflow_api_virtualenv.py
[2023-09-09T14:14:39.838+0000] {processor.py:829} INFO - Processing file /home/airflow/.local/lib/python3.8/site-packages/airflow/example_dags/tutorial_taskflow_api_virtualenv.py for tasks to queue
[2023-09-09T14:14:39.839+0000] {logging_mixin.py:151} INFO - [2023-09-09T14:14:39.839+0000] {dagbag.py:539} INFO - Filling up the DagBag from /home/airflow/.local/lib/python3.8/site-packages/airflow/example_dags/tutorial_taskflow_api_virtualenv.py
[2023-09-09T14:14:39.844+0000] {processor.py:839} INFO - DAG(s) dict_keys(['tutorial_taskflow_api_virtualenv']) retrieved from /home/airflow/.local/lib/python3.8/site-packages/airflow/example_dags/tutorial_taskflow_api_virtualenv.py
[2023-09-09T14:14:39.858+0000] {logging_mixin.py:151} INFO - [2023-09-09T14:14:39.858+0000] {dag.py:2907} INFO - Sync 1 DAGs
[2023-09-09T14:14:39.866+0000] {logging_mixin.py:151} INFO - [2023-09-09T14:14:39.866+0000] {dag.py:3677} INFO - Setting next_dagrun for tutorial_taskflow_api_virtualenv to None, run_after=None
[2023-09-09T14:14:39.879+0000] {processor.py:179} INFO - Processing /home/airflow/.local/lib/python3.8/site-packages/airflow/example_dags/tutorial_taskflow_api_virtualenv.py took 0.044 seconds
[2023-09-09T14:15:11.163+0000] {processor.py:157} INFO - Started process (PID=2180) to work on /home/airflow/.local/lib/python3.8/site-packages/airflow/example_dags/tutorial_taskflow_api_virtualenv.py
[2023-09-09T14:15:11.164+0000] {processor.py:829} INFO - Processing file /home/airflow/.local/lib/python3.8/site-packages/airflow/example_dags/tutorial_taskflow_api_virtualenv.py for tasks to queue
[2023-09-09T14:15:11.165+0000] {logging_mixin.py:151} INFO - [2023-09-09T14:15:11.165+0000] {dagbag.py:539} INFO - Filling up the DagBag from /home/airflow/.local/lib/python3.8/site-packages/airflow/example_dags/tutorial_taskflow_api_virtualenv.py
[2023-09-09T14:15:11.170+0000] {processor.py:839} INFO - DAG(s) dict_keys(['tutorial_taskflow_api_virtualenv']) retrieved from /home/airflow/.local/lib/python3.8/site-packages/airflow/example_dags/tutorial_taskflow_api_virtualenv.py
[2023-09-09T14:15:11.184+0000] {logging_mixin.py:151} INFO - [2023-09-09T14:15:11.184+0000] {dag.py:2907} INFO - Sync 1 DAGs
[2023-09-09T14:15:11.195+0000] {logging_mixin.py:151} INFO - [2023-09-09T14:15:11.194+0000] {dag.py:3677} INFO - Setting next_dagrun for tutorial_taskflow_api_virtualenv to None, run_after=None
[2023-09-09T14:15:11.207+0000] {processor.py:179} INFO - Processing /home/airflow/.local/lib/python3.8/site-packages/airflow/example_dags/tutorial_taskflow_api_virtualenv.py took 0.046 seconds
[2023-09-09T14:15:41.354+0000] {processor.py:157} INFO - Started process (PID=2237) to work on /home/airflow/.local/lib/python3.8/site-packages/airflow/example_dags/tutorial_taskflow_api_virtualenv.py
[2023-09-09T14:15:41.354+0000] {processor.py:829} INFO - Processing file /home/airflow/.local/lib/python3.8/site-packages/airflow/example_dags/tutorial_taskflow_api_virtualenv.py for tasks to queue
[2023-09-09T14:15:41.356+0000] {logging_mixin.py:151} INFO - [2023-09-09T14:15:41.356+0000] {dagbag.py:539} INFO - Filling up the DagBag from /home/airflow/.local/lib/python3.8/site-packages/airflow/example_dags/tutorial_taskflow_api_virtualenv.py
[2023-09-09T14:15:41.362+0000] {processor.py:839} INFO - DAG(s) dict_keys(['tutorial_taskflow_api_virtualenv']) retrieved from /home/airflow/.local/lib/python3.8/site-packages/airflow/example_dags/tutorial_taskflow_api_virtualenv.py
[2023-09-09T14:15:41.376+0000] {logging_mixin.py:151} INFO - [2023-09-09T14:15:41.376+0000] {dag.py:2907} INFO - Sync 1 DAGs
[2023-09-09T14:15:41.385+0000] {logging_mixin.py:151} INFO - [2023-09-09T14:15:41.384+0000] {dag.py:3677} INFO - Setting next_dagrun for tutorial_taskflow_api_virtualenv to None, run_after=None
[2023-09-09T14:15:41.397+0000] {processor.py:179} INFO - Processing /home/airflow/.local/lib/python3.8/site-packages/airflow/example_dags/tutorial_taskflow_api_virtualenv.py took 0.046 seconds
[2023-09-09T14:16:11.666+0000] {processor.py:157} INFO - Started process (PID=2292) to work on /home/airflow/.local/lib/python3.8/site-packages/airflow/example_dags/tutorial_taskflow_api_virtualenv.py
[2023-09-09T14:16:11.666+0000] {processor.py:829} INFO - Processing file /home/airflow/.local/lib/python3.8/site-packages/airflow/example_dags/tutorial_taskflow_api_virtualenv.py for tasks to queue
[2023-09-09T14:16:11.668+0000] {logging_mixin.py:151} INFO - [2023-09-09T14:16:11.668+0000] {dagbag.py:539} INFO - Filling up the DagBag from /home/airflow/.local/lib/python3.8/site-packages/airflow/example_dags/tutorial_taskflow_api_virtualenv.py
[2023-09-09T14:16:11.672+0000] {processor.py:839} INFO - DAG(s) dict_keys(['tutorial_taskflow_api_virtualenv']) retrieved from /home/airflow/.local/lib/python3.8/site-packages/airflow/example_dags/tutorial_taskflow_api_virtualenv.py
[2023-09-09T14:16:11.684+0000] {logging_mixin.py:151} INFO - [2023-09-09T14:16:11.684+0000] {dag.py:2907} INFO - Sync 1 DAGs
[2023-09-09T14:16:11.692+0000] {logging_mixin.py:151} INFO - [2023-09-09T14:16:11.692+0000] {dag.py:3677} INFO - Setting next_dagrun for tutorial_taskflow_api_virtualenv to None, run_after=None
[2023-09-09T14:16:11.703+0000] {processor.py:179} INFO - Processing /home/airflow/.local/lib/python3.8/site-packages/airflow/example_dags/tutorial_taskflow_api_virtualenv.py took 0.040 seconds
[2023-09-09T14:16:41.815+0000] {processor.py:157} INFO - Started process (PID=2347) to work on /home/airflow/.local/lib/python3.8/site-packages/airflow/example_dags/tutorial_taskflow_api_virtualenv.py
[2023-09-09T14:16:41.816+0000] {processor.py:829} INFO - Processing file /home/airflow/.local/lib/python3.8/site-packages/airflow/example_dags/tutorial_taskflow_api_virtualenv.py for tasks to queue
[2023-09-09T14:16:41.818+0000] {logging_mixin.py:151} INFO - [2023-09-09T14:16:41.818+0000] {dagbag.py:539} INFO - Filling up the DagBag from /home/airflow/.local/lib/python3.8/site-packages/airflow/example_dags/tutorial_taskflow_api_virtualenv.py
[2023-09-09T14:16:41.822+0000] {processor.py:839} INFO - DAG(s) dict_keys(['tutorial_taskflow_api_virtualenv']) retrieved from /home/airflow/.local/lib/python3.8/site-packages/airflow/example_dags/tutorial_taskflow_api_virtualenv.py
[2023-09-09T14:16:41.834+0000] {logging_mixin.py:151} INFO - [2023-09-09T14:16:41.834+0000] {dag.py:2907} INFO - Sync 1 DAGs
[2023-09-09T14:16:41.842+0000] {logging_mixin.py:151} INFO - [2023-09-09T14:16:41.841+0000] {dag.py:3677} INFO - Setting next_dagrun for tutorial_taskflow_api_virtualenv to None, run_after=None
[2023-09-09T14:16:41.853+0000] {processor.py:179} INFO - Processing /home/airflow/.local/lib/python3.8/site-packages/airflow/example_dags/tutorial_taskflow_api_virtualenv.py took 0.039 seconds
[2023-09-09T14:17:12.184+0000] {processor.py:157} INFO - Started process (PID=2402) to work on /home/airflow/.local/lib/python3.8/site-packages/airflow/example_dags/tutorial_taskflow_api_virtualenv.py
[2023-09-09T14:17:12.185+0000] {processor.py:829} INFO - Processing file /home/airflow/.local/lib/python3.8/site-packages/airflow/example_dags/tutorial_taskflow_api_virtualenv.py for tasks to queue
[2023-09-09T14:17:12.186+0000] {logging_mixin.py:151} INFO - [2023-09-09T14:17:12.186+0000] {dagbag.py:539} INFO - Filling up the DagBag from /home/airflow/.local/lib/python3.8/site-packages/airflow/example_dags/tutorial_taskflow_api_virtualenv.py
[2023-09-09T14:17:12.191+0000] {processor.py:839} INFO - DAG(s) dict_keys(['tutorial_taskflow_api_virtualenv']) retrieved from /home/airflow/.local/lib/python3.8/site-packages/airflow/example_dags/tutorial_taskflow_api_virtualenv.py
[2023-09-09T14:17:12.203+0000] {logging_mixin.py:151} INFO - [2023-09-09T14:17:12.202+0000] {dag.py:2907} INFO - Sync 1 DAGs
[2023-09-09T14:17:12.210+0000] {logging_mixin.py:151} INFO - [2023-09-09T14:17:12.210+0000] {dag.py:3677} INFO - Setting next_dagrun for tutorial_taskflow_api_virtualenv to None, run_after=None
[2023-09-09T14:17:12.224+0000] {processor.py:179} INFO - Processing /home/airflow/.local/lib/python3.8/site-packages/airflow/example_dags/tutorial_taskflow_api_virtualenv.py took 0.042 seconds
