[2023-09-13T12:14:57.768+0000] {taskinstance.py:1159} INFO - Dependencies all met for dep_context=non-requeueable deps ti=<TaskInstance: business_question.most_productive_artist scheduled__2023-09-12T02:00:00+00:00 [queued]>
[2023-09-13T12:14:57.774+0000] {taskinstance.py:1159} INFO - Dependencies all met for dep_context=requeueable deps ti=<TaskInstance: business_question.most_productive_artist scheduled__2023-09-12T02:00:00+00:00 [queued]>
[2023-09-13T12:14:57.775+0000] {taskinstance.py:1361} INFO - Starting attempt 1 of 2
[2023-09-13T12:14:57.806+0000] {taskinstance.py:1382} INFO - Executing <Task(PostgresOperator): most_productive_artist> on 2023-09-12 02:00:00+00:00
[2023-09-13T12:14:57.811+0000] {standard_task_runner.py:57} INFO - Started process 78 to run task
[2023-09-13T12:14:57.814+0000] {standard_task_runner.py:84} INFO - Running: ['***', 'tasks', 'run', 'business_question', 'most_productive_artist', 'scheduled__2023-09-12T02:00:00+00:00', '--job-id', '154', '--raw', '--subdir', 'DAGS_FOLDER/business_question.py', '--cfg-path', '/tmp/tmpdyvdpzuw']
[2023-09-13T12:14:57.816+0000] {standard_task_runner.py:85} INFO - Job 154: Subtask most_productive_artist
[2023-09-13T12:14:57.854+0000] {task_command.py:415} INFO - Running <TaskInstance: business_question.most_productive_artist scheduled__2023-09-12T02:00:00+00:00 [running]> on host bdff3168b881
[2023-09-13T12:14:57.920+0000] {taskinstance.py:1660} INFO - Exporting env vars: AIRFLOW_CTX_DAG_OWNER='Aditiya Rahman' AIRFLOW_CTX_DAG_ID='business_question' AIRFLOW_CTX_TASK_ID='most_productive_artist' AIRFLOW_CTX_EXECUTION_DATE='2023-09-12T02:00:00+00:00' AIRFLOW_CTX_TRY_NUMBER='1' AIRFLOW_CTX_DAG_RUN_ID='scheduled__2023-09-12T02:00:00+00:00'
[2023-09-13T12:14:57.922+0000] {sql.py:274} INFO - Executing: 
    SELECT "ArtistId", "ArtistName", COUNT("TrackId") as "TotalTrack"
    FROM "songs"
    GROUP BY "GenreName", "ArtistId", "ArtistName"
    ORDER BY "TotalTrack" DESC
    
[2023-09-13T12:14:57.927+0000] {base.py:73} INFO - Using connection ID 'datawarehouse' for task execution.
[2023-09-13T12:14:57.933+0000] {base.py:73} INFO - Using connection ID 'datawarehouse' for task execution.
[2023-09-13T12:14:57.936+0000] {sql.py:418} INFO - Running statement: 
    SELECT "ArtistId", "ArtistName", COUNT("TrackId") as "TotalTrack"
    FROM "songs"
    GROUP BY "GenreName", "ArtistId", "ArtistName"
    ORDER BY "TotalTrack" DESC
    , parameters: None
[2023-09-13T12:14:57.938+0000] {sql.py:427} INFO - Rows affected: 233
[2023-09-13T12:14:57.959+0000] {taskinstance.py:1400} INFO - Marking task as SUCCESS. dag_id=business_question, task_id=most_productive_artist, execution_date=20230912T020000, start_date=20230913T121457, end_date=20230913T121457
[2023-09-13T12:14:57.986+0000] {local_task_job_runner.py:228} INFO - Task exited with return code 0
[2023-09-13T12:14:58.004+0000] {taskinstance.py:2784} INFO - 1 downstream tasks scheduled from follow-on schedule check
