[2023-09-09T14:17:11.204+0000] {taskinstance.py:1159} INFO - Dependencies all met for dep_context=non-requeueable deps ti=<TaskInstance: artis_revenue.insert_into_artist_revenue manual__2023-09-09T14:12:06.848607+00:00 [queued]>
[2023-09-09T14:17:11.209+0000] {taskinstance.py:1159} INFO - Dependencies all met for dep_context=requeueable deps ti=<TaskInstance: artis_revenue.insert_into_artist_revenue manual__2023-09-09T14:12:06.848607+00:00 [queued]>
[2023-09-09T14:17:11.209+0000] {taskinstance.py:1361} INFO - Starting attempt 1 of 2
[2023-09-09T14:17:11.218+0000] {taskinstance.py:1382} INFO - Executing <Task(GenericTransfer): insert_into_artist_revenue> on 2023-09-09 14:12:06.848607+00:00
[2023-09-09T14:17:11.222+0000] {standard_task_runner.py:57} INFO - Started process 442 to run task
[2023-09-09T14:17:11.224+0000] {standard_task_runner.py:84} INFO - Running: ['***', 'tasks', 'run', 'artis_revenue', 'insert_into_artist_revenue', 'manual__2023-09-09T14:12:06.848607+00:00', '--job-id', '81', '--raw', '--subdir', 'DAGS_FOLDER/artist_revenue.py', '--cfg-path', '/tmp/tmpll_cvv5c']
[2023-09-09T14:17:11.225+0000] {standard_task_runner.py:85} INFO - Job 81: Subtask insert_into_artist_revenue
[2023-09-09T14:17:11.252+0000] {task_command.py:415} INFO - Running <TaskInstance: artis_revenue.insert_into_artist_revenue manual__2023-09-09T14:12:06.848607+00:00 [running]> on host 80a7ead3f1b6
[2023-09-09T14:17:11.295+0000] {taskinstance.py:1660} INFO - Exporting env vars: AIRFLOW_CTX_DAG_OWNER='Aditiya Rahman' AIRFLOW_CTX_DAG_ID='artis_revenue' AIRFLOW_CTX_TASK_ID='insert_into_artist_revenue' AIRFLOW_CTX_EXECUTION_DATE='2023-09-09T14:12:06.848607+00:00' AIRFLOW_CTX_TRY_NUMBER='1' AIRFLOW_CTX_DAG_RUN_ID='manual__2023-09-09T14:12:06.848607+00:00'
[2023-09-09T14:17:11.300+0000] {base.py:73} INFO - Using connection ID 'postgres' for task execution.
[2023-09-09T14:17:11.305+0000] {base.py:73} INFO - Using connection ID 'datawarehouse' for task execution.
[2023-09-09T14:17:11.305+0000] {generic_transfer.py:77} INFO - Extracting data from postgres
[2023-09-09T14:17:11.305+0000] {generic_transfer.py:78} INFO - Executing: 
 
SELECT a."ArtistId", 
       a."Name", 
       b."Title", 
       c."Name", 
       (d."Quantity" * d."UnitPrice"),
       d."InvoiceLineId",
       e."InvoiceId",
       e."InvoiceDate"
FROM "Artist" a
JOIN "Album" b
ON a."ArtistId" = b."ArtistId"
JOIN "Track" c
ON b."AlbumId" = c."AlbumId"
JOIN "InvoiceLine" d
ON c."TrackId" = d."TrackId"
JOIN "Invoice" e
ON d."InvoiceId" = e."InvoiceId"
[2023-09-09T14:17:11.308+0000] {base.py:73} INFO - Using connection ID 'postgres' for task execution.
[2023-09-09T14:17:11.310+0000] {sql.py:418} INFO - Running statement: 
SELECT a."ArtistId", 
       a."Name", 
       b."Title", 
       c."Name", 
       (d."Quantity" * d."UnitPrice"),
       d."InvoiceLineId",
       e."InvoiceId",
       e."InvoiceDate"
FROM "Artist" a
JOIN "Album" b
ON a."ArtistId" = b."ArtistId"
JOIN "Track" c
ON b."AlbumId" = c."AlbumId"
JOIN "InvoiceLine" d
ON c."TrackId" = d."TrackId"
JOIN "Invoice" e
ON d."InvoiceId" = e."InvoiceId", parameters: None
[2023-09-09T14:17:11.315+0000] {sql.py:427} INFO - Rows affected: 2240
[2023-09-09T14:17:11.319+0000] {generic_transfer.py:105} INFO - Inserting rows into datawarehouse
[2023-09-09T14:17:11.323+0000] {base.py:73} INFO - Using connection ID 'datawarehouse' for task execution.
[2023-09-09T14:17:11.437+0000] {sql.py:512} INFO - Loaded 1000 rows into artist_revenue so far
[2023-09-09T14:17:11.552+0000] {sql.py:512} INFO - Loaded 2000 rows into artist_revenue so far
[2023-09-09T14:17:11.579+0000] {sql.py:515} INFO - Done loading. Loaded a total of 2240 rows into artist_revenue
[2023-09-09T14:17:11.586+0000] {taskinstance.py:1400} INFO - Marking task as SUCCESS. dag_id=artis_revenue, task_id=insert_into_artist_revenue, execution_date=20230909T141206, start_date=20230909T141711, end_date=20230909T141711
[2023-09-09T14:17:11.636+0000] {local_task_job_runner.py:228} INFO - Task exited with return code 0
[2023-09-09T14:17:11.647+0000] {taskinstance.py:2784} INFO - 0 downstream tasks scheduled from follow-on schedule check
