[2023-09-13T12:15:00.227+0000] {taskinstance.py:1159} INFO - Dependencies all met for dep_context=non-requeueable deps ti=<TaskInstance: business_question.city_with_most_purchases scheduled__2023-09-12T02:00:00+00:00 [queued]>
[2023-09-13T12:15:00.234+0000] {taskinstance.py:1159} INFO - Dependencies all met for dep_context=requeueable deps ti=<TaskInstance: business_question.city_with_most_purchases scheduled__2023-09-12T02:00:00+00:00 [queued]>
[2023-09-13T12:15:00.234+0000] {taskinstance.py:1361} INFO - Starting attempt 1 of 2
[2023-09-13T12:15:00.248+0000] {taskinstance.py:1382} INFO - Executing <Task(PostgresOperator): city_with_most_purchases> on 2023-09-12 02:00:00+00:00
[2023-09-13T12:15:00.253+0000] {standard_task_runner.py:57} INFO - Started process 89 to run task
[2023-09-13T12:15:00.255+0000] {standard_task_runner.py:84} INFO - Running: ['***', 'tasks', 'run', 'business_question', 'city_with_most_purchases', 'scheduled__2023-09-12T02:00:00+00:00', '--job-id', '157', '--raw', '--subdir', 'DAGS_FOLDER/business_question.py', '--cfg-path', '/tmp/tmp10byl862']
[2023-09-13T12:15:00.257+0000] {standard_task_runner.py:85} INFO - Job 157: Subtask city_with_most_purchases
[2023-09-13T12:15:00.292+0000] {task_command.py:415} INFO - Running <TaskInstance: business_question.city_with_most_purchases scheduled__2023-09-12T02:00:00+00:00 [running]> on host bdff3168b881
[2023-09-13T12:15:00.366+0000] {taskinstance.py:1660} INFO - Exporting env vars: AIRFLOW_CTX_DAG_OWNER='Aditiya Rahman' AIRFLOW_CTX_DAG_ID='business_question' AIRFLOW_CTX_TASK_ID='city_with_most_purchases' AIRFLOW_CTX_EXECUTION_DATE='2023-09-12T02:00:00+00:00' AIRFLOW_CTX_TRY_NUMBER='1' AIRFLOW_CTX_DAG_RUN_ID='scheduled__2023-09-12T02:00:00+00:00'
[2023-09-13T12:15:00.367+0000] {sql.py:274} INFO - Executing: 
    SELECT "City", COUNT("InvoiceId") as "TotalPurchases"
    FROM "transactions"
    GROUP BY "City"
    ORDER BY "TotalPurchases" DESC
    
[2023-09-13T12:15:00.373+0000] {base.py:73} INFO - Using connection ID 'datawarehouse' for task execution.
[2023-09-13T12:15:00.381+0000] {base.py:73} INFO - Using connection ID 'datawarehouse' for task execution.
[2023-09-13T12:15:00.385+0000] {sql.py:418} INFO - Running statement: 
    SELECT "City", COUNT("InvoiceId") as "TotalPurchases"
    FROM "transactions"
    GROUP BY "City"
    ORDER BY "TotalPurchases" DESC
    , parameters: None
[2023-09-13T12:15:00.387+0000] {sql.py:427} INFO - Rows affected: 53
[2023-09-13T12:15:00.405+0000] {taskinstance.py:1400} INFO - Marking task as SUCCESS. dag_id=business_question, task_id=city_with_most_purchases, execution_date=20230912T020000, start_date=20230913T121500, end_date=20230913T121500
[2023-09-13T12:15:00.427+0000] {local_task_job_runner.py:228} INFO - Task exited with return code 0
[2023-09-13T12:15:00.440+0000] {taskinstance.py:2784} INFO - 0 downstream tasks scheduled from follow-on schedule check
