[2023-09-08T14:07:36.736+0000] {taskinstance.py:1159} INFO - Dependencies all met for dep_context=non-requeueable deps ti=<TaskInstance: artis_revenue.insert_into_dwh manual__2023-09-08T14:02:33.735517+00:00 [queued]>
[2023-09-08T14:07:36.741+0000] {taskinstance.py:1159} INFO - Dependencies all met for dep_context=requeueable deps ti=<TaskInstance: artis_revenue.insert_into_dwh manual__2023-09-08T14:02:33.735517+00:00 [queued]>
[2023-09-08T14:07:36.742+0000] {taskinstance.py:1361} INFO - Starting attempt 2 of 2
[2023-09-08T14:07:36.753+0000] {taskinstance.py:1382} INFO - Executing <Task(CreateTableIfNotExist): insert_into_dwh> on 2023-09-08 14:02:33.735517+00:00
[2023-09-08T14:07:36.757+0000] {standard_task_runner.py:57} INFO - Started process 431 to run task
[2023-09-08T14:07:36.759+0000] {standard_task_runner.py:84} INFO - Running: ['***', 'tasks', 'run', 'artis_revenue', 'insert_into_dwh', 'manual__2023-09-08T14:02:33.735517+00:00', '--job-id', '53', '--raw', '--subdir', 'DAGS_FOLDER/artist_revenue.py', '--cfg-path', '/tmp/tmpo6cbo6sc']
[2023-09-08T14:07:36.761+0000] {standard_task_runner.py:85} INFO - Job 53: Subtask insert_into_dwh
[2023-09-08T14:07:36.789+0000] {task_command.py:415} INFO - Running <TaskInstance: artis_revenue.insert_into_dwh manual__2023-09-08T14:02:33.735517+00:00 [running]> on host 80a7ead3f1b6
[2023-09-08T14:07:36.836+0000] {taskinstance.py:1660} INFO - Exporting env vars: AIRFLOW_CTX_DAG_OWNER='Aditiya Rahman' AIRFLOW_CTX_DAG_ID='artis_revenue' AIRFLOW_CTX_TASK_ID='insert_into_dwh' AIRFLOW_CTX_EXECUTION_DATE='2023-09-08T14:02:33.735517+00:00' AIRFLOW_CTX_TRY_NUMBER='2' AIRFLOW_CTX_DAG_RUN_ID='manual__2023-09-08T14:02:33.735517+00:00'
[2023-09-08T14:07:36.842+0000] {base.py:73} INFO - Using connection ID 'postgres' for task execution.
[2023-09-08T14:07:36.844+0000] {sql.py:418} INFO - Running statement: 
SELECT a."ArtistId", 
       a."Name", 
       b."Title", 
       c."Name", 
       (d."Quantity" * d."UnitPrice"),
       d."InvoiceLineId",
       e."InvoiceId",
       e."InvoiceDate"
FROM "Artist" a
JOIN "Album" b
ON a."ArtistId" = b."ArtistId"
JOIN "Track" c
ON b."AlbumId" = c."AlbumId"
JOIN "InvoiceLine" d
ON c."TrackId" = d."TrackId"
JOIN "Invoice" e
ON d."InvoiceId" = e."InvoiceId"
, parameters: None
[2023-09-08T14:07:36.849+0000] {sql.py:427} INFO - Rows affected: 2240
[2023-09-08T14:07:36.853+0000] {base.py:73} INFO - Using connection ID 'postgres' for task execution.
[2023-09-08T14:07:36.855+0000] {sql.py:418} INFO - Running statement: SELECT column_name, data_type FROM information_schema.columns WHERE table_name = 'result', parameters: None
[2023-09-08T14:07:36.859+0000] {sql.py:427} INFO - Rows affected: 0
[2023-09-08T14:07:36.862+0000] {base.py:73} INFO - Using connection ID 'datawarehouse' for task execution.
[2023-09-08T14:07:36.864+0000] {sql.py:418} INFO - Running statement: SELECT EXISTS (SELECT 1 FROM information_schema.tables WHERE table_name = 'artist_revenue'), parameters: None
[2023-09-08T14:07:36.866+0000] {sql.py:427} INFO - Rows affected: 1
[2023-09-08T14:07:36.866+0000] {create_table_operator.py:40} INFO - Table 'artist_revenue' already exists.
[2023-09-08T14:07:36.871+0000] {taskinstance.py:1400} INFO - Marking task as SUCCESS. dag_id=artis_revenue, task_id=insert_into_dwh, execution_date=20230908T140233, start_date=20230908T140736, end_date=20230908T140736
[2023-09-08T14:07:36.891+0000] {local_task_job_runner.py:228} INFO - Task exited with return code 0
[2023-09-08T14:07:36.901+0000] {taskinstance.py:2784} INFO - 0 downstream tasks scheduled from follow-on schedule check
