[2023-09-09T14:17:10.123+0000] {taskinstance.py:1159} INFO - Dependencies all met for dep_context=non-requeueable deps ti=<TaskInstance: artis_revenue.create_table_artist_revenue manual__2023-09-09T14:12:06.848607+00:00 [queued]>
[2023-09-09T14:17:10.129+0000] {taskinstance.py:1159} INFO - Dependencies all met for dep_context=requeueable deps ti=<TaskInstance: artis_revenue.create_table_artist_revenue manual__2023-09-09T14:12:06.848607+00:00 [queued]>
[2023-09-09T14:17:10.129+0000] {taskinstance.py:1361} INFO - Starting attempt 1 of 2
[2023-09-09T14:17:10.139+0000] {taskinstance.py:1382} INFO - Executing <Task(PostgresOperator): create_table_artist_revenue> on 2023-09-09 14:12:06.848607+00:00
[2023-09-09T14:17:10.142+0000] {standard_task_runner.py:57} INFO - Started process 439 to run task
[2023-09-09T14:17:10.144+0000] {standard_task_runner.py:84} INFO - Running: ['***', 'tasks', 'run', 'artis_revenue', 'create_table_artist_revenue', 'manual__2023-09-09T14:12:06.848607+00:00', '--job-id', '80', '--raw', '--subdir', 'DAGS_FOLDER/artist_revenue.py', '--cfg-path', '/tmp/tmp3ooei1kc']
[2023-09-09T14:17:10.146+0000] {standard_task_runner.py:85} INFO - Job 80: Subtask create_table_artist_revenue
[2023-09-09T14:17:10.174+0000] {task_command.py:415} INFO - Running <TaskInstance: artis_revenue.create_table_artist_revenue manual__2023-09-09T14:12:06.848607+00:00 [running]> on host 80a7ead3f1b6
[2023-09-09T14:17:10.224+0000] {taskinstance.py:1660} INFO - Exporting env vars: AIRFLOW_CTX_DAG_OWNER='Aditiya Rahman' AIRFLOW_CTX_DAG_ID='artis_revenue' AIRFLOW_CTX_TASK_ID='create_table_artist_revenue' AIRFLOW_CTX_EXECUTION_DATE='2023-09-09T14:12:06.848607+00:00' AIRFLOW_CTX_TRY_NUMBER='1' AIRFLOW_CTX_DAG_RUN_ID='manual__2023-09-09T14:12:06.848607+00:00'
[2023-09-09T14:17:10.226+0000] {sql.py:274} INFO - Executing: 
CREATE TABLE "artist_revenue" (
    "ArtistId" INT NOT NULL,
    "ArtistName" VARCHAR(120),
    "AlbumTitle" VARCHAR(160) NOT NULL,
    "TrackName" VARCHAR(200) NOT NULL,
    "TotalPrice" NUMERIC(10,2) NOT NULL,
    "InvoiceLineId" INT NOT NULL,
    "InvoiceId" INT NOT NULL,
    "InvoiceDate" TIMESTAMP NOT NULL
);
[2023-09-09T14:17:10.231+0000] {base.py:73} INFO - Using connection ID 'datawarehouse' for task execution.
[2023-09-09T14:17:10.236+0000] {base.py:73} INFO - Using connection ID 'datawarehouse' for task execution.
[2023-09-09T14:17:10.238+0000] {sql.py:418} INFO - Running statement: 
CREATE TABLE "artist_revenue" (
    "ArtistId" INT NOT NULL,
    "ArtistName" VARCHAR(120),
    "AlbumTitle" VARCHAR(160) NOT NULL,
    "TrackName" VARCHAR(200) NOT NULL,
    "TotalPrice" NUMERIC(10,2) NOT NULL,
    "InvoiceLineId" INT NOT NULL,
    "InvoiceId" INT NOT NULL,
    "InvoiceDate" TIMESTAMP NOT NULL
);, parameters: None
[2023-09-09T14:17:10.248+0000] {taskinstance.py:1400} INFO - Marking task as SUCCESS. dag_id=artis_revenue, task_id=create_table_artist_revenue, execution_date=20230909T141206, start_date=20230909T141710, end_date=20230909T141710
[2023-09-09T14:17:10.276+0000] {local_task_job_runner.py:228} INFO - Task exited with return code 0
[2023-09-09T14:17:10.290+0000] {taskinstance.py:2784} INFO - 1 downstream tasks scheduled from follow-on schedule check
