[2023-09-09T14:13:01.017+0000] {taskinstance.py:1159} INFO - Dependencies all met for dep_context=non-requeueable deps ti=<TaskInstance: artis_revenue.create_table_if_not_exists manual__2023-09-09T14:12:58.624688+00:00 [queued]>
[2023-09-09T14:13:01.022+0000] {taskinstance.py:1159} INFO - Dependencies all met for dep_context=requeueable deps ti=<TaskInstance: artis_revenue.create_table_if_not_exists manual__2023-09-09T14:12:58.624688+00:00 [queued]>
[2023-09-09T14:13:01.023+0000] {taskinstance.py:1361} INFO - Starting attempt 1 of 2
[2023-09-09T14:13:01.031+0000] {taskinstance.py:1382} INFO - Executing <Task(PostgresOperator): create_table_if_not_exists> on 2023-09-09 14:12:58.624688+00:00
[2023-09-09T14:13:01.035+0000] {standard_task_runner.py:57} INFO - Started process 350 to run task
[2023-09-09T14:13:01.037+0000] {standard_task_runner.py:84} INFO - Running: ['***', 'tasks', 'run', 'artis_revenue', 'create_table_if_not_exists', 'manual__2023-09-09T14:12:58.624688+00:00', '--job-id', '72', '--raw', '--subdir', 'DAGS_FOLDER/artist_revenue.py', '--cfg-path', '/tmp/tmp0bzw3na0']
[2023-09-09T14:13:01.039+0000] {standard_task_runner.py:85} INFO - Job 72: Subtask create_table_if_not_exists
[2023-09-09T14:13:01.065+0000] {task_command.py:415} INFO - Running <TaskInstance: artis_revenue.create_table_if_not_exists manual__2023-09-09T14:12:58.624688+00:00 [running]> on host 80a7ead3f1b6
[2023-09-09T14:13:01.110+0000] {taskinstance.py:1660} INFO - Exporting env vars: AIRFLOW_CTX_DAG_OWNER='Aditiya Rahman' AIRFLOW_CTX_DAG_ID='artis_revenue' AIRFLOW_CTX_TASK_ID='create_table_if_not_exists' AIRFLOW_CTX_EXECUTION_DATE='2023-09-09T14:12:58.624688+00:00' AIRFLOW_CTX_TRY_NUMBER='1' AIRFLOW_CTX_DAG_RUN_ID='manual__2023-09-09T14:12:58.624688+00:00'
[2023-09-09T14:13:01.111+0000] {sql.py:274} INFO - Executing: 
CREATE TABLE IF NOT EXISTS "artist_revenue" (
    "ArtistId" INT NOT NULL,
    "ArtistName" VARCHAR(120),
    "AlbumTitle" VARCHAR(160) NOT NULL,
    "TrackName" VARCHAR(200) NOT NULL,
    "TotalPrice" NUMERIC(10,2) NOT NULL,
    "InvoiceLineId" INT NOT NULL,
    "InvoiceId" INT NOT NULL,
    "InvoiceDate" TIMESTAMP NOT NULL
);
[2023-09-09T14:13:01.116+0000] {base.py:73} INFO - Using connection ID 'datawarehouse' for task execution.
[2023-09-09T14:13:01.121+0000] {base.py:73} INFO - Using connection ID 'datawarehouse' for task execution.
[2023-09-09T14:13:01.123+0000] {sql.py:418} INFO - Running statement: 
CREATE TABLE IF NOT EXISTS "artist_revenue" (
    "ArtistId" INT NOT NULL,
    "ArtistName" VARCHAR(120),
    "AlbumTitle" VARCHAR(160) NOT NULL,
    "TrackName" VARCHAR(200) NOT NULL,
    "TotalPrice" NUMERIC(10,2) NOT NULL,
    "InvoiceLineId" INT NOT NULL,
    "InvoiceId" INT NOT NULL,
    "InvoiceDate" TIMESTAMP NOT NULL
);, parameters: None
[2023-09-09T14:13:01.131+0000] {taskinstance.py:1400} INFO - Marking task as SUCCESS. dag_id=artis_revenue, task_id=create_table_if_not_exists, execution_date=20230909T141258, start_date=20230909T141301, end_date=20230909T141301
[2023-09-09T14:13:01.169+0000] {local_task_job_runner.py:228} INFO - Task exited with return code 0
[2023-09-09T14:13:01.182+0000] {taskinstance.py:2784} INFO - 1 downstream tasks scheduled from follow-on schedule check
