[2023-09-13T14:46:32.651+0000] {taskinstance.py:1159} INFO - Dependencies all met for dep_context=non-requeueable deps ti=<TaskInstance: business_question.insert_into_daily_earnings manual__2023-09-13T14:46:31.307197+00:00 [queued]>
[2023-09-13T14:46:32.657+0000] {taskinstance.py:1159} INFO - Dependencies all met for dep_context=requeueable deps ti=<TaskInstance: business_question.insert_into_daily_earnings manual__2023-09-13T14:46:31.307197+00:00 [queued]>
[2023-09-13T14:46:32.657+0000] {taskinstance.py:1361} INFO - Starting attempt 1 of 2
[2023-09-13T14:46:32.667+0000] {taskinstance.py:1382} INFO - Executing <Task(GenericTransfer): insert_into_daily_earnings> on 2023-09-13 14:46:31.307197+00:00
[2023-09-13T14:46:32.673+0000] {standard_task_runner.py:57} INFO - Started process 2444 to run task
[2023-09-13T14:46:32.677+0000] {standard_task_runner.py:84} INFO - Running: ['***', 'tasks', 'run', 'business_question', 'insert_into_daily_earnings', 'manual__2023-09-13T14:46:31.307197+00:00', '--job-id', '168', '--raw', '--subdir', 'DAGS_FOLDER/business_question.py', '--cfg-path', '/tmp/tmp7m48i80o']
[2023-09-13T14:46:32.679+0000] {standard_task_runner.py:85} INFO - Job 168: Subtask insert_into_daily_earnings
[2023-09-13T14:46:32.720+0000] {task_command.py:415} INFO - Running <TaskInstance: business_question.insert_into_daily_earnings manual__2023-09-13T14:46:31.307197+00:00 [running]> on host bdff3168b881
[2023-09-13T14:46:32.788+0000] {taskinstance.py:1660} INFO - Exporting env vars: AIRFLOW_CTX_DAG_OWNER='Aditiya Rahman' AIRFLOW_CTX_DAG_ID='business_question' AIRFLOW_CTX_TASK_ID='insert_into_daily_earnings' AIRFLOW_CTX_EXECUTION_DATE='2023-09-13T14:46:31.307197+00:00' AIRFLOW_CTX_TRY_NUMBER='1' AIRFLOW_CTX_DAG_RUN_ID='manual__2023-09-13T14:46:31.307197+00:00'
[2023-09-13T14:46:32.796+0000] {base.py:73} INFO - Using connection ID 'datawarehouse' for task execution.
[2023-09-13T14:46:32.809+0000] {base.py:73} INFO - Using connection ID 'datamart' for task execution.
[2023-09-13T14:46:32.809+0000] {generic_transfer.py:77} INFO - Extracting data from datawarehouse
[2023-09-13T14:46:32.809+0000] {generic_transfer.py:78} INFO - Executing: 
 
SELECT "InvoiceDate", SUM("TotalPrice")
FROM "artist_revenue"
GROUP BY "InvoiceDate"
ORDER BY "InvoiceDate"
[2023-09-13T14:46:32.813+0000] {base.py:73} INFO - Using connection ID 'datawarehouse' for task execution.
[2023-09-13T14:46:32.815+0000] {sql.py:418} INFO - Running statement: 
SELECT "InvoiceDate", SUM("TotalPrice")
FROM "artist_revenue"
GROUP BY "InvoiceDate"
ORDER BY "InvoiceDate", parameters: None
[2023-09-13T14:46:32.817+0000] {sql.py:427} INFO - Rows affected: 354
[2023-09-13T14:46:32.817+0000] {generic_transfer.py:95} INFO - Running preoperator
[2023-09-13T14:46:32.817+0000] {generic_transfer.py:96} INFO - ['DROP TABLE IF EXISTS daily_earnings', '\n        CREATE TABLE daily_earnings (\n        "InvoiceDate" TIMESTAMP NOT NULL,\n        "Earnings" NUMERIC(10,2) NOT NULL\n        )\n        ']
[2023-09-13T14:46:32.821+0000] {base.py:73} INFO - Using connection ID 'datamart' for task execution.
[2023-09-13T14:46:32.823+0000] {sql.py:418} INFO - Running statement: DROP TABLE IF EXISTS daily_earnings, parameters: None
[2023-09-13T14:46:32.824+0000] {sql.py:418} INFO - Running statement: 
        CREATE TABLE daily_earnings (
        "InvoiceDate" TIMESTAMP NOT NULL,
        "Earnings" NUMERIC(10,2) NOT NULL
        )
        , parameters: None
[2023-09-13T14:46:32.829+0000] {generic_transfer.py:105} INFO - Inserting rows into datamart
[2023-09-13T14:46:32.832+0000] {base.py:73} INFO - Using connection ID 'datamart' for task execution.
[2023-09-13T14:46:32.871+0000] {sql.py:515} INFO - Done loading. Loaded a total of 354 rows into daily_earnings
[2023-09-13T14:46:32.877+0000] {taskinstance.py:1400} INFO - Marking task as SUCCESS. dag_id=business_question, task_id=insert_into_daily_earnings, execution_date=20230913T144631, start_date=20230913T144632, end_date=20230913T144632
[2023-09-13T14:46:32.928+0000] {local_task_job_runner.py:228} INFO - Task exited with return code 0
[2023-09-13T14:46:32.946+0000] {taskinstance.py:2784} INFO - 1 downstream tasks scheduled from follow-on schedule check
