[2023-09-15T13:34:40.047+0000] {taskinstance.py:1159} INFO - Dependencies all met for dep_context=non-requeueable deps ti=<TaskInstance: business_question.insert_into_artist_earnings manual__2023-09-13T14:46:00.129015+00:00 [queued]>
[2023-09-15T13:34:40.054+0000] {taskinstance.py:1159} INFO - Dependencies all met for dep_context=requeueable deps ti=<TaskInstance: business_question.insert_into_artist_earnings manual__2023-09-13T14:46:00.129015+00:00 [queued]>
[2023-09-15T13:34:40.055+0000] {taskinstance.py:1361} INFO - Starting attempt 2 of 2
[2023-09-15T13:34:40.068+0000] {taskinstance.py:1382} INFO - Executing <Task(GenericTransfer): insert_into_artist_earnings> on 2023-09-13 14:46:00.129015+00:00
[2023-09-15T13:34:40.072+0000] {standard_task_runner.py:57} INFO - Started process 71 to run task
[2023-09-15T13:34:40.076+0000] {standard_task_runner.py:84} INFO - Running: ['***', 'tasks', 'run', 'business_question', 'insert_into_artist_earnings', 'manual__2023-09-13T14:46:00.129015+00:00', '--job-id', '174', '--raw', '--subdir', 'DAGS_FOLDER/business_question.py', '--cfg-path', '/tmp/tmpxh_dy6ru']
[2023-09-15T13:34:40.079+0000] {standard_task_runner.py:85} INFO - Job 174: Subtask insert_into_artist_earnings
[2023-09-15T13:34:40.146+0000] {task_command.py:415} INFO - Running <TaskInstance: business_question.insert_into_artist_earnings manual__2023-09-13T14:46:00.129015+00:00 [running]> on host bdff3168b881
[2023-09-15T13:34:40.239+0000] {taskinstance.py:1660} INFO - Exporting env vars: AIRFLOW_CTX_DAG_OWNER='Aditiya Rahman' AIRFLOW_CTX_DAG_ID='business_question' AIRFLOW_CTX_TASK_ID='insert_into_artist_earnings' AIRFLOW_CTX_EXECUTION_DATE='2023-09-13T14:46:00.129015+00:00' AIRFLOW_CTX_TRY_NUMBER='2' AIRFLOW_CTX_DAG_RUN_ID='manual__2023-09-13T14:46:00.129015+00:00'
[2023-09-15T13:34:40.249+0000] {base.py:73} INFO - Using connection ID 'datawarehouse' for task execution.
[2023-09-15T13:34:40.271+0000] {base.py:73} INFO - Using connection ID 'datamart' for task execution.
[2023-09-15T13:34:40.272+0000] {generic_transfer.py:77} INFO - Extracting data from datawarehouse
[2023-09-15T13:34:40.272+0000] {generic_transfer.py:78} INFO - Executing: 
 
SELECT "ArtistId", "ArtistName", SUM("TotalPrice") AS "Earnings"
FROM "artist_revenue"
GROUP BY "ArtistId", "ArtistName"
ORDER BY "Earnings" DESC
[2023-09-15T13:34:40.279+0000] {base.py:73} INFO - Using connection ID 'datawarehouse' for task execution.
[2023-09-15T13:34:40.300+0000] {sql.py:418} INFO - Running statement: 
SELECT "ArtistId", "ArtistName", SUM("TotalPrice") AS "Earnings"
FROM "artist_revenue"
GROUP BY "ArtistId", "ArtistName"
ORDER BY "Earnings" DESC, parameters: None
[2023-09-15T13:34:40.317+0000] {sql.py:427} INFO - Rows affected: 165
[2023-09-15T13:34:40.318+0000] {generic_transfer.py:95} INFO - Running preoperator
[2023-09-15T13:34:40.318+0000] {generic_transfer.py:96} INFO - ['DROP TABLE IF EXISTS artist_earnings', '\n        CREATE TABLE artist_earnings (\n        "ArtistId" INT NOT NULL,\n        "ArtistName" VARCHAR(120),\n        "Earnings" NUMERIC(10,2) NOT NULL\n        )\n        ']
[2023-09-15T13:34:40.324+0000] {base.py:73} INFO - Using connection ID 'datamart' for task execution.
[2023-09-15T13:34:40.336+0000] {sql.py:418} INFO - Running statement: DROP TABLE IF EXISTS artist_earnings, parameters: None
[2023-09-15T13:34:40.354+0000] {sql.py:418} INFO - Running statement: 
        CREATE TABLE artist_earnings (
        "ArtistId" INT NOT NULL,
        "ArtistName" VARCHAR(120),
        "Earnings" NUMERIC(10,2) NOT NULL
        )
        , parameters: None
[2023-09-15T13:34:40.377+0000] {generic_transfer.py:105} INFO - Inserting rows into datamart
[2023-09-15T13:34:40.382+0000] {base.py:73} INFO - Using connection ID 'datamart' for task execution.
[2023-09-15T13:34:40.417+0000] {sql.py:515} INFO - Done loading. Loaded a total of 165 rows into artist_earnings
[2023-09-15T13:34:40.425+0000] {taskinstance.py:1400} INFO - Marking task as SUCCESS. dag_id=business_question, task_id=insert_into_artist_earnings, execution_date=20230913T144600, start_date=20230915T133440, end_date=20230915T133440
[2023-09-15T13:34:40.448+0000] {local_task_job_runner.py:228} INFO - Task exited with return code 0
[2023-09-15T13:34:40.470+0000] {taskinstance.py:2784} INFO - 1 downstream tasks scheduled from follow-on schedule check
