[2023-09-15T13:34:37.479+0000] {processor.py:157} INFO - Started process (PID=87) to work on /home/airflow/.local/lib/python3.8/site-packages/airflow/example_dags/example_short_circuit_operator.py
[2023-09-15T13:34:37.480+0000] {processor.py:829} INFO - Processing file /home/airflow/.local/lib/python3.8/site-packages/airflow/example_dags/example_short_circuit_operator.py for tasks to queue
[2023-09-15T13:34:37.481+0000] {logging_mixin.py:151} INFO - [2023-09-15T13:34:37.481+0000] {dagbag.py:539} INFO - Filling up the DagBag from /home/airflow/.local/lib/python3.8/site-packages/airflow/example_dags/example_short_circuit_operator.py
[2023-09-15T13:34:37.487+0000] {processor.py:839} INFO - DAG(s) dict_keys(['example_short_circuit_operator']) retrieved from /home/airflow/.local/lib/python3.8/site-packages/airflow/example_dags/example_short_circuit_operator.py
[2023-09-15T13:34:37.505+0000] {logging_mixin.py:151} INFO - [2023-09-15T13:34:37.505+0000] {dag.py:2907} INFO - Sync 1 DAGs
[2023-09-15T13:34:37.524+0000] {logging_mixin.py:151} INFO - [2023-09-15T13:34:37.524+0000] {dag.py:3677} INFO - Setting next_dagrun for example_short_circuit_operator to 2023-09-14T13:34:37.524258+00:00, run_after=2023-09-15T13:34:37.524258+00:00
[2023-09-15T13:34:37.660+0000] {processor.py:179} INFO - Processing /home/airflow/.local/lib/python3.8/site-packages/airflow/example_dags/example_short_circuit_operator.py took 0.183 seconds
[2023-09-15T13:35:08.251+0000] {processor.py:157} INFO - Started process (PID=160) to work on /home/airflow/.local/lib/python3.8/site-packages/airflow/example_dags/example_short_circuit_operator.py
[2023-09-15T13:35:08.252+0000] {processor.py:829} INFO - Processing file /home/airflow/.local/lib/python3.8/site-packages/airflow/example_dags/example_short_circuit_operator.py for tasks to queue
[2023-09-15T13:35:08.253+0000] {logging_mixin.py:151} INFO - [2023-09-15T13:35:08.253+0000] {dagbag.py:539} INFO - Filling up the DagBag from /home/airflow/.local/lib/python3.8/site-packages/airflow/example_dags/example_short_circuit_operator.py
[2023-09-15T13:35:08.258+0000] {processor.py:839} INFO - DAG(s) dict_keys(['example_short_circuit_operator']) retrieved from /home/airflow/.local/lib/python3.8/site-packages/airflow/example_dags/example_short_circuit_operator.py
[2023-09-15T13:35:08.272+0000] {logging_mixin.py:151} INFO - [2023-09-15T13:35:08.271+0000] {dag.py:2907} INFO - Sync 1 DAGs
[2023-09-15T13:35:08.285+0000] {logging_mixin.py:151} INFO - [2023-09-15T13:35:08.285+0000] {dag.py:3677} INFO - Setting next_dagrun for example_short_circuit_operator to 2023-09-14T13:35:08.284918+00:00, run_after=2023-09-15T13:35:08.284918+00:00
[2023-09-15T13:35:08.297+0000] {processor.py:179} INFO - Processing /home/airflow/.local/lib/python3.8/site-packages/airflow/example_dags/example_short_circuit_operator.py took 0.048 seconds
[2023-09-15T13:35:38.637+0000] {processor.py:157} INFO - Started process (PID=218) to work on /home/airflow/.local/lib/python3.8/site-packages/airflow/example_dags/example_short_circuit_operator.py
[2023-09-15T13:35:38.638+0000] {processor.py:829} INFO - Processing file /home/airflow/.local/lib/python3.8/site-packages/airflow/example_dags/example_short_circuit_operator.py for tasks to queue
[2023-09-15T13:35:38.639+0000] {logging_mixin.py:151} INFO - [2023-09-15T13:35:38.639+0000] {dagbag.py:539} INFO - Filling up the DagBag from /home/airflow/.local/lib/python3.8/site-packages/airflow/example_dags/example_short_circuit_operator.py
[2023-09-15T13:35:38.644+0000] {processor.py:839} INFO - DAG(s) dict_keys(['example_short_circuit_operator']) retrieved from /home/airflow/.local/lib/python3.8/site-packages/airflow/example_dags/example_short_circuit_operator.py
[2023-09-15T13:35:38.658+0000] {logging_mixin.py:151} INFO - [2023-09-15T13:35:38.658+0000] {dag.py:2907} INFO - Sync 1 DAGs
[2023-09-15T13:35:38.673+0000] {logging_mixin.py:151} INFO - [2023-09-15T13:35:38.673+0000] {dag.py:3677} INFO - Setting next_dagrun for example_short_circuit_operator to 2023-09-14T13:35:38.673525+00:00, run_after=2023-09-15T13:35:38.673525+00:00
[2023-09-15T13:35:38.687+0000] {processor.py:179} INFO - Processing /home/airflow/.local/lib/python3.8/site-packages/airflow/example_dags/example_short_circuit_operator.py took 0.052 seconds
[2023-09-15T13:36:08.983+0000] {processor.py:157} INFO - Started process (PID=276) to work on /home/airflow/.local/lib/python3.8/site-packages/airflow/example_dags/example_short_circuit_operator.py
[2023-09-15T13:36:08.984+0000] {processor.py:829} INFO - Processing file /home/airflow/.local/lib/python3.8/site-packages/airflow/example_dags/example_short_circuit_operator.py for tasks to queue
[2023-09-15T13:36:08.986+0000] {logging_mixin.py:151} INFO - [2023-09-15T13:36:08.986+0000] {dagbag.py:539} INFO - Filling up the DagBag from /home/airflow/.local/lib/python3.8/site-packages/airflow/example_dags/example_short_circuit_operator.py
[2023-09-15T13:36:08.991+0000] {processor.py:839} INFO - DAG(s) dict_keys(['example_short_circuit_operator']) retrieved from /home/airflow/.local/lib/python3.8/site-packages/airflow/example_dags/example_short_circuit_operator.py
[2023-09-15T13:36:09.006+0000] {logging_mixin.py:151} INFO - [2023-09-15T13:36:09.006+0000] {dag.py:2907} INFO - Sync 1 DAGs
[2023-09-15T13:36:09.020+0000] {logging_mixin.py:151} INFO - [2023-09-15T13:36:09.020+0000] {dag.py:3677} INFO - Setting next_dagrun for example_short_circuit_operator to 2023-09-14T13:36:09.020662+00:00, run_after=2023-09-15T13:36:09.020662+00:00
[2023-09-15T13:36:09.035+0000] {processor.py:179} INFO - Processing /home/airflow/.local/lib/python3.8/site-packages/airflow/example_dags/example_short_circuit_operator.py took 0.053 seconds
[2023-09-15T13:36:39.304+0000] {processor.py:157} INFO - Started process (PID=334) to work on /home/airflow/.local/lib/python3.8/site-packages/airflow/example_dags/example_short_circuit_operator.py
[2023-09-15T13:36:39.305+0000] {processor.py:829} INFO - Processing file /home/airflow/.local/lib/python3.8/site-packages/airflow/example_dags/example_short_circuit_operator.py for tasks to queue
[2023-09-15T13:36:39.307+0000] {logging_mixin.py:151} INFO - [2023-09-15T13:36:39.306+0000] {dagbag.py:539} INFO - Filling up the DagBag from /home/airflow/.local/lib/python3.8/site-packages/airflow/example_dags/example_short_circuit_operator.py
[2023-09-15T13:36:39.312+0000] {processor.py:839} INFO - DAG(s) dict_keys(['example_short_circuit_operator']) retrieved from /home/airflow/.local/lib/python3.8/site-packages/airflow/example_dags/example_short_circuit_operator.py
[2023-09-15T13:36:39.326+0000] {logging_mixin.py:151} INFO - [2023-09-15T13:36:39.326+0000] {dag.py:2907} INFO - Sync 1 DAGs
[2023-09-15T13:36:39.341+0000] {logging_mixin.py:151} INFO - [2023-09-15T13:36:39.341+0000] {dag.py:3677} INFO - Setting next_dagrun for example_short_circuit_operator to 2023-09-14T13:36:39.341081+00:00, run_after=2023-09-15T13:36:39.341081+00:00
[2023-09-15T13:36:39.356+0000] {processor.py:179} INFO - Processing /home/airflow/.local/lib/python3.8/site-packages/airflow/example_dags/example_short_circuit_operator.py took 0.055 seconds
[2023-09-15T13:37:09.570+0000] {processor.py:157} INFO - Started process (PID=392) to work on /home/airflow/.local/lib/python3.8/site-packages/airflow/example_dags/example_short_circuit_operator.py
[2023-09-15T13:37:09.571+0000] {processor.py:829} INFO - Processing file /home/airflow/.local/lib/python3.8/site-packages/airflow/example_dags/example_short_circuit_operator.py for tasks to queue
[2023-09-15T13:37:09.572+0000] {logging_mixin.py:151} INFO - [2023-09-15T13:37:09.572+0000] {dagbag.py:539} INFO - Filling up the DagBag from /home/airflow/.local/lib/python3.8/site-packages/airflow/example_dags/example_short_circuit_operator.py
[2023-09-15T13:37:09.577+0000] {processor.py:839} INFO - DAG(s) dict_keys(['example_short_circuit_operator']) retrieved from /home/airflow/.local/lib/python3.8/site-packages/airflow/example_dags/example_short_circuit_operator.py
[2023-09-15T13:37:09.590+0000] {logging_mixin.py:151} INFO - [2023-09-15T13:37:09.590+0000] {dag.py:2907} INFO - Sync 1 DAGs
[2023-09-15T13:37:09.603+0000] {logging_mixin.py:151} INFO - [2023-09-15T13:37:09.603+0000] {dag.py:3677} INFO - Setting next_dagrun for example_short_circuit_operator to 2023-09-14T13:37:09.603174+00:00, run_after=2023-09-15T13:37:09.603174+00:00
[2023-09-15T13:37:09.616+0000] {processor.py:179} INFO - Processing /home/airflow/.local/lib/python3.8/site-packages/airflow/example_dags/example_short_circuit_operator.py took 0.047 seconds
[2023-09-15T13:37:39.874+0000] {processor.py:157} INFO - Started process (PID=450) to work on /home/airflow/.local/lib/python3.8/site-packages/airflow/example_dags/example_short_circuit_operator.py
[2023-09-15T13:37:39.875+0000] {processor.py:829} INFO - Processing file /home/airflow/.local/lib/python3.8/site-packages/airflow/example_dags/example_short_circuit_operator.py for tasks to queue
[2023-09-15T13:37:39.876+0000] {logging_mixin.py:151} INFO - [2023-09-15T13:37:39.876+0000] {dagbag.py:539} INFO - Filling up the DagBag from /home/airflow/.local/lib/python3.8/site-packages/airflow/example_dags/example_short_circuit_operator.py
[2023-09-15T13:37:39.881+0000] {processor.py:839} INFO - DAG(s) dict_keys(['example_short_circuit_operator']) retrieved from /home/airflow/.local/lib/python3.8/site-packages/airflow/example_dags/example_short_circuit_operator.py
[2023-09-15T13:37:39.893+0000] {logging_mixin.py:151} INFO - [2023-09-15T13:37:39.893+0000] {dag.py:2907} INFO - Sync 1 DAGs
[2023-09-15T13:37:39.906+0000] {logging_mixin.py:151} INFO - [2023-09-15T13:37:39.905+0000] {dag.py:3677} INFO - Setting next_dagrun for example_short_circuit_operator to 2023-09-14T13:37:39.905835+00:00, run_after=2023-09-15T13:37:39.905835+00:00
[2023-09-15T13:37:39.920+0000] {processor.py:179} INFO - Processing /home/airflow/.local/lib/python3.8/site-packages/airflow/example_dags/example_short_circuit_operator.py took 0.048 seconds
[2023-09-15T13:38:10.342+0000] {processor.py:157} INFO - Started process (PID=508) to work on /home/airflow/.local/lib/python3.8/site-packages/airflow/example_dags/example_short_circuit_operator.py
[2023-09-15T13:38:10.342+0000] {processor.py:829} INFO - Processing file /home/airflow/.local/lib/python3.8/site-packages/airflow/example_dags/example_short_circuit_operator.py for tasks to queue
[2023-09-15T13:38:10.344+0000] {logging_mixin.py:151} INFO - [2023-09-15T13:38:10.344+0000] {dagbag.py:539} INFO - Filling up the DagBag from /home/airflow/.local/lib/python3.8/site-packages/airflow/example_dags/example_short_circuit_operator.py
[2023-09-15T13:38:10.349+0000] {processor.py:839} INFO - DAG(s) dict_keys(['example_short_circuit_operator']) retrieved from /home/airflow/.local/lib/python3.8/site-packages/airflow/example_dags/example_short_circuit_operator.py
[2023-09-15T13:38:10.362+0000] {logging_mixin.py:151} INFO - [2023-09-15T13:38:10.362+0000] {dag.py:2907} INFO - Sync 1 DAGs
[2023-09-15T13:38:10.375+0000] {logging_mixin.py:151} INFO - [2023-09-15T13:38:10.375+0000] {dag.py:3677} INFO - Setting next_dagrun for example_short_circuit_operator to 2023-09-14T13:38:10.374980+00:00, run_after=2023-09-15T13:38:10.374980+00:00
[2023-09-15T13:38:10.391+0000] {processor.py:179} INFO - Processing /home/airflow/.local/lib/python3.8/site-packages/airflow/example_dags/example_short_circuit_operator.py took 0.051 seconds
[2023-09-15T13:38:40.817+0000] {processor.py:157} INFO - Started process (PID=566) to work on /home/airflow/.local/lib/python3.8/site-packages/airflow/example_dags/example_short_circuit_operator.py
[2023-09-15T13:38:40.818+0000] {processor.py:829} INFO - Processing file /home/airflow/.local/lib/python3.8/site-packages/airflow/example_dags/example_short_circuit_operator.py for tasks to queue
[2023-09-15T13:38:40.820+0000] {logging_mixin.py:151} INFO - [2023-09-15T13:38:40.820+0000] {dagbag.py:539} INFO - Filling up the DagBag from /home/airflow/.local/lib/python3.8/site-packages/airflow/example_dags/example_short_circuit_operator.py
[2023-09-15T13:38:40.826+0000] {processor.py:839} INFO - DAG(s) dict_keys(['example_short_circuit_operator']) retrieved from /home/airflow/.local/lib/python3.8/site-packages/airflow/example_dags/example_short_circuit_operator.py
[2023-09-15T13:38:40.842+0000] {logging_mixin.py:151} INFO - [2023-09-15T13:38:40.841+0000] {dag.py:2907} INFO - Sync 1 DAGs
[2023-09-15T13:38:40.856+0000] {logging_mixin.py:151} INFO - [2023-09-15T13:38:40.856+0000] {dag.py:3677} INFO - Setting next_dagrun for example_short_circuit_operator to 2023-09-14T13:38:40.856306+00:00, run_after=2023-09-15T13:38:40.856306+00:00
[2023-09-15T13:38:40.871+0000] {processor.py:179} INFO - Processing /home/airflow/.local/lib/python3.8/site-packages/airflow/example_dags/example_short_circuit_operator.py took 0.057 seconds
[2023-09-15T13:39:11.336+0000] {processor.py:157} INFO - Started process (PID=624) to work on /home/airflow/.local/lib/python3.8/site-packages/airflow/example_dags/example_short_circuit_operator.py
[2023-09-15T13:39:11.337+0000] {processor.py:829} INFO - Processing file /home/airflow/.local/lib/python3.8/site-packages/airflow/example_dags/example_short_circuit_operator.py for tasks to queue
[2023-09-15T13:39:11.338+0000] {logging_mixin.py:151} INFO - [2023-09-15T13:39:11.338+0000] {dagbag.py:539} INFO - Filling up the DagBag from /home/airflow/.local/lib/python3.8/site-packages/airflow/example_dags/example_short_circuit_operator.py
[2023-09-15T13:39:11.343+0000] {processor.py:839} INFO - DAG(s) dict_keys(['example_short_circuit_operator']) retrieved from /home/airflow/.local/lib/python3.8/site-packages/airflow/example_dags/example_short_circuit_operator.py
[2023-09-15T13:39:11.356+0000] {logging_mixin.py:151} INFO - [2023-09-15T13:39:11.355+0000] {dag.py:2907} INFO - Sync 1 DAGs
[2023-09-15T13:39:11.368+0000] {logging_mixin.py:151} INFO - [2023-09-15T13:39:11.368+0000] {dag.py:3677} INFO - Setting next_dagrun for example_short_circuit_operator to 2023-09-14T13:39:11.367882+00:00, run_after=2023-09-15T13:39:11.367882+00:00
[2023-09-15T13:39:11.383+0000] {processor.py:179} INFO - Processing /home/airflow/.local/lib/python3.8/site-packages/airflow/example_dags/example_short_circuit_operator.py took 0.049 seconds
[2023-09-15T13:39:41.759+0000] {processor.py:157} INFO - Started process (PID=682) to work on /home/airflow/.local/lib/python3.8/site-packages/airflow/example_dags/example_short_circuit_operator.py
[2023-09-15T13:39:41.759+0000] {processor.py:829} INFO - Processing file /home/airflow/.local/lib/python3.8/site-packages/airflow/example_dags/example_short_circuit_operator.py for tasks to queue
[2023-09-15T13:39:41.761+0000] {logging_mixin.py:151} INFO - [2023-09-15T13:39:41.761+0000] {dagbag.py:539} INFO - Filling up the DagBag from /home/airflow/.local/lib/python3.8/site-packages/airflow/example_dags/example_short_circuit_operator.py
[2023-09-15T13:39:41.765+0000] {processor.py:839} INFO - DAG(s) dict_keys(['example_short_circuit_operator']) retrieved from /home/airflow/.local/lib/python3.8/site-packages/airflow/example_dags/example_short_circuit_operator.py
[2023-09-15T13:39:41.779+0000] {logging_mixin.py:151} INFO - [2023-09-15T13:39:41.779+0000] {dag.py:2907} INFO - Sync 1 DAGs
[2023-09-15T13:39:41.794+0000] {logging_mixin.py:151} INFO - [2023-09-15T13:39:41.794+0000] {dag.py:3677} INFO - Setting next_dagrun for example_short_circuit_operator to 2023-09-14T13:39:41.793892+00:00, run_after=2023-09-15T13:39:41.793892+00:00
[2023-09-15T13:39:41.808+0000] {processor.py:179} INFO - Processing /home/airflow/.local/lib/python3.8/site-packages/airflow/example_dags/example_short_circuit_operator.py took 0.051 seconds
[2023-09-15T13:40:12.319+0000] {processor.py:157} INFO - Started process (PID=740) to work on /home/airflow/.local/lib/python3.8/site-packages/airflow/example_dags/example_short_circuit_operator.py
[2023-09-15T13:40:12.320+0000] {processor.py:829} INFO - Processing file /home/airflow/.local/lib/python3.8/site-packages/airflow/example_dags/example_short_circuit_operator.py for tasks to queue
[2023-09-15T13:40:12.321+0000] {logging_mixin.py:151} INFO - [2023-09-15T13:40:12.321+0000] {dagbag.py:539} INFO - Filling up the DagBag from /home/airflow/.local/lib/python3.8/site-packages/airflow/example_dags/example_short_circuit_operator.py
[2023-09-15T13:40:12.326+0000] {processor.py:839} INFO - DAG(s) dict_keys(['example_short_circuit_operator']) retrieved from /home/airflow/.local/lib/python3.8/site-packages/airflow/example_dags/example_short_circuit_operator.py
[2023-09-15T13:40:12.339+0000] {logging_mixin.py:151} INFO - [2023-09-15T13:40:12.339+0000] {dag.py:2907} INFO - Sync 1 DAGs
[2023-09-15T13:40:12.351+0000] {logging_mixin.py:151} INFO - [2023-09-15T13:40:12.351+0000] {dag.py:3677} INFO - Setting next_dagrun for example_short_circuit_operator to 2023-09-14T13:40:12.351188+00:00, run_after=2023-09-15T13:40:12.351188+00:00
[2023-09-15T13:40:12.365+0000] {processor.py:179} INFO - Processing /home/airflow/.local/lib/python3.8/site-packages/airflow/example_dags/example_short_circuit_operator.py took 0.048 seconds
[2023-09-15T13:40:42.660+0000] {processor.py:157} INFO - Started process (PID=798) to work on /home/airflow/.local/lib/python3.8/site-packages/airflow/example_dags/example_short_circuit_operator.py
[2023-09-15T13:40:42.660+0000] {processor.py:829} INFO - Processing file /home/airflow/.local/lib/python3.8/site-packages/airflow/example_dags/example_short_circuit_operator.py for tasks to queue
[2023-09-15T13:40:42.662+0000] {logging_mixin.py:151} INFO - [2023-09-15T13:40:42.661+0000] {dagbag.py:539} INFO - Filling up the DagBag from /home/airflow/.local/lib/python3.8/site-packages/airflow/example_dags/example_short_circuit_operator.py
[2023-09-15T13:40:42.666+0000] {processor.py:839} INFO - DAG(s) dict_keys(['example_short_circuit_operator']) retrieved from /home/airflow/.local/lib/python3.8/site-packages/airflow/example_dags/example_short_circuit_operator.py
[2023-09-15T13:40:42.681+0000] {logging_mixin.py:151} INFO - [2023-09-15T13:40:42.680+0000] {dag.py:2907} INFO - Sync 1 DAGs
[2023-09-15T13:40:42.694+0000] {logging_mixin.py:151} INFO - [2023-09-15T13:40:42.693+0000] {dag.py:3677} INFO - Setting next_dagrun for example_short_circuit_operator to 2023-09-14T13:40:42.693792+00:00, run_after=2023-09-15T13:40:42.693792+00:00
[2023-09-15T13:40:42.708+0000] {processor.py:179} INFO - Processing /home/airflow/.local/lib/python3.8/site-packages/airflow/example_dags/example_short_circuit_operator.py took 0.050 seconds
[2023-09-15T13:41:12.878+0000] {processor.py:157} INFO - Started process (PID=856) to work on /home/airflow/.local/lib/python3.8/site-packages/airflow/example_dags/example_short_circuit_operator.py
[2023-09-15T13:41:12.879+0000] {processor.py:829} INFO - Processing file /home/airflow/.local/lib/python3.8/site-packages/airflow/example_dags/example_short_circuit_operator.py for tasks to queue
[2023-09-15T13:41:12.880+0000] {logging_mixin.py:151} INFO - [2023-09-15T13:41:12.880+0000] {dagbag.py:539} INFO - Filling up the DagBag from /home/airflow/.local/lib/python3.8/site-packages/airflow/example_dags/example_short_circuit_operator.py
[2023-09-15T13:41:12.884+0000] {processor.py:839} INFO - DAG(s) dict_keys(['example_short_circuit_operator']) retrieved from /home/airflow/.local/lib/python3.8/site-packages/airflow/example_dags/example_short_circuit_operator.py
[2023-09-15T13:41:12.898+0000] {logging_mixin.py:151} INFO - [2023-09-15T13:41:12.897+0000] {dag.py:2907} INFO - Sync 1 DAGs
[2023-09-15T13:41:12.910+0000] {logging_mixin.py:151} INFO - [2023-09-15T13:41:12.910+0000] {dag.py:3677} INFO - Setting next_dagrun for example_short_circuit_operator to 2023-09-14T13:41:12.910746+00:00, run_after=2023-09-15T13:41:12.910746+00:00
[2023-09-15T13:41:12.924+0000] {processor.py:179} INFO - Processing /home/airflow/.local/lib/python3.8/site-packages/airflow/example_dags/example_short_circuit_operator.py took 0.048 seconds
[2023-09-15T13:41:43.289+0000] {processor.py:157} INFO - Started process (PID=914) to work on /home/airflow/.local/lib/python3.8/site-packages/airflow/example_dags/example_short_circuit_operator.py
[2023-09-15T13:41:43.290+0000] {processor.py:829} INFO - Processing file /home/airflow/.local/lib/python3.8/site-packages/airflow/example_dags/example_short_circuit_operator.py for tasks to queue
[2023-09-15T13:41:43.292+0000] {logging_mixin.py:151} INFO - [2023-09-15T13:41:43.292+0000] {dagbag.py:539} INFO - Filling up the DagBag from /home/airflow/.local/lib/python3.8/site-packages/airflow/example_dags/example_short_circuit_operator.py
[2023-09-15T13:41:43.298+0000] {processor.py:839} INFO - DAG(s) dict_keys(['example_short_circuit_operator']) retrieved from /home/airflow/.local/lib/python3.8/site-packages/airflow/example_dags/example_short_circuit_operator.py
[2023-09-15T13:41:43.312+0000] {logging_mixin.py:151} INFO - [2023-09-15T13:41:43.312+0000] {dag.py:2907} INFO - Sync 1 DAGs
[2023-09-15T13:41:43.325+0000] {logging_mixin.py:151} INFO - [2023-09-15T13:41:43.325+0000] {dag.py:3677} INFO - Setting next_dagrun for example_short_circuit_operator to 2023-09-14T13:41:43.325043+00:00, run_after=2023-09-15T13:41:43.325043+00:00
[2023-09-15T13:41:43.340+0000] {processor.py:179} INFO - Processing /home/airflow/.local/lib/python3.8/site-packages/airflow/example_dags/example_short_circuit_operator.py took 0.053 seconds
[2023-09-15T13:42:13.517+0000] {processor.py:157} INFO - Started process (PID=972) to work on /home/airflow/.local/lib/python3.8/site-packages/airflow/example_dags/example_short_circuit_operator.py
[2023-09-15T13:42:13.517+0000] {processor.py:829} INFO - Processing file /home/airflow/.local/lib/python3.8/site-packages/airflow/example_dags/example_short_circuit_operator.py for tasks to queue
[2023-09-15T13:42:13.519+0000] {logging_mixin.py:151} INFO - [2023-09-15T13:42:13.519+0000] {dagbag.py:539} INFO - Filling up the DagBag from /home/airflow/.local/lib/python3.8/site-packages/airflow/example_dags/example_short_circuit_operator.py
[2023-09-15T13:42:13.523+0000] {processor.py:839} INFO - DAG(s) dict_keys(['example_short_circuit_operator']) retrieved from /home/airflow/.local/lib/python3.8/site-packages/airflow/example_dags/example_short_circuit_operator.py
[2023-09-15T13:42:13.537+0000] {logging_mixin.py:151} INFO - [2023-09-15T13:42:13.537+0000] {dag.py:2907} INFO - Sync 1 DAGs
[2023-09-15T13:42:13.549+0000] {logging_mixin.py:151} INFO - [2023-09-15T13:42:13.549+0000] {dag.py:3677} INFO - Setting next_dagrun for example_short_circuit_operator to 2023-09-14T13:42:13.549499+00:00, run_after=2023-09-15T13:42:13.549499+00:00
[2023-09-15T13:42:13.563+0000] {processor.py:179} INFO - Processing /home/airflow/.local/lib/python3.8/site-packages/airflow/example_dags/example_short_circuit_operator.py took 0.048 seconds
[2023-09-15T13:42:44.637+0000] {processor.py:157} INFO - Started process (PID=1030) to work on /home/airflow/.local/lib/python3.8/site-packages/airflow/example_dags/example_short_circuit_operator.py
[2023-09-15T13:42:44.638+0000] {processor.py:829} INFO - Processing file /home/airflow/.local/lib/python3.8/site-packages/airflow/example_dags/example_short_circuit_operator.py for tasks to queue
[2023-09-15T13:42:44.639+0000] {logging_mixin.py:151} INFO - [2023-09-15T13:42:44.639+0000] {dagbag.py:539} INFO - Filling up the DagBag from /home/airflow/.local/lib/python3.8/site-packages/airflow/example_dags/example_short_circuit_operator.py
[2023-09-15T13:42:44.644+0000] {processor.py:839} INFO - DAG(s) dict_keys(['example_short_circuit_operator']) retrieved from /home/airflow/.local/lib/python3.8/site-packages/airflow/example_dags/example_short_circuit_operator.py
[2023-09-15T13:42:44.658+0000] {logging_mixin.py:151} INFO - [2023-09-15T13:42:44.658+0000] {dag.py:2907} INFO - Sync 1 DAGs
[2023-09-15T13:42:44.672+0000] {logging_mixin.py:151} INFO - [2023-09-15T13:42:44.672+0000] {dag.py:3677} INFO - Setting next_dagrun for example_short_circuit_operator to 2023-09-14T13:42:44.672022+00:00, run_after=2023-09-15T13:42:44.672022+00:00
[2023-09-15T13:42:44.686+0000] {processor.py:179} INFO - Processing /home/airflow/.local/lib/python3.8/site-packages/airflow/example_dags/example_short_circuit_operator.py took 0.051 seconds
[2023-09-15T13:43:15.172+0000] {processor.py:157} INFO - Started process (PID=1088) to work on /home/airflow/.local/lib/python3.8/site-packages/airflow/example_dags/example_short_circuit_operator.py
[2023-09-15T13:43:15.172+0000] {processor.py:829} INFO - Processing file /home/airflow/.local/lib/python3.8/site-packages/airflow/example_dags/example_short_circuit_operator.py for tasks to queue
[2023-09-15T13:43:15.174+0000] {logging_mixin.py:151} INFO - [2023-09-15T13:43:15.174+0000] {dagbag.py:539} INFO - Filling up the DagBag from /home/airflow/.local/lib/python3.8/site-packages/airflow/example_dags/example_short_circuit_operator.py
[2023-09-15T13:43:15.178+0000] {processor.py:839} INFO - DAG(s) dict_keys(['example_short_circuit_operator']) retrieved from /home/airflow/.local/lib/python3.8/site-packages/airflow/example_dags/example_short_circuit_operator.py
[2023-09-15T13:43:15.192+0000] {logging_mixin.py:151} INFO - [2023-09-15T13:43:15.192+0000] {dag.py:2907} INFO - Sync 1 DAGs
[2023-09-15T13:43:15.205+0000] {logging_mixin.py:151} INFO - [2023-09-15T13:43:15.205+0000] {dag.py:3677} INFO - Setting next_dagrun for example_short_circuit_operator to 2023-09-14T13:43:15.204996+00:00, run_after=2023-09-15T13:43:15.204996+00:00
[2023-09-15T13:43:15.219+0000] {processor.py:179} INFO - Processing /home/airflow/.local/lib/python3.8/site-packages/airflow/example_dags/example_short_circuit_operator.py took 0.049 seconds
[2023-09-15T13:43:45.564+0000] {processor.py:157} INFO - Started process (PID=1146) to work on /home/airflow/.local/lib/python3.8/site-packages/airflow/example_dags/example_short_circuit_operator.py
[2023-09-15T13:43:45.564+0000] {processor.py:829} INFO - Processing file /home/airflow/.local/lib/python3.8/site-packages/airflow/example_dags/example_short_circuit_operator.py for tasks to queue
[2023-09-15T13:43:45.566+0000] {logging_mixin.py:151} INFO - [2023-09-15T13:43:45.566+0000] {dagbag.py:539} INFO - Filling up the DagBag from /home/airflow/.local/lib/python3.8/site-packages/airflow/example_dags/example_short_circuit_operator.py
[2023-09-15T13:43:45.570+0000] {processor.py:839} INFO - DAG(s) dict_keys(['example_short_circuit_operator']) retrieved from /home/airflow/.local/lib/python3.8/site-packages/airflow/example_dags/example_short_circuit_operator.py
[2023-09-15T13:43:45.585+0000] {logging_mixin.py:151} INFO - [2023-09-15T13:43:45.585+0000] {dag.py:2907} INFO - Sync 1 DAGs
[2023-09-15T13:43:45.598+0000] {logging_mixin.py:151} INFO - [2023-09-15T13:43:45.598+0000] {dag.py:3677} INFO - Setting next_dagrun for example_short_circuit_operator to 2023-09-14T13:43:45.598210+00:00, run_after=2023-09-15T13:43:45.598210+00:00
[2023-09-15T13:43:45.612+0000] {processor.py:179} INFO - Processing /home/airflow/.local/lib/python3.8/site-packages/airflow/example_dags/example_short_circuit_operator.py took 0.050 seconds
[2023-09-15T13:44:15.763+0000] {processor.py:157} INFO - Started process (PID=1204) to work on /home/airflow/.local/lib/python3.8/site-packages/airflow/example_dags/example_short_circuit_operator.py
[2023-09-15T13:44:15.763+0000] {processor.py:829} INFO - Processing file /home/airflow/.local/lib/python3.8/site-packages/airflow/example_dags/example_short_circuit_operator.py for tasks to queue
[2023-09-15T13:44:15.765+0000] {logging_mixin.py:151} INFO - [2023-09-15T13:44:15.764+0000] {dagbag.py:539} INFO - Filling up the DagBag from /home/airflow/.local/lib/python3.8/site-packages/airflow/example_dags/example_short_circuit_operator.py
[2023-09-15T13:44:15.769+0000] {processor.py:839} INFO - DAG(s) dict_keys(['example_short_circuit_operator']) retrieved from /home/airflow/.local/lib/python3.8/site-packages/airflow/example_dags/example_short_circuit_operator.py
[2023-09-15T13:44:15.782+0000] {logging_mixin.py:151} INFO - [2023-09-15T13:44:15.782+0000] {dag.py:2907} INFO - Sync 1 DAGs
[2023-09-15T13:44:15.795+0000] {logging_mixin.py:151} INFO - [2023-09-15T13:44:15.795+0000] {dag.py:3677} INFO - Setting next_dagrun for example_short_circuit_operator to 2023-09-14T13:44:15.795601+00:00, run_after=2023-09-15T13:44:15.795601+00:00
[2023-09-15T13:44:15.808+0000] {processor.py:179} INFO - Processing /home/airflow/.local/lib/python3.8/site-packages/airflow/example_dags/example_short_circuit_operator.py took 0.047 seconds
[2023-09-15T13:44:46.098+0000] {processor.py:157} INFO - Started process (PID=1262) to work on /home/airflow/.local/lib/python3.8/site-packages/airflow/example_dags/example_short_circuit_operator.py
[2023-09-15T13:44:46.098+0000] {processor.py:829} INFO - Processing file /home/airflow/.local/lib/python3.8/site-packages/airflow/example_dags/example_short_circuit_operator.py for tasks to queue
[2023-09-15T13:44:46.100+0000] {logging_mixin.py:151} INFO - [2023-09-15T13:44:46.099+0000] {dagbag.py:539} INFO - Filling up the DagBag from /home/airflow/.local/lib/python3.8/site-packages/airflow/example_dags/example_short_circuit_operator.py
[2023-09-15T13:44:46.104+0000] {processor.py:839} INFO - DAG(s) dict_keys(['example_short_circuit_operator']) retrieved from /home/airflow/.local/lib/python3.8/site-packages/airflow/example_dags/example_short_circuit_operator.py
[2023-09-15T13:44:46.119+0000] {logging_mixin.py:151} INFO - [2023-09-15T13:44:46.119+0000] {dag.py:2907} INFO - Sync 1 DAGs
[2023-09-15T13:44:46.134+0000] {logging_mixin.py:151} INFO - [2023-09-15T13:44:46.134+0000] {dag.py:3677} INFO - Setting next_dagrun for example_short_circuit_operator to 2023-09-14T13:44:46.134522+00:00, run_after=2023-09-15T13:44:46.134522+00:00
[2023-09-15T13:44:46.149+0000] {processor.py:179} INFO - Processing /home/airflow/.local/lib/python3.8/site-packages/airflow/example_dags/example_short_circuit_operator.py took 0.054 seconds
[2023-09-15T13:45:16.436+0000] {processor.py:157} INFO - Started process (PID=1320) to work on /home/airflow/.local/lib/python3.8/site-packages/airflow/example_dags/example_short_circuit_operator.py
[2023-09-15T13:45:16.437+0000] {processor.py:829} INFO - Processing file /home/airflow/.local/lib/python3.8/site-packages/airflow/example_dags/example_short_circuit_operator.py for tasks to queue
[2023-09-15T13:45:16.438+0000] {logging_mixin.py:151} INFO - [2023-09-15T13:45:16.438+0000] {dagbag.py:539} INFO - Filling up the DagBag from /home/airflow/.local/lib/python3.8/site-packages/airflow/example_dags/example_short_circuit_operator.py
[2023-09-15T13:45:16.442+0000] {processor.py:839} INFO - DAG(s) dict_keys(['example_short_circuit_operator']) retrieved from /home/airflow/.local/lib/python3.8/site-packages/airflow/example_dags/example_short_circuit_operator.py
[2023-09-15T13:45:16.456+0000] {logging_mixin.py:151} INFO - [2023-09-15T13:45:16.456+0000] {dag.py:2907} INFO - Sync 1 DAGs
[2023-09-15T13:45:16.469+0000] {logging_mixin.py:151} INFO - [2023-09-15T13:45:16.468+0000] {dag.py:3677} INFO - Setting next_dagrun for example_short_circuit_operator to 2023-09-14T13:45:16.468832+00:00, run_after=2023-09-15T13:45:16.468832+00:00
[2023-09-15T13:45:16.481+0000] {processor.py:179} INFO - Processing /home/airflow/.local/lib/python3.8/site-packages/airflow/example_dags/example_short_circuit_operator.py took 0.048 seconds
[2023-09-15T13:45:46.783+0000] {processor.py:157} INFO - Started process (PID=1378) to work on /home/airflow/.local/lib/python3.8/site-packages/airflow/example_dags/example_short_circuit_operator.py
[2023-09-15T13:45:46.784+0000] {processor.py:829} INFO - Processing file /home/airflow/.local/lib/python3.8/site-packages/airflow/example_dags/example_short_circuit_operator.py for tasks to queue
[2023-09-15T13:45:46.785+0000] {logging_mixin.py:151} INFO - [2023-09-15T13:45:46.785+0000] {dagbag.py:539} INFO - Filling up the DagBag from /home/airflow/.local/lib/python3.8/site-packages/airflow/example_dags/example_short_circuit_operator.py
[2023-09-15T13:45:46.789+0000] {processor.py:839} INFO - DAG(s) dict_keys(['example_short_circuit_operator']) retrieved from /home/airflow/.local/lib/python3.8/site-packages/airflow/example_dags/example_short_circuit_operator.py
[2023-09-15T13:45:46.803+0000] {logging_mixin.py:151} INFO - [2023-09-15T13:45:46.803+0000] {dag.py:2907} INFO - Sync 1 DAGs
[2023-09-15T13:45:46.815+0000] {logging_mixin.py:151} INFO - [2023-09-15T13:45:46.815+0000] {dag.py:3677} INFO - Setting next_dagrun for example_short_circuit_operator to 2023-09-14T13:45:46.815603+00:00, run_after=2023-09-15T13:45:46.815603+00:00
[2023-09-15T13:45:46.829+0000] {processor.py:179} INFO - Processing /home/airflow/.local/lib/python3.8/site-packages/airflow/example_dags/example_short_circuit_operator.py took 0.048 seconds
[2023-09-15T13:46:17.137+0000] {processor.py:157} INFO - Started process (PID=1436) to work on /home/airflow/.local/lib/python3.8/site-packages/airflow/example_dags/example_short_circuit_operator.py
[2023-09-15T13:46:17.137+0000] {processor.py:829} INFO - Processing file /home/airflow/.local/lib/python3.8/site-packages/airflow/example_dags/example_short_circuit_operator.py for tasks to queue
[2023-09-15T13:46:17.139+0000] {logging_mixin.py:151} INFO - [2023-09-15T13:46:17.139+0000] {dagbag.py:539} INFO - Filling up the DagBag from /home/airflow/.local/lib/python3.8/site-packages/airflow/example_dags/example_short_circuit_operator.py
[2023-09-15T13:46:17.144+0000] {processor.py:839} INFO - DAG(s) dict_keys(['example_short_circuit_operator']) retrieved from /home/airflow/.local/lib/python3.8/site-packages/airflow/example_dags/example_short_circuit_operator.py
[2023-09-15T13:46:17.158+0000] {logging_mixin.py:151} INFO - [2023-09-15T13:46:17.158+0000] {dag.py:2907} INFO - Sync 1 DAGs
[2023-09-15T13:46:17.171+0000] {logging_mixin.py:151} INFO - [2023-09-15T13:46:17.171+0000] {dag.py:3677} INFO - Setting next_dagrun for example_short_circuit_operator to 2023-09-14T13:46:17.171179+00:00, run_after=2023-09-15T13:46:17.171179+00:00
[2023-09-15T13:46:17.186+0000] {processor.py:179} INFO - Processing /home/airflow/.local/lib/python3.8/site-packages/airflow/example_dags/example_short_circuit_operator.py took 0.051 seconds
[2023-09-15T13:46:47.589+0000] {processor.py:157} INFO - Started process (PID=1494) to work on /home/airflow/.local/lib/python3.8/site-packages/airflow/example_dags/example_short_circuit_operator.py
[2023-09-15T13:46:47.590+0000] {processor.py:829} INFO - Processing file /home/airflow/.local/lib/python3.8/site-packages/airflow/example_dags/example_short_circuit_operator.py for tasks to queue
[2023-09-15T13:46:47.591+0000] {logging_mixin.py:151} INFO - [2023-09-15T13:46:47.591+0000] {dagbag.py:539} INFO - Filling up the DagBag from /home/airflow/.local/lib/python3.8/site-packages/airflow/example_dags/example_short_circuit_operator.py
[2023-09-15T13:46:47.596+0000] {processor.py:839} INFO - DAG(s) dict_keys(['example_short_circuit_operator']) retrieved from /home/airflow/.local/lib/python3.8/site-packages/airflow/example_dags/example_short_circuit_operator.py
[2023-09-15T13:46:47.611+0000] {logging_mixin.py:151} INFO - [2023-09-15T13:46:47.611+0000] {dag.py:2907} INFO - Sync 1 DAGs
[2023-09-15T13:46:47.624+0000] {logging_mixin.py:151} INFO - [2023-09-15T13:46:47.624+0000] {dag.py:3677} INFO - Setting next_dagrun for example_short_circuit_operator to 2023-09-14T13:46:47.624486+00:00, run_after=2023-09-15T13:46:47.624486+00:00
[2023-09-15T13:46:47.637+0000] {processor.py:179} INFO - Processing /home/airflow/.local/lib/python3.8/site-packages/airflow/example_dags/example_short_circuit_operator.py took 0.050 seconds
[2023-09-15T13:47:17.764+0000] {processor.py:157} INFO - Started process (PID=1553) to work on /home/airflow/.local/lib/python3.8/site-packages/airflow/example_dags/example_short_circuit_operator.py
[2023-09-15T13:47:17.764+0000] {processor.py:829} INFO - Processing file /home/airflow/.local/lib/python3.8/site-packages/airflow/example_dags/example_short_circuit_operator.py for tasks to queue
[2023-09-15T13:47:17.766+0000] {logging_mixin.py:151} INFO - [2023-09-15T13:47:17.765+0000] {dagbag.py:539} INFO - Filling up the DagBag from /home/airflow/.local/lib/python3.8/site-packages/airflow/example_dags/example_short_circuit_operator.py
[2023-09-15T13:47:17.770+0000] {processor.py:839} INFO - DAG(s) dict_keys(['example_short_circuit_operator']) retrieved from /home/airflow/.local/lib/python3.8/site-packages/airflow/example_dags/example_short_circuit_operator.py
[2023-09-15T13:47:17.783+0000] {logging_mixin.py:151} INFO - [2023-09-15T13:47:17.783+0000] {dag.py:2907} INFO - Sync 1 DAGs
[2023-09-15T13:47:17.796+0000] {logging_mixin.py:151} INFO - [2023-09-15T13:47:17.796+0000] {dag.py:3677} INFO - Setting next_dagrun for example_short_circuit_operator to 2023-09-14T13:47:17.796748+00:00, run_after=2023-09-15T13:47:17.796748+00:00
[2023-09-15T13:47:17.810+0000] {processor.py:179} INFO - Processing /home/airflow/.local/lib/python3.8/site-packages/airflow/example_dags/example_short_circuit_operator.py took 0.048 seconds
[2023-09-15T13:47:48.261+0000] {processor.py:157} INFO - Started process (PID=1611) to work on /home/airflow/.local/lib/python3.8/site-packages/airflow/example_dags/example_short_circuit_operator.py
[2023-09-15T13:47:48.261+0000] {processor.py:829} INFO - Processing file /home/airflow/.local/lib/python3.8/site-packages/airflow/example_dags/example_short_circuit_operator.py for tasks to queue
[2023-09-15T13:47:48.263+0000] {logging_mixin.py:151} INFO - [2023-09-15T13:47:48.263+0000] {dagbag.py:539} INFO - Filling up the DagBag from /home/airflow/.local/lib/python3.8/site-packages/airflow/example_dags/example_short_circuit_operator.py
[2023-09-15T13:47:48.268+0000] {processor.py:839} INFO - DAG(s) dict_keys(['example_short_circuit_operator']) retrieved from /home/airflow/.local/lib/python3.8/site-packages/airflow/example_dags/example_short_circuit_operator.py
[2023-09-15T13:47:48.281+0000] {logging_mixin.py:151} INFO - [2023-09-15T13:47:48.281+0000] {dag.py:2907} INFO - Sync 1 DAGs
[2023-09-15T13:47:48.294+0000] {logging_mixin.py:151} INFO - [2023-09-15T13:47:48.293+0000] {dag.py:3677} INFO - Setting next_dagrun for example_short_circuit_operator to 2023-09-14T13:47:48.293764+00:00, run_after=2023-09-15T13:47:48.293764+00:00
[2023-09-15T13:47:48.310+0000] {processor.py:179} INFO - Processing /home/airflow/.local/lib/python3.8/site-packages/airflow/example_dags/example_short_circuit_operator.py took 0.051 seconds
[2023-09-15T13:48:18.583+0000] {processor.py:157} INFO - Started process (PID=1669) to work on /home/airflow/.local/lib/python3.8/site-packages/airflow/example_dags/example_short_circuit_operator.py
[2023-09-15T13:48:18.583+0000] {processor.py:829} INFO - Processing file /home/airflow/.local/lib/python3.8/site-packages/airflow/example_dags/example_short_circuit_operator.py for tasks to queue
[2023-09-15T13:48:18.585+0000] {logging_mixin.py:151} INFO - [2023-09-15T13:48:18.585+0000] {dagbag.py:539} INFO - Filling up the DagBag from /home/airflow/.local/lib/python3.8/site-packages/airflow/example_dags/example_short_circuit_operator.py
[2023-09-15T13:48:18.590+0000] {processor.py:839} INFO - DAG(s) dict_keys(['example_short_circuit_operator']) retrieved from /home/airflow/.local/lib/python3.8/site-packages/airflow/example_dags/example_short_circuit_operator.py
[2023-09-15T13:48:18.603+0000] {logging_mixin.py:151} INFO - [2023-09-15T13:48:18.603+0000] {dag.py:2907} INFO - Sync 1 DAGs
[2023-09-15T13:48:18.616+0000] {logging_mixin.py:151} INFO - [2023-09-15T13:48:18.616+0000] {dag.py:3677} INFO - Setting next_dagrun for example_short_circuit_operator to 2023-09-14T13:48:18.616009+00:00, run_after=2023-09-15T13:48:18.616009+00:00
[2023-09-15T13:48:18.631+0000] {processor.py:179} INFO - Processing /home/airflow/.local/lib/python3.8/site-packages/airflow/example_dags/example_short_circuit_operator.py took 0.051 seconds
[2023-09-15T13:48:49.050+0000] {processor.py:157} INFO - Started process (PID=1727) to work on /home/airflow/.local/lib/python3.8/site-packages/airflow/example_dags/example_short_circuit_operator.py
[2023-09-15T13:48:49.051+0000] {processor.py:829} INFO - Processing file /home/airflow/.local/lib/python3.8/site-packages/airflow/example_dags/example_short_circuit_operator.py for tasks to queue
[2023-09-15T13:48:49.053+0000] {logging_mixin.py:151} INFO - [2023-09-15T13:48:49.053+0000] {dagbag.py:539} INFO - Filling up the DagBag from /home/airflow/.local/lib/python3.8/site-packages/airflow/example_dags/example_short_circuit_operator.py
[2023-09-15T13:48:49.060+0000] {processor.py:839} INFO - DAG(s) dict_keys(['example_short_circuit_operator']) retrieved from /home/airflow/.local/lib/python3.8/site-packages/airflow/example_dags/example_short_circuit_operator.py
[2023-09-15T13:48:49.082+0000] {logging_mixin.py:151} INFO - [2023-09-15T13:48:49.081+0000] {dag.py:2907} INFO - Sync 1 DAGs
[2023-09-15T13:48:49.107+0000] {logging_mixin.py:151} INFO - [2023-09-15T13:48:49.107+0000] {dag.py:3677} INFO - Setting next_dagrun for example_short_circuit_operator to 2023-09-14T13:48:49.107166+00:00, run_after=2023-09-15T13:48:49.107166+00:00
[2023-09-15T13:48:49.132+0000] {processor.py:179} INFO - Processing /home/airflow/.local/lib/python3.8/site-packages/airflow/example_dags/example_short_circuit_operator.py took 0.085 seconds
[2023-09-15T13:49:19.305+0000] {processor.py:157} INFO - Started process (PID=1785) to work on /home/airflow/.local/lib/python3.8/site-packages/airflow/example_dags/example_short_circuit_operator.py
[2023-09-15T13:49:19.306+0000] {processor.py:829} INFO - Processing file /home/airflow/.local/lib/python3.8/site-packages/airflow/example_dags/example_short_circuit_operator.py for tasks to queue
[2023-09-15T13:49:19.308+0000] {logging_mixin.py:151} INFO - [2023-09-15T13:49:19.307+0000] {dagbag.py:539} INFO - Filling up the DagBag from /home/airflow/.local/lib/python3.8/site-packages/airflow/example_dags/example_short_circuit_operator.py
[2023-09-15T13:49:19.313+0000] {processor.py:839} INFO - DAG(s) dict_keys(['example_short_circuit_operator']) retrieved from /home/airflow/.local/lib/python3.8/site-packages/airflow/example_dags/example_short_circuit_operator.py
[2023-09-15T13:49:19.327+0000] {logging_mixin.py:151} INFO - [2023-09-15T13:49:19.327+0000] {dag.py:2907} INFO - Sync 1 DAGs
[2023-09-15T13:49:19.340+0000] {logging_mixin.py:151} INFO - [2023-09-15T13:49:19.340+0000] {dag.py:3677} INFO - Setting next_dagrun for example_short_circuit_operator to 2023-09-14T13:49:19.340256+00:00, run_after=2023-09-15T13:49:19.340256+00:00
[2023-09-15T13:49:19.353+0000] {processor.py:179} INFO - Processing /home/airflow/.local/lib/python3.8/site-packages/airflow/example_dags/example_short_circuit_operator.py took 0.050 seconds
[2023-09-15T13:49:49.676+0000] {processor.py:157} INFO - Started process (PID=1843) to work on /home/airflow/.local/lib/python3.8/site-packages/airflow/example_dags/example_short_circuit_operator.py
[2023-09-15T13:49:49.677+0000] {processor.py:829} INFO - Processing file /home/airflow/.local/lib/python3.8/site-packages/airflow/example_dags/example_short_circuit_operator.py for tasks to queue
[2023-09-15T13:49:49.678+0000] {logging_mixin.py:151} INFO - [2023-09-15T13:49:49.678+0000] {dagbag.py:539} INFO - Filling up the DagBag from /home/airflow/.local/lib/python3.8/site-packages/airflow/example_dags/example_short_circuit_operator.py
[2023-09-15T13:49:49.684+0000] {processor.py:839} INFO - DAG(s) dict_keys(['example_short_circuit_operator']) retrieved from /home/airflow/.local/lib/python3.8/site-packages/airflow/example_dags/example_short_circuit_operator.py
[2023-09-15T13:49:49.700+0000] {logging_mixin.py:151} INFO - [2023-09-15T13:49:49.700+0000] {dag.py:2907} INFO - Sync 1 DAGs
[2023-09-15T13:49:49.714+0000] {logging_mixin.py:151} INFO - [2023-09-15T13:49:49.714+0000] {dag.py:3677} INFO - Setting next_dagrun for example_short_circuit_operator to 2023-09-14T13:49:49.714172+00:00, run_after=2023-09-15T13:49:49.714172+00:00
[2023-09-15T13:49:49.727+0000] {processor.py:179} INFO - Processing /home/airflow/.local/lib/python3.8/site-packages/airflow/example_dags/example_short_circuit_operator.py took 0.053 seconds
[2023-09-15T13:50:20.194+0000] {processor.py:157} INFO - Started process (PID=1901) to work on /home/airflow/.local/lib/python3.8/site-packages/airflow/example_dags/example_short_circuit_operator.py
[2023-09-15T13:50:20.195+0000] {processor.py:829} INFO - Processing file /home/airflow/.local/lib/python3.8/site-packages/airflow/example_dags/example_short_circuit_operator.py for tasks to queue
[2023-09-15T13:50:20.197+0000] {logging_mixin.py:151} INFO - [2023-09-15T13:50:20.197+0000] {dagbag.py:539} INFO - Filling up the DagBag from /home/airflow/.local/lib/python3.8/site-packages/airflow/example_dags/example_short_circuit_operator.py
[2023-09-15T13:50:20.203+0000] {processor.py:839} INFO - DAG(s) dict_keys(['example_short_circuit_operator']) retrieved from /home/airflow/.local/lib/python3.8/site-packages/airflow/example_dags/example_short_circuit_operator.py
[2023-09-15T13:50:20.218+0000] {logging_mixin.py:151} INFO - [2023-09-15T13:50:20.218+0000] {dag.py:2907} INFO - Sync 1 DAGs
[2023-09-15T13:50:20.232+0000] {logging_mixin.py:151} INFO - [2023-09-15T13:50:20.232+0000] {dag.py:3677} INFO - Setting next_dagrun for example_short_circuit_operator to 2023-09-14T13:50:20.232422+00:00, run_after=2023-09-15T13:50:20.232422+00:00
[2023-09-15T13:50:20.247+0000] {processor.py:179} INFO - Processing /home/airflow/.local/lib/python3.8/site-packages/airflow/example_dags/example_short_circuit_operator.py took 0.055 seconds
