[2023-09-15T13:34:37.646+0000] {processor.py:157} INFO - Started process (PID=88) to work on /home/airflow/.local/lib/python3.8/site-packages/airflow/example_dags/example_dynamic_task_mapping.py
[2023-09-15T13:34:37.647+0000] {processor.py:829} INFO - Processing file /home/airflow/.local/lib/python3.8/site-packages/airflow/example_dags/example_dynamic_task_mapping.py for tasks to queue
[2023-09-15T13:34:37.648+0000] {logging_mixin.py:151} INFO - [2023-09-15T13:34:37.648+0000] {dagbag.py:539} INFO - Filling up the DagBag from /home/airflow/.local/lib/python3.8/site-packages/airflow/example_dags/example_dynamic_task_mapping.py
[2023-09-15T13:34:37.653+0000] {processor.py:839} INFO - DAG(s) dict_keys(['example_dynamic_task_mapping']) retrieved from /home/airflow/.local/lib/python3.8/site-packages/airflow/example_dags/example_dynamic_task_mapping.py
[2023-09-15T13:34:37.665+0000] {logging_mixin.py:151} INFO - [2023-09-15T13:34:37.665+0000] {dag.py:2907} INFO - Sync 1 DAGs
[2023-09-15T13:34:37.680+0000] {logging_mixin.py:151} INFO - [2023-09-15T13:34:37.679+0000] {dag.py:3677} INFO - Setting next_dagrun for example_dynamic_task_mapping to 2022-03-03T17:00:00+00:00, run_after=2022-03-04T17:00:00+00:00
[2023-09-15T13:34:37.793+0000] {processor.py:179} INFO - Processing /home/airflow/.local/lib/python3.8/site-packages/airflow/example_dags/example_dynamic_task_mapping.py took 0.150 seconds
[2023-09-15T13:35:08.317+0000] {processor.py:157} INFO - Started process (PID=161) to work on /home/airflow/.local/lib/python3.8/site-packages/airflow/example_dags/example_dynamic_task_mapping.py
[2023-09-15T13:35:08.318+0000] {processor.py:829} INFO - Processing file /home/airflow/.local/lib/python3.8/site-packages/airflow/example_dags/example_dynamic_task_mapping.py for tasks to queue
[2023-09-15T13:35:08.320+0000] {logging_mixin.py:151} INFO - [2023-09-15T13:35:08.319+0000] {dagbag.py:539} INFO - Filling up the DagBag from /home/airflow/.local/lib/python3.8/site-packages/airflow/example_dags/example_dynamic_task_mapping.py
[2023-09-15T13:35:08.324+0000] {processor.py:839} INFO - DAG(s) dict_keys(['example_dynamic_task_mapping']) retrieved from /home/airflow/.local/lib/python3.8/site-packages/airflow/example_dags/example_dynamic_task_mapping.py
[2023-09-15T13:35:08.338+0000] {logging_mixin.py:151} INFO - [2023-09-15T13:35:08.338+0000] {dag.py:2907} INFO - Sync 1 DAGs
[2023-09-15T13:35:08.351+0000] {logging_mixin.py:151} INFO - [2023-09-15T13:35:08.351+0000] {dag.py:3677} INFO - Setting next_dagrun for example_dynamic_task_mapping to 2022-03-03T17:00:00+00:00, run_after=2022-03-04T17:00:00+00:00
[2023-09-15T13:35:08.364+0000] {processor.py:179} INFO - Processing /home/airflow/.local/lib/python3.8/site-packages/airflow/example_dags/example_dynamic_task_mapping.py took 0.049 seconds
[2023-09-15T13:35:38.663+0000] {processor.py:157} INFO - Started process (PID=219) to work on /home/airflow/.local/lib/python3.8/site-packages/airflow/example_dags/example_dynamic_task_mapping.py
[2023-09-15T13:35:38.664+0000] {processor.py:829} INFO - Processing file /home/airflow/.local/lib/python3.8/site-packages/airflow/example_dags/example_dynamic_task_mapping.py for tasks to queue
[2023-09-15T13:35:38.666+0000] {logging_mixin.py:151} INFO - [2023-09-15T13:35:38.665+0000] {dagbag.py:539} INFO - Filling up the DagBag from /home/airflow/.local/lib/python3.8/site-packages/airflow/example_dags/example_dynamic_task_mapping.py
[2023-09-15T13:35:38.670+0000] {processor.py:839} INFO - DAG(s) dict_keys(['example_dynamic_task_mapping']) retrieved from /home/airflow/.local/lib/python3.8/site-packages/airflow/example_dags/example_dynamic_task_mapping.py
[2023-09-15T13:35:38.681+0000] {logging_mixin.py:151} INFO - [2023-09-15T13:35:38.681+0000] {dag.py:2907} INFO - Sync 1 DAGs
[2023-09-15T13:35:38.694+0000] {logging_mixin.py:151} INFO - [2023-09-15T13:35:38.694+0000] {dag.py:3677} INFO - Setting next_dagrun for example_dynamic_task_mapping to 2022-03-03T17:00:00+00:00, run_after=2022-03-04T17:00:00+00:00
[2023-09-15T13:35:38.709+0000] {processor.py:179} INFO - Processing /home/airflow/.local/lib/python3.8/site-packages/airflow/example_dags/example_dynamic_task_mapping.py took 0.047 seconds
[2023-09-15T13:36:09.021+0000] {processor.py:157} INFO - Started process (PID=277) to work on /home/airflow/.local/lib/python3.8/site-packages/airflow/example_dags/example_dynamic_task_mapping.py
[2023-09-15T13:36:09.021+0000] {processor.py:829} INFO - Processing file /home/airflow/.local/lib/python3.8/site-packages/airflow/example_dags/example_dynamic_task_mapping.py for tasks to queue
[2023-09-15T13:36:09.023+0000] {logging_mixin.py:151} INFO - [2023-09-15T13:36:09.022+0000] {dagbag.py:539} INFO - Filling up the DagBag from /home/airflow/.local/lib/python3.8/site-packages/airflow/example_dags/example_dynamic_task_mapping.py
[2023-09-15T13:36:09.026+0000] {processor.py:839} INFO - DAG(s) dict_keys(['example_dynamic_task_mapping']) retrieved from /home/airflow/.local/lib/python3.8/site-packages/airflow/example_dags/example_dynamic_task_mapping.py
[2023-09-15T13:36:09.039+0000] {logging_mixin.py:151} INFO - [2023-09-15T13:36:09.038+0000] {dag.py:2907} INFO - Sync 1 DAGs
[2023-09-15T13:36:09.053+0000] {logging_mixin.py:151} INFO - [2023-09-15T13:36:09.053+0000] {dag.py:3677} INFO - Setting next_dagrun for example_dynamic_task_mapping to 2022-03-03T17:00:00+00:00, run_after=2022-03-04T17:00:00+00:00
[2023-09-15T13:36:09.067+0000] {processor.py:179} INFO - Processing /home/airflow/.local/lib/python3.8/site-packages/airflow/example_dags/example_dynamic_task_mapping.py took 0.048 seconds
[2023-09-15T13:36:39.356+0000] {processor.py:157} INFO - Started process (PID=335) to work on /home/airflow/.local/lib/python3.8/site-packages/airflow/example_dags/example_dynamic_task_mapping.py
[2023-09-15T13:36:39.357+0000] {processor.py:829} INFO - Processing file /home/airflow/.local/lib/python3.8/site-packages/airflow/example_dags/example_dynamic_task_mapping.py for tasks to queue
[2023-09-15T13:36:39.359+0000] {logging_mixin.py:151} INFO - [2023-09-15T13:36:39.358+0000] {dagbag.py:539} INFO - Filling up the DagBag from /home/airflow/.local/lib/python3.8/site-packages/airflow/example_dags/example_dynamic_task_mapping.py
[2023-09-15T13:36:39.363+0000] {processor.py:839} INFO - DAG(s) dict_keys(['example_dynamic_task_mapping']) retrieved from /home/airflow/.local/lib/python3.8/site-packages/airflow/example_dags/example_dynamic_task_mapping.py
[2023-09-15T13:36:39.376+0000] {logging_mixin.py:151} INFO - [2023-09-15T13:36:39.376+0000] {dag.py:2907} INFO - Sync 1 DAGs
[2023-09-15T13:36:39.390+0000] {logging_mixin.py:151} INFO - [2023-09-15T13:36:39.390+0000] {dag.py:3677} INFO - Setting next_dagrun for example_dynamic_task_mapping to 2022-03-03T17:00:00+00:00, run_after=2022-03-04T17:00:00+00:00
[2023-09-15T13:36:39.405+0000] {processor.py:179} INFO - Processing /home/airflow/.local/lib/python3.8/site-packages/airflow/example_dags/example_dynamic_task_mapping.py took 0.051 seconds
[2023-09-15T13:37:09.640+0000] {processor.py:157} INFO - Started process (PID=393) to work on /home/airflow/.local/lib/python3.8/site-packages/airflow/example_dags/example_dynamic_task_mapping.py
[2023-09-15T13:37:09.641+0000] {processor.py:829} INFO - Processing file /home/airflow/.local/lib/python3.8/site-packages/airflow/example_dags/example_dynamic_task_mapping.py for tasks to queue
[2023-09-15T13:37:09.642+0000] {logging_mixin.py:151} INFO - [2023-09-15T13:37:09.642+0000] {dagbag.py:539} INFO - Filling up the DagBag from /home/airflow/.local/lib/python3.8/site-packages/airflow/example_dags/example_dynamic_task_mapping.py
[2023-09-15T13:37:09.646+0000] {processor.py:839} INFO - DAG(s) dict_keys(['example_dynamic_task_mapping']) retrieved from /home/airflow/.local/lib/python3.8/site-packages/airflow/example_dags/example_dynamic_task_mapping.py
[2023-09-15T13:37:09.658+0000] {logging_mixin.py:151} INFO - [2023-09-15T13:37:09.657+0000] {dag.py:2907} INFO - Sync 1 DAGs
[2023-09-15T13:37:09.670+0000] {logging_mixin.py:151} INFO - [2023-09-15T13:37:09.670+0000] {dag.py:3677} INFO - Setting next_dagrun for example_dynamic_task_mapping to 2022-03-03T17:00:00+00:00, run_after=2022-03-04T17:00:00+00:00
[2023-09-15T13:37:09.682+0000] {processor.py:179} INFO - Processing /home/airflow/.local/lib/python3.8/site-packages/airflow/example_dags/example_dynamic_task_mapping.py took 0.044 seconds
[2023-09-15T13:37:39.874+0000] {processor.py:157} INFO - Started process (PID=451) to work on /home/airflow/.local/lib/python3.8/site-packages/airflow/example_dags/example_dynamic_task_mapping.py
[2023-09-15T13:37:39.875+0000] {processor.py:829} INFO - Processing file /home/airflow/.local/lib/python3.8/site-packages/airflow/example_dags/example_dynamic_task_mapping.py for tasks to queue
[2023-09-15T13:37:39.876+0000] {logging_mixin.py:151} INFO - [2023-09-15T13:37:39.876+0000] {dagbag.py:539} INFO - Filling up the DagBag from /home/airflow/.local/lib/python3.8/site-packages/airflow/example_dags/example_dynamic_task_mapping.py
[2023-09-15T13:37:39.880+0000] {processor.py:839} INFO - DAG(s) dict_keys(['example_dynamic_task_mapping']) retrieved from /home/airflow/.local/lib/python3.8/site-packages/airflow/example_dags/example_dynamic_task_mapping.py
[2023-09-15T13:37:39.892+0000] {logging_mixin.py:151} INFO - [2023-09-15T13:37:39.891+0000] {dag.py:2907} INFO - Sync 1 DAGs
[2023-09-15T13:37:39.904+0000] {logging_mixin.py:151} INFO - [2023-09-15T13:37:39.904+0000] {dag.py:3677} INFO - Setting next_dagrun for example_dynamic_task_mapping to 2022-03-03T17:00:00+00:00, run_after=2022-03-04T17:00:00+00:00
[2023-09-15T13:37:39.917+0000] {processor.py:179} INFO - Processing /home/airflow/.local/lib/python3.8/site-packages/airflow/example_dags/example_dynamic_task_mapping.py took 0.045 seconds
[2023-09-15T13:38:10.342+0000] {processor.py:157} INFO - Started process (PID=509) to work on /home/airflow/.local/lib/python3.8/site-packages/airflow/example_dags/example_dynamic_task_mapping.py
[2023-09-15T13:38:10.343+0000] {processor.py:829} INFO - Processing file /home/airflow/.local/lib/python3.8/site-packages/airflow/example_dags/example_dynamic_task_mapping.py for tasks to queue
[2023-09-15T13:38:10.344+0000] {logging_mixin.py:151} INFO - [2023-09-15T13:38:10.344+0000] {dagbag.py:539} INFO - Filling up the DagBag from /home/airflow/.local/lib/python3.8/site-packages/airflow/example_dags/example_dynamic_task_mapping.py
[2023-09-15T13:38:10.348+0000] {processor.py:839} INFO - DAG(s) dict_keys(['example_dynamic_task_mapping']) retrieved from /home/airflow/.local/lib/python3.8/site-packages/airflow/example_dags/example_dynamic_task_mapping.py
[2023-09-15T13:38:10.360+0000] {logging_mixin.py:151} INFO - [2023-09-15T13:38:10.360+0000] {dag.py:2907} INFO - Sync 1 DAGs
[2023-09-15T13:38:10.373+0000] {logging_mixin.py:151} INFO - [2023-09-15T13:38:10.373+0000] {dag.py:3677} INFO - Setting next_dagrun for example_dynamic_task_mapping to 2022-03-03T17:00:00+00:00, run_after=2022-03-04T17:00:00+00:00
[2023-09-15T13:38:10.387+0000] {processor.py:179} INFO - Processing /home/airflow/.local/lib/python3.8/site-packages/airflow/example_dags/example_dynamic_task_mapping.py took 0.047 seconds
[2023-09-15T13:38:40.870+0000] {processor.py:157} INFO - Started process (PID=567) to work on /home/airflow/.local/lib/python3.8/site-packages/airflow/example_dags/example_dynamic_task_mapping.py
[2023-09-15T13:38:40.871+0000] {processor.py:829} INFO - Processing file /home/airflow/.local/lib/python3.8/site-packages/airflow/example_dags/example_dynamic_task_mapping.py for tasks to queue
[2023-09-15T13:38:40.873+0000] {logging_mixin.py:151} INFO - [2023-09-15T13:38:40.873+0000] {dagbag.py:539} INFO - Filling up the DagBag from /home/airflow/.local/lib/python3.8/site-packages/airflow/example_dags/example_dynamic_task_mapping.py
[2023-09-15T13:38:40.877+0000] {processor.py:839} INFO - DAG(s) dict_keys(['example_dynamic_task_mapping']) retrieved from /home/airflow/.local/lib/python3.8/site-packages/airflow/example_dags/example_dynamic_task_mapping.py
[2023-09-15T13:38:40.891+0000] {logging_mixin.py:151} INFO - [2023-09-15T13:38:40.891+0000] {dag.py:2907} INFO - Sync 1 DAGs
[2023-09-15T13:38:40.907+0000] {logging_mixin.py:151} INFO - [2023-09-15T13:38:40.906+0000] {dag.py:3677} INFO - Setting next_dagrun for example_dynamic_task_mapping to 2022-03-03T17:00:00+00:00, run_after=2022-03-04T17:00:00+00:00
[2023-09-15T13:38:40.926+0000] {processor.py:179} INFO - Processing /home/airflow/.local/lib/python3.8/site-packages/airflow/example_dags/example_dynamic_task_mapping.py took 0.058 seconds
[2023-09-15T13:39:11.336+0000] {processor.py:157} INFO - Started process (PID=625) to work on /home/airflow/.local/lib/python3.8/site-packages/airflow/example_dags/example_dynamic_task_mapping.py
[2023-09-15T13:39:11.337+0000] {processor.py:829} INFO - Processing file /home/airflow/.local/lib/python3.8/site-packages/airflow/example_dags/example_dynamic_task_mapping.py for tasks to queue
[2023-09-15T13:39:11.338+0000] {logging_mixin.py:151} INFO - [2023-09-15T13:39:11.338+0000] {dagbag.py:539} INFO - Filling up the DagBag from /home/airflow/.local/lib/python3.8/site-packages/airflow/example_dags/example_dynamic_task_mapping.py
[2023-09-15T13:39:11.342+0000] {processor.py:839} INFO - DAG(s) dict_keys(['example_dynamic_task_mapping']) retrieved from /home/airflow/.local/lib/python3.8/site-packages/airflow/example_dags/example_dynamic_task_mapping.py
[2023-09-15T13:39:11.354+0000] {logging_mixin.py:151} INFO - [2023-09-15T13:39:11.354+0000] {dag.py:2907} INFO - Sync 1 DAGs
[2023-09-15T13:39:11.367+0000] {logging_mixin.py:151} INFO - [2023-09-15T13:39:11.367+0000] {dag.py:3677} INFO - Setting next_dagrun for example_dynamic_task_mapping to 2022-03-03T17:00:00+00:00, run_after=2022-03-04T17:00:00+00:00
[2023-09-15T13:39:11.379+0000] {processor.py:179} INFO - Processing /home/airflow/.local/lib/python3.8/site-packages/airflow/example_dags/example_dynamic_task_mapping.py took 0.044 seconds
[2023-09-15T13:39:41.825+0000] {processor.py:157} INFO - Started process (PID=683) to work on /home/airflow/.local/lib/python3.8/site-packages/airflow/example_dags/example_dynamic_task_mapping.py
[2023-09-15T13:39:41.826+0000] {processor.py:829} INFO - Processing file /home/airflow/.local/lib/python3.8/site-packages/airflow/example_dags/example_dynamic_task_mapping.py for tasks to queue
[2023-09-15T13:39:41.827+0000] {logging_mixin.py:151} INFO - [2023-09-15T13:39:41.827+0000] {dagbag.py:539} INFO - Filling up the DagBag from /home/airflow/.local/lib/python3.8/site-packages/airflow/example_dags/example_dynamic_task_mapping.py
[2023-09-15T13:39:41.832+0000] {processor.py:839} INFO - DAG(s) dict_keys(['example_dynamic_task_mapping']) retrieved from /home/airflow/.local/lib/python3.8/site-packages/airflow/example_dags/example_dynamic_task_mapping.py
[2023-09-15T13:39:41.844+0000] {logging_mixin.py:151} INFO - [2023-09-15T13:39:41.844+0000] {dag.py:2907} INFO - Sync 1 DAGs
[2023-09-15T13:39:41.859+0000] {logging_mixin.py:151} INFO - [2023-09-15T13:39:41.859+0000] {dag.py:3677} INFO - Setting next_dagrun for example_dynamic_task_mapping to 2022-03-03T17:00:00+00:00, run_after=2022-03-04T17:00:00+00:00
[2023-09-15T13:39:41.872+0000] {processor.py:179} INFO - Processing /home/airflow/.local/lib/python3.8/site-packages/airflow/example_dags/example_dynamic_task_mapping.py took 0.048 seconds
[2023-09-15T13:40:12.319+0000] {processor.py:157} INFO - Started process (PID=741) to work on /home/airflow/.local/lib/python3.8/site-packages/airflow/example_dags/example_dynamic_task_mapping.py
[2023-09-15T13:40:12.320+0000] {processor.py:829} INFO - Processing file /home/airflow/.local/lib/python3.8/site-packages/airflow/example_dags/example_dynamic_task_mapping.py for tasks to queue
[2023-09-15T13:40:12.321+0000] {logging_mixin.py:151} INFO - [2023-09-15T13:40:12.321+0000] {dagbag.py:539} INFO - Filling up the DagBag from /home/airflow/.local/lib/python3.8/site-packages/airflow/example_dags/example_dynamic_task_mapping.py
[2023-09-15T13:40:12.325+0000] {processor.py:839} INFO - DAG(s) dict_keys(['example_dynamic_task_mapping']) retrieved from /home/airflow/.local/lib/python3.8/site-packages/airflow/example_dags/example_dynamic_task_mapping.py
[2023-09-15T13:40:12.337+0000] {logging_mixin.py:151} INFO - [2023-09-15T13:40:12.337+0000] {dag.py:2907} INFO - Sync 1 DAGs
[2023-09-15T13:40:12.350+0000] {logging_mixin.py:151} INFO - [2023-09-15T13:40:12.350+0000] {dag.py:3677} INFO - Setting next_dagrun for example_dynamic_task_mapping to 2022-03-03T17:00:00+00:00, run_after=2022-03-04T17:00:00+00:00
[2023-09-15T13:40:12.362+0000] {processor.py:179} INFO - Processing /home/airflow/.local/lib/python3.8/site-packages/airflow/example_dags/example_dynamic_task_mapping.py took 0.045 seconds
[2023-09-15T13:40:42.714+0000] {processor.py:157} INFO - Started process (PID=799) to work on /home/airflow/.local/lib/python3.8/site-packages/airflow/example_dags/example_dynamic_task_mapping.py
[2023-09-15T13:40:42.715+0000] {processor.py:829} INFO - Processing file /home/airflow/.local/lib/python3.8/site-packages/airflow/example_dags/example_dynamic_task_mapping.py for tasks to queue
[2023-09-15T13:40:42.716+0000] {logging_mixin.py:151} INFO - [2023-09-15T13:40:42.716+0000] {dagbag.py:539} INFO - Filling up the DagBag from /home/airflow/.local/lib/python3.8/site-packages/airflow/example_dags/example_dynamic_task_mapping.py
[2023-09-15T13:40:42.721+0000] {processor.py:839} INFO - DAG(s) dict_keys(['example_dynamic_task_mapping']) retrieved from /home/airflow/.local/lib/python3.8/site-packages/airflow/example_dags/example_dynamic_task_mapping.py
[2023-09-15T13:40:42.734+0000] {logging_mixin.py:151} INFO - [2023-09-15T13:40:42.734+0000] {dag.py:2907} INFO - Sync 1 DAGs
[2023-09-15T13:40:42.748+0000] {logging_mixin.py:151} INFO - [2023-09-15T13:40:42.748+0000] {dag.py:3677} INFO - Setting next_dagrun for example_dynamic_task_mapping to 2022-03-03T17:00:00+00:00, run_after=2022-03-04T17:00:00+00:00
[2023-09-15T13:40:42.761+0000] {processor.py:179} INFO - Processing /home/airflow/.local/lib/python3.8/site-packages/airflow/example_dags/example_dynamic_task_mapping.py took 0.050 seconds
[2023-09-15T13:41:12.948+0000] {processor.py:157} INFO - Started process (PID=857) to work on /home/airflow/.local/lib/python3.8/site-packages/airflow/example_dags/example_dynamic_task_mapping.py
[2023-09-15T13:41:12.949+0000] {processor.py:829} INFO - Processing file /home/airflow/.local/lib/python3.8/site-packages/airflow/example_dags/example_dynamic_task_mapping.py for tasks to queue
[2023-09-15T13:41:12.950+0000] {logging_mixin.py:151} INFO - [2023-09-15T13:41:12.950+0000] {dagbag.py:539} INFO - Filling up the DagBag from /home/airflow/.local/lib/python3.8/site-packages/airflow/example_dags/example_dynamic_task_mapping.py
[2023-09-15T13:41:12.954+0000] {processor.py:839} INFO - DAG(s) dict_keys(['example_dynamic_task_mapping']) retrieved from /home/airflow/.local/lib/python3.8/site-packages/airflow/example_dags/example_dynamic_task_mapping.py
[2023-09-15T13:41:12.966+0000] {logging_mixin.py:151} INFO - [2023-09-15T13:41:12.966+0000] {dag.py:2907} INFO - Sync 1 DAGs
[2023-09-15T13:41:12.979+0000] {logging_mixin.py:151} INFO - [2023-09-15T13:41:12.979+0000] {dag.py:3677} INFO - Setting next_dagrun for example_dynamic_task_mapping to 2022-03-03T17:00:00+00:00, run_after=2022-03-04T17:00:00+00:00
[2023-09-15T13:41:12.994+0000] {processor.py:179} INFO - Processing /home/airflow/.local/lib/python3.8/site-packages/airflow/example_dags/example_dynamic_task_mapping.py took 0.048 seconds
[2023-09-15T13:41:43.289+0000] {processor.py:157} INFO - Started process (PID=915) to work on /home/airflow/.local/lib/python3.8/site-packages/airflow/example_dags/example_dynamic_task_mapping.py
[2023-09-15T13:41:43.290+0000] {processor.py:829} INFO - Processing file /home/airflow/.local/lib/python3.8/site-packages/airflow/example_dags/example_dynamic_task_mapping.py for tasks to queue
[2023-09-15T13:41:43.292+0000] {logging_mixin.py:151} INFO - [2023-09-15T13:41:43.292+0000] {dagbag.py:539} INFO - Filling up the DagBag from /home/airflow/.local/lib/python3.8/site-packages/airflow/example_dags/example_dynamic_task_mapping.py
[2023-09-15T13:41:43.297+0000] {processor.py:839} INFO - DAG(s) dict_keys(['example_dynamic_task_mapping']) retrieved from /home/airflow/.local/lib/python3.8/site-packages/airflow/example_dags/example_dynamic_task_mapping.py
[2023-09-15T13:41:43.310+0000] {logging_mixin.py:151} INFO - [2023-09-15T13:41:43.310+0000] {dag.py:2907} INFO - Sync 1 DAGs
[2023-09-15T13:41:43.323+0000] {logging_mixin.py:151} INFO - [2023-09-15T13:41:43.323+0000] {dag.py:3677} INFO - Setting next_dagrun for example_dynamic_task_mapping to 2022-03-03T17:00:00+00:00, run_after=2022-03-04T17:00:00+00:00
[2023-09-15T13:41:43.335+0000] {processor.py:179} INFO - Processing /home/airflow/.local/lib/python3.8/site-packages/airflow/example_dags/example_dynamic_task_mapping.py took 0.048 seconds
[2023-09-15T13:42:13.589+0000] {processor.py:157} INFO - Started process (PID=973) to work on /home/airflow/.local/lib/python3.8/site-packages/airflow/example_dags/example_dynamic_task_mapping.py
[2023-09-15T13:42:13.590+0000] {processor.py:829} INFO - Processing file /home/airflow/.local/lib/python3.8/site-packages/airflow/example_dags/example_dynamic_task_mapping.py for tasks to queue
[2023-09-15T13:42:13.591+0000] {logging_mixin.py:151} INFO - [2023-09-15T13:42:13.591+0000] {dagbag.py:539} INFO - Filling up the DagBag from /home/airflow/.local/lib/python3.8/site-packages/airflow/example_dags/example_dynamic_task_mapping.py
[2023-09-15T13:42:13.595+0000] {processor.py:839} INFO - DAG(s) dict_keys(['example_dynamic_task_mapping']) retrieved from /home/airflow/.local/lib/python3.8/site-packages/airflow/example_dags/example_dynamic_task_mapping.py
[2023-09-15T13:42:13.606+0000] {logging_mixin.py:151} INFO - [2023-09-15T13:42:13.606+0000] {dag.py:2907} INFO - Sync 1 DAGs
[2023-09-15T13:42:13.619+0000] {logging_mixin.py:151} INFO - [2023-09-15T13:42:13.619+0000] {dag.py:3677} INFO - Setting next_dagrun for example_dynamic_task_mapping to 2022-03-03T17:00:00+00:00, run_after=2022-03-04T17:00:00+00:00
[2023-09-15T13:42:13.631+0000] {processor.py:179} INFO - Processing /home/airflow/.local/lib/python3.8/site-packages/airflow/example_dags/example_dynamic_task_mapping.py took 0.044 seconds
[2023-09-15T13:42:44.712+0000] {processor.py:157} INFO - Started process (PID=1031) to work on /home/airflow/.local/lib/python3.8/site-packages/airflow/example_dags/example_dynamic_task_mapping.py
[2023-09-15T13:42:44.713+0000] {processor.py:829} INFO - Processing file /home/airflow/.local/lib/python3.8/site-packages/airflow/example_dags/example_dynamic_task_mapping.py for tasks to queue
[2023-09-15T13:42:44.714+0000] {logging_mixin.py:151} INFO - [2023-09-15T13:42:44.714+0000] {dagbag.py:539} INFO - Filling up the DagBag from /home/airflow/.local/lib/python3.8/site-packages/airflow/example_dags/example_dynamic_task_mapping.py
[2023-09-15T13:42:44.719+0000] {processor.py:839} INFO - DAG(s) dict_keys(['example_dynamic_task_mapping']) retrieved from /home/airflow/.local/lib/python3.8/site-packages/airflow/example_dags/example_dynamic_task_mapping.py
[2023-09-15T13:42:44.731+0000] {logging_mixin.py:151} INFO - [2023-09-15T13:42:44.731+0000] {dag.py:2907} INFO - Sync 1 DAGs
[2023-09-15T13:42:44.745+0000] {logging_mixin.py:151} INFO - [2023-09-15T13:42:44.745+0000] {dag.py:3677} INFO - Setting next_dagrun for example_dynamic_task_mapping to 2022-03-03T17:00:00+00:00, run_after=2022-03-04T17:00:00+00:00
[2023-09-15T13:42:44.771+0000] {processor.py:179} INFO - Processing /home/airflow/.local/lib/python3.8/site-packages/airflow/example_dags/example_dynamic_task_mapping.py took 0.061 seconds
[2023-09-15T13:43:15.243+0000] {processor.py:157} INFO - Started process (PID=1089) to work on /home/airflow/.local/lib/python3.8/site-packages/airflow/example_dags/example_dynamic_task_mapping.py
[2023-09-15T13:43:15.243+0000] {processor.py:829} INFO - Processing file /home/airflow/.local/lib/python3.8/site-packages/airflow/example_dags/example_dynamic_task_mapping.py for tasks to queue
[2023-09-15T13:43:15.245+0000] {logging_mixin.py:151} INFO - [2023-09-15T13:43:15.245+0000] {dagbag.py:539} INFO - Filling up the DagBag from /home/airflow/.local/lib/python3.8/site-packages/airflow/example_dags/example_dynamic_task_mapping.py
[2023-09-15T13:43:15.249+0000] {processor.py:839} INFO - DAG(s) dict_keys(['example_dynamic_task_mapping']) retrieved from /home/airflow/.local/lib/python3.8/site-packages/airflow/example_dags/example_dynamic_task_mapping.py
[2023-09-15T13:43:15.263+0000] {logging_mixin.py:151} INFO - [2023-09-15T13:43:15.262+0000] {dag.py:2907} INFO - Sync 1 DAGs
[2023-09-15T13:43:15.275+0000] {logging_mixin.py:151} INFO - [2023-09-15T13:43:15.275+0000] {dag.py:3677} INFO - Setting next_dagrun for example_dynamic_task_mapping to 2022-03-03T17:00:00+00:00, run_after=2022-03-04T17:00:00+00:00
[2023-09-15T13:43:15.288+0000] {processor.py:179} INFO - Processing /home/airflow/.local/lib/python3.8/site-packages/airflow/example_dags/example_dynamic_task_mapping.py took 0.047 seconds
[2023-09-15T13:43:45.628+0000] {processor.py:157} INFO - Started process (PID=1147) to work on /home/airflow/.local/lib/python3.8/site-packages/airflow/example_dags/example_dynamic_task_mapping.py
[2023-09-15T13:43:45.628+0000] {processor.py:829} INFO - Processing file /home/airflow/.local/lib/python3.8/site-packages/airflow/example_dags/example_dynamic_task_mapping.py for tasks to queue
[2023-09-15T13:43:45.630+0000] {logging_mixin.py:151} INFO - [2023-09-15T13:43:45.630+0000] {dagbag.py:539} INFO - Filling up the DagBag from /home/airflow/.local/lib/python3.8/site-packages/airflow/example_dags/example_dynamic_task_mapping.py
[2023-09-15T13:43:45.634+0000] {processor.py:839} INFO - DAG(s) dict_keys(['example_dynamic_task_mapping']) retrieved from /home/airflow/.local/lib/python3.8/site-packages/airflow/example_dags/example_dynamic_task_mapping.py
[2023-09-15T13:43:45.646+0000] {logging_mixin.py:151} INFO - [2023-09-15T13:43:45.646+0000] {dag.py:2907} INFO - Sync 1 DAGs
[2023-09-15T13:43:45.662+0000] {logging_mixin.py:151} INFO - [2023-09-15T13:43:45.661+0000] {dag.py:3677} INFO - Setting next_dagrun for example_dynamic_task_mapping to 2022-03-03T17:00:00+00:00, run_after=2022-03-04T17:00:00+00:00
[2023-09-15T13:43:45.680+0000] {processor.py:179} INFO - Processing /home/airflow/.local/lib/python3.8/site-packages/airflow/example_dags/example_dynamic_task_mapping.py took 0.055 seconds
[2023-09-15T13:44:15.824+0000] {processor.py:157} INFO - Started process (PID=1205) to work on /home/airflow/.local/lib/python3.8/site-packages/airflow/example_dags/example_dynamic_task_mapping.py
[2023-09-15T13:44:15.825+0000] {processor.py:829} INFO - Processing file /home/airflow/.local/lib/python3.8/site-packages/airflow/example_dags/example_dynamic_task_mapping.py for tasks to queue
[2023-09-15T13:44:15.826+0000] {logging_mixin.py:151} INFO - [2023-09-15T13:44:15.826+0000] {dagbag.py:539} INFO - Filling up the DagBag from /home/airflow/.local/lib/python3.8/site-packages/airflow/example_dags/example_dynamic_task_mapping.py
[2023-09-15T13:44:15.831+0000] {processor.py:839} INFO - DAG(s) dict_keys(['example_dynamic_task_mapping']) retrieved from /home/airflow/.local/lib/python3.8/site-packages/airflow/example_dags/example_dynamic_task_mapping.py
[2023-09-15T13:44:15.843+0000] {logging_mixin.py:151} INFO - [2023-09-15T13:44:15.843+0000] {dag.py:2907} INFO - Sync 1 DAGs
[2023-09-15T13:44:15.858+0000] {logging_mixin.py:151} INFO - [2023-09-15T13:44:15.858+0000] {dag.py:3677} INFO - Setting next_dagrun for example_dynamic_task_mapping to 2022-03-03T17:00:00+00:00, run_after=2022-03-04T17:00:00+00:00
[2023-09-15T13:44:15.873+0000] {processor.py:179} INFO - Processing /home/airflow/.local/lib/python3.8/site-packages/airflow/example_dags/example_dynamic_task_mapping.py took 0.050 seconds
[2023-09-15T13:44:46.177+0000] {processor.py:157} INFO - Started process (PID=1263) to work on /home/airflow/.local/lib/python3.8/site-packages/airflow/example_dags/example_dynamic_task_mapping.py
[2023-09-15T13:44:46.177+0000] {processor.py:829} INFO - Processing file /home/airflow/.local/lib/python3.8/site-packages/airflow/example_dags/example_dynamic_task_mapping.py for tasks to queue
[2023-09-15T13:44:46.179+0000] {logging_mixin.py:151} INFO - [2023-09-15T13:44:46.179+0000] {dagbag.py:539} INFO - Filling up the DagBag from /home/airflow/.local/lib/python3.8/site-packages/airflow/example_dags/example_dynamic_task_mapping.py
[2023-09-15T13:44:46.183+0000] {processor.py:839} INFO - DAG(s) dict_keys(['example_dynamic_task_mapping']) retrieved from /home/airflow/.local/lib/python3.8/site-packages/airflow/example_dags/example_dynamic_task_mapping.py
[2023-09-15T13:44:46.194+0000] {logging_mixin.py:151} INFO - [2023-09-15T13:44:46.194+0000] {dag.py:2907} INFO - Sync 1 DAGs
[2023-09-15T13:44:46.207+0000] {logging_mixin.py:151} INFO - [2023-09-15T13:44:46.207+0000] {dag.py:3677} INFO - Setting next_dagrun for example_dynamic_task_mapping to 2022-03-03T17:00:00+00:00, run_after=2022-03-04T17:00:00+00:00
[2023-09-15T13:44:46.220+0000] {processor.py:179} INFO - Processing /home/airflow/.local/lib/python3.8/site-packages/airflow/example_dags/example_dynamic_task_mapping.py took 0.045 seconds
[2023-09-15T13:45:16.502+0000] {processor.py:157} INFO - Started process (PID=1321) to work on /home/airflow/.local/lib/python3.8/site-packages/airflow/example_dags/example_dynamic_task_mapping.py
[2023-09-15T13:45:16.503+0000] {processor.py:829} INFO - Processing file /home/airflow/.local/lib/python3.8/site-packages/airflow/example_dags/example_dynamic_task_mapping.py for tasks to queue
[2023-09-15T13:45:16.504+0000] {logging_mixin.py:151} INFO - [2023-09-15T13:45:16.504+0000] {dagbag.py:539} INFO - Filling up the DagBag from /home/airflow/.local/lib/python3.8/site-packages/airflow/example_dags/example_dynamic_task_mapping.py
[2023-09-15T13:45:16.509+0000] {processor.py:839} INFO - DAG(s) dict_keys(['example_dynamic_task_mapping']) retrieved from /home/airflow/.local/lib/python3.8/site-packages/airflow/example_dags/example_dynamic_task_mapping.py
[2023-09-15T13:45:16.520+0000] {logging_mixin.py:151} INFO - [2023-09-15T13:45:16.520+0000] {dag.py:2907} INFO - Sync 1 DAGs
[2023-09-15T13:45:16.534+0000] {logging_mixin.py:151} INFO - [2023-09-15T13:45:16.534+0000] {dag.py:3677} INFO - Setting next_dagrun for example_dynamic_task_mapping to 2022-03-03T17:00:00+00:00, run_after=2022-03-04T17:00:00+00:00
[2023-09-15T13:45:16.547+0000] {processor.py:179} INFO - Processing /home/airflow/.local/lib/python3.8/site-packages/airflow/example_dags/example_dynamic_task_mapping.py took 0.046 seconds
[2023-09-15T13:45:46.846+0000] {processor.py:157} INFO - Started process (PID=1379) to work on /home/airflow/.local/lib/python3.8/site-packages/airflow/example_dags/example_dynamic_task_mapping.py
[2023-09-15T13:45:46.847+0000] {processor.py:829} INFO - Processing file /home/airflow/.local/lib/python3.8/site-packages/airflow/example_dags/example_dynamic_task_mapping.py for tasks to queue
[2023-09-15T13:45:46.848+0000] {logging_mixin.py:151} INFO - [2023-09-15T13:45:46.848+0000] {dagbag.py:539} INFO - Filling up the DagBag from /home/airflow/.local/lib/python3.8/site-packages/airflow/example_dags/example_dynamic_task_mapping.py
[2023-09-15T13:45:46.852+0000] {processor.py:839} INFO - DAG(s) dict_keys(['example_dynamic_task_mapping']) retrieved from /home/airflow/.local/lib/python3.8/site-packages/airflow/example_dags/example_dynamic_task_mapping.py
[2023-09-15T13:45:46.865+0000] {logging_mixin.py:151} INFO - [2023-09-15T13:45:46.865+0000] {dag.py:2907} INFO - Sync 1 DAGs
[2023-09-15T13:45:46.878+0000] {logging_mixin.py:151} INFO - [2023-09-15T13:45:46.878+0000] {dag.py:3677} INFO - Setting next_dagrun for example_dynamic_task_mapping to 2022-03-03T17:00:00+00:00, run_after=2022-03-04T17:00:00+00:00
[2023-09-15T13:45:46.890+0000] {processor.py:179} INFO - Processing /home/airflow/.local/lib/python3.8/site-packages/airflow/example_dags/example_dynamic_task_mapping.py took 0.046 seconds
[2023-09-15T13:46:17.184+0000] {processor.py:157} INFO - Started process (PID=1437) to work on /home/airflow/.local/lib/python3.8/site-packages/airflow/example_dags/example_dynamic_task_mapping.py
[2023-09-15T13:46:17.184+0000] {processor.py:829} INFO - Processing file /home/airflow/.local/lib/python3.8/site-packages/airflow/example_dags/example_dynamic_task_mapping.py for tasks to queue
[2023-09-15T13:46:17.186+0000] {logging_mixin.py:151} INFO - [2023-09-15T13:46:17.186+0000] {dagbag.py:539} INFO - Filling up the DagBag from /home/airflow/.local/lib/python3.8/site-packages/airflow/example_dags/example_dynamic_task_mapping.py
[2023-09-15T13:46:17.190+0000] {processor.py:839} INFO - DAG(s) dict_keys(['example_dynamic_task_mapping']) retrieved from /home/airflow/.local/lib/python3.8/site-packages/airflow/example_dags/example_dynamic_task_mapping.py
[2023-09-15T13:46:17.203+0000] {logging_mixin.py:151} INFO - [2023-09-15T13:46:17.203+0000] {dag.py:2907} INFO - Sync 1 DAGs
[2023-09-15T13:46:17.218+0000] {logging_mixin.py:151} INFO - [2023-09-15T13:46:17.218+0000] {dag.py:3677} INFO - Setting next_dagrun for example_dynamic_task_mapping to 2022-03-03T17:00:00+00:00, run_after=2022-03-04T17:00:00+00:00
[2023-09-15T13:46:17.232+0000] {processor.py:179} INFO - Processing /home/airflow/.local/lib/python3.8/site-packages/airflow/example_dags/example_dynamic_task_mapping.py took 0.050 seconds
[2023-09-15T13:46:47.662+0000] {processor.py:157} INFO - Started process (PID=1495) to work on /home/airflow/.local/lib/python3.8/site-packages/airflow/example_dags/example_dynamic_task_mapping.py
[2023-09-15T13:46:47.663+0000] {processor.py:829} INFO - Processing file /home/airflow/.local/lib/python3.8/site-packages/airflow/example_dags/example_dynamic_task_mapping.py for tasks to queue
[2023-09-15T13:46:47.664+0000] {logging_mixin.py:151} INFO - [2023-09-15T13:46:47.664+0000] {dagbag.py:539} INFO - Filling up the DagBag from /home/airflow/.local/lib/python3.8/site-packages/airflow/example_dags/example_dynamic_task_mapping.py
[2023-09-15T13:46:47.668+0000] {processor.py:839} INFO - DAG(s) dict_keys(['example_dynamic_task_mapping']) retrieved from /home/airflow/.local/lib/python3.8/site-packages/airflow/example_dags/example_dynamic_task_mapping.py
[2023-09-15T13:46:47.680+0000] {logging_mixin.py:151} INFO - [2023-09-15T13:46:47.680+0000] {dag.py:2907} INFO - Sync 1 DAGs
[2023-09-15T13:46:47.693+0000] {logging_mixin.py:151} INFO - [2023-09-15T13:46:47.693+0000] {dag.py:3677} INFO - Setting next_dagrun for example_dynamic_task_mapping to 2022-03-03T17:00:00+00:00, run_after=2022-03-04T17:00:00+00:00
[2023-09-15T13:46:47.705+0000] {processor.py:179} INFO - Processing /home/airflow/.local/lib/python3.8/site-packages/airflow/example_dags/example_dynamic_task_mapping.py took 0.045 seconds
[2023-09-15T13:47:17.832+0000] {processor.py:157} INFO - Started process (PID=1554) to work on /home/airflow/.local/lib/python3.8/site-packages/airflow/example_dags/example_dynamic_task_mapping.py
[2023-09-15T13:47:17.833+0000] {processor.py:829} INFO - Processing file /home/airflow/.local/lib/python3.8/site-packages/airflow/example_dags/example_dynamic_task_mapping.py for tasks to queue
[2023-09-15T13:47:17.835+0000] {logging_mixin.py:151} INFO - [2023-09-15T13:47:17.834+0000] {dagbag.py:539} INFO - Filling up the DagBag from /home/airflow/.local/lib/python3.8/site-packages/airflow/example_dags/example_dynamic_task_mapping.py
[2023-09-15T13:47:17.839+0000] {processor.py:839} INFO - DAG(s) dict_keys(['example_dynamic_task_mapping']) retrieved from /home/airflow/.local/lib/python3.8/site-packages/airflow/example_dags/example_dynamic_task_mapping.py
[2023-09-15T13:47:17.851+0000] {logging_mixin.py:151} INFO - [2023-09-15T13:47:17.851+0000] {dag.py:2907} INFO - Sync 1 DAGs
[2023-09-15T13:47:17.864+0000] {logging_mixin.py:151} INFO - [2023-09-15T13:47:17.864+0000] {dag.py:3677} INFO - Setting next_dagrun for example_dynamic_task_mapping to 2022-03-03T17:00:00+00:00, run_after=2022-03-04T17:00:00+00:00
[2023-09-15T13:47:17.877+0000] {processor.py:179} INFO - Processing /home/airflow/.local/lib/python3.8/site-packages/airflow/example_dags/example_dynamic_task_mapping.py took 0.046 seconds
[2023-09-15T13:47:48.261+0000] {processor.py:157} INFO - Started process (PID=1612) to work on /home/airflow/.local/lib/python3.8/site-packages/airflow/example_dags/example_dynamic_task_mapping.py
[2023-09-15T13:47:48.261+0000] {processor.py:829} INFO - Processing file /home/airflow/.local/lib/python3.8/site-packages/airflow/example_dags/example_dynamic_task_mapping.py for tasks to queue
[2023-09-15T13:47:48.263+0000] {logging_mixin.py:151} INFO - [2023-09-15T13:47:48.263+0000] {dagbag.py:539} INFO - Filling up the DagBag from /home/airflow/.local/lib/python3.8/site-packages/airflow/example_dags/example_dynamic_task_mapping.py
[2023-09-15T13:47:48.267+0000] {processor.py:839} INFO - DAG(s) dict_keys(['example_dynamic_task_mapping']) retrieved from /home/airflow/.local/lib/python3.8/site-packages/airflow/example_dags/example_dynamic_task_mapping.py
[2023-09-15T13:47:48.279+0000] {logging_mixin.py:151} INFO - [2023-09-15T13:47:48.279+0000] {dag.py:2907} INFO - Sync 1 DAGs
[2023-09-15T13:47:48.292+0000] {logging_mixin.py:151} INFO - [2023-09-15T13:47:48.292+0000] {dag.py:3677} INFO - Setting next_dagrun for example_dynamic_task_mapping to 2022-03-03T17:00:00+00:00, run_after=2022-03-04T17:00:00+00:00
[2023-09-15T13:47:48.306+0000] {processor.py:179} INFO - Processing /home/airflow/.local/lib/python3.8/site-packages/airflow/example_dags/example_dynamic_task_mapping.py took 0.047 seconds
[2023-09-15T13:48:18.649+0000] {processor.py:157} INFO - Started process (PID=1670) to work on /home/airflow/.local/lib/python3.8/site-packages/airflow/example_dags/example_dynamic_task_mapping.py
[2023-09-15T13:48:18.650+0000] {processor.py:829} INFO - Processing file /home/airflow/.local/lib/python3.8/site-packages/airflow/example_dags/example_dynamic_task_mapping.py for tasks to queue
[2023-09-15T13:48:18.651+0000] {logging_mixin.py:151} INFO - [2023-09-15T13:48:18.651+0000] {dagbag.py:539} INFO - Filling up the DagBag from /home/airflow/.local/lib/python3.8/site-packages/airflow/example_dags/example_dynamic_task_mapping.py
[2023-09-15T13:48:18.656+0000] {processor.py:839} INFO - DAG(s) dict_keys(['example_dynamic_task_mapping']) retrieved from /home/airflow/.local/lib/python3.8/site-packages/airflow/example_dags/example_dynamic_task_mapping.py
[2023-09-15T13:48:18.668+0000] {logging_mixin.py:151} INFO - [2023-09-15T13:48:18.668+0000] {dag.py:2907} INFO - Sync 1 DAGs
[2023-09-15T13:48:18.682+0000] {logging_mixin.py:151} INFO - [2023-09-15T13:48:18.682+0000] {dag.py:3677} INFO - Setting next_dagrun for example_dynamic_task_mapping to 2022-03-03T17:00:00+00:00, run_after=2022-03-04T17:00:00+00:00
[2023-09-15T13:48:18.696+0000] {processor.py:179} INFO - Processing /home/airflow/.local/lib/python3.8/site-packages/airflow/example_dags/example_dynamic_task_mapping.py took 0.049 seconds
[2023-09-15T13:48:49.123+0000] {processor.py:157} INFO - Started process (PID=1728) to work on /home/airflow/.local/lib/python3.8/site-packages/airflow/example_dags/example_dynamic_task_mapping.py
[2023-09-15T13:48:49.125+0000] {processor.py:829} INFO - Processing file /home/airflow/.local/lib/python3.8/site-packages/airflow/example_dags/example_dynamic_task_mapping.py for tasks to queue
[2023-09-15T13:48:49.127+0000] {logging_mixin.py:151} INFO - [2023-09-15T13:48:49.126+0000] {dagbag.py:539} INFO - Filling up the DagBag from /home/airflow/.local/lib/python3.8/site-packages/airflow/example_dags/example_dynamic_task_mapping.py
[2023-09-15T13:48:49.132+0000] {processor.py:839} INFO - DAG(s) dict_keys(['example_dynamic_task_mapping']) retrieved from /home/airflow/.local/lib/python3.8/site-packages/airflow/example_dags/example_dynamic_task_mapping.py
[2023-09-15T13:48:49.148+0000] {logging_mixin.py:151} INFO - [2023-09-15T13:48:49.148+0000] {dag.py:2907} INFO - Sync 1 DAGs
[2023-09-15T13:48:49.166+0000] {logging_mixin.py:151} INFO - [2023-09-15T13:48:49.165+0000] {dag.py:3677} INFO - Setting next_dagrun for example_dynamic_task_mapping to 2022-03-03T17:00:00+00:00, run_after=2022-03-04T17:00:00+00:00
[2023-09-15T13:48:49.180+0000] {processor.py:179} INFO - Processing /home/airflow/.local/lib/python3.8/site-packages/airflow/example_dags/example_dynamic_task_mapping.py took 0.060 seconds
[2023-09-15T13:49:19.375+0000] {processor.py:157} INFO - Started process (PID=1786) to work on /home/airflow/.local/lib/python3.8/site-packages/airflow/example_dags/example_dynamic_task_mapping.py
[2023-09-15T13:49:19.375+0000] {processor.py:829} INFO - Processing file /home/airflow/.local/lib/python3.8/site-packages/airflow/example_dags/example_dynamic_task_mapping.py for tasks to queue
[2023-09-15T13:49:19.377+0000] {logging_mixin.py:151} INFO - [2023-09-15T13:49:19.377+0000] {dagbag.py:539} INFO - Filling up the DagBag from /home/airflow/.local/lib/python3.8/site-packages/airflow/example_dags/example_dynamic_task_mapping.py
[2023-09-15T13:49:19.381+0000] {processor.py:839} INFO - DAG(s) dict_keys(['example_dynamic_task_mapping']) retrieved from /home/airflow/.local/lib/python3.8/site-packages/airflow/example_dags/example_dynamic_task_mapping.py
[2023-09-15T13:49:19.394+0000] {logging_mixin.py:151} INFO - [2023-09-15T13:49:19.394+0000] {dag.py:2907} INFO - Sync 1 DAGs
[2023-09-15T13:49:19.411+0000] {logging_mixin.py:151} INFO - [2023-09-15T13:49:19.411+0000] {dag.py:3677} INFO - Setting next_dagrun for example_dynamic_task_mapping to 2022-03-03T17:00:00+00:00, run_after=2022-03-04T17:00:00+00:00
[2023-09-15T13:49:19.429+0000] {processor.py:179} INFO - Processing /home/airflow/.local/lib/python3.8/site-packages/airflow/example_dags/example_dynamic_task_mapping.py took 0.057 seconds
[2023-09-15T13:49:49.750+0000] {processor.py:157} INFO - Started process (PID=1844) to work on /home/airflow/.local/lib/python3.8/site-packages/airflow/example_dags/example_dynamic_task_mapping.py
[2023-09-15T13:49:49.751+0000] {processor.py:829} INFO - Processing file /home/airflow/.local/lib/python3.8/site-packages/airflow/example_dags/example_dynamic_task_mapping.py for tasks to queue
[2023-09-15T13:49:49.752+0000] {logging_mixin.py:151} INFO - [2023-09-15T13:49:49.752+0000] {dagbag.py:539} INFO - Filling up the DagBag from /home/airflow/.local/lib/python3.8/site-packages/airflow/example_dags/example_dynamic_task_mapping.py
[2023-09-15T13:49:49.757+0000] {processor.py:839} INFO - DAG(s) dict_keys(['example_dynamic_task_mapping']) retrieved from /home/airflow/.local/lib/python3.8/site-packages/airflow/example_dags/example_dynamic_task_mapping.py
[2023-09-15T13:49:49.768+0000] {logging_mixin.py:151} INFO - [2023-09-15T13:49:49.768+0000] {dag.py:2907} INFO - Sync 1 DAGs
[2023-09-15T13:49:49.781+0000] {logging_mixin.py:151} INFO - [2023-09-15T13:49:49.781+0000] {dag.py:3677} INFO - Setting next_dagrun for example_dynamic_task_mapping to 2022-03-03T17:00:00+00:00, run_after=2022-03-04T17:00:00+00:00
[2023-09-15T13:49:49.794+0000] {processor.py:179} INFO - Processing /home/airflow/.local/lib/python3.8/site-packages/airflow/example_dags/example_dynamic_task_mapping.py took 0.046 seconds
[2023-09-15T13:50:20.270+0000] {processor.py:157} INFO - Started process (PID=1902) to work on /home/airflow/.local/lib/python3.8/site-packages/airflow/example_dags/example_dynamic_task_mapping.py
[2023-09-15T13:50:20.271+0000] {processor.py:829} INFO - Processing file /home/airflow/.local/lib/python3.8/site-packages/airflow/example_dags/example_dynamic_task_mapping.py for tasks to queue
[2023-09-15T13:50:20.272+0000] {logging_mixin.py:151} INFO - [2023-09-15T13:50:20.272+0000] {dagbag.py:539} INFO - Filling up the DagBag from /home/airflow/.local/lib/python3.8/site-packages/airflow/example_dags/example_dynamic_task_mapping.py
[2023-09-15T13:50:20.276+0000] {processor.py:839} INFO - DAG(s) dict_keys(['example_dynamic_task_mapping']) retrieved from /home/airflow/.local/lib/python3.8/site-packages/airflow/example_dags/example_dynamic_task_mapping.py
[2023-09-15T13:50:20.290+0000] {logging_mixin.py:151} INFO - [2023-09-15T13:50:20.289+0000] {dag.py:2907} INFO - Sync 1 DAGs
[2023-09-15T13:50:20.303+0000] {logging_mixin.py:151} INFO - [2023-09-15T13:50:20.303+0000] {dag.py:3677} INFO - Setting next_dagrun for example_dynamic_task_mapping to 2022-03-03T17:00:00+00:00, run_after=2022-03-04T17:00:00+00:00
[2023-09-15T13:50:20.316+0000] {processor.py:179} INFO - Processing /home/airflow/.local/lib/python3.8/site-packages/airflow/example_dags/example_dynamic_task_mapping.py took 0.048 seconds
