[2023-09-15T13:34:35.066+0000] {processor.py:157} INFO - Started process (PID=57) to work on /home/airflow/.local/lib/python3.8/site-packages/airflow/example_dags/example_short_circuit_decorator.py
[2023-09-15T13:34:35.067+0000] {processor.py:829} INFO - Processing file /home/airflow/.local/lib/python3.8/site-packages/airflow/example_dags/example_short_circuit_decorator.py for tasks to queue
[2023-09-15T13:34:35.069+0000] {logging_mixin.py:151} INFO - [2023-09-15T13:34:35.068+0000] {dagbag.py:539} INFO - Filling up the DagBag from /home/airflow/.local/lib/python3.8/site-packages/airflow/example_dags/example_short_circuit_decorator.py
[2023-09-15T13:34:35.077+0000] {processor.py:839} INFO - DAG(s) dict_keys(['example_short_circuit_decorator']) retrieved from /home/airflow/.local/lib/python3.8/site-packages/airflow/example_dags/example_short_circuit_decorator.py
[2023-09-15T13:34:35.104+0000] {logging_mixin.py:151} INFO - [2023-09-15T13:34:35.103+0000] {dag.py:2907} INFO - Sync 1 DAGs
[2023-09-15T13:34:35.118+0000] {logging_mixin.py:151} INFO - [2023-09-15T13:34:35.118+0000] {dag.py:3677} INFO - Setting next_dagrun for example_short_circuit_decorator to 2023-09-14T13:34:35.118282+00:00, run_after=2023-09-15T13:34:35.118282+00:00
[2023-09-15T13:34:35.138+0000] {processor.py:179} INFO - Processing /home/airflow/.local/lib/python3.8/site-packages/airflow/example_dags/example_short_circuit_decorator.py took 0.075 seconds
[2023-09-15T13:35:05.388+0000] {processor.py:157} INFO - Started process (PID=130) to work on /home/airflow/.local/lib/python3.8/site-packages/airflow/example_dags/example_short_circuit_decorator.py
[2023-09-15T13:35:05.389+0000] {processor.py:829} INFO - Processing file /home/airflow/.local/lib/python3.8/site-packages/airflow/example_dags/example_short_circuit_decorator.py for tasks to queue
[2023-09-15T13:35:05.390+0000] {logging_mixin.py:151} INFO - [2023-09-15T13:35:05.390+0000] {dagbag.py:539} INFO - Filling up the DagBag from /home/airflow/.local/lib/python3.8/site-packages/airflow/example_dags/example_short_circuit_decorator.py
[2023-09-15T13:35:05.396+0000] {processor.py:839} INFO - DAG(s) dict_keys(['example_short_circuit_decorator']) retrieved from /home/airflow/.local/lib/python3.8/site-packages/airflow/example_dags/example_short_circuit_decorator.py
[2023-09-15T13:35:05.409+0000] {logging_mixin.py:151} INFO - [2023-09-15T13:35:05.409+0000] {dag.py:2907} INFO - Sync 1 DAGs
[2023-09-15T13:35:05.523+0000] {logging_mixin.py:151} INFO - [2023-09-15T13:35:05.523+0000] {dag.py:3677} INFO - Setting next_dagrun for example_short_circuit_decorator to 2023-09-14T13:35:05.523211+00:00, run_after=2023-09-15T13:35:05.523211+00:00
[2023-09-15T13:35:05.537+0000] {processor.py:179} INFO - Processing /home/airflow/.local/lib/python3.8/site-packages/airflow/example_dags/example_short_circuit_decorator.py took 0.151 seconds
[2023-09-15T13:35:36.143+0000] {processor.py:157} INFO - Started process (PID=188) to work on /home/airflow/.local/lib/python3.8/site-packages/airflow/example_dags/example_short_circuit_decorator.py
[2023-09-15T13:35:36.144+0000] {processor.py:829} INFO - Processing file /home/airflow/.local/lib/python3.8/site-packages/airflow/example_dags/example_short_circuit_decorator.py for tasks to queue
[2023-09-15T13:35:36.145+0000] {logging_mixin.py:151} INFO - [2023-09-15T13:35:36.145+0000] {dagbag.py:539} INFO - Filling up the DagBag from /home/airflow/.local/lib/python3.8/site-packages/airflow/example_dags/example_short_circuit_decorator.py
[2023-09-15T13:35:36.150+0000] {processor.py:839} INFO - DAG(s) dict_keys(['example_short_circuit_decorator']) retrieved from /home/airflow/.local/lib/python3.8/site-packages/airflow/example_dags/example_short_circuit_decorator.py
[2023-09-15T13:35:36.163+0000] {logging_mixin.py:151} INFO - [2023-09-15T13:35:36.163+0000] {dag.py:2907} INFO - Sync 1 DAGs
[2023-09-15T13:35:36.176+0000] {logging_mixin.py:151} INFO - [2023-09-15T13:35:36.176+0000] {dag.py:3677} INFO - Setting next_dagrun for example_short_circuit_decorator to 2023-09-14T13:35:36.176160+00:00, run_after=2023-09-15T13:35:36.176160+00:00
[2023-09-15T13:35:36.189+0000] {processor.py:179} INFO - Processing /home/airflow/.local/lib/python3.8/site-packages/airflow/example_dags/example_short_circuit_decorator.py took 0.048 seconds
[2023-09-15T13:36:06.459+0000] {processor.py:157} INFO - Started process (PID=246) to work on /home/airflow/.local/lib/python3.8/site-packages/airflow/example_dags/example_short_circuit_decorator.py
[2023-09-15T13:36:06.459+0000] {processor.py:829} INFO - Processing file /home/airflow/.local/lib/python3.8/site-packages/airflow/example_dags/example_short_circuit_decorator.py for tasks to queue
[2023-09-15T13:36:06.461+0000] {logging_mixin.py:151} INFO - [2023-09-15T13:36:06.461+0000] {dagbag.py:539} INFO - Filling up the DagBag from /home/airflow/.local/lib/python3.8/site-packages/airflow/example_dags/example_short_circuit_decorator.py
[2023-09-15T13:36:06.467+0000] {processor.py:839} INFO - DAG(s) dict_keys(['example_short_circuit_decorator']) retrieved from /home/airflow/.local/lib/python3.8/site-packages/airflow/example_dags/example_short_circuit_decorator.py
[2023-09-15T13:36:06.481+0000] {logging_mixin.py:151} INFO - [2023-09-15T13:36:06.480+0000] {dag.py:2907} INFO - Sync 1 DAGs
[2023-09-15T13:36:06.494+0000] {logging_mixin.py:151} INFO - [2023-09-15T13:36:06.493+0000] {dag.py:3677} INFO - Setting next_dagrun for example_short_circuit_decorator to 2023-09-14T13:36:06.493767+00:00, run_after=2023-09-15T13:36:06.493767+00:00
[2023-09-15T13:36:06.507+0000] {processor.py:179} INFO - Processing /home/airflow/.local/lib/python3.8/site-packages/airflow/example_dags/example_short_circuit_decorator.py took 0.051 seconds
[2023-09-15T13:36:36.767+0000] {processor.py:157} INFO - Started process (PID=304) to work on /home/airflow/.local/lib/python3.8/site-packages/airflow/example_dags/example_short_circuit_decorator.py
[2023-09-15T13:36:36.767+0000] {processor.py:829} INFO - Processing file /home/airflow/.local/lib/python3.8/site-packages/airflow/example_dags/example_short_circuit_decorator.py for tasks to queue
[2023-09-15T13:36:36.769+0000] {logging_mixin.py:151} INFO - [2023-09-15T13:36:36.768+0000] {dagbag.py:539} INFO - Filling up the DagBag from /home/airflow/.local/lib/python3.8/site-packages/airflow/example_dags/example_short_circuit_decorator.py
[2023-09-15T13:36:36.774+0000] {processor.py:839} INFO - DAG(s) dict_keys(['example_short_circuit_decorator']) retrieved from /home/airflow/.local/lib/python3.8/site-packages/airflow/example_dags/example_short_circuit_decorator.py
[2023-09-15T13:36:36.787+0000] {logging_mixin.py:151} INFO - [2023-09-15T13:36:36.787+0000] {dag.py:2907} INFO - Sync 1 DAGs
[2023-09-15T13:36:36.800+0000] {logging_mixin.py:151} INFO - [2023-09-15T13:36:36.800+0000] {dag.py:3677} INFO - Setting next_dagrun for example_short_circuit_decorator to 2023-09-14T13:36:36.800120+00:00, run_after=2023-09-15T13:36:36.800120+00:00
[2023-09-15T13:36:36.813+0000] {processor.py:179} INFO - Processing /home/airflow/.local/lib/python3.8/site-packages/airflow/example_dags/example_short_circuit_decorator.py took 0.049 seconds
[2023-09-15T13:37:07.134+0000] {processor.py:157} INFO - Started process (PID=362) to work on /home/airflow/.local/lib/python3.8/site-packages/airflow/example_dags/example_short_circuit_decorator.py
[2023-09-15T13:37:07.135+0000] {processor.py:829} INFO - Processing file /home/airflow/.local/lib/python3.8/site-packages/airflow/example_dags/example_short_circuit_decorator.py for tasks to queue
[2023-09-15T13:37:07.136+0000] {logging_mixin.py:151} INFO - [2023-09-15T13:37:07.136+0000] {dagbag.py:539} INFO - Filling up the DagBag from /home/airflow/.local/lib/python3.8/site-packages/airflow/example_dags/example_short_circuit_decorator.py
[2023-09-15T13:37:07.142+0000] {processor.py:839} INFO - DAG(s) dict_keys(['example_short_circuit_decorator']) retrieved from /home/airflow/.local/lib/python3.8/site-packages/airflow/example_dags/example_short_circuit_decorator.py
[2023-09-15T13:37:07.156+0000] {logging_mixin.py:151} INFO - [2023-09-15T13:37:07.156+0000] {dag.py:2907} INFO - Sync 1 DAGs
[2023-09-15T13:37:07.169+0000] {logging_mixin.py:151} INFO - [2023-09-15T13:37:07.169+0000] {dag.py:3677} INFO - Setting next_dagrun for example_short_circuit_decorator to 2023-09-14T13:37:07.169225+00:00, run_after=2023-09-15T13:37:07.169225+00:00
[2023-09-15T13:37:07.183+0000] {processor.py:179} INFO - Processing /home/airflow/.local/lib/python3.8/site-packages/airflow/example_dags/example_short_circuit_decorator.py took 0.050 seconds
[2023-09-15T13:37:37.404+0000] {processor.py:157} INFO - Started process (PID=420) to work on /home/airflow/.local/lib/python3.8/site-packages/airflow/example_dags/example_short_circuit_decorator.py
[2023-09-15T13:37:37.405+0000] {processor.py:829} INFO - Processing file /home/airflow/.local/lib/python3.8/site-packages/airflow/example_dags/example_short_circuit_decorator.py for tasks to queue
[2023-09-15T13:37:37.406+0000] {logging_mixin.py:151} INFO - [2023-09-15T13:37:37.406+0000] {dagbag.py:539} INFO - Filling up the DagBag from /home/airflow/.local/lib/python3.8/site-packages/airflow/example_dags/example_short_circuit_decorator.py
[2023-09-15T13:37:37.412+0000] {processor.py:839} INFO - DAG(s) dict_keys(['example_short_circuit_decorator']) retrieved from /home/airflow/.local/lib/python3.8/site-packages/airflow/example_dags/example_short_circuit_decorator.py
[2023-09-15T13:37:37.425+0000] {logging_mixin.py:151} INFO - [2023-09-15T13:37:37.425+0000] {dag.py:2907} INFO - Sync 1 DAGs
[2023-09-15T13:37:37.437+0000] {logging_mixin.py:151} INFO - [2023-09-15T13:37:37.437+0000] {dag.py:3677} INFO - Setting next_dagrun for example_short_circuit_decorator to 2023-09-14T13:37:37.437416+00:00, run_after=2023-09-15T13:37:37.437416+00:00
[2023-09-15T13:37:37.450+0000] {processor.py:179} INFO - Processing /home/airflow/.local/lib/python3.8/site-packages/airflow/example_dags/example_short_circuit_decorator.py took 0.048 seconds
[2023-09-15T13:38:07.713+0000] {processor.py:157} INFO - Started process (PID=478) to work on /home/airflow/.local/lib/python3.8/site-packages/airflow/example_dags/example_short_circuit_decorator.py
[2023-09-15T13:38:07.713+0000] {processor.py:829} INFO - Processing file /home/airflow/.local/lib/python3.8/site-packages/airflow/example_dags/example_short_circuit_decorator.py for tasks to queue
[2023-09-15T13:38:07.715+0000] {logging_mixin.py:151} INFO - [2023-09-15T13:38:07.715+0000] {dagbag.py:539} INFO - Filling up the DagBag from /home/airflow/.local/lib/python3.8/site-packages/airflow/example_dags/example_short_circuit_decorator.py
[2023-09-15T13:38:07.720+0000] {processor.py:839} INFO - DAG(s) dict_keys(['example_short_circuit_decorator']) retrieved from /home/airflow/.local/lib/python3.8/site-packages/airflow/example_dags/example_short_circuit_decorator.py
[2023-09-15T13:38:07.734+0000] {logging_mixin.py:151} INFO - [2023-09-15T13:38:07.734+0000] {dag.py:2907} INFO - Sync 1 DAGs
[2023-09-15T13:38:07.746+0000] {logging_mixin.py:151} INFO - [2023-09-15T13:38:07.746+0000] {dag.py:3677} INFO - Setting next_dagrun for example_short_circuit_decorator to 2023-09-14T13:38:07.746286+00:00, run_after=2023-09-15T13:38:07.746286+00:00
[2023-09-15T13:38:07.759+0000] {processor.py:179} INFO - Processing /home/airflow/.local/lib/python3.8/site-packages/airflow/example_dags/example_short_circuit_decorator.py took 0.048 seconds
[2023-09-15T13:38:38.250+0000] {processor.py:157} INFO - Started process (PID=536) to work on /home/airflow/.local/lib/python3.8/site-packages/airflow/example_dags/example_short_circuit_decorator.py
[2023-09-15T13:38:38.251+0000] {processor.py:829} INFO - Processing file /home/airflow/.local/lib/python3.8/site-packages/airflow/example_dags/example_short_circuit_decorator.py for tasks to queue
[2023-09-15T13:38:38.252+0000] {logging_mixin.py:151} INFO - [2023-09-15T13:38:38.252+0000] {dagbag.py:539} INFO - Filling up the DagBag from /home/airflow/.local/lib/python3.8/site-packages/airflow/example_dags/example_short_circuit_decorator.py
[2023-09-15T13:38:38.258+0000] {processor.py:839} INFO - DAG(s) dict_keys(['example_short_circuit_decorator']) retrieved from /home/airflow/.local/lib/python3.8/site-packages/airflow/example_dags/example_short_circuit_decorator.py
[2023-09-15T13:38:38.272+0000] {logging_mixin.py:151} INFO - [2023-09-15T13:38:38.272+0000] {dag.py:2907} INFO - Sync 1 DAGs
[2023-09-15T13:38:38.285+0000] {logging_mixin.py:151} INFO - [2023-09-15T13:38:38.285+0000] {dag.py:3677} INFO - Setting next_dagrun for example_short_circuit_decorator to 2023-09-14T13:38:38.285193+00:00, run_after=2023-09-15T13:38:38.285193+00:00
[2023-09-15T13:38:38.299+0000] {processor.py:179} INFO - Processing /home/airflow/.local/lib/python3.8/site-packages/airflow/example_dags/example_short_circuit_decorator.py took 0.051 seconds
[2023-09-15T13:39:08.772+0000] {processor.py:157} INFO - Started process (PID=594) to work on /home/airflow/.local/lib/python3.8/site-packages/airflow/example_dags/example_short_circuit_decorator.py
[2023-09-15T13:39:08.773+0000] {processor.py:829} INFO - Processing file /home/airflow/.local/lib/python3.8/site-packages/airflow/example_dags/example_short_circuit_decorator.py for tasks to queue
[2023-09-15T13:39:08.775+0000] {logging_mixin.py:151} INFO - [2023-09-15T13:39:08.774+0000] {dagbag.py:539} INFO - Filling up the DagBag from /home/airflow/.local/lib/python3.8/site-packages/airflow/example_dags/example_short_circuit_decorator.py
[2023-09-15T13:39:08.780+0000] {processor.py:839} INFO - DAG(s) dict_keys(['example_short_circuit_decorator']) retrieved from /home/airflow/.local/lib/python3.8/site-packages/airflow/example_dags/example_short_circuit_decorator.py
[2023-09-15T13:39:08.795+0000] {logging_mixin.py:151} INFO - [2023-09-15T13:39:08.795+0000] {dag.py:2907} INFO - Sync 1 DAGs
[2023-09-15T13:39:08.809+0000] {logging_mixin.py:151} INFO - [2023-09-15T13:39:08.809+0000] {dag.py:3677} INFO - Setting next_dagrun for example_short_circuit_decorator to 2023-09-14T13:39:08.809119+00:00, run_after=2023-09-15T13:39:08.809119+00:00
[2023-09-15T13:39:08.823+0000] {processor.py:179} INFO - Processing /home/airflow/.local/lib/python3.8/site-packages/airflow/example_dags/example_short_circuit_decorator.py took 0.053 seconds
[2023-09-15T13:39:39.295+0000] {processor.py:157} INFO - Started process (PID=652) to work on /home/airflow/.local/lib/python3.8/site-packages/airflow/example_dags/example_short_circuit_decorator.py
[2023-09-15T13:39:39.295+0000] {processor.py:829} INFO - Processing file /home/airflow/.local/lib/python3.8/site-packages/airflow/example_dags/example_short_circuit_decorator.py for tasks to queue
[2023-09-15T13:39:39.297+0000] {logging_mixin.py:151} INFO - [2023-09-15T13:39:39.297+0000] {dagbag.py:539} INFO - Filling up the DagBag from /home/airflow/.local/lib/python3.8/site-packages/airflow/example_dags/example_short_circuit_decorator.py
[2023-09-15T13:39:39.303+0000] {processor.py:839} INFO - DAG(s) dict_keys(['example_short_circuit_decorator']) retrieved from /home/airflow/.local/lib/python3.8/site-packages/airflow/example_dags/example_short_circuit_decorator.py
[2023-09-15T13:39:39.317+0000] {logging_mixin.py:151} INFO - [2023-09-15T13:39:39.317+0000] {dag.py:2907} INFO - Sync 1 DAGs
[2023-09-15T13:39:39.333+0000] {logging_mixin.py:151} INFO - [2023-09-15T13:39:39.333+0000] {dag.py:3677} INFO - Setting next_dagrun for example_short_circuit_decorator to 2023-09-14T13:39:39.332935+00:00, run_after=2023-09-15T13:39:39.332935+00:00
[2023-09-15T13:39:39.352+0000] {processor.py:179} INFO - Processing /home/airflow/.local/lib/python3.8/site-packages/airflow/example_dags/example_short_circuit_decorator.py took 0.060 seconds
[2023-09-15T13:40:09.651+0000] {processor.py:157} INFO - Started process (PID=710) to work on /home/airflow/.local/lib/python3.8/site-packages/airflow/example_dags/example_short_circuit_decorator.py
[2023-09-15T13:40:09.652+0000] {processor.py:829} INFO - Processing file /home/airflow/.local/lib/python3.8/site-packages/airflow/example_dags/example_short_circuit_decorator.py for tasks to queue
[2023-09-15T13:40:09.653+0000] {logging_mixin.py:151} INFO - [2023-09-15T13:40:09.653+0000] {dagbag.py:539} INFO - Filling up the DagBag from /home/airflow/.local/lib/python3.8/site-packages/airflow/example_dags/example_short_circuit_decorator.py
[2023-09-15T13:40:09.659+0000] {processor.py:839} INFO - DAG(s) dict_keys(['example_short_circuit_decorator']) retrieved from /home/airflow/.local/lib/python3.8/site-packages/airflow/example_dags/example_short_circuit_decorator.py
[2023-09-15T13:40:09.673+0000] {logging_mixin.py:151} INFO - [2023-09-15T13:40:09.673+0000] {dag.py:2907} INFO - Sync 1 DAGs
[2023-09-15T13:40:09.685+0000] {logging_mixin.py:151} INFO - [2023-09-15T13:40:09.685+0000] {dag.py:3677} INFO - Setting next_dagrun for example_short_circuit_decorator to 2023-09-14T13:40:09.685701+00:00, run_after=2023-09-15T13:40:09.685701+00:00
[2023-09-15T13:40:09.699+0000] {processor.py:179} INFO - Processing /home/airflow/.local/lib/python3.8/site-packages/airflow/example_dags/example_short_circuit_decorator.py took 0.050 seconds
[2023-09-15T13:40:40.183+0000] {processor.py:157} INFO - Started process (PID=768) to work on /home/airflow/.local/lib/python3.8/site-packages/airflow/example_dags/example_short_circuit_decorator.py
[2023-09-15T13:40:40.184+0000] {processor.py:829} INFO - Processing file /home/airflow/.local/lib/python3.8/site-packages/airflow/example_dags/example_short_circuit_decorator.py for tasks to queue
[2023-09-15T13:40:40.185+0000] {logging_mixin.py:151} INFO - [2023-09-15T13:40:40.185+0000] {dagbag.py:539} INFO - Filling up the DagBag from /home/airflow/.local/lib/python3.8/site-packages/airflow/example_dags/example_short_circuit_decorator.py
[2023-09-15T13:40:40.190+0000] {processor.py:839} INFO - DAG(s) dict_keys(['example_short_circuit_decorator']) retrieved from /home/airflow/.local/lib/python3.8/site-packages/airflow/example_dags/example_short_circuit_decorator.py
[2023-09-15T13:40:40.204+0000] {logging_mixin.py:151} INFO - [2023-09-15T13:40:40.204+0000] {dag.py:2907} INFO - Sync 1 DAGs
[2023-09-15T13:40:40.217+0000] {logging_mixin.py:151} INFO - [2023-09-15T13:40:40.216+0000] {dag.py:3677} INFO - Setting next_dagrun for example_short_circuit_decorator to 2023-09-14T13:40:40.216770+00:00, run_after=2023-09-15T13:40:40.216770+00:00
[2023-09-15T13:40:40.230+0000] {processor.py:179} INFO - Processing /home/airflow/.local/lib/python3.8/site-packages/airflow/example_dags/example_short_circuit_decorator.py took 0.048 seconds
[2023-09-15T13:41:10.646+0000] {processor.py:157} INFO - Started process (PID=826) to work on /home/airflow/.local/lib/python3.8/site-packages/airflow/example_dags/example_short_circuit_decorator.py
[2023-09-15T13:41:10.646+0000] {processor.py:829} INFO - Processing file /home/airflow/.local/lib/python3.8/site-packages/airflow/example_dags/example_short_circuit_decorator.py for tasks to queue
[2023-09-15T13:41:10.648+0000] {logging_mixin.py:151} INFO - [2023-09-15T13:41:10.648+0000] {dagbag.py:539} INFO - Filling up the DagBag from /home/airflow/.local/lib/python3.8/site-packages/airflow/example_dags/example_short_circuit_decorator.py
[2023-09-15T13:41:10.653+0000] {processor.py:839} INFO - DAG(s) dict_keys(['example_short_circuit_decorator']) retrieved from /home/airflow/.local/lib/python3.8/site-packages/airflow/example_dags/example_short_circuit_decorator.py
[2023-09-15T13:41:10.667+0000] {logging_mixin.py:151} INFO - [2023-09-15T13:41:10.667+0000] {dag.py:2907} INFO - Sync 1 DAGs
[2023-09-15T13:41:10.680+0000] {logging_mixin.py:151} INFO - [2023-09-15T13:41:10.680+0000] {dag.py:3677} INFO - Setting next_dagrun for example_short_circuit_decorator to 2023-09-14T13:41:10.680312+00:00, run_after=2023-09-15T13:41:10.680312+00:00
[2023-09-15T13:41:10.696+0000] {processor.py:179} INFO - Processing /home/airflow/.local/lib/python3.8/site-packages/airflow/example_dags/example_short_circuit_decorator.py took 0.053 seconds
[2023-09-15T13:41:40.782+0000] {processor.py:157} INFO - Started process (PID=884) to work on /home/airflow/.local/lib/python3.8/site-packages/airflow/example_dags/example_short_circuit_decorator.py
[2023-09-15T13:41:40.783+0000] {processor.py:829} INFO - Processing file /home/airflow/.local/lib/python3.8/site-packages/airflow/example_dags/example_short_circuit_decorator.py for tasks to queue
[2023-09-15T13:41:40.784+0000] {logging_mixin.py:151} INFO - [2023-09-15T13:41:40.784+0000] {dagbag.py:539} INFO - Filling up the DagBag from /home/airflow/.local/lib/python3.8/site-packages/airflow/example_dags/example_short_circuit_decorator.py
[2023-09-15T13:41:40.790+0000] {processor.py:839} INFO - DAG(s) dict_keys(['example_short_circuit_decorator']) retrieved from /home/airflow/.local/lib/python3.8/site-packages/airflow/example_dags/example_short_circuit_decorator.py
[2023-09-15T13:41:40.803+0000] {logging_mixin.py:151} INFO - [2023-09-15T13:41:40.803+0000] {dag.py:2907} INFO - Sync 1 DAGs
[2023-09-15T13:41:40.815+0000] {logging_mixin.py:151} INFO - [2023-09-15T13:41:40.815+0000] {dag.py:3677} INFO - Setting next_dagrun for example_short_circuit_decorator to 2023-09-14T13:41:40.815422+00:00, run_after=2023-09-15T13:41:40.815422+00:00
[2023-09-15T13:41:40.828+0000] {processor.py:179} INFO - Processing /home/airflow/.local/lib/python3.8/site-packages/airflow/example_dags/example_short_circuit_decorator.py took 0.048 seconds
[2023-09-15T13:42:11.218+0000] {processor.py:157} INFO - Started process (PID=942) to work on /home/airflow/.local/lib/python3.8/site-packages/airflow/example_dags/example_short_circuit_decorator.py
[2023-09-15T13:42:11.219+0000] {processor.py:829} INFO - Processing file /home/airflow/.local/lib/python3.8/site-packages/airflow/example_dags/example_short_circuit_decorator.py for tasks to queue
[2023-09-15T13:42:11.221+0000] {logging_mixin.py:151} INFO - [2023-09-15T13:42:11.220+0000] {dagbag.py:539} INFO - Filling up the DagBag from /home/airflow/.local/lib/python3.8/site-packages/airflow/example_dags/example_short_circuit_decorator.py
[2023-09-15T13:42:11.226+0000] {processor.py:839} INFO - DAG(s) dict_keys(['example_short_circuit_decorator']) retrieved from /home/airflow/.local/lib/python3.8/site-packages/airflow/example_dags/example_short_circuit_decorator.py
[2023-09-15T13:42:11.239+0000] {logging_mixin.py:151} INFO - [2023-09-15T13:42:11.239+0000] {dag.py:2907} INFO - Sync 1 DAGs
[2023-09-15T13:42:11.252+0000] {logging_mixin.py:151} INFO - [2023-09-15T13:42:11.252+0000] {dag.py:3677} INFO - Setting next_dagrun for example_short_circuit_decorator to 2023-09-14T13:42:11.251956+00:00, run_after=2023-09-15T13:42:11.251956+00:00
[2023-09-15T13:42:11.266+0000] {processor.py:179} INFO - Processing /home/airflow/.local/lib/python3.8/site-packages/airflow/example_dags/example_short_circuit_decorator.py took 0.050 seconds
[2023-09-15T13:42:41.751+0000] {processor.py:157} INFO - Started process (PID=1000) to work on /home/airflow/.local/lib/python3.8/site-packages/airflow/example_dags/example_short_circuit_decorator.py
[2023-09-15T13:42:41.752+0000] {processor.py:829} INFO - Processing file /home/airflow/.local/lib/python3.8/site-packages/airflow/example_dags/example_short_circuit_decorator.py for tasks to queue
[2023-09-15T13:42:41.754+0000] {logging_mixin.py:151} INFO - [2023-09-15T13:42:41.754+0000] {dagbag.py:539} INFO - Filling up the DagBag from /home/airflow/.local/lib/python3.8/site-packages/airflow/example_dags/example_short_circuit_decorator.py
[2023-09-15T13:42:41.761+0000] {processor.py:839} INFO - DAG(s) dict_keys(['example_short_circuit_decorator']) retrieved from /home/airflow/.local/lib/python3.8/site-packages/airflow/example_dags/example_short_circuit_decorator.py
[2023-09-15T13:42:41.775+0000] {logging_mixin.py:151} INFO - [2023-09-15T13:42:41.774+0000] {dag.py:2907} INFO - Sync 1 DAGs
[2023-09-15T13:42:41.790+0000] {logging_mixin.py:151} INFO - [2023-09-15T13:42:41.789+0000] {dag.py:3677} INFO - Setting next_dagrun for example_short_circuit_decorator to 2023-09-14T13:42:41.789828+00:00, run_after=2023-09-15T13:42:41.789828+00:00
[2023-09-15T13:42:41.806+0000] {processor.py:179} INFO - Processing /home/airflow/.local/lib/python3.8/site-packages/airflow/example_dags/example_short_circuit_decorator.py took 0.058 seconds
[2023-09-15T13:43:12.578+0000] {processor.py:157} INFO - Started process (PID=1058) to work on /home/airflow/.local/lib/python3.8/site-packages/airflow/example_dags/example_short_circuit_decorator.py
[2023-09-15T13:43:12.578+0000] {processor.py:829} INFO - Processing file /home/airflow/.local/lib/python3.8/site-packages/airflow/example_dags/example_short_circuit_decorator.py for tasks to queue
[2023-09-15T13:43:12.580+0000] {logging_mixin.py:151} INFO - [2023-09-15T13:43:12.580+0000] {dagbag.py:539} INFO - Filling up the DagBag from /home/airflow/.local/lib/python3.8/site-packages/airflow/example_dags/example_short_circuit_decorator.py
[2023-09-15T13:43:12.586+0000] {processor.py:839} INFO - DAG(s) dict_keys(['example_short_circuit_decorator']) retrieved from /home/airflow/.local/lib/python3.8/site-packages/airflow/example_dags/example_short_circuit_decorator.py
[2023-09-15T13:43:12.601+0000] {logging_mixin.py:151} INFO - [2023-09-15T13:43:12.600+0000] {dag.py:2907} INFO - Sync 1 DAGs
[2023-09-15T13:43:12.615+0000] {logging_mixin.py:151} INFO - [2023-09-15T13:43:12.615+0000] {dag.py:3677} INFO - Setting next_dagrun for example_short_circuit_decorator to 2023-09-14T13:43:12.615217+00:00, run_after=2023-09-15T13:43:12.615217+00:00
[2023-09-15T13:43:12.629+0000] {processor.py:179} INFO - Processing /home/airflow/.local/lib/python3.8/site-packages/airflow/example_dags/example_short_circuit_decorator.py took 0.054 seconds
[2023-09-15T13:43:43.025+0000] {processor.py:157} INFO - Started process (PID=1116) to work on /home/airflow/.local/lib/python3.8/site-packages/airflow/example_dags/example_short_circuit_decorator.py
[2023-09-15T13:43:43.026+0000] {processor.py:829} INFO - Processing file /home/airflow/.local/lib/python3.8/site-packages/airflow/example_dags/example_short_circuit_decorator.py for tasks to queue
[2023-09-15T13:43:43.027+0000] {logging_mixin.py:151} INFO - [2023-09-15T13:43:43.027+0000] {dagbag.py:539} INFO - Filling up the DagBag from /home/airflow/.local/lib/python3.8/site-packages/airflow/example_dags/example_short_circuit_decorator.py
[2023-09-15T13:43:43.033+0000] {processor.py:839} INFO - DAG(s) dict_keys(['example_short_circuit_decorator']) retrieved from /home/airflow/.local/lib/python3.8/site-packages/airflow/example_dags/example_short_circuit_decorator.py
[2023-09-15T13:43:43.046+0000] {logging_mixin.py:151} INFO - [2023-09-15T13:43:43.046+0000] {dag.py:2907} INFO - Sync 1 DAGs
[2023-09-15T13:43:43.059+0000] {logging_mixin.py:151} INFO - [2023-09-15T13:43:43.059+0000] {dag.py:3677} INFO - Setting next_dagrun for example_short_circuit_decorator to 2023-09-14T13:43:43.059277+00:00, run_after=2023-09-15T13:43:43.059277+00:00
[2023-09-15T13:43:43.074+0000] {processor.py:179} INFO - Processing /home/airflow/.local/lib/python3.8/site-packages/airflow/example_dags/example_short_circuit_decorator.py took 0.051 seconds
[2023-09-15T13:44:13.342+0000] {processor.py:157} INFO - Started process (PID=1174) to work on /home/airflow/.local/lib/python3.8/site-packages/airflow/example_dags/example_short_circuit_decorator.py
[2023-09-15T13:44:13.343+0000] {processor.py:829} INFO - Processing file /home/airflow/.local/lib/python3.8/site-packages/airflow/example_dags/example_short_circuit_decorator.py for tasks to queue
[2023-09-15T13:44:13.344+0000] {logging_mixin.py:151} INFO - [2023-09-15T13:44:13.344+0000] {dagbag.py:539} INFO - Filling up the DagBag from /home/airflow/.local/lib/python3.8/site-packages/airflow/example_dags/example_short_circuit_decorator.py
[2023-09-15T13:44:13.350+0000] {processor.py:839} INFO - DAG(s) dict_keys(['example_short_circuit_decorator']) retrieved from /home/airflow/.local/lib/python3.8/site-packages/airflow/example_dags/example_short_circuit_decorator.py
[2023-09-15T13:44:13.365+0000] {logging_mixin.py:151} INFO - [2023-09-15T13:44:13.365+0000] {dag.py:2907} INFO - Sync 1 DAGs
[2023-09-15T13:44:13.381+0000] {logging_mixin.py:151} INFO - [2023-09-15T13:44:13.381+0000] {dag.py:3677} INFO - Setting next_dagrun for example_short_circuit_decorator to 2023-09-14T13:44:13.380870+00:00, run_after=2023-09-15T13:44:13.380870+00:00
[2023-09-15T13:44:13.395+0000] {processor.py:179} INFO - Processing /home/airflow/.local/lib/python3.8/site-packages/airflow/example_dags/example_short_circuit_decorator.py took 0.055 seconds
[2023-09-15T13:44:43.787+0000] {processor.py:157} INFO - Started process (PID=1232) to work on /home/airflow/.local/lib/python3.8/site-packages/airflow/example_dags/example_short_circuit_decorator.py
[2023-09-15T13:44:43.788+0000] {processor.py:829} INFO - Processing file /home/airflow/.local/lib/python3.8/site-packages/airflow/example_dags/example_short_circuit_decorator.py for tasks to queue
[2023-09-15T13:44:43.789+0000] {logging_mixin.py:151} INFO - [2023-09-15T13:44:43.789+0000] {dagbag.py:539} INFO - Filling up the DagBag from /home/airflow/.local/lib/python3.8/site-packages/airflow/example_dags/example_short_circuit_decorator.py
[2023-09-15T13:44:43.795+0000] {processor.py:839} INFO - DAG(s) dict_keys(['example_short_circuit_decorator']) retrieved from /home/airflow/.local/lib/python3.8/site-packages/airflow/example_dags/example_short_circuit_decorator.py
[2023-09-15T13:44:43.808+0000] {logging_mixin.py:151} INFO - [2023-09-15T13:44:43.808+0000] {dag.py:2907} INFO - Sync 1 DAGs
[2023-09-15T13:44:43.820+0000] {logging_mixin.py:151} INFO - [2023-09-15T13:44:43.820+0000] {dag.py:3677} INFO - Setting next_dagrun for example_short_circuit_decorator to 2023-09-14T13:44:43.820575+00:00, run_after=2023-09-15T13:44:43.820575+00:00
[2023-09-15T13:44:43.834+0000] {processor.py:179} INFO - Processing /home/airflow/.local/lib/python3.8/site-packages/airflow/example_dags/example_short_circuit_decorator.py took 0.050 seconds
[2023-09-15T13:45:14.051+0000] {processor.py:157} INFO - Started process (PID=1290) to work on /home/airflow/.local/lib/python3.8/site-packages/airflow/example_dags/example_short_circuit_decorator.py
[2023-09-15T13:45:14.052+0000] {processor.py:829} INFO - Processing file /home/airflow/.local/lib/python3.8/site-packages/airflow/example_dags/example_short_circuit_decorator.py for tasks to queue
[2023-09-15T13:45:14.053+0000] {logging_mixin.py:151} INFO - [2023-09-15T13:45:14.053+0000] {dagbag.py:539} INFO - Filling up the DagBag from /home/airflow/.local/lib/python3.8/site-packages/airflow/example_dags/example_short_circuit_decorator.py
[2023-09-15T13:45:14.059+0000] {processor.py:839} INFO - DAG(s) dict_keys(['example_short_circuit_decorator']) retrieved from /home/airflow/.local/lib/python3.8/site-packages/airflow/example_dags/example_short_circuit_decorator.py
[2023-09-15T13:45:14.073+0000] {logging_mixin.py:151} INFO - [2023-09-15T13:45:14.072+0000] {dag.py:2907} INFO - Sync 1 DAGs
[2023-09-15T13:45:14.087+0000] {logging_mixin.py:151} INFO - [2023-09-15T13:45:14.087+0000] {dag.py:3677} INFO - Setting next_dagrun for example_short_circuit_decorator to 2023-09-14T13:45:14.086925+00:00, run_after=2023-09-15T13:45:14.086925+00:00
[2023-09-15T13:45:14.100+0000] {processor.py:179} INFO - Processing /home/airflow/.local/lib/python3.8/site-packages/airflow/example_dags/example_short_circuit_decorator.py took 0.051 seconds
[2023-09-15T13:45:44.334+0000] {processor.py:157} INFO - Started process (PID=1348) to work on /home/airflow/.local/lib/python3.8/site-packages/airflow/example_dags/example_short_circuit_decorator.py
[2023-09-15T13:45:44.335+0000] {processor.py:829} INFO - Processing file /home/airflow/.local/lib/python3.8/site-packages/airflow/example_dags/example_short_circuit_decorator.py for tasks to queue
[2023-09-15T13:45:44.336+0000] {logging_mixin.py:151} INFO - [2023-09-15T13:45:44.336+0000] {dagbag.py:539} INFO - Filling up the DagBag from /home/airflow/.local/lib/python3.8/site-packages/airflow/example_dags/example_short_circuit_decorator.py
[2023-09-15T13:45:44.342+0000] {processor.py:839} INFO - DAG(s) dict_keys(['example_short_circuit_decorator']) retrieved from /home/airflow/.local/lib/python3.8/site-packages/airflow/example_dags/example_short_circuit_decorator.py
[2023-09-15T13:45:44.355+0000] {logging_mixin.py:151} INFO - [2023-09-15T13:45:44.355+0000] {dag.py:2907} INFO - Sync 1 DAGs
[2023-09-15T13:45:44.369+0000] {logging_mixin.py:151} INFO - [2023-09-15T13:45:44.369+0000] {dag.py:3677} INFO - Setting next_dagrun for example_short_circuit_decorator to 2023-09-14T13:45:44.369552+00:00, run_after=2023-09-15T13:45:44.369552+00:00
[2023-09-15T13:45:44.383+0000] {processor.py:179} INFO - Processing /home/airflow/.local/lib/python3.8/site-packages/airflow/example_dags/example_short_circuit_decorator.py took 0.051 seconds
[2023-09-15T13:46:14.675+0000] {processor.py:157} INFO - Started process (PID=1406) to work on /home/airflow/.local/lib/python3.8/site-packages/airflow/example_dags/example_short_circuit_decorator.py
[2023-09-15T13:46:14.676+0000] {processor.py:829} INFO - Processing file /home/airflow/.local/lib/python3.8/site-packages/airflow/example_dags/example_short_circuit_decorator.py for tasks to queue
[2023-09-15T13:46:14.677+0000] {logging_mixin.py:151} INFO - [2023-09-15T13:46:14.677+0000] {dagbag.py:539} INFO - Filling up the DagBag from /home/airflow/.local/lib/python3.8/site-packages/airflow/example_dags/example_short_circuit_decorator.py
[2023-09-15T13:46:14.683+0000] {processor.py:839} INFO - DAG(s) dict_keys(['example_short_circuit_decorator']) retrieved from /home/airflow/.local/lib/python3.8/site-packages/airflow/example_dags/example_short_circuit_decorator.py
[2023-09-15T13:46:14.696+0000] {logging_mixin.py:151} INFO - [2023-09-15T13:46:14.696+0000] {dag.py:2907} INFO - Sync 1 DAGs
[2023-09-15T13:46:14.709+0000] {logging_mixin.py:151} INFO - [2023-09-15T13:46:14.709+0000] {dag.py:3677} INFO - Setting next_dagrun for example_short_circuit_decorator to 2023-09-14T13:46:14.708992+00:00, run_after=2023-09-15T13:46:14.708992+00:00
[2023-09-15T13:46:14.721+0000] {processor.py:179} INFO - Processing /home/airflow/.local/lib/python3.8/site-packages/airflow/example_dags/example_short_circuit_decorator.py took 0.048 seconds
[2023-09-15T13:46:44.938+0000] {processor.py:157} INFO - Started process (PID=1464) to work on /home/airflow/.local/lib/python3.8/site-packages/airflow/example_dags/example_short_circuit_decorator.py
[2023-09-15T13:46:44.939+0000] {processor.py:829} INFO - Processing file /home/airflow/.local/lib/python3.8/site-packages/airflow/example_dags/example_short_circuit_decorator.py for tasks to queue
[2023-09-15T13:46:44.940+0000] {logging_mixin.py:151} INFO - [2023-09-15T13:46:44.940+0000] {dagbag.py:539} INFO - Filling up the DagBag from /home/airflow/.local/lib/python3.8/site-packages/airflow/example_dags/example_short_circuit_decorator.py
[2023-09-15T13:46:44.946+0000] {processor.py:839} INFO - DAG(s) dict_keys(['example_short_circuit_decorator']) retrieved from /home/airflow/.local/lib/python3.8/site-packages/airflow/example_dags/example_short_circuit_decorator.py
[2023-09-15T13:46:44.959+0000] {logging_mixin.py:151} INFO - [2023-09-15T13:46:44.959+0000] {dag.py:2907} INFO - Sync 1 DAGs
[2023-09-15T13:46:44.972+0000] {logging_mixin.py:151} INFO - [2023-09-15T13:46:44.972+0000] {dag.py:3677} INFO - Setting next_dagrun for example_short_circuit_decorator to 2023-09-14T13:46:44.972224+00:00, run_after=2023-09-15T13:46:44.972224+00:00
[2023-09-15T13:46:44.985+0000] {processor.py:179} INFO - Processing /home/airflow/.local/lib/python3.8/site-packages/airflow/example_dags/example_short_circuit_decorator.py took 0.049 seconds
[2023-09-15T13:47:15.452+0000] {processor.py:157} INFO - Started process (PID=1523) to work on /home/airflow/.local/lib/python3.8/site-packages/airflow/example_dags/example_short_circuit_decorator.py
[2023-09-15T13:47:15.452+0000] {processor.py:829} INFO - Processing file /home/airflow/.local/lib/python3.8/site-packages/airflow/example_dags/example_short_circuit_decorator.py for tasks to queue
[2023-09-15T13:47:15.454+0000] {logging_mixin.py:151} INFO - [2023-09-15T13:47:15.454+0000] {dagbag.py:539} INFO - Filling up the DagBag from /home/airflow/.local/lib/python3.8/site-packages/airflow/example_dags/example_short_circuit_decorator.py
[2023-09-15T13:47:15.460+0000] {processor.py:839} INFO - DAG(s) dict_keys(['example_short_circuit_decorator']) retrieved from /home/airflow/.local/lib/python3.8/site-packages/airflow/example_dags/example_short_circuit_decorator.py
[2023-09-15T13:47:15.474+0000] {logging_mixin.py:151} INFO - [2023-09-15T13:47:15.474+0000] {dag.py:2907} INFO - Sync 1 DAGs
[2023-09-15T13:47:15.487+0000] {logging_mixin.py:151} INFO - [2023-09-15T13:47:15.487+0000] {dag.py:3677} INFO - Setting next_dagrun for example_short_circuit_decorator to 2023-09-14T13:47:15.487016+00:00, run_after=2023-09-15T13:47:15.487016+00:00
[2023-09-15T13:47:15.500+0000] {processor.py:179} INFO - Processing /home/airflow/.local/lib/python3.8/site-packages/airflow/example_dags/example_short_circuit_decorator.py took 0.050 seconds
[2023-09-15T13:47:45.654+0000] {processor.py:157} INFO - Started process (PID=1581) to work on /home/airflow/.local/lib/python3.8/site-packages/airflow/example_dags/example_short_circuit_decorator.py
[2023-09-15T13:47:45.654+0000] {processor.py:829} INFO - Processing file /home/airflow/.local/lib/python3.8/site-packages/airflow/example_dags/example_short_circuit_decorator.py for tasks to queue
[2023-09-15T13:47:45.656+0000] {logging_mixin.py:151} INFO - [2023-09-15T13:47:45.656+0000] {dagbag.py:539} INFO - Filling up the DagBag from /home/airflow/.local/lib/python3.8/site-packages/airflow/example_dags/example_short_circuit_decorator.py
[2023-09-15T13:47:45.661+0000] {processor.py:839} INFO - DAG(s) dict_keys(['example_short_circuit_decorator']) retrieved from /home/airflow/.local/lib/python3.8/site-packages/airflow/example_dags/example_short_circuit_decorator.py
[2023-09-15T13:47:45.675+0000] {logging_mixin.py:151} INFO - [2023-09-15T13:47:45.675+0000] {dag.py:2907} INFO - Sync 1 DAGs
[2023-09-15T13:47:45.687+0000] {logging_mixin.py:151} INFO - [2023-09-15T13:47:45.687+0000] {dag.py:3677} INFO - Setting next_dagrun for example_short_circuit_decorator to 2023-09-14T13:47:45.687409+00:00, run_after=2023-09-15T13:47:45.687409+00:00
[2023-09-15T13:47:45.699+0000] {processor.py:179} INFO - Processing /home/airflow/.local/lib/python3.8/site-packages/airflow/example_dags/example_short_circuit_decorator.py took 0.047 seconds
[2023-09-15T13:48:16.138+0000] {processor.py:157} INFO - Started process (PID=1639) to work on /home/airflow/.local/lib/python3.8/site-packages/airflow/example_dags/example_short_circuit_decorator.py
[2023-09-15T13:48:16.139+0000] {processor.py:829} INFO - Processing file /home/airflow/.local/lib/python3.8/site-packages/airflow/example_dags/example_short_circuit_decorator.py for tasks to queue
[2023-09-15T13:48:16.140+0000] {logging_mixin.py:151} INFO - [2023-09-15T13:48:16.140+0000] {dagbag.py:539} INFO - Filling up the DagBag from /home/airflow/.local/lib/python3.8/site-packages/airflow/example_dags/example_short_circuit_decorator.py
[2023-09-15T13:48:16.146+0000] {processor.py:839} INFO - DAG(s) dict_keys(['example_short_circuit_decorator']) retrieved from /home/airflow/.local/lib/python3.8/site-packages/airflow/example_dags/example_short_circuit_decorator.py
[2023-09-15T13:48:16.159+0000] {logging_mixin.py:151} INFO - [2023-09-15T13:48:16.159+0000] {dag.py:2907} INFO - Sync 1 DAGs
[2023-09-15T13:48:16.171+0000] {logging_mixin.py:151} INFO - [2023-09-15T13:48:16.171+0000] {dag.py:3677} INFO - Setting next_dagrun for example_short_circuit_decorator to 2023-09-14T13:48:16.171748+00:00, run_after=2023-09-15T13:48:16.171748+00:00
[2023-09-15T13:48:16.184+0000] {processor.py:179} INFO - Processing /home/airflow/.local/lib/python3.8/site-packages/airflow/example_dags/example_short_circuit_decorator.py took 0.048 seconds
[2023-09-15T13:48:46.426+0000] {processor.py:157} INFO - Started process (PID=1697) to work on /home/airflow/.local/lib/python3.8/site-packages/airflow/example_dags/example_short_circuit_decorator.py
[2023-09-15T13:48:46.427+0000] {processor.py:829} INFO - Processing file /home/airflow/.local/lib/python3.8/site-packages/airflow/example_dags/example_short_circuit_decorator.py for tasks to queue
[2023-09-15T13:48:46.429+0000] {logging_mixin.py:151} INFO - [2023-09-15T13:48:46.428+0000] {dagbag.py:539} INFO - Filling up the DagBag from /home/airflow/.local/lib/python3.8/site-packages/airflow/example_dags/example_short_circuit_decorator.py
[2023-09-15T13:48:46.435+0000] {processor.py:839} INFO - DAG(s) dict_keys(['example_short_circuit_decorator']) retrieved from /home/airflow/.local/lib/python3.8/site-packages/airflow/example_dags/example_short_circuit_decorator.py
[2023-09-15T13:48:46.451+0000] {logging_mixin.py:151} INFO - [2023-09-15T13:48:46.451+0000] {dag.py:2907} INFO - Sync 1 DAGs
[2023-09-15T13:48:46.465+0000] {logging_mixin.py:151} INFO - [2023-09-15T13:48:46.465+0000] {dag.py:3677} INFO - Setting next_dagrun for example_short_circuit_decorator to 2023-09-14T13:48:46.464853+00:00, run_after=2023-09-15T13:48:46.464853+00:00
[2023-09-15T13:48:46.479+0000] {processor.py:179} INFO - Processing /home/airflow/.local/lib/python3.8/site-packages/airflow/example_dags/example_short_circuit_decorator.py took 0.054 seconds
[2023-09-15T13:49:16.903+0000] {processor.py:157} INFO - Started process (PID=1755) to work on /home/airflow/.local/lib/python3.8/site-packages/airflow/example_dags/example_short_circuit_decorator.py
[2023-09-15T13:49:16.903+0000] {processor.py:829} INFO - Processing file /home/airflow/.local/lib/python3.8/site-packages/airflow/example_dags/example_short_circuit_decorator.py for tasks to queue
[2023-09-15T13:49:16.905+0000] {logging_mixin.py:151} INFO - [2023-09-15T13:49:16.904+0000] {dagbag.py:539} INFO - Filling up the DagBag from /home/airflow/.local/lib/python3.8/site-packages/airflow/example_dags/example_short_circuit_decorator.py
[2023-09-15T13:49:16.910+0000] {processor.py:839} INFO - DAG(s) dict_keys(['example_short_circuit_decorator']) retrieved from /home/airflow/.local/lib/python3.8/site-packages/airflow/example_dags/example_short_circuit_decorator.py
[2023-09-15T13:49:16.923+0000] {logging_mixin.py:151} INFO - [2023-09-15T13:49:16.923+0000] {dag.py:2907} INFO - Sync 1 DAGs
[2023-09-15T13:49:16.935+0000] {logging_mixin.py:151} INFO - [2023-09-15T13:49:16.935+0000] {dag.py:3677} INFO - Setting next_dagrun for example_short_circuit_decorator to 2023-09-14T13:49:16.935605+00:00, run_after=2023-09-15T13:49:16.935605+00:00
[2023-09-15T13:49:16.948+0000] {processor.py:179} INFO - Processing /home/airflow/.local/lib/python3.8/site-packages/airflow/example_dags/example_short_circuit_decorator.py took 0.047 seconds
[2023-09-15T13:49:47.253+0000] {processor.py:157} INFO - Started process (PID=1813) to work on /home/airflow/.local/lib/python3.8/site-packages/airflow/example_dags/example_short_circuit_decorator.py
[2023-09-15T13:49:47.254+0000] {processor.py:829} INFO - Processing file /home/airflow/.local/lib/python3.8/site-packages/airflow/example_dags/example_short_circuit_decorator.py for tasks to queue
[2023-09-15T13:49:47.255+0000] {logging_mixin.py:151} INFO - [2023-09-15T13:49:47.255+0000] {dagbag.py:539} INFO - Filling up the DagBag from /home/airflow/.local/lib/python3.8/site-packages/airflow/example_dags/example_short_circuit_decorator.py
[2023-09-15T13:49:47.261+0000] {processor.py:839} INFO - DAG(s) dict_keys(['example_short_circuit_decorator']) retrieved from /home/airflow/.local/lib/python3.8/site-packages/airflow/example_dags/example_short_circuit_decorator.py
[2023-09-15T13:49:47.274+0000] {logging_mixin.py:151} INFO - [2023-09-15T13:49:47.274+0000] {dag.py:2907} INFO - Sync 1 DAGs
[2023-09-15T13:49:47.287+0000] {logging_mixin.py:151} INFO - [2023-09-15T13:49:47.286+0000] {dag.py:3677} INFO - Setting next_dagrun for example_short_circuit_decorator to 2023-09-14T13:49:47.286756+00:00, run_after=2023-09-15T13:49:47.286756+00:00
[2023-09-15T13:49:47.301+0000] {processor.py:179} INFO - Processing /home/airflow/.local/lib/python3.8/site-packages/airflow/example_dags/example_short_circuit_decorator.py took 0.049 seconds
[2023-09-15T13:50:17.629+0000] {processor.py:157} INFO - Started process (PID=1871) to work on /home/airflow/.local/lib/python3.8/site-packages/airflow/example_dags/example_short_circuit_decorator.py
[2023-09-15T13:50:17.630+0000] {processor.py:829} INFO - Processing file /home/airflow/.local/lib/python3.8/site-packages/airflow/example_dags/example_short_circuit_decorator.py for tasks to queue
[2023-09-15T13:50:17.632+0000] {logging_mixin.py:151} INFO - [2023-09-15T13:50:17.632+0000] {dagbag.py:539} INFO - Filling up the DagBag from /home/airflow/.local/lib/python3.8/site-packages/airflow/example_dags/example_short_circuit_decorator.py
[2023-09-15T13:50:17.637+0000] {processor.py:839} INFO - DAG(s) dict_keys(['example_short_circuit_decorator']) retrieved from /home/airflow/.local/lib/python3.8/site-packages/airflow/example_dags/example_short_circuit_decorator.py
[2023-09-15T13:50:17.651+0000] {logging_mixin.py:151} INFO - [2023-09-15T13:50:17.651+0000] {dag.py:2907} INFO - Sync 1 DAGs
[2023-09-15T13:50:17.663+0000] {logging_mixin.py:151} INFO - [2023-09-15T13:50:17.663+0000] {dag.py:3677} INFO - Setting next_dagrun for example_short_circuit_decorator to 2023-09-14T13:50:17.663646+00:00, run_after=2023-09-15T13:50:17.663646+00:00
[2023-09-15T13:50:17.681+0000] {processor.py:179} INFO - Processing /home/airflow/.local/lib/python3.8/site-packages/airflow/example_dags/example_short_circuit_decorator.py took 0.054 seconds
