[2023-09-15T13:34:35.711+0000] {processor.py:157} INFO - Started process (PID=65) to work on /home/airflow/.local/lib/python3.8/site-packages/airflow/example_dags/example_skip_dag.py
[2023-09-15T13:34:35.712+0000] {processor.py:829} INFO - Processing file /home/airflow/.local/lib/python3.8/site-packages/airflow/example_dags/example_skip_dag.py for tasks to queue
[2023-09-15T13:34:35.713+0000] {logging_mixin.py:151} INFO - [2023-09-15T13:34:35.713+0000] {dagbag.py:539} INFO - Filling up the DagBag from /home/airflow/.local/lib/python3.8/site-packages/airflow/example_dags/example_skip_dag.py
[2023-09-15T13:34:35.720+0000] {processor.py:839} INFO - DAG(s) dict_keys(['example_skip_dag']) retrieved from /home/airflow/.local/lib/python3.8/site-packages/airflow/example_dags/example_skip_dag.py
[2023-09-15T13:34:35.735+0000] {logging_mixin.py:151} INFO - [2023-09-15T13:34:35.735+0000] {dag.py:2907} INFO - Sync 1 DAGs
[2023-09-15T13:34:35.753+0000] {logging_mixin.py:151} INFO - [2023-09-15T13:34:35.753+0000] {dag.py:3677} INFO - Setting next_dagrun for example_skip_dag to 2023-09-14T13:34:35.753393+00:00, run_after=2023-09-15T13:34:35.753393+00:00
[2023-09-15T13:34:35.769+0000] {processor.py:179} INFO - Processing /home/airflow/.local/lib/python3.8/site-packages/airflow/example_dags/example_skip_dag.py took 0.060 seconds
[2023-09-15T13:35:06.381+0000] {processor.py:157} INFO - Started process (PID=138) to work on /home/airflow/.local/lib/python3.8/site-packages/airflow/example_dags/example_skip_dag.py
[2023-09-15T13:35:06.382+0000] {processor.py:829} INFO - Processing file /home/airflow/.local/lib/python3.8/site-packages/airflow/example_dags/example_skip_dag.py for tasks to queue
[2023-09-15T13:35:06.383+0000] {logging_mixin.py:151} INFO - [2023-09-15T13:35:06.383+0000] {dagbag.py:539} INFO - Filling up the DagBag from /home/airflow/.local/lib/python3.8/site-packages/airflow/example_dags/example_skip_dag.py
[2023-09-15T13:35:06.387+0000] {processor.py:839} INFO - DAG(s) dict_keys(['example_skip_dag']) retrieved from /home/airflow/.local/lib/python3.8/site-packages/airflow/example_dags/example_skip_dag.py
[2023-09-15T13:35:06.478+0000] {logging_mixin.py:151} INFO - [2023-09-15T13:35:06.477+0000] {dag.py:2907} INFO - Sync 1 DAGs
[2023-09-15T13:35:06.490+0000] {logging_mixin.py:151} INFO - [2023-09-15T13:35:06.490+0000] {dag.py:3677} INFO - Setting next_dagrun for example_skip_dag to 2023-09-14T13:35:06.490221+00:00, run_after=2023-09-15T13:35:06.490221+00:00
[2023-09-15T13:35:06.502+0000] {processor.py:179} INFO - Processing /home/airflow/.local/lib/python3.8/site-packages/airflow/example_dags/example_skip_dag.py took 0.123 seconds
[2023-09-15T13:35:36.684+0000] {processor.py:157} INFO - Started process (PID=196) to work on /home/airflow/.local/lib/python3.8/site-packages/airflow/example_dags/example_skip_dag.py
[2023-09-15T13:35:36.685+0000] {processor.py:829} INFO - Processing file /home/airflow/.local/lib/python3.8/site-packages/airflow/example_dags/example_skip_dag.py for tasks to queue
[2023-09-15T13:35:36.686+0000] {logging_mixin.py:151} INFO - [2023-09-15T13:35:36.686+0000] {dagbag.py:539} INFO - Filling up the DagBag from /home/airflow/.local/lib/python3.8/site-packages/airflow/example_dags/example_skip_dag.py
[2023-09-15T13:35:36.690+0000] {processor.py:839} INFO - DAG(s) dict_keys(['example_skip_dag']) retrieved from /home/airflow/.local/lib/python3.8/site-packages/airflow/example_dags/example_skip_dag.py
[2023-09-15T13:35:36.703+0000] {logging_mixin.py:151} INFO - [2023-09-15T13:35:36.703+0000] {dag.py:2907} INFO - Sync 1 DAGs
[2023-09-15T13:35:36.716+0000] {logging_mixin.py:151} INFO - [2023-09-15T13:35:36.716+0000] {dag.py:3677} INFO - Setting next_dagrun for example_skip_dag to 2023-09-14T13:35:36.716128+00:00, run_after=2023-09-15T13:35:36.716128+00:00
[2023-09-15T13:35:36.729+0000] {processor.py:179} INFO - Processing /home/airflow/.local/lib/python3.8/site-packages/airflow/example_dags/example_skip_dag.py took 0.047 seconds
[2023-09-15T13:36:07.008+0000] {processor.py:157} INFO - Started process (PID=254) to work on /home/airflow/.local/lib/python3.8/site-packages/airflow/example_dags/example_skip_dag.py
[2023-09-15T13:36:07.008+0000] {processor.py:829} INFO - Processing file /home/airflow/.local/lib/python3.8/site-packages/airflow/example_dags/example_skip_dag.py for tasks to queue
[2023-09-15T13:36:07.010+0000] {logging_mixin.py:151} INFO - [2023-09-15T13:36:07.010+0000] {dagbag.py:539} INFO - Filling up the DagBag from /home/airflow/.local/lib/python3.8/site-packages/airflow/example_dags/example_skip_dag.py
[2023-09-15T13:36:07.014+0000] {processor.py:839} INFO - DAG(s) dict_keys(['example_skip_dag']) retrieved from /home/airflow/.local/lib/python3.8/site-packages/airflow/example_dags/example_skip_dag.py
[2023-09-15T13:36:07.026+0000] {logging_mixin.py:151} INFO - [2023-09-15T13:36:07.026+0000] {dag.py:2907} INFO - Sync 1 DAGs
[2023-09-15T13:36:07.039+0000] {logging_mixin.py:151} INFO - [2023-09-15T13:36:07.039+0000] {dag.py:3677} INFO - Setting next_dagrun for example_skip_dag to 2023-09-14T13:36:07.039193+00:00, run_after=2023-09-15T13:36:07.039193+00:00
[2023-09-15T13:36:07.053+0000] {processor.py:179} INFO - Processing /home/airflow/.local/lib/python3.8/site-packages/airflow/example_dags/example_skip_dag.py took 0.047 seconds
[2023-09-15T13:36:37.338+0000] {processor.py:157} INFO - Started process (PID=312) to work on /home/airflow/.local/lib/python3.8/site-packages/airflow/example_dags/example_skip_dag.py
[2023-09-15T13:36:37.339+0000] {processor.py:829} INFO - Processing file /home/airflow/.local/lib/python3.8/site-packages/airflow/example_dags/example_skip_dag.py for tasks to queue
[2023-09-15T13:36:37.340+0000] {logging_mixin.py:151} INFO - [2023-09-15T13:36:37.340+0000] {dagbag.py:539} INFO - Filling up the DagBag from /home/airflow/.local/lib/python3.8/site-packages/airflow/example_dags/example_skip_dag.py
[2023-09-15T13:36:37.344+0000] {processor.py:839} INFO - DAG(s) dict_keys(['example_skip_dag']) retrieved from /home/airflow/.local/lib/python3.8/site-packages/airflow/example_dags/example_skip_dag.py
[2023-09-15T13:36:37.357+0000] {logging_mixin.py:151} INFO - [2023-09-15T13:36:37.357+0000] {dag.py:2907} INFO - Sync 1 DAGs
[2023-09-15T13:36:37.370+0000] {logging_mixin.py:151} INFO - [2023-09-15T13:36:37.370+0000] {dag.py:3677} INFO - Setting next_dagrun for example_skip_dag to 2023-09-14T13:36:37.369845+00:00, run_after=2023-09-15T13:36:37.369845+00:00
[2023-09-15T13:36:37.384+0000] {processor.py:179} INFO - Processing /home/airflow/.local/lib/python3.8/site-packages/airflow/example_dags/example_skip_dag.py took 0.048 seconds
[2023-09-15T13:37:07.523+0000] {processor.py:157} INFO - Started process (PID=370) to work on /home/airflow/.local/lib/python3.8/site-packages/airflow/example_dags/example_skip_dag.py
[2023-09-15T13:37:07.524+0000] {processor.py:829} INFO - Processing file /home/airflow/.local/lib/python3.8/site-packages/airflow/example_dags/example_skip_dag.py for tasks to queue
[2023-09-15T13:37:07.525+0000] {logging_mixin.py:151} INFO - [2023-09-15T13:37:07.525+0000] {dagbag.py:539} INFO - Filling up the DagBag from /home/airflow/.local/lib/python3.8/site-packages/airflow/example_dags/example_skip_dag.py
[2023-09-15T13:37:07.529+0000] {processor.py:839} INFO - DAG(s) dict_keys(['example_skip_dag']) retrieved from /home/airflow/.local/lib/python3.8/site-packages/airflow/example_dags/example_skip_dag.py
[2023-09-15T13:37:07.541+0000] {logging_mixin.py:151} INFO - [2023-09-15T13:37:07.541+0000] {dag.py:2907} INFO - Sync 1 DAGs
[2023-09-15T13:37:07.555+0000] {logging_mixin.py:151} INFO - [2023-09-15T13:37:07.555+0000] {dag.py:3677} INFO - Setting next_dagrun for example_skip_dag to 2023-09-14T13:37:07.555487+00:00, run_after=2023-09-15T13:37:07.555487+00:00
[2023-09-15T13:37:07.569+0000] {processor.py:179} INFO - Processing /home/airflow/.local/lib/python3.8/site-packages/airflow/example_dags/example_skip_dag.py took 0.048 seconds
[2023-09-15T13:37:37.787+0000] {processor.py:157} INFO - Started process (PID=428) to work on /home/airflow/.local/lib/python3.8/site-packages/airflow/example_dags/example_skip_dag.py
[2023-09-15T13:37:37.788+0000] {processor.py:829} INFO - Processing file /home/airflow/.local/lib/python3.8/site-packages/airflow/example_dags/example_skip_dag.py for tasks to queue
[2023-09-15T13:37:37.789+0000] {logging_mixin.py:151} INFO - [2023-09-15T13:37:37.789+0000] {dagbag.py:539} INFO - Filling up the DagBag from /home/airflow/.local/lib/python3.8/site-packages/airflow/example_dags/example_skip_dag.py
[2023-09-15T13:37:37.793+0000] {processor.py:839} INFO - DAG(s) dict_keys(['example_skip_dag']) retrieved from /home/airflow/.local/lib/python3.8/site-packages/airflow/example_dags/example_skip_dag.py
[2023-09-15T13:37:37.806+0000] {logging_mixin.py:151} INFO - [2023-09-15T13:37:37.806+0000] {dag.py:2907} INFO - Sync 1 DAGs
[2023-09-15T13:37:37.821+0000] {logging_mixin.py:151} INFO - [2023-09-15T13:37:37.821+0000] {dag.py:3677} INFO - Setting next_dagrun for example_skip_dag to 2023-09-14T13:37:37.821211+00:00, run_after=2023-09-15T13:37:37.821211+00:00
[2023-09-15T13:37:37.835+0000] {processor.py:179} INFO - Processing /home/airflow/.local/lib/python3.8/site-packages/airflow/example_dags/example_skip_dag.py took 0.050 seconds
[2023-09-15T13:38:08.192+0000] {processor.py:157} INFO - Started process (PID=486) to work on /home/airflow/.local/lib/python3.8/site-packages/airflow/example_dags/example_skip_dag.py
[2023-09-15T13:38:08.193+0000] {processor.py:829} INFO - Processing file /home/airflow/.local/lib/python3.8/site-packages/airflow/example_dags/example_skip_dag.py for tasks to queue
[2023-09-15T13:38:08.194+0000] {logging_mixin.py:151} INFO - [2023-09-15T13:38:08.194+0000] {dagbag.py:539} INFO - Filling up the DagBag from /home/airflow/.local/lib/python3.8/site-packages/airflow/example_dags/example_skip_dag.py
[2023-09-15T13:38:08.199+0000] {processor.py:839} INFO - DAG(s) dict_keys(['example_skip_dag']) retrieved from /home/airflow/.local/lib/python3.8/site-packages/airflow/example_dags/example_skip_dag.py
[2023-09-15T13:38:08.211+0000] {logging_mixin.py:151} INFO - [2023-09-15T13:38:08.211+0000] {dag.py:2907} INFO - Sync 1 DAGs
[2023-09-15T13:38:08.225+0000] {logging_mixin.py:151} INFO - [2023-09-15T13:38:08.224+0000] {dag.py:3677} INFO - Setting next_dagrun for example_skip_dag to 2023-09-14T13:38:08.224691+00:00, run_after=2023-09-15T13:38:08.224691+00:00
[2023-09-15T13:38:08.243+0000] {processor.py:179} INFO - Processing /home/airflow/.local/lib/python3.8/site-packages/airflow/example_dags/example_skip_dag.py took 0.053 seconds
[2023-09-15T13:38:38.726+0000] {processor.py:157} INFO - Started process (PID=544) to work on /home/airflow/.local/lib/python3.8/site-packages/airflow/example_dags/example_skip_dag.py
[2023-09-15T13:38:38.727+0000] {processor.py:829} INFO - Processing file /home/airflow/.local/lib/python3.8/site-packages/airflow/example_dags/example_skip_dag.py for tasks to queue
[2023-09-15T13:38:38.728+0000] {logging_mixin.py:151} INFO - [2023-09-15T13:38:38.728+0000] {dagbag.py:539} INFO - Filling up the DagBag from /home/airflow/.local/lib/python3.8/site-packages/airflow/example_dags/example_skip_dag.py
[2023-09-15T13:38:38.732+0000] {processor.py:839} INFO - DAG(s) dict_keys(['example_skip_dag']) retrieved from /home/airflow/.local/lib/python3.8/site-packages/airflow/example_dags/example_skip_dag.py
[2023-09-15T13:38:38.744+0000] {logging_mixin.py:151} INFO - [2023-09-15T13:38:38.744+0000] {dag.py:2907} INFO - Sync 1 DAGs
[2023-09-15T13:38:38.757+0000] {logging_mixin.py:151} INFO - [2023-09-15T13:38:38.756+0000] {dag.py:3677} INFO - Setting next_dagrun for example_skip_dag to 2023-09-14T13:38:38.756860+00:00, run_after=2023-09-15T13:38:38.756860+00:00
[2023-09-15T13:38:38.770+0000] {processor.py:179} INFO - Processing /home/airflow/.local/lib/python3.8/site-packages/airflow/example_dags/example_skip_dag.py took 0.046 seconds
[2023-09-15T13:39:09.354+0000] {processor.py:157} INFO - Started process (PID=602) to work on /home/airflow/.local/lib/python3.8/site-packages/airflow/example_dags/example_skip_dag.py
[2023-09-15T13:39:09.355+0000] {processor.py:829} INFO - Processing file /home/airflow/.local/lib/python3.8/site-packages/airflow/example_dags/example_skip_dag.py for tasks to queue
[2023-09-15T13:39:09.357+0000] {logging_mixin.py:151} INFO - [2023-09-15T13:39:09.356+0000] {dagbag.py:539} INFO - Filling up the DagBag from /home/airflow/.local/lib/python3.8/site-packages/airflow/example_dags/example_skip_dag.py
[2023-09-15T13:39:09.360+0000] {processor.py:839} INFO - DAG(s) dict_keys(['example_skip_dag']) retrieved from /home/airflow/.local/lib/python3.8/site-packages/airflow/example_dags/example_skip_dag.py
[2023-09-15T13:39:09.373+0000] {logging_mixin.py:151} INFO - [2023-09-15T13:39:09.373+0000] {dag.py:2907} INFO - Sync 1 DAGs
[2023-09-15T13:39:09.386+0000] {logging_mixin.py:151} INFO - [2023-09-15T13:39:09.386+0000] {dag.py:3677} INFO - Setting next_dagrun for example_skip_dag to 2023-09-14T13:39:09.386100+00:00, run_after=2023-09-15T13:39:09.386100+00:00
[2023-09-15T13:39:09.398+0000] {processor.py:179} INFO - Processing /home/airflow/.local/lib/python3.8/site-packages/airflow/example_dags/example_skip_dag.py took 0.045 seconds
[2023-09-15T13:39:39.798+0000] {processor.py:157} INFO - Started process (PID=660) to work on /home/airflow/.local/lib/python3.8/site-packages/airflow/example_dags/example_skip_dag.py
[2023-09-15T13:39:39.798+0000] {processor.py:829} INFO - Processing file /home/airflow/.local/lib/python3.8/site-packages/airflow/example_dags/example_skip_dag.py for tasks to queue
[2023-09-15T13:39:39.800+0000] {logging_mixin.py:151} INFO - [2023-09-15T13:39:39.800+0000] {dagbag.py:539} INFO - Filling up the DagBag from /home/airflow/.local/lib/python3.8/site-packages/airflow/example_dags/example_skip_dag.py
[2023-09-15T13:39:39.804+0000] {processor.py:839} INFO - DAG(s) dict_keys(['example_skip_dag']) retrieved from /home/airflow/.local/lib/python3.8/site-packages/airflow/example_dags/example_skip_dag.py
[2023-09-15T13:39:39.819+0000] {logging_mixin.py:151} INFO - [2023-09-15T13:39:39.819+0000] {dag.py:2907} INFO - Sync 1 DAGs
[2023-09-15T13:39:39.833+0000] {logging_mixin.py:151} INFO - [2023-09-15T13:39:39.833+0000] {dag.py:3677} INFO - Setting next_dagrun for example_skip_dag to 2023-09-14T13:39:39.833424+00:00, run_after=2023-09-15T13:39:39.833424+00:00
[2023-09-15T13:39:39.848+0000] {processor.py:179} INFO - Processing /home/airflow/.local/lib/python3.8/site-packages/airflow/example_dags/example_skip_dag.py took 0.053 seconds
[2023-09-15T13:40:10.079+0000] {processor.py:157} INFO - Started process (PID=718) to work on /home/airflow/.local/lib/python3.8/site-packages/airflow/example_dags/example_skip_dag.py
[2023-09-15T13:40:10.080+0000] {processor.py:829} INFO - Processing file /home/airflow/.local/lib/python3.8/site-packages/airflow/example_dags/example_skip_dag.py for tasks to queue
[2023-09-15T13:40:10.082+0000] {logging_mixin.py:151} INFO - [2023-09-15T13:40:10.081+0000] {dagbag.py:539} INFO - Filling up the DagBag from /home/airflow/.local/lib/python3.8/site-packages/airflow/example_dags/example_skip_dag.py
[2023-09-15T13:40:10.086+0000] {processor.py:839} INFO - DAG(s) dict_keys(['example_skip_dag']) retrieved from /home/airflow/.local/lib/python3.8/site-packages/airflow/example_dags/example_skip_dag.py
[2023-09-15T13:40:10.099+0000] {logging_mixin.py:151} INFO - [2023-09-15T13:40:10.099+0000] {dag.py:2907} INFO - Sync 1 DAGs
[2023-09-15T13:40:10.112+0000] {logging_mixin.py:151} INFO - [2023-09-15T13:40:10.112+0000] {dag.py:3677} INFO - Setting next_dagrun for example_skip_dag to 2023-09-14T13:40:10.112289+00:00, run_after=2023-09-15T13:40:10.112289+00:00
[2023-09-15T13:40:10.126+0000] {processor.py:179} INFO - Processing /home/airflow/.local/lib/python3.8/site-packages/airflow/example_dags/example_skip_dag.py took 0.048 seconds
[2023-09-15T13:40:40.565+0000] {processor.py:157} INFO - Started process (PID=776) to work on /home/airflow/.local/lib/python3.8/site-packages/airflow/example_dags/example_skip_dag.py
[2023-09-15T13:40:40.566+0000] {processor.py:829} INFO - Processing file /home/airflow/.local/lib/python3.8/site-packages/airflow/example_dags/example_skip_dag.py for tasks to queue
[2023-09-15T13:40:40.567+0000] {logging_mixin.py:151} INFO - [2023-09-15T13:40:40.567+0000] {dagbag.py:539} INFO - Filling up the DagBag from /home/airflow/.local/lib/python3.8/site-packages/airflow/example_dags/example_skip_dag.py
[2023-09-15T13:40:40.571+0000] {processor.py:839} INFO - DAG(s) dict_keys(['example_skip_dag']) retrieved from /home/airflow/.local/lib/python3.8/site-packages/airflow/example_dags/example_skip_dag.py
[2023-09-15T13:40:40.583+0000] {logging_mixin.py:151} INFO - [2023-09-15T13:40:40.583+0000] {dag.py:2907} INFO - Sync 1 DAGs
[2023-09-15T13:40:40.598+0000] {logging_mixin.py:151} INFO - [2023-09-15T13:40:40.597+0000] {dag.py:3677} INFO - Setting next_dagrun for example_skip_dag to 2023-09-14T13:40:40.597710+00:00, run_after=2023-09-15T13:40:40.597710+00:00
[2023-09-15T13:40:40.611+0000] {processor.py:179} INFO - Processing /home/airflow/.local/lib/python3.8/site-packages/airflow/example_dags/example_skip_dag.py took 0.048 seconds
[2023-09-15T13:41:10.973+0000] {processor.py:157} INFO - Started process (PID=834) to work on /home/airflow/.local/lib/python3.8/site-packages/airflow/example_dags/example_skip_dag.py
[2023-09-15T13:41:10.974+0000] {processor.py:829} INFO - Processing file /home/airflow/.local/lib/python3.8/site-packages/airflow/example_dags/example_skip_dag.py for tasks to queue
[2023-09-15T13:41:10.975+0000] {logging_mixin.py:151} INFO - [2023-09-15T13:41:10.975+0000] {dagbag.py:539} INFO - Filling up the DagBag from /home/airflow/.local/lib/python3.8/site-packages/airflow/example_dags/example_skip_dag.py
[2023-09-15T13:41:10.979+0000] {processor.py:839} INFO - DAG(s) dict_keys(['example_skip_dag']) retrieved from /home/airflow/.local/lib/python3.8/site-packages/airflow/example_dags/example_skip_dag.py
[2023-09-15T13:41:10.995+0000] {logging_mixin.py:151} INFO - [2023-09-15T13:41:10.994+0000] {dag.py:2907} INFO - Sync 1 DAGs
[2023-09-15T13:41:11.012+0000] {logging_mixin.py:151} INFO - [2023-09-15T13:41:11.012+0000] {dag.py:3677} INFO - Setting next_dagrun for example_skip_dag to 2023-09-14T13:41:11.012071+00:00, run_after=2023-09-15T13:41:11.012071+00:00
[2023-09-15T13:41:11.037+0000] {processor.py:179} INFO - Processing /home/airflow/.local/lib/python3.8/site-packages/airflow/example_dags/example_skip_dag.py took 0.066 seconds
[2023-09-15T13:41:41.177+0000] {processor.py:157} INFO - Started process (PID=892) to work on /home/airflow/.local/lib/python3.8/site-packages/airflow/example_dags/example_skip_dag.py
[2023-09-15T13:41:41.178+0000] {processor.py:829} INFO - Processing file /home/airflow/.local/lib/python3.8/site-packages/airflow/example_dags/example_skip_dag.py for tasks to queue
[2023-09-15T13:41:41.179+0000] {logging_mixin.py:151} INFO - [2023-09-15T13:41:41.179+0000] {dagbag.py:539} INFO - Filling up the DagBag from /home/airflow/.local/lib/python3.8/site-packages/airflow/example_dags/example_skip_dag.py
[2023-09-15T13:41:41.183+0000] {processor.py:839} INFO - DAG(s) dict_keys(['example_skip_dag']) retrieved from /home/airflow/.local/lib/python3.8/site-packages/airflow/example_dags/example_skip_dag.py
[2023-09-15T13:41:41.197+0000] {logging_mixin.py:151} INFO - [2023-09-15T13:41:41.196+0000] {dag.py:2907} INFO - Sync 1 DAGs
[2023-09-15T13:41:41.210+0000] {logging_mixin.py:151} INFO - [2023-09-15T13:41:41.210+0000] {dag.py:3677} INFO - Setting next_dagrun for example_skip_dag to 2023-09-14T13:41:41.210611+00:00, run_after=2023-09-15T13:41:41.210611+00:00
[2023-09-15T13:41:41.224+0000] {processor.py:179} INFO - Processing /home/airflow/.local/lib/python3.8/site-packages/airflow/example_dags/example_skip_dag.py took 0.049 seconds
[2023-09-15T13:42:11.622+0000] {processor.py:157} INFO - Started process (PID=950) to work on /home/airflow/.local/lib/python3.8/site-packages/airflow/example_dags/example_skip_dag.py
[2023-09-15T13:42:11.622+0000] {processor.py:829} INFO - Processing file /home/airflow/.local/lib/python3.8/site-packages/airflow/example_dags/example_skip_dag.py for tasks to queue
[2023-09-15T13:42:11.623+0000] {logging_mixin.py:151} INFO - [2023-09-15T13:42:11.623+0000] {dagbag.py:539} INFO - Filling up the DagBag from /home/airflow/.local/lib/python3.8/site-packages/airflow/example_dags/example_skip_dag.py
[2023-09-15T13:42:11.627+0000] {processor.py:839} INFO - DAG(s) dict_keys(['example_skip_dag']) retrieved from /home/airflow/.local/lib/python3.8/site-packages/airflow/example_dags/example_skip_dag.py
[2023-09-15T13:42:11.640+0000] {logging_mixin.py:151} INFO - [2023-09-15T13:42:11.640+0000] {dag.py:2907} INFO - Sync 1 DAGs
[2023-09-15T13:42:11.656+0000] {logging_mixin.py:151} INFO - [2023-09-15T13:42:11.656+0000] {dag.py:3677} INFO - Setting next_dagrun for example_skip_dag to 2023-09-14T13:42:11.655978+00:00, run_after=2023-09-15T13:42:11.655978+00:00
[2023-09-15T13:42:11.670+0000] {processor.py:179} INFO - Processing /home/airflow/.local/lib/python3.8/site-packages/airflow/example_dags/example_skip_dag.py took 0.051 seconds
[2023-09-15T13:42:42.383+0000] {processor.py:157} INFO - Started process (PID=1008) to work on /home/airflow/.local/lib/python3.8/site-packages/airflow/example_dags/example_skip_dag.py
[2023-09-15T13:42:42.392+0000] {processor.py:829} INFO - Processing file /home/airflow/.local/lib/python3.8/site-packages/airflow/example_dags/example_skip_dag.py for tasks to queue
[2023-09-15T13:42:42.396+0000] {logging_mixin.py:151} INFO - [2023-09-15T13:42:42.395+0000] {dagbag.py:539} INFO - Filling up the DagBag from /home/airflow/.local/lib/python3.8/site-packages/airflow/example_dags/example_skip_dag.py
[2023-09-15T13:42:42.406+0000] {processor.py:839} INFO - DAG(s) dict_keys(['example_skip_dag']) retrieved from /home/airflow/.local/lib/python3.8/site-packages/airflow/example_dags/example_skip_dag.py
[2023-09-15T13:42:42.436+0000] {logging_mixin.py:151} INFO - [2023-09-15T13:42:42.436+0000] {dag.py:2907} INFO - Sync 1 DAGs
[2023-09-15T13:42:42.468+0000] {logging_mixin.py:151} INFO - [2023-09-15T13:42:42.468+0000] {dag.py:3677} INFO - Setting next_dagrun for example_skip_dag to 2023-09-14T13:42:42.467749+00:00, run_after=2023-09-15T13:42:42.467749+00:00
[2023-09-15T13:42:42.494+0000] {processor.py:179} INFO - Processing /home/airflow/.local/lib/python3.8/site-packages/airflow/example_dags/example_skip_dag.py took 0.116 seconds
[2023-09-15T13:43:13.101+0000] {processor.py:157} INFO - Started process (PID=1066) to work on /home/airflow/.local/lib/python3.8/site-packages/airflow/example_dags/example_skip_dag.py
[2023-09-15T13:43:13.102+0000] {processor.py:829} INFO - Processing file /home/airflow/.local/lib/python3.8/site-packages/airflow/example_dags/example_skip_dag.py for tasks to queue
[2023-09-15T13:43:13.104+0000] {logging_mixin.py:151} INFO - [2023-09-15T13:43:13.104+0000] {dagbag.py:539} INFO - Filling up the DagBag from /home/airflow/.local/lib/python3.8/site-packages/airflow/example_dags/example_skip_dag.py
[2023-09-15T13:43:13.108+0000] {processor.py:839} INFO - DAG(s) dict_keys(['example_skip_dag']) retrieved from /home/airflow/.local/lib/python3.8/site-packages/airflow/example_dags/example_skip_dag.py
[2023-09-15T13:43:13.121+0000] {logging_mixin.py:151} INFO - [2023-09-15T13:43:13.121+0000] {dag.py:2907} INFO - Sync 1 DAGs
[2023-09-15T13:43:13.134+0000] {logging_mixin.py:151} INFO - [2023-09-15T13:43:13.134+0000] {dag.py:3677} INFO - Setting next_dagrun for example_skip_dag to 2023-09-14T13:43:13.134519+00:00, run_after=2023-09-15T13:43:13.134519+00:00
[2023-09-15T13:43:13.151+0000] {processor.py:179} INFO - Processing /home/airflow/.local/lib/python3.8/site-packages/airflow/example_dags/example_skip_dag.py took 0.051 seconds
[2023-09-15T13:43:43.458+0000] {processor.py:157} INFO - Started process (PID=1124) to work on /home/airflow/.local/lib/python3.8/site-packages/airflow/example_dags/example_skip_dag.py
[2023-09-15T13:43:43.459+0000] {processor.py:829} INFO - Processing file /home/airflow/.local/lib/python3.8/site-packages/airflow/example_dags/example_skip_dag.py for tasks to queue
[2023-09-15T13:43:43.461+0000] {logging_mixin.py:151} INFO - [2023-09-15T13:43:43.461+0000] {dagbag.py:539} INFO - Filling up the DagBag from /home/airflow/.local/lib/python3.8/site-packages/airflow/example_dags/example_skip_dag.py
[2023-09-15T13:43:43.465+0000] {processor.py:839} INFO - DAG(s) dict_keys(['example_skip_dag']) retrieved from /home/airflow/.local/lib/python3.8/site-packages/airflow/example_dags/example_skip_dag.py
[2023-09-15T13:43:43.477+0000] {logging_mixin.py:151} INFO - [2023-09-15T13:43:43.477+0000] {dag.py:2907} INFO - Sync 1 DAGs
[2023-09-15T13:43:43.492+0000] {logging_mixin.py:151} INFO - [2023-09-15T13:43:43.492+0000] {dag.py:3677} INFO - Setting next_dagrun for example_skip_dag to 2023-09-14T13:43:43.492485+00:00, run_after=2023-09-15T13:43:43.492485+00:00
[2023-09-15T13:43:43.507+0000] {processor.py:179} INFO - Processing /home/airflow/.local/lib/python3.8/site-packages/airflow/example_dags/example_skip_dag.py took 0.050 seconds
[2023-09-15T13:44:13.806+0000] {processor.py:157} INFO - Started process (PID=1182) to work on /home/airflow/.local/lib/python3.8/site-packages/airflow/example_dags/example_skip_dag.py
[2023-09-15T13:44:13.807+0000] {processor.py:829} INFO - Processing file /home/airflow/.local/lib/python3.8/site-packages/airflow/example_dags/example_skip_dag.py for tasks to queue
[2023-09-15T13:44:13.808+0000] {logging_mixin.py:151} INFO - [2023-09-15T13:44:13.808+0000] {dagbag.py:539} INFO - Filling up the DagBag from /home/airflow/.local/lib/python3.8/site-packages/airflow/example_dags/example_skip_dag.py
[2023-09-15T13:44:13.812+0000] {processor.py:839} INFO - DAG(s) dict_keys(['example_skip_dag']) retrieved from /home/airflow/.local/lib/python3.8/site-packages/airflow/example_dags/example_skip_dag.py
[2023-09-15T13:44:13.826+0000] {logging_mixin.py:151} INFO - [2023-09-15T13:44:13.826+0000] {dag.py:2907} INFO - Sync 1 DAGs
[2023-09-15T13:44:13.839+0000] {logging_mixin.py:151} INFO - [2023-09-15T13:44:13.839+0000] {dag.py:3677} INFO - Setting next_dagrun for example_skip_dag to 2023-09-14T13:44:13.839501+00:00, run_after=2023-09-15T13:44:13.839501+00:00
[2023-09-15T13:44:13.853+0000] {processor.py:179} INFO - Processing /home/airflow/.local/lib/python3.8/site-packages/airflow/example_dags/example_skip_dag.py took 0.049 seconds
[2023-09-15T13:44:44.214+0000] {processor.py:157} INFO - Started process (PID=1240) to work on /home/airflow/.local/lib/python3.8/site-packages/airflow/example_dags/example_skip_dag.py
[2023-09-15T13:44:44.214+0000] {processor.py:829} INFO - Processing file /home/airflow/.local/lib/python3.8/site-packages/airflow/example_dags/example_skip_dag.py for tasks to queue
[2023-09-15T13:44:44.216+0000] {logging_mixin.py:151} INFO - [2023-09-15T13:44:44.216+0000] {dagbag.py:539} INFO - Filling up the DagBag from /home/airflow/.local/lib/python3.8/site-packages/airflow/example_dags/example_skip_dag.py
[2023-09-15T13:44:44.220+0000] {processor.py:839} INFO - DAG(s) dict_keys(['example_skip_dag']) retrieved from /home/airflow/.local/lib/python3.8/site-packages/airflow/example_dags/example_skip_dag.py
[2023-09-15T13:44:44.233+0000] {logging_mixin.py:151} INFO - [2023-09-15T13:44:44.233+0000] {dag.py:2907} INFO - Sync 1 DAGs
[2023-09-15T13:44:44.247+0000] {logging_mixin.py:151} INFO - [2023-09-15T13:44:44.247+0000] {dag.py:3677} INFO - Setting next_dagrun for example_skip_dag to 2023-09-14T13:44:44.247322+00:00, run_after=2023-09-15T13:44:44.247322+00:00
[2023-09-15T13:44:44.261+0000] {processor.py:179} INFO - Processing /home/airflow/.local/lib/python3.8/site-packages/airflow/example_dags/example_skip_dag.py took 0.049 seconds
[2023-09-15T13:45:14.532+0000] {processor.py:157} INFO - Started process (PID=1298) to work on /home/airflow/.local/lib/python3.8/site-packages/airflow/example_dags/example_skip_dag.py
[2023-09-15T13:45:14.532+0000] {processor.py:829} INFO - Processing file /home/airflow/.local/lib/python3.8/site-packages/airflow/example_dags/example_skip_dag.py for tasks to queue
[2023-09-15T13:45:14.534+0000] {logging_mixin.py:151} INFO - [2023-09-15T13:45:14.534+0000] {dagbag.py:539} INFO - Filling up the DagBag from /home/airflow/.local/lib/python3.8/site-packages/airflow/example_dags/example_skip_dag.py
[2023-09-15T13:45:14.538+0000] {processor.py:839} INFO - DAG(s) dict_keys(['example_skip_dag']) retrieved from /home/airflow/.local/lib/python3.8/site-packages/airflow/example_dags/example_skip_dag.py
[2023-09-15T13:45:14.552+0000] {logging_mixin.py:151} INFO - [2023-09-15T13:45:14.552+0000] {dag.py:2907} INFO - Sync 1 DAGs
[2023-09-15T13:45:14.566+0000] {logging_mixin.py:151} INFO - [2023-09-15T13:45:14.565+0000] {dag.py:3677} INFO - Setting next_dagrun for example_skip_dag to 2023-09-14T13:45:14.565834+00:00, run_after=2023-09-15T13:45:14.565834+00:00
[2023-09-15T13:45:14.582+0000] {processor.py:179} INFO - Processing /home/airflow/.local/lib/python3.8/site-packages/airflow/example_dags/example_skip_dag.py took 0.053 seconds
[2023-09-15T13:45:44.750+0000] {processor.py:157} INFO - Started process (PID=1356) to work on /home/airflow/.local/lib/python3.8/site-packages/airflow/example_dags/example_skip_dag.py
[2023-09-15T13:45:44.750+0000] {processor.py:829} INFO - Processing file /home/airflow/.local/lib/python3.8/site-packages/airflow/example_dags/example_skip_dag.py for tasks to queue
[2023-09-15T13:45:44.752+0000] {logging_mixin.py:151} INFO - [2023-09-15T13:45:44.752+0000] {dagbag.py:539} INFO - Filling up the DagBag from /home/airflow/.local/lib/python3.8/site-packages/airflow/example_dags/example_skip_dag.py
[2023-09-15T13:45:44.757+0000] {processor.py:839} INFO - DAG(s) dict_keys(['example_skip_dag']) retrieved from /home/airflow/.local/lib/python3.8/site-packages/airflow/example_dags/example_skip_dag.py
[2023-09-15T13:45:44.828+0000] {logging_mixin.py:151} INFO - [2023-09-15T13:45:44.828+0000] {dag.py:2907} INFO - Sync 1 DAGs
[2023-09-15T13:45:44.842+0000] {logging_mixin.py:151} INFO - [2023-09-15T13:45:44.842+0000] {dag.py:3677} INFO - Setting next_dagrun for example_skip_dag to 2023-09-14T13:45:44.841910+00:00, run_after=2023-09-15T13:45:44.841910+00:00
[2023-09-15T13:45:44.856+0000] {processor.py:179} INFO - Processing /home/airflow/.local/lib/python3.8/site-packages/airflow/example_dags/example_skip_dag.py took 0.109 seconds
[2023-09-15T13:46:15.206+0000] {processor.py:157} INFO - Started process (PID=1414) to work on /home/airflow/.local/lib/python3.8/site-packages/airflow/example_dags/example_skip_dag.py
[2023-09-15T13:46:15.206+0000] {processor.py:829} INFO - Processing file /home/airflow/.local/lib/python3.8/site-packages/airflow/example_dags/example_skip_dag.py for tasks to queue
[2023-09-15T13:46:15.208+0000] {logging_mixin.py:151} INFO - [2023-09-15T13:46:15.208+0000] {dagbag.py:539} INFO - Filling up the DagBag from /home/airflow/.local/lib/python3.8/site-packages/airflow/example_dags/example_skip_dag.py
[2023-09-15T13:46:15.212+0000] {processor.py:839} INFO - DAG(s) dict_keys(['example_skip_dag']) retrieved from /home/airflow/.local/lib/python3.8/site-packages/airflow/example_dags/example_skip_dag.py
[2023-09-15T13:46:15.225+0000] {logging_mixin.py:151} INFO - [2023-09-15T13:46:15.224+0000] {dag.py:2907} INFO - Sync 1 DAGs
[2023-09-15T13:46:15.237+0000] {logging_mixin.py:151} INFO - [2023-09-15T13:46:15.237+0000] {dag.py:3677} INFO - Setting next_dagrun for example_skip_dag to 2023-09-14T13:46:15.237586+00:00, run_after=2023-09-15T13:46:15.237586+00:00
[2023-09-15T13:46:15.255+0000] {processor.py:179} INFO - Processing /home/airflow/.local/lib/python3.8/site-packages/airflow/example_dags/example_skip_dag.py took 0.051 seconds
[2023-09-15T13:46:45.498+0000] {processor.py:157} INFO - Started process (PID=1472) to work on /home/airflow/.local/lib/python3.8/site-packages/airflow/example_dags/example_skip_dag.py
[2023-09-15T13:46:45.499+0000] {processor.py:829} INFO - Processing file /home/airflow/.local/lib/python3.8/site-packages/airflow/example_dags/example_skip_dag.py for tasks to queue
[2023-09-15T13:46:45.500+0000] {logging_mixin.py:151} INFO - [2023-09-15T13:46:45.500+0000] {dagbag.py:539} INFO - Filling up the DagBag from /home/airflow/.local/lib/python3.8/site-packages/airflow/example_dags/example_skip_dag.py
[2023-09-15T13:46:45.504+0000] {processor.py:839} INFO - DAG(s) dict_keys(['example_skip_dag']) retrieved from /home/airflow/.local/lib/python3.8/site-packages/airflow/example_dags/example_skip_dag.py
[2023-09-15T13:46:45.518+0000] {logging_mixin.py:151} INFO - [2023-09-15T13:46:45.517+0000] {dag.py:2907} INFO - Sync 1 DAGs
[2023-09-15T13:46:45.531+0000] {logging_mixin.py:151} INFO - [2023-09-15T13:46:45.531+0000] {dag.py:3677} INFO - Setting next_dagrun for example_skip_dag to 2023-09-14T13:46:45.531577+00:00, run_after=2023-09-15T13:46:45.531577+00:00
[2023-09-15T13:46:45.549+0000] {processor.py:179} INFO - Processing /home/airflow/.local/lib/python3.8/site-packages/airflow/example_dags/example_skip_dag.py took 0.053 seconds
[2023-09-15T13:47:15.891+0000] {processor.py:157} INFO - Started process (PID=1531) to work on /home/airflow/.local/lib/python3.8/site-packages/airflow/example_dags/example_skip_dag.py
[2023-09-15T13:47:15.891+0000] {processor.py:829} INFO - Processing file /home/airflow/.local/lib/python3.8/site-packages/airflow/example_dags/example_skip_dag.py for tasks to queue
[2023-09-15T13:47:15.893+0000] {logging_mixin.py:151} INFO - [2023-09-15T13:47:15.893+0000] {dagbag.py:539} INFO - Filling up the DagBag from /home/airflow/.local/lib/python3.8/site-packages/airflow/example_dags/example_skip_dag.py
[2023-09-15T13:47:15.897+0000] {processor.py:839} INFO - DAG(s) dict_keys(['example_skip_dag']) retrieved from /home/airflow/.local/lib/python3.8/site-packages/airflow/example_dags/example_skip_dag.py
[2023-09-15T13:47:15.912+0000] {logging_mixin.py:151} INFO - [2023-09-15T13:47:15.911+0000] {dag.py:2907} INFO - Sync 1 DAGs
[2023-09-15T13:47:15.926+0000] {logging_mixin.py:151} INFO - [2023-09-15T13:47:15.926+0000] {dag.py:3677} INFO - Setting next_dagrun for example_skip_dag to 2023-09-14T13:47:15.926406+00:00, run_after=2023-09-15T13:47:15.926406+00:00
[2023-09-15T13:47:15.942+0000] {processor.py:179} INFO - Processing /home/airflow/.local/lib/python3.8/site-packages/airflow/example_dags/example_skip_dag.py took 0.053 seconds
[2023-09-15T13:47:46.063+0000] {processor.py:157} INFO - Started process (PID=1589) to work on /home/airflow/.local/lib/python3.8/site-packages/airflow/example_dags/example_skip_dag.py
[2023-09-15T13:47:46.064+0000] {processor.py:829} INFO - Processing file /home/airflow/.local/lib/python3.8/site-packages/airflow/example_dags/example_skip_dag.py for tasks to queue
[2023-09-15T13:47:46.065+0000] {logging_mixin.py:151} INFO - [2023-09-15T13:47:46.065+0000] {dagbag.py:539} INFO - Filling up the DagBag from /home/airflow/.local/lib/python3.8/site-packages/airflow/example_dags/example_skip_dag.py
[2023-09-15T13:47:46.069+0000] {processor.py:839} INFO - DAG(s) dict_keys(['example_skip_dag']) retrieved from /home/airflow/.local/lib/python3.8/site-packages/airflow/example_dags/example_skip_dag.py
[2023-09-15T13:47:46.082+0000] {logging_mixin.py:151} INFO - [2023-09-15T13:47:46.082+0000] {dag.py:2907} INFO - Sync 1 DAGs
[2023-09-15T13:47:46.095+0000] {logging_mixin.py:151} INFO - [2023-09-15T13:47:46.095+0000] {dag.py:3677} INFO - Setting next_dagrun for example_skip_dag to 2023-09-14T13:47:46.095405+00:00, run_after=2023-09-15T13:47:46.095405+00:00
[2023-09-15T13:47:46.111+0000] {processor.py:179} INFO - Processing /home/airflow/.local/lib/python3.8/site-packages/airflow/example_dags/example_skip_dag.py took 0.050 seconds
[2023-09-15T13:48:16.570+0000] {processor.py:157} INFO - Started process (PID=1647) to work on /home/airflow/.local/lib/python3.8/site-packages/airflow/example_dags/example_skip_dag.py
[2023-09-15T13:48:16.571+0000] {processor.py:829} INFO - Processing file /home/airflow/.local/lib/python3.8/site-packages/airflow/example_dags/example_skip_dag.py for tasks to queue
[2023-09-15T13:48:16.572+0000] {logging_mixin.py:151} INFO - [2023-09-15T13:48:16.572+0000] {dagbag.py:539} INFO - Filling up the DagBag from /home/airflow/.local/lib/python3.8/site-packages/airflow/example_dags/example_skip_dag.py
[2023-09-15T13:48:16.577+0000] {processor.py:839} INFO - DAG(s) dict_keys(['example_skip_dag']) retrieved from /home/airflow/.local/lib/python3.8/site-packages/airflow/example_dags/example_skip_dag.py
[2023-09-15T13:48:16.590+0000] {logging_mixin.py:151} INFO - [2023-09-15T13:48:16.590+0000] {dag.py:2907} INFO - Sync 1 DAGs
[2023-09-15T13:48:16.603+0000] {logging_mixin.py:151} INFO - [2023-09-15T13:48:16.603+0000] {dag.py:3677} INFO - Setting next_dagrun for example_skip_dag to 2023-09-14T13:48:16.603471+00:00, run_after=2023-09-15T13:48:16.603471+00:00
[2023-09-15T13:48:16.617+0000] {processor.py:179} INFO - Processing /home/airflow/.local/lib/python3.8/site-packages/airflow/example_dags/example_skip_dag.py took 0.049 seconds
[2023-09-15T13:48:47.010+0000] {processor.py:157} INFO - Started process (PID=1705) to work on /home/airflow/.local/lib/python3.8/site-packages/airflow/example_dags/example_skip_dag.py
[2023-09-15T13:48:47.010+0000] {processor.py:829} INFO - Processing file /home/airflow/.local/lib/python3.8/site-packages/airflow/example_dags/example_skip_dag.py for tasks to queue
[2023-09-15T13:48:47.012+0000] {logging_mixin.py:151} INFO - [2023-09-15T13:48:47.012+0000] {dagbag.py:539} INFO - Filling up the DagBag from /home/airflow/.local/lib/python3.8/site-packages/airflow/example_dags/example_skip_dag.py
[2023-09-15T13:48:47.017+0000] {processor.py:839} INFO - DAG(s) dict_keys(['example_skip_dag']) retrieved from /home/airflow/.local/lib/python3.8/site-packages/airflow/example_dags/example_skip_dag.py
[2023-09-15T13:48:47.032+0000] {logging_mixin.py:151} INFO - [2023-09-15T13:48:47.032+0000] {dag.py:2907} INFO - Sync 1 DAGs
[2023-09-15T13:48:47.048+0000] {logging_mixin.py:151} INFO - [2023-09-15T13:48:47.048+0000] {dag.py:3677} INFO - Setting next_dagrun for example_skip_dag to 2023-09-14T13:48:47.048359+00:00, run_after=2023-09-15T13:48:47.048359+00:00
[2023-09-15T13:48:47.068+0000] {processor.py:179} INFO - Processing /home/airflow/.local/lib/python3.8/site-packages/airflow/example_dags/example_skip_dag.py took 0.061 seconds
[2023-09-15T13:49:17.362+0000] {processor.py:157} INFO - Started process (PID=1763) to work on /home/airflow/.local/lib/python3.8/site-packages/airflow/example_dags/example_skip_dag.py
[2023-09-15T13:49:17.363+0000] {processor.py:829} INFO - Processing file /home/airflow/.local/lib/python3.8/site-packages/airflow/example_dags/example_skip_dag.py for tasks to queue
[2023-09-15T13:49:17.364+0000] {logging_mixin.py:151} INFO - [2023-09-15T13:49:17.364+0000] {dagbag.py:539} INFO - Filling up the DagBag from /home/airflow/.local/lib/python3.8/site-packages/airflow/example_dags/example_skip_dag.py
[2023-09-15T13:49:17.369+0000] {processor.py:839} INFO - DAG(s) dict_keys(['example_skip_dag']) retrieved from /home/airflow/.local/lib/python3.8/site-packages/airflow/example_dags/example_skip_dag.py
[2023-09-15T13:49:17.382+0000] {logging_mixin.py:151} INFO - [2023-09-15T13:49:17.382+0000] {dag.py:2907} INFO - Sync 1 DAGs
[2023-09-15T13:49:17.395+0000] {logging_mixin.py:151} INFO - [2023-09-15T13:49:17.395+0000] {dag.py:3677} INFO - Setting next_dagrun for example_skip_dag to 2023-09-14T13:49:17.395012+00:00, run_after=2023-09-15T13:49:17.395012+00:00
[2023-09-15T13:49:17.408+0000] {processor.py:179} INFO - Processing /home/airflow/.local/lib/python3.8/site-packages/airflow/example_dags/example_skip_dag.py took 0.048 seconds
[2023-09-15T13:49:47.785+0000] {processor.py:157} INFO - Started process (PID=1821) to work on /home/airflow/.local/lib/python3.8/site-packages/airflow/example_dags/example_skip_dag.py
[2023-09-15T13:49:47.785+0000] {processor.py:829} INFO - Processing file /home/airflow/.local/lib/python3.8/site-packages/airflow/example_dags/example_skip_dag.py for tasks to queue
[2023-09-15T13:49:47.787+0000] {logging_mixin.py:151} INFO - [2023-09-15T13:49:47.787+0000] {dagbag.py:539} INFO - Filling up the DagBag from /home/airflow/.local/lib/python3.8/site-packages/airflow/example_dags/example_skip_dag.py
[2023-09-15T13:49:47.791+0000] {processor.py:839} INFO - DAG(s) dict_keys(['example_skip_dag']) retrieved from /home/airflow/.local/lib/python3.8/site-packages/airflow/example_dags/example_skip_dag.py
[2023-09-15T13:49:47.803+0000] {logging_mixin.py:151} INFO - [2023-09-15T13:49:47.803+0000] {dag.py:2907} INFO - Sync 1 DAGs
[2023-09-15T13:49:47.816+0000] {logging_mixin.py:151} INFO - [2023-09-15T13:49:47.815+0000] {dag.py:3677} INFO - Setting next_dagrun for example_skip_dag to 2023-09-14T13:49:47.815830+00:00, run_after=2023-09-15T13:49:47.815830+00:00
[2023-09-15T13:49:47.828+0000] {processor.py:179} INFO - Processing /home/airflow/.local/lib/python3.8/site-packages/airflow/example_dags/example_skip_dag.py took 0.046 seconds
[2023-09-15T13:50:18.220+0000] {processor.py:157} INFO - Started process (PID=1879) to work on /home/airflow/.local/lib/python3.8/site-packages/airflow/example_dags/example_skip_dag.py
[2023-09-15T13:50:18.221+0000] {processor.py:829} INFO - Processing file /home/airflow/.local/lib/python3.8/site-packages/airflow/example_dags/example_skip_dag.py for tasks to queue
[2023-09-15T13:50:18.222+0000] {logging_mixin.py:151} INFO - [2023-09-15T13:50:18.222+0000] {dagbag.py:539} INFO - Filling up the DagBag from /home/airflow/.local/lib/python3.8/site-packages/airflow/example_dags/example_skip_dag.py
[2023-09-15T13:50:18.227+0000] {processor.py:839} INFO - DAG(s) dict_keys(['example_skip_dag']) retrieved from /home/airflow/.local/lib/python3.8/site-packages/airflow/example_dags/example_skip_dag.py
[2023-09-15T13:50:18.244+0000] {logging_mixin.py:151} INFO - [2023-09-15T13:50:18.244+0000] {dag.py:2907} INFO - Sync 1 DAGs
[2023-09-15T13:50:18.263+0000] {logging_mixin.py:151} INFO - [2023-09-15T13:50:18.263+0000] {dag.py:3677} INFO - Setting next_dagrun for example_skip_dag to 2023-09-14T13:50:18.263116+00:00, run_after=2023-09-15T13:50:18.263116+00:00
[2023-09-15T13:50:18.281+0000] {processor.py:179} INFO - Processing /home/airflow/.local/lib/python3.8/site-packages/airflow/example_dags/example_skip_dag.py took 0.063 seconds
