[2023-09-15T13:34:37.414+0000] {processor.py:157} INFO - Started process (PID=86) to work on /home/airflow/.local/lib/python3.8/site-packages/airflow/example_dags/example_datasets.py
[2023-09-15T13:34:37.415+0000] {processor.py:829} INFO - Processing file /home/airflow/.local/lib/python3.8/site-packages/airflow/example_dags/example_datasets.py for tasks to queue
[2023-09-15T13:34:37.416+0000] {logging_mixin.py:151} INFO - [2023-09-15T13:34:37.416+0000] {dagbag.py:539} INFO - Filling up the DagBag from /home/airflow/.local/lib/python3.8/site-packages/airflow/example_dags/example_datasets.py
[2023-09-15T13:34:37.424+0000] {processor.py:839} INFO - DAG(s) dict_keys(['dataset_consumes_1', 'dataset_consumes_unknown_never_scheduled', 'dataset_produces_2', 'dataset_produces_1', 'dataset_consumes_1_and_2', 'dataset_consumes_1_never_scheduled']) retrieved from /home/airflow/.local/lib/python3.8/site-packages/airflow/example_dags/example_datasets.py
[2023-09-15T13:34:37.447+0000] {logging_mixin.py:151} INFO - [2023-09-15T13:34:37.447+0000] {dag.py:2907} INFO - Sync 6 DAGs
[2023-09-15T13:34:37.586+0000] {logging_mixin.py:151} INFO - [2023-09-15T13:34:37.585+0000] {dag.py:3677} INFO - Setting next_dagrun for dataset_consumes_1 to None, run_after=None
[2023-09-15T13:34:37.589+0000] {logging_mixin.py:151} INFO - [2023-09-15T13:34:37.589+0000] {dag.py:3677} INFO - Setting next_dagrun for dataset_consumes_1_and_2 to None, run_after=None
[2023-09-15T13:34:37.590+0000] {logging_mixin.py:151} INFO - [2023-09-15T13:34:37.590+0000] {dag.py:3677} INFO - Setting next_dagrun for dataset_consumes_1_never_scheduled to None, run_after=None
[2023-09-15T13:34:37.592+0000] {logging_mixin.py:151} INFO - [2023-09-15T13:34:37.592+0000] {dag.py:3677} INFO - Setting next_dagrun for dataset_consumes_unknown_never_scheduled to None, run_after=None
[2023-09-15T13:34:37.594+0000] {logging_mixin.py:151} INFO - [2023-09-15T13:34:37.594+0000] {dag.py:3677} INFO - Setting next_dagrun for dataset_produces_1 to 2023-09-14T00:00:00+00:00, run_after=2023-09-15T00:00:00+00:00
[2023-09-15T13:34:37.596+0000] {logging_mixin.py:151} INFO - [2023-09-15T13:34:37.595+0000] {dag.py:3677} INFO - Setting next_dagrun for dataset_produces_2 to None, run_after=None
[2023-09-15T13:34:37.626+0000] {processor.py:179} INFO - Processing /home/airflow/.local/lib/python3.8/site-packages/airflow/example_dags/example_datasets.py took 0.214 seconds
[2023-09-15T13:35:08.237+0000] {processor.py:157} INFO - Started process (PID=159) to work on /home/airflow/.local/lib/python3.8/site-packages/airflow/example_dags/example_datasets.py
[2023-09-15T13:35:08.238+0000] {processor.py:829} INFO - Processing file /home/airflow/.local/lib/python3.8/site-packages/airflow/example_dags/example_datasets.py for tasks to queue
[2023-09-15T13:35:08.239+0000] {logging_mixin.py:151} INFO - [2023-09-15T13:35:08.239+0000] {dagbag.py:539} INFO - Filling up the DagBag from /home/airflow/.local/lib/python3.8/site-packages/airflow/example_dags/example_datasets.py
[2023-09-15T13:35:08.245+0000] {processor.py:839} INFO - DAG(s) dict_keys(['dataset_produces_2', 'dataset_consumes_1', 'dataset_consumes_unknown_never_scheduled', 'dataset_consumes_1_and_2', 'dataset_consumes_1_never_scheduled', 'dataset_produces_1']) retrieved from /home/airflow/.local/lib/python3.8/site-packages/airflow/example_dags/example_datasets.py
[2023-09-15T13:35:08.267+0000] {logging_mixin.py:151} INFO - [2023-09-15T13:35:08.267+0000] {dag.py:2907} INFO - Sync 6 DAGs
[2023-09-15T13:35:08.281+0000] {logging_mixin.py:151} INFO - [2023-09-15T13:35:08.281+0000] {dag.py:3677} INFO - Setting next_dagrun for dataset_consumes_1 to None, run_after=None
[2023-09-15T13:35:08.283+0000] {logging_mixin.py:151} INFO - [2023-09-15T13:35:08.283+0000] {dag.py:3677} INFO - Setting next_dagrun for dataset_consumes_1_and_2 to None, run_after=None
[2023-09-15T13:35:08.284+0000] {logging_mixin.py:151} INFO - [2023-09-15T13:35:08.284+0000] {dag.py:3677} INFO - Setting next_dagrun for dataset_consumes_1_never_scheduled to None, run_after=None
[2023-09-15T13:35:08.285+0000] {logging_mixin.py:151} INFO - [2023-09-15T13:35:08.285+0000] {dag.py:3677} INFO - Setting next_dagrun for dataset_consumes_unknown_never_scheduled to None, run_after=None
[2023-09-15T13:35:08.287+0000] {logging_mixin.py:151} INFO - [2023-09-15T13:35:08.287+0000] {dag.py:3677} INFO - Setting next_dagrun for dataset_produces_1 to 2023-09-14T00:00:00+00:00, run_after=2023-09-15T00:00:00+00:00
[2023-09-15T13:35:08.288+0000] {logging_mixin.py:151} INFO - [2023-09-15T13:35:08.288+0000] {dag.py:3677} INFO - Setting next_dagrun for dataset_produces_2 to None, run_after=None
[2023-09-15T13:35:08.311+0000] {processor.py:179} INFO - Processing /home/airflow/.local/lib/python3.8/site-packages/airflow/example_dags/example_datasets.py took 0.076 seconds
[2023-09-15T13:35:38.576+0000] {processor.py:157} INFO - Started process (PID=217) to work on /home/airflow/.local/lib/python3.8/site-packages/airflow/example_dags/example_datasets.py
[2023-09-15T13:35:38.577+0000] {processor.py:829} INFO - Processing file /home/airflow/.local/lib/python3.8/site-packages/airflow/example_dags/example_datasets.py for tasks to queue
[2023-09-15T13:35:38.578+0000] {logging_mixin.py:151} INFO - [2023-09-15T13:35:38.578+0000] {dagbag.py:539} INFO - Filling up the DagBag from /home/airflow/.local/lib/python3.8/site-packages/airflow/example_dags/example_datasets.py
[2023-09-15T13:35:38.584+0000] {processor.py:839} INFO - DAG(s) dict_keys(['dataset_consumes_unknown_never_scheduled', 'dataset_consumes_1_and_2', 'dataset_produces_2', 'dataset_consumes_1_never_scheduled', 'dataset_produces_1', 'dataset_consumes_1']) retrieved from /home/airflow/.local/lib/python3.8/site-packages/airflow/example_dags/example_datasets.py
[2023-09-15T13:35:38.605+0000] {logging_mixin.py:151} INFO - [2023-09-15T13:35:38.605+0000] {dag.py:2907} INFO - Sync 6 DAGs
[2023-09-15T13:35:38.618+0000] {logging_mixin.py:151} INFO - [2023-09-15T13:35:38.618+0000] {dag.py:3677} INFO - Setting next_dagrun for dataset_consumes_1 to None, run_after=None
[2023-09-15T13:35:38.620+0000] {logging_mixin.py:151} INFO - [2023-09-15T13:35:38.620+0000] {dag.py:3677} INFO - Setting next_dagrun for dataset_consumes_1_and_2 to None, run_after=None
[2023-09-15T13:35:38.621+0000] {logging_mixin.py:151} INFO - [2023-09-15T13:35:38.621+0000] {dag.py:3677} INFO - Setting next_dagrun for dataset_consumes_1_never_scheduled to None, run_after=None
[2023-09-15T13:35:38.622+0000] {logging_mixin.py:151} INFO - [2023-09-15T13:35:38.622+0000] {dag.py:3677} INFO - Setting next_dagrun for dataset_consumes_unknown_never_scheduled to None, run_after=None
[2023-09-15T13:35:38.624+0000] {logging_mixin.py:151} INFO - [2023-09-15T13:35:38.624+0000] {dag.py:3677} INFO - Setting next_dagrun for dataset_produces_1 to 2023-09-14T00:00:00+00:00, run_after=2023-09-15T00:00:00+00:00
[2023-09-15T13:35:38.625+0000] {logging_mixin.py:151} INFO - [2023-09-15T13:35:38.624+0000] {dag.py:3677} INFO - Setting next_dagrun for dataset_produces_2 to None, run_after=None
[2023-09-15T13:35:38.647+0000] {processor.py:179} INFO - Processing /home/airflow/.local/lib/python3.8/site-packages/airflow/example_dags/example_datasets.py took 0.073 seconds
[2023-09-15T13:36:08.896+0000] {processor.py:157} INFO - Started process (PID=275) to work on /home/airflow/.local/lib/python3.8/site-packages/airflow/example_dags/example_datasets.py
[2023-09-15T13:36:08.896+0000] {processor.py:829} INFO - Processing file /home/airflow/.local/lib/python3.8/site-packages/airflow/example_dags/example_datasets.py for tasks to queue
[2023-09-15T13:36:08.898+0000] {logging_mixin.py:151} INFO - [2023-09-15T13:36:08.898+0000] {dagbag.py:539} INFO - Filling up the DagBag from /home/airflow/.local/lib/python3.8/site-packages/airflow/example_dags/example_datasets.py
[2023-09-15T13:36:08.903+0000] {processor.py:839} INFO - DAG(s) dict_keys(['dataset_produces_2', 'dataset_consumes_1_and_2', 'dataset_produces_1', 'dataset_consumes_1_never_scheduled', 'dataset_consumes_unknown_never_scheduled', 'dataset_consumes_1']) retrieved from /home/airflow/.local/lib/python3.8/site-packages/airflow/example_dags/example_datasets.py
[2023-09-15T13:36:08.925+0000] {logging_mixin.py:151} INFO - [2023-09-15T13:36:08.925+0000] {dag.py:2907} INFO - Sync 6 DAGs
[2023-09-15T13:36:08.939+0000] {logging_mixin.py:151} INFO - [2023-09-15T13:36:08.939+0000] {dag.py:3677} INFO - Setting next_dagrun for dataset_consumes_1 to None, run_after=None
[2023-09-15T13:36:08.941+0000] {logging_mixin.py:151} INFO - [2023-09-15T13:36:08.941+0000] {dag.py:3677} INFO - Setting next_dagrun for dataset_consumes_1_and_2 to None, run_after=None
[2023-09-15T13:36:08.942+0000] {logging_mixin.py:151} INFO - [2023-09-15T13:36:08.942+0000] {dag.py:3677} INFO - Setting next_dagrun for dataset_consumes_1_never_scheduled to None, run_after=None
[2023-09-15T13:36:08.943+0000] {logging_mixin.py:151} INFO - [2023-09-15T13:36:08.942+0000] {dag.py:3677} INFO - Setting next_dagrun for dataset_consumes_unknown_never_scheduled to None, run_after=None
[2023-09-15T13:36:08.945+0000] {logging_mixin.py:151} INFO - [2023-09-15T13:36:08.944+0000] {dag.py:3677} INFO - Setting next_dagrun for dataset_produces_1 to 2023-09-14T00:00:00+00:00, run_after=2023-09-15T00:00:00+00:00
[2023-09-15T13:36:08.945+0000] {logging_mixin.py:151} INFO - [2023-09-15T13:36:08.945+0000] {dag.py:3677} INFO - Setting next_dagrun for dataset_produces_2 to None, run_after=None
[2023-09-15T13:36:08.965+0000] {processor.py:179} INFO - Processing /home/airflow/.local/lib/python3.8/site-packages/airflow/example_dags/example_datasets.py took 0.072 seconds
[2023-09-15T13:36:39.255+0000] {processor.py:157} INFO - Started process (PID=333) to work on /home/airflow/.local/lib/python3.8/site-packages/airflow/example_dags/example_datasets.py
[2023-09-15T13:36:39.256+0000] {processor.py:829} INFO - Processing file /home/airflow/.local/lib/python3.8/site-packages/airflow/example_dags/example_datasets.py for tasks to queue
[2023-09-15T13:36:39.257+0000] {logging_mixin.py:151} INFO - [2023-09-15T13:36:39.257+0000] {dagbag.py:539} INFO - Filling up the DagBag from /home/airflow/.local/lib/python3.8/site-packages/airflow/example_dags/example_datasets.py
[2023-09-15T13:36:39.263+0000] {processor.py:839} INFO - DAG(s) dict_keys(['dataset_consumes_1', 'dataset_consumes_1_never_scheduled', 'dataset_consumes_unknown_never_scheduled', 'dataset_produces_2', 'dataset_produces_1', 'dataset_consumes_1_and_2']) retrieved from /home/airflow/.local/lib/python3.8/site-packages/airflow/example_dags/example_datasets.py
[2023-09-15T13:36:39.284+0000] {logging_mixin.py:151} INFO - [2023-09-15T13:36:39.284+0000] {dag.py:2907} INFO - Sync 6 DAGs
[2023-09-15T13:36:39.299+0000] {logging_mixin.py:151} INFO - [2023-09-15T13:36:39.299+0000] {dag.py:3677} INFO - Setting next_dagrun for dataset_consumes_1 to None, run_after=None
[2023-09-15T13:36:39.304+0000] {logging_mixin.py:151} INFO - [2023-09-15T13:36:39.303+0000] {dag.py:3677} INFO - Setting next_dagrun for dataset_consumes_1_and_2 to None, run_after=None
[2023-09-15T13:36:39.305+0000] {logging_mixin.py:151} INFO - [2023-09-15T13:36:39.305+0000] {dag.py:3677} INFO - Setting next_dagrun for dataset_consumes_1_never_scheduled to None, run_after=None
[2023-09-15T13:36:39.306+0000] {logging_mixin.py:151} INFO - [2023-09-15T13:36:39.306+0000] {dag.py:3677} INFO - Setting next_dagrun for dataset_consumes_unknown_never_scheduled to None, run_after=None
[2023-09-15T13:36:39.308+0000] {logging_mixin.py:151} INFO - [2023-09-15T13:36:39.308+0000] {dag.py:3677} INFO - Setting next_dagrun for dataset_produces_1 to 2023-09-14T00:00:00+00:00, run_after=2023-09-15T00:00:00+00:00
[2023-09-15T13:36:39.309+0000] {logging_mixin.py:151} INFO - [2023-09-15T13:36:39.309+0000] {dag.py:3677} INFO - Setting next_dagrun for dataset_produces_2 to None, run_after=None
[2023-09-15T13:36:39.333+0000] {processor.py:179} INFO - Processing /home/airflow/.local/lib/python3.8/site-packages/airflow/example_dags/example_datasets.py took 0.080 seconds
[2023-09-15T13:37:09.553+0000] {processor.py:157} INFO - Started process (PID=391) to work on /home/airflow/.local/lib/python3.8/site-packages/airflow/example_dags/example_datasets.py
[2023-09-15T13:37:09.554+0000] {processor.py:829} INFO - Processing file /home/airflow/.local/lib/python3.8/site-packages/airflow/example_dags/example_datasets.py for tasks to queue
[2023-09-15T13:37:09.555+0000] {logging_mixin.py:151} INFO - [2023-09-15T13:37:09.555+0000] {dagbag.py:539} INFO - Filling up the DagBag from /home/airflow/.local/lib/python3.8/site-packages/airflow/example_dags/example_datasets.py
[2023-09-15T13:37:09.561+0000] {processor.py:839} INFO - DAG(s) dict_keys(['dataset_produces_2', 'dataset_consumes_1_never_scheduled', 'dataset_consumes_1_and_2', 'dataset_consumes_unknown_never_scheduled', 'dataset_consumes_1', 'dataset_produces_1']) retrieved from /home/airflow/.local/lib/python3.8/site-packages/airflow/example_dags/example_datasets.py
[2023-09-15T13:37:09.581+0000] {logging_mixin.py:151} INFO - [2023-09-15T13:37:09.581+0000] {dag.py:2907} INFO - Sync 6 DAGs
[2023-09-15T13:37:09.595+0000] {logging_mixin.py:151} INFO - [2023-09-15T13:37:09.595+0000] {dag.py:3677} INFO - Setting next_dagrun for dataset_consumes_1 to None, run_after=None
[2023-09-15T13:37:09.597+0000] {logging_mixin.py:151} INFO - [2023-09-15T13:37:09.597+0000] {dag.py:3677} INFO - Setting next_dagrun for dataset_consumes_1_and_2 to None, run_after=None
[2023-09-15T13:37:09.598+0000] {logging_mixin.py:151} INFO - [2023-09-15T13:37:09.598+0000] {dag.py:3677} INFO - Setting next_dagrun for dataset_consumes_1_never_scheduled to None, run_after=None
[2023-09-15T13:37:09.599+0000] {logging_mixin.py:151} INFO - [2023-09-15T13:37:09.599+0000] {dag.py:3677} INFO - Setting next_dagrun for dataset_consumes_unknown_never_scheduled to None, run_after=None
[2023-09-15T13:37:09.601+0000] {logging_mixin.py:151} INFO - [2023-09-15T13:37:09.601+0000] {dag.py:3677} INFO - Setting next_dagrun for dataset_produces_1 to 2023-09-14T00:00:00+00:00, run_after=2023-09-15T00:00:00+00:00
[2023-09-15T13:37:09.602+0000] {logging_mixin.py:151} INFO - [2023-09-15T13:37:09.602+0000] {dag.py:3677} INFO - Setting next_dagrun for dataset_produces_2 to None, run_after=None
[2023-09-15T13:37:09.622+0000] {processor.py:179} INFO - Processing /home/airflow/.local/lib/python3.8/site-packages/airflow/example_dags/example_datasets.py took 0.071 seconds
[2023-09-15T13:37:39.784+0000] {processor.py:157} INFO - Started process (PID=449) to work on /home/airflow/.local/lib/python3.8/site-packages/airflow/example_dags/example_datasets.py
[2023-09-15T13:37:39.784+0000] {processor.py:829} INFO - Processing file /home/airflow/.local/lib/python3.8/site-packages/airflow/example_dags/example_datasets.py for tasks to queue
[2023-09-15T13:37:39.786+0000] {logging_mixin.py:151} INFO - [2023-09-15T13:37:39.786+0000] {dagbag.py:539} INFO - Filling up the DagBag from /home/airflow/.local/lib/python3.8/site-packages/airflow/example_dags/example_datasets.py
[2023-09-15T13:37:39.792+0000] {processor.py:839} INFO - DAG(s) dict_keys(['dataset_produces_2', 'dataset_produces_1', 'dataset_consumes_unknown_never_scheduled', 'dataset_consumes_1_never_scheduled', 'dataset_consumes_1', 'dataset_consumes_1_and_2']) retrieved from /home/airflow/.local/lib/python3.8/site-packages/airflow/example_dags/example_datasets.py
[2023-09-15T13:37:39.812+0000] {logging_mixin.py:151} INFO - [2023-09-15T13:37:39.812+0000] {dag.py:2907} INFO - Sync 6 DAGs
[2023-09-15T13:37:39.825+0000] {logging_mixin.py:151} INFO - [2023-09-15T13:37:39.825+0000] {dag.py:3677} INFO - Setting next_dagrun for dataset_consumes_1 to None, run_after=None
[2023-09-15T13:37:39.828+0000] {logging_mixin.py:151} INFO - [2023-09-15T13:37:39.827+0000] {dag.py:3677} INFO - Setting next_dagrun for dataset_consumes_1_and_2 to None, run_after=None
[2023-09-15T13:37:39.828+0000] {logging_mixin.py:151} INFO - [2023-09-15T13:37:39.828+0000] {dag.py:3677} INFO - Setting next_dagrun for dataset_consumes_1_never_scheduled to None, run_after=None
[2023-09-15T13:37:39.829+0000] {logging_mixin.py:151} INFO - [2023-09-15T13:37:39.829+0000] {dag.py:3677} INFO - Setting next_dagrun for dataset_consumes_unknown_never_scheduled to None, run_after=None
[2023-09-15T13:37:39.831+0000] {logging_mixin.py:151} INFO - [2023-09-15T13:37:39.831+0000] {dag.py:3677} INFO - Setting next_dagrun for dataset_produces_1 to 2023-09-14T00:00:00+00:00, run_after=2023-09-15T00:00:00+00:00
[2023-09-15T13:37:39.832+0000] {logging_mixin.py:151} INFO - [2023-09-15T13:37:39.832+0000] {dag.py:3677} INFO - Setting next_dagrun for dataset_produces_2 to None, run_after=None
[2023-09-15T13:37:39.852+0000] {processor.py:179} INFO - Processing /home/airflow/.local/lib/python3.8/site-packages/airflow/example_dags/example_datasets.py took 0.071 seconds
[2023-09-15T13:38:10.252+0000] {processor.py:157} INFO - Started process (PID=507) to work on /home/airflow/.local/lib/python3.8/site-packages/airflow/example_dags/example_datasets.py
[2023-09-15T13:38:10.253+0000] {processor.py:829} INFO - Processing file /home/airflow/.local/lib/python3.8/site-packages/airflow/example_dags/example_datasets.py for tasks to queue
[2023-09-15T13:38:10.254+0000] {logging_mixin.py:151} INFO - [2023-09-15T13:38:10.254+0000] {dagbag.py:539} INFO - Filling up the DagBag from /home/airflow/.local/lib/python3.8/site-packages/airflow/example_dags/example_datasets.py
[2023-09-15T13:38:10.260+0000] {processor.py:839} INFO - DAG(s) dict_keys(['dataset_consumes_unknown_never_scheduled', 'dataset_produces_1', 'dataset_consumes_1_and_2', 'dataset_consumes_1', 'dataset_consumes_1_never_scheduled', 'dataset_produces_2']) retrieved from /home/airflow/.local/lib/python3.8/site-packages/airflow/example_dags/example_datasets.py
[2023-09-15T13:38:10.282+0000] {logging_mixin.py:151} INFO - [2023-09-15T13:38:10.282+0000] {dag.py:2907} INFO - Sync 6 DAGs
[2023-09-15T13:38:10.296+0000] {logging_mixin.py:151} INFO - [2023-09-15T13:38:10.295+0000] {dag.py:3677} INFO - Setting next_dagrun for dataset_consumes_1 to None, run_after=None
[2023-09-15T13:38:10.298+0000] {logging_mixin.py:151} INFO - [2023-09-15T13:38:10.298+0000] {dag.py:3677} INFO - Setting next_dagrun for dataset_consumes_1_and_2 to None, run_after=None
[2023-09-15T13:38:10.299+0000] {logging_mixin.py:151} INFO - [2023-09-15T13:38:10.299+0000] {dag.py:3677} INFO - Setting next_dagrun for dataset_consumes_1_never_scheduled to None, run_after=None
[2023-09-15T13:38:10.300+0000] {logging_mixin.py:151} INFO - [2023-09-15T13:38:10.300+0000] {dag.py:3677} INFO - Setting next_dagrun for dataset_consumes_unknown_never_scheduled to None, run_after=None
[2023-09-15T13:38:10.302+0000] {logging_mixin.py:151} INFO - [2023-09-15T13:38:10.301+0000] {dag.py:3677} INFO - Setting next_dagrun for dataset_produces_1 to 2023-09-14T00:00:00+00:00, run_after=2023-09-15T00:00:00+00:00
[2023-09-15T13:38:10.302+0000] {logging_mixin.py:151} INFO - [2023-09-15T13:38:10.302+0000] {dag.py:3677} INFO - Setting next_dagrun for dataset_produces_2 to None, run_after=None
[2023-09-15T13:38:10.322+0000] {processor.py:179} INFO - Processing /home/airflow/.local/lib/python3.8/site-packages/airflow/example_dags/example_datasets.py took 0.072 seconds
[2023-09-15T13:38:40.761+0000] {processor.py:157} INFO - Started process (PID=565) to work on /home/airflow/.local/lib/python3.8/site-packages/airflow/example_dags/example_datasets.py
[2023-09-15T13:38:40.762+0000] {processor.py:829} INFO - Processing file /home/airflow/.local/lib/python3.8/site-packages/airflow/example_dags/example_datasets.py for tasks to queue
[2023-09-15T13:38:40.763+0000] {logging_mixin.py:151} INFO - [2023-09-15T13:38:40.763+0000] {dagbag.py:539} INFO - Filling up the DagBag from /home/airflow/.local/lib/python3.8/site-packages/airflow/example_dags/example_datasets.py
[2023-09-15T13:38:40.769+0000] {processor.py:839} INFO - DAG(s) dict_keys(['dataset_consumes_1_never_scheduled', 'dataset_consumes_1_and_2', 'dataset_produces_1', 'dataset_consumes_unknown_never_scheduled', 'dataset_consumes_1', 'dataset_produces_2']) retrieved from /home/airflow/.local/lib/python3.8/site-packages/airflow/example_dags/example_datasets.py
[2023-09-15T13:38:40.792+0000] {logging_mixin.py:151} INFO - [2023-09-15T13:38:40.792+0000] {dag.py:2907} INFO - Sync 6 DAGs
[2023-09-15T13:38:40.818+0000] {logging_mixin.py:151} INFO - [2023-09-15T13:38:40.818+0000] {dag.py:3677} INFO - Setting next_dagrun for dataset_consumes_1 to None, run_after=None
[2023-09-15T13:38:40.821+0000] {logging_mixin.py:151} INFO - [2023-09-15T13:38:40.821+0000] {dag.py:3677} INFO - Setting next_dagrun for dataset_consumes_1_and_2 to None, run_after=None
[2023-09-15T13:38:40.822+0000] {logging_mixin.py:151} INFO - [2023-09-15T13:38:40.822+0000] {dag.py:3677} INFO - Setting next_dagrun for dataset_consumes_1_never_scheduled to None, run_after=None
[2023-09-15T13:38:40.823+0000] {logging_mixin.py:151} INFO - [2023-09-15T13:38:40.823+0000] {dag.py:3677} INFO - Setting next_dagrun for dataset_consumes_unknown_never_scheduled to None, run_after=None
[2023-09-15T13:38:40.826+0000] {logging_mixin.py:151} INFO - [2023-09-15T13:38:40.826+0000] {dag.py:3677} INFO - Setting next_dagrun for dataset_produces_1 to 2023-09-14T00:00:00+00:00, run_after=2023-09-15T00:00:00+00:00
[2023-09-15T13:38:40.827+0000] {logging_mixin.py:151} INFO - [2023-09-15T13:38:40.827+0000] {dag.py:3677} INFO - Setting next_dagrun for dataset_produces_2 to None, run_after=None
[2023-09-15T13:38:40.852+0000] {processor.py:179} INFO - Processing /home/airflow/.local/lib/python3.8/site-packages/airflow/example_dags/example_datasets.py took 0.093 seconds
[2023-09-15T13:39:11.247+0000] {processor.py:157} INFO - Started process (PID=623) to work on /home/airflow/.local/lib/python3.8/site-packages/airflow/example_dags/example_datasets.py
[2023-09-15T13:39:11.248+0000] {processor.py:829} INFO - Processing file /home/airflow/.local/lib/python3.8/site-packages/airflow/example_dags/example_datasets.py for tasks to queue
[2023-09-15T13:39:11.249+0000] {logging_mixin.py:151} INFO - [2023-09-15T13:39:11.249+0000] {dagbag.py:539} INFO - Filling up the DagBag from /home/airflow/.local/lib/python3.8/site-packages/airflow/example_dags/example_datasets.py
[2023-09-15T13:39:11.255+0000] {processor.py:839} INFO - DAG(s) dict_keys(['dataset_consumes_1_and_2', 'dataset_consumes_1_never_scheduled', 'dataset_consumes_1', 'dataset_produces_1', 'dataset_consumes_unknown_never_scheduled', 'dataset_produces_2']) retrieved from /home/airflow/.local/lib/python3.8/site-packages/airflow/example_dags/example_datasets.py
[2023-09-15T13:39:11.276+0000] {logging_mixin.py:151} INFO - [2023-09-15T13:39:11.275+0000] {dag.py:2907} INFO - Sync 6 DAGs
[2023-09-15T13:39:11.289+0000] {logging_mixin.py:151} INFO - [2023-09-15T13:39:11.289+0000] {dag.py:3677} INFO - Setting next_dagrun for dataset_consumes_1 to None, run_after=None
[2023-09-15T13:39:11.291+0000] {logging_mixin.py:151} INFO - [2023-09-15T13:39:11.291+0000] {dag.py:3677} INFO - Setting next_dagrun for dataset_consumes_1_and_2 to None, run_after=None
[2023-09-15T13:39:11.292+0000] {logging_mixin.py:151} INFO - [2023-09-15T13:39:11.291+0000] {dag.py:3677} INFO - Setting next_dagrun for dataset_consumes_1_never_scheduled to None, run_after=None
[2023-09-15T13:39:11.292+0000] {logging_mixin.py:151} INFO - [2023-09-15T13:39:11.292+0000] {dag.py:3677} INFO - Setting next_dagrun for dataset_consumes_unknown_never_scheduled to None, run_after=None
[2023-09-15T13:39:11.294+0000] {logging_mixin.py:151} INFO - [2023-09-15T13:39:11.294+0000] {dag.py:3677} INFO - Setting next_dagrun for dataset_produces_1 to 2023-09-14T00:00:00+00:00, run_after=2023-09-15T00:00:00+00:00
[2023-09-15T13:39:11.295+0000] {logging_mixin.py:151} INFO - [2023-09-15T13:39:11.295+0000] {dag.py:3677} INFO - Setting next_dagrun for dataset_produces_2 to None, run_after=None
[2023-09-15T13:39:11.314+0000] {processor.py:179} INFO - Processing /home/airflow/.local/lib/python3.8/site-packages/airflow/example_dags/example_datasets.py took 0.069 seconds
[2023-09-15T13:39:41.743+0000] {processor.py:157} INFO - Started process (PID=681) to work on /home/airflow/.local/lib/python3.8/site-packages/airflow/example_dags/example_datasets.py
[2023-09-15T13:39:41.743+0000] {processor.py:829} INFO - Processing file /home/airflow/.local/lib/python3.8/site-packages/airflow/example_dags/example_datasets.py for tasks to queue
[2023-09-15T13:39:41.745+0000] {logging_mixin.py:151} INFO - [2023-09-15T13:39:41.745+0000] {dagbag.py:539} INFO - Filling up the DagBag from /home/airflow/.local/lib/python3.8/site-packages/airflow/example_dags/example_datasets.py
[2023-09-15T13:39:41.751+0000] {processor.py:839} INFO - DAG(s) dict_keys(['dataset_produces_1', 'dataset_consumes_1', 'dataset_consumes_1_never_scheduled', 'dataset_consumes_1_and_2', 'dataset_produces_2', 'dataset_consumes_unknown_never_scheduled']) retrieved from /home/airflow/.local/lib/python3.8/site-packages/airflow/example_dags/example_datasets.py
[2023-09-15T13:39:41.773+0000] {logging_mixin.py:151} INFO - [2023-09-15T13:39:41.773+0000] {dag.py:2907} INFO - Sync 6 DAGs
[2023-09-15T13:39:41.788+0000] {logging_mixin.py:151} INFO - [2023-09-15T13:39:41.788+0000] {dag.py:3677} INFO - Setting next_dagrun for dataset_consumes_1 to None, run_after=None
[2023-09-15T13:39:41.790+0000] {logging_mixin.py:151} INFO - [2023-09-15T13:39:41.790+0000] {dag.py:3677} INFO - Setting next_dagrun for dataset_consumes_1_and_2 to None, run_after=None
[2023-09-15T13:39:41.791+0000] {logging_mixin.py:151} INFO - [2023-09-15T13:39:41.791+0000] {dag.py:3677} INFO - Setting next_dagrun for dataset_consumes_1_never_scheduled to None, run_after=None
[2023-09-15T13:39:41.792+0000] {logging_mixin.py:151} INFO - [2023-09-15T13:39:41.792+0000] {dag.py:3677} INFO - Setting next_dagrun for dataset_consumes_unknown_never_scheduled to None, run_after=None
[2023-09-15T13:39:41.794+0000] {logging_mixin.py:151} INFO - [2023-09-15T13:39:41.794+0000] {dag.py:3677} INFO - Setting next_dagrun for dataset_produces_1 to 2023-09-14T00:00:00+00:00, run_after=2023-09-15T00:00:00+00:00
[2023-09-15T13:39:41.795+0000] {logging_mixin.py:151} INFO - [2023-09-15T13:39:41.795+0000] {dag.py:3677} INFO - Setting next_dagrun for dataset_produces_2 to None, run_after=None
[2023-09-15T13:39:41.816+0000] {processor.py:179} INFO - Processing /home/airflow/.local/lib/python3.8/site-packages/airflow/example_dags/example_datasets.py took 0.075 seconds
[2023-09-15T13:40:12.220+0000] {processor.py:157} INFO - Started process (PID=739) to work on /home/airflow/.local/lib/python3.8/site-packages/airflow/example_dags/example_datasets.py
[2023-09-15T13:40:12.221+0000] {processor.py:829} INFO - Processing file /home/airflow/.local/lib/python3.8/site-packages/airflow/example_dags/example_datasets.py for tasks to queue
[2023-09-15T13:40:12.223+0000] {logging_mixin.py:151} INFO - [2023-09-15T13:40:12.223+0000] {dagbag.py:539} INFO - Filling up the DagBag from /home/airflow/.local/lib/python3.8/site-packages/airflow/example_dags/example_datasets.py
[2023-09-15T13:40:12.229+0000] {processor.py:839} INFO - DAG(s) dict_keys(['dataset_consumes_unknown_never_scheduled', 'dataset_consumes_1_and_2', 'dataset_consumes_1', 'dataset_consumes_1_never_scheduled', 'dataset_produces_1', 'dataset_produces_2']) retrieved from /home/airflow/.local/lib/python3.8/site-packages/airflow/example_dags/example_datasets.py
[2023-09-15T13:40:12.253+0000] {logging_mixin.py:151} INFO - [2023-09-15T13:40:12.253+0000] {dag.py:2907} INFO - Sync 6 DAGs
[2023-09-15T13:40:12.267+0000] {logging_mixin.py:151} INFO - [2023-09-15T13:40:12.267+0000] {dag.py:3677} INFO - Setting next_dagrun for dataset_consumes_1 to None, run_after=None
[2023-09-15T13:40:12.269+0000] {logging_mixin.py:151} INFO - [2023-09-15T13:40:12.269+0000] {dag.py:3677} INFO - Setting next_dagrun for dataset_consumes_1_and_2 to None, run_after=None
[2023-09-15T13:40:12.270+0000] {logging_mixin.py:151} INFO - [2023-09-15T13:40:12.270+0000] {dag.py:3677} INFO - Setting next_dagrun for dataset_consumes_1_never_scheduled to None, run_after=None
[2023-09-15T13:40:12.271+0000] {logging_mixin.py:151} INFO - [2023-09-15T13:40:12.271+0000] {dag.py:3677} INFO - Setting next_dagrun for dataset_consumes_unknown_never_scheduled to None, run_after=None
[2023-09-15T13:40:12.273+0000] {logging_mixin.py:151} INFO - [2023-09-15T13:40:12.273+0000] {dag.py:3677} INFO - Setting next_dagrun for dataset_produces_1 to 2023-09-14T00:00:00+00:00, run_after=2023-09-15T00:00:00+00:00
[2023-09-15T13:40:12.274+0000] {logging_mixin.py:151} INFO - [2023-09-15T13:40:12.274+0000] {dag.py:3677} INFO - Setting next_dagrun for dataset_produces_2 to None, run_after=None
[2023-09-15T13:40:12.299+0000] {processor.py:179} INFO - Processing /home/airflow/.local/lib/python3.8/site-packages/airflow/example_dags/example_datasets.py took 0.081 seconds
[2023-09-15T13:40:42.621+0000] {processor.py:157} INFO - Started process (PID=797) to work on /home/airflow/.local/lib/python3.8/site-packages/airflow/example_dags/example_datasets.py
[2023-09-15T13:40:42.622+0000] {processor.py:829} INFO - Processing file /home/airflow/.local/lib/python3.8/site-packages/airflow/example_dags/example_datasets.py for tasks to queue
[2023-09-15T13:40:42.623+0000] {logging_mixin.py:151} INFO - [2023-09-15T13:40:42.623+0000] {dagbag.py:539} INFO - Filling up the DagBag from /home/airflow/.local/lib/python3.8/site-packages/airflow/example_dags/example_datasets.py
[2023-09-15T13:40:42.630+0000] {processor.py:839} INFO - DAG(s) dict_keys(['dataset_consumes_unknown_never_scheduled', 'dataset_consumes_1', 'dataset_consumes_1_and_2', 'dataset_consumes_1_never_scheduled', 'dataset_produces_2', 'dataset_produces_1']) retrieved from /home/airflow/.local/lib/python3.8/site-packages/airflow/example_dags/example_datasets.py
[2023-09-15T13:40:42.653+0000] {logging_mixin.py:151} INFO - [2023-09-15T13:40:42.653+0000] {dag.py:2907} INFO - Sync 6 DAGs
[2023-09-15T13:40:42.668+0000] {logging_mixin.py:151} INFO - [2023-09-15T13:40:42.668+0000] {dag.py:3677} INFO - Setting next_dagrun for dataset_consumes_1 to None, run_after=None
[2023-09-15T13:40:42.670+0000] {logging_mixin.py:151} INFO - [2023-09-15T13:40:42.670+0000] {dag.py:3677} INFO - Setting next_dagrun for dataset_consumes_1_and_2 to None, run_after=None
[2023-09-15T13:40:42.671+0000] {logging_mixin.py:151} INFO - [2023-09-15T13:40:42.671+0000] {dag.py:3677} INFO - Setting next_dagrun for dataset_consumes_1_never_scheduled to None, run_after=None
[2023-09-15T13:40:42.672+0000] {logging_mixin.py:151} INFO - [2023-09-15T13:40:42.672+0000] {dag.py:3677} INFO - Setting next_dagrun for dataset_consumes_unknown_never_scheduled to None, run_after=None
[2023-09-15T13:40:42.674+0000] {logging_mixin.py:151} INFO - [2023-09-15T13:40:42.674+0000] {dag.py:3677} INFO - Setting next_dagrun for dataset_produces_1 to 2023-09-14T00:00:00+00:00, run_after=2023-09-15T00:00:00+00:00
[2023-09-15T13:40:42.675+0000] {logging_mixin.py:151} INFO - [2023-09-15T13:40:42.675+0000] {dag.py:3677} INFO - Setting next_dagrun for dataset_produces_2 to None, run_after=None
[2023-09-15T13:40:42.696+0000] {processor.py:179} INFO - Processing /home/airflow/.local/lib/python3.8/site-packages/airflow/example_dags/example_datasets.py took 0.077 seconds
[2023-09-15T13:41:12.861+0000] {processor.py:157} INFO - Started process (PID=855) to work on /home/airflow/.local/lib/python3.8/site-packages/airflow/example_dags/example_datasets.py
[2023-09-15T13:41:12.862+0000] {processor.py:829} INFO - Processing file /home/airflow/.local/lib/python3.8/site-packages/airflow/example_dags/example_datasets.py for tasks to queue
[2023-09-15T13:41:12.863+0000] {logging_mixin.py:151} INFO - [2023-09-15T13:41:12.863+0000] {dagbag.py:539} INFO - Filling up the DagBag from /home/airflow/.local/lib/python3.8/site-packages/airflow/example_dags/example_datasets.py
[2023-09-15T13:41:12.869+0000] {processor.py:839} INFO - DAG(s) dict_keys(['dataset_consumes_1_never_scheduled', 'dataset_produces_1', 'dataset_produces_2', 'dataset_consumes_1_and_2', 'dataset_consumes_unknown_never_scheduled', 'dataset_consumes_1']) retrieved from /home/airflow/.local/lib/python3.8/site-packages/airflow/example_dags/example_datasets.py
[2023-09-15T13:41:12.891+0000] {logging_mixin.py:151} INFO - [2023-09-15T13:41:12.891+0000] {dag.py:2907} INFO - Sync 6 DAGs
[2023-09-15T13:41:12.905+0000] {logging_mixin.py:151} INFO - [2023-09-15T13:41:12.905+0000] {dag.py:3677} INFO - Setting next_dagrun for dataset_consumes_1 to None, run_after=None
[2023-09-15T13:41:12.907+0000] {logging_mixin.py:151} INFO - [2023-09-15T13:41:12.907+0000] {dag.py:3677} INFO - Setting next_dagrun for dataset_consumes_1_and_2 to None, run_after=None
[2023-09-15T13:41:12.908+0000] {logging_mixin.py:151} INFO - [2023-09-15T13:41:12.908+0000] {dag.py:3677} INFO - Setting next_dagrun for dataset_consumes_1_never_scheduled to None, run_after=None
[2023-09-15T13:41:12.909+0000] {logging_mixin.py:151} INFO - [2023-09-15T13:41:12.909+0000] {dag.py:3677} INFO - Setting next_dagrun for dataset_consumes_unknown_never_scheduled to None, run_after=None
[2023-09-15T13:41:12.911+0000] {logging_mixin.py:151} INFO - [2023-09-15T13:41:12.911+0000] {dag.py:3677} INFO - Setting next_dagrun for dataset_produces_1 to 2023-09-14T00:00:00+00:00, run_after=2023-09-15T00:00:00+00:00
[2023-09-15T13:41:12.911+0000] {logging_mixin.py:151} INFO - [2023-09-15T13:41:12.911+0000] {dag.py:3677} INFO - Setting next_dagrun for dataset_produces_2 to None, run_after=None
[2023-09-15T13:41:12.932+0000] {processor.py:179} INFO - Processing /home/airflow/.local/lib/python3.8/site-packages/airflow/example_dags/example_datasets.py took 0.073 seconds
[2023-09-15T13:41:43.198+0000] {processor.py:157} INFO - Started process (PID=913) to work on /home/airflow/.local/lib/python3.8/site-packages/airflow/example_dags/example_datasets.py
[2023-09-15T13:41:43.199+0000] {processor.py:829} INFO - Processing file /home/airflow/.local/lib/python3.8/site-packages/airflow/example_dags/example_datasets.py for tasks to queue
[2023-09-15T13:41:43.200+0000] {logging_mixin.py:151} INFO - [2023-09-15T13:41:43.200+0000] {dagbag.py:539} INFO - Filling up the DagBag from /home/airflow/.local/lib/python3.8/site-packages/airflow/example_dags/example_datasets.py
[2023-09-15T13:41:43.206+0000] {processor.py:839} INFO - DAG(s) dict_keys(['dataset_produces_1', 'dataset_consumes_unknown_never_scheduled', 'dataset_consumes_1', 'dataset_produces_2', 'dataset_consumes_1_and_2', 'dataset_consumes_1_never_scheduled']) retrieved from /home/airflow/.local/lib/python3.8/site-packages/airflow/example_dags/example_datasets.py
[2023-09-15T13:41:43.227+0000] {logging_mixin.py:151} INFO - [2023-09-15T13:41:43.227+0000] {dag.py:2907} INFO - Sync 6 DAGs
[2023-09-15T13:41:43.241+0000] {logging_mixin.py:151} INFO - [2023-09-15T13:41:43.241+0000] {dag.py:3677} INFO - Setting next_dagrun for dataset_consumes_1 to None, run_after=None
[2023-09-15T13:41:43.243+0000] {logging_mixin.py:151} INFO - [2023-09-15T13:41:43.243+0000] {dag.py:3677} INFO - Setting next_dagrun for dataset_consumes_1_and_2 to None, run_after=None
[2023-09-15T13:41:43.244+0000] {logging_mixin.py:151} INFO - [2023-09-15T13:41:43.244+0000] {dag.py:3677} INFO - Setting next_dagrun for dataset_consumes_1_never_scheduled to None, run_after=None
[2023-09-15T13:41:43.245+0000] {logging_mixin.py:151} INFO - [2023-09-15T13:41:43.245+0000] {dag.py:3677} INFO - Setting next_dagrun for dataset_consumes_unknown_never_scheduled to None, run_after=None
[2023-09-15T13:41:43.247+0000] {logging_mixin.py:151} INFO - [2023-09-15T13:41:43.246+0000] {dag.py:3677} INFO - Setting next_dagrun for dataset_produces_1 to 2023-09-14T00:00:00+00:00, run_after=2023-09-15T00:00:00+00:00
[2023-09-15T13:41:43.247+0000] {logging_mixin.py:151} INFO - [2023-09-15T13:41:43.247+0000] {dag.py:3677} INFO - Setting next_dagrun for dataset_produces_2 to None, run_after=None
[2023-09-15T13:41:43.269+0000] {processor.py:179} INFO - Processing /home/airflow/.local/lib/python3.8/site-packages/airflow/example_dags/example_datasets.py took 0.073 seconds
[2023-09-15T13:42:13.497+0000] {processor.py:157} INFO - Started process (PID=971) to work on /home/airflow/.local/lib/python3.8/site-packages/airflow/example_dags/example_datasets.py
[2023-09-15T13:42:13.498+0000] {processor.py:829} INFO - Processing file /home/airflow/.local/lib/python3.8/site-packages/airflow/example_dags/example_datasets.py for tasks to queue
[2023-09-15T13:42:13.499+0000] {logging_mixin.py:151} INFO - [2023-09-15T13:42:13.499+0000] {dagbag.py:539} INFO - Filling up the DagBag from /home/airflow/.local/lib/python3.8/site-packages/airflow/example_dags/example_datasets.py
[2023-09-15T13:42:13.505+0000] {processor.py:839} INFO - DAG(s) dict_keys(['dataset_consumes_unknown_never_scheduled', 'dataset_consumes_1_and_2', 'dataset_consumes_1', 'dataset_produces_2', 'dataset_consumes_1_never_scheduled', 'dataset_produces_1']) retrieved from /home/airflow/.local/lib/python3.8/site-packages/airflow/example_dags/example_datasets.py
[2023-09-15T13:42:13.527+0000] {logging_mixin.py:151} INFO - [2023-09-15T13:42:13.526+0000] {dag.py:2907} INFO - Sync 6 DAGs
[2023-09-15T13:42:13.540+0000] {logging_mixin.py:151} INFO - [2023-09-15T13:42:13.540+0000] {dag.py:3677} INFO - Setting next_dagrun for dataset_consumes_1 to None, run_after=None
[2023-09-15T13:42:13.543+0000] {logging_mixin.py:151} INFO - [2023-09-15T13:42:13.543+0000] {dag.py:3677} INFO - Setting next_dagrun for dataset_consumes_1_and_2 to None, run_after=None
[2023-09-15T13:42:13.543+0000] {logging_mixin.py:151} INFO - [2023-09-15T13:42:13.543+0000] {dag.py:3677} INFO - Setting next_dagrun for dataset_consumes_1_never_scheduled to None, run_after=None
[2023-09-15T13:42:13.544+0000] {logging_mixin.py:151} INFO - [2023-09-15T13:42:13.544+0000] {dag.py:3677} INFO - Setting next_dagrun for dataset_consumes_unknown_never_scheduled to None, run_after=None
[2023-09-15T13:42:13.547+0000] {logging_mixin.py:151} INFO - [2023-09-15T13:42:13.546+0000] {dag.py:3677} INFO - Setting next_dagrun for dataset_produces_1 to 2023-09-14T00:00:00+00:00, run_after=2023-09-15T00:00:00+00:00
[2023-09-15T13:42:13.548+0000] {logging_mixin.py:151} INFO - [2023-09-15T13:42:13.547+0000] {dag.py:3677} INFO - Setting next_dagrun for dataset_produces_2 to None, run_after=None
[2023-09-15T13:42:13.567+0000] {processor.py:179} INFO - Processing /home/airflow/.local/lib/python3.8/site-packages/airflow/example_dags/example_datasets.py took 0.073 seconds
[2023-09-15T13:42:44.540+0000] {processor.py:157} INFO - Started process (PID=1029) to work on /home/airflow/.local/lib/python3.8/site-packages/airflow/example_dags/example_datasets.py
[2023-09-15T13:42:44.541+0000] {processor.py:829} INFO - Processing file /home/airflow/.local/lib/python3.8/site-packages/airflow/example_dags/example_datasets.py for tasks to queue
[2023-09-15T13:42:44.542+0000] {logging_mixin.py:151} INFO - [2023-09-15T13:42:44.542+0000] {dagbag.py:539} INFO - Filling up the DagBag from /home/airflow/.local/lib/python3.8/site-packages/airflow/example_dags/example_datasets.py
[2023-09-15T13:42:44.548+0000] {processor.py:839} INFO - DAG(s) dict_keys(['dataset_consumes_1_never_scheduled', 'dataset_consumes_1_and_2', 'dataset_produces_2', 'dataset_consumes_1', 'dataset_produces_1', 'dataset_consumes_unknown_never_scheduled']) retrieved from /home/airflow/.local/lib/python3.8/site-packages/airflow/example_dags/example_datasets.py
[2023-09-15T13:42:44.570+0000] {logging_mixin.py:151} INFO - [2023-09-15T13:42:44.570+0000] {dag.py:2907} INFO - Sync 6 DAGs
[2023-09-15T13:42:44.584+0000] {logging_mixin.py:151} INFO - [2023-09-15T13:42:44.584+0000] {dag.py:3677} INFO - Setting next_dagrun for dataset_consumes_1 to None, run_after=None
[2023-09-15T13:42:44.587+0000] {logging_mixin.py:151} INFO - [2023-09-15T13:42:44.586+0000] {dag.py:3677} INFO - Setting next_dagrun for dataset_consumes_1_and_2 to None, run_after=None
[2023-09-15T13:42:44.588+0000] {logging_mixin.py:151} INFO - [2023-09-15T13:42:44.588+0000] {dag.py:3677} INFO - Setting next_dagrun for dataset_consumes_1_never_scheduled to None, run_after=None
[2023-09-15T13:42:44.588+0000] {logging_mixin.py:151} INFO - [2023-09-15T13:42:44.588+0000] {dag.py:3677} INFO - Setting next_dagrun for dataset_consumes_unknown_never_scheduled to None, run_after=None
[2023-09-15T13:42:44.590+0000] {logging_mixin.py:151} INFO - [2023-09-15T13:42:44.590+0000] {dag.py:3677} INFO - Setting next_dagrun for dataset_produces_1 to 2023-09-14T00:00:00+00:00, run_after=2023-09-15T00:00:00+00:00
[2023-09-15T13:42:44.591+0000] {logging_mixin.py:151} INFO - [2023-09-15T13:42:44.591+0000] {dag.py:3677} INFO - Setting next_dagrun for dataset_produces_2 to None, run_after=None
[2023-09-15T13:42:44.613+0000] {processor.py:179} INFO - Processing /home/airflow/.local/lib/python3.8/site-packages/airflow/example_dags/example_datasets.py took 0.075 seconds
[2023-09-15T13:43:15.080+0000] {processor.py:157} INFO - Started process (PID=1087) to work on /home/airflow/.local/lib/python3.8/site-packages/airflow/example_dags/example_datasets.py
[2023-09-15T13:43:15.081+0000] {processor.py:829} INFO - Processing file /home/airflow/.local/lib/python3.8/site-packages/airflow/example_dags/example_datasets.py for tasks to queue
[2023-09-15T13:43:15.082+0000] {logging_mixin.py:151} INFO - [2023-09-15T13:43:15.082+0000] {dagbag.py:539} INFO - Filling up the DagBag from /home/airflow/.local/lib/python3.8/site-packages/airflow/example_dags/example_datasets.py
[2023-09-15T13:43:15.088+0000] {processor.py:839} INFO - DAG(s) dict_keys(['dataset_produces_1', 'dataset_consumes_1_and_2', 'dataset_consumes_1', 'dataset_consumes_1_never_scheduled', 'dataset_produces_2', 'dataset_consumes_unknown_never_scheduled']) retrieved from /home/airflow/.local/lib/python3.8/site-packages/airflow/example_dags/example_datasets.py
[2023-09-15T13:43:15.108+0000] {logging_mixin.py:151} INFO - [2023-09-15T13:43:15.108+0000] {dag.py:2907} INFO - Sync 6 DAGs
[2023-09-15T13:43:15.122+0000] {logging_mixin.py:151} INFO - [2023-09-15T13:43:15.122+0000] {dag.py:3677} INFO - Setting next_dagrun for dataset_consumes_1 to None, run_after=None
[2023-09-15T13:43:15.124+0000] {logging_mixin.py:151} INFO - [2023-09-15T13:43:15.124+0000] {dag.py:3677} INFO - Setting next_dagrun for dataset_consumes_1_and_2 to None, run_after=None
[2023-09-15T13:43:15.125+0000] {logging_mixin.py:151} INFO - [2023-09-15T13:43:15.125+0000] {dag.py:3677} INFO - Setting next_dagrun for dataset_consumes_1_never_scheduled to None, run_after=None
[2023-09-15T13:43:15.126+0000] {logging_mixin.py:151} INFO - [2023-09-15T13:43:15.126+0000] {dag.py:3677} INFO - Setting next_dagrun for dataset_consumes_unknown_never_scheduled to None, run_after=None
[2023-09-15T13:43:15.127+0000] {logging_mixin.py:151} INFO - [2023-09-15T13:43:15.127+0000] {dag.py:3677} INFO - Setting next_dagrun for dataset_produces_1 to 2023-09-14T00:00:00+00:00, run_after=2023-09-15T00:00:00+00:00
[2023-09-15T13:43:15.128+0000] {logging_mixin.py:151} INFO - [2023-09-15T13:43:15.128+0000] {dag.py:3677} INFO - Setting next_dagrun for dataset_produces_2 to None, run_after=None
[2023-09-15T13:43:15.149+0000] {processor.py:179} INFO - Processing /home/airflow/.local/lib/python3.8/site-packages/airflow/example_dags/example_datasets.py took 0.071 seconds
[2023-09-15T13:43:45.562+0000] {processor.py:157} INFO - Started process (PID=1145) to work on /home/airflow/.local/lib/python3.8/site-packages/airflow/example_dags/example_datasets.py
[2023-09-15T13:43:45.563+0000] {processor.py:829} INFO - Processing file /home/airflow/.local/lib/python3.8/site-packages/airflow/example_dags/example_datasets.py for tasks to queue
[2023-09-15T13:43:45.564+0000] {logging_mixin.py:151} INFO - [2023-09-15T13:43:45.564+0000] {dagbag.py:539} INFO - Filling up the DagBag from /home/airflow/.local/lib/python3.8/site-packages/airflow/example_dags/example_datasets.py
[2023-09-15T13:43:45.570+0000] {processor.py:839} INFO - DAG(s) dict_keys(['dataset_consumes_1_and_2', 'dataset_produces_1', 'dataset_produces_2', 'dataset_consumes_1', 'dataset_consumes_unknown_never_scheduled', 'dataset_consumes_1_never_scheduled']) retrieved from /home/airflow/.local/lib/python3.8/site-packages/airflow/example_dags/example_datasets.py
[2023-09-15T13:43:45.592+0000] {logging_mixin.py:151} INFO - [2023-09-15T13:43:45.592+0000] {dag.py:2907} INFO - Sync 6 DAGs
[2023-09-15T13:43:45.606+0000] {logging_mixin.py:151} INFO - [2023-09-15T13:43:45.605+0000] {dag.py:3677} INFO - Setting next_dagrun for dataset_consumes_1 to None, run_after=None
[2023-09-15T13:43:45.608+0000] {logging_mixin.py:151} INFO - [2023-09-15T13:43:45.608+0000] {dag.py:3677} INFO - Setting next_dagrun for dataset_consumes_1_and_2 to None, run_after=None
[2023-09-15T13:43:45.609+0000] {logging_mixin.py:151} INFO - [2023-09-15T13:43:45.609+0000] {dag.py:3677} INFO - Setting next_dagrun for dataset_consumes_1_never_scheduled to None, run_after=None
[2023-09-15T13:43:45.609+0000] {logging_mixin.py:151} INFO - [2023-09-15T13:43:45.609+0000] {dag.py:3677} INFO - Setting next_dagrun for dataset_consumes_unknown_never_scheduled to None, run_after=None
[2023-09-15T13:43:45.611+0000] {logging_mixin.py:151} INFO - [2023-09-15T13:43:45.611+0000] {dag.py:3677} INFO - Setting next_dagrun for dataset_produces_1 to 2023-09-14T00:00:00+00:00, run_after=2023-09-15T00:00:00+00:00
[2023-09-15T13:43:45.612+0000] {logging_mixin.py:151} INFO - [2023-09-15T13:43:45.612+0000] {dag.py:3677} INFO - Setting next_dagrun for dataset_produces_2 to None, run_after=None
[2023-09-15T13:43:45.638+0000] {processor.py:179} INFO - Processing /home/airflow/.local/lib/python3.8/site-packages/airflow/example_dags/example_datasets.py took 0.078 seconds
[2023-09-15T13:44:15.746+0000] {processor.py:157} INFO - Started process (PID=1203) to work on /home/airflow/.local/lib/python3.8/site-packages/airflow/example_dags/example_datasets.py
[2023-09-15T13:44:15.747+0000] {processor.py:829} INFO - Processing file /home/airflow/.local/lib/python3.8/site-packages/airflow/example_dags/example_datasets.py for tasks to queue
[2023-09-15T13:44:15.748+0000] {logging_mixin.py:151} INFO - [2023-09-15T13:44:15.748+0000] {dagbag.py:539} INFO - Filling up the DagBag from /home/airflow/.local/lib/python3.8/site-packages/airflow/example_dags/example_datasets.py
[2023-09-15T13:44:15.755+0000] {processor.py:839} INFO - DAG(s) dict_keys(['dataset_consumes_1', 'dataset_consumes_1_and_2', 'dataset_produces_1', 'dataset_produces_2', 'dataset_consumes_1_never_scheduled', 'dataset_consumes_unknown_never_scheduled']) retrieved from /home/airflow/.local/lib/python3.8/site-packages/airflow/example_dags/example_datasets.py
[2023-09-15T13:44:15.777+0000] {logging_mixin.py:151} INFO - [2023-09-15T13:44:15.776+0000] {dag.py:2907} INFO - Sync 6 DAGs
[2023-09-15T13:44:15.791+0000] {logging_mixin.py:151} INFO - [2023-09-15T13:44:15.791+0000] {dag.py:3677} INFO - Setting next_dagrun for dataset_consumes_1 to None, run_after=None
[2023-09-15T13:44:15.793+0000] {logging_mixin.py:151} INFO - [2023-09-15T13:44:15.793+0000] {dag.py:3677} INFO - Setting next_dagrun for dataset_consumes_1_and_2 to None, run_after=None
[2023-09-15T13:44:15.793+0000] {logging_mixin.py:151} INFO - [2023-09-15T13:44:15.793+0000] {dag.py:3677} INFO - Setting next_dagrun for dataset_consumes_1_never_scheduled to None, run_after=None
[2023-09-15T13:44:15.794+0000] {logging_mixin.py:151} INFO - [2023-09-15T13:44:15.794+0000] {dag.py:3677} INFO - Setting next_dagrun for dataset_consumes_unknown_never_scheduled to None, run_after=None
[2023-09-15T13:44:15.796+0000] {logging_mixin.py:151} INFO - [2023-09-15T13:44:15.796+0000] {dag.py:3677} INFO - Setting next_dagrun for dataset_produces_1 to 2023-09-14T00:00:00+00:00, run_after=2023-09-15T00:00:00+00:00
[2023-09-15T13:44:15.797+0000] {logging_mixin.py:151} INFO - [2023-09-15T13:44:15.797+0000] {dag.py:3677} INFO - Setting next_dagrun for dataset_produces_2 to None, run_after=None
[2023-09-15T13:44:15.817+0000] {processor.py:179} INFO - Processing /home/airflow/.local/lib/python3.8/site-packages/airflow/example_dags/example_datasets.py took 0.073 seconds
[2023-09-15T13:44:46.073+0000] {processor.py:157} INFO - Started process (PID=1261) to work on /home/airflow/.local/lib/python3.8/site-packages/airflow/example_dags/example_datasets.py
[2023-09-15T13:44:46.073+0000] {processor.py:829} INFO - Processing file /home/airflow/.local/lib/python3.8/site-packages/airflow/example_dags/example_datasets.py for tasks to queue
[2023-09-15T13:44:46.075+0000] {logging_mixin.py:151} INFO - [2023-09-15T13:44:46.075+0000] {dagbag.py:539} INFO - Filling up the DagBag from /home/airflow/.local/lib/python3.8/site-packages/airflow/example_dags/example_datasets.py
[2023-09-15T13:44:46.081+0000] {processor.py:839} INFO - DAG(s) dict_keys(['dataset_consumes_1_and_2', 'dataset_produces_2', 'dataset_consumes_1', 'dataset_produces_1', 'dataset_consumes_1_never_scheduled', 'dataset_consumes_unknown_never_scheduled']) retrieved from /home/airflow/.local/lib/python3.8/site-packages/airflow/example_dags/example_datasets.py
[2023-09-15T13:44:46.103+0000] {logging_mixin.py:151} INFO - [2023-09-15T13:44:46.103+0000] {dag.py:2907} INFO - Sync 6 DAGs
[2023-09-15T13:44:46.118+0000] {logging_mixin.py:151} INFO - [2023-09-15T13:44:46.118+0000] {dag.py:3677} INFO - Setting next_dagrun for dataset_consumes_1 to None, run_after=None
[2023-09-15T13:44:46.123+0000] {logging_mixin.py:151} INFO - [2023-09-15T13:44:46.122+0000] {dag.py:3677} INFO - Setting next_dagrun for dataset_consumes_1_and_2 to None, run_after=None
[2023-09-15T13:44:46.124+0000] {logging_mixin.py:151} INFO - [2023-09-15T13:44:46.124+0000] {dag.py:3677} INFO - Setting next_dagrun for dataset_consumes_1_never_scheduled to None, run_after=None
[2023-09-15T13:44:46.125+0000] {logging_mixin.py:151} INFO - [2023-09-15T13:44:46.125+0000] {dag.py:3677} INFO - Setting next_dagrun for dataset_consumes_unknown_never_scheduled to None, run_after=None
[2023-09-15T13:44:46.127+0000] {logging_mixin.py:151} INFO - [2023-09-15T13:44:46.127+0000] {dag.py:3677} INFO - Setting next_dagrun for dataset_produces_1 to 2023-09-14T00:00:00+00:00, run_after=2023-09-15T00:00:00+00:00
[2023-09-15T13:44:46.128+0000] {logging_mixin.py:151} INFO - [2023-09-15T13:44:46.128+0000] {dag.py:3677} INFO - Setting next_dagrun for dataset_produces_2 to None, run_after=None
[2023-09-15T13:44:46.152+0000] {processor.py:179} INFO - Processing /home/airflow/.local/lib/python3.8/site-packages/airflow/example_dags/example_datasets.py took 0.081 seconds
[2023-09-15T13:45:16.416+0000] {processor.py:157} INFO - Started process (PID=1319) to work on /home/airflow/.local/lib/python3.8/site-packages/airflow/example_dags/example_datasets.py
[2023-09-15T13:45:16.417+0000] {processor.py:829} INFO - Processing file /home/airflow/.local/lib/python3.8/site-packages/airflow/example_dags/example_datasets.py for tasks to queue
[2023-09-15T13:45:16.418+0000] {logging_mixin.py:151} INFO - [2023-09-15T13:45:16.418+0000] {dagbag.py:539} INFO - Filling up the DagBag from /home/airflow/.local/lib/python3.8/site-packages/airflow/example_dags/example_datasets.py
[2023-09-15T13:45:16.424+0000] {processor.py:839} INFO - DAG(s) dict_keys(['dataset_produces_1', 'dataset_consumes_1_never_scheduled', 'dataset_consumes_1', 'dataset_consumes_unknown_never_scheduled', 'dataset_consumes_1_and_2', 'dataset_produces_2']) retrieved from /home/airflow/.local/lib/python3.8/site-packages/airflow/example_dags/example_datasets.py
[2023-09-15T13:45:16.446+0000] {logging_mixin.py:151} INFO - [2023-09-15T13:45:16.446+0000] {dag.py:2907} INFO - Sync 6 DAGs
[2023-09-15T13:45:16.460+0000] {logging_mixin.py:151} INFO - [2023-09-15T13:45:16.460+0000] {dag.py:3677} INFO - Setting next_dagrun for dataset_consumes_1 to None, run_after=None
[2023-09-15T13:45:16.463+0000] {logging_mixin.py:151} INFO - [2023-09-15T13:45:16.462+0000] {dag.py:3677} INFO - Setting next_dagrun for dataset_consumes_1_and_2 to None, run_after=None
[2023-09-15T13:45:16.463+0000] {logging_mixin.py:151} INFO - [2023-09-15T13:45:16.463+0000] {dag.py:3677} INFO - Setting next_dagrun for dataset_consumes_1_never_scheduled to None, run_after=None
[2023-09-15T13:45:16.464+0000] {logging_mixin.py:151} INFO - [2023-09-15T13:45:16.464+0000] {dag.py:3677} INFO - Setting next_dagrun for dataset_consumes_unknown_never_scheduled to None, run_after=None
[2023-09-15T13:45:16.466+0000] {logging_mixin.py:151} INFO - [2023-09-15T13:45:16.466+0000] {dag.py:3677} INFO - Setting next_dagrun for dataset_produces_1 to 2023-09-14T00:00:00+00:00, run_after=2023-09-15T00:00:00+00:00
[2023-09-15T13:45:16.467+0000] {logging_mixin.py:151} INFO - [2023-09-15T13:45:16.467+0000] {dag.py:3677} INFO - Setting next_dagrun for dataset_produces_2 to None, run_after=None
[2023-09-15T13:45:16.488+0000] {processor.py:179} INFO - Processing /home/airflow/.local/lib/python3.8/site-packages/airflow/example_dags/example_datasets.py took 0.074 seconds
[2023-09-15T13:45:46.697+0000] {processor.py:157} INFO - Started process (PID=1377) to work on /home/airflow/.local/lib/python3.8/site-packages/airflow/example_dags/example_datasets.py
[2023-09-15T13:45:46.697+0000] {processor.py:829} INFO - Processing file /home/airflow/.local/lib/python3.8/site-packages/airflow/example_dags/example_datasets.py for tasks to queue
[2023-09-15T13:45:46.699+0000] {logging_mixin.py:151} INFO - [2023-09-15T13:45:46.699+0000] {dagbag.py:539} INFO - Filling up the DagBag from /home/airflow/.local/lib/python3.8/site-packages/airflow/example_dags/example_datasets.py
[2023-09-15T13:45:46.705+0000] {processor.py:839} INFO - DAG(s) dict_keys(['dataset_consumes_1', 'dataset_consumes_1_and_2', 'dataset_consumes_1_never_scheduled', 'dataset_produces_1', 'dataset_produces_2', 'dataset_consumes_unknown_never_scheduled']) retrieved from /home/airflow/.local/lib/python3.8/site-packages/airflow/example_dags/example_datasets.py
[2023-09-15T13:45:46.726+0000] {logging_mixin.py:151} INFO - [2023-09-15T13:45:46.726+0000] {dag.py:2907} INFO - Sync 6 DAGs
[2023-09-15T13:45:46.740+0000] {logging_mixin.py:151} INFO - [2023-09-15T13:45:46.740+0000] {dag.py:3677} INFO - Setting next_dagrun for dataset_consumes_1 to None, run_after=None
[2023-09-15T13:45:46.742+0000] {logging_mixin.py:151} INFO - [2023-09-15T13:45:46.742+0000] {dag.py:3677} INFO - Setting next_dagrun for dataset_consumes_1_and_2 to None, run_after=None
[2023-09-15T13:45:46.743+0000] {logging_mixin.py:151} INFO - [2023-09-15T13:45:46.743+0000] {dag.py:3677} INFO - Setting next_dagrun for dataset_consumes_1_never_scheduled to None, run_after=None
[2023-09-15T13:45:46.744+0000] {logging_mixin.py:151} INFO - [2023-09-15T13:45:46.744+0000] {dag.py:3677} INFO - Setting next_dagrun for dataset_consumes_unknown_never_scheduled to None, run_after=None
[2023-09-15T13:45:46.746+0000] {logging_mixin.py:151} INFO - [2023-09-15T13:45:46.745+0000] {dag.py:3677} INFO - Setting next_dagrun for dataset_produces_1 to 2023-09-14T00:00:00+00:00, run_after=2023-09-15T00:00:00+00:00
[2023-09-15T13:45:46.746+0000] {logging_mixin.py:151} INFO - [2023-09-15T13:45:46.746+0000] {dag.py:3677} INFO - Setting next_dagrun for dataset_produces_2 to None, run_after=None
[2023-09-15T13:45:46.767+0000] {processor.py:179} INFO - Processing /home/airflow/.local/lib/python3.8/site-packages/airflow/example_dags/example_datasets.py took 0.072 seconds
[2023-09-15T13:46:17.094+0000] {processor.py:157} INFO - Started process (PID=1435) to work on /home/airflow/.local/lib/python3.8/site-packages/airflow/example_dags/example_datasets.py
[2023-09-15T13:46:17.095+0000] {processor.py:829} INFO - Processing file /home/airflow/.local/lib/python3.8/site-packages/airflow/example_dags/example_datasets.py for tasks to queue
[2023-09-15T13:46:17.096+0000] {logging_mixin.py:151} INFO - [2023-09-15T13:46:17.096+0000] {dagbag.py:539} INFO - Filling up the DagBag from /home/airflow/.local/lib/python3.8/site-packages/airflow/example_dags/example_datasets.py
[2023-09-15T13:46:17.102+0000] {processor.py:839} INFO - DAG(s) dict_keys(['dataset_consumes_1_never_scheduled', 'dataset_consumes_1_and_2', 'dataset_consumes_1', 'dataset_produces_1', 'dataset_consumes_unknown_never_scheduled', 'dataset_produces_2']) retrieved from /home/airflow/.local/lib/python3.8/site-packages/airflow/example_dags/example_datasets.py
[2023-09-15T13:46:17.123+0000] {logging_mixin.py:151} INFO - [2023-09-15T13:46:17.122+0000] {dag.py:2907} INFO - Sync 6 DAGs
[2023-09-15T13:46:17.137+0000] {logging_mixin.py:151} INFO - [2023-09-15T13:46:17.137+0000] {dag.py:3677} INFO - Setting next_dagrun for dataset_consumes_1 to None, run_after=None
[2023-09-15T13:46:17.140+0000] {logging_mixin.py:151} INFO - [2023-09-15T13:46:17.140+0000] {dag.py:3677} INFO - Setting next_dagrun for dataset_consumes_1_and_2 to None, run_after=None
[2023-09-15T13:46:17.141+0000] {logging_mixin.py:151} INFO - [2023-09-15T13:46:17.141+0000] {dag.py:3677} INFO - Setting next_dagrun for dataset_consumes_1_never_scheduled to None, run_after=None
[2023-09-15T13:46:17.142+0000] {logging_mixin.py:151} INFO - [2023-09-15T13:46:17.142+0000] {dag.py:3677} INFO - Setting next_dagrun for dataset_consumes_unknown_never_scheduled to None, run_after=None
[2023-09-15T13:46:17.144+0000] {logging_mixin.py:151} INFO - [2023-09-15T13:46:17.144+0000] {dag.py:3677} INFO - Setting next_dagrun for dataset_produces_1 to 2023-09-14T00:00:00+00:00, run_after=2023-09-15T00:00:00+00:00
[2023-09-15T13:46:17.145+0000] {logging_mixin.py:151} INFO - [2023-09-15T13:46:17.145+0000] {dag.py:3677} INFO - Setting next_dagrun for dataset_produces_2 to None, run_after=None
[2023-09-15T13:46:17.166+0000] {processor.py:179} INFO - Processing /home/airflow/.local/lib/python3.8/site-packages/airflow/example_dags/example_datasets.py took 0.074 seconds
[2023-09-15T13:46:47.493+0000] {processor.py:157} INFO - Started process (PID=1493) to work on /home/airflow/.local/lib/python3.8/site-packages/airflow/example_dags/example_datasets.py
[2023-09-15T13:46:47.494+0000] {processor.py:829} INFO - Processing file /home/airflow/.local/lib/python3.8/site-packages/airflow/example_dags/example_datasets.py for tasks to queue
[2023-09-15T13:46:47.496+0000] {logging_mixin.py:151} INFO - [2023-09-15T13:46:47.495+0000] {dagbag.py:539} INFO - Filling up the DagBag from /home/airflow/.local/lib/python3.8/site-packages/airflow/example_dags/example_datasets.py
[2023-09-15T13:46:47.502+0000] {processor.py:839} INFO - DAG(s) dict_keys(['dataset_consumes_1', 'dataset_produces_2', 'dataset_consumes_unknown_never_scheduled', 'dataset_consumes_1_never_scheduled', 'dataset_consumes_1_and_2', 'dataset_produces_1']) retrieved from /home/airflow/.local/lib/python3.8/site-packages/airflow/example_dags/example_datasets.py
[2023-09-15T13:46:47.523+0000] {logging_mixin.py:151} INFO - [2023-09-15T13:46:47.523+0000] {dag.py:2907} INFO - Sync 6 DAGs
[2023-09-15T13:46:47.537+0000] {logging_mixin.py:151} INFO - [2023-09-15T13:46:47.537+0000] {dag.py:3677} INFO - Setting next_dagrun for dataset_consumes_1 to None, run_after=None
[2023-09-15T13:46:47.539+0000] {logging_mixin.py:151} INFO - [2023-09-15T13:46:47.539+0000] {dag.py:3677} INFO - Setting next_dagrun for dataset_consumes_1_and_2 to None, run_after=None
[2023-09-15T13:46:47.540+0000] {logging_mixin.py:151} INFO - [2023-09-15T13:46:47.540+0000] {dag.py:3677} INFO - Setting next_dagrun for dataset_consumes_1_never_scheduled to None, run_after=None
[2023-09-15T13:46:47.541+0000] {logging_mixin.py:151} INFO - [2023-09-15T13:46:47.541+0000] {dag.py:3677} INFO - Setting next_dagrun for dataset_consumes_unknown_never_scheduled to None, run_after=None
[2023-09-15T13:46:47.543+0000] {logging_mixin.py:151} INFO - [2023-09-15T13:46:47.543+0000] {dag.py:3677} INFO - Setting next_dagrun for dataset_produces_1 to 2023-09-14T00:00:00+00:00, run_after=2023-09-15T00:00:00+00:00
[2023-09-15T13:46:47.543+0000] {logging_mixin.py:151} INFO - [2023-09-15T13:46:47.543+0000] {dag.py:3677} INFO - Setting next_dagrun for dataset_produces_2 to None, run_after=None
[2023-09-15T13:46:47.563+0000] {processor.py:179} INFO - Processing /home/airflow/.local/lib/python3.8/site-packages/airflow/example_dags/example_datasets.py took 0.072 seconds
[2023-09-15T13:47:17.752+0000] {processor.py:157} INFO - Started process (PID=1552) to work on /home/airflow/.local/lib/python3.8/site-packages/airflow/example_dags/example_datasets.py
[2023-09-15T13:47:17.752+0000] {processor.py:829} INFO - Processing file /home/airflow/.local/lib/python3.8/site-packages/airflow/example_dags/example_datasets.py for tasks to queue
[2023-09-15T13:47:17.754+0000] {logging_mixin.py:151} INFO - [2023-09-15T13:47:17.754+0000] {dagbag.py:539} INFO - Filling up the DagBag from /home/airflow/.local/lib/python3.8/site-packages/airflow/example_dags/example_datasets.py
[2023-09-15T13:47:17.760+0000] {processor.py:839} INFO - DAG(s) dict_keys(['dataset_consumes_1_never_scheduled', 'dataset_consumes_1', 'dataset_produces_1', 'dataset_produces_2', 'dataset_consumes_1_and_2', 'dataset_consumes_unknown_never_scheduled']) retrieved from /home/airflow/.local/lib/python3.8/site-packages/airflow/example_dags/example_datasets.py
[2023-09-15T13:47:17.781+0000] {logging_mixin.py:151} INFO - [2023-09-15T13:47:17.781+0000] {dag.py:2907} INFO - Sync 6 DAGs
[2023-09-15T13:47:17.796+0000] {logging_mixin.py:151} INFO - [2023-09-15T13:47:17.796+0000] {dag.py:3677} INFO - Setting next_dagrun for dataset_consumes_1 to None, run_after=None
[2023-09-15T13:47:17.798+0000] {logging_mixin.py:151} INFO - [2023-09-15T13:47:17.798+0000] {dag.py:3677} INFO - Setting next_dagrun for dataset_consumes_1_and_2 to None, run_after=None
[2023-09-15T13:47:17.799+0000] {logging_mixin.py:151} INFO - [2023-09-15T13:47:17.799+0000] {dag.py:3677} INFO - Setting next_dagrun for dataset_consumes_1_never_scheduled to None, run_after=None
[2023-09-15T13:47:17.800+0000] {logging_mixin.py:151} INFO - [2023-09-15T13:47:17.800+0000] {dag.py:3677} INFO - Setting next_dagrun for dataset_consumes_unknown_never_scheduled to None, run_after=None
[2023-09-15T13:47:17.802+0000] {logging_mixin.py:151} INFO - [2023-09-15T13:47:17.802+0000] {dag.py:3677} INFO - Setting next_dagrun for dataset_produces_1 to 2023-09-14T00:00:00+00:00, run_after=2023-09-15T00:00:00+00:00
[2023-09-15T13:47:17.803+0000] {logging_mixin.py:151} INFO - [2023-09-15T13:47:17.803+0000] {dag.py:3677} INFO - Setting next_dagrun for dataset_produces_2 to None, run_after=None
[2023-09-15T13:47:17.825+0000] {processor.py:179} INFO - Processing /home/airflow/.local/lib/python3.8/site-packages/airflow/example_dags/example_datasets.py took 0.075 seconds
[2023-09-15T13:47:48.163+0000] {processor.py:157} INFO - Started process (PID=1610) to work on /home/airflow/.local/lib/python3.8/site-packages/airflow/example_dags/example_datasets.py
[2023-09-15T13:47:48.164+0000] {processor.py:829} INFO - Processing file /home/airflow/.local/lib/python3.8/site-packages/airflow/example_dags/example_datasets.py for tasks to queue
[2023-09-15T13:47:48.166+0000] {logging_mixin.py:151} INFO - [2023-09-15T13:47:48.165+0000] {dagbag.py:539} INFO - Filling up the DagBag from /home/airflow/.local/lib/python3.8/site-packages/airflow/example_dags/example_datasets.py
[2023-09-15T13:47:48.171+0000] {processor.py:839} INFO - DAG(s) dict_keys(['dataset_produces_2', 'dataset_consumes_unknown_never_scheduled', 'dataset_consumes_1', 'dataset_consumes_1_and_2', 'dataset_consumes_1_never_scheduled', 'dataset_produces_1']) retrieved from /home/airflow/.local/lib/python3.8/site-packages/airflow/example_dags/example_datasets.py
[2023-09-15T13:47:48.193+0000] {logging_mixin.py:151} INFO - [2023-09-15T13:47:48.192+0000] {dag.py:2907} INFO - Sync 6 DAGs
[2023-09-15T13:47:48.206+0000] {logging_mixin.py:151} INFO - [2023-09-15T13:47:48.206+0000] {dag.py:3677} INFO - Setting next_dagrun for dataset_consumes_1 to None, run_after=None
[2023-09-15T13:47:48.209+0000] {logging_mixin.py:151} INFO - [2023-09-15T13:47:48.209+0000] {dag.py:3677} INFO - Setting next_dagrun for dataset_consumes_1_and_2 to None, run_after=None
[2023-09-15T13:47:48.210+0000] {logging_mixin.py:151} INFO - [2023-09-15T13:47:48.210+0000] {dag.py:3677} INFO - Setting next_dagrun for dataset_consumes_1_never_scheduled to None, run_after=None
[2023-09-15T13:47:48.211+0000] {logging_mixin.py:151} INFO - [2023-09-15T13:47:48.211+0000] {dag.py:3677} INFO - Setting next_dagrun for dataset_consumes_unknown_never_scheduled to None, run_after=None
[2023-09-15T13:47:48.213+0000] {logging_mixin.py:151} INFO - [2023-09-15T13:47:48.213+0000] {dag.py:3677} INFO - Setting next_dagrun for dataset_produces_1 to 2023-09-14T00:00:00+00:00, run_after=2023-09-15T00:00:00+00:00
[2023-09-15T13:47:48.214+0000] {logging_mixin.py:151} INFO - [2023-09-15T13:47:48.214+0000] {dag.py:3677} INFO - Setting next_dagrun for dataset_produces_2 to None, run_after=None
[2023-09-15T13:47:48.235+0000] {processor.py:179} INFO - Processing /home/airflow/.local/lib/python3.8/site-packages/airflow/example_dags/example_datasets.py took 0.074 seconds
[2023-09-15T13:48:18.568+0000] {processor.py:157} INFO - Started process (PID=1668) to work on /home/airflow/.local/lib/python3.8/site-packages/airflow/example_dags/example_datasets.py
[2023-09-15T13:48:18.569+0000] {processor.py:829} INFO - Processing file /home/airflow/.local/lib/python3.8/site-packages/airflow/example_dags/example_datasets.py for tasks to queue
[2023-09-15T13:48:18.570+0000] {logging_mixin.py:151} INFO - [2023-09-15T13:48:18.570+0000] {dagbag.py:539} INFO - Filling up the DagBag from /home/airflow/.local/lib/python3.8/site-packages/airflow/example_dags/example_datasets.py
[2023-09-15T13:48:18.577+0000] {processor.py:839} INFO - DAG(s) dict_keys(['dataset_produces_1', 'dataset_consumes_1_and_2', 'dataset_consumes_1', 'dataset_consumes_unknown_never_scheduled', 'dataset_produces_2', 'dataset_consumes_1_never_scheduled']) retrieved from /home/airflow/.local/lib/python3.8/site-packages/airflow/example_dags/example_datasets.py
[2023-09-15T13:48:18.599+0000] {logging_mixin.py:151} INFO - [2023-09-15T13:48:18.598+0000] {dag.py:2907} INFO - Sync 6 DAGs
[2023-09-15T13:48:18.613+0000] {logging_mixin.py:151} INFO - [2023-09-15T13:48:18.613+0000] {dag.py:3677} INFO - Setting next_dagrun for dataset_consumes_1 to None, run_after=None
[2023-09-15T13:48:18.615+0000] {logging_mixin.py:151} INFO - [2023-09-15T13:48:18.615+0000] {dag.py:3677} INFO - Setting next_dagrun for dataset_consumes_1_and_2 to None, run_after=None
[2023-09-15T13:48:18.616+0000] {logging_mixin.py:151} INFO - [2023-09-15T13:48:18.616+0000] {dag.py:3677} INFO - Setting next_dagrun for dataset_consumes_1_never_scheduled to None, run_after=None
[2023-09-15T13:48:18.617+0000] {logging_mixin.py:151} INFO - [2023-09-15T13:48:18.617+0000] {dag.py:3677} INFO - Setting next_dagrun for dataset_consumes_unknown_never_scheduled to None, run_after=None
[2023-09-15T13:48:18.619+0000] {logging_mixin.py:151} INFO - [2023-09-15T13:48:18.619+0000] {dag.py:3677} INFO - Setting next_dagrun for dataset_produces_1 to 2023-09-14T00:00:00+00:00, run_after=2023-09-15T00:00:00+00:00
[2023-09-15T13:48:18.620+0000] {logging_mixin.py:151} INFO - [2023-09-15T13:48:18.620+0000] {dag.py:3677} INFO - Setting next_dagrun for dataset_produces_2 to None, run_after=None
[2023-09-15T13:48:18.646+0000] {processor.py:179} INFO - Processing /home/airflow/.local/lib/python3.8/site-packages/airflow/example_dags/example_datasets.py took 0.080 seconds
[2023-09-15T13:48:48.992+0000] {processor.py:157} INFO - Started process (PID=1726) to work on /home/airflow/.local/lib/python3.8/site-packages/airflow/example_dags/example_datasets.py
[2023-09-15T13:48:48.993+0000] {processor.py:829} INFO - Processing file /home/airflow/.local/lib/python3.8/site-packages/airflow/example_dags/example_datasets.py for tasks to queue
[2023-09-15T13:48:48.995+0000] {logging_mixin.py:151} INFO - [2023-09-15T13:48:48.995+0000] {dagbag.py:539} INFO - Filling up the DagBag from /home/airflow/.local/lib/python3.8/site-packages/airflow/example_dags/example_datasets.py
[2023-09-15T13:48:49.002+0000] {processor.py:839} INFO - DAG(s) dict_keys(['dataset_produces_1', 'dataset_consumes_1_never_scheduled', 'dataset_produces_2', 'dataset_consumes_unknown_never_scheduled', 'dataset_consumes_1', 'dataset_consumes_1_and_2']) retrieved from /home/airflow/.local/lib/python3.8/site-packages/airflow/example_dags/example_datasets.py
[2023-09-15T13:48:49.026+0000] {logging_mixin.py:151} INFO - [2023-09-15T13:48:49.026+0000] {dag.py:2907} INFO - Sync 6 DAGs
[2023-09-15T13:48:49.047+0000] {logging_mixin.py:151} INFO - [2023-09-15T13:48:49.046+0000] {dag.py:3677} INFO - Setting next_dagrun for dataset_consumes_1 to None, run_after=None
[2023-09-15T13:48:49.051+0000] {logging_mixin.py:151} INFO - [2023-09-15T13:48:49.051+0000] {dag.py:3677} INFO - Setting next_dagrun for dataset_consumes_1_and_2 to None, run_after=None
[2023-09-15T13:48:49.053+0000] {logging_mixin.py:151} INFO - [2023-09-15T13:48:49.053+0000] {dag.py:3677} INFO - Setting next_dagrun for dataset_consumes_1_never_scheduled to None, run_after=None
[2023-09-15T13:48:49.054+0000] {logging_mixin.py:151} INFO - [2023-09-15T13:48:49.054+0000] {dag.py:3677} INFO - Setting next_dagrun for dataset_consumes_unknown_never_scheduled to None, run_after=None
[2023-09-15T13:48:49.057+0000] {logging_mixin.py:151} INFO - [2023-09-15T13:48:49.057+0000] {dag.py:3677} INFO - Setting next_dagrun for dataset_produces_1 to 2023-09-14T00:00:00+00:00, run_after=2023-09-15T00:00:00+00:00
[2023-09-15T13:48:49.059+0000] {logging_mixin.py:151} INFO - [2023-09-15T13:48:49.059+0000] {dag.py:3677} INFO - Setting next_dagrun for dataset_produces_2 to None, run_after=None
[2023-09-15T13:48:49.091+0000] {processor.py:179} INFO - Processing /home/airflow/.local/lib/python3.8/site-packages/airflow/example_dags/example_datasets.py took 0.101 seconds
[2023-09-15T13:49:19.209+0000] {processor.py:157} INFO - Started process (PID=1784) to work on /home/airflow/.local/lib/python3.8/site-packages/airflow/example_dags/example_datasets.py
[2023-09-15T13:49:19.210+0000] {processor.py:829} INFO - Processing file /home/airflow/.local/lib/python3.8/site-packages/airflow/example_dags/example_datasets.py for tasks to queue
[2023-09-15T13:49:19.211+0000] {logging_mixin.py:151} INFO - [2023-09-15T13:49:19.211+0000] {dagbag.py:539} INFO - Filling up the DagBag from /home/airflow/.local/lib/python3.8/site-packages/airflow/example_dags/example_datasets.py
[2023-09-15T13:49:19.217+0000] {processor.py:839} INFO - DAG(s) dict_keys(['dataset_produces_1', 'dataset_consumes_1_never_scheduled', 'dataset_consumes_1_and_2', 'dataset_consumes_1', 'dataset_consumes_unknown_never_scheduled', 'dataset_produces_2']) retrieved from /home/airflow/.local/lib/python3.8/site-packages/airflow/example_dags/example_datasets.py
[2023-09-15T13:49:19.239+0000] {logging_mixin.py:151} INFO - [2023-09-15T13:49:19.239+0000] {dag.py:2907} INFO - Sync 6 DAGs
[2023-09-15T13:49:19.253+0000] {logging_mixin.py:151} INFO - [2023-09-15T13:49:19.252+0000] {dag.py:3677} INFO - Setting next_dagrun for dataset_consumes_1 to None, run_after=None
[2023-09-15T13:49:19.255+0000] {logging_mixin.py:151} INFO - [2023-09-15T13:49:19.255+0000] {dag.py:3677} INFO - Setting next_dagrun for dataset_consumes_1_and_2 to None, run_after=None
[2023-09-15T13:49:19.256+0000] {logging_mixin.py:151} INFO - [2023-09-15T13:49:19.256+0000] {dag.py:3677} INFO - Setting next_dagrun for dataset_consumes_1_never_scheduled to None, run_after=None
[2023-09-15T13:49:19.257+0000] {logging_mixin.py:151} INFO - [2023-09-15T13:49:19.257+0000] {dag.py:3677} INFO - Setting next_dagrun for dataset_consumes_unknown_never_scheduled to None, run_after=None
[2023-09-15T13:49:19.259+0000] {logging_mixin.py:151} INFO - [2023-09-15T13:49:19.259+0000] {dag.py:3677} INFO - Setting next_dagrun for dataset_produces_1 to 2023-09-14T00:00:00+00:00, run_after=2023-09-15T00:00:00+00:00
[2023-09-15T13:49:19.260+0000] {logging_mixin.py:151} INFO - [2023-09-15T13:49:19.260+0000] {dag.py:3677} INFO - Setting next_dagrun for dataset_produces_2 to None, run_after=None
[2023-09-15T13:49:19.280+0000] {processor.py:179} INFO - Processing /home/airflow/.local/lib/python3.8/site-packages/airflow/example_dags/example_datasets.py took 0.073 seconds
[2023-09-15T13:49:49.652+0000] {processor.py:157} INFO - Started process (PID=1842) to work on /home/airflow/.local/lib/python3.8/site-packages/airflow/example_dags/example_datasets.py
[2023-09-15T13:49:49.653+0000] {processor.py:829} INFO - Processing file /home/airflow/.local/lib/python3.8/site-packages/airflow/example_dags/example_datasets.py for tasks to queue
[2023-09-15T13:49:49.654+0000] {logging_mixin.py:151} INFO - [2023-09-15T13:49:49.654+0000] {dagbag.py:539} INFO - Filling up the DagBag from /home/airflow/.local/lib/python3.8/site-packages/airflow/example_dags/example_datasets.py
[2023-09-15T13:49:49.660+0000] {processor.py:839} INFO - DAG(s) dict_keys(['dataset_produces_2', 'dataset_consumes_1_never_scheduled', 'dataset_consumes_1_and_2', 'dataset_produces_1', 'dataset_consumes_1', 'dataset_consumes_unknown_never_scheduled']) retrieved from /home/airflow/.local/lib/python3.8/site-packages/airflow/example_dags/example_datasets.py
[2023-09-15T13:49:49.682+0000] {logging_mixin.py:151} INFO - [2023-09-15T13:49:49.682+0000] {dag.py:2907} INFO - Sync 6 DAGs
[2023-09-15T13:49:49.696+0000] {logging_mixin.py:151} INFO - [2023-09-15T13:49:49.696+0000] {dag.py:3677} INFO - Setting next_dagrun for dataset_consumes_1 to None, run_after=None
[2023-09-15T13:49:49.698+0000] {logging_mixin.py:151} INFO - [2023-09-15T13:49:49.698+0000] {dag.py:3677} INFO - Setting next_dagrun for dataset_consumes_1_and_2 to None, run_after=None
[2023-09-15T13:49:49.699+0000] {logging_mixin.py:151} INFO - [2023-09-15T13:49:49.699+0000] {dag.py:3677} INFO - Setting next_dagrun for dataset_consumes_1_never_scheduled to None, run_after=None
[2023-09-15T13:49:49.700+0000] {logging_mixin.py:151} INFO - [2023-09-15T13:49:49.700+0000] {dag.py:3677} INFO - Setting next_dagrun for dataset_consumes_unknown_never_scheduled to None, run_after=None
[2023-09-15T13:49:49.702+0000] {logging_mixin.py:151} INFO - [2023-09-15T13:49:49.702+0000] {dag.py:3677} INFO - Setting next_dagrun for dataset_produces_1 to 2023-09-14T00:00:00+00:00, run_after=2023-09-15T00:00:00+00:00
[2023-09-15T13:49:49.703+0000] {logging_mixin.py:151} INFO - [2023-09-15T13:49:49.703+0000] {dag.py:3677} INFO - Setting next_dagrun for dataset_produces_2 to None, run_after=None
[2023-09-15T13:49:49.724+0000] {processor.py:179} INFO - Processing /home/airflow/.local/lib/python3.8/site-packages/airflow/example_dags/example_datasets.py took 0.074 seconds
[2023-09-15T13:50:20.182+0000] {processor.py:157} INFO - Started process (PID=1900) to work on /home/airflow/.local/lib/python3.8/site-packages/airflow/example_dags/example_datasets.py
[2023-09-15T13:50:20.183+0000] {processor.py:829} INFO - Processing file /home/airflow/.local/lib/python3.8/site-packages/airflow/example_dags/example_datasets.py for tasks to queue
[2023-09-15T13:50:20.184+0000] {logging_mixin.py:151} INFO - [2023-09-15T13:50:20.184+0000] {dagbag.py:539} INFO - Filling up the DagBag from /home/airflow/.local/lib/python3.8/site-packages/airflow/example_dags/example_datasets.py
[2023-09-15T13:50:20.191+0000] {processor.py:839} INFO - DAG(s) dict_keys(['dataset_produces_2', 'dataset_consumes_1', 'dataset_consumes_1_never_scheduled', 'dataset_consumes_unknown_never_scheduled', 'dataset_produces_1', 'dataset_consumes_1_and_2']) retrieved from /home/airflow/.local/lib/python3.8/site-packages/airflow/example_dags/example_datasets.py
[2023-09-15T13:50:20.217+0000] {logging_mixin.py:151} INFO - [2023-09-15T13:50:20.217+0000] {dag.py:2907} INFO - Sync 6 DAGs
[2023-09-15T13:50:20.231+0000] {logging_mixin.py:151} INFO - [2023-09-15T13:50:20.231+0000] {dag.py:3677} INFO - Setting next_dagrun for dataset_consumes_1 to None, run_after=None
[2023-09-15T13:50:20.234+0000] {logging_mixin.py:151} INFO - [2023-09-15T13:50:20.233+0000] {dag.py:3677} INFO - Setting next_dagrun for dataset_consumes_1_and_2 to None, run_after=None
[2023-09-15T13:50:20.235+0000] {logging_mixin.py:151} INFO - [2023-09-15T13:50:20.235+0000] {dag.py:3677} INFO - Setting next_dagrun for dataset_consumes_1_never_scheduled to None, run_after=None
[2023-09-15T13:50:20.236+0000] {logging_mixin.py:151} INFO - [2023-09-15T13:50:20.236+0000] {dag.py:3677} INFO - Setting next_dagrun for dataset_consumes_unknown_never_scheduled to None, run_after=None
[2023-09-15T13:50:20.238+0000] {logging_mixin.py:151} INFO - [2023-09-15T13:50:20.238+0000] {dag.py:3677} INFO - Setting next_dagrun for dataset_produces_1 to 2023-09-14T00:00:00+00:00, run_after=2023-09-15T00:00:00+00:00
[2023-09-15T13:50:20.239+0000] {logging_mixin.py:151} INFO - [2023-09-15T13:50:20.239+0000] {dag.py:3677} INFO - Setting next_dagrun for dataset_produces_2 to None, run_after=None
[2023-09-15T13:50:20.261+0000] {processor.py:179} INFO - Processing /home/airflow/.local/lib/python3.8/site-packages/airflow/example_dags/example_datasets.py took 0.081 seconds
