[2023-09-15T13:34:36.395+0000] {processor.py:157} INFO - Started process (PID=73) to work on /home/airflow/.local/lib/python3.8/site-packages/airflow/example_dags/example_task_group_decorator.py
[2023-09-15T13:34:36.396+0000] {processor.py:829} INFO - Processing file /home/airflow/.local/lib/python3.8/site-packages/airflow/example_dags/example_task_group_decorator.py for tasks to queue
[2023-09-15T13:34:36.398+0000] {logging_mixin.py:151} INFO - [2023-09-15T13:34:36.398+0000] {dagbag.py:539} INFO - Filling up the DagBag from /home/airflow/.local/lib/python3.8/site-packages/airflow/example_dags/example_task_group_decorator.py
[2023-09-15T13:34:36.412+0000] {processor.py:839} INFO - DAG(s) dict_keys(['example_task_group_decorator']) retrieved from /home/airflow/.local/lib/python3.8/site-packages/airflow/example_dags/example_task_group_decorator.py
[2023-09-15T13:34:36.437+0000] {logging_mixin.py:151} INFO - [2023-09-15T13:34:36.437+0000] {dag.py:2907} INFO - Sync 1 DAGs
[2023-09-15T13:34:36.458+0000] {logging_mixin.py:151} INFO - [2023-09-15T13:34:36.457+0000] {dag.py:3677} INFO - Setting next_dagrun for example_task_group_decorator to 2023-09-14T13:34:36.457703+00:00, run_after=2023-09-15T13:34:36.457703+00:00
[2023-09-15T13:34:36.487+0000] {processor.py:179} INFO - Processing /home/airflow/.local/lib/python3.8/site-packages/airflow/example_dags/example_task_group_decorator.py took 0.095 seconds
[2023-09-15T13:35:07.346+0000] {processor.py:157} INFO - Started process (PID=146) to work on /home/airflow/.local/lib/python3.8/site-packages/airflow/example_dags/example_task_group_decorator.py
[2023-09-15T13:35:07.346+0000] {processor.py:829} INFO - Processing file /home/airflow/.local/lib/python3.8/site-packages/airflow/example_dags/example_task_group_decorator.py for tasks to queue
[2023-09-15T13:35:07.348+0000] {logging_mixin.py:151} INFO - [2023-09-15T13:35:07.348+0000] {dagbag.py:539} INFO - Filling up the DagBag from /home/airflow/.local/lib/python3.8/site-packages/airflow/example_dags/example_task_group_decorator.py
[2023-09-15T13:35:07.455+0000] {processor.py:839} INFO - DAG(s) dict_keys(['example_task_group_decorator']) retrieved from /home/airflow/.local/lib/python3.8/site-packages/airflow/example_dags/example_task_group_decorator.py
[2023-09-15T13:35:07.503+0000] {logging_mixin.py:151} INFO - [2023-09-15T13:35:07.503+0000] {dag.py:2907} INFO - Sync 1 DAGs
[2023-09-15T13:35:07.517+0000] {logging_mixin.py:151} INFO - [2023-09-15T13:35:07.517+0000] {dag.py:3677} INFO - Setting next_dagrun for example_task_group_decorator to 2023-09-14T13:35:07.517234+00:00, run_after=2023-09-15T13:35:07.517234+00:00
[2023-09-15T13:35:07.535+0000] {processor.py:179} INFO - Processing /home/airflow/.local/lib/python3.8/site-packages/airflow/example_dags/example_task_group_decorator.py took 0.191 seconds
[2023-09-15T13:35:38.065+0000] {processor.py:157} INFO - Started process (PID=204) to work on /home/airflow/.local/lib/python3.8/site-packages/airflow/example_dags/example_task_group_decorator.py
[2023-09-15T13:35:38.066+0000] {processor.py:829} INFO - Processing file /home/airflow/.local/lib/python3.8/site-packages/airflow/example_dags/example_task_group_decorator.py for tasks to queue
[2023-09-15T13:35:38.067+0000] {logging_mixin.py:151} INFO - [2023-09-15T13:35:38.067+0000] {dagbag.py:539} INFO - Filling up the DagBag from /home/airflow/.local/lib/python3.8/site-packages/airflow/example_dags/example_task_group_decorator.py
[2023-09-15T13:35:38.076+0000] {processor.py:839} INFO - DAG(s) dict_keys(['example_task_group_decorator']) retrieved from /home/airflow/.local/lib/python3.8/site-packages/airflow/example_dags/example_task_group_decorator.py
[2023-09-15T13:35:38.091+0000] {logging_mixin.py:151} INFO - [2023-09-15T13:35:38.090+0000] {dag.py:2907} INFO - Sync 1 DAGs
[2023-09-15T13:35:38.104+0000] {logging_mixin.py:151} INFO - [2023-09-15T13:35:38.104+0000] {dag.py:3677} INFO - Setting next_dagrun for example_task_group_decorator to 2023-09-14T13:35:38.104611+00:00, run_after=2023-09-15T13:35:38.104611+00:00
[2023-09-15T13:35:38.118+0000] {processor.py:179} INFO - Processing /home/airflow/.local/lib/python3.8/site-packages/airflow/example_dags/example_task_group_decorator.py took 0.055 seconds
[2023-09-15T13:36:08.359+0000] {processor.py:157} INFO - Started process (PID=262) to work on /home/airflow/.local/lib/python3.8/site-packages/airflow/example_dags/example_task_group_decorator.py
[2023-09-15T13:36:08.359+0000] {processor.py:829} INFO - Processing file /home/airflow/.local/lib/python3.8/site-packages/airflow/example_dags/example_task_group_decorator.py for tasks to queue
[2023-09-15T13:36:08.361+0000] {logging_mixin.py:151} INFO - [2023-09-15T13:36:08.360+0000] {dagbag.py:539} INFO - Filling up the DagBag from /home/airflow/.local/lib/python3.8/site-packages/airflow/example_dags/example_task_group_decorator.py
[2023-09-15T13:36:08.370+0000] {processor.py:839} INFO - DAG(s) dict_keys(['example_task_group_decorator']) retrieved from /home/airflow/.local/lib/python3.8/site-packages/airflow/example_dags/example_task_group_decorator.py
[2023-09-15T13:36:08.386+0000] {logging_mixin.py:151} INFO - [2023-09-15T13:36:08.386+0000] {dag.py:2907} INFO - Sync 1 DAGs
[2023-09-15T13:36:08.400+0000] {logging_mixin.py:151} INFO - [2023-09-15T13:36:08.400+0000] {dag.py:3677} INFO - Setting next_dagrun for example_task_group_decorator to 2023-09-14T13:36:08.400671+00:00, run_after=2023-09-15T13:36:08.400671+00:00
[2023-09-15T13:36:08.414+0000] {processor.py:179} INFO - Processing /home/airflow/.local/lib/python3.8/site-packages/airflow/example_dags/example_task_group_decorator.py took 0.057 seconds
[2023-09-15T13:36:38.759+0000] {processor.py:157} INFO - Started process (PID=320) to work on /home/airflow/.local/lib/python3.8/site-packages/airflow/example_dags/example_task_group_decorator.py
[2023-09-15T13:36:38.760+0000] {processor.py:829} INFO - Processing file /home/airflow/.local/lib/python3.8/site-packages/airflow/example_dags/example_task_group_decorator.py for tasks to queue
[2023-09-15T13:36:38.761+0000] {logging_mixin.py:151} INFO - [2023-09-15T13:36:38.761+0000] {dagbag.py:539} INFO - Filling up the DagBag from /home/airflow/.local/lib/python3.8/site-packages/airflow/example_dags/example_task_group_decorator.py
[2023-09-15T13:36:38.770+0000] {processor.py:839} INFO - DAG(s) dict_keys(['example_task_group_decorator']) retrieved from /home/airflow/.local/lib/python3.8/site-packages/airflow/example_dags/example_task_group_decorator.py
[2023-09-15T13:36:38.785+0000] {logging_mixin.py:151} INFO - [2023-09-15T13:36:38.785+0000] {dag.py:2907} INFO - Sync 1 DAGs
[2023-09-15T13:36:38.799+0000] {logging_mixin.py:151} INFO - [2023-09-15T13:36:38.798+0000] {dag.py:3677} INFO - Setting next_dagrun for example_task_group_decorator to 2023-09-14T13:36:38.798792+00:00, run_after=2023-09-15T13:36:38.798792+00:00
[2023-09-15T13:36:38.812+0000] {processor.py:179} INFO - Processing /home/airflow/.local/lib/python3.8/site-packages/airflow/example_dags/example_task_group_decorator.py took 0.055 seconds
[2023-09-15T13:37:08.983+0000] {processor.py:157} INFO - Started process (PID=378) to work on /home/airflow/.local/lib/python3.8/site-packages/airflow/example_dags/example_task_group_decorator.py
[2023-09-15T13:37:08.984+0000] {processor.py:829} INFO - Processing file /home/airflow/.local/lib/python3.8/site-packages/airflow/example_dags/example_task_group_decorator.py for tasks to queue
[2023-09-15T13:37:08.985+0000] {logging_mixin.py:151} INFO - [2023-09-15T13:37:08.985+0000] {dagbag.py:539} INFO - Filling up the DagBag from /home/airflow/.local/lib/python3.8/site-packages/airflow/example_dags/example_task_group_decorator.py
[2023-09-15T13:37:08.994+0000] {processor.py:839} INFO - DAG(s) dict_keys(['example_task_group_decorator']) retrieved from /home/airflow/.local/lib/python3.8/site-packages/airflow/example_dags/example_task_group_decorator.py
[2023-09-15T13:37:09.010+0000] {logging_mixin.py:151} INFO - [2023-09-15T13:37:09.010+0000] {dag.py:2907} INFO - Sync 1 DAGs
[2023-09-15T13:37:09.023+0000] {logging_mixin.py:151} INFO - [2023-09-15T13:37:09.023+0000] {dag.py:3677} INFO - Setting next_dagrun for example_task_group_decorator to 2023-09-14T13:37:09.022966+00:00, run_after=2023-09-15T13:37:09.022966+00:00
[2023-09-15T13:37:09.038+0000] {processor.py:179} INFO - Processing /home/airflow/.local/lib/python3.8/site-packages/airflow/example_dags/example_task_group_decorator.py took 0.057 seconds
[2023-09-15T13:37:39.108+0000] {processor.py:157} INFO - Started process (PID=436) to work on /home/airflow/.local/lib/python3.8/site-packages/airflow/example_dags/example_task_group_decorator.py
[2023-09-15T13:37:39.109+0000] {processor.py:829} INFO - Processing file /home/airflow/.local/lib/python3.8/site-packages/airflow/example_dags/example_task_group_decorator.py for tasks to queue
[2023-09-15T13:37:39.111+0000] {logging_mixin.py:151} INFO - [2023-09-15T13:37:39.110+0000] {dagbag.py:539} INFO - Filling up the DagBag from /home/airflow/.local/lib/python3.8/site-packages/airflow/example_dags/example_task_group_decorator.py
[2023-09-15T13:37:39.119+0000] {processor.py:839} INFO - DAG(s) dict_keys(['example_task_group_decorator']) retrieved from /home/airflow/.local/lib/python3.8/site-packages/airflow/example_dags/example_task_group_decorator.py
[2023-09-15T13:37:39.134+0000] {logging_mixin.py:151} INFO - [2023-09-15T13:37:39.134+0000] {dag.py:2907} INFO - Sync 1 DAGs
[2023-09-15T13:37:39.148+0000] {logging_mixin.py:151} INFO - [2023-09-15T13:37:39.148+0000] {dag.py:3677} INFO - Setting next_dagrun for example_task_group_decorator to 2023-09-14T13:37:39.148051+00:00, run_after=2023-09-15T13:37:39.148051+00:00
[2023-09-15T13:37:39.162+0000] {processor.py:179} INFO - Processing /home/airflow/.local/lib/python3.8/site-packages/airflow/example_dags/example_task_group_decorator.py took 0.055 seconds
[2023-09-15T13:38:09.718+0000] {processor.py:157} INFO - Started process (PID=494) to work on /home/airflow/.local/lib/python3.8/site-packages/airflow/example_dags/example_task_group_decorator.py
[2023-09-15T13:38:09.719+0000] {processor.py:829} INFO - Processing file /home/airflow/.local/lib/python3.8/site-packages/airflow/example_dags/example_task_group_decorator.py for tasks to queue
[2023-09-15T13:38:09.721+0000] {logging_mixin.py:151} INFO - [2023-09-15T13:38:09.720+0000] {dagbag.py:539} INFO - Filling up the DagBag from /home/airflow/.local/lib/python3.8/site-packages/airflow/example_dags/example_task_group_decorator.py
[2023-09-15T13:38:09.729+0000] {processor.py:839} INFO - DAG(s) dict_keys(['example_task_group_decorator']) retrieved from /home/airflow/.local/lib/python3.8/site-packages/airflow/example_dags/example_task_group_decorator.py
[2023-09-15T13:38:09.744+0000] {logging_mixin.py:151} INFO - [2023-09-15T13:38:09.744+0000] {dag.py:2907} INFO - Sync 1 DAGs
[2023-09-15T13:38:09.757+0000] {logging_mixin.py:151} INFO - [2023-09-15T13:38:09.756+0000] {dag.py:3677} INFO - Setting next_dagrun for example_task_group_decorator to 2023-09-14T13:38:09.756744+00:00, run_after=2023-09-15T13:38:09.756744+00:00
[2023-09-15T13:38:09.770+0000] {processor.py:179} INFO - Processing /home/airflow/.local/lib/python3.8/site-packages/airflow/example_dags/example_task_group_decorator.py took 0.053 seconds
[2023-09-15T13:38:40.163+0000] {processor.py:157} INFO - Started process (PID=552) to work on /home/airflow/.local/lib/python3.8/site-packages/airflow/example_dags/example_task_group_decorator.py
[2023-09-15T13:38:40.164+0000] {processor.py:829} INFO - Processing file /home/airflow/.local/lib/python3.8/site-packages/airflow/example_dags/example_task_group_decorator.py for tasks to queue
[2023-09-15T13:38:40.165+0000] {logging_mixin.py:151} INFO - [2023-09-15T13:38:40.165+0000] {dagbag.py:539} INFO - Filling up the DagBag from /home/airflow/.local/lib/python3.8/site-packages/airflow/example_dags/example_task_group_decorator.py
[2023-09-15T13:38:40.174+0000] {processor.py:839} INFO - DAG(s) dict_keys(['example_task_group_decorator']) retrieved from /home/airflow/.local/lib/python3.8/site-packages/airflow/example_dags/example_task_group_decorator.py
[2023-09-15T13:38:40.189+0000] {logging_mixin.py:151} INFO - [2023-09-15T13:38:40.189+0000] {dag.py:2907} INFO - Sync 1 DAGs
[2023-09-15T13:38:40.202+0000] {logging_mixin.py:151} INFO - [2023-09-15T13:38:40.202+0000] {dag.py:3677} INFO - Setting next_dagrun for example_task_group_decorator to 2023-09-14T13:38:40.202392+00:00, run_after=2023-09-15T13:38:40.202392+00:00
[2023-09-15T13:38:40.216+0000] {processor.py:179} INFO - Processing /home/airflow/.local/lib/python3.8/site-packages/airflow/example_dags/example_task_group_decorator.py took 0.054 seconds
[2023-09-15T13:39:10.650+0000] {processor.py:157} INFO - Started process (PID=610) to work on /home/airflow/.local/lib/python3.8/site-packages/airflow/example_dags/example_task_group_decorator.py
[2023-09-15T13:39:10.651+0000] {processor.py:829} INFO - Processing file /home/airflow/.local/lib/python3.8/site-packages/airflow/example_dags/example_task_group_decorator.py for tasks to queue
[2023-09-15T13:39:10.652+0000] {logging_mixin.py:151} INFO - [2023-09-15T13:39:10.652+0000] {dagbag.py:539} INFO - Filling up the DagBag from /home/airflow/.local/lib/python3.8/site-packages/airflow/example_dags/example_task_group_decorator.py
[2023-09-15T13:39:10.661+0000] {processor.py:839} INFO - DAG(s) dict_keys(['example_task_group_decorator']) retrieved from /home/airflow/.local/lib/python3.8/site-packages/airflow/example_dags/example_task_group_decorator.py
[2023-09-15T13:39:10.675+0000] {logging_mixin.py:151} INFO - [2023-09-15T13:39:10.675+0000] {dag.py:2907} INFO - Sync 1 DAGs
[2023-09-15T13:39:10.689+0000] {logging_mixin.py:151} INFO - [2023-09-15T13:39:10.689+0000] {dag.py:3677} INFO - Setting next_dagrun for example_task_group_decorator to 2023-09-14T13:39:10.689119+00:00, run_after=2023-09-15T13:39:10.689119+00:00
[2023-09-15T13:39:10.706+0000] {processor.py:179} INFO - Processing /home/airflow/.local/lib/python3.8/site-packages/airflow/example_dags/example_task_group_decorator.py took 0.058 seconds
[2023-09-15T13:39:41.237+0000] {processor.py:157} INFO - Started process (PID=668) to work on /home/airflow/.local/lib/python3.8/site-packages/airflow/example_dags/example_task_group_decorator.py
[2023-09-15T13:39:41.238+0000] {processor.py:829} INFO - Processing file /home/airflow/.local/lib/python3.8/site-packages/airflow/example_dags/example_task_group_decorator.py for tasks to queue
[2023-09-15T13:39:41.239+0000] {logging_mixin.py:151} INFO - [2023-09-15T13:39:41.239+0000] {dagbag.py:539} INFO - Filling up the DagBag from /home/airflow/.local/lib/python3.8/site-packages/airflow/example_dags/example_task_group_decorator.py
[2023-09-15T13:39:41.248+0000] {processor.py:839} INFO - DAG(s) dict_keys(['example_task_group_decorator']) retrieved from /home/airflow/.local/lib/python3.8/site-packages/airflow/example_dags/example_task_group_decorator.py
[2023-09-15T13:39:41.261+0000] {logging_mixin.py:151} INFO - [2023-09-15T13:39:41.261+0000] {dag.py:2907} INFO - Sync 1 DAGs
[2023-09-15T13:39:41.274+0000] {logging_mixin.py:151} INFO - [2023-09-15T13:39:41.273+0000] {dag.py:3677} INFO - Setting next_dagrun for example_task_group_decorator to 2023-09-14T13:39:41.273848+00:00, run_after=2023-09-15T13:39:41.273848+00:00
[2023-09-15T13:39:41.287+0000] {processor.py:179} INFO - Processing /home/airflow/.local/lib/python3.8/site-packages/airflow/example_dags/example_task_group_decorator.py took 0.052 seconds
[2023-09-15T13:40:11.553+0000] {processor.py:157} INFO - Started process (PID=726) to work on /home/airflow/.local/lib/python3.8/site-packages/airflow/example_dags/example_task_group_decorator.py
[2023-09-15T13:40:11.553+0000] {processor.py:829} INFO - Processing file /home/airflow/.local/lib/python3.8/site-packages/airflow/example_dags/example_task_group_decorator.py for tasks to queue
[2023-09-15T13:40:11.555+0000] {logging_mixin.py:151} INFO - [2023-09-15T13:40:11.555+0000] {dagbag.py:539} INFO - Filling up the DagBag from /home/airflow/.local/lib/python3.8/site-packages/airflow/example_dags/example_task_group_decorator.py
[2023-09-15T13:40:11.566+0000] {processor.py:839} INFO - DAG(s) dict_keys(['example_task_group_decorator']) retrieved from /home/airflow/.local/lib/python3.8/site-packages/airflow/example_dags/example_task_group_decorator.py
[2023-09-15T13:40:11.583+0000] {logging_mixin.py:151} INFO - [2023-09-15T13:40:11.582+0000] {dag.py:2907} INFO - Sync 1 DAGs
[2023-09-15T13:40:11.598+0000] {logging_mixin.py:151} INFO - [2023-09-15T13:40:11.598+0000] {dag.py:3677} INFO - Setting next_dagrun for example_task_group_decorator to 2023-09-14T13:40:11.598579+00:00, run_after=2023-09-15T13:40:11.598579+00:00
[2023-09-15T13:40:11.612+0000] {processor.py:179} INFO - Processing /home/airflow/.local/lib/python3.8/site-packages/airflow/example_dags/example_task_group_decorator.py took 0.062 seconds
[2023-09-15T13:40:41.987+0000] {processor.py:157} INFO - Started process (PID=784) to work on /home/airflow/.local/lib/python3.8/site-packages/airflow/example_dags/example_task_group_decorator.py
[2023-09-15T13:40:41.988+0000] {processor.py:829} INFO - Processing file /home/airflow/.local/lib/python3.8/site-packages/airflow/example_dags/example_task_group_decorator.py for tasks to queue
[2023-09-15T13:40:41.989+0000] {logging_mixin.py:151} INFO - [2023-09-15T13:40:41.989+0000] {dagbag.py:539} INFO - Filling up the DagBag from /home/airflow/.local/lib/python3.8/site-packages/airflow/example_dags/example_task_group_decorator.py
[2023-09-15T13:40:41.998+0000] {processor.py:839} INFO - DAG(s) dict_keys(['example_task_group_decorator']) retrieved from /home/airflow/.local/lib/python3.8/site-packages/airflow/example_dags/example_task_group_decorator.py
[2023-09-15T13:40:42.011+0000] {logging_mixin.py:151} INFO - [2023-09-15T13:40:42.011+0000] {dag.py:2907} INFO - Sync 1 DAGs
[2023-09-15T13:40:42.024+0000] {logging_mixin.py:151} INFO - [2023-09-15T13:40:42.024+0000] {dag.py:3677} INFO - Setting next_dagrun for example_task_group_decorator to 2023-09-14T13:40:42.024272+00:00, run_after=2023-09-15T13:40:42.024272+00:00
[2023-09-15T13:40:42.038+0000] {processor.py:179} INFO - Processing /home/airflow/.local/lib/python3.8/site-packages/airflow/example_dags/example_task_group_decorator.py took 0.053 seconds
[2023-09-15T13:41:12.362+0000] {processor.py:157} INFO - Started process (PID=842) to work on /home/airflow/.local/lib/python3.8/site-packages/airflow/example_dags/example_task_group_decorator.py
[2023-09-15T13:41:12.362+0000] {processor.py:829} INFO - Processing file /home/airflow/.local/lib/python3.8/site-packages/airflow/example_dags/example_task_group_decorator.py for tasks to queue
[2023-09-15T13:41:12.364+0000] {logging_mixin.py:151} INFO - [2023-09-15T13:41:12.363+0000] {dagbag.py:539} INFO - Filling up the DagBag from /home/airflow/.local/lib/python3.8/site-packages/airflow/example_dags/example_task_group_decorator.py
[2023-09-15T13:41:12.372+0000] {processor.py:839} INFO - DAG(s) dict_keys(['example_task_group_decorator']) retrieved from /home/airflow/.local/lib/python3.8/site-packages/airflow/example_dags/example_task_group_decorator.py
[2023-09-15T13:41:12.386+0000] {logging_mixin.py:151} INFO - [2023-09-15T13:41:12.386+0000] {dag.py:2907} INFO - Sync 1 DAGs
[2023-09-15T13:41:12.399+0000] {logging_mixin.py:151} INFO - [2023-09-15T13:41:12.399+0000] {dag.py:3677} INFO - Setting next_dagrun for example_task_group_decorator to 2023-09-14T13:41:12.399455+00:00, run_after=2023-09-15T13:41:12.399455+00:00
[2023-09-15T13:41:12.414+0000] {processor.py:179} INFO - Processing /home/airflow/.local/lib/python3.8/site-packages/airflow/example_dags/example_task_group_decorator.py took 0.054 seconds
[2023-09-15T13:41:42.553+0000] {processor.py:157} INFO - Started process (PID=900) to work on /home/airflow/.local/lib/python3.8/site-packages/airflow/example_dags/example_task_group_decorator.py
[2023-09-15T13:41:42.553+0000] {processor.py:829} INFO - Processing file /home/airflow/.local/lib/python3.8/site-packages/airflow/example_dags/example_task_group_decorator.py for tasks to queue
[2023-09-15T13:41:42.555+0000] {logging_mixin.py:151} INFO - [2023-09-15T13:41:42.555+0000] {dagbag.py:539} INFO - Filling up the DagBag from /home/airflow/.local/lib/python3.8/site-packages/airflow/example_dags/example_task_group_decorator.py
[2023-09-15T13:41:42.563+0000] {processor.py:839} INFO - DAG(s) dict_keys(['example_task_group_decorator']) retrieved from /home/airflow/.local/lib/python3.8/site-packages/airflow/example_dags/example_task_group_decorator.py
[2023-09-15T13:41:42.578+0000] {logging_mixin.py:151} INFO - [2023-09-15T13:41:42.578+0000] {dag.py:2907} INFO - Sync 1 DAGs
[2023-09-15T13:41:42.591+0000] {logging_mixin.py:151} INFO - [2023-09-15T13:41:42.591+0000] {dag.py:3677} INFO - Setting next_dagrun for example_task_group_decorator to 2023-09-14T13:41:42.591207+00:00, run_after=2023-09-15T13:41:42.591207+00:00
[2023-09-15T13:41:42.604+0000] {processor.py:179} INFO - Processing /home/airflow/.local/lib/python3.8/site-packages/airflow/example_dags/example_task_group_decorator.py took 0.053 seconds
[2023-09-15T13:42:12.961+0000] {processor.py:157} INFO - Started process (PID=958) to work on /home/airflow/.local/lib/python3.8/site-packages/airflow/example_dags/example_task_group_decorator.py
[2023-09-15T13:42:12.961+0000] {processor.py:829} INFO - Processing file /home/airflow/.local/lib/python3.8/site-packages/airflow/example_dags/example_task_group_decorator.py for tasks to queue
[2023-09-15T13:42:12.963+0000] {logging_mixin.py:151} INFO - [2023-09-15T13:42:12.963+0000] {dagbag.py:539} INFO - Filling up the DagBag from /home/airflow/.local/lib/python3.8/site-packages/airflow/example_dags/example_task_group_decorator.py
[2023-09-15T13:42:12.971+0000] {processor.py:839} INFO - DAG(s) dict_keys(['example_task_group_decorator']) retrieved from /home/airflow/.local/lib/python3.8/site-packages/airflow/example_dags/example_task_group_decorator.py
[2023-09-15T13:42:12.985+0000] {logging_mixin.py:151} INFO - [2023-09-15T13:42:12.985+0000] {dag.py:2907} INFO - Sync 1 DAGs
[2023-09-15T13:42:12.998+0000] {logging_mixin.py:151} INFO - [2023-09-15T13:42:12.997+0000] {dag.py:3677} INFO - Setting next_dagrun for example_task_group_decorator to 2023-09-14T13:42:12.997796+00:00, run_after=2023-09-15T13:42:12.997796+00:00
[2023-09-15T13:42:13.012+0000] {processor.py:179} INFO - Processing /home/airflow/.local/lib/python3.8/site-packages/airflow/example_dags/example_task_group_decorator.py took 0.053 seconds
[2023-09-15T13:42:43.865+0000] {processor.py:157} INFO - Started process (PID=1016) to work on /home/airflow/.local/lib/python3.8/site-packages/airflow/example_dags/example_task_group_decorator.py
[2023-09-15T13:42:43.865+0000] {processor.py:829} INFO - Processing file /home/airflow/.local/lib/python3.8/site-packages/airflow/example_dags/example_task_group_decorator.py for tasks to queue
[2023-09-15T13:42:43.867+0000] {logging_mixin.py:151} INFO - [2023-09-15T13:42:43.866+0000] {dagbag.py:539} INFO - Filling up the DagBag from /home/airflow/.local/lib/python3.8/site-packages/airflow/example_dags/example_task_group_decorator.py
[2023-09-15T13:42:43.876+0000] {processor.py:839} INFO - DAG(s) dict_keys(['example_task_group_decorator']) retrieved from /home/airflow/.local/lib/python3.8/site-packages/airflow/example_dags/example_task_group_decorator.py
[2023-09-15T13:42:43.892+0000] {logging_mixin.py:151} INFO - [2023-09-15T13:42:43.892+0000] {dag.py:2907} INFO - Sync 1 DAGs
[2023-09-15T13:42:43.906+0000] {logging_mixin.py:151} INFO - [2023-09-15T13:42:43.905+0000] {dag.py:3677} INFO - Setting next_dagrun for example_task_group_decorator to 2023-09-14T13:42:43.905613+00:00, run_after=2023-09-15T13:42:43.905613+00:00
[2023-09-15T13:42:43.922+0000] {processor.py:179} INFO - Processing /home/airflow/.local/lib/python3.8/site-packages/airflow/example_dags/example_task_group_decorator.py took 0.060 seconds
[2023-09-15T13:43:14.477+0000] {processor.py:157} INFO - Started process (PID=1074) to work on /home/airflow/.local/lib/python3.8/site-packages/airflow/example_dags/example_task_group_decorator.py
[2023-09-15T13:43:14.478+0000] {processor.py:829} INFO - Processing file /home/airflow/.local/lib/python3.8/site-packages/airflow/example_dags/example_task_group_decorator.py for tasks to queue
[2023-09-15T13:43:14.479+0000] {logging_mixin.py:151} INFO - [2023-09-15T13:43:14.479+0000] {dagbag.py:539} INFO - Filling up the DagBag from /home/airflow/.local/lib/python3.8/site-packages/airflow/example_dags/example_task_group_decorator.py
[2023-09-15T13:43:14.489+0000] {processor.py:839} INFO - DAG(s) dict_keys(['example_task_group_decorator']) retrieved from /home/airflow/.local/lib/python3.8/site-packages/airflow/example_dags/example_task_group_decorator.py
[2023-09-15T13:43:14.503+0000] {logging_mixin.py:151} INFO - [2023-09-15T13:43:14.502+0000] {dag.py:2907} INFO - Sync 1 DAGs
[2023-09-15T13:43:14.515+0000] {logging_mixin.py:151} INFO - [2023-09-15T13:43:14.515+0000] {dag.py:3677} INFO - Setting next_dagrun for example_task_group_decorator to 2023-09-14T13:43:14.515086+00:00, run_after=2023-09-15T13:43:14.515086+00:00
[2023-09-15T13:43:14.529+0000] {processor.py:179} INFO - Processing /home/airflow/.local/lib/python3.8/site-packages/airflow/example_dags/example_task_group_decorator.py took 0.053 seconds
[2023-09-15T13:43:44.828+0000] {processor.py:157} INFO - Started process (PID=1132) to work on /home/airflow/.local/lib/python3.8/site-packages/airflow/example_dags/example_task_group_decorator.py
[2023-09-15T13:43:44.829+0000] {processor.py:829} INFO - Processing file /home/airflow/.local/lib/python3.8/site-packages/airflow/example_dags/example_task_group_decorator.py for tasks to queue
[2023-09-15T13:43:44.830+0000] {logging_mixin.py:151} INFO - [2023-09-15T13:43:44.830+0000] {dagbag.py:539} INFO - Filling up the DagBag from /home/airflow/.local/lib/python3.8/site-packages/airflow/example_dags/example_task_group_decorator.py
[2023-09-15T13:43:44.839+0000] {processor.py:839} INFO - DAG(s) dict_keys(['example_task_group_decorator']) retrieved from /home/airflow/.local/lib/python3.8/site-packages/airflow/example_dags/example_task_group_decorator.py
[2023-09-15T13:43:44.852+0000] {logging_mixin.py:151} INFO - [2023-09-15T13:43:44.852+0000] {dag.py:2907} INFO - Sync 1 DAGs
[2023-09-15T13:43:44.865+0000] {logging_mixin.py:151} INFO - [2023-09-15T13:43:44.865+0000] {dag.py:3677} INFO - Setting next_dagrun for example_task_group_decorator to 2023-09-14T13:43:44.865669+00:00, run_after=2023-09-15T13:43:44.865669+00:00
[2023-09-15T13:43:44.879+0000] {processor.py:179} INFO - Processing /home/airflow/.local/lib/python3.8/site-packages/airflow/example_dags/example_task_group_decorator.py took 0.053 seconds
[2023-09-15T13:44:15.198+0000] {processor.py:157} INFO - Started process (PID=1190) to work on /home/airflow/.local/lib/python3.8/site-packages/airflow/example_dags/example_task_group_decorator.py
[2023-09-15T13:44:15.199+0000] {processor.py:829} INFO - Processing file /home/airflow/.local/lib/python3.8/site-packages/airflow/example_dags/example_task_group_decorator.py for tasks to queue
[2023-09-15T13:44:15.201+0000] {logging_mixin.py:151} INFO - [2023-09-15T13:44:15.200+0000] {dagbag.py:539} INFO - Filling up the DagBag from /home/airflow/.local/lib/python3.8/site-packages/airflow/example_dags/example_task_group_decorator.py
[2023-09-15T13:44:15.210+0000] {processor.py:839} INFO - DAG(s) dict_keys(['example_task_group_decorator']) retrieved from /home/airflow/.local/lib/python3.8/site-packages/airflow/example_dags/example_task_group_decorator.py
[2023-09-15T13:44:15.226+0000] {logging_mixin.py:151} INFO - [2023-09-15T13:44:15.226+0000] {dag.py:2907} INFO - Sync 1 DAGs
[2023-09-15T13:44:15.241+0000] {logging_mixin.py:151} INFO - [2023-09-15T13:44:15.241+0000] {dag.py:3677} INFO - Setting next_dagrun for example_task_group_decorator to 2023-09-14T13:44:15.241398+00:00, run_after=2023-09-15T13:44:15.241398+00:00
[2023-09-15T13:44:15.257+0000] {processor.py:179} INFO - Processing /home/airflow/.local/lib/python3.8/site-packages/airflow/example_dags/example_task_group_decorator.py took 0.060 seconds
[2023-09-15T13:44:45.569+0000] {processor.py:157} INFO - Started process (PID=1248) to work on /home/airflow/.local/lib/python3.8/site-packages/airflow/example_dags/example_task_group_decorator.py
[2023-09-15T13:44:45.570+0000] {processor.py:829} INFO - Processing file /home/airflow/.local/lib/python3.8/site-packages/airflow/example_dags/example_task_group_decorator.py for tasks to queue
[2023-09-15T13:44:45.571+0000] {logging_mixin.py:151} INFO - [2023-09-15T13:44:45.571+0000] {dagbag.py:539} INFO - Filling up the DagBag from /home/airflow/.local/lib/python3.8/site-packages/airflow/example_dags/example_task_group_decorator.py
[2023-09-15T13:44:45.580+0000] {processor.py:839} INFO - DAG(s) dict_keys(['example_task_group_decorator']) retrieved from /home/airflow/.local/lib/python3.8/site-packages/airflow/example_dags/example_task_group_decorator.py
[2023-09-15T13:44:45.594+0000] {logging_mixin.py:151} INFO - [2023-09-15T13:44:45.594+0000] {dag.py:2907} INFO - Sync 1 DAGs
[2023-09-15T13:44:45.608+0000] {logging_mixin.py:151} INFO - [2023-09-15T13:44:45.608+0000] {dag.py:3677} INFO - Setting next_dagrun for example_task_group_decorator to 2023-09-14T13:44:45.608277+00:00, run_after=2023-09-15T13:44:45.608277+00:00
[2023-09-15T13:44:45.622+0000] {processor.py:179} INFO - Processing /home/airflow/.local/lib/python3.8/site-packages/airflow/example_dags/example_task_group_decorator.py took 0.054 seconds
[2023-09-15T13:45:15.887+0000] {processor.py:157} INFO - Started process (PID=1306) to work on /home/airflow/.local/lib/python3.8/site-packages/airflow/example_dags/example_task_group_decorator.py
[2023-09-15T13:45:15.888+0000] {processor.py:829} INFO - Processing file /home/airflow/.local/lib/python3.8/site-packages/airflow/example_dags/example_task_group_decorator.py for tasks to queue
[2023-09-15T13:45:15.889+0000] {logging_mixin.py:151} INFO - [2023-09-15T13:45:15.889+0000] {dagbag.py:539} INFO - Filling up the DagBag from /home/airflow/.local/lib/python3.8/site-packages/airflow/example_dags/example_task_group_decorator.py
[2023-09-15T13:45:15.898+0000] {processor.py:839} INFO - DAG(s) dict_keys(['example_task_group_decorator']) retrieved from /home/airflow/.local/lib/python3.8/site-packages/airflow/example_dags/example_task_group_decorator.py
[2023-09-15T13:45:15.914+0000] {logging_mixin.py:151} INFO - [2023-09-15T13:45:15.914+0000] {dag.py:2907} INFO - Sync 1 DAGs
[2023-09-15T13:45:15.927+0000] {logging_mixin.py:151} INFO - [2023-09-15T13:45:15.927+0000] {dag.py:3677} INFO - Setting next_dagrun for example_task_group_decorator to 2023-09-14T13:45:15.926879+00:00, run_after=2023-09-15T13:45:15.926879+00:00
[2023-09-15T13:45:15.941+0000] {processor.py:179} INFO - Processing /home/airflow/.local/lib/python3.8/site-packages/airflow/example_dags/example_task_group_decorator.py took 0.056 seconds
[2023-09-15T13:45:46.182+0000] {processor.py:157} INFO - Started process (PID=1364) to work on /home/airflow/.local/lib/python3.8/site-packages/airflow/example_dags/example_task_group_decorator.py
[2023-09-15T13:45:46.182+0000] {processor.py:829} INFO - Processing file /home/airflow/.local/lib/python3.8/site-packages/airflow/example_dags/example_task_group_decorator.py for tasks to queue
[2023-09-15T13:45:46.184+0000] {logging_mixin.py:151} INFO - [2023-09-15T13:45:46.183+0000] {dagbag.py:539} INFO - Filling up the DagBag from /home/airflow/.local/lib/python3.8/site-packages/airflow/example_dags/example_task_group_decorator.py
[2023-09-15T13:45:46.192+0000] {processor.py:839} INFO - DAG(s) dict_keys(['example_task_group_decorator']) retrieved from /home/airflow/.local/lib/python3.8/site-packages/airflow/example_dags/example_task_group_decorator.py
[2023-09-15T13:45:46.207+0000] {logging_mixin.py:151} INFO - [2023-09-15T13:45:46.207+0000] {dag.py:2907} INFO - Sync 1 DAGs
[2023-09-15T13:45:46.221+0000] {logging_mixin.py:151} INFO - [2023-09-15T13:45:46.221+0000] {dag.py:3677} INFO - Setting next_dagrun for example_task_group_decorator to 2023-09-14T13:45:46.221178+00:00, run_after=2023-09-15T13:45:46.221178+00:00
[2023-09-15T13:45:46.235+0000] {processor.py:179} INFO - Processing /home/airflow/.local/lib/python3.8/site-packages/airflow/example_dags/example_task_group_decorator.py took 0.055 seconds
[2023-09-15T13:46:16.575+0000] {processor.py:157} INFO - Started process (PID=1422) to work on /home/airflow/.local/lib/python3.8/site-packages/airflow/example_dags/example_task_group_decorator.py
[2023-09-15T13:46:16.576+0000] {processor.py:829} INFO - Processing file /home/airflow/.local/lib/python3.8/site-packages/airflow/example_dags/example_task_group_decorator.py for tasks to queue
[2023-09-15T13:46:16.577+0000] {logging_mixin.py:151} INFO - [2023-09-15T13:46:16.577+0000] {dagbag.py:539} INFO - Filling up the DagBag from /home/airflow/.local/lib/python3.8/site-packages/airflow/example_dags/example_task_group_decorator.py
[2023-09-15T13:46:16.586+0000] {processor.py:839} INFO - DAG(s) dict_keys(['example_task_group_decorator']) retrieved from /home/airflow/.local/lib/python3.8/site-packages/airflow/example_dags/example_task_group_decorator.py
[2023-09-15T13:46:16.600+0000] {logging_mixin.py:151} INFO - [2023-09-15T13:46:16.600+0000] {dag.py:2907} INFO - Sync 1 DAGs
[2023-09-15T13:46:16.613+0000] {logging_mixin.py:151} INFO - [2023-09-15T13:46:16.613+0000] {dag.py:3677} INFO - Setting next_dagrun for example_task_group_decorator to 2023-09-14T13:46:16.613320+00:00, run_after=2023-09-15T13:46:16.613320+00:00
[2023-09-15T13:46:16.627+0000] {processor.py:179} INFO - Processing /home/airflow/.local/lib/python3.8/site-packages/airflow/example_dags/example_task_group_decorator.py took 0.054 seconds
[2023-09-15T13:46:46.873+0000] {processor.py:157} INFO - Started process (PID=1480) to work on /home/airflow/.local/lib/python3.8/site-packages/airflow/example_dags/example_task_group_decorator.py
[2023-09-15T13:46:46.873+0000] {processor.py:829} INFO - Processing file /home/airflow/.local/lib/python3.8/site-packages/airflow/example_dags/example_task_group_decorator.py for tasks to queue
[2023-09-15T13:46:46.875+0000] {logging_mixin.py:151} INFO - [2023-09-15T13:46:46.875+0000] {dagbag.py:539} INFO - Filling up the DagBag from /home/airflow/.local/lib/python3.8/site-packages/airflow/example_dags/example_task_group_decorator.py
[2023-09-15T13:46:46.883+0000] {processor.py:839} INFO - DAG(s) dict_keys(['example_task_group_decorator']) retrieved from /home/airflow/.local/lib/python3.8/site-packages/airflow/example_dags/example_task_group_decorator.py
[2023-09-15T13:46:46.898+0000] {logging_mixin.py:151} INFO - [2023-09-15T13:46:46.897+0000] {dag.py:2907} INFO - Sync 1 DAGs
[2023-09-15T13:46:46.911+0000] {logging_mixin.py:151} INFO - [2023-09-15T13:46:46.910+0000] {dag.py:3677} INFO - Setting next_dagrun for example_task_group_decorator to 2023-09-14T13:46:46.910740+00:00, run_after=2023-09-15T13:46:46.910740+00:00
[2023-09-15T13:46:46.952+0000] {processor.py:179} INFO - Processing /home/airflow/.local/lib/python3.8/site-packages/airflow/example_dags/example_task_group_decorator.py took 0.081 seconds
[2023-09-15T13:47:17.222+0000] {processor.py:157} INFO - Started process (PID=1539) to work on /home/airflow/.local/lib/python3.8/site-packages/airflow/example_dags/example_task_group_decorator.py
[2023-09-15T13:47:17.223+0000] {processor.py:829} INFO - Processing file /home/airflow/.local/lib/python3.8/site-packages/airflow/example_dags/example_task_group_decorator.py for tasks to queue
[2023-09-15T13:47:17.225+0000] {logging_mixin.py:151} INFO - [2023-09-15T13:47:17.224+0000] {dagbag.py:539} INFO - Filling up the DagBag from /home/airflow/.local/lib/python3.8/site-packages/airflow/example_dags/example_task_group_decorator.py
[2023-09-15T13:47:17.233+0000] {processor.py:839} INFO - DAG(s) dict_keys(['example_task_group_decorator']) retrieved from /home/airflow/.local/lib/python3.8/site-packages/airflow/example_dags/example_task_group_decorator.py
[2023-09-15T13:47:17.249+0000] {logging_mixin.py:151} INFO - [2023-09-15T13:47:17.249+0000] {dag.py:2907} INFO - Sync 1 DAGs
[2023-09-15T13:47:17.262+0000] {logging_mixin.py:151} INFO - [2023-09-15T13:47:17.262+0000] {dag.py:3677} INFO - Setting next_dagrun for example_task_group_decorator to 2023-09-14T13:47:17.262044+00:00, run_after=2023-09-15T13:47:17.262044+00:00
[2023-09-15T13:47:17.276+0000] {processor.py:179} INFO - Processing /home/airflow/.local/lib/python3.8/site-packages/airflow/example_dags/example_task_group_decorator.py took 0.055 seconds
[2023-09-15T13:47:47.533+0000] {processor.py:157} INFO - Started process (PID=1597) to work on /home/airflow/.local/lib/python3.8/site-packages/airflow/example_dags/example_task_group_decorator.py
[2023-09-15T13:47:47.534+0000] {processor.py:829} INFO - Processing file /home/airflow/.local/lib/python3.8/site-packages/airflow/example_dags/example_task_group_decorator.py for tasks to queue
[2023-09-15T13:47:47.535+0000] {logging_mixin.py:151} INFO - [2023-09-15T13:47:47.535+0000] {dagbag.py:539} INFO - Filling up the DagBag from /home/airflow/.local/lib/python3.8/site-packages/airflow/example_dags/example_task_group_decorator.py
[2023-09-15T13:47:47.544+0000] {processor.py:839} INFO - DAG(s) dict_keys(['example_task_group_decorator']) retrieved from /home/airflow/.local/lib/python3.8/site-packages/airflow/example_dags/example_task_group_decorator.py
[2023-09-15T13:47:47.559+0000] {logging_mixin.py:151} INFO - [2023-09-15T13:47:47.558+0000] {dag.py:2907} INFO - Sync 1 DAGs
[2023-09-15T13:47:47.571+0000] {logging_mixin.py:151} INFO - [2023-09-15T13:47:47.571+0000] {dag.py:3677} INFO - Setting next_dagrun for example_task_group_decorator to 2023-09-14T13:47:47.571189+00:00, run_after=2023-09-15T13:47:47.571189+00:00
[2023-09-15T13:47:47.585+0000] {processor.py:179} INFO - Processing /home/airflow/.local/lib/python3.8/site-packages/airflow/example_dags/example_task_group_decorator.py took 0.054 seconds
[2023-09-15T13:48:17.929+0000] {processor.py:157} INFO - Started process (PID=1655) to work on /home/airflow/.local/lib/python3.8/site-packages/airflow/example_dags/example_task_group_decorator.py
[2023-09-15T13:48:17.929+0000] {processor.py:829} INFO - Processing file /home/airflow/.local/lib/python3.8/site-packages/airflow/example_dags/example_task_group_decorator.py for tasks to queue
[2023-09-15T13:48:17.931+0000] {logging_mixin.py:151} INFO - [2023-09-15T13:48:17.930+0000] {dagbag.py:539} INFO - Filling up the DagBag from /home/airflow/.local/lib/python3.8/site-packages/airflow/example_dags/example_task_group_decorator.py
[2023-09-15T13:48:17.940+0000] {processor.py:839} INFO - DAG(s) dict_keys(['example_task_group_decorator']) retrieved from /home/airflow/.local/lib/python3.8/site-packages/airflow/example_dags/example_task_group_decorator.py
[2023-09-15T13:48:17.954+0000] {logging_mixin.py:151} INFO - [2023-09-15T13:48:17.954+0000] {dag.py:2907} INFO - Sync 1 DAGs
[2023-09-15T13:48:17.968+0000] {logging_mixin.py:151} INFO - [2023-09-15T13:48:17.968+0000] {dag.py:3677} INFO - Setting next_dagrun for example_task_group_decorator to 2023-09-14T13:48:17.968011+00:00, run_after=2023-09-15T13:48:17.968011+00:00
[2023-09-15T13:48:17.982+0000] {processor.py:179} INFO - Processing /home/airflow/.local/lib/python3.8/site-packages/airflow/example_dags/example_task_group_decorator.py took 0.056 seconds
[2023-09-15T13:48:48.500+0000] {processor.py:157} INFO - Started process (PID=1713) to work on /home/airflow/.local/lib/python3.8/site-packages/airflow/example_dags/example_task_group_decorator.py
[2023-09-15T13:48:48.501+0000] {processor.py:829} INFO - Processing file /home/airflow/.local/lib/python3.8/site-packages/airflow/example_dags/example_task_group_decorator.py for tasks to queue
[2023-09-15T13:48:48.502+0000] {logging_mixin.py:151} INFO - [2023-09-15T13:48:48.502+0000] {dagbag.py:539} INFO - Filling up the DagBag from /home/airflow/.local/lib/python3.8/site-packages/airflow/example_dags/example_task_group_decorator.py
[2023-09-15T13:48:48.510+0000] {processor.py:839} INFO - DAG(s) dict_keys(['example_task_group_decorator']) retrieved from /home/airflow/.local/lib/python3.8/site-packages/airflow/example_dags/example_task_group_decorator.py
[2023-09-15T13:48:48.524+0000] {logging_mixin.py:151} INFO - [2023-09-15T13:48:48.524+0000] {dag.py:2907} INFO - Sync 1 DAGs
[2023-09-15T13:48:48.538+0000] {logging_mixin.py:151} INFO - [2023-09-15T13:48:48.537+0000] {dag.py:3677} INFO - Setting next_dagrun for example_task_group_decorator to 2023-09-14T13:48:48.537734+00:00, run_after=2023-09-15T13:48:48.537734+00:00
[2023-09-15T13:48:48.551+0000] {processor.py:179} INFO - Processing /home/airflow/.local/lib/python3.8/site-packages/airflow/example_dags/example_task_group_decorator.py took 0.053 seconds
[2023-09-15T13:49:18.663+0000] {processor.py:157} INFO - Started process (PID=1771) to work on /home/airflow/.local/lib/python3.8/site-packages/airflow/example_dags/example_task_group_decorator.py
[2023-09-15T13:49:18.663+0000] {processor.py:829} INFO - Processing file /home/airflow/.local/lib/python3.8/site-packages/airflow/example_dags/example_task_group_decorator.py for tasks to queue
[2023-09-15T13:49:18.664+0000] {logging_mixin.py:151} INFO - [2023-09-15T13:49:18.664+0000] {dagbag.py:539} INFO - Filling up the DagBag from /home/airflow/.local/lib/python3.8/site-packages/airflow/example_dags/example_task_group_decorator.py
[2023-09-15T13:49:18.673+0000] {processor.py:839} INFO - DAG(s) dict_keys(['example_task_group_decorator']) retrieved from /home/airflow/.local/lib/python3.8/site-packages/airflow/example_dags/example_task_group_decorator.py
[2023-09-15T13:49:18.688+0000] {logging_mixin.py:151} INFO - [2023-09-15T13:49:18.688+0000] {dag.py:2907} INFO - Sync 1 DAGs
[2023-09-15T13:49:18.700+0000] {logging_mixin.py:151} INFO - [2023-09-15T13:49:18.700+0000] {dag.py:3677} INFO - Setting next_dagrun for example_task_group_decorator to 2023-09-14T13:49:18.700482+00:00, run_after=2023-09-15T13:49:18.700482+00:00
[2023-09-15T13:49:18.717+0000] {processor.py:179} INFO - Processing /home/airflow/.local/lib/python3.8/site-packages/airflow/example_dags/example_task_group_decorator.py took 0.056 seconds
[2023-09-15T13:49:49.149+0000] {processor.py:157} INFO - Started process (PID=1829) to work on /home/airflow/.local/lib/python3.8/site-packages/airflow/example_dags/example_task_group_decorator.py
[2023-09-15T13:49:49.150+0000] {processor.py:829} INFO - Processing file /home/airflow/.local/lib/python3.8/site-packages/airflow/example_dags/example_task_group_decorator.py for tasks to queue
[2023-09-15T13:49:49.151+0000] {logging_mixin.py:151} INFO - [2023-09-15T13:49:49.151+0000] {dagbag.py:539} INFO - Filling up the DagBag from /home/airflow/.local/lib/python3.8/site-packages/airflow/example_dags/example_task_group_decorator.py
[2023-09-15T13:49:49.161+0000] {processor.py:839} INFO - DAG(s) dict_keys(['example_task_group_decorator']) retrieved from /home/airflow/.local/lib/python3.8/site-packages/airflow/example_dags/example_task_group_decorator.py
[2023-09-15T13:49:49.175+0000] {logging_mixin.py:151} INFO - [2023-09-15T13:49:49.175+0000] {dag.py:2907} INFO - Sync 1 DAGs
[2023-09-15T13:49:49.188+0000] {logging_mixin.py:151} INFO - [2023-09-15T13:49:49.188+0000] {dag.py:3677} INFO - Setting next_dagrun for example_task_group_decorator to 2023-09-14T13:49:49.188179+00:00, run_after=2023-09-15T13:49:49.188179+00:00
[2023-09-15T13:49:49.202+0000] {processor.py:179} INFO - Processing /home/airflow/.local/lib/python3.8/site-packages/airflow/example_dags/example_task_group_decorator.py took 0.054 seconds
[2023-09-15T13:50:19.629+0000] {processor.py:157} INFO - Started process (PID=1887) to work on /home/airflow/.local/lib/python3.8/site-packages/airflow/example_dags/example_task_group_decorator.py
[2023-09-15T13:50:19.630+0000] {processor.py:829} INFO - Processing file /home/airflow/.local/lib/python3.8/site-packages/airflow/example_dags/example_task_group_decorator.py for tasks to queue
[2023-09-15T13:50:19.631+0000] {logging_mixin.py:151} INFO - [2023-09-15T13:50:19.631+0000] {dagbag.py:539} INFO - Filling up the DagBag from /home/airflow/.local/lib/python3.8/site-packages/airflow/example_dags/example_task_group_decorator.py
[2023-09-15T13:50:19.640+0000] {processor.py:839} INFO - DAG(s) dict_keys(['example_task_group_decorator']) retrieved from /home/airflow/.local/lib/python3.8/site-packages/airflow/example_dags/example_task_group_decorator.py
[2023-09-15T13:50:19.654+0000] {logging_mixin.py:151} INFO - [2023-09-15T13:50:19.654+0000] {dag.py:2907} INFO - Sync 1 DAGs
[2023-09-15T13:50:19.668+0000] {logging_mixin.py:151} INFO - [2023-09-15T13:50:19.668+0000] {dag.py:3677} INFO - Setting next_dagrun for example_task_group_decorator to 2023-09-14T13:50:19.667991+00:00, run_after=2023-09-15T13:50:19.667991+00:00
[2023-09-15T13:50:19.682+0000] {processor.py:179} INFO - Processing /home/airflow/.local/lib/python3.8/site-packages/airflow/example_dags/example_task_group_decorator.py took 0.055 seconds
