[2023-09-15T13:34:35.309+0000] {processor.py:157} INFO - Started process (PID=63) to work on /home/airflow/.local/lib/python3.8/site-packages/airflow/example_dags/example_python_operator.py
[2023-09-15T13:34:35.310+0000] {processor.py:829} INFO - Processing file /home/airflow/.local/lib/python3.8/site-packages/airflow/example_dags/example_python_operator.py for tasks to queue
[2023-09-15T13:34:35.311+0000] {logging_mixin.py:151} INFO - [2023-09-15T13:34:35.311+0000] {dagbag.py:539} INFO - Filling up the DagBag from /home/airflow/.local/lib/python3.8/site-packages/airflow/example_dags/example_python_operator.py
[2023-09-15T13:34:35.322+0000] {processor.py:839} INFO - DAG(s) dict_keys(['example_python_operator']) retrieved from /home/airflow/.local/lib/python3.8/site-packages/airflow/example_dags/example_python_operator.py
[2023-09-15T13:34:35.568+0000] {logging_mixin.py:151} INFO - [2023-09-15T13:34:35.568+0000] {dag.py:2907} INFO - Sync 1 DAGs
[2023-09-15T13:34:35.578+0000] {logging_mixin.py:151} INFO - [2023-09-15T13:34:35.577+0000] {dag.py:3677} INFO - Setting next_dagrun for example_python_operator to None, run_after=None
[2023-09-15T13:34:35.595+0000] {processor.py:179} INFO - Processing /home/airflow/.local/lib/python3.8/site-packages/airflow/example_dags/example_python_operator.py took 0.289 seconds
[2023-09-15T13:35:06.066+0000] {processor.py:157} INFO - Started process (PID=136) to work on /home/airflow/.local/lib/python3.8/site-packages/airflow/example_dags/example_python_operator.py
[2023-09-15T13:35:06.067+0000] {processor.py:829} INFO - Processing file /home/airflow/.local/lib/python3.8/site-packages/airflow/example_dags/example_python_operator.py for tasks to queue
[2023-09-15T13:35:06.068+0000] {logging_mixin.py:151} INFO - [2023-09-15T13:35:06.068+0000] {dagbag.py:539} INFO - Filling up the DagBag from /home/airflow/.local/lib/python3.8/site-packages/airflow/example_dags/example_python_operator.py
[2023-09-15T13:35:06.075+0000] {processor.py:839} INFO - DAG(s) dict_keys(['example_python_operator']) retrieved from /home/airflow/.local/lib/python3.8/site-packages/airflow/example_dags/example_python_operator.py
[2023-09-15T13:35:06.186+0000] {logging_mixin.py:151} INFO - [2023-09-15T13:35:06.186+0000] {dag.py:2907} INFO - Sync 1 DAGs
[2023-09-15T13:35:06.194+0000] {logging_mixin.py:151} INFO - [2023-09-15T13:35:06.193+0000] {dag.py:3677} INFO - Setting next_dagrun for example_python_operator to None, run_after=None
[2023-09-15T13:35:06.209+0000] {processor.py:179} INFO - Processing /home/airflow/.local/lib/python3.8/site-packages/airflow/example_dags/example_python_operator.py took 0.144 seconds
[2023-09-15T13:35:36.338+0000] {processor.py:157} INFO - Started process (PID=193) to work on /home/airflow/.local/lib/python3.8/site-packages/airflow/example_dags/example_python_operator.py
[2023-09-15T13:35:36.339+0000] {processor.py:829} INFO - Processing file /home/airflow/.local/lib/python3.8/site-packages/airflow/example_dags/example_python_operator.py for tasks to queue
[2023-09-15T13:35:36.340+0000] {logging_mixin.py:151} INFO - [2023-09-15T13:35:36.340+0000] {dagbag.py:539} INFO - Filling up the DagBag from /home/airflow/.local/lib/python3.8/site-packages/airflow/example_dags/example_python_operator.py
[2023-09-15T13:35:36.346+0000] {processor.py:839} INFO - DAG(s) dict_keys(['example_python_operator']) retrieved from /home/airflow/.local/lib/python3.8/site-packages/airflow/example_dags/example_python_operator.py
[2023-09-15T13:35:36.360+0000] {logging_mixin.py:151} INFO - [2023-09-15T13:35:36.360+0000] {dag.py:2907} INFO - Sync 1 DAGs
[2023-09-15T13:35:36.368+0000] {logging_mixin.py:151} INFO - [2023-09-15T13:35:36.368+0000] {dag.py:3677} INFO - Setting next_dagrun for example_python_operator to None, run_after=None
[2023-09-15T13:35:36.381+0000] {processor.py:179} INFO - Processing /home/airflow/.local/lib/python3.8/site-packages/airflow/example_dags/example_python_operator.py took 0.044 seconds
[2023-09-15T13:36:06.659+0000] {processor.py:157} INFO - Started process (PID=251) to work on /home/airflow/.local/lib/python3.8/site-packages/airflow/example_dags/example_python_operator.py
[2023-09-15T13:36:06.660+0000] {processor.py:829} INFO - Processing file /home/airflow/.local/lib/python3.8/site-packages/airflow/example_dags/example_python_operator.py for tasks to queue
[2023-09-15T13:36:06.661+0000] {logging_mixin.py:151} INFO - [2023-09-15T13:36:06.661+0000] {dagbag.py:539} INFO - Filling up the DagBag from /home/airflow/.local/lib/python3.8/site-packages/airflow/example_dags/example_python_operator.py
[2023-09-15T13:36:06.667+0000] {processor.py:839} INFO - DAG(s) dict_keys(['example_python_operator']) retrieved from /home/airflow/.local/lib/python3.8/site-packages/airflow/example_dags/example_python_operator.py
[2023-09-15T13:36:06.681+0000] {logging_mixin.py:151} INFO - [2023-09-15T13:36:06.681+0000] {dag.py:2907} INFO - Sync 1 DAGs
[2023-09-15T13:36:06.688+0000] {logging_mixin.py:151} INFO - [2023-09-15T13:36:06.688+0000] {dag.py:3677} INFO - Setting next_dagrun for example_python_operator to None, run_after=None
[2023-09-15T13:36:06.703+0000] {processor.py:179} INFO - Processing /home/airflow/.local/lib/python3.8/site-packages/airflow/example_dags/example_python_operator.py took 0.046 seconds
[2023-09-15T13:36:36.962+0000] {processor.py:157} INFO - Started process (PID=309) to work on /home/airflow/.local/lib/python3.8/site-packages/airflow/example_dags/example_python_operator.py
[2023-09-15T13:36:36.962+0000] {processor.py:829} INFO - Processing file /home/airflow/.local/lib/python3.8/site-packages/airflow/example_dags/example_python_operator.py for tasks to queue
[2023-09-15T13:36:36.964+0000] {logging_mixin.py:151} INFO - [2023-09-15T13:36:36.964+0000] {dagbag.py:539} INFO - Filling up the DagBag from /home/airflow/.local/lib/python3.8/site-packages/airflow/example_dags/example_python_operator.py
[2023-09-15T13:36:36.970+0000] {processor.py:839} INFO - DAG(s) dict_keys(['example_python_operator']) retrieved from /home/airflow/.local/lib/python3.8/site-packages/airflow/example_dags/example_python_operator.py
[2023-09-15T13:36:36.983+0000] {logging_mixin.py:151} INFO - [2023-09-15T13:36:36.983+0000] {dag.py:2907} INFO - Sync 1 DAGs
[2023-09-15T13:36:36.991+0000] {logging_mixin.py:151} INFO - [2023-09-15T13:36:36.991+0000] {dag.py:3677} INFO - Setting next_dagrun for example_python_operator to None, run_after=None
[2023-09-15T13:36:37.005+0000] {processor.py:179} INFO - Processing /home/airflow/.local/lib/python3.8/site-packages/airflow/example_dags/example_python_operator.py took 0.045 seconds
[2023-09-15T13:37:07.402+0000] {processor.py:157} INFO - Started process (PID=368) to work on /home/airflow/.local/lib/python3.8/site-packages/airflow/example_dags/example_python_operator.py
[2023-09-15T13:37:07.403+0000] {processor.py:829} INFO - Processing file /home/airflow/.local/lib/python3.8/site-packages/airflow/example_dags/example_python_operator.py for tasks to queue
[2023-09-15T13:37:07.404+0000] {logging_mixin.py:151} INFO - [2023-09-15T13:37:07.404+0000] {dagbag.py:539} INFO - Filling up the DagBag from /home/airflow/.local/lib/python3.8/site-packages/airflow/example_dags/example_python_operator.py
[2023-09-15T13:37:07.410+0000] {processor.py:839} INFO - DAG(s) dict_keys(['example_python_operator']) retrieved from /home/airflow/.local/lib/python3.8/site-packages/airflow/example_dags/example_python_operator.py
[2023-09-15T13:37:07.424+0000] {logging_mixin.py:151} INFO - [2023-09-15T13:37:07.424+0000] {dag.py:2907} INFO - Sync 1 DAGs
[2023-09-15T13:37:07.432+0000] {logging_mixin.py:151} INFO - [2023-09-15T13:37:07.432+0000] {dag.py:3677} INFO - Setting next_dagrun for example_python_operator to None, run_after=None
[2023-09-15T13:37:07.445+0000] {processor.py:179} INFO - Processing /home/airflow/.local/lib/python3.8/site-packages/airflow/example_dags/example_python_operator.py took 0.044 seconds
[2023-09-15T13:37:37.664+0000] {processor.py:157} INFO - Started process (PID=426) to work on /home/airflow/.local/lib/python3.8/site-packages/airflow/example_dags/example_python_operator.py
[2023-09-15T13:37:37.665+0000] {processor.py:829} INFO - Processing file /home/airflow/.local/lib/python3.8/site-packages/airflow/example_dags/example_python_operator.py for tasks to queue
[2023-09-15T13:37:37.667+0000] {logging_mixin.py:151} INFO - [2023-09-15T13:37:37.666+0000] {dagbag.py:539} INFO - Filling up the DagBag from /home/airflow/.local/lib/python3.8/site-packages/airflow/example_dags/example_python_operator.py
[2023-09-15T13:37:37.673+0000] {processor.py:839} INFO - DAG(s) dict_keys(['example_python_operator']) retrieved from /home/airflow/.local/lib/python3.8/site-packages/airflow/example_dags/example_python_operator.py
[2023-09-15T13:37:37.686+0000] {logging_mixin.py:151} INFO - [2023-09-15T13:37:37.686+0000] {dag.py:2907} INFO - Sync 1 DAGs
[2023-09-15T13:37:37.694+0000] {logging_mixin.py:151} INFO - [2023-09-15T13:37:37.694+0000] {dag.py:3677} INFO - Setting next_dagrun for example_python_operator to None, run_after=None
[2023-09-15T13:37:37.707+0000] {processor.py:179} INFO - Processing /home/airflow/.local/lib/python3.8/site-packages/airflow/example_dags/example_python_operator.py took 0.044 seconds
[2023-09-15T13:38:07.909+0000] {processor.py:157} INFO - Started process (PID=483) to work on /home/airflow/.local/lib/python3.8/site-packages/airflow/example_dags/example_python_operator.py
[2023-09-15T13:38:07.910+0000] {processor.py:829} INFO - Processing file /home/airflow/.local/lib/python3.8/site-packages/airflow/example_dags/example_python_operator.py for tasks to queue
[2023-09-15T13:38:07.911+0000] {logging_mixin.py:151} INFO - [2023-09-15T13:38:07.911+0000] {dagbag.py:539} INFO - Filling up the DagBag from /home/airflow/.local/lib/python3.8/site-packages/airflow/example_dags/example_python_operator.py
[2023-09-15T13:38:07.917+0000] {processor.py:839} INFO - DAG(s) dict_keys(['example_python_operator']) retrieved from /home/airflow/.local/lib/python3.8/site-packages/airflow/example_dags/example_python_operator.py
[2023-09-15T13:38:07.930+0000] {logging_mixin.py:151} INFO - [2023-09-15T13:38:07.930+0000] {dag.py:2907} INFO - Sync 1 DAGs
[2023-09-15T13:38:07.938+0000] {logging_mixin.py:151} INFO - [2023-09-15T13:38:07.938+0000] {dag.py:3677} INFO - Setting next_dagrun for example_python_operator to None, run_after=None
[2023-09-15T13:38:07.951+0000] {processor.py:179} INFO - Processing /home/airflow/.local/lib/python3.8/site-packages/airflow/example_dags/example_python_operator.py took 0.044 seconds
[2023-09-15T13:38:38.448+0000] {processor.py:157} INFO - Started process (PID=541) to work on /home/airflow/.local/lib/python3.8/site-packages/airflow/example_dags/example_python_operator.py
[2023-09-15T13:38:38.449+0000] {processor.py:829} INFO - Processing file /home/airflow/.local/lib/python3.8/site-packages/airflow/example_dags/example_python_operator.py for tasks to queue
[2023-09-15T13:38:38.450+0000] {logging_mixin.py:151} INFO - [2023-09-15T13:38:38.450+0000] {dagbag.py:539} INFO - Filling up the DagBag from /home/airflow/.local/lib/python3.8/site-packages/airflow/example_dags/example_python_operator.py
[2023-09-15T13:38:38.456+0000] {processor.py:839} INFO - DAG(s) dict_keys(['example_python_operator']) retrieved from /home/airflow/.local/lib/python3.8/site-packages/airflow/example_dags/example_python_operator.py
[2023-09-15T13:38:38.470+0000] {logging_mixin.py:151} INFO - [2023-09-15T13:38:38.470+0000] {dag.py:2907} INFO - Sync 1 DAGs
[2023-09-15T13:38:38.477+0000] {logging_mixin.py:151} INFO - [2023-09-15T13:38:38.477+0000] {dag.py:3677} INFO - Setting next_dagrun for example_python_operator to None, run_after=None
[2023-09-15T13:38:38.490+0000] {processor.py:179} INFO - Processing /home/airflow/.local/lib/python3.8/site-packages/airflow/example_dags/example_python_operator.py took 0.044 seconds
[2023-09-15T13:39:09.068+0000] {processor.py:157} INFO - Started process (PID=599) to work on /home/airflow/.local/lib/python3.8/site-packages/airflow/example_dags/example_python_operator.py
[2023-09-15T13:39:09.069+0000] {processor.py:829} INFO - Processing file /home/airflow/.local/lib/python3.8/site-packages/airflow/example_dags/example_python_operator.py for tasks to queue
[2023-09-15T13:39:09.070+0000] {logging_mixin.py:151} INFO - [2023-09-15T13:39:09.070+0000] {dagbag.py:539} INFO - Filling up the DagBag from /home/airflow/.local/lib/python3.8/site-packages/airflow/example_dags/example_python_operator.py
[2023-09-15T13:39:09.078+0000] {processor.py:839} INFO - DAG(s) dict_keys(['example_python_operator']) retrieved from /home/airflow/.local/lib/python3.8/site-packages/airflow/example_dags/example_python_operator.py
[2023-09-15T13:39:09.092+0000] {logging_mixin.py:151} INFO - [2023-09-15T13:39:09.092+0000] {dag.py:2907} INFO - Sync 1 DAGs
[2023-09-15T13:39:09.099+0000] {logging_mixin.py:151} INFO - [2023-09-15T13:39:09.099+0000] {dag.py:3677} INFO - Setting next_dagrun for example_python_operator to None, run_after=None
[2023-09-15T13:39:09.111+0000] {processor.py:179} INFO - Processing /home/airflow/.local/lib/python3.8/site-packages/airflow/example_dags/example_python_operator.py took 0.045 seconds
[2023-09-15T13:39:39.562+0000] {processor.py:157} INFO - Started process (PID=658) to work on /home/airflow/.local/lib/python3.8/site-packages/airflow/example_dags/example_python_operator.py
[2023-09-15T13:39:39.563+0000] {processor.py:829} INFO - Processing file /home/airflow/.local/lib/python3.8/site-packages/airflow/example_dags/example_python_operator.py for tasks to queue
[2023-09-15T13:39:39.564+0000] {logging_mixin.py:151} INFO - [2023-09-15T13:39:39.564+0000] {dagbag.py:539} INFO - Filling up the DagBag from /home/airflow/.local/lib/python3.8/site-packages/airflow/example_dags/example_python_operator.py
[2023-09-15T13:39:39.570+0000] {processor.py:839} INFO - DAG(s) dict_keys(['example_python_operator']) retrieved from /home/airflow/.local/lib/python3.8/site-packages/airflow/example_dags/example_python_operator.py
[2023-09-15T13:39:39.585+0000] {logging_mixin.py:151} INFO - [2023-09-15T13:39:39.585+0000] {dag.py:2907} INFO - Sync 1 DAGs
[2023-09-15T13:39:39.594+0000] {logging_mixin.py:151} INFO - [2023-09-15T13:39:39.593+0000] {dag.py:3677} INFO - Setting next_dagrun for example_python_operator to None, run_after=None
[2023-09-15T13:39:39.677+0000] {processor.py:179} INFO - Processing /home/airflow/.local/lib/python3.8/site-packages/airflow/example_dags/example_python_operator.py took 0.117 seconds
[2023-09-15T13:40:09.941+0000] {processor.py:157} INFO - Started process (PID=715) to work on /home/airflow/.local/lib/python3.8/site-packages/airflow/example_dags/example_python_operator.py
[2023-09-15T13:40:09.942+0000] {processor.py:829} INFO - Processing file /home/airflow/.local/lib/python3.8/site-packages/airflow/example_dags/example_python_operator.py for tasks to queue
[2023-09-15T13:40:09.944+0000] {logging_mixin.py:151} INFO - [2023-09-15T13:40:09.944+0000] {dagbag.py:539} INFO - Filling up the DagBag from /home/airflow/.local/lib/python3.8/site-packages/airflow/example_dags/example_python_operator.py
[2023-09-15T13:40:09.951+0000] {processor.py:839} INFO - DAG(s) dict_keys(['example_python_operator']) retrieved from /home/airflow/.local/lib/python3.8/site-packages/airflow/example_dags/example_python_operator.py
[2023-09-15T13:40:09.966+0000] {logging_mixin.py:151} INFO - [2023-09-15T13:40:09.966+0000] {dag.py:2907} INFO - Sync 1 DAGs
[2023-09-15T13:40:09.974+0000] {logging_mixin.py:151} INFO - [2023-09-15T13:40:09.974+0000] {dag.py:3677} INFO - Setting next_dagrun for example_python_operator to None, run_after=None
[2023-09-15T13:40:09.987+0000] {processor.py:179} INFO - Processing /home/airflow/.local/lib/python3.8/site-packages/airflow/example_dags/example_python_operator.py took 0.048 seconds
[2023-09-15T13:40:40.448+0000] {processor.py:157} INFO - Started process (PID=774) to work on /home/airflow/.local/lib/python3.8/site-packages/airflow/example_dags/example_python_operator.py
[2023-09-15T13:40:40.448+0000] {processor.py:829} INFO - Processing file /home/airflow/.local/lib/python3.8/site-packages/airflow/example_dags/example_python_operator.py for tasks to queue
[2023-09-15T13:40:40.450+0000] {logging_mixin.py:151} INFO - [2023-09-15T13:40:40.449+0000] {dagbag.py:539} INFO - Filling up the DagBag from /home/airflow/.local/lib/python3.8/site-packages/airflow/example_dags/example_python_operator.py
[2023-09-15T13:40:40.456+0000] {processor.py:839} INFO - DAG(s) dict_keys(['example_python_operator']) retrieved from /home/airflow/.local/lib/python3.8/site-packages/airflow/example_dags/example_python_operator.py
[2023-09-15T13:40:40.470+0000] {logging_mixin.py:151} INFO - [2023-09-15T13:40:40.470+0000] {dag.py:2907} INFO - Sync 1 DAGs
[2023-09-15T13:40:40.477+0000] {logging_mixin.py:151} INFO - [2023-09-15T13:40:40.477+0000] {dag.py:3677} INFO - Setting next_dagrun for example_python_operator to None, run_after=None
[2023-09-15T13:40:40.490+0000] {processor.py:179} INFO - Processing /home/airflow/.local/lib/python3.8/site-packages/airflow/example_dags/example_python_operator.py took 0.044 seconds
[2023-09-15T13:41:10.846+0000] {processor.py:157} INFO - Started process (PID=832) to work on /home/airflow/.local/lib/python3.8/site-packages/airflow/example_dags/example_python_operator.py
[2023-09-15T13:41:10.847+0000] {processor.py:829} INFO - Processing file /home/airflow/.local/lib/python3.8/site-packages/airflow/example_dags/example_python_operator.py for tasks to queue
[2023-09-15T13:41:10.848+0000] {logging_mixin.py:151} INFO - [2023-09-15T13:41:10.848+0000] {dagbag.py:539} INFO - Filling up the DagBag from /home/airflow/.local/lib/python3.8/site-packages/airflow/example_dags/example_python_operator.py
[2023-09-15T13:41:10.855+0000] {processor.py:839} INFO - DAG(s) dict_keys(['example_python_operator']) retrieved from /home/airflow/.local/lib/python3.8/site-packages/airflow/example_dags/example_python_operator.py
[2023-09-15T13:41:10.868+0000] {logging_mixin.py:151} INFO - [2023-09-15T13:41:10.868+0000] {dag.py:2907} INFO - Sync 1 DAGs
[2023-09-15T13:41:10.876+0000] {logging_mixin.py:151} INFO - [2023-09-15T13:41:10.876+0000] {dag.py:3677} INFO - Setting next_dagrun for example_python_operator to None, run_after=None
[2023-09-15T13:41:10.890+0000] {processor.py:179} INFO - Processing /home/airflow/.local/lib/python3.8/site-packages/airflow/example_dags/example_python_operator.py took 0.045 seconds
[2023-09-15T13:41:41.048+0000] {processor.py:157} INFO - Started process (PID=889) to work on /home/airflow/.local/lib/python3.8/site-packages/airflow/example_dags/example_python_operator.py
[2023-09-15T13:41:41.048+0000] {processor.py:829} INFO - Processing file /home/airflow/.local/lib/python3.8/site-packages/airflow/example_dags/example_python_operator.py for tasks to queue
[2023-09-15T13:41:41.050+0000] {logging_mixin.py:151} INFO - [2023-09-15T13:41:41.050+0000] {dagbag.py:539} INFO - Filling up the DagBag from /home/airflow/.local/lib/python3.8/site-packages/airflow/example_dags/example_python_operator.py
[2023-09-15T13:41:41.057+0000] {processor.py:839} INFO - DAG(s) dict_keys(['example_python_operator']) retrieved from /home/airflow/.local/lib/python3.8/site-packages/airflow/example_dags/example_python_operator.py
[2023-09-15T13:41:41.070+0000] {logging_mixin.py:151} INFO - [2023-09-15T13:41:41.070+0000] {dag.py:2907} INFO - Sync 1 DAGs
[2023-09-15T13:41:41.077+0000] {logging_mixin.py:151} INFO - [2023-09-15T13:41:41.077+0000] {dag.py:3677} INFO - Setting next_dagrun for example_python_operator to None, run_after=None
[2023-09-15T13:41:41.091+0000] {processor.py:179} INFO - Processing /home/airflow/.local/lib/python3.8/site-packages/airflow/example_dags/example_python_operator.py took 0.045 seconds
[2023-09-15T13:42:11.495+0000] {processor.py:157} INFO - Started process (PID=948) to work on /home/airflow/.local/lib/python3.8/site-packages/airflow/example_dags/example_python_operator.py
[2023-09-15T13:42:11.495+0000] {processor.py:829} INFO - Processing file /home/airflow/.local/lib/python3.8/site-packages/airflow/example_dags/example_python_operator.py for tasks to queue
[2023-09-15T13:42:11.496+0000] {logging_mixin.py:151} INFO - [2023-09-15T13:42:11.496+0000] {dagbag.py:539} INFO - Filling up the DagBag from /home/airflow/.local/lib/python3.8/site-packages/airflow/example_dags/example_python_operator.py
[2023-09-15T13:42:11.503+0000] {processor.py:839} INFO - DAG(s) dict_keys(['example_python_operator']) retrieved from /home/airflow/.local/lib/python3.8/site-packages/airflow/example_dags/example_python_operator.py
[2023-09-15T13:42:11.517+0000] {logging_mixin.py:151} INFO - [2023-09-15T13:42:11.517+0000] {dag.py:2907} INFO - Sync 1 DAGs
[2023-09-15T13:42:11.525+0000] {logging_mixin.py:151} INFO - [2023-09-15T13:42:11.525+0000] {dag.py:3677} INFO - Setting next_dagrun for example_python_operator to None, run_after=None
[2023-09-15T13:42:11.540+0000] {processor.py:179} INFO - Processing /home/airflow/.local/lib/python3.8/site-packages/airflow/example_dags/example_python_operator.py took 0.047 seconds
[2023-09-15T13:42:42.134+0000] {processor.py:157} INFO - Started process (PID=1006) to work on /home/airflow/.local/lib/python3.8/site-packages/airflow/example_dags/example_python_operator.py
[2023-09-15T13:42:42.136+0000] {processor.py:829} INFO - Processing file /home/airflow/.local/lib/python3.8/site-packages/airflow/example_dags/example_python_operator.py for tasks to queue
[2023-09-15T13:42:42.138+0000] {logging_mixin.py:151} INFO - [2023-09-15T13:42:42.138+0000] {dagbag.py:539} INFO - Filling up the DagBag from /home/airflow/.local/lib/python3.8/site-packages/airflow/example_dags/example_python_operator.py
[2023-09-15T13:42:42.149+0000] {processor.py:839} INFO - DAG(s) dict_keys(['example_python_operator']) retrieved from /home/airflow/.local/lib/python3.8/site-packages/airflow/example_dags/example_python_operator.py
[2023-09-15T13:42:42.174+0000] {logging_mixin.py:151} INFO - [2023-09-15T13:42:42.174+0000] {dag.py:2907} INFO - Sync 1 DAGs
[2023-09-15T13:42:42.190+0000] {logging_mixin.py:151} INFO - [2023-09-15T13:42:42.190+0000] {dag.py:3677} INFO - Setting next_dagrun for example_python_operator to None, run_after=None
[2023-09-15T13:42:42.221+0000] {processor.py:179} INFO - Processing /home/airflow/.local/lib/python3.8/site-packages/airflow/example_dags/example_python_operator.py took 0.090 seconds
[2023-09-15T13:43:12.793+0000] {processor.py:157} INFO - Started process (PID=1063) to work on /home/airflow/.local/lib/python3.8/site-packages/airflow/example_dags/example_python_operator.py
[2023-09-15T13:43:12.794+0000] {processor.py:829} INFO - Processing file /home/airflow/.local/lib/python3.8/site-packages/airflow/example_dags/example_python_operator.py for tasks to queue
[2023-09-15T13:43:12.795+0000] {logging_mixin.py:151} INFO - [2023-09-15T13:43:12.795+0000] {dagbag.py:539} INFO - Filling up the DagBag from /home/airflow/.local/lib/python3.8/site-packages/airflow/example_dags/example_python_operator.py
[2023-09-15T13:43:12.802+0000] {processor.py:839} INFO - DAG(s) dict_keys(['example_python_operator']) retrieved from /home/airflow/.local/lib/python3.8/site-packages/airflow/example_dags/example_python_operator.py
[2023-09-15T13:43:12.816+0000] {logging_mixin.py:151} INFO - [2023-09-15T13:43:12.816+0000] {dag.py:2907} INFO - Sync 1 DAGs
[2023-09-15T13:43:12.824+0000] {logging_mixin.py:151} INFO - [2023-09-15T13:43:12.823+0000] {dag.py:3677} INFO - Setting next_dagrun for example_python_operator to None, run_after=None
[2023-09-15T13:43:12.837+0000] {processor.py:179} INFO - Processing /home/airflow/.local/lib/python3.8/site-packages/airflow/example_dags/example_python_operator.py took 0.046 seconds
[2023-09-15T13:43:43.377+0000] {processor.py:157} INFO - Started process (PID=1122) to work on /home/airflow/.local/lib/python3.8/site-packages/airflow/example_dags/example_python_operator.py
[2023-09-15T13:43:43.378+0000] {processor.py:829} INFO - Processing file /home/airflow/.local/lib/python3.8/site-packages/airflow/example_dags/example_python_operator.py for tasks to queue
[2023-09-15T13:43:43.379+0000] {logging_mixin.py:151} INFO - [2023-09-15T13:43:43.379+0000] {dagbag.py:539} INFO - Filling up the DagBag from /home/airflow/.local/lib/python3.8/site-packages/airflow/example_dags/example_python_operator.py
[2023-09-15T13:43:43.387+0000] {processor.py:839} INFO - DAG(s) dict_keys(['example_python_operator']) retrieved from /home/airflow/.local/lib/python3.8/site-packages/airflow/example_dags/example_python_operator.py
[2023-09-15T13:43:43.401+0000] {logging_mixin.py:151} INFO - [2023-09-15T13:43:43.401+0000] {dag.py:2907} INFO - Sync 1 DAGs
[2023-09-15T13:43:43.410+0000] {logging_mixin.py:151} INFO - [2023-09-15T13:43:43.410+0000] {dag.py:3677} INFO - Setting next_dagrun for example_python_operator to None, run_after=None
[2023-09-15T13:43:43.423+0000] {processor.py:179} INFO - Processing /home/airflow/.local/lib/python3.8/site-packages/airflow/example_dags/example_python_operator.py took 0.048 seconds
[2023-09-15T13:44:13.632+0000] {processor.py:157} INFO - Started process (PID=1180) to work on /home/airflow/.local/lib/python3.8/site-packages/airflow/example_dags/example_python_operator.py
[2023-09-15T13:44:13.632+0000] {processor.py:829} INFO - Processing file /home/airflow/.local/lib/python3.8/site-packages/airflow/example_dags/example_python_operator.py for tasks to queue
[2023-09-15T13:44:13.635+0000] {logging_mixin.py:151} INFO - [2023-09-15T13:44:13.634+0000] {dagbag.py:539} INFO - Filling up the DagBag from /home/airflow/.local/lib/python3.8/site-packages/airflow/example_dags/example_python_operator.py
[2023-09-15T13:44:13.642+0000] {processor.py:839} INFO - DAG(s) dict_keys(['example_python_operator']) retrieved from /home/airflow/.local/lib/python3.8/site-packages/airflow/example_dags/example_python_operator.py
[2023-09-15T13:44:13.740+0000] {logging_mixin.py:151} INFO - [2023-09-15T13:44:13.740+0000] {dag.py:2907} INFO - Sync 1 DAGs
[2023-09-15T13:44:13.749+0000] {logging_mixin.py:151} INFO - [2023-09-15T13:44:13.749+0000] {dag.py:3677} INFO - Setting next_dagrun for example_python_operator to None, run_after=None
[2023-09-15T13:44:13.772+0000] {processor.py:179} INFO - Processing /home/airflow/.local/lib/python3.8/site-packages/airflow/example_dags/example_python_operator.py took 0.143 seconds
[2023-09-15T13:44:44.134+0000] {processor.py:157} INFO - Started process (PID=1238) to work on /home/airflow/.local/lib/python3.8/site-packages/airflow/example_dags/example_python_operator.py
[2023-09-15T13:44:44.135+0000] {processor.py:829} INFO - Processing file /home/airflow/.local/lib/python3.8/site-packages/airflow/example_dags/example_python_operator.py for tasks to queue
[2023-09-15T13:44:44.136+0000] {logging_mixin.py:151} INFO - [2023-09-15T13:44:44.136+0000] {dagbag.py:539} INFO - Filling up the DagBag from /home/airflow/.local/lib/python3.8/site-packages/airflow/example_dags/example_python_operator.py
[2023-09-15T13:44:44.143+0000] {processor.py:839} INFO - DAG(s) dict_keys(['example_python_operator']) retrieved from /home/airflow/.local/lib/python3.8/site-packages/airflow/example_dags/example_python_operator.py
[2023-09-15T13:44:44.159+0000] {logging_mixin.py:151} INFO - [2023-09-15T13:44:44.159+0000] {dag.py:2907} INFO - Sync 1 DAGs
[2023-09-15T13:44:44.167+0000] {logging_mixin.py:151} INFO - [2023-09-15T13:44:44.167+0000] {dag.py:3677} INFO - Setting next_dagrun for example_python_operator to None, run_after=None
[2023-09-15T13:44:44.180+0000] {processor.py:179} INFO - Processing /home/airflow/.local/lib/python3.8/site-packages/airflow/example_dags/example_python_operator.py took 0.048 seconds
[2023-09-15T13:45:14.319+0000] {processor.py:157} INFO - Started process (PID=1296) to work on /home/airflow/.local/lib/python3.8/site-packages/airflow/example_dags/example_python_operator.py
[2023-09-15T13:45:14.319+0000] {processor.py:829} INFO - Processing file /home/airflow/.local/lib/python3.8/site-packages/airflow/example_dags/example_python_operator.py for tasks to queue
[2023-09-15T13:45:14.321+0000] {logging_mixin.py:151} INFO - [2023-09-15T13:45:14.321+0000] {dagbag.py:539} INFO - Filling up the DagBag from /home/airflow/.local/lib/python3.8/site-packages/airflow/example_dags/example_python_operator.py
[2023-09-15T13:45:14.327+0000] {processor.py:839} INFO - DAG(s) dict_keys(['example_python_operator']) retrieved from /home/airflow/.local/lib/python3.8/site-packages/airflow/example_dags/example_python_operator.py
[2023-09-15T13:45:14.342+0000] {logging_mixin.py:151} INFO - [2023-09-15T13:45:14.342+0000] {dag.py:2907} INFO - Sync 1 DAGs
[2023-09-15T13:45:14.350+0000] {logging_mixin.py:151} INFO - [2023-09-15T13:45:14.350+0000] {dag.py:3677} INFO - Setting next_dagrun for example_python_operator to None, run_after=None
[2023-09-15T13:45:14.363+0000] {processor.py:179} INFO - Processing /home/airflow/.local/lib/python3.8/site-packages/airflow/example_dags/example_python_operator.py took 0.046 seconds
[2023-09-15T13:45:44.617+0000] {processor.py:157} INFO - Started process (PID=1354) to work on /home/airflow/.local/lib/python3.8/site-packages/airflow/example_dags/example_python_operator.py
[2023-09-15T13:45:44.617+0000] {processor.py:829} INFO - Processing file /home/airflow/.local/lib/python3.8/site-packages/airflow/example_dags/example_python_operator.py for tasks to queue
[2023-09-15T13:45:44.619+0000] {logging_mixin.py:151} INFO - [2023-09-15T13:45:44.618+0000] {dagbag.py:539} INFO - Filling up the DagBag from /home/airflow/.local/lib/python3.8/site-packages/airflow/example_dags/example_python_operator.py
[2023-09-15T13:45:44.627+0000] {processor.py:839} INFO - DAG(s) dict_keys(['example_python_operator']) retrieved from /home/airflow/.local/lib/python3.8/site-packages/airflow/example_dags/example_python_operator.py
[2023-09-15T13:45:44.642+0000] {logging_mixin.py:151} INFO - [2023-09-15T13:45:44.642+0000] {dag.py:2907} INFO - Sync 1 DAGs
[2023-09-15T13:45:44.650+0000] {logging_mixin.py:151} INFO - [2023-09-15T13:45:44.650+0000] {dag.py:3677} INFO - Setting next_dagrun for example_python_operator to None, run_after=None
[2023-09-15T13:45:44.664+0000] {processor.py:179} INFO - Processing /home/airflow/.local/lib/python3.8/site-packages/airflow/example_dags/example_python_operator.py took 0.050 seconds
[2023-09-15T13:46:14.878+0000] {processor.py:157} INFO - Started process (PID=1411) to work on /home/airflow/.local/lib/python3.8/site-packages/airflow/example_dags/example_python_operator.py
[2023-09-15T13:46:14.878+0000] {processor.py:829} INFO - Processing file /home/airflow/.local/lib/python3.8/site-packages/airflow/example_dags/example_python_operator.py for tasks to queue
[2023-09-15T13:46:14.880+0000] {logging_mixin.py:151} INFO - [2023-09-15T13:46:14.880+0000] {dagbag.py:539} INFO - Filling up the DagBag from /home/airflow/.local/lib/python3.8/site-packages/airflow/example_dags/example_python_operator.py
[2023-09-15T13:46:14.886+0000] {processor.py:839} INFO - DAG(s) dict_keys(['example_python_operator']) retrieved from /home/airflow/.local/lib/python3.8/site-packages/airflow/example_dags/example_python_operator.py
[2023-09-15T13:46:14.900+0000] {logging_mixin.py:151} INFO - [2023-09-15T13:46:14.899+0000] {dag.py:2907} INFO - Sync 1 DAGs
[2023-09-15T13:46:14.907+0000] {logging_mixin.py:151} INFO - [2023-09-15T13:46:14.907+0000] {dag.py:3677} INFO - Setting next_dagrun for example_python_operator to None, run_after=None
[2023-09-15T13:46:14.920+0000] {processor.py:179} INFO - Processing /home/airflow/.local/lib/python3.8/site-packages/airflow/example_dags/example_python_operator.py took 0.044 seconds
[2023-09-15T13:46:45.148+0000] {processor.py:157} INFO - Started process (PID=1469) to work on /home/airflow/.local/lib/python3.8/site-packages/airflow/example_dags/example_python_operator.py
[2023-09-15T13:46:45.149+0000] {processor.py:829} INFO - Processing file /home/airflow/.local/lib/python3.8/site-packages/airflow/example_dags/example_python_operator.py for tasks to queue
[2023-09-15T13:46:45.150+0000] {logging_mixin.py:151} INFO - [2023-09-15T13:46:45.150+0000] {dagbag.py:539} INFO - Filling up the DagBag from /home/airflow/.local/lib/python3.8/site-packages/airflow/example_dags/example_python_operator.py
[2023-09-15T13:46:45.157+0000] {processor.py:839} INFO - DAG(s) dict_keys(['example_python_operator']) retrieved from /home/airflow/.local/lib/python3.8/site-packages/airflow/example_dags/example_python_operator.py
[2023-09-15T13:46:45.170+0000] {logging_mixin.py:151} INFO - [2023-09-15T13:46:45.170+0000] {dag.py:2907} INFO - Sync 1 DAGs
[2023-09-15T13:46:45.178+0000] {logging_mixin.py:151} INFO - [2023-09-15T13:46:45.178+0000] {dag.py:3677} INFO - Setting next_dagrun for example_python_operator to None, run_after=None
[2023-09-15T13:46:45.191+0000] {processor.py:179} INFO - Processing /home/airflow/.local/lib/python3.8/site-packages/airflow/example_dags/example_python_operator.py took 0.045 seconds
[2023-09-15T13:47:15.715+0000] {processor.py:157} INFO - Started process (PID=1529) to work on /home/airflow/.local/lib/python3.8/site-packages/airflow/example_dags/example_python_operator.py
[2023-09-15T13:47:15.716+0000] {processor.py:829} INFO - Processing file /home/airflow/.local/lib/python3.8/site-packages/airflow/example_dags/example_python_operator.py for tasks to queue
[2023-09-15T13:47:15.717+0000] {logging_mixin.py:151} INFO - [2023-09-15T13:47:15.717+0000] {dagbag.py:539} INFO - Filling up the DagBag from /home/airflow/.local/lib/python3.8/site-packages/airflow/example_dags/example_python_operator.py
[2023-09-15T13:47:15.723+0000] {processor.py:839} INFO - DAG(s) dict_keys(['example_python_operator']) retrieved from /home/airflow/.local/lib/python3.8/site-packages/airflow/example_dags/example_python_operator.py
[2023-09-15T13:47:15.738+0000] {logging_mixin.py:151} INFO - [2023-09-15T13:47:15.738+0000] {dag.py:2907} INFO - Sync 1 DAGs
[2023-09-15T13:47:15.748+0000] {logging_mixin.py:151} INFO - [2023-09-15T13:47:15.748+0000] {dag.py:3677} INFO - Setting next_dagrun for example_python_operator to None, run_after=None
[2023-09-15T13:47:15.763+0000] {processor.py:179} INFO - Processing /home/airflow/.local/lib/python3.8/site-packages/airflow/example_dags/example_python_operator.py took 0.050 seconds
[2023-09-15T13:47:45.935+0000] {processor.py:157} INFO - Started process (PID=1587) to work on /home/airflow/.local/lib/python3.8/site-packages/airflow/example_dags/example_python_operator.py
[2023-09-15T13:47:45.936+0000] {processor.py:829} INFO - Processing file /home/airflow/.local/lib/python3.8/site-packages/airflow/example_dags/example_python_operator.py for tasks to queue
[2023-09-15T13:47:45.937+0000] {logging_mixin.py:151} INFO - [2023-09-15T13:47:45.937+0000] {dagbag.py:539} INFO - Filling up the DagBag from /home/airflow/.local/lib/python3.8/site-packages/airflow/example_dags/example_python_operator.py
[2023-09-15T13:47:45.944+0000] {processor.py:839} INFO - DAG(s) dict_keys(['example_python_operator']) retrieved from /home/airflow/.local/lib/python3.8/site-packages/airflow/example_dags/example_python_operator.py
[2023-09-15T13:47:45.958+0000] {logging_mixin.py:151} INFO - [2023-09-15T13:47:45.958+0000] {dag.py:2907} INFO - Sync 1 DAGs
[2023-09-15T13:47:45.965+0000] {logging_mixin.py:151} INFO - [2023-09-15T13:47:45.965+0000] {dag.py:3677} INFO - Setting next_dagrun for example_python_operator to None, run_after=None
[2023-09-15T13:47:45.978+0000] {processor.py:179} INFO - Processing /home/airflow/.local/lib/python3.8/site-packages/airflow/example_dags/example_python_operator.py took 0.045 seconds
[2023-09-15T13:48:16.411+0000] {processor.py:157} INFO - Started process (PID=1645) to work on /home/airflow/.local/lib/python3.8/site-packages/airflow/example_dags/example_python_operator.py
[2023-09-15T13:48:16.412+0000] {processor.py:829} INFO - Processing file /home/airflow/.local/lib/python3.8/site-packages/airflow/example_dags/example_python_operator.py for tasks to queue
[2023-09-15T13:48:16.413+0000] {logging_mixin.py:151} INFO - [2023-09-15T13:48:16.413+0000] {dagbag.py:539} INFO - Filling up the DagBag from /home/airflow/.local/lib/python3.8/site-packages/airflow/example_dags/example_python_operator.py
[2023-09-15T13:48:16.419+0000] {processor.py:839} INFO - DAG(s) dict_keys(['example_python_operator']) retrieved from /home/airflow/.local/lib/python3.8/site-packages/airflow/example_dags/example_python_operator.py
[2023-09-15T13:48:16.432+0000] {logging_mixin.py:151} INFO - [2023-09-15T13:48:16.432+0000] {dag.py:2907} INFO - Sync 1 DAGs
[2023-09-15T13:48:16.441+0000] {logging_mixin.py:151} INFO - [2023-09-15T13:48:16.441+0000] {dag.py:3677} INFO - Setting next_dagrun for example_python_operator to None, run_after=None
[2023-09-15T13:48:16.454+0000] {processor.py:179} INFO - Processing /home/airflow/.local/lib/python3.8/site-packages/airflow/example_dags/example_python_operator.py took 0.045 seconds
[2023-09-15T13:48:46.651+0000] {processor.py:157} INFO - Started process (PID=1702) to work on /home/airflow/.local/lib/python3.8/site-packages/airflow/example_dags/example_python_operator.py
[2023-09-15T13:48:46.652+0000] {processor.py:829} INFO - Processing file /home/airflow/.local/lib/python3.8/site-packages/airflow/example_dags/example_python_operator.py for tasks to queue
[2023-09-15T13:48:46.653+0000] {logging_mixin.py:151} INFO - [2023-09-15T13:48:46.653+0000] {dagbag.py:539} INFO - Filling up the DagBag from /home/airflow/.local/lib/python3.8/site-packages/airflow/example_dags/example_python_operator.py
[2023-09-15T13:48:46.660+0000] {processor.py:839} INFO - DAG(s) dict_keys(['example_python_operator']) retrieved from /home/airflow/.local/lib/python3.8/site-packages/airflow/example_dags/example_python_operator.py
[2023-09-15T13:48:46.673+0000] {logging_mixin.py:151} INFO - [2023-09-15T13:48:46.673+0000] {dag.py:2907} INFO - Sync 1 DAGs
[2023-09-15T13:48:46.681+0000] {logging_mixin.py:151} INFO - [2023-09-15T13:48:46.681+0000] {dag.py:3677} INFO - Setting next_dagrun for example_python_operator to None, run_after=None
[2023-09-15T13:48:46.695+0000] {processor.py:179} INFO - Processing /home/airflow/.local/lib/python3.8/site-packages/airflow/example_dags/example_python_operator.py took 0.045 seconds
[2023-09-15T13:49:17.170+0000] {processor.py:157} INFO - Started process (PID=1761) to work on /home/airflow/.local/lib/python3.8/site-packages/airflow/example_dags/example_python_operator.py
[2023-09-15T13:49:17.170+0000] {processor.py:829} INFO - Processing file /home/airflow/.local/lib/python3.8/site-packages/airflow/example_dags/example_python_operator.py for tasks to queue
[2023-09-15T13:49:17.172+0000] {logging_mixin.py:151} INFO - [2023-09-15T13:49:17.172+0000] {dagbag.py:539} INFO - Filling up the DagBag from /home/airflow/.local/lib/python3.8/site-packages/airflow/example_dags/example_python_operator.py
[2023-09-15T13:49:17.178+0000] {processor.py:839} INFO - DAG(s) dict_keys(['example_python_operator']) retrieved from /home/airflow/.local/lib/python3.8/site-packages/airflow/example_dags/example_python_operator.py
[2023-09-15T13:49:17.192+0000] {logging_mixin.py:151} INFO - [2023-09-15T13:49:17.192+0000] {dag.py:2907} INFO - Sync 1 DAGs
[2023-09-15T13:49:17.199+0000] {logging_mixin.py:151} INFO - [2023-09-15T13:49:17.199+0000] {dag.py:3677} INFO - Setting next_dagrun for example_python_operator to None, run_after=None
[2023-09-15T13:49:17.212+0000] {processor.py:179} INFO - Processing /home/airflow/.local/lib/python3.8/site-packages/airflow/example_dags/example_python_operator.py took 0.045 seconds
[2023-09-15T13:49:47.719+0000] {processor.py:157} INFO - Started process (PID=1819) to work on /home/airflow/.local/lib/python3.8/site-packages/airflow/example_dags/example_python_operator.py
[2023-09-15T13:49:47.720+0000] {processor.py:829} INFO - Processing file /home/airflow/.local/lib/python3.8/site-packages/airflow/example_dags/example_python_operator.py for tasks to queue
[2023-09-15T13:49:47.721+0000] {logging_mixin.py:151} INFO - [2023-09-15T13:49:47.721+0000] {dagbag.py:539} INFO - Filling up the DagBag from /home/airflow/.local/lib/python3.8/site-packages/airflow/example_dags/example_python_operator.py
[2023-09-15T13:49:47.728+0000] {processor.py:839} INFO - DAG(s) dict_keys(['example_python_operator']) retrieved from /home/airflow/.local/lib/python3.8/site-packages/airflow/example_dags/example_python_operator.py
[2023-09-15T13:49:47.740+0000] {logging_mixin.py:151} INFO - [2023-09-15T13:49:47.740+0000] {dag.py:2907} INFO - Sync 1 DAGs
[2023-09-15T13:49:47.747+0000] {logging_mixin.py:151} INFO - [2023-09-15T13:49:47.747+0000] {dag.py:3677} INFO - Setting next_dagrun for example_python_operator to None, run_after=None
[2023-09-15T13:49:47.760+0000] {processor.py:179} INFO - Processing /home/airflow/.local/lib/python3.8/site-packages/airflow/example_dags/example_python_operator.py took 0.043 seconds
[2023-09-15T13:50:18.135+0000] {processor.py:157} INFO - Started process (PID=1877) to work on /home/airflow/.local/lib/python3.8/site-packages/airflow/example_dags/example_python_operator.py
[2023-09-15T13:50:18.135+0000] {processor.py:829} INFO - Processing file /home/airflow/.local/lib/python3.8/site-packages/airflow/example_dags/example_python_operator.py for tasks to queue
[2023-09-15T13:50:18.138+0000] {logging_mixin.py:151} INFO - [2023-09-15T13:50:18.137+0000] {dagbag.py:539} INFO - Filling up the DagBag from /home/airflow/.local/lib/python3.8/site-packages/airflow/example_dags/example_python_operator.py
[2023-09-15T13:50:18.147+0000] {processor.py:839} INFO - DAG(s) dict_keys(['example_python_operator']) retrieved from /home/airflow/.local/lib/python3.8/site-packages/airflow/example_dags/example_python_operator.py
[2023-09-15T13:50:18.166+0000] {logging_mixin.py:151} INFO - [2023-09-15T13:50:18.166+0000] {dag.py:2907} INFO - Sync 1 DAGs
[2023-09-15T13:50:18.177+0000] {logging_mixin.py:151} INFO - [2023-09-15T13:50:18.176+0000] {dag.py:3677} INFO - Setting next_dagrun for example_python_operator to None, run_after=None
[2023-09-15T13:50:18.194+0000] {processor.py:179} INFO - Processing /home/airflow/.local/lib/python3.8/site-packages/airflow/example_dags/example_python_operator.py took 0.062 seconds
