[2023-09-15T13:34:37.159+0000] {processor.py:157} INFO - Started process (PID=84) to work on /home/airflow/.local/lib/python3.8/site-packages/airflow/example_dags/example_external_task_marker_dag.py
[2023-09-15T13:34:37.160+0000] {processor.py:829} INFO - Processing file /home/airflow/.local/lib/python3.8/site-packages/airflow/example_dags/example_external_task_marker_dag.py for tasks to queue
[2023-09-15T13:34:37.162+0000] {logging_mixin.py:151} INFO - [2023-09-15T13:34:37.162+0000] {dagbag.py:539} INFO - Filling up the DagBag from /home/airflow/.local/lib/python3.8/site-packages/airflow/example_dags/example_external_task_marker_dag.py
[2023-09-15T13:34:37.167+0000] {processor.py:839} INFO - DAG(s) dict_keys(['example_external_task_marker_parent', 'example_external_task_marker_child']) retrieved from /home/airflow/.local/lib/python3.8/site-packages/airflow/example_dags/example_external_task_marker_dag.py
[2023-09-15T13:34:37.189+0000] {logging_mixin.py:151} INFO - [2023-09-15T13:34:37.189+0000] {dag.py:2907} INFO - Sync 2 DAGs
[2023-09-15T13:34:37.201+0000] {logging_mixin.py:151} INFO - [2023-09-15T13:34:37.200+0000] {dag.py:3677} INFO - Setting next_dagrun for example_external_task_marker_child to None, run_after=None
[2023-09-15T13:34:37.203+0000] {logging_mixin.py:151} INFO - [2023-09-15T13:34:37.203+0000] {dag.py:3677} INFO - Setting next_dagrun for example_external_task_marker_parent to None, run_after=None
[2023-09-15T13:34:37.221+0000] {processor.py:179} INFO - Processing /home/airflow/.local/lib/python3.8/site-packages/airflow/example_dags/example_external_task_marker_dag.py took 0.065 seconds
[2023-09-15T13:35:08.111+0000] {processor.py:157} INFO - Started process (PID=157) to work on /home/airflow/.local/lib/python3.8/site-packages/airflow/example_dags/example_external_task_marker_dag.py
[2023-09-15T13:35:08.111+0000] {processor.py:829} INFO - Processing file /home/airflow/.local/lib/python3.8/site-packages/airflow/example_dags/example_external_task_marker_dag.py for tasks to queue
[2023-09-15T13:35:08.113+0000] {logging_mixin.py:151} INFO - [2023-09-15T13:35:08.112+0000] {dagbag.py:539} INFO - Filling up the DagBag from /home/airflow/.local/lib/python3.8/site-packages/airflow/example_dags/example_external_task_marker_dag.py
[2023-09-15T13:35:08.116+0000] {processor.py:839} INFO - DAG(s) dict_keys(['example_external_task_marker_parent', 'example_external_task_marker_child']) retrieved from /home/airflow/.local/lib/python3.8/site-packages/airflow/example_dags/example_external_task_marker_dag.py
[2023-09-15T13:35:08.130+0000] {logging_mixin.py:151} INFO - [2023-09-15T13:35:08.130+0000] {dag.py:2907} INFO - Sync 2 DAGs
[2023-09-15T13:35:08.138+0000] {logging_mixin.py:151} INFO - [2023-09-15T13:35:08.138+0000] {dag.py:3677} INFO - Setting next_dagrun for example_external_task_marker_child to None, run_after=None
[2023-09-15T13:35:08.140+0000] {logging_mixin.py:151} INFO - [2023-09-15T13:35:08.140+0000] {dag.py:3677} INFO - Setting next_dagrun for example_external_task_marker_parent to None, run_after=None
[2023-09-15T13:35:08.152+0000] {processor.py:179} INFO - Processing /home/airflow/.local/lib/python3.8/site-packages/airflow/example_dags/example_external_task_marker_dag.py took 0.043 seconds
[2023-09-15T13:35:38.454+0000] {processor.py:157} INFO - Started process (PID=214) to work on /home/airflow/.local/lib/python3.8/site-packages/airflow/example_dags/example_external_task_marker_dag.py
[2023-09-15T13:35:38.454+0000] {processor.py:829} INFO - Processing file /home/airflow/.local/lib/python3.8/site-packages/airflow/example_dags/example_external_task_marker_dag.py for tasks to queue
[2023-09-15T13:35:38.456+0000] {logging_mixin.py:151} INFO - [2023-09-15T13:35:38.456+0000] {dagbag.py:539} INFO - Filling up the DagBag from /home/airflow/.local/lib/python3.8/site-packages/airflow/example_dags/example_external_task_marker_dag.py
[2023-09-15T13:35:38.459+0000] {processor.py:839} INFO - DAG(s) dict_keys(['example_external_task_marker_parent', 'example_external_task_marker_child']) retrieved from /home/airflow/.local/lib/python3.8/site-packages/airflow/example_dags/example_external_task_marker_dag.py
[2023-09-15T13:35:38.474+0000] {logging_mixin.py:151} INFO - [2023-09-15T13:35:38.474+0000] {dag.py:2907} INFO - Sync 2 DAGs
[2023-09-15T13:35:38.482+0000] {logging_mixin.py:151} INFO - [2023-09-15T13:35:38.482+0000] {dag.py:3677} INFO - Setting next_dagrun for example_external_task_marker_child to None, run_after=None
[2023-09-15T13:35:38.484+0000] {logging_mixin.py:151} INFO - [2023-09-15T13:35:38.484+0000] {dag.py:3677} INFO - Setting next_dagrun for example_external_task_marker_parent to None, run_after=None
[2023-09-15T13:35:38.497+0000] {processor.py:179} INFO - Processing /home/airflow/.local/lib/python3.8/site-packages/airflow/example_dags/example_external_task_marker_dag.py took 0.045 seconds
[2023-09-15T13:36:08.796+0000] {processor.py:157} INFO - Started process (PID=272) to work on /home/airflow/.local/lib/python3.8/site-packages/airflow/example_dags/example_external_task_marker_dag.py
[2023-09-15T13:36:08.797+0000] {processor.py:829} INFO - Processing file /home/airflow/.local/lib/python3.8/site-packages/airflow/example_dags/example_external_task_marker_dag.py for tasks to queue
[2023-09-15T13:36:08.798+0000] {logging_mixin.py:151} INFO - [2023-09-15T13:36:08.798+0000] {dagbag.py:539} INFO - Filling up the DagBag from /home/airflow/.local/lib/python3.8/site-packages/airflow/example_dags/example_external_task_marker_dag.py
[2023-09-15T13:36:08.802+0000] {processor.py:839} INFO - DAG(s) dict_keys(['example_external_task_marker_parent', 'example_external_task_marker_child']) retrieved from /home/airflow/.local/lib/python3.8/site-packages/airflow/example_dags/example_external_task_marker_dag.py
[2023-09-15T13:36:08.816+0000] {logging_mixin.py:151} INFO - [2023-09-15T13:36:08.816+0000] {dag.py:2907} INFO - Sync 2 DAGs
[2023-09-15T13:36:08.825+0000] {logging_mixin.py:151} INFO - [2023-09-15T13:36:08.825+0000] {dag.py:3677} INFO - Setting next_dagrun for example_external_task_marker_child to None, run_after=None
[2023-09-15T13:36:08.827+0000] {logging_mixin.py:151} INFO - [2023-09-15T13:36:08.827+0000] {dag.py:3677} INFO - Setting next_dagrun for example_external_task_marker_parent to None, run_after=None
[2023-09-15T13:36:08.843+0000] {processor.py:179} INFO - Processing /home/airflow/.local/lib/python3.8/site-packages/airflow/example_dags/example_external_task_marker_dag.py took 0.049 seconds
[2023-09-15T13:36:39.174+0000] {processor.py:157} INFO - Started process (PID=331) to work on /home/airflow/.local/lib/python3.8/site-packages/airflow/example_dags/example_external_task_marker_dag.py
[2023-09-15T13:36:39.174+0000] {processor.py:829} INFO - Processing file /home/airflow/.local/lib/python3.8/site-packages/airflow/example_dags/example_external_task_marker_dag.py for tasks to queue
[2023-09-15T13:36:39.176+0000] {logging_mixin.py:151} INFO - [2023-09-15T13:36:39.176+0000] {dagbag.py:539} INFO - Filling up the DagBag from /home/airflow/.local/lib/python3.8/site-packages/airflow/example_dags/example_external_task_marker_dag.py
[2023-09-15T13:36:39.179+0000] {processor.py:839} INFO - DAG(s) dict_keys(['example_external_task_marker_parent', 'example_external_task_marker_child']) retrieved from /home/airflow/.local/lib/python3.8/site-packages/airflow/example_dags/example_external_task_marker_dag.py
[2023-09-15T13:36:39.195+0000] {logging_mixin.py:151} INFO - [2023-09-15T13:36:39.195+0000] {dag.py:2907} INFO - Sync 2 DAGs
[2023-09-15T13:36:39.203+0000] {logging_mixin.py:151} INFO - [2023-09-15T13:36:39.203+0000] {dag.py:3677} INFO - Setting next_dagrun for example_external_task_marker_child to None, run_after=None
[2023-09-15T13:36:39.205+0000] {logging_mixin.py:151} INFO - [2023-09-15T13:36:39.205+0000] {dag.py:3677} INFO - Setting next_dagrun for example_external_task_marker_parent to None, run_after=None
[2023-09-15T13:36:39.217+0000] {processor.py:179} INFO - Processing /home/airflow/.local/lib/python3.8/site-packages/airflow/example_dags/example_external_task_marker_dag.py took 0.045 seconds
[2023-09-15T13:37:09.431+0000] {processor.py:157} INFO - Started process (PID=389) to work on /home/airflow/.local/lib/python3.8/site-packages/airflow/example_dags/example_external_task_marker_dag.py
[2023-09-15T13:37:09.431+0000] {processor.py:829} INFO - Processing file /home/airflow/.local/lib/python3.8/site-packages/airflow/example_dags/example_external_task_marker_dag.py for tasks to queue
[2023-09-15T13:37:09.433+0000] {logging_mixin.py:151} INFO - [2023-09-15T13:37:09.433+0000] {dagbag.py:539} INFO - Filling up the DagBag from /home/airflow/.local/lib/python3.8/site-packages/airflow/example_dags/example_external_task_marker_dag.py
[2023-09-15T13:37:09.437+0000] {processor.py:839} INFO - DAG(s) dict_keys(['example_external_task_marker_parent', 'example_external_task_marker_child']) retrieved from /home/airflow/.local/lib/python3.8/site-packages/airflow/example_dags/example_external_task_marker_dag.py
[2023-09-15T13:37:09.452+0000] {logging_mixin.py:151} INFO - [2023-09-15T13:37:09.451+0000] {dag.py:2907} INFO - Sync 2 DAGs
[2023-09-15T13:37:09.459+0000] {logging_mixin.py:151} INFO - [2023-09-15T13:37:09.459+0000] {dag.py:3677} INFO - Setting next_dagrun for example_external_task_marker_child to None, run_after=None
[2023-09-15T13:37:09.462+0000] {logging_mixin.py:151} INFO - [2023-09-15T13:37:09.461+0000] {dag.py:3677} INFO - Setting next_dagrun for example_external_task_marker_parent to None, run_after=None
[2023-09-15T13:37:09.474+0000] {processor.py:179} INFO - Processing /home/airflow/.local/lib/python3.8/site-packages/airflow/example_dags/example_external_task_marker_dag.py took 0.045 seconds
[2023-09-15T13:37:39.650+0000] {processor.py:157} INFO - Started process (PID=447) to work on /home/airflow/.local/lib/python3.8/site-packages/airflow/example_dags/example_external_task_marker_dag.py
[2023-09-15T13:37:39.651+0000] {processor.py:829} INFO - Processing file /home/airflow/.local/lib/python3.8/site-packages/airflow/example_dags/example_external_task_marker_dag.py for tasks to queue
[2023-09-15T13:37:39.653+0000] {logging_mixin.py:151} INFO - [2023-09-15T13:37:39.652+0000] {dagbag.py:539} INFO - Filling up the DagBag from /home/airflow/.local/lib/python3.8/site-packages/airflow/example_dags/example_external_task_marker_dag.py
[2023-09-15T13:37:39.657+0000] {processor.py:839} INFO - DAG(s) dict_keys(['example_external_task_marker_child', 'example_external_task_marker_parent']) retrieved from /home/airflow/.local/lib/python3.8/site-packages/airflow/example_dags/example_external_task_marker_dag.py
[2023-09-15T13:37:39.672+0000] {logging_mixin.py:151} INFO - [2023-09-15T13:37:39.672+0000] {dag.py:2907} INFO - Sync 2 DAGs
[2023-09-15T13:37:39.680+0000] {logging_mixin.py:151} INFO - [2023-09-15T13:37:39.680+0000] {dag.py:3677} INFO - Setting next_dagrun for example_external_task_marker_child to None, run_after=None
[2023-09-15T13:37:39.682+0000] {logging_mixin.py:151} INFO - [2023-09-15T13:37:39.682+0000] {dag.py:3677} INFO - Setting next_dagrun for example_external_task_marker_parent to None, run_after=None
[2023-09-15T13:37:39.694+0000] {processor.py:179} INFO - Processing /home/airflow/.local/lib/python3.8/site-packages/airflow/example_dags/example_external_task_marker_dag.py took 0.046 seconds
[2023-09-15T13:38:10.116+0000] {processor.py:157} INFO - Started process (PID=505) to work on /home/airflow/.local/lib/python3.8/site-packages/airflow/example_dags/example_external_task_marker_dag.py
[2023-09-15T13:38:10.116+0000] {processor.py:829} INFO - Processing file /home/airflow/.local/lib/python3.8/site-packages/airflow/example_dags/example_external_task_marker_dag.py for tasks to queue
[2023-09-15T13:38:10.118+0000] {logging_mixin.py:151} INFO - [2023-09-15T13:38:10.118+0000] {dagbag.py:539} INFO - Filling up the DagBag from /home/airflow/.local/lib/python3.8/site-packages/airflow/example_dags/example_external_task_marker_dag.py
[2023-09-15T13:38:10.121+0000] {processor.py:839} INFO - DAG(s) dict_keys(['example_external_task_marker_parent', 'example_external_task_marker_child']) retrieved from /home/airflow/.local/lib/python3.8/site-packages/airflow/example_dags/example_external_task_marker_dag.py
[2023-09-15T13:38:10.135+0000] {logging_mixin.py:151} INFO - [2023-09-15T13:38:10.135+0000] {dag.py:2907} INFO - Sync 2 DAGs
[2023-09-15T13:38:10.143+0000] {logging_mixin.py:151} INFO - [2023-09-15T13:38:10.143+0000] {dag.py:3677} INFO - Setting next_dagrun for example_external_task_marker_child to None, run_after=None
[2023-09-15T13:38:10.145+0000] {logging_mixin.py:151} INFO - [2023-09-15T13:38:10.145+0000] {dag.py:3677} INFO - Setting next_dagrun for example_external_task_marker_parent to None, run_after=None
[2023-09-15T13:38:10.157+0000] {processor.py:179} INFO - Processing /home/airflow/.local/lib/python3.8/site-packages/airflow/example_dags/example_external_task_marker_dag.py took 0.044 seconds
[2023-09-15T13:38:40.629+0000] {processor.py:157} INFO - Started process (PID=562) to work on /home/airflow/.local/lib/python3.8/site-packages/airflow/example_dags/example_external_task_marker_dag.py
[2023-09-15T13:38:40.630+0000] {processor.py:829} INFO - Processing file /home/airflow/.local/lib/python3.8/site-packages/airflow/example_dags/example_external_task_marker_dag.py for tasks to queue
[2023-09-15T13:38:40.631+0000] {logging_mixin.py:151} INFO - [2023-09-15T13:38:40.631+0000] {dagbag.py:539} INFO - Filling up the DagBag from /home/airflow/.local/lib/python3.8/site-packages/airflow/example_dags/example_external_task_marker_dag.py
[2023-09-15T13:38:40.635+0000] {processor.py:839} INFO - DAG(s) dict_keys(['example_external_task_marker_child', 'example_external_task_marker_parent']) retrieved from /home/airflow/.local/lib/python3.8/site-packages/airflow/example_dags/example_external_task_marker_dag.py
[2023-09-15T13:38:40.651+0000] {logging_mixin.py:151} INFO - [2023-09-15T13:38:40.651+0000] {dag.py:2907} INFO - Sync 2 DAGs
[2023-09-15T13:38:40.660+0000] {logging_mixin.py:151} INFO - [2023-09-15T13:38:40.660+0000] {dag.py:3677} INFO - Setting next_dagrun for example_external_task_marker_child to None, run_after=None
[2023-09-15T13:38:40.662+0000] {logging_mixin.py:151} INFO - [2023-09-15T13:38:40.662+0000] {dag.py:3677} INFO - Setting next_dagrun for example_external_task_marker_parent to None, run_after=None
[2023-09-15T13:38:40.675+0000] {processor.py:179} INFO - Processing /home/airflow/.local/lib/python3.8/site-packages/airflow/example_dags/example_external_task_marker_dag.py took 0.048 seconds
[2023-09-15T13:39:11.173+0000] {processor.py:157} INFO - Started process (PID=621) to work on /home/airflow/.local/lib/python3.8/site-packages/airflow/example_dags/example_external_task_marker_dag.py
[2023-09-15T13:39:11.174+0000] {processor.py:829} INFO - Processing file /home/airflow/.local/lib/python3.8/site-packages/airflow/example_dags/example_external_task_marker_dag.py for tasks to queue
[2023-09-15T13:39:11.175+0000] {logging_mixin.py:151} INFO - [2023-09-15T13:39:11.175+0000] {dagbag.py:539} INFO - Filling up the DagBag from /home/airflow/.local/lib/python3.8/site-packages/airflow/example_dags/example_external_task_marker_dag.py
[2023-09-15T13:39:11.179+0000] {processor.py:839} INFO - DAG(s) dict_keys(['example_external_task_marker_child', 'example_external_task_marker_parent']) retrieved from /home/airflow/.local/lib/python3.8/site-packages/airflow/example_dags/example_external_task_marker_dag.py
[2023-09-15T13:39:11.193+0000] {logging_mixin.py:151} INFO - [2023-09-15T13:39:11.193+0000] {dag.py:2907} INFO - Sync 2 DAGs
[2023-09-15T13:39:11.201+0000] {logging_mixin.py:151} INFO - [2023-09-15T13:39:11.201+0000] {dag.py:3677} INFO - Setting next_dagrun for example_external_task_marker_child to None, run_after=None
[2023-09-15T13:39:11.204+0000] {logging_mixin.py:151} INFO - [2023-09-15T13:39:11.204+0000] {dag.py:3677} INFO - Setting next_dagrun for example_external_task_marker_parent to None, run_after=None
[2023-09-15T13:39:11.215+0000] {processor.py:179} INFO - Processing /home/airflow/.local/lib/python3.8/site-packages/airflow/example_dags/example_external_task_marker_dag.py took 0.044 seconds
[2023-09-15T13:39:41.612+0000] {processor.py:157} INFO - Started process (PID=679) to work on /home/airflow/.local/lib/python3.8/site-packages/airflow/example_dags/example_external_task_marker_dag.py
[2023-09-15T13:39:41.612+0000] {processor.py:829} INFO - Processing file /home/airflow/.local/lib/python3.8/site-packages/airflow/example_dags/example_external_task_marker_dag.py for tasks to queue
[2023-09-15T13:39:41.614+0000] {logging_mixin.py:151} INFO - [2023-09-15T13:39:41.614+0000] {dagbag.py:539} INFO - Filling up the DagBag from /home/airflow/.local/lib/python3.8/site-packages/airflow/example_dags/example_external_task_marker_dag.py
[2023-09-15T13:39:41.617+0000] {processor.py:839} INFO - DAG(s) dict_keys(['example_external_task_marker_parent', 'example_external_task_marker_child']) retrieved from /home/airflow/.local/lib/python3.8/site-packages/airflow/example_dags/example_external_task_marker_dag.py
[2023-09-15T13:39:41.633+0000] {logging_mixin.py:151} INFO - [2023-09-15T13:39:41.633+0000] {dag.py:2907} INFO - Sync 2 DAGs
[2023-09-15T13:39:41.641+0000] {logging_mixin.py:151} INFO - [2023-09-15T13:39:41.641+0000] {dag.py:3677} INFO - Setting next_dagrun for example_external_task_marker_child to None, run_after=None
[2023-09-15T13:39:41.644+0000] {logging_mixin.py:151} INFO - [2023-09-15T13:39:41.644+0000] {dag.py:3677} INFO - Setting next_dagrun for example_external_task_marker_parent to None, run_after=None
[2023-09-15T13:39:41.657+0000] {processor.py:179} INFO - Processing /home/airflow/.local/lib/python3.8/site-packages/airflow/example_dags/example_external_task_marker_dag.py took 0.047 seconds
[2023-09-15T13:40:12.068+0000] {processor.py:157} INFO - Started process (PID=737) to work on /home/airflow/.local/lib/python3.8/site-packages/airflow/example_dags/example_external_task_marker_dag.py
[2023-09-15T13:40:12.069+0000] {processor.py:829} INFO - Processing file /home/airflow/.local/lib/python3.8/site-packages/airflow/example_dags/example_external_task_marker_dag.py for tasks to queue
[2023-09-15T13:40:12.071+0000] {logging_mixin.py:151} INFO - [2023-09-15T13:40:12.071+0000] {dagbag.py:539} INFO - Filling up the DagBag from /home/airflow/.local/lib/python3.8/site-packages/airflow/example_dags/example_external_task_marker_dag.py
[2023-09-15T13:40:12.075+0000] {processor.py:839} INFO - DAG(s) dict_keys(['example_external_task_marker_parent', 'example_external_task_marker_child']) retrieved from /home/airflow/.local/lib/python3.8/site-packages/airflow/example_dags/example_external_task_marker_dag.py
[2023-09-15T13:40:12.093+0000] {logging_mixin.py:151} INFO - [2023-09-15T13:40:12.093+0000] {dag.py:2907} INFO - Sync 2 DAGs
[2023-09-15T13:40:12.104+0000] {logging_mixin.py:151} INFO - [2023-09-15T13:40:12.104+0000] {dag.py:3677} INFO - Setting next_dagrun for example_external_task_marker_child to None, run_after=None
[2023-09-15T13:40:12.107+0000] {logging_mixin.py:151} INFO - [2023-09-15T13:40:12.107+0000] {dag.py:3677} INFO - Setting next_dagrun for example_external_task_marker_parent to None, run_after=None
[2023-09-15T13:40:12.122+0000] {processor.py:179} INFO - Processing /home/airflow/.local/lib/python3.8/site-packages/airflow/example_dags/example_external_task_marker_dag.py took 0.056 seconds
[2023-09-15T13:40:42.483+0000] {processor.py:157} INFO - Started process (PID=795) to work on /home/airflow/.local/lib/python3.8/site-packages/airflow/example_dags/example_external_task_marker_dag.py
[2023-09-15T13:40:42.484+0000] {processor.py:829} INFO - Processing file /home/airflow/.local/lib/python3.8/site-packages/airflow/example_dags/example_external_task_marker_dag.py for tasks to queue
[2023-09-15T13:40:42.485+0000] {logging_mixin.py:151} INFO - [2023-09-15T13:40:42.485+0000] {dagbag.py:539} INFO - Filling up the DagBag from /home/airflow/.local/lib/python3.8/site-packages/airflow/example_dags/example_external_task_marker_dag.py
[2023-09-15T13:40:42.489+0000] {processor.py:839} INFO - DAG(s) dict_keys(['example_external_task_marker_child', 'example_external_task_marker_parent']) retrieved from /home/airflow/.local/lib/python3.8/site-packages/airflow/example_dags/example_external_task_marker_dag.py
[2023-09-15T13:40:42.505+0000] {logging_mixin.py:151} INFO - [2023-09-15T13:40:42.504+0000] {dag.py:2907} INFO - Sync 2 DAGs
[2023-09-15T13:40:42.513+0000] {logging_mixin.py:151} INFO - [2023-09-15T13:40:42.513+0000] {dag.py:3677} INFO - Setting next_dagrun for example_external_task_marker_child to None, run_after=None
[2023-09-15T13:40:42.515+0000] {logging_mixin.py:151} INFO - [2023-09-15T13:40:42.515+0000] {dag.py:3677} INFO - Setting next_dagrun for example_external_task_marker_parent to None, run_after=None
[2023-09-15T13:40:42.528+0000] {processor.py:179} INFO - Processing /home/airflow/.local/lib/python3.8/site-packages/airflow/example_dags/example_external_task_marker_dag.py took 0.047 seconds
[2023-09-15T13:41:12.743+0000] {processor.py:157} INFO - Started process (PID=853) to work on /home/airflow/.local/lib/python3.8/site-packages/airflow/example_dags/example_external_task_marker_dag.py
[2023-09-15T13:41:12.743+0000] {processor.py:829} INFO - Processing file /home/airflow/.local/lib/python3.8/site-packages/airflow/example_dags/example_external_task_marker_dag.py for tasks to queue
[2023-09-15T13:41:12.745+0000] {logging_mixin.py:151} INFO - [2023-09-15T13:41:12.744+0000] {dagbag.py:539} INFO - Filling up the DagBag from /home/airflow/.local/lib/python3.8/site-packages/airflow/example_dags/example_external_task_marker_dag.py
[2023-09-15T13:41:12.748+0000] {processor.py:839} INFO - DAG(s) dict_keys(['example_external_task_marker_parent', 'example_external_task_marker_child']) retrieved from /home/airflow/.local/lib/python3.8/site-packages/airflow/example_dags/example_external_task_marker_dag.py
[2023-09-15T13:41:12.762+0000] {logging_mixin.py:151} INFO - [2023-09-15T13:41:12.762+0000] {dag.py:2907} INFO - Sync 2 DAGs
[2023-09-15T13:41:12.770+0000] {logging_mixin.py:151} INFO - [2023-09-15T13:41:12.770+0000] {dag.py:3677} INFO - Setting next_dagrun for example_external_task_marker_child to None, run_after=None
[2023-09-15T13:41:12.772+0000] {logging_mixin.py:151} INFO - [2023-09-15T13:41:12.772+0000] {dag.py:3677} INFO - Setting next_dagrun for example_external_task_marker_parent to None, run_after=None
[2023-09-15T13:41:12.785+0000] {processor.py:179} INFO - Processing /home/airflow/.local/lib/python3.8/site-packages/airflow/example_dags/example_external_task_marker_dag.py took 0.044 seconds
[2023-09-15T13:41:43.130+0000] {processor.py:157} INFO - Started process (PID=911) to work on /home/airflow/.local/lib/python3.8/site-packages/airflow/example_dags/example_external_task_marker_dag.py
[2023-09-15T13:41:43.131+0000] {processor.py:829} INFO - Processing file /home/airflow/.local/lib/python3.8/site-packages/airflow/example_dags/example_external_task_marker_dag.py for tasks to queue
[2023-09-15T13:41:43.132+0000] {logging_mixin.py:151} INFO - [2023-09-15T13:41:43.132+0000] {dagbag.py:539} INFO - Filling up the DagBag from /home/airflow/.local/lib/python3.8/site-packages/airflow/example_dags/example_external_task_marker_dag.py
[2023-09-15T13:41:43.136+0000] {processor.py:839} INFO - DAG(s) dict_keys(['example_external_task_marker_child', 'example_external_task_marker_parent']) retrieved from /home/airflow/.local/lib/python3.8/site-packages/airflow/example_dags/example_external_task_marker_dag.py
[2023-09-15T13:41:43.150+0000] {logging_mixin.py:151} INFO - [2023-09-15T13:41:43.150+0000] {dag.py:2907} INFO - Sync 2 DAGs
[2023-09-15T13:41:43.158+0000] {logging_mixin.py:151} INFO - [2023-09-15T13:41:43.158+0000] {dag.py:3677} INFO - Setting next_dagrun for example_external_task_marker_child to None, run_after=None
[2023-09-15T13:41:43.160+0000] {logging_mixin.py:151} INFO - [2023-09-15T13:41:43.160+0000] {dag.py:3677} INFO - Setting next_dagrun for example_external_task_marker_parent to None, run_after=None
[2023-09-15T13:41:43.172+0000] {processor.py:179} INFO - Processing /home/airflow/.local/lib/python3.8/site-packages/airflow/example_dags/example_external_task_marker_dag.py took 0.044 seconds
[2023-09-15T13:42:13.370+0000] {processor.py:157} INFO - Started process (PID=969) to work on /home/airflow/.local/lib/python3.8/site-packages/airflow/example_dags/example_external_task_marker_dag.py
[2023-09-15T13:42:13.371+0000] {processor.py:829} INFO - Processing file /home/airflow/.local/lib/python3.8/site-packages/airflow/example_dags/example_external_task_marker_dag.py for tasks to queue
[2023-09-15T13:42:13.372+0000] {logging_mixin.py:151} INFO - [2023-09-15T13:42:13.372+0000] {dagbag.py:539} INFO - Filling up the DagBag from /home/airflow/.local/lib/python3.8/site-packages/airflow/example_dags/example_external_task_marker_dag.py
[2023-09-15T13:42:13.376+0000] {processor.py:839} INFO - DAG(s) dict_keys(['example_external_task_marker_parent', 'example_external_task_marker_child']) retrieved from /home/airflow/.local/lib/python3.8/site-packages/airflow/example_dags/example_external_task_marker_dag.py
[2023-09-15T13:42:13.390+0000] {logging_mixin.py:151} INFO - [2023-09-15T13:42:13.390+0000] {dag.py:2907} INFO - Sync 2 DAGs
[2023-09-15T13:42:13.398+0000] {logging_mixin.py:151} INFO - [2023-09-15T13:42:13.398+0000] {dag.py:3677} INFO - Setting next_dagrun for example_external_task_marker_child to None, run_after=None
[2023-09-15T13:42:13.401+0000] {logging_mixin.py:151} INFO - [2023-09-15T13:42:13.401+0000] {dag.py:3677} INFO - Setting next_dagrun for example_external_task_marker_parent to None, run_after=None
[2023-09-15T13:42:13.413+0000] {processor.py:179} INFO - Processing /home/airflow/.local/lib/python3.8/site-packages/airflow/example_dags/example_external_task_marker_dag.py took 0.045 seconds
[2023-09-15T13:42:44.463+0000] {processor.py:157} INFO - Started process (PID=1027) to work on /home/airflow/.local/lib/python3.8/site-packages/airflow/example_dags/example_external_task_marker_dag.py
[2023-09-15T13:42:44.464+0000] {processor.py:829} INFO - Processing file /home/airflow/.local/lib/python3.8/site-packages/airflow/example_dags/example_external_task_marker_dag.py for tasks to queue
[2023-09-15T13:42:44.466+0000] {logging_mixin.py:151} INFO - [2023-09-15T13:42:44.466+0000] {dagbag.py:539} INFO - Filling up the DagBag from /home/airflow/.local/lib/python3.8/site-packages/airflow/example_dags/example_external_task_marker_dag.py
[2023-09-15T13:42:44.470+0000] {processor.py:839} INFO - DAG(s) dict_keys(['example_external_task_marker_parent', 'example_external_task_marker_child']) retrieved from /home/airflow/.local/lib/python3.8/site-packages/airflow/example_dags/example_external_task_marker_dag.py
[2023-09-15T13:42:44.489+0000] {logging_mixin.py:151} INFO - [2023-09-15T13:42:44.488+0000] {dag.py:2907} INFO - Sync 2 DAGs
[2023-09-15T13:42:44.497+0000] {logging_mixin.py:151} INFO - [2023-09-15T13:42:44.497+0000] {dag.py:3677} INFO - Setting next_dagrun for example_external_task_marker_child to None, run_after=None
[2023-09-15T13:42:44.500+0000] {logging_mixin.py:151} INFO - [2023-09-15T13:42:44.500+0000] {dag.py:3677} INFO - Setting next_dagrun for example_external_task_marker_parent to None, run_after=None
[2023-09-15T13:42:44.511+0000] {processor.py:179} INFO - Processing /home/airflow/.local/lib/python3.8/site-packages/airflow/example_dags/example_external_task_marker_dag.py took 0.050 seconds
[2023-09-15T13:43:15.018+0000] {processor.py:157} INFO - Started process (PID=1085) to work on /home/airflow/.local/lib/python3.8/site-packages/airflow/example_dags/example_external_task_marker_dag.py
[2023-09-15T13:43:15.018+0000] {processor.py:829} INFO - Processing file /home/airflow/.local/lib/python3.8/site-packages/airflow/example_dags/example_external_task_marker_dag.py for tasks to queue
[2023-09-15T13:43:15.020+0000] {logging_mixin.py:151} INFO - [2023-09-15T13:43:15.019+0000] {dagbag.py:539} INFO - Filling up the DagBag from /home/airflow/.local/lib/python3.8/site-packages/airflow/example_dags/example_external_task_marker_dag.py
[2023-09-15T13:43:15.023+0000] {processor.py:839} INFO - DAG(s) dict_keys(['example_external_task_marker_child', 'example_external_task_marker_parent']) retrieved from /home/airflow/.local/lib/python3.8/site-packages/airflow/example_dags/example_external_task_marker_dag.py
[2023-09-15T13:43:15.038+0000] {logging_mixin.py:151} INFO - [2023-09-15T13:43:15.038+0000] {dag.py:2907} INFO - Sync 2 DAGs
[2023-09-15T13:43:15.045+0000] {logging_mixin.py:151} INFO - [2023-09-15T13:43:15.045+0000] {dag.py:3677} INFO - Setting next_dagrun for example_external_task_marker_child to None, run_after=None
[2023-09-15T13:43:15.047+0000] {logging_mixin.py:151} INFO - [2023-09-15T13:43:15.047+0000] {dag.py:3677} INFO - Setting next_dagrun for example_external_task_marker_parent to None, run_after=None
[2023-09-15T13:43:15.059+0000] {processor.py:179} INFO - Processing /home/airflow/.local/lib/python3.8/site-packages/airflow/example_dags/example_external_task_marker_dag.py took 0.044 seconds
[2023-09-15T13:43:45.492+0000] {processor.py:157} INFO - Started process (PID=1143) to work on /home/airflow/.local/lib/python3.8/site-packages/airflow/example_dags/example_external_task_marker_dag.py
[2023-09-15T13:43:45.492+0000] {processor.py:829} INFO - Processing file /home/airflow/.local/lib/python3.8/site-packages/airflow/example_dags/example_external_task_marker_dag.py for tasks to queue
[2023-09-15T13:43:45.494+0000] {logging_mixin.py:151} INFO - [2023-09-15T13:43:45.493+0000] {dagbag.py:539} INFO - Filling up the DagBag from /home/airflow/.local/lib/python3.8/site-packages/airflow/example_dags/example_external_task_marker_dag.py
[2023-09-15T13:43:45.498+0000] {processor.py:839} INFO - DAG(s) dict_keys(['example_external_task_marker_child', 'example_external_task_marker_parent']) retrieved from /home/airflow/.local/lib/python3.8/site-packages/airflow/example_dags/example_external_task_marker_dag.py
[2023-09-15T13:43:45.513+0000] {logging_mixin.py:151} INFO - [2023-09-15T13:43:45.513+0000] {dag.py:2907} INFO - Sync 2 DAGs
[2023-09-15T13:43:45.522+0000] {logging_mixin.py:151} INFO - [2023-09-15T13:43:45.521+0000] {dag.py:3677} INFO - Setting next_dagrun for example_external_task_marker_child to None, run_after=None
[2023-09-15T13:43:45.524+0000] {logging_mixin.py:151} INFO - [2023-09-15T13:43:45.524+0000] {dag.py:3677} INFO - Setting next_dagrun for example_external_task_marker_parent to None, run_after=None
[2023-09-15T13:43:45.538+0000] {processor.py:179} INFO - Processing /home/airflow/.local/lib/python3.8/site-packages/airflow/example_dags/example_external_task_marker_dag.py took 0.049 seconds
[2023-09-15T13:44:15.616+0000] {processor.py:157} INFO - Started process (PID=1201) to work on /home/airflow/.local/lib/python3.8/site-packages/airflow/example_dags/example_external_task_marker_dag.py
[2023-09-15T13:44:15.616+0000] {processor.py:829} INFO - Processing file /home/airflow/.local/lib/python3.8/site-packages/airflow/example_dags/example_external_task_marker_dag.py for tasks to queue
[2023-09-15T13:44:15.618+0000] {logging_mixin.py:151} INFO - [2023-09-15T13:44:15.618+0000] {dagbag.py:539} INFO - Filling up the DagBag from /home/airflow/.local/lib/python3.8/site-packages/airflow/example_dags/example_external_task_marker_dag.py
[2023-09-15T13:44:15.622+0000] {processor.py:839} INFO - DAG(s) dict_keys(['example_external_task_marker_parent', 'example_external_task_marker_child']) retrieved from /home/airflow/.local/lib/python3.8/site-packages/airflow/example_dags/example_external_task_marker_dag.py
[2023-09-15T13:44:15.637+0000] {logging_mixin.py:151} INFO - [2023-09-15T13:44:15.637+0000] {dag.py:2907} INFO - Sync 2 DAGs
[2023-09-15T13:44:15.646+0000] {logging_mixin.py:151} INFO - [2023-09-15T13:44:15.646+0000] {dag.py:3677} INFO - Setting next_dagrun for example_external_task_marker_child to None, run_after=None
[2023-09-15T13:44:15.649+0000] {logging_mixin.py:151} INFO - [2023-09-15T13:44:15.648+0000] {dag.py:3677} INFO - Setting next_dagrun for example_external_task_marker_parent to None, run_after=None
[2023-09-15T13:44:15.661+0000] {processor.py:179} INFO - Processing /home/airflow/.local/lib/python3.8/site-packages/airflow/example_dags/example_external_task_marker_dag.py took 0.048 seconds
[2023-09-15T13:44:45.945+0000] {processor.py:157} INFO - Started process (PID=1259) to work on /home/airflow/.local/lib/python3.8/site-packages/airflow/example_dags/example_external_task_marker_dag.py
[2023-09-15T13:44:45.946+0000] {processor.py:829} INFO - Processing file /home/airflow/.local/lib/python3.8/site-packages/airflow/example_dags/example_external_task_marker_dag.py for tasks to queue
[2023-09-15T13:44:45.947+0000] {logging_mixin.py:151} INFO - [2023-09-15T13:44:45.947+0000] {dagbag.py:539} INFO - Filling up the DagBag from /home/airflow/.local/lib/python3.8/site-packages/airflow/example_dags/example_external_task_marker_dag.py
[2023-09-15T13:44:45.950+0000] {processor.py:839} INFO - DAG(s) dict_keys(['example_external_task_marker_child', 'example_external_task_marker_parent']) retrieved from /home/airflow/.local/lib/python3.8/site-packages/airflow/example_dags/example_external_task_marker_dag.py
[2023-09-15T13:44:45.966+0000] {logging_mixin.py:151} INFO - [2023-09-15T13:44:45.966+0000] {dag.py:2907} INFO - Sync 2 DAGs
[2023-09-15T13:44:45.973+0000] {logging_mixin.py:151} INFO - [2023-09-15T13:44:45.973+0000] {dag.py:3677} INFO - Setting next_dagrun for example_external_task_marker_child to None, run_after=None
[2023-09-15T13:44:45.975+0000] {logging_mixin.py:151} INFO - [2023-09-15T13:44:45.975+0000] {dag.py:3677} INFO - Setting next_dagrun for example_external_task_marker_parent to None, run_after=None
[2023-09-15T13:44:45.989+0000] {processor.py:179} INFO - Processing /home/airflow/.local/lib/python3.8/site-packages/airflow/example_dags/example_external_task_marker_dag.py took 0.046 seconds
[2023-09-15T13:45:16.287+0000] {processor.py:157} INFO - Started process (PID=1317) to work on /home/airflow/.local/lib/python3.8/site-packages/airflow/example_dags/example_external_task_marker_dag.py
[2023-09-15T13:45:16.287+0000] {processor.py:829} INFO - Processing file /home/airflow/.local/lib/python3.8/site-packages/airflow/example_dags/example_external_task_marker_dag.py for tasks to queue
[2023-09-15T13:45:16.289+0000] {logging_mixin.py:151} INFO - [2023-09-15T13:45:16.288+0000] {dagbag.py:539} INFO - Filling up the DagBag from /home/airflow/.local/lib/python3.8/site-packages/airflow/example_dags/example_external_task_marker_dag.py
[2023-09-15T13:45:16.292+0000] {processor.py:839} INFO - DAG(s) dict_keys(['example_external_task_marker_child', 'example_external_task_marker_parent']) retrieved from /home/airflow/.local/lib/python3.8/site-packages/airflow/example_dags/example_external_task_marker_dag.py
[2023-09-15T13:45:16.307+0000] {logging_mixin.py:151} INFO - [2023-09-15T13:45:16.307+0000] {dag.py:2907} INFO - Sync 2 DAGs
[2023-09-15T13:45:16.314+0000] {logging_mixin.py:151} INFO - [2023-09-15T13:45:16.314+0000] {dag.py:3677} INFO - Setting next_dagrun for example_external_task_marker_child to None, run_after=None
[2023-09-15T13:45:16.317+0000] {logging_mixin.py:151} INFO - [2023-09-15T13:45:16.317+0000] {dag.py:3677} INFO - Setting next_dagrun for example_external_task_marker_parent to None, run_after=None
[2023-09-15T13:45:16.329+0000] {processor.py:179} INFO - Processing /home/airflow/.local/lib/python3.8/site-packages/airflow/example_dags/example_external_task_marker_dag.py took 0.044 seconds
[2023-09-15T13:45:46.562+0000] {processor.py:157} INFO - Started process (PID=1374) to work on /home/airflow/.local/lib/python3.8/site-packages/airflow/example_dags/example_external_task_marker_dag.py
[2023-09-15T13:45:46.563+0000] {processor.py:829} INFO - Processing file /home/airflow/.local/lib/python3.8/site-packages/airflow/example_dags/example_external_task_marker_dag.py for tasks to queue
[2023-09-15T13:45:46.564+0000] {logging_mixin.py:151} INFO - [2023-09-15T13:45:46.564+0000] {dagbag.py:539} INFO - Filling up the DagBag from /home/airflow/.local/lib/python3.8/site-packages/airflow/example_dags/example_external_task_marker_dag.py
[2023-09-15T13:45:46.568+0000] {processor.py:839} INFO - DAG(s) dict_keys(['example_external_task_marker_parent', 'example_external_task_marker_child']) retrieved from /home/airflow/.local/lib/python3.8/site-packages/airflow/example_dags/example_external_task_marker_dag.py
[2023-09-15T13:45:46.582+0000] {logging_mixin.py:151} INFO - [2023-09-15T13:45:46.582+0000] {dag.py:2907} INFO - Sync 2 DAGs
[2023-09-15T13:45:46.590+0000] {logging_mixin.py:151} INFO - [2023-09-15T13:45:46.590+0000] {dag.py:3677} INFO - Setting next_dagrun for example_external_task_marker_child to None, run_after=None
[2023-09-15T13:45:46.592+0000] {logging_mixin.py:151} INFO - [2023-09-15T13:45:46.592+0000] {dag.py:3677} INFO - Setting next_dagrun for example_external_task_marker_parent to None, run_after=None
[2023-09-15T13:45:46.604+0000] {processor.py:179} INFO - Processing /home/airflow/.local/lib/python3.8/site-packages/airflow/example_dags/example_external_task_marker_dag.py took 0.044 seconds
[2023-09-15T13:46:16.963+0000] {processor.py:157} INFO - Started process (PID=1432) to work on /home/airflow/.local/lib/python3.8/site-packages/airflow/example_dags/example_external_task_marker_dag.py
[2023-09-15T13:46:16.964+0000] {processor.py:829} INFO - Processing file /home/airflow/.local/lib/python3.8/site-packages/airflow/example_dags/example_external_task_marker_dag.py for tasks to queue
[2023-09-15T13:46:16.965+0000] {logging_mixin.py:151} INFO - [2023-09-15T13:46:16.965+0000] {dagbag.py:539} INFO - Filling up the DagBag from /home/airflow/.local/lib/python3.8/site-packages/airflow/example_dags/example_external_task_marker_dag.py
[2023-09-15T13:46:16.970+0000] {processor.py:839} INFO - DAG(s) dict_keys(['example_external_task_marker_child', 'example_external_task_marker_parent']) retrieved from /home/airflow/.local/lib/python3.8/site-packages/airflow/example_dags/example_external_task_marker_dag.py
[2023-09-15T13:46:16.984+0000] {logging_mixin.py:151} INFO - [2023-09-15T13:46:16.984+0000] {dag.py:2907} INFO - Sync 2 DAGs
[2023-09-15T13:46:16.992+0000] {logging_mixin.py:151} INFO - [2023-09-15T13:46:16.992+0000] {dag.py:3677} INFO - Setting next_dagrun for example_external_task_marker_child to None, run_after=None
[2023-09-15T13:46:16.995+0000] {logging_mixin.py:151} INFO - [2023-09-15T13:46:16.994+0000] {dag.py:3677} INFO - Setting next_dagrun for example_external_task_marker_parent to None, run_after=None
[2023-09-15T13:46:17.006+0000] {processor.py:179} INFO - Processing /home/airflow/.local/lib/python3.8/site-packages/airflow/example_dags/example_external_task_marker_dag.py took 0.046 seconds
[2023-09-15T13:46:47.358+0000] {processor.py:157} INFO - Started process (PID=1491) to work on /home/airflow/.local/lib/python3.8/site-packages/airflow/example_dags/example_external_task_marker_dag.py
[2023-09-15T13:46:47.359+0000] {processor.py:829} INFO - Processing file /home/airflow/.local/lib/python3.8/site-packages/airflow/example_dags/example_external_task_marker_dag.py for tasks to queue
[2023-09-15T13:46:47.360+0000] {logging_mixin.py:151} INFO - [2023-09-15T13:46:47.360+0000] {dagbag.py:539} INFO - Filling up the DagBag from /home/airflow/.local/lib/python3.8/site-packages/airflow/example_dags/example_external_task_marker_dag.py
[2023-09-15T13:46:47.364+0000] {processor.py:839} INFO - DAG(s) dict_keys(['example_external_task_marker_child', 'example_external_task_marker_parent']) retrieved from /home/airflow/.local/lib/python3.8/site-packages/airflow/example_dags/example_external_task_marker_dag.py
[2023-09-15T13:46:47.383+0000] {logging_mixin.py:151} INFO - [2023-09-15T13:46:47.383+0000] {dag.py:2907} INFO - Sync 2 DAGs
[2023-09-15T13:46:47.392+0000] {logging_mixin.py:151} INFO - [2023-09-15T13:46:47.392+0000] {dag.py:3677} INFO - Setting next_dagrun for example_external_task_marker_child to None, run_after=None
[2023-09-15T13:46:47.394+0000] {logging_mixin.py:151} INFO - [2023-09-15T13:46:47.394+0000] {dag.py:3677} INFO - Setting next_dagrun for example_external_task_marker_parent to None, run_after=None
[2023-09-15T13:46:47.406+0000] {processor.py:179} INFO - Processing /home/airflow/.local/lib/python3.8/site-packages/airflow/example_dags/example_external_task_marker_dag.py took 0.050 seconds
[2023-09-15T13:47:17.622+0000] {processor.py:157} INFO - Started process (PID=1550) to work on /home/airflow/.local/lib/python3.8/site-packages/airflow/example_dags/example_external_task_marker_dag.py
[2023-09-15T13:47:17.622+0000] {processor.py:829} INFO - Processing file /home/airflow/.local/lib/python3.8/site-packages/airflow/example_dags/example_external_task_marker_dag.py for tasks to queue
[2023-09-15T13:47:17.624+0000] {logging_mixin.py:151} INFO - [2023-09-15T13:47:17.624+0000] {dagbag.py:539} INFO - Filling up the DagBag from /home/airflow/.local/lib/python3.8/site-packages/airflow/example_dags/example_external_task_marker_dag.py
[2023-09-15T13:47:17.627+0000] {processor.py:839} INFO - DAG(s) dict_keys(['example_external_task_marker_parent', 'example_external_task_marker_child']) retrieved from /home/airflow/.local/lib/python3.8/site-packages/airflow/example_dags/example_external_task_marker_dag.py
[2023-09-15T13:47:17.641+0000] {logging_mixin.py:151} INFO - [2023-09-15T13:47:17.641+0000] {dag.py:2907} INFO - Sync 2 DAGs
[2023-09-15T13:47:17.650+0000] {logging_mixin.py:151} INFO - [2023-09-15T13:47:17.650+0000] {dag.py:3677} INFO - Setting next_dagrun for example_external_task_marker_child to None, run_after=None
[2023-09-15T13:47:17.652+0000] {logging_mixin.py:151} INFO - [2023-09-15T13:47:17.652+0000] {dag.py:3677} INFO - Setting next_dagrun for example_external_task_marker_parent to None, run_after=None
[2023-09-15T13:47:17.665+0000] {processor.py:179} INFO - Processing /home/airflow/.local/lib/python3.8/site-packages/airflow/example_dags/example_external_task_marker_dag.py took 0.045 seconds
[2023-09-15T13:47:48.085+0000] {processor.py:157} INFO - Started process (PID=1608) to work on /home/airflow/.local/lib/python3.8/site-packages/airflow/example_dags/example_external_task_marker_dag.py
[2023-09-15T13:47:48.085+0000] {processor.py:829} INFO - Processing file /home/airflow/.local/lib/python3.8/site-packages/airflow/example_dags/example_external_task_marker_dag.py for tasks to queue
[2023-09-15T13:47:48.087+0000] {logging_mixin.py:151} INFO - [2023-09-15T13:47:48.087+0000] {dagbag.py:539} INFO - Filling up the DagBag from /home/airflow/.local/lib/python3.8/site-packages/airflow/example_dags/example_external_task_marker_dag.py
[2023-09-15T13:47:48.091+0000] {processor.py:839} INFO - DAG(s) dict_keys(['example_external_task_marker_parent', 'example_external_task_marker_child']) retrieved from /home/airflow/.local/lib/python3.8/site-packages/airflow/example_dags/example_external_task_marker_dag.py
[2023-09-15T13:47:48.108+0000] {logging_mixin.py:151} INFO - [2023-09-15T13:47:48.108+0000] {dag.py:2907} INFO - Sync 2 DAGs
[2023-09-15T13:47:48.116+0000] {logging_mixin.py:151} INFO - [2023-09-15T13:47:48.116+0000] {dag.py:3677} INFO - Setting next_dagrun for example_external_task_marker_child to None, run_after=None
[2023-09-15T13:47:48.118+0000] {logging_mixin.py:151} INFO - [2023-09-15T13:47:48.118+0000] {dag.py:3677} INFO - Setting next_dagrun for example_external_task_marker_parent to None, run_after=None
[2023-09-15T13:47:48.131+0000] {processor.py:179} INFO - Processing /home/airflow/.local/lib/python3.8/site-packages/airflow/example_dags/example_external_task_marker_dag.py took 0.048 seconds
[2023-09-15T13:48:18.461+0000] {processor.py:157} INFO - Started process (PID=1666) to work on /home/airflow/.local/lib/python3.8/site-packages/airflow/example_dags/example_external_task_marker_dag.py
[2023-09-15T13:48:18.461+0000] {processor.py:829} INFO - Processing file /home/airflow/.local/lib/python3.8/site-packages/airflow/example_dags/example_external_task_marker_dag.py for tasks to queue
[2023-09-15T13:48:18.463+0000] {logging_mixin.py:151} INFO - [2023-09-15T13:48:18.463+0000] {dagbag.py:539} INFO - Filling up the DagBag from /home/airflow/.local/lib/python3.8/site-packages/airflow/example_dags/example_external_task_marker_dag.py
[2023-09-15T13:48:18.467+0000] {processor.py:839} INFO - DAG(s) dict_keys(['example_external_task_marker_parent', 'example_external_task_marker_child']) retrieved from /home/airflow/.local/lib/python3.8/site-packages/airflow/example_dags/example_external_task_marker_dag.py
[2023-09-15T13:48:18.483+0000] {logging_mixin.py:151} INFO - [2023-09-15T13:48:18.483+0000] {dag.py:2907} INFO - Sync 2 DAGs
[2023-09-15T13:48:18.491+0000] {logging_mixin.py:151} INFO - [2023-09-15T13:48:18.491+0000] {dag.py:3677} INFO - Setting next_dagrun for example_external_task_marker_child to None, run_after=None
[2023-09-15T13:48:18.493+0000] {logging_mixin.py:151} INFO - [2023-09-15T13:48:18.493+0000] {dag.py:3677} INFO - Setting next_dagrun for example_external_task_marker_parent to None, run_after=None
[2023-09-15T13:48:18.549+0000] {processor.py:179} INFO - Processing /home/airflow/.local/lib/python3.8/site-packages/airflow/example_dags/example_external_task_marker_dag.py took 0.090 seconds
[2023-09-15T13:48:48.898+0000] {processor.py:157} INFO - Started process (PID=1724) to work on /home/airflow/.local/lib/python3.8/site-packages/airflow/example_dags/example_external_task_marker_dag.py
[2023-09-15T13:48:48.898+0000] {processor.py:829} INFO - Processing file /home/airflow/.local/lib/python3.8/site-packages/airflow/example_dags/example_external_task_marker_dag.py for tasks to queue
[2023-09-15T13:48:48.900+0000] {logging_mixin.py:151} INFO - [2023-09-15T13:48:48.900+0000] {dagbag.py:539} INFO - Filling up the DagBag from /home/airflow/.local/lib/python3.8/site-packages/airflow/example_dags/example_external_task_marker_dag.py
[2023-09-15T13:48:48.906+0000] {processor.py:839} INFO - DAG(s) dict_keys(['example_external_task_marker_parent', 'example_external_task_marker_child']) retrieved from /home/airflow/.local/lib/python3.8/site-packages/airflow/example_dags/example_external_task_marker_dag.py
[2023-09-15T13:48:48.924+0000] {logging_mixin.py:151} INFO - [2023-09-15T13:48:48.923+0000] {dag.py:2907} INFO - Sync 2 DAGs
[2023-09-15T13:48:48.933+0000] {logging_mixin.py:151} INFO - [2023-09-15T13:48:48.933+0000] {dag.py:3677} INFO - Setting next_dagrun for example_external_task_marker_child to None, run_after=None
[2023-09-15T13:48:48.935+0000] {logging_mixin.py:151} INFO - [2023-09-15T13:48:48.935+0000] {dag.py:3677} INFO - Setting next_dagrun for example_external_task_marker_parent to None, run_after=None
[2023-09-15T13:48:48.949+0000] {processor.py:179} INFO - Processing /home/airflow/.local/lib/python3.8/site-packages/airflow/example_dags/example_external_task_marker_dag.py took 0.054 seconds
[2023-09-15T13:49:19.079+0000] {processor.py:157} INFO - Started process (PID=1781) to work on /home/airflow/.local/lib/python3.8/site-packages/airflow/example_dags/example_external_task_marker_dag.py
[2023-09-15T13:49:19.080+0000] {processor.py:829} INFO - Processing file /home/airflow/.local/lib/python3.8/site-packages/airflow/example_dags/example_external_task_marker_dag.py for tasks to queue
[2023-09-15T13:49:19.081+0000] {logging_mixin.py:151} INFO - [2023-09-15T13:49:19.081+0000] {dagbag.py:539} INFO - Filling up the DagBag from /home/airflow/.local/lib/python3.8/site-packages/airflow/example_dags/example_external_task_marker_dag.py
[2023-09-15T13:49:19.085+0000] {processor.py:839} INFO - DAG(s) dict_keys(['example_external_task_marker_child', 'example_external_task_marker_parent']) retrieved from /home/airflow/.local/lib/python3.8/site-packages/airflow/example_dags/example_external_task_marker_dag.py
[2023-09-15T13:49:19.099+0000] {logging_mixin.py:151} INFO - [2023-09-15T13:49:19.099+0000] {dag.py:2907} INFO - Sync 2 DAGs
[2023-09-15T13:49:19.107+0000] {logging_mixin.py:151} INFO - [2023-09-15T13:49:19.107+0000] {dag.py:3677} INFO - Setting next_dagrun for example_external_task_marker_child to None, run_after=None
[2023-09-15T13:49:19.109+0000] {logging_mixin.py:151} INFO - [2023-09-15T13:49:19.109+0000] {dag.py:3677} INFO - Setting next_dagrun for example_external_task_marker_parent to None, run_after=None
[2023-09-15T13:49:19.120+0000] {processor.py:179} INFO - Processing /home/airflow/.local/lib/python3.8/site-packages/airflow/example_dags/example_external_task_marker_dag.py took 0.043 seconds
[2023-09-15T13:49:49.530+0000] {processor.py:157} INFO - Started process (PID=1840) to work on /home/airflow/.local/lib/python3.8/site-packages/airflow/example_dags/example_external_task_marker_dag.py
[2023-09-15T13:49:49.531+0000] {processor.py:829} INFO - Processing file /home/airflow/.local/lib/python3.8/site-packages/airflow/example_dags/example_external_task_marker_dag.py for tasks to queue
[2023-09-15T13:49:49.532+0000] {logging_mixin.py:151} INFO - [2023-09-15T13:49:49.532+0000] {dagbag.py:539} INFO - Filling up the DagBag from /home/airflow/.local/lib/python3.8/site-packages/airflow/example_dags/example_external_task_marker_dag.py
[2023-09-15T13:49:49.536+0000] {processor.py:839} INFO - DAG(s) dict_keys(['example_external_task_marker_parent', 'example_external_task_marker_child']) retrieved from /home/airflow/.local/lib/python3.8/site-packages/airflow/example_dags/example_external_task_marker_dag.py
[2023-09-15T13:49:49.550+0000] {logging_mixin.py:151} INFO - [2023-09-15T13:49:49.550+0000] {dag.py:2907} INFO - Sync 2 DAGs
[2023-09-15T13:49:49.558+0000] {logging_mixin.py:151} INFO - [2023-09-15T13:49:49.558+0000] {dag.py:3677} INFO - Setting next_dagrun for example_external_task_marker_child to None, run_after=None
[2023-09-15T13:49:49.560+0000] {logging_mixin.py:151} INFO - [2023-09-15T13:49:49.560+0000] {dag.py:3677} INFO - Setting next_dagrun for example_external_task_marker_parent to None, run_after=None
[2023-09-15T13:49:49.572+0000] {processor.py:179} INFO - Processing /home/airflow/.local/lib/python3.8/site-packages/airflow/example_dags/example_external_task_marker_dag.py took 0.044 seconds
[2023-09-15T13:50:20.054+0000] {processor.py:157} INFO - Started process (PID=1898) to work on /home/airflow/.local/lib/python3.8/site-packages/airflow/example_dags/example_external_task_marker_dag.py
[2023-09-15T13:50:20.054+0000] {processor.py:829} INFO - Processing file /home/airflow/.local/lib/python3.8/site-packages/airflow/example_dags/example_external_task_marker_dag.py for tasks to queue
[2023-09-15T13:50:20.056+0000] {logging_mixin.py:151} INFO - [2023-09-15T13:50:20.056+0000] {dagbag.py:539} INFO - Filling up the DagBag from /home/airflow/.local/lib/python3.8/site-packages/airflow/example_dags/example_external_task_marker_dag.py
[2023-09-15T13:50:20.059+0000] {processor.py:839} INFO - DAG(s) dict_keys(['example_external_task_marker_child', 'example_external_task_marker_parent']) retrieved from /home/airflow/.local/lib/python3.8/site-packages/airflow/example_dags/example_external_task_marker_dag.py
[2023-09-15T13:50:20.075+0000] {logging_mixin.py:151} INFO - [2023-09-15T13:50:20.075+0000] {dag.py:2907} INFO - Sync 2 DAGs
[2023-09-15T13:50:20.084+0000] {logging_mixin.py:151} INFO - [2023-09-15T13:50:20.084+0000] {dag.py:3677} INFO - Setting next_dagrun for example_external_task_marker_child to None, run_after=None
[2023-09-15T13:50:20.086+0000] {logging_mixin.py:151} INFO - [2023-09-15T13:50:20.086+0000] {dag.py:3677} INFO - Setting next_dagrun for example_external_task_marker_parent to None, run_after=None
[2023-09-15T13:50:20.096+0000] {processor.py:179} INFO - Processing /home/airflow/.local/lib/python3.8/site-packages/airflow/example_dags/example_external_task_marker_dag.py took 0.044 seconds
