[2023-09-15T13:34:36.038+0000] {processor.py:157} INFO - Started process (PID=70) to work on /home/airflow/.local/lib/python3.8/site-packages/airflow/example_dags/example_bash_operator.py
[2023-09-15T13:34:36.039+0000] {processor.py:829} INFO - Processing file /home/airflow/.local/lib/python3.8/site-packages/airflow/example_dags/example_bash_operator.py for tasks to queue
[2023-09-15T13:34:36.042+0000] {logging_mixin.py:151} INFO - [2023-09-15T13:34:36.042+0000] {dagbag.py:539} INFO - Filling up the DagBag from /home/airflow/.local/lib/python3.8/site-packages/airflow/example_dags/example_bash_operator.py
[2023-09-15T13:34:36.054+0000] {processor.py:839} INFO - DAG(s) dict_keys(['example_bash_operator']) retrieved from /home/airflow/.local/lib/python3.8/site-packages/airflow/example_dags/example_bash_operator.py
[2023-09-15T13:34:36.077+0000] {logging_mixin.py:151} INFO - [2023-09-15T13:34:36.076+0000] {dag.py:2907} INFO - Sync 1 DAGs
[2023-09-15T13:34:36.099+0000] {logging_mixin.py:151} INFO - [2023-09-15T13:34:36.099+0000] {dag.py:3677} INFO - Setting next_dagrun for example_bash_operator to 2023-09-14T00:00:00+00:00, run_after=2023-09-15T00:00:00+00:00
[2023-09-15T13:34:36.117+0000] {processor.py:179} INFO - Processing /home/airflow/.local/lib/python3.8/site-packages/airflow/example_dags/example_bash_operator.py took 0.083 seconds
[2023-09-15T13:35:06.881+0000] {processor.py:157} INFO - Started process (PID=143) to work on /home/airflow/.local/lib/python3.8/site-packages/airflow/example_dags/example_bash_operator.py
[2023-09-15T13:35:06.882+0000] {processor.py:829} INFO - Processing file /home/airflow/.local/lib/python3.8/site-packages/airflow/example_dags/example_bash_operator.py for tasks to queue
[2023-09-15T13:35:06.883+0000] {logging_mixin.py:151} INFO - [2023-09-15T13:35:06.883+0000] {dagbag.py:539} INFO - Filling up the DagBag from /home/airflow/.local/lib/python3.8/site-packages/airflow/example_dags/example_bash_operator.py
[2023-09-15T13:35:06.890+0000] {processor.py:839} INFO - DAG(s) dict_keys(['example_bash_operator']) retrieved from /home/airflow/.local/lib/python3.8/site-packages/airflow/example_dags/example_bash_operator.py
[2023-09-15T13:35:07.000+0000] {logging_mixin.py:151} INFO - [2023-09-15T13:35:06.999+0000] {dag.py:2907} INFO - Sync 1 DAGs
[2023-09-15T13:35:07.013+0000] {logging_mixin.py:151} INFO - [2023-09-15T13:35:07.013+0000] {dag.py:3677} INFO - Setting next_dagrun for example_bash_operator to 2023-09-14T00:00:00+00:00, run_after=2023-09-15T00:00:00+00:00
[2023-09-15T13:35:07.026+0000] {processor.py:179} INFO - Processing /home/airflow/.local/lib/python3.8/site-packages/airflow/example_dags/example_bash_operator.py took 0.147 seconds
[2023-09-15T13:35:37.898+0000] {processor.py:157} INFO - Started process (PID=201) to work on /home/airflow/.local/lib/python3.8/site-packages/airflow/example_dags/example_bash_operator.py
[2023-09-15T13:35:37.899+0000] {processor.py:829} INFO - Processing file /home/airflow/.local/lib/python3.8/site-packages/airflow/example_dags/example_bash_operator.py for tasks to queue
[2023-09-15T13:35:37.900+0000] {logging_mixin.py:151} INFO - [2023-09-15T13:35:37.900+0000] {dagbag.py:539} INFO - Filling up the DagBag from /home/airflow/.local/lib/python3.8/site-packages/airflow/example_dags/example_bash_operator.py
[2023-09-15T13:35:37.907+0000] {processor.py:839} INFO - DAG(s) dict_keys(['example_bash_operator']) retrieved from /home/airflow/.local/lib/python3.8/site-packages/airflow/example_dags/example_bash_operator.py
[2023-09-15T13:35:37.925+0000] {logging_mixin.py:151} INFO - [2023-09-15T13:35:37.925+0000] {dag.py:2907} INFO - Sync 1 DAGs
[2023-09-15T13:35:37.939+0000] {logging_mixin.py:151} INFO - [2023-09-15T13:35:37.939+0000] {dag.py:3677} INFO - Setting next_dagrun for example_bash_operator to 2023-09-14T00:00:00+00:00, run_after=2023-09-15T00:00:00+00:00
[2023-09-15T13:35:37.952+0000] {processor.py:179} INFO - Processing /home/airflow/.local/lib/python3.8/site-packages/airflow/example_dags/example_bash_operator.py took 0.056 seconds
[2023-09-15T13:36:08.219+0000] {processor.py:157} INFO - Started process (PID=259) to work on /home/airflow/.local/lib/python3.8/site-packages/airflow/example_dags/example_bash_operator.py
[2023-09-15T13:36:08.220+0000] {processor.py:829} INFO - Processing file /home/airflow/.local/lib/python3.8/site-packages/airflow/example_dags/example_bash_operator.py for tasks to queue
[2023-09-15T13:36:08.221+0000] {logging_mixin.py:151} INFO - [2023-09-15T13:36:08.221+0000] {dagbag.py:539} INFO - Filling up the DagBag from /home/airflow/.local/lib/python3.8/site-packages/airflow/example_dags/example_bash_operator.py
[2023-09-15T13:36:08.227+0000] {processor.py:839} INFO - DAG(s) dict_keys(['example_bash_operator']) retrieved from /home/airflow/.local/lib/python3.8/site-packages/airflow/example_dags/example_bash_operator.py
[2023-09-15T13:36:08.247+0000] {logging_mixin.py:151} INFO - [2023-09-15T13:36:08.247+0000] {dag.py:2907} INFO - Sync 1 DAGs
[2023-09-15T13:36:08.262+0000] {logging_mixin.py:151} INFO - [2023-09-15T13:36:08.262+0000] {dag.py:3677} INFO - Setting next_dagrun for example_bash_operator to 2023-09-14T00:00:00+00:00, run_after=2023-09-15T00:00:00+00:00
[2023-09-15T13:36:08.275+0000] {processor.py:179} INFO - Processing /home/airflow/.local/lib/python3.8/site-packages/airflow/example_dags/example_bash_operator.py took 0.058 seconds
[2023-09-15T13:36:38.614+0000] {processor.py:157} INFO - Started process (PID=317) to work on /home/airflow/.local/lib/python3.8/site-packages/airflow/example_dags/example_bash_operator.py
[2023-09-15T13:36:38.614+0000] {processor.py:829} INFO - Processing file /home/airflow/.local/lib/python3.8/site-packages/airflow/example_dags/example_bash_operator.py for tasks to queue
[2023-09-15T13:36:38.616+0000] {logging_mixin.py:151} INFO - [2023-09-15T13:36:38.616+0000] {dagbag.py:539} INFO - Filling up the DagBag from /home/airflow/.local/lib/python3.8/site-packages/airflow/example_dags/example_bash_operator.py
[2023-09-15T13:36:38.623+0000] {processor.py:839} INFO - DAG(s) dict_keys(['example_bash_operator']) retrieved from /home/airflow/.local/lib/python3.8/site-packages/airflow/example_dags/example_bash_operator.py
[2023-09-15T13:36:38.642+0000] {logging_mixin.py:151} INFO - [2023-09-15T13:36:38.642+0000] {dag.py:2907} INFO - Sync 1 DAGs
[2023-09-15T13:36:38.658+0000] {logging_mixin.py:151} INFO - [2023-09-15T13:36:38.658+0000] {dag.py:3677} INFO - Setting next_dagrun for example_bash_operator to 2023-09-14T00:00:00+00:00, run_after=2023-09-15T00:00:00+00:00
[2023-09-15T13:36:38.671+0000] {processor.py:179} INFO - Processing /home/airflow/.local/lib/python3.8/site-packages/airflow/example_dags/example_bash_operator.py took 0.059 seconds
[2023-09-15T13:37:08.713+0000] {processor.py:157} INFO - Started process (PID=375) to work on /home/airflow/.local/lib/python3.8/site-packages/airflow/example_dags/example_bash_operator.py
[2023-09-15T13:37:08.713+0000] {processor.py:829} INFO - Processing file /home/airflow/.local/lib/python3.8/site-packages/airflow/example_dags/example_bash_operator.py for tasks to queue
[2023-09-15T13:37:08.715+0000] {logging_mixin.py:151} INFO - [2023-09-15T13:37:08.715+0000] {dagbag.py:539} INFO - Filling up the DagBag from /home/airflow/.local/lib/python3.8/site-packages/airflow/example_dags/example_bash_operator.py
[2023-09-15T13:37:08.722+0000] {processor.py:839} INFO - DAG(s) dict_keys(['example_bash_operator']) retrieved from /home/airflow/.local/lib/python3.8/site-packages/airflow/example_dags/example_bash_operator.py
[2023-09-15T13:37:08.745+0000] {logging_mixin.py:151} INFO - [2023-09-15T13:37:08.745+0000] {dag.py:2907} INFO - Sync 1 DAGs
[2023-09-15T13:37:08.761+0000] {logging_mixin.py:151} INFO - [2023-09-15T13:37:08.760+0000] {dag.py:3677} INFO - Setting next_dagrun for example_bash_operator to 2023-09-14T00:00:00+00:00, run_after=2023-09-15T00:00:00+00:00
[2023-09-15T13:37:08.774+0000] {processor.py:179} INFO - Processing /home/airflow/.local/lib/python3.8/site-packages/airflow/example_dags/example_bash_operator.py took 0.063 seconds
[2023-09-15T13:37:38.899+0000] {processor.py:157} INFO - Started process (PID=432) to work on /home/airflow/.local/lib/python3.8/site-packages/airflow/example_dags/example_bash_operator.py
[2023-09-15T13:37:38.900+0000] {processor.py:829} INFO - Processing file /home/airflow/.local/lib/python3.8/site-packages/airflow/example_dags/example_bash_operator.py for tasks to queue
[2023-09-15T13:37:38.901+0000] {logging_mixin.py:151} INFO - [2023-09-15T13:37:38.901+0000] {dagbag.py:539} INFO - Filling up the DagBag from /home/airflow/.local/lib/python3.8/site-packages/airflow/example_dags/example_bash_operator.py
[2023-09-15T13:37:38.908+0000] {processor.py:839} INFO - DAG(s) dict_keys(['example_bash_operator']) retrieved from /home/airflow/.local/lib/python3.8/site-packages/airflow/example_dags/example_bash_operator.py
[2023-09-15T13:37:38.925+0000] {logging_mixin.py:151} INFO - [2023-09-15T13:37:38.925+0000] {dag.py:2907} INFO - Sync 1 DAGs
[2023-09-15T13:37:38.938+0000] {logging_mixin.py:151} INFO - [2023-09-15T13:37:38.938+0000] {dag.py:3677} INFO - Setting next_dagrun for example_bash_operator to 2023-09-14T00:00:00+00:00, run_after=2023-09-15T00:00:00+00:00
[2023-09-15T13:37:38.952+0000] {processor.py:179} INFO - Processing /home/airflow/.local/lib/python3.8/site-packages/airflow/example_dags/example_bash_operator.py took 0.055 seconds
[2023-09-15T13:38:09.467+0000] {processor.py:157} INFO - Started process (PID=491) to work on /home/airflow/.local/lib/python3.8/site-packages/airflow/example_dags/example_bash_operator.py
[2023-09-15T13:38:09.468+0000] {processor.py:829} INFO - Processing file /home/airflow/.local/lib/python3.8/site-packages/airflow/example_dags/example_bash_operator.py for tasks to queue
[2023-09-15T13:38:09.470+0000] {logging_mixin.py:151} INFO - [2023-09-15T13:38:09.469+0000] {dagbag.py:539} INFO - Filling up the DagBag from /home/airflow/.local/lib/python3.8/site-packages/airflow/example_dags/example_bash_operator.py
[2023-09-15T13:38:09.477+0000] {processor.py:839} INFO - DAG(s) dict_keys(['example_bash_operator']) retrieved from /home/airflow/.local/lib/python3.8/site-packages/airflow/example_dags/example_bash_operator.py
[2023-09-15T13:38:09.604+0000] {logging_mixin.py:151} INFO - [2023-09-15T13:38:09.604+0000] {dag.py:2907} INFO - Sync 1 DAGs
[2023-09-15T13:38:09.620+0000] {logging_mixin.py:151} INFO - [2023-09-15T13:38:09.620+0000] {dag.py:3677} INFO - Setting next_dagrun for example_bash_operator to 2023-09-14T00:00:00+00:00, run_after=2023-09-15T00:00:00+00:00
[2023-09-15T13:38:09.637+0000] {processor.py:179} INFO - Processing /home/airflow/.local/lib/python3.8/site-packages/airflow/example_dags/example_bash_operator.py took 0.172 seconds
[2023-09-15T13:38:40.041+0000] {processor.py:157} INFO - Started process (PID=549) to work on /home/airflow/.local/lib/python3.8/site-packages/airflow/example_dags/example_bash_operator.py
[2023-09-15T13:38:40.041+0000] {processor.py:829} INFO - Processing file /home/airflow/.local/lib/python3.8/site-packages/airflow/example_dags/example_bash_operator.py for tasks to queue
[2023-09-15T13:38:40.043+0000] {logging_mixin.py:151} INFO - [2023-09-15T13:38:40.043+0000] {dagbag.py:539} INFO - Filling up the DagBag from /home/airflow/.local/lib/python3.8/site-packages/airflow/example_dags/example_bash_operator.py
[2023-09-15T13:38:40.049+0000] {processor.py:839} INFO - DAG(s) dict_keys(['example_bash_operator']) retrieved from /home/airflow/.local/lib/python3.8/site-packages/airflow/example_dags/example_bash_operator.py
[2023-09-15T13:38:40.068+0000] {logging_mixin.py:151} INFO - [2023-09-15T13:38:40.067+0000] {dag.py:2907} INFO - Sync 1 DAGs
[2023-09-15T13:38:40.081+0000] {logging_mixin.py:151} INFO - [2023-09-15T13:38:40.081+0000] {dag.py:3677} INFO - Setting next_dagrun for example_bash_operator to 2023-09-14T00:00:00+00:00, run_after=2023-09-15T00:00:00+00:00
[2023-09-15T13:38:40.095+0000] {processor.py:179} INFO - Processing /home/airflow/.local/lib/python3.8/site-packages/airflow/example_dags/example_bash_operator.py took 0.056 seconds
[2023-09-15T13:39:10.504+0000] {processor.py:157} INFO - Started process (PID=607) to work on /home/airflow/.local/lib/python3.8/site-packages/airflow/example_dags/example_bash_operator.py
[2023-09-15T13:39:10.505+0000] {processor.py:829} INFO - Processing file /home/airflow/.local/lib/python3.8/site-packages/airflow/example_dags/example_bash_operator.py for tasks to queue
[2023-09-15T13:39:10.506+0000] {logging_mixin.py:151} INFO - [2023-09-15T13:39:10.506+0000] {dagbag.py:539} INFO - Filling up the DagBag from /home/airflow/.local/lib/python3.8/site-packages/airflow/example_dags/example_bash_operator.py
[2023-09-15T13:39:10.512+0000] {processor.py:839} INFO - DAG(s) dict_keys(['example_bash_operator']) retrieved from /home/airflow/.local/lib/python3.8/site-packages/airflow/example_dags/example_bash_operator.py
[2023-09-15T13:39:10.530+0000] {logging_mixin.py:151} INFO - [2023-09-15T13:39:10.530+0000] {dag.py:2907} INFO - Sync 1 DAGs
[2023-09-15T13:39:10.544+0000] {logging_mixin.py:151} INFO - [2023-09-15T13:39:10.544+0000] {dag.py:3677} INFO - Setting next_dagrun for example_bash_operator to 2023-09-14T00:00:00+00:00, run_after=2023-09-15T00:00:00+00:00
[2023-09-15T13:39:10.556+0000] {processor.py:179} INFO - Processing /home/airflow/.local/lib/python3.8/site-packages/airflow/example_dags/example_bash_operator.py took 0.054 seconds
[2023-09-15T13:39:41.108+0000] {processor.py:157} INFO - Started process (PID=665) to work on /home/airflow/.local/lib/python3.8/site-packages/airflow/example_dags/example_bash_operator.py
[2023-09-15T13:39:41.109+0000] {processor.py:829} INFO - Processing file /home/airflow/.local/lib/python3.8/site-packages/airflow/example_dags/example_bash_operator.py for tasks to queue
[2023-09-15T13:39:41.110+0000] {logging_mixin.py:151} INFO - [2023-09-15T13:39:41.110+0000] {dagbag.py:539} INFO - Filling up the DagBag from /home/airflow/.local/lib/python3.8/site-packages/airflow/example_dags/example_bash_operator.py
[2023-09-15T13:39:41.117+0000] {processor.py:839} INFO - DAG(s) dict_keys(['example_bash_operator']) retrieved from /home/airflow/.local/lib/python3.8/site-packages/airflow/example_dags/example_bash_operator.py
[2023-09-15T13:39:41.134+0000] {logging_mixin.py:151} INFO - [2023-09-15T13:39:41.134+0000] {dag.py:2907} INFO - Sync 1 DAGs
[2023-09-15T13:39:41.147+0000] {logging_mixin.py:151} INFO - [2023-09-15T13:39:41.147+0000] {dag.py:3677} INFO - Setting next_dagrun for example_bash_operator to 2023-09-14T00:00:00+00:00, run_after=2023-09-15T00:00:00+00:00
[2023-09-15T13:39:41.160+0000] {processor.py:179} INFO - Processing /home/airflow/.local/lib/python3.8/site-packages/airflow/example_dags/example_bash_operator.py took 0.054 seconds
[2023-09-15T13:40:11.342+0000] {processor.py:157} INFO - Started process (PID=723) to work on /home/airflow/.local/lib/python3.8/site-packages/airflow/example_dags/example_bash_operator.py
[2023-09-15T13:40:11.342+0000] {processor.py:829} INFO - Processing file /home/airflow/.local/lib/python3.8/site-packages/airflow/example_dags/example_bash_operator.py for tasks to queue
[2023-09-15T13:40:11.344+0000] {logging_mixin.py:151} INFO - [2023-09-15T13:40:11.344+0000] {dagbag.py:539} INFO - Filling up the DagBag from /home/airflow/.local/lib/python3.8/site-packages/airflow/example_dags/example_bash_operator.py
[2023-09-15T13:40:11.351+0000] {processor.py:839} INFO - DAG(s) dict_keys(['example_bash_operator']) retrieved from /home/airflow/.local/lib/python3.8/site-packages/airflow/example_dags/example_bash_operator.py
[2023-09-15T13:40:11.379+0000] {logging_mixin.py:151} INFO - [2023-09-15T13:40:11.379+0000] {dag.py:2907} INFO - Sync 1 DAGs
[2023-09-15T13:40:11.399+0000] {logging_mixin.py:151} INFO - [2023-09-15T13:40:11.399+0000] {dag.py:3677} INFO - Setting next_dagrun for example_bash_operator to 2023-09-14T00:00:00+00:00, run_after=2023-09-15T00:00:00+00:00
[2023-09-15T13:40:11.413+0000] {processor.py:179} INFO - Processing /home/airflow/.local/lib/python3.8/site-packages/airflow/example_dags/example_bash_operator.py took 0.073 seconds
[2023-09-15T13:40:41.782+0000] {processor.py:157} INFO - Started process (PID=781) to work on /home/airflow/.local/lib/python3.8/site-packages/airflow/example_dags/example_bash_operator.py
[2023-09-15T13:40:41.783+0000] {processor.py:829} INFO - Processing file /home/airflow/.local/lib/python3.8/site-packages/airflow/example_dags/example_bash_operator.py for tasks to queue
[2023-09-15T13:40:41.785+0000] {logging_mixin.py:151} INFO - [2023-09-15T13:40:41.784+0000] {dagbag.py:539} INFO - Filling up the DagBag from /home/airflow/.local/lib/python3.8/site-packages/airflow/example_dags/example_bash_operator.py
[2023-09-15T13:40:41.792+0000] {processor.py:839} INFO - DAG(s) dict_keys(['example_bash_operator']) retrieved from /home/airflow/.local/lib/python3.8/site-packages/airflow/example_dags/example_bash_operator.py
[2023-09-15T13:40:41.813+0000] {logging_mixin.py:151} INFO - [2023-09-15T13:40:41.813+0000] {dag.py:2907} INFO - Sync 1 DAGs
[2023-09-15T13:40:41.828+0000] {logging_mixin.py:151} INFO - [2023-09-15T13:40:41.828+0000] {dag.py:3677} INFO - Setting next_dagrun for example_bash_operator to 2023-09-14T00:00:00+00:00, run_after=2023-09-15T00:00:00+00:00
[2023-09-15T13:40:41.841+0000] {processor.py:179} INFO - Processing /home/airflow/.local/lib/python3.8/site-packages/airflow/example_dags/example_bash_operator.py took 0.061 seconds
[2023-09-15T13:41:12.209+0000] {processor.py:157} INFO - Started process (PID=839) to work on /home/airflow/.local/lib/python3.8/site-packages/airflow/example_dags/example_bash_operator.py
[2023-09-15T13:41:12.209+0000] {processor.py:829} INFO - Processing file /home/airflow/.local/lib/python3.8/site-packages/airflow/example_dags/example_bash_operator.py for tasks to queue
[2023-09-15T13:41:12.211+0000] {logging_mixin.py:151} INFO - [2023-09-15T13:41:12.211+0000] {dagbag.py:539} INFO - Filling up the DagBag from /home/airflow/.local/lib/python3.8/site-packages/airflow/example_dags/example_bash_operator.py
[2023-09-15T13:41:12.217+0000] {processor.py:839} INFO - DAG(s) dict_keys(['example_bash_operator']) retrieved from /home/airflow/.local/lib/python3.8/site-packages/airflow/example_dags/example_bash_operator.py
[2023-09-15T13:41:12.235+0000] {logging_mixin.py:151} INFO - [2023-09-15T13:41:12.235+0000] {dag.py:2907} INFO - Sync 1 DAGs
[2023-09-15T13:41:12.249+0000] {logging_mixin.py:151} INFO - [2023-09-15T13:41:12.249+0000] {dag.py:3677} INFO - Setting next_dagrun for example_bash_operator to 2023-09-14T00:00:00+00:00, run_after=2023-09-15T00:00:00+00:00
[2023-09-15T13:41:12.261+0000] {processor.py:179} INFO - Processing /home/airflow/.local/lib/python3.8/site-packages/airflow/example_dags/example_bash_operator.py took 0.055 seconds
[2023-09-15T13:41:42.353+0000] {processor.py:157} INFO - Started process (PID=896) to work on /home/airflow/.local/lib/python3.8/site-packages/airflow/example_dags/example_bash_operator.py
[2023-09-15T13:41:42.354+0000] {processor.py:829} INFO - Processing file /home/airflow/.local/lib/python3.8/site-packages/airflow/example_dags/example_bash_operator.py for tasks to queue
[2023-09-15T13:41:42.355+0000] {logging_mixin.py:151} INFO - [2023-09-15T13:41:42.355+0000] {dagbag.py:539} INFO - Filling up the DagBag from /home/airflow/.local/lib/python3.8/site-packages/airflow/example_dags/example_bash_operator.py
[2023-09-15T13:41:42.362+0000] {processor.py:839} INFO - DAG(s) dict_keys(['example_bash_operator']) retrieved from /home/airflow/.local/lib/python3.8/site-packages/airflow/example_dags/example_bash_operator.py
[2023-09-15T13:41:42.380+0000] {logging_mixin.py:151} INFO - [2023-09-15T13:41:42.380+0000] {dag.py:2907} INFO - Sync 1 DAGs
[2023-09-15T13:41:42.394+0000] {logging_mixin.py:151} INFO - [2023-09-15T13:41:42.393+0000] {dag.py:3677} INFO - Setting next_dagrun for example_bash_operator to 2023-09-14T00:00:00+00:00, run_after=2023-09-15T00:00:00+00:00
[2023-09-15T13:41:42.406+0000] {processor.py:179} INFO - Processing /home/airflow/.local/lib/python3.8/site-packages/airflow/example_dags/example_bash_operator.py took 0.055 seconds
[2023-09-15T13:42:12.810+0000] {processor.py:157} INFO - Started process (PID=955) to work on /home/airflow/.local/lib/python3.8/site-packages/airflow/example_dags/example_bash_operator.py
[2023-09-15T13:42:12.825+0000] {processor.py:829} INFO - Processing file /home/airflow/.local/lib/python3.8/site-packages/airflow/example_dags/example_bash_operator.py for tasks to queue
[2023-09-15T13:42:12.827+0000] {logging_mixin.py:151} INFO - [2023-09-15T13:42:12.827+0000] {dagbag.py:539} INFO - Filling up the DagBag from /home/airflow/.local/lib/python3.8/site-packages/airflow/example_dags/example_bash_operator.py
[2023-09-15T13:42:12.834+0000] {processor.py:839} INFO - DAG(s) dict_keys(['example_bash_operator']) retrieved from /home/airflow/.local/lib/python3.8/site-packages/airflow/example_dags/example_bash_operator.py
[2023-09-15T13:42:12.851+0000] {logging_mixin.py:151} INFO - [2023-09-15T13:42:12.851+0000] {dag.py:2907} INFO - Sync 1 DAGs
[2023-09-15T13:42:12.866+0000] {logging_mixin.py:151} INFO - [2023-09-15T13:42:12.866+0000] {dag.py:3677} INFO - Setting next_dagrun for example_bash_operator to 2023-09-14T00:00:00+00:00, run_after=2023-09-15T00:00:00+00:00
[2023-09-15T13:42:12.880+0000] {processor.py:179} INFO - Processing /home/airflow/.local/lib/python3.8/site-packages/airflow/example_dags/example_bash_operator.py took 0.073 seconds
[2023-09-15T13:42:43.703+0000] {processor.py:157} INFO - Started process (PID=1013) to work on /home/airflow/.local/lib/python3.8/site-packages/airflow/example_dags/example_bash_operator.py
[2023-09-15T13:42:43.704+0000] {processor.py:829} INFO - Processing file /home/airflow/.local/lib/python3.8/site-packages/airflow/example_dags/example_bash_operator.py for tasks to queue
[2023-09-15T13:42:43.706+0000] {logging_mixin.py:151} INFO - [2023-09-15T13:42:43.705+0000] {dagbag.py:539} INFO - Filling up the DagBag from /home/airflow/.local/lib/python3.8/site-packages/airflow/example_dags/example_bash_operator.py
[2023-09-15T13:42:43.715+0000] {processor.py:839} INFO - DAG(s) dict_keys(['example_bash_operator']) retrieved from /home/airflow/.local/lib/python3.8/site-packages/airflow/example_dags/example_bash_operator.py
[2023-09-15T13:42:43.735+0000] {logging_mixin.py:151} INFO - [2023-09-15T13:42:43.735+0000] {dag.py:2907} INFO - Sync 1 DAGs
[2023-09-15T13:42:43.750+0000] {logging_mixin.py:151} INFO - [2023-09-15T13:42:43.750+0000] {dag.py:3677} INFO - Setting next_dagrun for example_bash_operator to 2023-09-14T00:00:00+00:00, run_after=2023-09-15T00:00:00+00:00
[2023-09-15T13:42:43.765+0000] {processor.py:179} INFO - Processing /home/airflow/.local/lib/python3.8/site-packages/airflow/example_dags/example_bash_operator.py took 0.064 seconds
[2023-09-15T13:43:14.328+0000] {processor.py:157} INFO - Started process (PID=1071) to work on /home/airflow/.local/lib/python3.8/site-packages/airflow/example_dags/example_bash_operator.py
[2023-09-15T13:43:14.329+0000] {processor.py:829} INFO - Processing file /home/airflow/.local/lib/python3.8/site-packages/airflow/example_dags/example_bash_operator.py for tasks to queue
[2023-09-15T13:43:14.330+0000] {logging_mixin.py:151} INFO - [2023-09-15T13:43:14.330+0000] {dagbag.py:539} INFO - Filling up the DagBag from /home/airflow/.local/lib/python3.8/site-packages/airflow/example_dags/example_bash_operator.py
[2023-09-15T13:43:14.337+0000] {processor.py:839} INFO - DAG(s) dict_keys(['example_bash_operator']) retrieved from /home/airflow/.local/lib/python3.8/site-packages/airflow/example_dags/example_bash_operator.py
[2023-09-15T13:43:14.357+0000] {logging_mixin.py:151} INFO - [2023-09-15T13:43:14.356+0000] {dag.py:2907} INFO - Sync 1 DAGs
[2023-09-15T13:43:14.371+0000] {logging_mixin.py:151} INFO - [2023-09-15T13:43:14.371+0000] {dag.py:3677} INFO - Setting next_dagrun for example_bash_operator to 2023-09-14T00:00:00+00:00, run_after=2023-09-15T00:00:00+00:00
[2023-09-15T13:43:14.387+0000] {processor.py:179} INFO - Processing /home/airflow/.local/lib/python3.8/site-packages/airflow/example_dags/example_bash_operator.py took 0.061 seconds
[2023-09-15T13:43:44.673+0000] {processor.py:157} INFO - Started process (PID=1129) to work on /home/airflow/.local/lib/python3.8/site-packages/airflow/example_dags/example_bash_operator.py
[2023-09-15T13:43:44.674+0000] {processor.py:829} INFO - Processing file /home/airflow/.local/lib/python3.8/site-packages/airflow/example_dags/example_bash_operator.py for tasks to queue
[2023-09-15T13:43:44.675+0000] {logging_mixin.py:151} INFO - [2023-09-15T13:43:44.675+0000] {dagbag.py:539} INFO - Filling up the DagBag from /home/airflow/.local/lib/python3.8/site-packages/airflow/example_dags/example_bash_operator.py
[2023-09-15T13:43:44.682+0000] {processor.py:839} INFO - DAG(s) dict_keys(['example_bash_operator']) retrieved from /home/airflow/.local/lib/python3.8/site-packages/airflow/example_dags/example_bash_operator.py
[2023-09-15T13:43:44.700+0000] {logging_mixin.py:151} INFO - [2023-09-15T13:43:44.700+0000] {dag.py:2907} INFO - Sync 1 DAGs
[2023-09-15T13:43:44.714+0000] {logging_mixin.py:151} INFO - [2023-09-15T13:43:44.714+0000] {dag.py:3677} INFO - Setting next_dagrun for example_bash_operator to 2023-09-14T00:00:00+00:00, run_after=2023-09-15T00:00:00+00:00
[2023-09-15T13:43:44.730+0000] {processor.py:179} INFO - Processing /home/airflow/.local/lib/python3.8/site-packages/airflow/example_dags/example_bash_operator.py took 0.059 seconds
[2023-09-15T13:44:15.028+0000] {processor.py:157} INFO - Started process (PID=1187) to work on /home/airflow/.local/lib/python3.8/site-packages/airflow/example_dags/example_bash_operator.py
[2023-09-15T13:44:15.029+0000] {processor.py:829} INFO - Processing file /home/airflow/.local/lib/python3.8/site-packages/airflow/example_dags/example_bash_operator.py for tasks to queue
[2023-09-15T13:44:15.031+0000] {logging_mixin.py:151} INFO - [2023-09-15T13:44:15.030+0000] {dagbag.py:539} INFO - Filling up the DagBag from /home/airflow/.local/lib/python3.8/site-packages/airflow/example_dags/example_bash_operator.py
[2023-09-15T13:44:15.038+0000] {processor.py:839} INFO - DAG(s) dict_keys(['example_bash_operator']) retrieved from /home/airflow/.local/lib/python3.8/site-packages/airflow/example_dags/example_bash_operator.py
[2023-09-15T13:44:15.057+0000] {logging_mixin.py:151} INFO - [2023-09-15T13:44:15.057+0000] {dag.py:2907} INFO - Sync 1 DAGs
[2023-09-15T13:44:15.073+0000] {logging_mixin.py:151} INFO - [2023-09-15T13:44:15.073+0000] {dag.py:3677} INFO - Setting next_dagrun for example_bash_operator to 2023-09-14T00:00:00+00:00, run_after=2023-09-15T00:00:00+00:00
[2023-09-15T13:44:15.088+0000] {processor.py:179} INFO - Processing /home/airflow/.local/lib/python3.8/site-packages/airflow/example_dags/example_bash_operator.py took 0.062 seconds
[2023-09-15T13:44:45.412+0000] {processor.py:157} INFO - Started process (PID=1245) to work on /home/airflow/.local/lib/python3.8/site-packages/airflow/example_dags/example_bash_operator.py
[2023-09-15T13:44:45.413+0000] {processor.py:829} INFO - Processing file /home/airflow/.local/lib/python3.8/site-packages/airflow/example_dags/example_bash_operator.py for tasks to queue
[2023-09-15T13:44:45.415+0000] {logging_mixin.py:151} INFO - [2023-09-15T13:44:45.414+0000] {dagbag.py:539} INFO - Filling up the DagBag from /home/airflow/.local/lib/python3.8/site-packages/airflow/example_dags/example_bash_operator.py
[2023-09-15T13:44:45.422+0000] {processor.py:839} INFO - DAG(s) dict_keys(['example_bash_operator']) retrieved from /home/airflow/.local/lib/python3.8/site-packages/airflow/example_dags/example_bash_operator.py
[2023-09-15T13:44:45.440+0000] {logging_mixin.py:151} INFO - [2023-09-15T13:44:45.440+0000] {dag.py:2907} INFO - Sync 1 DAGs
[2023-09-15T13:44:45.456+0000] {logging_mixin.py:151} INFO - [2023-09-15T13:44:45.456+0000] {dag.py:3677} INFO - Setting next_dagrun for example_bash_operator to 2023-09-14T00:00:00+00:00, run_after=2023-09-15T00:00:00+00:00
[2023-09-15T13:44:45.470+0000] {processor.py:179} INFO - Processing /home/airflow/.local/lib/python3.8/site-packages/airflow/example_dags/example_bash_operator.py took 0.060 seconds
[2023-09-15T13:45:15.740+0000] {processor.py:157} INFO - Started process (PID=1303) to work on /home/airflow/.local/lib/python3.8/site-packages/airflow/example_dags/example_bash_operator.py
[2023-09-15T13:45:15.740+0000] {processor.py:829} INFO - Processing file /home/airflow/.local/lib/python3.8/site-packages/airflow/example_dags/example_bash_operator.py for tasks to queue
[2023-09-15T13:45:15.742+0000] {logging_mixin.py:151} INFO - [2023-09-15T13:45:15.742+0000] {dagbag.py:539} INFO - Filling up the DagBag from /home/airflow/.local/lib/python3.8/site-packages/airflow/example_dags/example_bash_operator.py
[2023-09-15T13:45:15.749+0000] {processor.py:839} INFO - DAG(s) dict_keys(['example_bash_operator']) retrieved from /home/airflow/.local/lib/python3.8/site-packages/airflow/example_dags/example_bash_operator.py
[2023-09-15T13:45:15.767+0000] {logging_mixin.py:151} INFO - [2023-09-15T13:45:15.767+0000] {dag.py:2907} INFO - Sync 1 DAGs
[2023-09-15T13:45:15.781+0000] {logging_mixin.py:151} INFO - [2023-09-15T13:45:15.781+0000] {dag.py:3677} INFO - Setting next_dagrun for example_bash_operator to 2023-09-14T00:00:00+00:00, run_after=2023-09-15T00:00:00+00:00
[2023-09-15T13:45:15.794+0000] {processor.py:179} INFO - Processing /home/airflow/.local/lib/python3.8/site-packages/airflow/example_dags/example_bash_operator.py took 0.056 seconds
[2023-09-15T13:45:46.030+0000] {processor.py:157} INFO - Started process (PID=1361) to work on /home/airflow/.local/lib/python3.8/site-packages/airflow/example_dags/example_bash_operator.py
[2023-09-15T13:45:46.030+0000] {processor.py:829} INFO - Processing file /home/airflow/.local/lib/python3.8/site-packages/airflow/example_dags/example_bash_operator.py for tasks to queue
[2023-09-15T13:45:46.032+0000] {logging_mixin.py:151} INFO - [2023-09-15T13:45:46.032+0000] {dagbag.py:539} INFO - Filling up the DagBag from /home/airflow/.local/lib/python3.8/site-packages/airflow/example_dags/example_bash_operator.py
[2023-09-15T13:45:46.038+0000] {processor.py:839} INFO - DAG(s) dict_keys(['example_bash_operator']) retrieved from /home/airflow/.local/lib/python3.8/site-packages/airflow/example_dags/example_bash_operator.py
[2023-09-15T13:45:46.057+0000] {logging_mixin.py:151} INFO - [2023-09-15T13:45:46.057+0000] {dag.py:2907} INFO - Sync 1 DAGs
[2023-09-15T13:45:46.071+0000] {logging_mixin.py:151} INFO - [2023-09-15T13:45:46.071+0000] {dag.py:3677} INFO - Setting next_dagrun for example_bash_operator to 2023-09-14T00:00:00+00:00, run_after=2023-09-15T00:00:00+00:00
[2023-09-15T13:45:46.085+0000] {processor.py:179} INFO - Processing /home/airflow/.local/lib/python3.8/site-packages/airflow/example_dags/example_bash_operator.py took 0.057 seconds
[2023-09-15T13:46:16.428+0000] {processor.py:157} INFO - Started process (PID=1419) to work on /home/airflow/.local/lib/python3.8/site-packages/airflow/example_dags/example_bash_operator.py
[2023-09-15T13:46:16.429+0000] {processor.py:829} INFO - Processing file /home/airflow/.local/lib/python3.8/site-packages/airflow/example_dags/example_bash_operator.py for tasks to queue
[2023-09-15T13:46:16.431+0000] {logging_mixin.py:151} INFO - [2023-09-15T13:46:16.430+0000] {dagbag.py:539} INFO - Filling up the DagBag from /home/airflow/.local/lib/python3.8/site-packages/airflow/example_dags/example_bash_operator.py
[2023-09-15T13:46:16.437+0000] {processor.py:839} INFO - DAG(s) dict_keys(['example_bash_operator']) retrieved from /home/airflow/.local/lib/python3.8/site-packages/airflow/example_dags/example_bash_operator.py
[2023-09-15T13:46:16.455+0000] {logging_mixin.py:151} INFO - [2023-09-15T13:46:16.455+0000] {dag.py:2907} INFO - Sync 1 DAGs
[2023-09-15T13:46:16.469+0000] {logging_mixin.py:151} INFO - [2023-09-15T13:46:16.469+0000] {dag.py:3677} INFO - Setting next_dagrun for example_bash_operator to 2023-09-14T00:00:00+00:00, run_after=2023-09-15T00:00:00+00:00
[2023-09-15T13:46:16.482+0000] {processor.py:179} INFO - Processing /home/airflow/.local/lib/python3.8/site-packages/airflow/example_dags/example_bash_operator.py took 0.056 seconds
[2023-09-15T13:46:46.713+0000] {processor.py:157} INFO - Started process (PID=1477) to work on /home/airflow/.local/lib/python3.8/site-packages/airflow/example_dags/example_bash_operator.py
[2023-09-15T13:46:46.714+0000] {processor.py:829} INFO - Processing file /home/airflow/.local/lib/python3.8/site-packages/airflow/example_dags/example_bash_operator.py for tasks to queue
[2023-09-15T13:46:46.715+0000] {logging_mixin.py:151} INFO - [2023-09-15T13:46:46.715+0000] {dagbag.py:539} INFO - Filling up the DagBag from /home/airflow/.local/lib/python3.8/site-packages/airflow/example_dags/example_bash_operator.py
[2023-09-15T13:46:46.721+0000] {processor.py:839} INFO - DAG(s) dict_keys(['example_bash_operator']) retrieved from /home/airflow/.local/lib/python3.8/site-packages/airflow/example_dags/example_bash_operator.py
[2023-09-15T13:46:46.740+0000] {logging_mixin.py:151} INFO - [2023-09-15T13:46:46.740+0000] {dag.py:2907} INFO - Sync 1 DAGs
[2023-09-15T13:46:46.757+0000] {logging_mixin.py:151} INFO - [2023-09-15T13:46:46.757+0000] {dag.py:3677} INFO - Setting next_dagrun for example_bash_operator to 2023-09-14T00:00:00+00:00, run_after=2023-09-15T00:00:00+00:00
[2023-09-15T13:46:46.772+0000] {processor.py:179} INFO - Processing /home/airflow/.local/lib/python3.8/site-packages/airflow/example_dags/example_bash_operator.py took 0.061 seconds
[2023-09-15T13:47:17.072+0000] {processor.py:157} INFO - Started process (PID=1536) to work on /home/airflow/.local/lib/python3.8/site-packages/airflow/example_dags/example_bash_operator.py
[2023-09-15T13:47:17.072+0000] {processor.py:829} INFO - Processing file /home/airflow/.local/lib/python3.8/site-packages/airflow/example_dags/example_bash_operator.py for tasks to queue
[2023-09-15T13:47:17.074+0000] {logging_mixin.py:151} INFO - [2023-09-15T13:47:17.074+0000] {dagbag.py:539} INFO - Filling up the DagBag from /home/airflow/.local/lib/python3.8/site-packages/airflow/example_dags/example_bash_operator.py
[2023-09-15T13:47:17.081+0000] {processor.py:839} INFO - DAG(s) dict_keys(['example_bash_operator']) retrieved from /home/airflow/.local/lib/python3.8/site-packages/airflow/example_dags/example_bash_operator.py
[2023-09-15T13:47:17.100+0000] {logging_mixin.py:151} INFO - [2023-09-15T13:47:17.099+0000] {dag.py:2907} INFO - Sync 1 DAGs
[2023-09-15T13:47:17.118+0000] {logging_mixin.py:151} INFO - [2023-09-15T13:47:17.118+0000] {dag.py:3677} INFO - Setting next_dagrun for example_bash_operator to 2023-09-14T00:00:00+00:00, run_after=2023-09-15T00:00:00+00:00
[2023-09-15T13:47:17.131+0000] {processor.py:179} INFO - Processing /home/airflow/.local/lib/python3.8/site-packages/airflow/example_dags/example_bash_operator.py took 0.062 seconds
[2023-09-15T13:47:47.387+0000] {processor.py:157} INFO - Started process (PID=1594) to work on /home/airflow/.local/lib/python3.8/site-packages/airflow/example_dags/example_bash_operator.py
[2023-09-15T13:47:47.388+0000] {processor.py:829} INFO - Processing file /home/airflow/.local/lib/python3.8/site-packages/airflow/example_dags/example_bash_operator.py for tasks to queue
[2023-09-15T13:47:47.389+0000] {logging_mixin.py:151} INFO - [2023-09-15T13:47:47.389+0000] {dagbag.py:539} INFO - Filling up the DagBag from /home/airflow/.local/lib/python3.8/site-packages/airflow/example_dags/example_bash_operator.py
[2023-09-15T13:47:47.396+0000] {processor.py:839} INFO - DAG(s) dict_keys(['example_bash_operator']) retrieved from /home/airflow/.local/lib/python3.8/site-packages/airflow/example_dags/example_bash_operator.py
[2023-09-15T13:47:47.413+0000] {logging_mixin.py:151} INFO - [2023-09-15T13:47:47.413+0000] {dag.py:2907} INFO - Sync 1 DAGs
[2023-09-15T13:47:47.427+0000] {logging_mixin.py:151} INFO - [2023-09-15T13:47:47.427+0000] {dag.py:3677} INFO - Setting next_dagrun for example_bash_operator to 2023-09-14T00:00:00+00:00, run_after=2023-09-15T00:00:00+00:00
[2023-09-15T13:47:47.440+0000] {processor.py:179} INFO - Processing /home/airflow/.local/lib/python3.8/site-packages/airflow/example_dags/example_bash_operator.py took 0.055 seconds
[2023-09-15T13:48:17.775+0000] {processor.py:157} INFO - Started process (PID=1652) to work on /home/airflow/.local/lib/python3.8/site-packages/airflow/example_dags/example_bash_operator.py
[2023-09-15T13:48:17.776+0000] {processor.py:829} INFO - Processing file /home/airflow/.local/lib/python3.8/site-packages/airflow/example_dags/example_bash_operator.py for tasks to queue
[2023-09-15T13:48:17.777+0000] {logging_mixin.py:151} INFO - [2023-09-15T13:48:17.777+0000] {dagbag.py:539} INFO - Filling up the DagBag from /home/airflow/.local/lib/python3.8/site-packages/airflow/example_dags/example_bash_operator.py
[2023-09-15T13:48:17.785+0000] {processor.py:839} INFO - DAG(s) dict_keys(['example_bash_operator']) retrieved from /home/airflow/.local/lib/python3.8/site-packages/airflow/example_dags/example_bash_operator.py
[2023-09-15T13:48:17.802+0000] {logging_mixin.py:151} INFO - [2023-09-15T13:48:17.802+0000] {dag.py:2907} INFO - Sync 1 DAGs
[2023-09-15T13:48:17.816+0000] {logging_mixin.py:151} INFO - [2023-09-15T13:48:17.816+0000] {dag.py:3677} INFO - Setting next_dagrun for example_bash_operator to 2023-09-14T00:00:00+00:00, run_after=2023-09-15T00:00:00+00:00
[2023-09-15T13:48:17.829+0000] {processor.py:179} INFO - Processing /home/airflow/.local/lib/python3.8/site-packages/airflow/example_dags/example_bash_operator.py took 0.056 seconds
[2023-09-15T13:48:48.249+0000] {processor.py:157} INFO - Started process (PID=1710) to work on /home/airflow/.local/lib/python3.8/site-packages/airflow/example_dags/example_bash_operator.py
[2023-09-15T13:48:48.250+0000] {processor.py:829} INFO - Processing file /home/airflow/.local/lib/python3.8/site-packages/airflow/example_dags/example_bash_operator.py for tasks to queue
[2023-09-15T13:48:48.252+0000] {logging_mixin.py:151} INFO - [2023-09-15T13:48:48.252+0000] {dagbag.py:539} INFO - Filling up the DagBag from /home/airflow/.local/lib/python3.8/site-packages/airflow/example_dags/example_bash_operator.py
[2023-09-15T13:48:48.259+0000] {processor.py:839} INFO - DAG(s) dict_keys(['example_bash_operator']) retrieved from /home/airflow/.local/lib/python3.8/site-packages/airflow/example_dags/example_bash_operator.py
[2023-09-15T13:48:48.279+0000] {logging_mixin.py:151} INFO - [2023-09-15T13:48:48.279+0000] {dag.py:2907} INFO - Sync 1 DAGs
[2023-09-15T13:48:48.294+0000] {logging_mixin.py:151} INFO - [2023-09-15T13:48:48.294+0000] {dag.py:3677} INFO - Setting next_dagrun for example_bash_operator to 2023-09-14T00:00:00+00:00, run_after=2023-09-15T00:00:00+00:00
[2023-09-15T13:48:48.310+0000] {processor.py:179} INFO - Processing /home/airflow/.local/lib/python3.8/site-packages/airflow/example_dags/example_bash_operator.py took 0.063 seconds
[2023-09-15T13:49:18.522+0000] {processor.py:157} INFO - Started process (PID=1768) to work on /home/airflow/.local/lib/python3.8/site-packages/airflow/example_dags/example_bash_operator.py
[2023-09-15T13:49:18.522+0000] {processor.py:829} INFO - Processing file /home/airflow/.local/lib/python3.8/site-packages/airflow/example_dags/example_bash_operator.py for tasks to queue
[2023-09-15T13:49:18.523+0000] {logging_mixin.py:151} INFO - [2023-09-15T13:49:18.523+0000] {dagbag.py:539} INFO - Filling up the DagBag from /home/airflow/.local/lib/python3.8/site-packages/airflow/example_dags/example_bash_operator.py
[2023-09-15T13:49:18.530+0000] {processor.py:839} INFO - DAG(s) dict_keys(['example_bash_operator']) retrieved from /home/airflow/.local/lib/python3.8/site-packages/airflow/example_dags/example_bash_operator.py
[2023-09-15T13:49:18.548+0000] {logging_mixin.py:151} INFO - [2023-09-15T13:49:18.547+0000] {dag.py:2907} INFO - Sync 1 DAGs
[2023-09-15T13:49:18.561+0000] {logging_mixin.py:151} INFO - [2023-09-15T13:49:18.561+0000] {dag.py:3677} INFO - Setting next_dagrun for example_bash_operator to 2023-09-14T00:00:00+00:00, run_after=2023-09-15T00:00:00+00:00
[2023-09-15T13:49:18.574+0000] {processor.py:179} INFO - Processing /home/airflow/.local/lib/python3.8/site-packages/airflow/example_dags/example_bash_operator.py took 0.055 seconds
[2023-09-15T13:49:49.003+0000] {processor.py:157} INFO - Started process (PID=1826) to work on /home/airflow/.local/lib/python3.8/site-packages/airflow/example_dags/example_bash_operator.py
[2023-09-15T13:49:49.003+0000] {processor.py:829} INFO - Processing file /home/airflow/.local/lib/python3.8/site-packages/airflow/example_dags/example_bash_operator.py for tasks to queue
[2023-09-15T13:49:49.005+0000] {logging_mixin.py:151} INFO - [2023-09-15T13:49:49.004+0000] {dagbag.py:539} INFO - Filling up the DagBag from /home/airflow/.local/lib/python3.8/site-packages/airflow/example_dags/example_bash_operator.py
[2023-09-15T13:49:49.011+0000] {processor.py:839} INFO - DAG(s) dict_keys(['example_bash_operator']) retrieved from /home/airflow/.local/lib/python3.8/site-packages/airflow/example_dags/example_bash_operator.py
[2023-09-15T13:49:49.030+0000] {logging_mixin.py:151} INFO - [2023-09-15T13:49:49.029+0000] {dag.py:2907} INFO - Sync 1 DAGs
[2023-09-15T13:49:49.044+0000] {logging_mixin.py:151} INFO - [2023-09-15T13:49:49.043+0000] {dag.py:3677} INFO - Setting next_dagrun for example_bash_operator to 2023-09-14T00:00:00+00:00, run_after=2023-09-15T00:00:00+00:00
[2023-09-15T13:49:49.057+0000] {processor.py:179} INFO - Processing /home/airflow/.local/lib/python3.8/site-packages/airflow/example_dags/example_bash_operator.py took 0.056 seconds
[2023-09-15T13:50:19.551+0000] {processor.py:157} INFO - Started process (PID=1884) to work on /home/airflow/.local/lib/python3.8/site-packages/airflow/example_dags/example_bash_operator.py
[2023-09-15T13:50:19.552+0000] {processor.py:829} INFO - Processing file /home/airflow/.local/lib/python3.8/site-packages/airflow/example_dags/example_bash_operator.py for tasks to queue
[2023-09-15T13:50:19.553+0000] {logging_mixin.py:151} INFO - [2023-09-15T13:50:19.553+0000] {dagbag.py:539} INFO - Filling up the DagBag from /home/airflow/.local/lib/python3.8/site-packages/airflow/example_dags/example_bash_operator.py
[2023-09-15T13:50:19.562+0000] {processor.py:839} INFO - DAG(s) dict_keys(['example_bash_operator']) retrieved from /home/airflow/.local/lib/python3.8/site-packages/airflow/example_dags/example_bash_operator.py
[2023-09-15T13:50:19.582+0000] {logging_mixin.py:151} INFO - [2023-09-15T13:50:19.582+0000] {dag.py:2907} INFO - Sync 1 DAGs
[2023-09-15T13:50:19.597+0000] {logging_mixin.py:151} INFO - [2023-09-15T13:50:19.597+0000] {dag.py:3677} INFO - Setting next_dagrun for example_bash_operator to 2023-09-14T00:00:00+00:00, run_after=2023-09-15T00:00:00+00:00
[2023-09-15T13:50:19.610+0000] {processor.py:179} INFO - Processing /home/airflow/.local/lib/python3.8/site-packages/airflow/example_dags/example_bash_operator.py took 0.061 seconds
