[2023-09-15T13:34:36.544+0000] {processor.py:157} INFO - Started process (PID=76) to work on /home/airflow/.local/lib/python3.8/site-packages/airflow/example_dags/example_branch_python_dop_operator_3.py
[2023-09-15T13:34:36.546+0000] {processor.py:829} INFO - Processing file /home/airflow/.local/lib/python3.8/site-packages/airflow/example_dags/example_branch_python_dop_operator_3.py for tasks to queue
[2023-09-15T13:34:36.548+0000] {logging_mixin.py:151} INFO - [2023-09-15T13:34:36.547+0000] {dagbag.py:539} INFO - Filling up the DagBag from /home/airflow/.local/lib/python3.8/site-packages/airflow/example_dags/example_branch_python_dop_operator_3.py
[2023-09-15T13:34:36.555+0000] {processor.py:839} INFO - DAG(s) dict_keys(['example_branch_dop_operator_v3']) retrieved from /home/airflow/.local/lib/python3.8/site-packages/airflow/example_dags/example_branch_python_dop_operator_3.py
[2023-09-15T13:34:36.576+0000] {logging_mixin.py:151} INFO - [2023-09-15T13:34:36.576+0000] {dag.py:2907} INFO - Sync 1 DAGs
[2023-09-15T13:34:36.605+0000] {logging_mixin.py:151} INFO - [2023-09-15T13:34:36.605+0000] {dag.py:3677} INFO - Setting next_dagrun for example_branch_dop_operator_v3 to 2023-09-15T13:33:00+00:00, run_after=2023-09-15T13:34:00+00:00
[2023-09-15T13:34:36.625+0000] {processor.py:179} INFO - Processing /home/airflow/.local/lib/python3.8/site-packages/airflow/example_dags/example_branch_python_dop_operator_3.py took 0.083 seconds
[2023-09-15T13:35:07.553+0000] {processor.py:157} INFO - Started process (PID=149) to work on /home/airflow/.local/lib/python3.8/site-packages/airflow/example_dags/example_branch_python_dop_operator_3.py
[2023-09-15T13:35:07.554+0000] {processor.py:829} INFO - Processing file /home/airflow/.local/lib/python3.8/site-packages/airflow/example_dags/example_branch_python_dop_operator_3.py for tasks to queue
[2023-09-15T13:35:07.556+0000] {logging_mixin.py:151} INFO - [2023-09-15T13:35:07.555+0000] {dagbag.py:539} INFO - Filling up the DagBag from /home/airflow/.local/lib/python3.8/site-packages/airflow/example_dags/example_branch_python_dop_operator_3.py
[2023-09-15T13:35:07.561+0000] {processor.py:839} INFO - DAG(s) dict_keys(['example_branch_dop_operator_v3']) retrieved from /home/airflow/.local/lib/python3.8/site-packages/airflow/example_dags/example_branch_python_dop_operator_3.py
[2023-09-15T13:35:07.665+0000] {logging_mixin.py:151} INFO - [2023-09-15T13:35:07.665+0000] {dag.py:2907} INFO - Sync 1 DAGs
[2023-09-15T13:35:07.681+0000] {logging_mixin.py:151} INFO - [2023-09-15T13:35:07.681+0000] {dag.py:3677} INFO - Setting next_dagrun for example_branch_dop_operator_v3 to 2023-09-15T13:34:00+00:00, run_after=2023-09-15T13:35:00+00:00
[2023-09-15T13:35:07.694+0000] {processor.py:179} INFO - Processing /home/airflow/.local/lib/python3.8/site-packages/airflow/example_dags/example_branch_python_dop_operator_3.py took 0.143 seconds
[2023-09-15T13:35:38.155+0000] {processor.py:157} INFO - Started process (PID=207) to work on /home/airflow/.local/lib/python3.8/site-packages/airflow/example_dags/example_branch_python_dop_operator_3.py
[2023-09-15T13:35:38.156+0000] {processor.py:829} INFO - Processing file /home/airflow/.local/lib/python3.8/site-packages/airflow/example_dags/example_branch_python_dop_operator_3.py for tasks to queue
[2023-09-15T13:35:38.157+0000] {logging_mixin.py:151} INFO - [2023-09-15T13:35:38.157+0000] {dagbag.py:539} INFO - Filling up the DagBag from /home/airflow/.local/lib/python3.8/site-packages/airflow/example_dags/example_branch_python_dop_operator_3.py
[2023-09-15T13:35:38.163+0000] {processor.py:839} INFO - DAG(s) dict_keys(['example_branch_dop_operator_v3']) retrieved from /home/airflow/.local/lib/python3.8/site-packages/airflow/example_dags/example_branch_python_dop_operator_3.py
[2023-09-15T13:35:38.174+0000] {logging_mixin.py:151} INFO - [2023-09-15T13:35:38.174+0000] {dag.py:2907} INFO - Sync 1 DAGs
[2023-09-15T13:35:38.190+0000] {logging_mixin.py:151} INFO - [2023-09-15T13:35:38.190+0000] {dag.py:3677} INFO - Setting next_dagrun for example_branch_dop_operator_v3 to 2023-09-15T13:34:00+00:00, run_after=2023-09-15T13:35:00+00:00
[2023-09-15T13:35:38.205+0000] {processor.py:179} INFO - Processing /home/airflow/.local/lib/python3.8/site-packages/airflow/example_dags/example_branch_python_dop_operator_3.py took 0.051 seconds
[2023-09-15T13:36:08.506+0000] {processor.py:157} INFO - Started process (PID=265) to work on /home/airflow/.local/lib/python3.8/site-packages/airflow/example_dags/example_branch_python_dop_operator_3.py
[2023-09-15T13:36:08.507+0000] {processor.py:829} INFO - Processing file /home/airflow/.local/lib/python3.8/site-packages/airflow/example_dags/example_branch_python_dop_operator_3.py for tasks to queue
[2023-09-15T13:36:08.508+0000] {logging_mixin.py:151} INFO - [2023-09-15T13:36:08.508+0000] {dagbag.py:539} INFO - Filling up the DagBag from /home/airflow/.local/lib/python3.8/site-packages/airflow/example_dags/example_branch_python_dop_operator_3.py
[2023-09-15T13:36:08.514+0000] {processor.py:839} INFO - DAG(s) dict_keys(['example_branch_dop_operator_v3']) retrieved from /home/airflow/.local/lib/python3.8/site-packages/airflow/example_dags/example_branch_python_dop_operator_3.py
[2023-09-15T13:36:08.526+0000] {logging_mixin.py:151} INFO - [2023-09-15T13:36:08.526+0000] {dag.py:2907} INFO - Sync 1 DAGs
[2023-09-15T13:36:08.545+0000] {logging_mixin.py:151} INFO - [2023-09-15T13:36:08.544+0000] {dag.py:3677} INFO - Setting next_dagrun for example_branch_dop_operator_v3 to 2023-09-15T13:35:00+00:00, run_after=2023-09-15T13:36:00+00:00
[2023-09-15T13:36:08.559+0000] {processor.py:179} INFO - Processing /home/airflow/.local/lib/python3.8/site-packages/airflow/example_dags/example_branch_python_dop_operator_3.py took 0.055 seconds
[2023-09-15T13:36:38.894+0000] {processor.py:157} INFO - Started process (PID=323) to work on /home/airflow/.local/lib/python3.8/site-packages/airflow/example_dags/example_branch_python_dop_operator_3.py
[2023-09-15T13:36:38.895+0000] {processor.py:829} INFO - Processing file /home/airflow/.local/lib/python3.8/site-packages/airflow/example_dags/example_branch_python_dop_operator_3.py for tasks to queue
[2023-09-15T13:36:38.897+0000] {logging_mixin.py:151} INFO - [2023-09-15T13:36:38.896+0000] {dagbag.py:539} INFO - Filling up the DagBag from /home/airflow/.local/lib/python3.8/site-packages/airflow/example_dags/example_branch_python_dop_operator_3.py
[2023-09-15T13:36:38.902+0000] {processor.py:839} INFO - DAG(s) dict_keys(['example_branch_dop_operator_v3']) retrieved from /home/airflow/.local/lib/python3.8/site-packages/airflow/example_dags/example_branch_python_dop_operator_3.py
[2023-09-15T13:36:38.914+0000] {logging_mixin.py:151} INFO - [2023-09-15T13:36:38.914+0000] {dag.py:2907} INFO - Sync 1 DAGs
[2023-09-15T13:36:38.930+0000] {logging_mixin.py:151} INFO - [2023-09-15T13:36:38.930+0000] {dag.py:3677} INFO - Setting next_dagrun for example_branch_dop_operator_v3 to 2023-09-15T13:35:00+00:00, run_after=2023-09-15T13:36:00+00:00
[2023-09-15T13:36:38.943+0000] {processor.py:179} INFO - Processing /home/airflow/.local/lib/python3.8/site-packages/airflow/example_dags/example_branch_python_dop_operator_3.py took 0.051 seconds
[2023-09-15T13:37:09.125+0000] {processor.py:157} INFO - Started process (PID=381) to work on /home/airflow/.local/lib/python3.8/site-packages/airflow/example_dags/example_branch_python_dop_operator_3.py
[2023-09-15T13:37:09.126+0000] {processor.py:829} INFO - Processing file /home/airflow/.local/lib/python3.8/site-packages/airflow/example_dags/example_branch_python_dop_operator_3.py for tasks to queue
[2023-09-15T13:37:09.127+0000] {logging_mixin.py:151} INFO - [2023-09-15T13:37:09.127+0000] {dagbag.py:539} INFO - Filling up the DagBag from /home/airflow/.local/lib/python3.8/site-packages/airflow/example_dags/example_branch_python_dop_operator_3.py
[2023-09-15T13:37:09.132+0000] {processor.py:839} INFO - DAG(s) dict_keys(['example_branch_dop_operator_v3']) retrieved from /home/airflow/.local/lib/python3.8/site-packages/airflow/example_dags/example_branch_python_dop_operator_3.py
[2023-09-15T13:37:09.144+0000] {logging_mixin.py:151} INFO - [2023-09-15T13:37:09.144+0000] {dag.py:2907} INFO - Sync 1 DAGs
[2023-09-15T13:37:09.160+0000] {logging_mixin.py:151} INFO - [2023-09-15T13:37:09.159+0000] {dag.py:3677} INFO - Setting next_dagrun for example_branch_dop_operator_v3 to 2023-09-15T13:36:00+00:00, run_after=2023-09-15T13:37:00+00:00
[2023-09-15T13:37:09.173+0000] {processor.py:179} INFO - Processing /home/airflow/.local/lib/python3.8/site-packages/airflow/example_dags/example_branch_python_dop_operator_3.py took 0.050 seconds
[2023-09-15T13:37:39.303+0000] {processor.py:157} INFO - Started process (PID=439) to work on /home/airflow/.local/lib/python3.8/site-packages/airflow/example_dags/example_branch_python_dop_operator_3.py
[2023-09-15T13:37:39.304+0000] {processor.py:829} INFO - Processing file /home/airflow/.local/lib/python3.8/site-packages/airflow/example_dags/example_branch_python_dop_operator_3.py for tasks to queue
[2023-09-15T13:37:39.305+0000] {logging_mixin.py:151} INFO - [2023-09-15T13:37:39.305+0000] {dagbag.py:539} INFO - Filling up the DagBag from /home/airflow/.local/lib/python3.8/site-packages/airflow/example_dags/example_branch_python_dop_operator_3.py
[2023-09-15T13:37:39.310+0000] {processor.py:839} INFO - DAG(s) dict_keys(['example_branch_dop_operator_v3']) retrieved from /home/airflow/.local/lib/python3.8/site-packages/airflow/example_dags/example_branch_python_dop_operator_3.py
[2023-09-15T13:37:39.322+0000] {logging_mixin.py:151} INFO - [2023-09-15T13:37:39.322+0000] {dag.py:2907} INFO - Sync 1 DAGs
[2023-09-15T13:37:39.337+0000] {logging_mixin.py:151} INFO - [2023-09-15T13:37:39.337+0000] {dag.py:3677} INFO - Setting next_dagrun for example_branch_dop_operator_v3 to 2023-09-15T13:36:00+00:00, run_after=2023-09-15T13:37:00+00:00
[2023-09-15T13:37:39.353+0000] {processor.py:179} INFO - Processing /home/airflow/.local/lib/python3.8/site-packages/airflow/example_dags/example_branch_python_dop_operator_3.py took 0.052 seconds
[2023-09-15T13:38:09.839+0000] {processor.py:157} INFO - Started process (PID=497) to work on /home/airflow/.local/lib/python3.8/site-packages/airflow/example_dags/example_branch_python_dop_operator_3.py
[2023-09-15T13:38:09.840+0000] {processor.py:829} INFO - Processing file /home/airflow/.local/lib/python3.8/site-packages/airflow/example_dags/example_branch_python_dop_operator_3.py for tasks to queue
[2023-09-15T13:38:09.841+0000] {logging_mixin.py:151} INFO - [2023-09-15T13:38:09.841+0000] {dagbag.py:539} INFO - Filling up the DagBag from /home/airflow/.local/lib/python3.8/site-packages/airflow/example_dags/example_branch_python_dop_operator_3.py
[2023-09-15T13:38:09.847+0000] {processor.py:839} INFO - DAG(s) dict_keys(['example_branch_dop_operator_v3']) retrieved from /home/airflow/.local/lib/python3.8/site-packages/airflow/example_dags/example_branch_python_dop_operator_3.py
[2023-09-15T13:38:09.859+0000] {logging_mixin.py:151} INFO - [2023-09-15T13:38:09.859+0000] {dag.py:2907} INFO - Sync 1 DAGs
[2023-09-15T13:38:09.876+0000] {logging_mixin.py:151} INFO - [2023-09-15T13:38:09.875+0000] {dag.py:3677} INFO - Setting next_dagrun for example_branch_dop_operator_v3 to 2023-09-15T13:37:00+00:00, run_after=2023-09-15T13:38:00+00:00
[2023-09-15T13:38:09.890+0000] {processor.py:179} INFO - Processing /home/airflow/.local/lib/python3.8/site-packages/airflow/example_dags/example_branch_python_dop_operator_3.py took 0.053 seconds
[2023-09-15T13:38:40.238+0000] {processor.py:157} INFO - Started process (PID=555) to work on /home/airflow/.local/lib/python3.8/site-packages/airflow/example_dags/example_branch_python_dop_operator_3.py
[2023-09-15T13:38:40.239+0000] {processor.py:829} INFO - Processing file /home/airflow/.local/lib/python3.8/site-packages/airflow/example_dags/example_branch_python_dop_operator_3.py for tasks to queue
[2023-09-15T13:38:40.240+0000] {logging_mixin.py:151} INFO - [2023-09-15T13:38:40.240+0000] {dagbag.py:539} INFO - Filling up the DagBag from /home/airflow/.local/lib/python3.8/site-packages/airflow/example_dags/example_branch_python_dop_operator_3.py
[2023-09-15T13:38:40.245+0000] {processor.py:839} INFO - DAG(s) dict_keys(['example_branch_dop_operator_v3']) retrieved from /home/airflow/.local/lib/python3.8/site-packages/airflow/example_dags/example_branch_python_dop_operator_3.py
[2023-09-15T13:38:40.257+0000] {logging_mixin.py:151} INFO - [2023-09-15T13:38:40.257+0000] {dag.py:2907} INFO - Sync 1 DAGs
[2023-09-15T13:38:40.273+0000] {logging_mixin.py:151} INFO - [2023-09-15T13:38:40.272+0000] {dag.py:3677} INFO - Setting next_dagrun for example_branch_dop_operator_v3 to 2023-09-15T13:37:00+00:00, run_after=2023-09-15T13:38:00+00:00
[2023-09-15T13:38:40.286+0000] {processor.py:179} INFO - Processing /home/airflow/.local/lib/python3.8/site-packages/airflow/example_dags/example_branch_python_dop_operator_3.py took 0.050 seconds
[2023-09-15T13:39:10.752+0000] {processor.py:157} INFO - Started process (PID=613) to work on /home/airflow/.local/lib/python3.8/site-packages/airflow/example_dags/example_branch_python_dop_operator_3.py
[2023-09-15T13:39:10.752+0000] {processor.py:829} INFO - Processing file /home/airflow/.local/lib/python3.8/site-packages/airflow/example_dags/example_branch_python_dop_operator_3.py for tasks to queue
[2023-09-15T13:39:10.754+0000] {logging_mixin.py:151} INFO - [2023-09-15T13:39:10.753+0000] {dagbag.py:539} INFO - Filling up the DagBag from /home/airflow/.local/lib/python3.8/site-packages/airflow/example_dags/example_branch_python_dop_operator_3.py
[2023-09-15T13:39:10.759+0000] {processor.py:839} INFO - DAG(s) dict_keys(['example_branch_dop_operator_v3']) retrieved from /home/airflow/.local/lib/python3.8/site-packages/airflow/example_dags/example_branch_python_dop_operator_3.py
[2023-09-15T13:39:10.770+0000] {logging_mixin.py:151} INFO - [2023-09-15T13:39:10.770+0000] {dag.py:2907} INFO - Sync 1 DAGs
[2023-09-15T13:39:10.787+0000] {logging_mixin.py:151} INFO - [2023-09-15T13:39:10.787+0000] {dag.py:3677} INFO - Setting next_dagrun for example_branch_dop_operator_v3 to 2023-09-15T13:38:00+00:00, run_after=2023-09-15T13:39:00+00:00
[2023-09-15T13:39:10.804+0000] {processor.py:179} INFO - Processing /home/airflow/.local/lib/python3.8/site-packages/airflow/example_dags/example_branch_python_dop_operator_3.py took 0.055 seconds
[2023-09-15T13:39:41.306+0000] {processor.py:157} INFO - Started process (PID=671) to work on /home/airflow/.local/lib/python3.8/site-packages/airflow/example_dags/example_branch_python_dop_operator_3.py
[2023-09-15T13:39:41.307+0000] {processor.py:829} INFO - Processing file /home/airflow/.local/lib/python3.8/site-packages/airflow/example_dags/example_branch_python_dop_operator_3.py for tasks to queue
[2023-09-15T13:39:41.308+0000] {logging_mixin.py:151} INFO - [2023-09-15T13:39:41.308+0000] {dagbag.py:539} INFO - Filling up the DagBag from /home/airflow/.local/lib/python3.8/site-packages/airflow/example_dags/example_branch_python_dop_operator_3.py
[2023-09-15T13:39:41.314+0000] {processor.py:839} INFO - DAG(s) dict_keys(['example_branch_dop_operator_v3']) retrieved from /home/airflow/.local/lib/python3.8/site-packages/airflow/example_dags/example_branch_python_dop_operator_3.py
[2023-09-15T13:39:41.325+0000] {logging_mixin.py:151} INFO - [2023-09-15T13:39:41.325+0000] {dag.py:2907} INFO - Sync 1 DAGs
[2023-09-15T13:39:41.341+0000] {logging_mixin.py:151} INFO - [2023-09-15T13:39:41.341+0000] {dag.py:3677} INFO - Setting next_dagrun for example_branch_dop_operator_v3 to 2023-09-15T13:38:00+00:00, run_after=2023-09-15T13:39:00+00:00
[2023-09-15T13:39:41.355+0000] {processor.py:179} INFO - Processing /home/airflow/.local/lib/python3.8/site-packages/airflow/example_dags/example_branch_python_dop_operator_3.py took 0.051 seconds
[2023-09-15T13:40:11.640+0000] {processor.py:157} INFO - Started process (PID=729) to work on /home/airflow/.local/lib/python3.8/site-packages/airflow/example_dags/example_branch_python_dop_operator_3.py
[2023-09-15T13:40:11.641+0000] {processor.py:829} INFO - Processing file /home/airflow/.local/lib/python3.8/site-packages/airflow/example_dags/example_branch_python_dop_operator_3.py for tasks to queue
[2023-09-15T13:40:11.642+0000] {logging_mixin.py:151} INFO - [2023-09-15T13:40:11.642+0000] {dagbag.py:539} INFO - Filling up the DagBag from /home/airflow/.local/lib/python3.8/site-packages/airflow/example_dags/example_branch_python_dop_operator_3.py
[2023-09-15T13:40:11.648+0000] {processor.py:839} INFO - DAG(s) dict_keys(['example_branch_dop_operator_v3']) retrieved from /home/airflow/.local/lib/python3.8/site-packages/airflow/example_dags/example_branch_python_dop_operator_3.py
[2023-09-15T13:40:11.661+0000] {logging_mixin.py:151} INFO - [2023-09-15T13:40:11.660+0000] {dag.py:2907} INFO - Sync 1 DAGs
[2023-09-15T13:40:11.678+0000] {logging_mixin.py:151} INFO - [2023-09-15T13:40:11.678+0000] {dag.py:3677} INFO - Setting next_dagrun for example_branch_dop_operator_v3 to 2023-09-15T13:39:00+00:00, run_after=2023-09-15T13:40:00+00:00
[2023-09-15T13:40:11.693+0000] {processor.py:179} INFO - Processing /home/airflow/.local/lib/python3.8/site-packages/airflow/example_dags/example_branch_python_dop_operator_3.py took 0.055 seconds
[2023-09-15T13:40:42.055+0000] {processor.py:157} INFO - Started process (PID=787) to work on /home/airflow/.local/lib/python3.8/site-packages/airflow/example_dags/example_branch_python_dop_operator_3.py
[2023-09-15T13:40:42.056+0000] {processor.py:829} INFO - Processing file /home/airflow/.local/lib/python3.8/site-packages/airflow/example_dags/example_branch_python_dop_operator_3.py for tasks to queue
[2023-09-15T13:40:42.057+0000] {logging_mixin.py:151} INFO - [2023-09-15T13:40:42.057+0000] {dagbag.py:539} INFO - Filling up the DagBag from /home/airflow/.local/lib/python3.8/site-packages/airflow/example_dags/example_branch_python_dop_operator_3.py
[2023-09-15T13:40:42.062+0000] {processor.py:839} INFO - DAG(s) dict_keys(['example_branch_dop_operator_v3']) retrieved from /home/airflow/.local/lib/python3.8/site-packages/airflow/example_dags/example_branch_python_dop_operator_3.py
[2023-09-15T13:40:42.074+0000] {logging_mixin.py:151} INFO - [2023-09-15T13:40:42.074+0000] {dag.py:2907} INFO - Sync 1 DAGs
[2023-09-15T13:40:42.090+0000] {logging_mixin.py:151} INFO - [2023-09-15T13:40:42.090+0000] {dag.py:3677} INFO - Setting next_dagrun for example_branch_dop_operator_v3 to 2023-09-15T13:39:00+00:00, run_after=2023-09-15T13:40:00+00:00
[2023-09-15T13:40:42.102+0000] {processor.py:179} INFO - Processing /home/airflow/.local/lib/python3.8/site-packages/airflow/example_dags/example_branch_python_dop_operator_3.py took 0.049 seconds
[2023-09-15T13:41:12.459+0000] {processor.py:157} INFO - Started process (PID=845) to work on /home/airflow/.local/lib/python3.8/site-packages/airflow/example_dags/example_branch_python_dop_operator_3.py
[2023-09-15T13:41:12.460+0000] {processor.py:829} INFO - Processing file /home/airflow/.local/lib/python3.8/site-packages/airflow/example_dags/example_branch_python_dop_operator_3.py for tasks to queue
[2023-09-15T13:41:12.461+0000] {logging_mixin.py:151} INFO - [2023-09-15T13:41:12.461+0000] {dagbag.py:539} INFO - Filling up the DagBag from /home/airflow/.local/lib/python3.8/site-packages/airflow/example_dags/example_branch_python_dop_operator_3.py
[2023-09-15T13:41:12.466+0000] {processor.py:839} INFO - DAG(s) dict_keys(['example_branch_dop_operator_v3']) retrieved from /home/airflow/.local/lib/python3.8/site-packages/airflow/example_dags/example_branch_python_dop_operator_3.py
[2023-09-15T13:41:12.478+0000] {logging_mixin.py:151} INFO - [2023-09-15T13:41:12.478+0000] {dag.py:2907} INFO - Sync 1 DAGs
[2023-09-15T13:41:12.495+0000] {logging_mixin.py:151} INFO - [2023-09-15T13:41:12.495+0000] {dag.py:3677} INFO - Setting next_dagrun for example_branch_dop_operator_v3 to 2023-09-15T13:40:00+00:00, run_after=2023-09-15T13:41:00+00:00
[2023-09-15T13:41:12.509+0000] {processor.py:179} INFO - Processing /home/airflow/.local/lib/python3.8/site-packages/airflow/example_dags/example_branch_python_dop_operator_3.py took 0.052 seconds
[2023-09-15T13:41:42.715+0000] {processor.py:157} INFO - Started process (PID=903) to work on /home/airflow/.local/lib/python3.8/site-packages/airflow/example_dags/example_branch_python_dop_operator_3.py
[2023-09-15T13:41:42.716+0000] {processor.py:829} INFO - Processing file /home/airflow/.local/lib/python3.8/site-packages/airflow/example_dags/example_branch_python_dop_operator_3.py for tasks to queue
[2023-09-15T13:41:42.717+0000] {logging_mixin.py:151} INFO - [2023-09-15T13:41:42.717+0000] {dagbag.py:539} INFO - Filling up the DagBag from /home/airflow/.local/lib/python3.8/site-packages/airflow/example_dags/example_branch_python_dop_operator_3.py
[2023-09-15T13:41:42.722+0000] {processor.py:839} INFO - DAG(s) dict_keys(['example_branch_dop_operator_v3']) retrieved from /home/airflow/.local/lib/python3.8/site-packages/airflow/example_dags/example_branch_python_dop_operator_3.py
[2023-09-15T13:41:42.734+0000] {logging_mixin.py:151} INFO - [2023-09-15T13:41:42.734+0000] {dag.py:2907} INFO - Sync 1 DAGs
[2023-09-15T13:41:42.751+0000] {logging_mixin.py:151} INFO - [2023-09-15T13:41:42.751+0000] {dag.py:3677} INFO - Setting next_dagrun for example_branch_dop_operator_v3 to 2023-09-15T13:40:00+00:00, run_after=2023-09-15T13:41:00+00:00
[2023-09-15T13:41:42.765+0000] {processor.py:179} INFO - Processing /home/airflow/.local/lib/python3.8/site-packages/airflow/example_dags/example_branch_python_dop_operator_3.py took 0.052 seconds
[2023-09-15T13:42:13.084+0000] {processor.py:157} INFO - Started process (PID=961) to work on /home/airflow/.local/lib/python3.8/site-packages/airflow/example_dags/example_branch_python_dop_operator_3.py
[2023-09-15T13:42:13.085+0000] {processor.py:829} INFO - Processing file /home/airflow/.local/lib/python3.8/site-packages/airflow/example_dags/example_branch_python_dop_operator_3.py for tasks to queue
[2023-09-15T13:42:13.087+0000] {logging_mixin.py:151} INFO - [2023-09-15T13:42:13.087+0000] {dagbag.py:539} INFO - Filling up the DagBag from /home/airflow/.local/lib/python3.8/site-packages/airflow/example_dags/example_branch_python_dop_operator_3.py
[2023-09-15T13:42:13.093+0000] {processor.py:839} INFO - DAG(s) dict_keys(['example_branch_dop_operator_v3']) retrieved from /home/airflow/.local/lib/python3.8/site-packages/airflow/example_dags/example_branch_python_dop_operator_3.py
[2023-09-15T13:42:13.105+0000] {logging_mixin.py:151} INFO - [2023-09-15T13:42:13.105+0000] {dag.py:2907} INFO - Sync 1 DAGs
[2023-09-15T13:42:13.122+0000] {logging_mixin.py:151} INFO - [2023-09-15T13:42:13.122+0000] {dag.py:3677} INFO - Setting next_dagrun for example_branch_dop_operator_v3 to 2023-09-15T13:41:00+00:00, run_after=2023-09-15T13:42:00+00:00
[2023-09-15T13:42:13.136+0000] {processor.py:179} INFO - Processing /home/airflow/.local/lib/python3.8/site-packages/airflow/example_dags/example_branch_python_dop_operator_3.py took 0.053 seconds
[2023-09-15T13:42:43.980+0000] {processor.py:157} INFO - Started process (PID=1019) to work on /home/airflow/.local/lib/python3.8/site-packages/airflow/example_dags/example_branch_python_dop_operator_3.py
[2023-09-15T13:42:43.981+0000] {processor.py:829} INFO - Processing file /home/airflow/.local/lib/python3.8/site-packages/airflow/example_dags/example_branch_python_dop_operator_3.py for tasks to queue
[2023-09-15T13:42:43.983+0000] {logging_mixin.py:151} INFO - [2023-09-15T13:42:43.982+0000] {dagbag.py:539} INFO - Filling up the DagBag from /home/airflow/.local/lib/python3.8/site-packages/airflow/example_dags/example_branch_python_dop_operator_3.py
[2023-09-15T13:42:43.990+0000] {processor.py:839} INFO - DAG(s) dict_keys(['example_branch_dop_operator_v3']) retrieved from /home/airflow/.local/lib/python3.8/site-packages/airflow/example_dags/example_branch_python_dop_operator_3.py
[2023-09-15T13:42:44.003+0000] {logging_mixin.py:151} INFO - [2023-09-15T13:42:44.003+0000] {dag.py:2907} INFO - Sync 1 DAGs
[2023-09-15T13:42:44.021+0000] {logging_mixin.py:151} INFO - [2023-09-15T13:42:44.021+0000] {dag.py:3677} INFO - Setting next_dagrun for example_branch_dop_operator_v3 to 2023-09-15T13:41:00+00:00, run_after=2023-09-15T13:42:00+00:00
[2023-09-15T13:42:44.039+0000] {processor.py:179} INFO - Processing /home/airflow/.local/lib/python3.8/site-packages/airflow/example_dags/example_branch_python_dop_operator_3.py took 0.061 seconds
[2023-09-15T13:43:14.593+0000] {processor.py:157} INFO - Started process (PID=1077) to work on /home/airflow/.local/lib/python3.8/site-packages/airflow/example_dags/example_branch_python_dop_operator_3.py
[2023-09-15T13:43:14.594+0000] {processor.py:829} INFO - Processing file /home/airflow/.local/lib/python3.8/site-packages/airflow/example_dags/example_branch_python_dop_operator_3.py for tasks to queue
[2023-09-15T13:43:14.595+0000] {logging_mixin.py:151} INFO - [2023-09-15T13:43:14.595+0000] {dagbag.py:539} INFO - Filling up the DagBag from /home/airflow/.local/lib/python3.8/site-packages/airflow/example_dags/example_branch_python_dop_operator_3.py
[2023-09-15T13:43:14.601+0000] {processor.py:839} INFO - DAG(s) dict_keys(['example_branch_dop_operator_v3']) retrieved from /home/airflow/.local/lib/python3.8/site-packages/airflow/example_dags/example_branch_python_dop_operator_3.py
[2023-09-15T13:43:14.613+0000] {logging_mixin.py:151} INFO - [2023-09-15T13:43:14.613+0000] {dag.py:2907} INFO - Sync 1 DAGs
[2023-09-15T13:43:14.631+0000] {logging_mixin.py:151} INFO - [2023-09-15T13:43:14.631+0000] {dag.py:3677} INFO - Setting next_dagrun for example_branch_dop_operator_v3 to 2023-09-15T13:42:00+00:00, run_after=2023-09-15T13:43:00+00:00
[2023-09-15T13:43:14.645+0000] {processor.py:179} INFO - Processing /home/airflow/.local/lib/python3.8/site-packages/airflow/example_dags/example_branch_python_dop_operator_3.py took 0.053 seconds
[2023-09-15T13:43:44.965+0000] {processor.py:157} INFO - Started process (PID=1135) to work on /home/airflow/.local/lib/python3.8/site-packages/airflow/example_dags/example_branch_python_dop_operator_3.py
[2023-09-15T13:43:44.966+0000] {processor.py:829} INFO - Processing file /home/airflow/.local/lib/python3.8/site-packages/airflow/example_dags/example_branch_python_dop_operator_3.py for tasks to queue
[2023-09-15T13:43:44.968+0000] {logging_mixin.py:151} INFO - [2023-09-15T13:43:44.968+0000] {dagbag.py:539} INFO - Filling up the DagBag from /home/airflow/.local/lib/python3.8/site-packages/airflow/example_dags/example_branch_python_dop_operator_3.py
[2023-09-15T13:43:44.973+0000] {processor.py:839} INFO - DAG(s) dict_keys(['example_branch_dop_operator_v3']) retrieved from /home/airflow/.local/lib/python3.8/site-packages/airflow/example_dags/example_branch_python_dop_operator_3.py
[2023-09-15T13:43:44.985+0000] {logging_mixin.py:151} INFO - [2023-09-15T13:43:44.985+0000] {dag.py:2907} INFO - Sync 1 DAGs
[2023-09-15T13:43:45.002+0000] {logging_mixin.py:151} INFO - [2023-09-15T13:43:45.002+0000] {dag.py:3677} INFO - Setting next_dagrun for example_branch_dop_operator_v3 to 2023-09-15T13:42:00+00:00, run_after=2023-09-15T13:43:00+00:00
[2023-09-15T13:43:45.020+0000] {processor.py:179} INFO - Processing /home/airflow/.local/lib/python3.8/site-packages/airflow/example_dags/example_branch_python_dop_operator_3.py took 0.057 seconds
[2023-09-15T13:44:15.320+0000] {processor.py:157} INFO - Started process (PID=1193) to work on /home/airflow/.local/lib/python3.8/site-packages/airflow/example_dags/example_branch_python_dop_operator_3.py
[2023-09-15T13:44:15.321+0000] {processor.py:829} INFO - Processing file /home/airflow/.local/lib/python3.8/site-packages/airflow/example_dags/example_branch_python_dop_operator_3.py for tasks to queue
[2023-09-15T13:44:15.322+0000] {logging_mixin.py:151} INFO - [2023-09-15T13:44:15.322+0000] {dagbag.py:539} INFO - Filling up the DagBag from /home/airflow/.local/lib/python3.8/site-packages/airflow/example_dags/example_branch_python_dop_operator_3.py
[2023-09-15T13:44:15.328+0000] {processor.py:839} INFO - DAG(s) dict_keys(['example_branch_dop_operator_v3']) retrieved from /home/airflow/.local/lib/python3.8/site-packages/airflow/example_dags/example_branch_python_dop_operator_3.py
[2023-09-15T13:44:15.342+0000] {logging_mixin.py:151} INFO - [2023-09-15T13:44:15.342+0000] {dag.py:2907} INFO - Sync 1 DAGs
[2023-09-15T13:44:15.362+0000] {logging_mixin.py:151} INFO - [2023-09-15T13:44:15.362+0000] {dag.py:3677} INFO - Setting next_dagrun for example_branch_dop_operator_v3 to 2023-09-15T13:43:00+00:00, run_after=2023-09-15T13:44:00+00:00
[2023-09-15T13:44:15.376+0000] {processor.py:179} INFO - Processing /home/airflow/.local/lib/python3.8/site-packages/airflow/example_dags/example_branch_python_dop_operator_3.py took 0.059 seconds
[2023-09-15T13:44:45.667+0000] {processor.py:157} INFO - Started process (PID=1251) to work on /home/airflow/.local/lib/python3.8/site-packages/airflow/example_dags/example_branch_python_dop_operator_3.py
[2023-09-15T13:44:45.667+0000] {processor.py:829} INFO - Processing file /home/airflow/.local/lib/python3.8/site-packages/airflow/example_dags/example_branch_python_dop_operator_3.py for tasks to queue
[2023-09-15T13:44:45.669+0000] {logging_mixin.py:151} INFO - [2023-09-15T13:44:45.669+0000] {dagbag.py:539} INFO - Filling up the DagBag from /home/airflow/.local/lib/python3.8/site-packages/airflow/example_dags/example_branch_python_dop_operator_3.py
[2023-09-15T13:44:45.674+0000] {processor.py:839} INFO - DAG(s) dict_keys(['example_branch_dop_operator_v3']) retrieved from /home/airflow/.local/lib/python3.8/site-packages/airflow/example_dags/example_branch_python_dop_operator_3.py
[2023-09-15T13:44:45.686+0000] {logging_mixin.py:151} INFO - [2023-09-15T13:44:45.686+0000] {dag.py:2907} INFO - Sync 1 DAGs
[2023-09-15T13:44:45.703+0000] {logging_mixin.py:151} INFO - [2023-09-15T13:44:45.703+0000] {dag.py:3677} INFO - Setting next_dagrun for example_branch_dop_operator_v3 to 2023-09-15T13:43:00+00:00, run_after=2023-09-15T13:44:00+00:00
[2023-09-15T13:44:45.718+0000] {processor.py:179} INFO - Processing /home/airflow/.local/lib/python3.8/site-packages/airflow/example_dags/example_branch_python_dop_operator_3.py took 0.053 seconds
[2023-09-15T13:45:16.001+0000] {processor.py:157} INFO - Started process (PID=1309) to work on /home/airflow/.local/lib/python3.8/site-packages/airflow/example_dags/example_branch_python_dop_operator_3.py
[2023-09-15T13:45:16.002+0000] {processor.py:829} INFO - Processing file /home/airflow/.local/lib/python3.8/site-packages/airflow/example_dags/example_branch_python_dop_operator_3.py for tasks to queue
[2023-09-15T13:45:16.003+0000] {logging_mixin.py:151} INFO - [2023-09-15T13:45:16.003+0000] {dagbag.py:539} INFO - Filling up the DagBag from /home/airflow/.local/lib/python3.8/site-packages/airflow/example_dags/example_branch_python_dop_operator_3.py
[2023-09-15T13:45:16.008+0000] {processor.py:839} INFO - DAG(s) dict_keys(['example_branch_dop_operator_v3']) retrieved from /home/airflow/.local/lib/python3.8/site-packages/airflow/example_dags/example_branch_python_dop_operator_3.py
[2023-09-15T13:45:16.021+0000] {logging_mixin.py:151} INFO - [2023-09-15T13:45:16.021+0000] {dag.py:2907} INFO - Sync 1 DAGs
[2023-09-15T13:45:16.039+0000] {logging_mixin.py:151} INFO - [2023-09-15T13:45:16.039+0000] {dag.py:3677} INFO - Setting next_dagrun for example_branch_dop_operator_v3 to 2023-09-15T13:44:00+00:00, run_after=2023-09-15T13:45:00+00:00
[2023-09-15T13:45:16.052+0000] {processor.py:179} INFO - Processing /home/airflow/.local/lib/python3.8/site-packages/airflow/example_dags/example_branch_python_dop_operator_3.py took 0.053 seconds
[2023-09-15T13:45:46.282+0000] {processor.py:157} INFO - Started process (PID=1367) to work on /home/airflow/.local/lib/python3.8/site-packages/airflow/example_dags/example_branch_python_dop_operator_3.py
[2023-09-15T13:45:46.283+0000] {processor.py:829} INFO - Processing file /home/airflow/.local/lib/python3.8/site-packages/airflow/example_dags/example_branch_python_dop_operator_3.py for tasks to queue
[2023-09-15T13:45:46.284+0000] {logging_mixin.py:151} INFO - [2023-09-15T13:45:46.284+0000] {dagbag.py:539} INFO - Filling up the DagBag from /home/airflow/.local/lib/python3.8/site-packages/airflow/example_dags/example_branch_python_dop_operator_3.py
[2023-09-15T13:45:46.290+0000] {processor.py:839} INFO - DAG(s) dict_keys(['example_branch_dop_operator_v3']) retrieved from /home/airflow/.local/lib/python3.8/site-packages/airflow/example_dags/example_branch_python_dop_operator_3.py
[2023-09-15T13:45:46.302+0000] {logging_mixin.py:151} INFO - [2023-09-15T13:45:46.301+0000] {dag.py:2907} INFO - Sync 1 DAGs
[2023-09-15T13:45:46.318+0000] {logging_mixin.py:151} INFO - [2023-09-15T13:45:46.318+0000] {dag.py:3677} INFO - Setting next_dagrun for example_branch_dop_operator_v3 to 2023-09-15T13:44:00+00:00, run_after=2023-09-15T13:45:00+00:00
[2023-09-15T13:45:46.333+0000] {processor.py:179} INFO - Processing /home/airflow/.local/lib/python3.8/site-packages/airflow/example_dags/example_branch_python_dop_operator_3.py took 0.053 seconds
[2023-09-15T13:46:16.687+0000] {processor.py:157} INFO - Started process (PID=1425) to work on /home/airflow/.local/lib/python3.8/site-packages/airflow/example_dags/example_branch_python_dop_operator_3.py
[2023-09-15T13:46:16.688+0000] {processor.py:829} INFO - Processing file /home/airflow/.local/lib/python3.8/site-packages/airflow/example_dags/example_branch_python_dop_operator_3.py for tasks to queue
[2023-09-15T13:46:16.689+0000] {logging_mixin.py:151} INFO - [2023-09-15T13:46:16.689+0000] {dagbag.py:539} INFO - Filling up the DagBag from /home/airflow/.local/lib/python3.8/site-packages/airflow/example_dags/example_branch_python_dop_operator_3.py
[2023-09-15T13:46:16.695+0000] {processor.py:839} INFO - DAG(s) dict_keys(['example_branch_dop_operator_v3']) retrieved from /home/airflow/.local/lib/python3.8/site-packages/airflow/example_dags/example_branch_python_dop_operator_3.py
[2023-09-15T13:46:16.708+0000] {logging_mixin.py:151} INFO - [2023-09-15T13:46:16.708+0000] {dag.py:2907} INFO - Sync 1 DAGs
[2023-09-15T13:46:16.726+0000] {logging_mixin.py:151} INFO - [2023-09-15T13:46:16.726+0000] {dag.py:3677} INFO - Setting next_dagrun for example_branch_dop_operator_v3 to 2023-09-15T13:45:00+00:00, run_after=2023-09-15T13:46:00+00:00
[2023-09-15T13:46:16.739+0000] {processor.py:179} INFO - Processing /home/airflow/.local/lib/python3.8/site-packages/airflow/example_dags/example_branch_python_dop_operator_3.py took 0.054 seconds
[2023-09-15T13:46:47.010+0000] {processor.py:157} INFO - Started process (PID=1483) to work on /home/airflow/.local/lib/python3.8/site-packages/airflow/example_dags/example_branch_python_dop_operator_3.py
[2023-09-15T13:46:47.011+0000] {processor.py:829} INFO - Processing file /home/airflow/.local/lib/python3.8/site-packages/airflow/example_dags/example_branch_python_dop_operator_3.py for tasks to queue
[2023-09-15T13:46:47.012+0000] {logging_mixin.py:151} INFO - [2023-09-15T13:46:47.012+0000] {dagbag.py:539} INFO - Filling up the DagBag from /home/airflow/.local/lib/python3.8/site-packages/airflow/example_dags/example_branch_python_dop_operator_3.py
[2023-09-15T13:46:47.017+0000] {processor.py:839} INFO - DAG(s) dict_keys(['example_branch_dop_operator_v3']) retrieved from /home/airflow/.local/lib/python3.8/site-packages/airflow/example_dags/example_branch_python_dop_operator_3.py
[2023-09-15T13:46:47.030+0000] {logging_mixin.py:151} INFO - [2023-09-15T13:46:47.030+0000] {dag.py:2907} INFO - Sync 1 DAGs
[2023-09-15T13:46:47.046+0000] {logging_mixin.py:151} INFO - [2023-09-15T13:46:47.045+0000] {dag.py:3677} INFO - Setting next_dagrun for example_branch_dop_operator_v3 to 2023-09-15T13:45:00+00:00, run_after=2023-09-15T13:46:00+00:00
[2023-09-15T13:46:47.062+0000] {processor.py:179} INFO - Processing /home/airflow/.local/lib/python3.8/site-packages/airflow/example_dags/example_branch_python_dop_operator_3.py took 0.054 seconds
[2023-09-15T13:47:17.340+0000] {processor.py:157} INFO - Started process (PID=1542) to work on /home/airflow/.local/lib/python3.8/site-packages/airflow/example_dags/example_branch_python_dop_operator_3.py
[2023-09-15T13:47:17.341+0000] {processor.py:829} INFO - Processing file /home/airflow/.local/lib/python3.8/site-packages/airflow/example_dags/example_branch_python_dop_operator_3.py for tasks to queue
[2023-09-15T13:47:17.342+0000] {logging_mixin.py:151} INFO - [2023-09-15T13:47:17.342+0000] {dagbag.py:539} INFO - Filling up the DagBag from /home/airflow/.local/lib/python3.8/site-packages/airflow/example_dags/example_branch_python_dop_operator_3.py
[2023-09-15T13:47:17.348+0000] {processor.py:839} INFO - DAG(s) dict_keys(['example_branch_dop_operator_v3']) retrieved from /home/airflow/.local/lib/python3.8/site-packages/airflow/example_dags/example_branch_python_dop_operator_3.py
[2023-09-15T13:47:17.361+0000] {logging_mixin.py:151} INFO - [2023-09-15T13:47:17.360+0000] {dag.py:2907} INFO - Sync 1 DAGs
[2023-09-15T13:47:17.377+0000] {logging_mixin.py:151} INFO - [2023-09-15T13:47:17.377+0000] {dag.py:3677} INFO - Setting next_dagrun for example_branch_dop_operator_v3 to 2023-09-15T13:46:00+00:00, run_after=2023-09-15T13:47:00+00:00
[2023-09-15T13:47:17.391+0000] {processor.py:179} INFO - Processing /home/airflow/.local/lib/python3.8/site-packages/airflow/example_dags/example_branch_python_dop_operator_3.py took 0.053 seconds
[2023-09-15T13:47:47.644+0000] {processor.py:157} INFO - Started process (PID=1600) to work on /home/airflow/.local/lib/python3.8/site-packages/airflow/example_dags/example_branch_python_dop_operator_3.py
[2023-09-15T13:47:47.645+0000] {processor.py:829} INFO - Processing file /home/airflow/.local/lib/python3.8/site-packages/airflow/example_dags/example_branch_python_dop_operator_3.py for tasks to queue
[2023-09-15T13:47:47.646+0000] {logging_mixin.py:151} INFO - [2023-09-15T13:47:47.646+0000] {dagbag.py:539} INFO - Filling up the DagBag from /home/airflow/.local/lib/python3.8/site-packages/airflow/example_dags/example_branch_python_dop_operator_3.py
[2023-09-15T13:47:47.652+0000] {processor.py:839} INFO - DAG(s) dict_keys(['example_branch_dop_operator_v3']) retrieved from /home/airflow/.local/lib/python3.8/site-packages/airflow/example_dags/example_branch_python_dop_operator_3.py
[2023-09-15T13:47:47.664+0000] {logging_mixin.py:151} INFO - [2023-09-15T13:47:47.664+0000] {dag.py:2907} INFO - Sync 1 DAGs
[2023-09-15T13:47:47.681+0000] {logging_mixin.py:151} INFO - [2023-09-15T13:47:47.681+0000] {dag.py:3677} INFO - Setting next_dagrun for example_branch_dop_operator_v3 to 2023-09-15T13:46:00+00:00, run_after=2023-09-15T13:47:00+00:00
[2023-09-15T13:47:47.694+0000] {processor.py:179} INFO - Processing /home/airflow/.local/lib/python3.8/site-packages/airflow/example_dags/example_branch_python_dop_operator_3.py took 0.052 seconds
[2023-09-15T13:48:18.029+0000] {processor.py:157} INFO - Started process (PID=1658) to work on /home/airflow/.local/lib/python3.8/site-packages/airflow/example_dags/example_branch_python_dop_operator_3.py
[2023-09-15T13:48:18.029+0000] {processor.py:829} INFO - Processing file /home/airflow/.local/lib/python3.8/site-packages/airflow/example_dags/example_branch_python_dop_operator_3.py for tasks to queue
[2023-09-15T13:48:18.031+0000] {logging_mixin.py:151} INFO - [2023-09-15T13:48:18.030+0000] {dagbag.py:539} INFO - Filling up the DagBag from /home/airflow/.local/lib/python3.8/site-packages/airflow/example_dags/example_branch_python_dop_operator_3.py
[2023-09-15T13:48:18.036+0000] {processor.py:839} INFO - DAG(s) dict_keys(['example_branch_dop_operator_v3']) retrieved from /home/airflow/.local/lib/python3.8/site-packages/airflow/example_dags/example_branch_python_dop_operator_3.py
[2023-09-15T13:48:18.048+0000] {logging_mixin.py:151} INFO - [2023-09-15T13:48:18.048+0000] {dag.py:2907} INFO - Sync 1 DAGs
[2023-09-15T13:48:18.065+0000] {logging_mixin.py:151} INFO - [2023-09-15T13:48:18.065+0000] {dag.py:3677} INFO - Setting next_dagrun for example_branch_dop_operator_v3 to 2023-09-15T13:47:00+00:00, run_after=2023-09-15T13:48:00+00:00
[2023-09-15T13:48:18.078+0000] {processor.py:179} INFO - Processing /home/airflow/.local/lib/python3.8/site-packages/airflow/example_dags/example_branch_python_dop_operator_3.py took 0.051 seconds
[2023-09-15T13:48:48.570+0000] {processor.py:157} INFO - Started process (PID=1716) to work on /home/airflow/.local/lib/python3.8/site-packages/airflow/example_dags/example_branch_python_dop_operator_3.py
[2023-09-15T13:48:48.571+0000] {processor.py:829} INFO - Processing file /home/airflow/.local/lib/python3.8/site-packages/airflow/example_dags/example_branch_python_dop_operator_3.py for tasks to queue
[2023-09-15T13:48:48.572+0000] {logging_mixin.py:151} INFO - [2023-09-15T13:48:48.572+0000] {dagbag.py:539} INFO - Filling up the DagBag from /home/airflow/.local/lib/python3.8/site-packages/airflow/example_dags/example_branch_python_dop_operator_3.py
[2023-09-15T13:48:48.578+0000] {processor.py:839} INFO - DAG(s) dict_keys(['example_branch_dop_operator_v3']) retrieved from /home/airflow/.local/lib/python3.8/site-packages/airflow/example_dags/example_branch_python_dop_operator_3.py
[2023-09-15T13:48:48.590+0000] {logging_mixin.py:151} INFO - [2023-09-15T13:48:48.590+0000] {dag.py:2907} INFO - Sync 1 DAGs
[2023-09-15T13:48:48.608+0000] {logging_mixin.py:151} INFO - [2023-09-15T13:48:48.608+0000] {dag.py:3677} INFO - Setting next_dagrun for example_branch_dop_operator_v3 to 2023-09-15T13:47:00+00:00, run_after=2023-09-15T13:48:00+00:00
[2023-09-15T13:48:48.624+0000] {processor.py:179} INFO - Processing /home/airflow/.local/lib/python3.8/site-packages/airflow/example_dags/example_branch_python_dop_operator_3.py took 0.056 seconds
[2023-09-15T13:49:18.785+0000] {processor.py:157} INFO - Started process (PID=1774) to work on /home/airflow/.local/lib/python3.8/site-packages/airflow/example_dags/example_branch_python_dop_operator_3.py
[2023-09-15T13:49:18.786+0000] {processor.py:829} INFO - Processing file /home/airflow/.local/lib/python3.8/site-packages/airflow/example_dags/example_branch_python_dop_operator_3.py for tasks to queue
[2023-09-15T13:49:18.787+0000] {logging_mixin.py:151} INFO - [2023-09-15T13:49:18.787+0000] {dagbag.py:539} INFO - Filling up the DagBag from /home/airflow/.local/lib/python3.8/site-packages/airflow/example_dags/example_branch_python_dop_operator_3.py
[2023-09-15T13:49:18.794+0000] {processor.py:839} INFO - DAG(s) dict_keys(['example_branch_dop_operator_v3']) retrieved from /home/airflow/.local/lib/python3.8/site-packages/airflow/example_dags/example_branch_python_dop_operator_3.py
[2023-09-15T13:49:18.808+0000] {logging_mixin.py:151} INFO - [2023-09-15T13:49:18.808+0000] {dag.py:2907} INFO - Sync 1 DAGs
[2023-09-15T13:49:18.825+0000] {logging_mixin.py:151} INFO - [2023-09-15T13:49:18.825+0000] {dag.py:3677} INFO - Setting next_dagrun for example_branch_dop_operator_v3 to 2023-09-15T13:48:00+00:00, run_after=2023-09-15T13:49:00+00:00
[2023-09-15T13:49:18.840+0000] {processor.py:179} INFO - Processing /home/airflow/.local/lib/python3.8/site-packages/airflow/example_dags/example_branch_python_dop_operator_3.py took 0.057 seconds
[2023-09-15T13:49:49.258+0000] {processor.py:157} INFO - Started process (PID=1832) to work on /home/airflow/.local/lib/python3.8/site-packages/airflow/example_dags/example_branch_python_dop_operator_3.py
[2023-09-15T13:49:49.259+0000] {processor.py:829} INFO - Processing file /home/airflow/.local/lib/python3.8/site-packages/airflow/example_dags/example_branch_python_dop_operator_3.py for tasks to queue
[2023-09-15T13:49:49.260+0000] {logging_mixin.py:151} INFO - [2023-09-15T13:49:49.260+0000] {dagbag.py:539} INFO - Filling up the DagBag from /home/airflow/.local/lib/python3.8/site-packages/airflow/example_dags/example_branch_python_dop_operator_3.py
[2023-09-15T13:49:49.265+0000] {processor.py:839} INFO - DAG(s) dict_keys(['example_branch_dop_operator_v3']) retrieved from /home/airflow/.local/lib/python3.8/site-packages/airflow/example_dags/example_branch_python_dop_operator_3.py
[2023-09-15T13:49:49.278+0000] {logging_mixin.py:151} INFO - [2023-09-15T13:49:49.278+0000] {dag.py:2907} INFO - Sync 1 DAGs
[2023-09-15T13:49:49.295+0000] {logging_mixin.py:151} INFO - [2023-09-15T13:49:49.295+0000] {dag.py:3677} INFO - Setting next_dagrun for example_branch_dop_operator_v3 to 2023-09-15T13:48:00+00:00, run_after=2023-09-15T13:49:00+00:00
[2023-09-15T13:49:49.307+0000] {processor.py:179} INFO - Processing /home/airflow/.local/lib/python3.8/site-packages/airflow/example_dags/example_branch_python_dop_operator_3.py took 0.052 seconds
[2023-09-15T13:50:19.757+0000] {processor.py:157} INFO - Started process (PID=1890) to work on /home/airflow/.local/lib/python3.8/site-packages/airflow/example_dags/example_branch_python_dop_operator_3.py
[2023-09-15T13:50:19.758+0000] {processor.py:829} INFO - Processing file /home/airflow/.local/lib/python3.8/site-packages/airflow/example_dags/example_branch_python_dop_operator_3.py for tasks to queue
[2023-09-15T13:50:19.760+0000] {logging_mixin.py:151} INFO - [2023-09-15T13:50:19.759+0000] {dagbag.py:539} INFO - Filling up the DagBag from /home/airflow/.local/lib/python3.8/site-packages/airflow/example_dags/example_branch_python_dop_operator_3.py
[2023-09-15T13:50:19.766+0000] {processor.py:839} INFO - DAG(s) dict_keys(['example_branch_dop_operator_v3']) retrieved from /home/airflow/.local/lib/python3.8/site-packages/airflow/example_dags/example_branch_python_dop_operator_3.py
[2023-09-15T13:50:19.780+0000] {logging_mixin.py:151} INFO - [2023-09-15T13:50:19.780+0000] {dag.py:2907} INFO - Sync 1 DAGs
[2023-09-15T13:50:19.798+0000] {logging_mixin.py:151} INFO - [2023-09-15T13:50:19.798+0000] {dag.py:3677} INFO - Setting next_dagrun for example_branch_dop_operator_v3 to 2023-09-15T13:49:00+00:00, run_after=2023-09-15T13:50:00+00:00
[2023-09-15T13:50:19.812+0000] {processor.py:179} INFO - Processing /home/airflow/.local/lib/python3.8/site-packages/airflow/example_dags/example_branch_python_dop_operator_3.py took 0.058 seconds
