[2023-09-15T13:34:35.141+0000] {processor.py:157} INFO - Started process (PID=58) to work on /home/airflow/.local/lib/python3.8/site-packages/airflow/example_dags/example_sla_dag.py
[2023-09-15T13:34:35.142+0000] {processor.py:829} INFO - Processing file /home/airflow/.local/lib/python3.8/site-packages/airflow/example_dags/example_sla_dag.py for tasks to queue
[2023-09-15T13:34:35.144+0000] {logging_mixin.py:151} INFO - [2023-09-15T13:34:35.144+0000] {dagbag.py:539} INFO - Filling up the DagBag from /home/airflow/.local/lib/python3.8/site-packages/airflow/example_dags/example_sla_dag.py
[2023-09-15T13:34:35.150+0000] {processor.py:839} INFO - DAG(s) dict_keys(['example_sla_dag']) retrieved from /home/airflow/.local/lib/python3.8/site-packages/airflow/example_dags/example_sla_dag.py
[2023-09-15T13:34:35.169+0000] {logging_mixin.py:151} INFO - [2023-09-15T13:34:35.168+0000] {dag.py:2907} INFO - Sync 1 DAGs
[2023-09-15T13:34:35.184+0000] {logging_mixin.py:151} INFO - [2023-09-15T13:34:35.184+0000] {dag.py:3677} INFO - Setting next_dagrun for example_sla_dag to 2023-09-15T13:32:00+00:00, run_after=2023-09-15T13:34:00+00:00
[2023-09-15T13:34:35.201+0000] {processor.py:179} INFO - Processing /home/airflow/.local/lib/python3.8/site-packages/airflow/example_dags/example_sla_dag.py took 0.062 seconds
[2023-09-15T13:35:05.572+0000] {processor.py:157} INFO - Started process (PID=131) to work on /home/airflow/.local/lib/python3.8/site-packages/airflow/example_dags/example_sla_dag.py
[2023-09-15T13:35:05.573+0000] {processor.py:829} INFO - Processing file /home/airflow/.local/lib/python3.8/site-packages/airflow/example_dags/example_sla_dag.py for tasks to queue
[2023-09-15T13:35:05.574+0000] {logging_mixin.py:151} INFO - [2023-09-15T13:35:05.574+0000] {dagbag.py:539} INFO - Filling up the DagBag from /home/airflow/.local/lib/python3.8/site-packages/airflow/example_dags/example_sla_dag.py
[2023-09-15T13:35:05.580+0000] {processor.py:839} INFO - DAG(s) dict_keys(['example_sla_dag']) retrieved from /home/airflow/.local/lib/python3.8/site-packages/airflow/example_dags/example_sla_dag.py
[2023-09-15T13:35:05.592+0000] {logging_mixin.py:151} INFO - [2023-09-15T13:35:05.592+0000] {dag.py:2907} INFO - Sync 1 DAGs
[2023-09-15T13:35:05.684+0000] {logging_mixin.py:151} INFO - [2023-09-15T13:35:05.684+0000] {dag.py:3677} INFO - Setting next_dagrun for example_sla_dag to 2023-09-15T13:32:00+00:00, run_after=2023-09-15T13:34:00+00:00
[2023-09-15T13:35:05.697+0000] {processor.py:179} INFO - Processing /home/airflow/.local/lib/python3.8/site-packages/airflow/example_dags/example_sla_dag.py took 0.126 seconds
[2023-09-15T13:35:36.207+0000] {processor.py:157} INFO - Started process (PID=189) to work on /home/airflow/.local/lib/python3.8/site-packages/airflow/example_dags/example_sla_dag.py
[2023-09-15T13:35:36.208+0000] {processor.py:829} INFO - Processing file /home/airflow/.local/lib/python3.8/site-packages/airflow/example_dags/example_sla_dag.py for tasks to queue
[2023-09-15T13:35:36.209+0000] {logging_mixin.py:151} INFO - [2023-09-15T13:35:36.209+0000] {dagbag.py:539} INFO - Filling up the DagBag from /home/airflow/.local/lib/python3.8/site-packages/airflow/example_dags/example_sla_dag.py
[2023-09-15T13:35:36.215+0000] {processor.py:839} INFO - DAG(s) dict_keys(['example_sla_dag']) retrieved from /home/airflow/.local/lib/python3.8/site-packages/airflow/example_dags/example_sla_dag.py
[2023-09-15T13:35:36.225+0000] {logging_mixin.py:151} INFO - [2023-09-15T13:35:36.225+0000] {dag.py:2907} INFO - Sync 1 DAGs
[2023-09-15T13:35:36.241+0000] {logging_mixin.py:151} INFO - [2023-09-15T13:35:36.240+0000] {dag.py:3677} INFO - Setting next_dagrun for example_sla_dag to 2023-09-15T13:32:00+00:00, run_after=2023-09-15T13:34:00+00:00
[2023-09-15T13:35:36.255+0000] {processor.py:179} INFO - Processing /home/airflow/.local/lib/python3.8/site-packages/airflow/example_dags/example_sla_dag.py took 0.049 seconds
[2023-09-15T13:36:06.533+0000] {processor.py:157} INFO - Started process (PID=247) to work on /home/airflow/.local/lib/python3.8/site-packages/airflow/example_dags/example_sla_dag.py
[2023-09-15T13:36:06.534+0000] {processor.py:829} INFO - Processing file /home/airflow/.local/lib/python3.8/site-packages/airflow/example_dags/example_sla_dag.py for tasks to queue
[2023-09-15T13:36:06.535+0000] {logging_mixin.py:151} INFO - [2023-09-15T13:36:06.535+0000] {dagbag.py:539} INFO - Filling up the DagBag from /home/airflow/.local/lib/python3.8/site-packages/airflow/example_dags/example_sla_dag.py
[2023-09-15T13:36:06.540+0000] {processor.py:839} INFO - DAG(s) dict_keys(['example_sla_dag']) retrieved from /home/airflow/.local/lib/python3.8/site-packages/airflow/example_dags/example_sla_dag.py
[2023-09-15T13:36:06.551+0000] {logging_mixin.py:151} INFO - [2023-09-15T13:36:06.551+0000] {dag.py:2907} INFO - Sync 1 DAGs
[2023-09-15T13:36:06.565+0000] {logging_mixin.py:151} INFO - [2023-09-15T13:36:06.565+0000] {dag.py:3677} INFO - Setting next_dagrun for example_sla_dag to 2023-09-15T13:34:00+00:00, run_after=2023-09-15T13:36:00+00:00
[2023-09-15T13:36:06.579+0000] {processor.py:179} INFO - Processing /home/airflow/.local/lib/python3.8/site-packages/airflow/example_dags/example_sla_dag.py took 0.048 seconds
[2023-09-15T13:36:36.834+0000] {processor.py:157} INFO - Started process (PID=305) to work on /home/airflow/.local/lib/python3.8/site-packages/airflow/example_dags/example_sla_dag.py
[2023-09-15T13:36:36.835+0000] {processor.py:829} INFO - Processing file /home/airflow/.local/lib/python3.8/site-packages/airflow/example_dags/example_sla_dag.py for tasks to queue
[2023-09-15T13:36:36.837+0000] {logging_mixin.py:151} INFO - [2023-09-15T13:36:36.836+0000] {dagbag.py:539} INFO - Filling up the DagBag from /home/airflow/.local/lib/python3.8/site-packages/airflow/example_dags/example_sla_dag.py
[2023-09-15T13:36:36.842+0000] {processor.py:839} INFO - DAG(s) dict_keys(['example_sla_dag']) retrieved from /home/airflow/.local/lib/python3.8/site-packages/airflow/example_dags/example_sla_dag.py
[2023-09-15T13:36:36.852+0000] {logging_mixin.py:151} INFO - [2023-09-15T13:36:36.852+0000] {dag.py:2907} INFO - Sync 1 DAGs
[2023-09-15T13:36:36.867+0000] {logging_mixin.py:151} INFO - [2023-09-15T13:36:36.867+0000] {dag.py:3677} INFO - Setting next_dagrun for example_sla_dag to 2023-09-15T13:34:00+00:00, run_after=2023-09-15T13:36:00+00:00
[2023-09-15T13:36:36.881+0000] {processor.py:179} INFO - Processing /home/airflow/.local/lib/python3.8/site-packages/airflow/example_dags/example_sla_dag.py took 0.049 seconds
[2023-09-15T13:37:07.203+0000] {processor.py:157} INFO - Started process (PID=363) to work on /home/airflow/.local/lib/python3.8/site-packages/airflow/example_dags/example_sla_dag.py
[2023-09-15T13:37:07.204+0000] {processor.py:829} INFO - Processing file /home/airflow/.local/lib/python3.8/site-packages/airflow/example_dags/example_sla_dag.py for tasks to queue
[2023-09-15T13:37:07.205+0000] {logging_mixin.py:151} INFO - [2023-09-15T13:37:07.205+0000] {dagbag.py:539} INFO - Filling up the DagBag from /home/airflow/.local/lib/python3.8/site-packages/airflow/example_dags/example_sla_dag.py
[2023-09-15T13:37:07.210+0000] {processor.py:839} INFO - DAG(s) dict_keys(['example_sla_dag']) retrieved from /home/airflow/.local/lib/python3.8/site-packages/airflow/example_dags/example_sla_dag.py
[2023-09-15T13:37:07.221+0000] {logging_mixin.py:151} INFO - [2023-09-15T13:37:07.221+0000] {dag.py:2907} INFO - Sync 1 DAGs
[2023-09-15T13:37:07.236+0000] {logging_mixin.py:151} INFO - [2023-09-15T13:37:07.236+0000] {dag.py:3677} INFO - Setting next_dagrun for example_sla_dag to 2023-09-15T13:34:00+00:00, run_after=2023-09-15T13:36:00+00:00
[2023-09-15T13:37:07.251+0000] {processor.py:179} INFO - Processing /home/airflow/.local/lib/python3.8/site-packages/airflow/example_dags/example_sla_dag.py took 0.050 seconds
[2023-09-15T13:37:37.468+0000] {processor.py:157} INFO - Started process (PID=421) to work on /home/airflow/.local/lib/python3.8/site-packages/airflow/example_dags/example_sla_dag.py
[2023-09-15T13:37:37.469+0000] {processor.py:829} INFO - Processing file /home/airflow/.local/lib/python3.8/site-packages/airflow/example_dags/example_sla_dag.py for tasks to queue
[2023-09-15T13:37:37.471+0000] {logging_mixin.py:151} INFO - [2023-09-15T13:37:37.471+0000] {dagbag.py:539} INFO - Filling up the DagBag from /home/airflow/.local/lib/python3.8/site-packages/airflow/example_dags/example_sla_dag.py
[2023-09-15T13:37:37.476+0000] {processor.py:839} INFO - DAG(s) dict_keys(['example_sla_dag']) retrieved from /home/airflow/.local/lib/python3.8/site-packages/airflow/example_dags/example_sla_dag.py
[2023-09-15T13:37:37.489+0000] {logging_mixin.py:151} INFO - [2023-09-15T13:37:37.489+0000] {dag.py:2907} INFO - Sync 1 DAGs
[2023-09-15T13:37:37.504+0000] {logging_mixin.py:151} INFO - [2023-09-15T13:37:37.504+0000] {dag.py:3677} INFO - Setting next_dagrun for example_sla_dag to 2023-09-15T13:34:00+00:00, run_after=2023-09-15T13:36:00+00:00
[2023-09-15T13:37:37.517+0000] {processor.py:179} INFO - Processing /home/airflow/.local/lib/python3.8/site-packages/airflow/example_dags/example_sla_dag.py took 0.051 seconds
[2023-09-15T13:38:07.781+0000] {processor.py:157} INFO - Started process (PID=479) to work on /home/airflow/.local/lib/python3.8/site-packages/airflow/example_dags/example_sla_dag.py
[2023-09-15T13:38:07.781+0000] {processor.py:829} INFO - Processing file /home/airflow/.local/lib/python3.8/site-packages/airflow/example_dags/example_sla_dag.py for tasks to queue
[2023-09-15T13:38:07.783+0000] {logging_mixin.py:151} INFO - [2023-09-15T13:38:07.782+0000] {dagbag.py:539} INFO - Filling up the DagBag from /home/airflow/.local/lib/python3.8/site-packages/airflow/example_dags/example_sla_dag.py
[2023-09-15T13:38:07.787+0000] {processor.py:839} INFO - DAG(s) dict_keys(['example_sla_dag']) retrieved from /home/airflow/.local/lib/python3.8/site-packages/airflow/example_dags/example_sla_dag.py
[2023-09-15T13:38:07.798+0000] {logging_mixin.py:151} INFO - [2023-09-15T13:38:07.798+0000] {dag.py:2907} INFO - Sync 1 DAGs
[2023-09-15T13:38:07.813+0000] {logging_mixin.py:151} INFO - [2023-09-15T13:38:07.812+0000] {dag.py:3677} INFO - Setting next_dagrun for example_sla_dag to 2023-09-15T13:36:00+00:00, run_after=2023-09-15T13:38:00+00:00
[2023-09-15T13:38:07.828+0000] {processor.py:179} INFO - Processing /home/airflow/.local/lib/python3.8/site-packages/airflow/example_dags/example_sla_dag.py took 0.049 seconds
[2023-09-15T13:38:38.321+0000] {processor.py:157} INFO - Started process (PID=537) to work on /home/airflow/.local/lib/python3.8/site-packages/airflow/example_dags/example_sla_dag.py
[2023-09-15T13:38:38.322+0000] {processor.py:829} INFO - Processing file /home/airflow/.local/lib/python3.8/site-packages/airflow/example_dags/example_sla_dag.py for tasks to queue
[2023-09-15T13:38:38.323+0000] {logging_mixin.py:151} INFO - [2023-09-15T13:38:38.323+0000] {dagbag.py:539} INFO - Filling up the DagBag from /home/airflow/.local/lib/python3.8/site-packages/airflow/example_dags/example_sla_dag.py
[2023-09-15T13:38:38.329+0000] {processor.py:839} INFO - DAG(s) dict_keys(['example_sla_dag']) retrieved from /home/airflow/.local/lib/python3.8/site-packages/airflow/example_dags/example_sla_dag.py
[2023-09-15T13:38:38.338+0000] {logging_mixin.py:151} INFO - [2023-09-15T13:38:38.338+0000] {dag.py:2907} INFO - Sync 1 DAGs
[2023-09-15T13:38:38.355+0000] {logging_mixin.py:151} INFO - [2023-09-15T13:38:38.354+0000] {dag.py:3677} INFO - Setting next_dagrun for example_sla_dag to 2023-09-15T13:36:00+00:00, run_after=2023-09-15T13:38:00+00:00
[2023-09-15T13:38:38.368+0000] {processor.py:179} INFO - Processing /home/airflow/.local/lib/python3.8/site-packages/airflow/example_dags/example_sla_dag.py took 0.049 seconds
[2023-09-15T13:39:08.846+0000] {processor.py:157} INFO - Started process (PID=595) to work on /home/airflow/.local/lib/python3.8/site-packages/airflow/example_dags/example_sla_dag.py
[2023-09-15T13:39:08.847+0000] {processor.py:829} INFO - Processing file /home/airflow/.local/lib/python3.8/site-packages/airflow/example_dags/example_sla_dag.py for tasks to queue
[2023-09-15T13:39:08.849+0000] {logging_mixin.py:151} INFO - [2023-09-15T13:39:08.849+0000] {dagbag.py:539} INFO - Filling up the DagBag from /home/airflow/.local/lib/python3.8/site-packages/airflow/example_dags/example_sla_dag.py
[2023-09-15T13:39:08.857+0000] {processor.py:839} INFO - DAG(s) dict_keys(['example_sla_dag']) retrieved from /home/airflow/.local/lib/python3.8/site-packages/airflow/example_dags/example_sla_dag.py
[2023-09-15T13:39:08.871+0000] {logging_mixin.py:151} INFO - [2023-09-15T13:39:08.871+0000] {dag.py:2907} INFO - Sync 1 DAGs
[2023-09-15T13:39:08.891+0000] {logging_mixin.py:151} INFO - [2023-09-15T13:39:08.891+0000] {dag.py:3677} INFO - Setting next_dagrun for example_sla_dag to 2023-09-15T13:36:00+00:00, run_after=2023-09-15T13:38:00+00:00
[2023-09-15T13:39:08.908+0000] {processor.py:179} INFO - Processing /home/airflow/.local/lib/python3.8/site-packages/airflow/example_dags/example_sla_dag.py took 0.064 seconds
[2023-09-15T13:39:39.358+0000] {processor.py:157} INFO - Started process (PID=653) to work on /home/airflow/.local/lib/python3.8/site-packages/airflow/example_dags/example_sla_dag.py
[2023-09-15T13:39:39.358+0000] {processor.py:829} INFO - Processing file /home/airflow/.local/lib/python3.8/site-packages/airflow/example_dags/example_sla_dag.py for tasks to queue
[2023-09-15T13:39:39.360+0000] {logging_mixin.py:151} INFO - [2023-09-15T13:39:39.360+0000] {dagbag.py:539} INFO - Filling up the DagBag from /home/airflow/.local/lib/python3.8/site-packages/airflow/example_dags/example_sla_dag.py
[2023-09-15T13:39:39.365+0000] {processor.py:839} INFO - DAG(s) dict_keys(['example_sla_dag']) retrieved from /home/airflow/.local/lib/python3.8/site-packages/airflow/example_dags/example_sla_dag.py
[2023-09-15T13:39:39.380+0000] {logging_mixin.py:151} INFO - [2023-09-15T13:39:39.380+0000] {dag.py:2907} INFO - Sync 1 DAGs
[2023-09-15T13:39:39.398+0000] {logging_mixin.py:151} INFO - [2023-09-15T13:39:39.398+0000] {dag.py:3677} INFO - Setting next_dagrun for example_sla_dag to 2023-09-15T13:36:00+00:00, run_after=2023-09-15T13:38:00+00:00
[2023-09-15T13:39:39.412+0000] {processor.py:179} INFO - Processing /home/airflow/.local/lib/python3.8/site-packages/airflow/example_dags/example_sla_dag.py took 0.057 seconds
[2023-09-15T13:40:09.719+0000] {processor.py:157} INFO - Started process (PID=711) to work on /home/airflow/.local/lib/python3.8/site-packages/airflow/example_dags/example_sla_dag.py
[2023-09-15T13:40:09.719+0000] {processor.py:829} INFO - Processing file /home/airflow/.local/lib/python3.8/site-packages/airflow/example_dags/example_sla_dag.py for tasks to queue
[2023-09-15T13:40:09.721+0000] {logging_mixin.py:151} INFO - [2023-09-15T13:40:09.721+0000] {dagbag.py:539} INFO - Filling up the DagBag from /home/airflow/.local/lib/python3.8/site-packages/airflow/example_dags/example_sla_dag.py
[2023-09-15T13:40:09.726+0000] {processor.py:839} INFO - DAG(s) dict_keys(['example_sla_dag']) retrieved from /home/airflow/.local/lib/python3.8/site-packages/airflow/example_dags/example_sla_dag.py
[2023-09-15T13:40:09.737+0000] {logging_mixin.py:151} INFO - [2023-09-15T13:40:09.737+0000] {dag.py:2907} INFO - Sync 1 DAGs
[2023-09-15T13:40:09.752+0000] {logging_mixin.py:151} INFO - [2023-09-15T13:40:09.752+0000] {dag.py:3677} INFO - Setting next_dagrun for example_sla_dag to 2023-09-15T13:38:00+00:00, run_after=2023-09-15T13:40:00+00:00
[2023-09-15T13:40:09.765+0000] {processor.py:179} INFO - Processing /home/airflow/.local/lib/python3.8/site-packages/airflow/example_dags/example_sla_dag.py took 0.048 seconds
[2023-09-15T13:40:40.249+0000] {processor.py:157} INFO - Started process (PID=769) to work on /home/airflow/.local/lib/python3.8/site-packages/airflow/example_dags/example_sla_dag.py
[2023-09-15T13:40:40.250+0000] {processor.py:829} INFO - Processing file /home/airflow/.local/lib/python3.8/site-packages/airflow/example_dags/example_sla_dag.py for tasks to queue
[2023-09-15T13:40:40.251+0000] {logging_mixin.py:151} INFO - [2023-09-15T13:40:40.251+0000] {dagbag.py:539} INFO - Filling up the DagBag from /home/airflow/.local/lib/python3.8/site-packages/airflow/example_dags/example_sla_dag.py
[2023-09-15T13:40:40.256+0000] {processor.py:839} INFO - DAG(s) dict_keys(['example_sla_dag']) retrieved from /home/airflow/.local/lib/python3.8/site-packages/airflow/example_dags/example_sla_dag.py
[2023-09-15T13:40:40.266+0000] {logging_mixin.py:151} INFO - [2023-09-15T13:40:40.266+0000] {dag.py:2907} INFO - Sync 1 DAGs
[2023-09-15T13:40:40.281+0000] {logging_mixin.py:151} INFO - [2023-09-15T13:40:40.281+0000] {dag.py:3677} INFO - Setting next_dagrun for example_sla_dag to 2023-09-15T13:38:00+00:00, run_after=2023-09-15T13:40:00+00:00
[2023-09-15T13:40:40.295+0000] {processor.py:179} INFO - Processing /home/airflow/.local/lib/python3.8/site-packages/airflow/example_dags/example_sla_dag.py took 0.048 seconds
[2023-09-15T13:41:10.680+0000] {processor.py:157} INFO - Started process (PID=827) to work on /home/airflow/.local/lib/python3.8/site-packages/airflow/example_dags/example_sla_dag.py
[2023-09-15T13:41:10.681+0000] {processor.py:829} INFO - Processing file /home/airflow/.local/lib/python3.8/site-packages/airflow/example_dags/example_sla_dag.py for tasks to queue
[2023-09-15T13:41:10.682+0000] {logging_mixin.py:151} INFO - [2023-09-15T13:41:10.682+0000] {dagbag.py:539} INFO - Filling up the DagBag from /home/airflow/.local/lib/python3.8/site-packages/airflow/example_dags/example_sla_dag.py
[2023-09-15T13:41:10.687+0000] {processor.py:839} INFO - DAG(s) dict_keys(['example_sla_dag']) retrieved from /home/airflow/.local/lib/python3.8/site-packages/airflow/example_dags/example_sla_dag.py
[2023-09-15T13:41:10.699+0000] {logging_mixin.py:151} INFO - [2023-09-15T13:41:10.698+0000] {dag.py:2907} INFO - Sync 1 DAGs
[2023-09-15T13:41:10.714+0000] {logging_mixin.py:151} INFO - [2023-09-15T13:41:10.714+0000] {dag.py:3677} INFO - Setting next_dagrun for example_sla_dag to 2023-09-15T13:38:00+00:00, run_after=2023-09-15T13:40:00+00:00
[2023-09-15T13:41:10.730+0000] {processor.py:179} INFO - Processing /home/airflow/.local/lib/python3.8/site-packages/airflow/example_dags/example_sla_dag.py took 0.052 seconds
[2023-09-15T13:41:40.848+0000] {processor.py:157} INFO - Started process (PID=885) to work on /home/airflow/.local/lib/python3.8/site-packages/airflow/example_dags/example_sla_dag.py
[2023-09-15T13:41:40.849+0000] {processor.py:829} INFO - Processing file /home/airflow/.local/lib/python3.8/site-packages/airflow/example_dags/example_sla_dag.py for tasks to queue
[2023-09-15T13:41:40.850+0000] {logging_mixin.py:151} INFO - [2023-09-15T13:41:40.850+0000] {dagbag.py:539} INFO - Filling up the DagBag from /home/airflow/.local/lib/python3.8/site-packages/airflow/example_dags/example_sla_dag.py
[2023-09-15T13:41:40.855+0000] {processor.py:839} INFO - DAG(s) dict_keys(['example_sla_dag']) retrieved from /home/airflow/.local/lib/python3.8/site-packages/airflow/example_dags/example_sla_dag.py
[2023-09-15T13:41:40.867+0000] {logging_mixin.py:151} INFO - [2023-09-15T13:41:40.867+0000] {dag.py:2907} INFO - Sync 1 DAGs
[2023-09-15T13:41:40.881+0000] {logging_mixin.py:151} INFO - [2023-09-15T13:41:40.881+0000] {dag.py:3677} INFO - Setting next_dagrun for example_sla_dag to 2023-09-15T13:38:00+00:00, run_after=2023-09-15T13:40:00+00:00
[2023-09-15T13:41:40.894+0000] {processor.py:179} INFO - Processing /home/airflow/.local/lib/python3.8/site-packages/airflow/example_dags/example_sla_dag.py took 0.048 seconds
[2023-09-15T13:42:11.289+0000] {processor.py:157} INFO - Started process (PID=943) to work on /home/airflow/.local/lib/python3.8/site-packages/airflow/example_dags/example_sla_dag.py
[2023-09-15T13:42:11.289+0000] {processor.py:829} INFO - Processing file /home/airflow/.local/lib/python3.8/site-packages/airflow/example_dags/example_sla_dag.py for tasks to queue
[2023-09-15T13:42:11.291+0000] {logging_mixin.py:151} INFO - [2023-09-15T13:42:11.291+0000] {dagbag.py:539} INFO - Filling up the DagBag from /home/airflow/.local/lib/python3.8/site-packages/airflow/example_dags/example_sla_dag.py
[2023-09-15T13:42:11.296+0000] {processor.py:839} INFO - DAG(s) dict_keys(['example_sla_dag']) retrieved from /home/airflow/.local/lib/python3.8/site-packages/airflow/example_dags/example_sla_dag.py
[2023-09-15T13:42:11.306+0000] {logging_mixin.py:151} INFO - [2023-09-15T13:42:11.306+0000] {dag.py:2907} INFO - Sync 1 DAGs
[2023-09-15T13:42:11.321+0000] {logging_mixin.py:151} INFO - [2023-09-15T13:42:11.321+0000] {dag.py:3677} INFO - Setting next_dagrun for example_sla_dag to 2023-09-15T13:40:00+00:00, run_after=2023-09-15T13:42:00+00:00
[2023-09-15T13:42:11.336+0000] {processor.py:179} INFO - Processing /home/airflow/.local/lib/python3.8/site-packages/airflow/example_dags/example_sla_dag.py took 0.049 seconds
[2023-09-15T13:42:41.751+0000] {processor.py:157} INFO - Started process (PID=1001) to work on /home/airflow/.local/lib/python3.8/site-packages/airflow/example_dags/example_sla_dag.py
[2023-09-15T13:42:41.752+0000] {processor.py:829} INFO - Processing file /home/airflow/.local/lib/python3.8/site-packages/airflow/example_dags/example_sla_dag.py for tasks to queue
[2023-09-15T13:42:41.754+0000] {logging_mixin.py:151} INFO - [2023-09-15T13:42:41.754+0000] {dagbag.py:539} INFO - Filling up the DagBag from /home/airflow/.local/lib/python3.8/site-packages/airflow/example_dags/example_sla_dag.py
[2023-09-15T13:42:41.760+0000] {processor.py:839} INFO - DAG(s) dict_keys(['example_sla_dag']) retrieved from /home/airflow/.local/lib/python3.8/site-packages/airflow/example_dags/example_sla_dag.py
[2023-09-15T13:42:41.773+0000] {logging_mixin.py:151} INFO - [2023-09-15T13:42:41.772+0000] {dag.py:2907} INFO - Sync 1 DAGs
[2023-09-15T13:42:41.793+0000] {logging_mixin.py:151} INFO - [2023-09-15T13:42:41.793+0000] {dag.py:3677} INFO - Setting next_dagrun for example_sla_dag to 2023-09-15T13:40:00+00:00, run_after=2023-09-15T13:42:00+00:00
[2023-09-15T13:42:41.809+0000] {processor.py:179} INFO - Processing /home/airflow/.local/lib/python3.8/site-packages/airflow/example_dags/example_sla_dag.py took 0.060 seconds
[2023-09-15T13:43:12.650+0000] {processor.py:157} INFO - Started process (PID=1059) to work on /home/airflow/.local/lib/python3.8/site-packages/airflow/example_dags/example_sla_dag.py
[2023-09-15T13:43:12.651+0000] {processor.py:829} INFO - Processing file /home/airflow/.local/lib/python3.8/site-packages/airflow/example_dags/example_sla_dag.py for tasks to queue
[2023-09-15T13:43:12.652+0000] {logging_mixin.py:151} INFO - [2023-09-15T13:43:12.652+0000] {dagbag.py:539} INFO - Filling up the DagBag from /home/airflow/.local/lib/python3.8/site-packages/airflow/example_dags/example_sla_dag.py
[2023-09-15T13:43:12.657+0000] {processor.py:839} INFO - DAG(s) dict_keys(['example_sla_dag']) retrieved from /home/airflow/.local/lib/python3.8/site-packages/airflow/example_dags/example_sla_dag.py
[2023-09-15T13:43:12.669+0000] {logging_mixin.py:151} INFO - [2023-09-15T13:43:12.669+0000] {dag.py:2907} INFO - Sync 1 DAGs
[2023-09-15T13:43:12.686+0000] {logging_mixin.py:151} INFO - [2023-09-15T13:43:12.685+0000] {dag.py:3677} INFO - Setting next_dagrun for example_sla_dag to 2023-09-15T13:40:00+00:00, run_after=2023-09-15T13:42:00+00:00
[2023-09-15T13:43:12.700+0000] {processor.py:179} INFO - Processing /home/airflow/.local/lib/python3.8/site-packages/airflow/example_dags/example_sla_dag.py took 0.052 seconds
[2023-09-15T13:43:43.095+0000] {processor.py:157} INFO - Started process (PID=1117) to work on /home/airflow/.local/lib/python3.8/site-packages/airflow/example_dags/example_sla_dag.py
[2023-09-15T13:43:43.095+0000] {processor.py:829} INFO - Processing file /home/airflow/.local/lib/python3.8/site-packages/airflow/example_dags/example_sla_dag.py for tasks to queue
[2023-09-15T13:43:43.097+0000] {logging_mixin.py:151} INFO - [2023-09-15T13:43:43.097+0000] {dagbag.py:539} INFO - Filling up the DagBag from /home/airflow/.local/lib/python3.8/site-packages/airflow/example_dags/example_sla_dag.py
[2023-09-15T13:43:43.103+0000] {processor.py:839} INFO - DAG(s) dict_keys(['example_sla_dag']) retrieved from /home/airflow/.local/lib/python3.8/site-packages/airflow/example_dags/example_sla_dag.py
[2023-09-15T13:43:43.114+0000] {logging_mixin.py:151} INFO - [2023-09-15T13:43:43.113+0000] {dag.py:2907} INFO - Sync 1 DAGs
[2023-09-15T13:43:43.129+0000] {logging_mixin.py:151} INFO - [2023-09-15T13:43:43.128+0000] {dag.py:3677} INFO - Setting next_dagrun for example_sla_dag to 2023-09-15T13:40:00+00:00, run_after=2023-09-15T13:42:00+00:00
[2023-09-15T13:43:43.142+0000] {processor.py:179} INFO - Processing /home/airflow/.local/lib/python3.8/site-packages/airflow/example_dags/example_sla_dag.py took 0.050 seconds
[2023-09-15T13:44:13.408+0000] {processor.py:157} INFO - Started process (PID=1175) to work on /home/airflow/.local/lib/python3.8/site-packages/airflow/example_dags/example_sla_dag.py
[2023-09-15T13:44:13.409+0000] {processor.py:829} INFO - Processing file /home/airflow/.local/lib/python3.8/site-packages/airflow/example_dags/example_sla_dag.py for tasks to queue
[2023-09-15T13:44:13.410+0000] {logging_mixin.py:151} INFO - [2023-09-15T13:44:13.410+0000] {dagbag.py:539} INFO - Filling up the DagBag from /home/airflow/.local/lib/python3.8/site-packages/airflow/example_dags/example_sla_dag.py
[2023-09-15T13:44:13.416+0000] {processor.py:839} INFO - DAG(s) dict_keys(['example_sla_dag']) retrieved from /home/airflow/.local/lib/python3.8/site-packages/airflow/example_dags/example_sla_dag.py
[2023-09-15T13:44:13.428+0000] {logging_mixin.py:151} INFO - [2023-09-15T13:44:13.428+0000] {dag.py:2907} INFO - Sync 1 DAGs
[2023-09-15T13:44:13.444+0000] {logging_mixin.py:151} INFO - [2023-09-15T13:44:13.444+0000] {dag.py:3677} INFO - Setting next_dagrun for example_sla_dag to 2023-09-15T13:42:00+00:00, run_after=2023-09-15T13:44:00+00:00
[2023-09-15T13:44:13.458+0000] {processor.py:179} INFO - Processing /home/airflow/.local/lib/python3.8/site-packages/airflow/example_dags/example_sla_dag.py took 0.051 seconds
[2023-09-15T13:44:43.855+0000] {processor.py:157} INFO - Started process (PID=1233) to work on /home/airflow/.local/lib/python3.8/site-packages/airflow/example_dags/example_sla_dag.py
[2023-09-15T13:44:43.855+0000] {processor.py:829} INFO - Processing file /home/airflow/.local/lib/python3.8/site-packages/airflow/example_dags/example_sla_dag.py for tasks to queue
[2023-09-15T13:44:43.857+0000] {logging_mixin.py:151} INFO - [2023-09-15T13:44:43.857+0000] {dagbag.py:539} INFO - Filling up the DagBag from /home/airflow/.local/lib/python3.8/site-packages/airflow/example_dags/example_sla_dag.py
[2023-09-15T13:44:43.862+0000] {processor.py:839} INFO - DAG(s) dict_keys(['example_sla_dag']) retrieved from /home/airflow/.local/lib/python3.8/site-packages/airflow/example_dags/example_sla_dag.py
[2023-09-15T13:44:43.873+0000] {logging_mixin.py:151} INFO - [2023-09-15T13:44:43.873+0000] {dag.py:2907} INFO - Sync 1 DAGs
[2023-09-15T13:44:43.889+0000] {logging_mixin.py:151} INFO - [2023-09-15T13:44:43.889+0000] {dag.py:3677} INFO - Setting next_dagrun for example_sla_dag to 2023-09-15T13:42:00+00:00, run_after=2023-09-15T13:44:00+00:00
[2023-09-15T13:44:43.905+0000] {processor.py:179} INFO - Processing /home/airflow/.local/lib/python3.8/site-packages/airflow/example_dags/example_sla_dag.py took 0.053 seconds
[2023-09-15T13:45:14.121+0000] {processor.py:157} INFO - Started process (PID=1291) to work on /home/airflow/.local/lib/python3.8/site-packages/airflow/example_dags/example_sla_dag.py
[2023-09-15T13:45:14.122+0000] {processor.py:829} INFO - Processing file /home/airflow/.local/lib/python3.8/site-packages/airflow/example_dags/example_sla_dag.py for tasks to queue
[2023-09-15T13:45:14.123+0000] {logging_mixin.py:151} INFO - [2023-09-15T13:45:14.123+0000] {dagbag.py:539} INFO - Filling up the DagBag from /home/airflow/.local/lib/python3.8/site-packages/airflow/example_dags/example_sla_dag.py
[2023-09-15T13:45:14.128+0000] {processor.py:839} INFO - DAG(s) dict_keys(['example_sla_dag']) retrieved from /home/airflow/.local/lib/python3.8/site-packages/airflow/example_dags/example_sla_dag.py
[2023-09-15T13:45:14.139+0000] {logging_mixin.py:151} INFO - [2023-09-15T13:45:14.139+0000] {dag.py:2907} INFO - Sync 1 DAGs
[2023-09-15T13:45:14.155+0000] {logging_mixin.py:151} INFO - [2023-09-15T13:45:14.155+0000] {dag.py:3677} INFO - Setting next_dagrun for example_sla_dag to 2023-09-15T13:42:00+00:00, run_after=2023-09-15T13:44:00+00:00
[2023-09-15T13:45:14.168+0000] {processor.py:179} INFO - Processing /home/airflow/.local/lib/python3.8/site-packages/airflow/example_dags/example_sla_dag.py took 0.049 seconds
[2023-09-15T13:45:44.402+0000] {processor.py:157} INFO - Started process (PID=1349) to work on /home/airflow/.local/lib/python3.8/site-packages/airflow/example_dags/example_sla_dag.py
[2023-09-15T13:45:44.403+0000] {processor.py:829} INFO - Processing file /home/airflow/.local/lib/python3.8/site-packages/airflow/example_dags/example_sla_dag.py for tasks to queue
[2023-09-15T13:45:44.404+0000] {logging_mixin.py:151} INFO - [2023-09-15T13:45:44.404+0000] {dagbag.py:539} INFO - Filling up the DagBag from /home/airflow/.local/lib/python3.8/site-packages/airflow/example_dags/example_sla_dag.py
[2023-09-15T13:45:44.410+0000] {processor.py:839} INFO - DAG(s) dict_keys(['example_sla_dag']) retrieved from /home/airflow/.local/lib/python3.8/site-packages/airflow/example_dags/example_sla_dag.py
[2023-09-15T13:45:44.421+0000] {logging_mixin.py:151} INFO - [2023-09-15T13:45:44.421+0000] {dag.py:2907} INFO - Sync 1 DAGs
[2023-09-15T13:45:44.436+0000] {logging_mixin.py:151} INFO - [2023-09-15T13:45:44.436+0000] {dag.py:3677} INFO - Setting next_dagrun for example_sla_dag to 2023-09-15T13:42:00+00:00, run_after=2023-09-15T13:44:00+00:00
[2023-09-15T13:45:44.451+0000] {processor.py:179} INFO - Processing /home/airflow/.local/lib/python3.8/site-packages/airflow/example_dags/example_sla_dag.py took 0.051 seconds
[2023-09-15T13:46:14.744+0000] {processor.py:157} INFO - Started process (PID=1407) to work on /home/airflow/.local/lib/python3.8/site-packages/airflow/example_dags/example_sla_dag.py
[2023-09-15T13:46:14.744+0000] {processor.py:829} INFO - Processing file /home/airflow/.local/lib/python3.8/site-packages/airflow/example_dags/example_sla_dag.py for tasks to queue
[2023-09-15T13:46:14.746+0000] {logging_mixin.py:151} INFO - [2023-09-15T13:46:14.746+0000] {dagbag.py:539} INFO - Filling up the DagBag from /home/airflow/.local/lib/python3.8/site-packages/airflow/example_dags/example_sla_dag.py
[2023-09-15T13:46:14.751+0000] {processor.py:839} INFO - DAG(s) dict_keys(['example_sla_dag']) retrieved from /home/airflow/.local/lib/python3.8/site-packages/airflow/example_dags/example_sla_dag.py
[2023-09-15T13:46:14.761+0000] {logging_mixin.py:151} INFO - [2023-09-15T13:46:14.761+0000] {dag.py:2907} INFO - Sync 1 DAGs
[2023-09-15T13:46:14.777+0000] {logging_mixin.py:151} INFO - [2023-09-15T13:46:14.777+0000] {dag.py:3677} INFO - Setting next_dagrun for example_sla_dag to 2023-09-15T13:44:00+00:00, run_after=2023-09-15T13:46:00+00:00
[2023-09-15T13:46:14.795+0000] {processor.py:179} INFO - Processing /home/airflow/.local/lib/python3.8/site-packages/airflow/example_dags/example_sla_dag.py took 0.053 seconds
[2023-09-15T13:46:45.008+0000] {processor.py:157} INFO - Started process (PID=1465) to work on /home/airflow/.local/lib/python3.8/site-packages/airflow/example_dags/example_sla_dag.py
[2023-09-15T13:46:45.009+0000] {processor.py:829} INFO - Processing file /home/airflow/.local/lib/python3.8/site-packages/airflow/example_dags/example_sla_dag.py for tasks to queue
[2023-09-15T13:46:45.010+0000] {logging_mixin.py:151} INFO - [2023-09-15T13:46:45.010+0000] {dagbag.py:539} INFO - Filling up the DagBag from /home/airflow/.local/lib/python3.8/site-packages/airflow/example_dags/example_sla_dag.py
[2023-09-15T13:46:45.015+0000] {processor.py:839} INFO - DAG(s) dict_keys(['example_sla_dag']) retrieved from /home/airflow/.local/lib/python3.8/site-packages/airflow/example_dags/example_sla_dag.py
[2023-09-15T13:46:45.026+0000] {logging_mixin.py:151} INFO - [2023-09-15T13:46:45.026+0000] {dag.py:2907} INFO - Sync 1 DAGs
[2023-09-15T13:46:45.041+0000] {logging_mixin.py:151} INFO - [2023-09-15T13:46:45.041+0000] {dag.py:3677} INFO - Setting next_dagrun for example_sla_dag to 2023-09-15T13:44:00+00:00, run_after=2023-09-15T13:46:00+00:00
[2023-09-15T13:46:45.055+0000] {processor.py:179} INFO - Processing /home/airflow/.local/lib/python3.8/site-packages/airflow/example_dags/example_sla_dag.py took 0.050 seconds
[2023-09-15T13:47:15.520+0000] {processor.py:157} INFO - Started process (PID=1524) to work on /home/airflow/.local/lib/python3.8/site-packages/airflow/example_dags/example_sla_dag.py
[2023-09-15T13:47:15.521+0000] {processor.py:829} INFO - Processing file /home/airflow/.local/lib/python3.8/site-packages/airflow/example_dags/example_sla_dag.py for tasks to queue
[2023-09-15T13:47:15.522+0000] {logging_mixin.py:151} INFO - [2023-09-15T13:47:15.522+0000] {dagbag.py:539} INFO - Filling up the DagBag from /home/airflow/.local/lib/python3.8/site-packages/airflow/example_dags/example_sla_dag.py
[2023-09-15T13:47:15.528+0000] {processor.py:839} INFO - DAG(s) dict_keys(['example_sla_dag']) retrieved from /home/airflow/.local/lib/python3.8/site-packages/airflow/example_dags/example_sla_dag.py
[2023-09-15T13:47:15.539+0000] {logging_mixin.py:151} INFO - [2023-09-15T13:47:15.539+0000] {dag.py:2907} INFO - Sync 1 DAGs
[2023-09-15T13:47:15.553+0000] {logging_mixin.py:151} INFO - [2023-09-15T13:47:15.553+0000] {dag.py:3677} INFO - Setting next_dagrun for example_sla_dag to 2023-09-15T13:44:00+00:00, run_after=2023-09-15T13:46:00+00:00
[2023-09-15T13:47:15.567+0000] {processor.py:179} INFO - Processing /home/airflow/.local/lib/python3.8/site-packages/airflow/example_dags/example_sla_dag.py took 0.048 seconds
[2023-09-15T13:47:45.719+0000] {processor.py:157} INFO - Started process (PID=1582) to work on /home/airflow/.local/lib/python3.8/site-packages/airflow/example_dags/example_sla_dag.py
[2023-09-15T13:47:45.720+0000] {processor.py:829} INFO - Processing file /home/airflow/.local/lib/python3.8/site-packages/airflow/example_dags/example_sla_dag.py for tasks to queue
[2023-09-15T13:47:45.721+0000] {logging_mixin.py:151} INFO - [2023-09-15T13:47:45.721+0000] {dagbag.py:539} INFO - Filling up the DagBag from /home/airflow/.local/lib/python3.8/site-packages/airflow/example_dags/example_sla_dag.py
[2023-09-15T13:47:45.726+0000] {processor.py:839} INFO - DAG(s) dict_keys(['example_sla_dag']) retrieved from /home/airflow/.local/lib/python3.8/site-packages/airflow/example_dags/example_sla_dag.py
[2023-09-15T13:47:45.737+0000] {logging_mixin.py:151} INFO - [2023-09-15T13:47:45.737+0000] {dag.py:2907} INFO - Sync 1 DAGs
[2023-09-15T13:47:45.752+0000] {logging_mixin.py:151} INFO - [2023-09-15T13:47:45.752+0000] {dag.py:3677} INFO - Setting next_dagrun for example_sla_dag to 2023-09-15T13:44:00+00:00, run_after=2023-09-15T13:46:00+00:00
[2023-09-15T13:47:45.768+0000] {processor.py:179} INFO - Processing /home/airflow/.local/lib/python3.8/site-packages/airflow/example_dags/example_sla_dag.py took 0.051 seconds
[2023-09-15T13:48:16.203+0000] {processor.py:157} INFO - Started process (PID=1640) to work on /home/airflow/.local/lib/python3.8/site-packages/airflow/example_dags/example_sla_dag.py
[2023-09-15T13:48:16.204+0000] {processor.py:829} INFO - Processing file /home/airflow/.local/lib/python3.8/site-packages/airflow/example_dags/example_sla_dag.py for tasks to queue
[2023-09-15T13:48:16.205+0000] {logging_mixin.py:151} INFO - [2023-09-15T13:48:16.205+0000] {dagbag.py:539} INFO - Filling up the DagBag from /home/airflow/.local/lib/python3.8/site-packages/airflow/example_dags/example_sla_dag.py
[2023-09-15T13:48:16.210+0000] {processor.py:839} INFO - DAG(s) dict_keys(['example_sla_dag']) retrieved from /home/airflow/.local/lib/python3.8/site-packages/airflow/example_dags/example_sla_dag.py
[2023-09-15T13:48:16.221+0000] {logging_mixin.py:151} INFO - [2023-09-15T13:48:16.221+0000] {dag.py:2907} INFO - Sync 1 DAGs
[2023-09-15T13:48:16.237+0000] {logging_mixin.py:151} INFO - [2023-09-15T13:48:16.237+0000] {dag.py:3677} INFO - Setting next_dagrun for example_sla_dag to 2023-09-15T13:46:00+00:00, run_after=2023-09-15T13:48:00+00:00
[2023-09-15T13:48:16.252+0000] {processor.py:179} INFO - Processing /home/airflow/.local/lib/python3.8/site-packages/airflow/example_dags/example_sla_dag.py took 0.051 seconds
[2023-09-15T13:48:46.508+0000] {processor.py:157} INFO - Started process (PID=1698) to work on /home/airflow/.local/lib/python3.8/site-packages/airflow/example_dags/example_sla_dag.py
[2023-09-15T13:48:46.509+0000] {processor.py:829} INFO - Processing file /home/airflow/.local/lib/python3.8/site-packages/airflow/example_dags/example_sla_dag.py for tasks to queue
[2023-09-15T13:48:46.511+0000] {logging_mixin.py:151} INFO - [2023-09-15T13:48:46.511+0000] {dagbag.py:539} INFO - Filling up the DagBag from /home/airflow/.local/lib/python3.8/site-packages/airflow/example_dags/example_sla_dag.py
[2023-09-15T13:48:46.516+0000] {processor.py:839} INFO - DAG(s) dict_keys(['example_sla_dag']) retrieved from /home/airflow/.local/lib/python3.8/site-packages/airflow/example_dags/example_sla_dag.py
[2023-09-15T13:48:46.529+0000] {logging_mixin.py:151} INFO - [2023-09-15T13:48:46.529+0000] {dag.py:2907} INFO - Sync 1 DAGs
[2023-09-15T13:48:46.551+0000] {logging_mixin.py:151} INFO - [2023-09-15T13:48:46.550+0000] {dag.py:3677} INFO - Setting next_dagrun for example_sla_dag to 2023-09-15T13:46:00+00:00, run_after=2023-09-15T13:48:00+00:00
[2023-09-15T13:48:46.566+0000] {processor.py:179} INFO - Processing /home/airflow/.local/lib/python3.8/site-packages/airflow/example_dags/example_sla_dag.py took 0.060 seconds
[2023-09-15T13:49:16.969+0000] {processor.py:157} INFO - Started process (PID=1756) to work on /home/airflow/.local/lib/python3.8/site-packages/airflow/example_dags/example_sla_dag.py
[2023-09-15T13:49:16.970+0000] {processor.py:829} INFO - Processing file /home/airflow/.local/lib/python3.8/site-packages/airflow/example_dags/example_sla_dag.py for tasks to queue
[2023-09-15T13:49:16.971+0000] {logging_mixin.py:151} INFO - [2023-09-15T13:49:16.971+0000] {dagbag.py:539} INFO - Filling up the DagBag from /home/airflow/.local/lib/python3.8/site-packages/airflow/example_dags/example_sla_dag.py
[2023-09-15T13:49:16.976+0000] {processor.py:839} INFO - DAG(s) dict_keys(['example_sla_dag']) retrieved from /home/airflow/.local/lib/python3.8/site-packages/airflow/example_dags/example_sla_dag.py
[2023-09-15T13:49:16.986+0000] {logging_mixin.py:151} INFO - [2023-09-15T13:49:16.986+0000] {dag.py:2907} INFO - Sync 1 DAGs
[2023-09-15T13:49:17.002+0000] {logging_mixin.py:151} INFO - [2023-09-15T13:49:17.002+0000] {dag.py:3677} INFO - Setting next_dagrun for example_sla_dag to 2023-09-15T13:46:00+00:00, run_after=2023-09-15T13:48:00+00:00
[2023-09-15T13:49:17.016+0000] {processor.py:179} INFO - Processing /home/airflow/.local/lib/python3.8/site-packages/airflow/example_dags/example_sla_dag.py took 0.049 seconds
[2023-09-15T13:49:47.253+0000] {processor.py:157} INFO - Started process (PID=1814) to work on /home/airflow/.local/lib/python3.8/site-packages/airflow/example_dags/example_sla_dag.py
[2023-09-15T13:49:47.254+0000] {processor.py:829} INFO - Processing file /home/airflow/.local/lib/python3.8/site-packages/airflow/example_dags/example_sla_dag.py for tasks to queue
[2023-09-15T13:49:47.255+0000] {logging_mixin.py:151} INFO - [2023-09-15T13:49:47.255+0000] {dagbag.py:539} INFO - Filling up the DagBag from /home/airflow/.local/lib/python3.8/site-packages/airflow/example_dags/example_sla_dag.py
[2023-09-15T13:49:47.260+0000] {processor.py:839} INFO - DAG(s) dict_keys(['example_sla_dag']) retrieved from /home/airflow/.local/lib/python3.8/site-packages/airflow/example_dags/example_sla_dag.py
[2023-09-15T13:49:47.272+0000] {logging_mixin.py:151} INFO - [2023-09-15T13:49:47.272+0000] {dag.py:2907} INFO - Sync 1 DAGs
[2023-09-15T13:49:47.288+0000] {logging_mixin.py:151} INFO - [2023-09-15T13:49:47.288+0000] {dag.py:3677} INFO - Setting next_dagrun for example_sla_dag to 2023-09-15T13:46:00+00:00, run_after=2023-09-15T13:48:00+00:00
[2023-09-15T13:49:47.303+0000] {processor.py:179} INFO - Processing /home/airflow/.local/lib/python3.8/site-packages/airflow/example_dags/example_sla_dag.py took 0.052 seconds
[2023-09-15T13:50:17.629+0000] {processor.py:157} INFO - Started process (PID=1872) to work on /home/airflow/.local/lib/python3.8/site-packages/airflow/example_dags/example_sla_dag.py
[2023-09-15T13:50:17.630+0000] {processor.py:829} INFO - Processing file /home/airflow/.local/lib/python3.8/site-packages/airflow/example_dags/example_sla_dag.py for tasks to queue
[2023-09-15T13:50:17.632+0000] {logging_mixin.py:151} INFO - [2023-09-15T13:50:17.632+0000] {dagbag.py:539} INFO - Filling up the DagBag from /home/airflow/.local/lib/python3.8/site-packages/airflow/example_dags/example_sla_dag.py
[2023-09-15T13:50:17.637+0000] {processor.py:839} INFO - DAG(s) dict_keys(['example_sla_dag']) retrieved from /home/airflow/.local/lib/python3.8/site-packages/airflow/example_dags/example_sla_dag.py
[2023-09-15T13:50:17.649+0000] {logging_mixin.py:151} INFO - [2023-09-15T13:50:17.649+0000] {dag.py:2907} INFO - Sync 1 DAGs
[2023-09-15T13:50:17.665+0000] {logging_mixin.py:151} INFO - [2023-09-15T13:50:17.665+0000] {dag.py:3677} INFO - Setting next_dagrun for example_sla_dag to 2023-09-15T13:48:00+00:00, run_after=2023-09-15T13:50:00+00:00
[2023-09-15T13:50:17.678+0000] {processor.py:179} INFO - Processing /home/airflow/.local/lib/python3.8/site-packages/airflow/example_dags/example_sla_dag.py took 0.051 seconds
