[2023-09-15T13:34:37.243+0000] {processor.py:157} INFO - Started process (PID=85) to work on /home/airflow/.local/lib/python3.8/site-packages/airflow/example_dags/example_setup_teardown_taskflow.py
[2023-09-15T13:34:37.244+0000] {processor.py:829} INFO - Processing file /home/airflow/.local/lib/python3.8/site-packages/airflow/example_dags/example_setup_teardown_taskflow.py for tasks to queue
[2023-09-15T13:34:37.246+0000] {logging_mixin.py:151} INFO - [2023-09-15T13:34:37.245+0000] {dagbag.py:539} INFO - Filling up the DagBag from /home/airflow/.local/lib/python3.8/site-packages/airflow/example_dags/example_setup_teardown_taskflow.py
[2023-09-15T13:34:37.253+0000] {processor.py:839} INFO - DAG(s) dict_keys(['example_setup_teardown_taskflow']) retrieved from /home/airflow/.local/lib/python3.8/site-packages/airflow/example_dags/example_setup_teardown_taskflow.py
[2023-09-15T13:34:37.271+0000] {logging_mixin.py:151} INFO - [2023-09-15T13:34:37.271+0000] {dag.py:2907} INFO - Sync 1 DAGs
[2023-09-15T13:34:37.293+0000] {logging_mixin.py:151} INFO - [2023-09-15T13:34:37.293+0000] {dag.py:3677} INFO - Setting next_dagrun for example_setup_teardown_taskflow to 2023-09-14T13:34:37.293022+00:00, run_after=2023-09-15T13:34:37.293022+00:00
[2023-09-15T13:34:37.455+0000] {processor.py:179} INFO - Processing /home/airflow/.local/lib/python3.8/site-packages/airflow/example_dags/example_setup_teardown_taskflow.py took 0.215 seconds
[2023-09-15T13:35:08.169+0000] {processor.py:157} INFO - Started process (PID=158) to work on /home/airflow/.local/lib/python3.8/site-packages/airflow/example_dags/example_setup_teardown_taskflow.py
[2023-09-15T13:35:08.170+0000] {processor.py:829} INFO - Processing file /home/airflow/.local/lib/python3.8/site-packages/airflow/example_dags/example_setup_teardown_taskflow.py for tasks to queue
[2023-09-15T13:35:08.171+0000] {logging_mixin.py:151} INFO - [2023-09-15T13:35:08.171+0000] {dagbag.py:539} INFO - Filling up the DagBag from /home/airflow/.local/lib/python3.8/site-packages/airflow/example_dags/example_setup_teardown_taskflow.py
[2023-09-15T13:35:08.180+0000] {processor.py:839} INFO - DAG(s) dict_keys(['example_setup_teardown_taskflow']) retrieved from /home/airflow/.local/lib/python3.8/site-packages/airflow/example_dags/example_setup_teardown_taskflow.py
[2023-09-15T13:35:08.192+0000] {logging_mixin.py:151} INFO - [2023-09-15T13:35:08.192+0000] {dag.py:2907} INFO - Sync 1 DAGs
[2023-09-15T13:35:08.205+0000] {logging_mixin.py:151} INFO - [2023-09-15T13:35:08.205+0000] {dag.py:3677} INFO - Setting next_dagrun for example_setup_teardown_taskflow to 2023-09-14T13:35:08.205301+00:00, run_after=2023-09-15T13:35:08.205301+00:00
[2023-09-15T13:35:08.219+0000] {processor.py:179} INFO - Processing /home/airflow/.local/lib/python3.8/site-packages/airflow/example_dags/example_setup_teardown_taskflow.py took 0.052 seconds
[2023-09-15T13:35:38.512+0000] {processor.py:157} INFO - Started process (PID=216) to work on /home/airflow/.local/lib/python3.8/site-packages/airflow/example_dags/example_setup_teardown_taskflow.py
[2023-09-15T13:35:38.513+0000] {processor.py:829} INFO - Processing file /home/airflow/.local/lib/python3.8/site-packages/airflow/example_dags/example_setup_teardown_taskflow.py for tasks to queue
[2023-09-15T13:35:38.515+0000] {logging_mixin.py:151} INFO - [2023-09-15T13:35:38.515+0000] {dagbag.py:539} INFO - Filling up the DagBag from /home/airflow/.local/lib/python3.8/site-packages/airflow/example_dags/example_setup_teardown_taskflow.py
[2023-09-15T13:35:38.520+0000] {processor.py:839} INFO - DAG(s) dict_keys(['example_setup_teardown_taskflow']) retrieved from /home/airflow/.local/lib/python3.8/site-packages/airflow/example_dags/example_setup_teardown_taskflow.py
[2023-09-15T13:35:38.534+0000] {logging_mixin.py:151} INFO - [2023-09-15T13:35:38.534+0000] {dag.py:2907} INFO - Sync 1 DAGs
[2023-09-15T13:35:38.547+0000] {logging_mixin.py:151} INFO - [2023-09-15T13:35:38.547+0000] {dag.py:3677} INFO - Setting next_dagrun for example_setup_teardown_taskflow to 2023-09-14T13:35:38.546923+00:00, run_after=2023-09-15T13:35:38.546923+00:00
[2023-09-15T13:35:38.560+0000] {processor.py:179} INFO - Processing /home/airflow/.local/lib/python3.8/site-packages/airflow/example_dags/example_setup_teardown_taskflow.py took 0.050 seconds
[2023-09-15T13:36:08.830+0000] {processor.py:157} INFO - Started process (PID=273) to work on /home/airflow/.local/lib/python3.8/site-packages/airflow/example_dags/example_setup_teardown_taskflow.py
[2023-09-15T13:36:08.831+0000] {processor.py:829} INFO - Processing file /home/airflow/.local/lib/python3.8/site-packages/airflow/example_dags/example_setup_teardown_taskflow.py for tasks to queue
[2023-09-15T13:36:08.832+0000] {logging_mixin.py:151} INFO - [2023-09-15T13:36:08.832+0000] {dagbag.py:539} INFO - Filling up the DagBag from /home/airflow/.local/lib/python3.8/site-packages/airflow/example_dags/example_setup_teardown_taskflow.py
[2023-09-15T13:36:08.838+0000] {processor.py:839} INFO - DAG(s) dict_keys(['example_setup_teardown_taskflow']) retrieved from /home/airflow/.local/lib/python3.8/site-packages/airflow/example_dags/example_setup_teardown_taskflow.py
[2023-09-15T13:36:08.851+0000] {logging_mixin.py:151} INFO - [2023-09-15T13:36:08.850+0000] {dag.py:2907} INFO - Sync 1 DAGs
[2023-09-15T13:36:08.865+0000] {logging_mixin.py:151} INFO - [2023-09-15T13:36:08.864+0000] {dag.py:3677} INFO - Setting next_dagrun for example_setup_teardown_taskflow to 2023-09-14T13:36:08.864744+00:00, run_after=2023-09-15T13:36:08.864744+00:00
[2023-09-15T13:36:08.878+0000] {processor.py:179} INFO - Processing /home/airflow/.local/lib/python3.8/site-packages/airflow/example_dags/example_setup_teardown_taskflow.py took 0.050 seconds
[2023-09-15T13:36:39.235+0000] {processor.py:157} INFO - Started process (PID=332) to work on /home/airflow/.local/lib/python3.8/site-packages/airflow/example_dags/example_setup_teardown_taskflow.py
[2023-09-15T13:36:39.236+0000] {processor.py:829} INFO - Processing file /home/airflow/.local/lib/python3.8/site-packages/airflow/example_dags/example_setup_teardown_taskflow.py for tasks to queue
[2023-09-15T13:36:39.237+0000] {logging_mixin.py:151} INFO - [2023-09-15T13:36:39.237+0000] {dagbag.py:539} INFO - Filling up the DagBag from /home/airflow/.local/lib/python3.8/site-packages/airflow/example_dags/example_setup_teardown_taskflow.py
[2023-09-15T13:36:39.244+0000] {processor.py:839} INFO - DAG(s) dict_keys(['example_setup_teardown_taskflow']) retrieved from /home/airflow/.local/lib/python3.8/site-packages/airflow/example_dags/example_setup_teardown_taskflow.py
[2023-09-15T13:36:39.258+0000] {logging_mixin.py:151} INFO - [2023-09-15T13:36:39.258+0000] {dag.py:2907} INFO - Sync 1 DAGs
[2023-09-15T13:36:39.271+0000] {logging_mixin.py:151} INFO - [2023-09-15T13:36:39.271+0000] {dag.py:3677} INFO - Setting next_dagrun for example_setup_teardown_taskflow to 2023-09-14T13:36:39.271287+00:00, run_after=2023-09-15T13:36:39.271287+00:00
[2023-09-15T13:36:39.285+0000] {processor.py:179} INFO - Processing /home/airflow/.local/lib/python3.8/site-packages/airflow/example_dags/example_setup_teardown_taskflow.py took 0.052 seconds
[2023-09-15T13:37:09.491+0000] {processor.py:157} INFO - Started process (PID=390) to work on /home/airflow/.local/lib/python3.8/site-packages/airflow/example_dags/example_setup_teardown_taskflow.py
[2023-09-15T13:37:09.491+0000] {processor.py:829} INFO - Processing file /home/airflow/.local/lib/python3.8/site-packages/airflow/example_dags/example_setup_teardown_taskflow.py for tasks to queue
[2023-09-15T13:37:09.493+0000] {logging_mixin.py:151} INFO - [2023-09-15T13:37:09.492+0000] {dagbag.py:539} INFO - Filling up the DagBag from /home/airflow/.local/lib/python3.8/site-packages/airflow/example_dags/example_setup_teardown_taskflow.py
[2023-09-15T13:37:09.498+0000] {processor.py:839} INFO - DAG(s) dict_keys(['example_setup_teardown_taskflow']) retrieved from /home/airflow/.local/lib/python3.8/site-packages/airflow/example_dags/example_setup_teardown_taskflow.py
[2023-09-15T13:37:09.511+0000] {logging_mixin.py:151} INFO - [2023-09-15T13:37:09.511+0000] {dag.py:2907} INFO - Sync 1 DAGs
[2023-09-15T13:37:09.523+0000] {logging_mixin.py:151} INFO - [2023-09-15T13:37:09.523+0000] {dag.py:3677} INFO - Setting next_dagrun for example_setup_teardown_taskflow to 2023-09-14T13:37:09.523645+00:00, run_after=2023-09-15T13:37:09.523645+00:00
[2023-09-15T13:37:09.536+0000] {processor.py:179} INFO - Processing /home/airflow/.local/lib/python3.8/site-packages/airflow/example_dags/example_setup_teardown_taskflow.py took 0.047 seconds
[2023-09-15T13:37:39.711+0000] {processor.py:157} INFO - Started process (PID=448) to work on /home/airflow/.local/lib/python3.8/site-packages/airflow/example_dags/example_setup_teardown_taskflow.py
[2023-09-15T13:37:39.712+0000] {processor.py:829} INFO - Processing file /home/airflow/.local/lib/python3.8/site-packages/airflow/example_dags/example_setup_teardown_taskflow.py for tasks to queue
[2023-09-15T13:37:39.713+0000] {logging_mixin.py:151} INFO - [2023-09-15T13:37:39.713+0000] {dagbag.py:539} INFO - Filling up the DagBag from /home/airflow/.local/lib/python3.8/site-packages/airflow/example_dags/example_setup_teardown_taskflow.py
[2023-09-15T13:37:39.719+0000] {processor.py:839} INFO - DAG(s) dict_keys(['example_setup_teardown_taskflow']) retrieved from /home/airflow/.local/lib/python3.8/site-packages/airflow/example_dags/example_setup_teardown_taskflow.py
[2023-09-15T13:37:39.731+0000] {logging_mixin.py:151} INFO - [2023-09-15T13:37:39.731+0000] {dag.py:2907} INFO - Sync 1 DAGs
[2023-09-15T13:37:39.744+0000] {logging_mixin.py:151} INFO - [2023-09-15T13:37:39.744+0000] {dag.py:3677} INFO - Setting next_dagrun for example_setup_teardown_taskflow to 2023-09-14T13:37:39.744475+00:00, run_after=2023-09-15T13:37:39.744475+00:00
[2023-09-15T13:37:39.757+0000] {processor.py:179} INFO - Processing /home/airflow/.local/lib/python3.8/site-packages/airflow/example_dags/example_setup_teardown_taskflow.py took 0.048 seconds
[2023-09-15T13:38:10.174+0000] {processor.py:157} INFO - Started process (PID=506) to work on /home/airflow/.local/lib/python3.8/site-packages/airflow/example_dags/example_setup_teardown_taskflow.py
[2023-09-15T13:38:10.175+0000] {processor.py:829} INFO - Processing file /home/airflow/.local/lib/python3.8/site-packages/airflow/example_dags/example_setup_teardown_taskflow.py for tasks to queue
[2023-09-15T13:38:10.176+0000] {logging_mixin.py:151} INFO - [2023-09-15T13:38:10.176+0000] {dagbag.py:539} INFO - Filling up the DagBag from /home/airflow/.local/lib/python3.8/site-packages/airflow/example_dags/example_setup_teardown_taskflow.py
[2023-09-15T13:38:10.182+0000] {processor.py:839} INFO - DAG(s) dict_keys(['example_setup_teardown_taskflow']) retrieved from /home/airflow/.local/lib/python3.8/site-packages/airflow/example_dags/example_setup_teardown_taskflow.py
[2023-09-15T13:38:10.195+0000] {logging_mixin.py:151} INFO - [2023-09-15T13:38:10.195+0000] {dag.py:2907} INFO - Sync 1 DAGs
[2023-09-15T13:38:10.208+0000] {logging_mixin.py:151} INFO - [2023-09-15T13:38:10.207+0000] {dag.py:3677} INFO - Setting next_dagrun for example_setup_teardown_taskflow to 2023-09-14T13:38:10.207754+00:00, run_after=2023-09-15T13:38:10.207754+00:00
[2023-09-15T13:38:10.221+0000] {processor.py:179} INFO - Processing /home/airflow/.local/lib/python3.8/site-packages/airflow/example_dags/example_setup_teardown_taskflow.py took 0.049 seconds
[2023-09-15T13:38:40.696+0000] {processor.py:157} INFO - Started process (PID=564) to work on /home/airflow/.local/lib/python3.8/site-packages/airflow/example_dags/example_setup_teardown_taskflow.py
[2023-09-15T13:38:40.697+0000] {processor.py:829} INFO - Processing file /home/airflow/.local/lib/python3.8/site-packages/airflow/example_dags/example_setup_teardown_taskflow.py for tasks to queue
[2023-09-15T13:38:40.699+0000] {logging_mixin.py:151} INFO - [2023-09-15T13:38:40.698+0000] {dagbag.py:539} INFO - Filling up the DagBag from /home/airflow/.local/lib/python3.8/site-packages/airflow/example_dags/example_setup_teardown_taskflow.py
[2023-09-15T13:38:40.704+0000] {processor.py:839} INFO - DAG(s) dict_keys(['example_setup_teardown_taskflow']) retrieved from /home/airflow/.local/lib/python3.8/site-packages/airflow/example_dags/example_setup_teardown_taskflow.py
[2023-09-15T13:38:40.717+0000] {logging_mixin.py:151} INFO - [2023-09-15T13:38:40.717+0000] {dag.py:2907} INFO - Sync 1 DAGs
[2023-09-15T13:38:40.730+0000] {logging_mixin.py:151} INFO - [2023-09-15T13:38:40.730+0000] {dag.py:3677} INFO - Setting next_dagrun for example_setup_teardown_taskflow to 2023-09-14T13:38:40.730361+00:00, run_after=2023-09-15T13:38:40.730361+00:00
[2023-09-15T13:38:40.743+0000] {processor.py:179} INFO - Processing /home/airflow/.local/lib/python3.8/site-packages/airflow/example_dags/example_setup_teardown_taskflow.py took 0.049 seconds
[2023-09-15T13:39:11.173+0000] {processor.py:157} INFO - Started process (PID=622) to work on /home/airflow/.local/lib/python3.8/site-packages/airflow/example_dags/example_setup_teardown_taskflow.py
[2023-09-15T13:39:11.174+0000] {processor.py:829} INFO - Processing file /home/airflow/.local/lib/python3.8/site-packages/airflow/example_dags/example_setup_teardown_taskflow.py for tasks to queue
[2023-09-15T13:39:11.175+0000] {logging_mixin.py:151} INFO - [2023-09-15T13:39:11.175+0000] {dagbag.py:539} INFO - Filling up the DagBag from /home/airflow/.local/lib/python3.8/site-packages/airflow/example_dags/example_setup_teardown_taskflow.py
[2023-09-15T13:39:11.181+0000] {processor.py:839} INFO - DAG(s) dict_keys(['example_setup_teardown_taskflow']) retrieved from /home/airflow/.local/lib/python3.8/site-packages/airflow/example_dags/example_setup_teardown_taskflow.py
[2023-09-15T13:39:11.193+0000] {logging_mixin.py:151} INFO - [2023-09-15T13:39:11.193+0000] {dag.py:2907} INFO - Sync 1 DAGs
[2023-09-15T13:39:11.206+0000] {logging_mixin.py:151} INFO - [2023-09-15T13:39:11.206+0000] {dag.py:3677} INFO - Setting next_dagrun for example_setup_teardown_taskflow to 2023-09-14T13:39:11.206590+00:00, run_after=2023-09-15T13:39:11.206590+00:00
[2023-09-15T13:39:11.219+0000] {processor.py:179} INFO - Processing /home/airflow/.local/lib/python3.8/site-packages/airflow/example_dags/example_setup_teardown_taskflow.py took 0.048 seconds
[2023-09-15T13:39:41.675+0000] {processor.py:157} INFO - Started process (PID=680) to work on /home/airflow/.local/lib/python3.8/site-packages/airflow/example_dags/example_setup_teardown_taskflow.py
[2023-09-15T13:39:41.676+0000] {processor.py:829} INFO - Processing file /home/airflow/.local/lib/python3.8/site-packages/airflow/example_dags/example_setup_teardown_taskflow.py for tasks to queue
[2023-09-15T13:39:41.677+0000] {logging_mixin.py:151} INFO - [2023-09-15T13:39:41.677+0000] {dagbag.py:539} INFO - Filling up the DagBag from /home/airflow/.local/lib/python3.8/site-packages/airflow/example_dags/example_setup_teardown_taskflow.py
[2023-09-15T13:39:41.683+0000] {processor.py:839} INFO - DAG(s) dict_keys(['example_setup_teardown_taskflow']) retrieved from /home/airflow/.local/lib/python3.8/site-packages/airflow/example_dags/example_setup_teardown_taskflow.py
[2023-09-15T13:39:41.698+0000] {logging_mixin.py:151} INFO - [2023-09-15T13:39:41.697+0000] {dag.py:2907} INFO - Sync 1 DAGs
[2023-09-15T13:39:41.711+0000] {logging_mixin.py:151} INFO - [2023-09-15T13:39:41.711+0000] {dag.py:3677} INFO - Setting next_dagrun for example_setup_teardown_taskflow to 2023-09-14T13:39:41.711424+00:00, run_after=2023-09-15T13:39:41.711424+00:00
[2023-09-15T13:39:41.725+0000] {processor.py:179} INFO - Processing /home/airflow/.local/lib/python3.8/site-packages/airflow/example_dags/example_setup_teardown_taskflow.py took 0.052 seconds
[2023-09-15T13:40:12.142+0000] {processor.py:157} INFO - Started process (PID=738) to work on /home/airflow/.local/lib/python3.8/site-packages/airflow/example_dags/example_setup_teardown_taskflow.py
[2023-09-15T13:40:12.143+0000] {processor.py:829} INFO - Processing file /home/airflow/.local/lib/python3.8/site-packages/airflow/example_dags/example_setup_teardown_taskflow.py for tasks to queue
[2023-09-15T13:40:12.144+0000] {logging_mixin.py:151} INFO - [2023-09-15T13:40:12.144+0000] {dagbag.py:539} INFO - Filling up the DagBag from /home/airflow/.local/lib/python3.8/site-packages/airflow/example_dags/example_setup_teardown_taskflow.py
[2023-09-15T13:40:12.151+0000] {processor.py:839} INFO - DAG(s) dict_keys(['example_setup_teardown_taskflow']) retrieved from /home/airflow/.local/lib/python3.8/site-packages/airflow/example_dags/example_setup_teardown_taskflow.py
[2023-09-15T13:40:12.165+0000] {logging_mixin.py:151} INFO - [2023-09-15T13:40:12.165+0000] {dag.py:2907} INFO - Sync 1 DAGs
[2023-09-15T13:40:12.181+0000] {logging_mixin.py:151} INFO - [2023-09-15T13:40:12.181+0000] {dag.py:3677} INFO - Setting next_dagrun for example_setup_teardown_taskflow to 2023-09-14T13:40:12.181599+00:00, run_after=2023-09-15T13:40:12.181599+00:00
[2023-09-15T13:40:12.197+0000] {processor.py:179} INFO - Processing /home/airflow/.local/lib/python3.8/site-packages/airflow/example_dags/example_setup_teardown_taskflow.py took 0.057 seconds
[2023-09-15T13:40:42.546+0000] {processor.py:157} INFO - Started process (PID=796) to work on /home/airflow/.local/lib/python3.8/site-packages/airflow/example_dags/example_setup_teardown_taskflow.py
[2023-09-15T13:40:42.547+0000] {processor.py:829} INFO - Processing file /home/airflow/.local/lib/python3.8/site-packages/airflow/example_dags/example_setup_teardown_taskflow.py for tasks to queue
[2023-09-15T13:40:42.548+0000] {logging_mixin.py:151} INFO - [2023-09-15T13:40:42.548+0000] {dagbag.py:539} INFO - Filling up the DagBag from /home/airflow/.local/lib/python3.8/site-packages/airflow/example_dags/example_setup_teardown_taskflow.py
[2023-09-15T13:40:42.554+0000] {processor.py:839} INFO - DAG(s) dict_keys(['example_setup_teardown_taskflow']) retrieved from /home/airflow/.local/lib/python3.8/site-packages/airflow/example_dags/example_setup_teardown_taskflow.py
[2023-09-15T13:40:42.571+0000] {logging_mixin.py:151} INFO - [2023-09-15T13:40:42.571+0000] {dag.py:2907} INFO - Sync 1 DAGs
[2023-09-15T13:40:42.587+0000] {logging_mixin.py:151} INFO - [2023-09-15T13:40:42.586+0000] {dag.py:3677} INFO - Setting next_dagrun for example_setup_teardown_taskflow to 2023-09-14T13:40:42.586700+00:00, run_after=2023-09-15T13:40:42.586700+00:00
[2023-09-15T13:40:42.602+0000] {processor.py:179} INFO - Processing /home/airflow/.local/lib/python3.8/site-packages/airflow/example_dags/example_setup_teardown_taskflow.py took 0.058 seconds
[2023-09-15T13:41:12.800+0000] {processor.py:157} INFO - Started process (PID=854) to work on /home/airflow/.local/lib/python3.8/site-packages/airflow/example_dags/example_setup_teardown_taskflow.py
[2023-09-15T13:41:12.801+0000] {processor.py:829} INFO - Processing file /home/airflow/.local/lib/python3.8/site-packages/airflow/example_dags/example_setup_teardown_taskflow.py for tasks to queue
[2023-09-15T13:41:12.802+0000] {logging_mixin.py:151} INFO - [2023-09-15T13:41:12.802+0000] {dagbag.py:539} INFO - Filling up the DagBag from /home/airflow/.local/lib/python3.8/site-packages/airflow/example_dags/example_setup_teardown_taskflow.py
[2023-09-15T13:41:12.807+0000] {processor.py:839} INFO - DAG(s) dict_keys(['example_setup_teardown_taskflow']) retrieved from /home/airflow/.local/lib/python3.8/site-packages/airflow/example_dags/example_setup_teardown_taskflow.py
[2023-09-15T13:41:12.820+0000] {logging_mixin.py:151} INFO - [2023-09-15T13:41:12.820+0000] {dag.py:2907} INFO - Sync 1 DAGs
[2023-09-15T13:41:12.833+0000] {logging_mixin.py:151} INFO - [2023-09-15T13:41:12.833+0000] {dag.py:3677} INFO - Setting next_dagrun for example_setup_teardown_taskflow to 2023-09-14T13:41:12.833262+00:00, run_after=2023-09-15T13:41:12.833262+00:00
[2023-09-15T13:41:12.846+0000] {processor.py:179} INFO - Processing /home/airflow/.local/lib/python3.8/site-packages/airflow/example_dags/example_setup_teardown_taskflow.py took 0.048 seconds
[2023-09-15T13:41:43.130+0000] {processor.py:157} INFO - Started process (PID=912) to work on /home/airflow/.local/lib/python3.8/site-packages/airflow/example_dags/example_setup_teardown_taskflow.py
[2023-09-15T13:41:43.131+0000] {processor.py:829} INFO - Processing file /home/airflow/.local/lib/python3.8/site-packages/airflow/example_dags/example_setup_teardown_taskflow.py for tasks to queue
[2023-09-15T13:41:43.132+0000] {logging_mixin.py:151} INFO - [2023-09-15T13:41:43.132+0000] {dagbag.py:539} INFO - Filling up the DagBag from /home/airflow/.local/lib/python3.8/site-packages/airflow/example_dags/example_setup_teardown_taskflow.py
[2023-09-15T13:41:43.138+0000] {processor.py:839} INFO - DAG(s) dict_keys(['example_setup_teardown_taskflow']) retrieved from /home/airflow/.local/lib/python3.8/site-packages/airflow/example_dags/example_setup_teardown_taskflow.py
[2023-09-15T13:41:43.149+0000] {logging_mixin.py:151} INFO - [2023-09-15T13:41:43.149+0000] {dag.py:2907} INFO - Sync 1 DAGs
[2023-09-15T13:41:43.163+0000] {logging_mixin.py:151} INFO - [2023-09-15T13:41:43.162+0000] {dag.py:3677} INFO - Setting next_dagrun for example_setup_teardown_taskflow to 2023-09-14T13:41:43.162765+00:00, run_after=2023-09-15T13:41:43.162765+00:00
[2023-09-15T13:41:43.176+0000] {processor.py:179} INFO - Processing /home/airflow/.local/lib/python3.8/site-packages/airflow/example_dags/example_setup_teardown_taskflow.py took 0.047 seconds
[2023-09-15T13:42:13.432+0000] {processor.py:157} INFO - Started process (PID=970) to work on /home/airflow/.local/lib/python3.8/site-packages/airflow/example_dags/example_setup_teardown_taskflow.py
[2023-09-15T13:42:13.433+0000] {processor.py:829} INFO - Processing file /home/airflow/.local/lib/python3.8/site-packages/airflow/example_dags/example_setup_teardown_taskflow.py for tasks to queue
[2023-09-15T13:42:13.435+0000] {logging_mixin.py:151} INFO - [2023-09-15T13:42:13.434+0000] {dagbag.py:539} INFO - Filling up the DagBag from /home/airflow/.local/lib/python3.8/site-packages/airflow/example_dags/example_setup_teardown_taskflow.py
[2023-09-15T13:42:13.440+0000] {processor.py:839} INFO - DAG(s) dict_keys(['example_setup_teardown_taskflow']) retrieved from /home/airflow/.local/lib/python3.8/site-packages/airflow/example_dags/example_setup_teardown_taskflow.py
[2023-09-15T13:42:13.453+0000] {logging_mixin.py:151} INFO - [2023-09-15T13:42:13.453+0000] {dag.py:2907} INFO - Sync 1 DAGs
[2023-09-15T13:42:13.466+0000] {logging_mixin.py:151} INFO - [2023-09-15T13:42:13.466+0000] {dag.py:3677} INFO - Setting next_dagrun for example_setup_teardown_taskflow to 2023-09-14T13:42:13.466002+00:00, run_after=2023-09-15T13:42:13.466002+00:00
[2023-09-15T13:42:13.479+0000] {processor.py:179} INFO - Processing /home/airflow/.local/lib/python3.8/site-packages/airflow/example_dags/example_setup_teardown_taskflow.py took 0.049 seconds
[2023-09-15T13:42:44.463+0000] {processor.py:157} INFO - Started process (PID=1028) to work on /home/airflow/.local/lib/python3.8/site-packages/airflow/example_dags/example_setup_teardown_taskflow.py
[2023-09-15T13:42:44.464+0000] {processor.py:829} INFO - Processing file /home/airflow/.local/lib/python3.8/site-packages/airflow/example_dags/example_setup_teardown_taskflow.py for tasks to queue
[2023-09-15T13:42:44.466+0000] {logging_mixin.py:151} INFO - [2023-09-15T13:42:44.466+0000] {dagbag.py:539} INFO - Filling up the DagBag from /home/airflow/.local/lib/python3.8/site-packages/airflow/example_dags/example_setup_teardown_taskflow.py
[2023-09-15T13:42:44.472+0000] {processor.py:839} INFO - DAG(s) dict_keys(['example_setup_teardown_taskflow']) retrieved from /home/airflow/.local/lib/python3.8/site-packages/airflow/example_dags/example_setup_teardown_taskflow.py
[2023-09-15T13:42:44.488+0000] {logging_mixin.py:151} INFO - [2023-09-15T13:42:44.487+0000] {dag.py:2907} INFO - Sync 1 DAGs
[2023-09-15T13:42:44.502+0000] {logging_mixin.py:151} INFO - [2023-09-15T13:42:44.502+0000] {dag.py:3677} INFO - Setting next_dagrun for example_setup_teardown_taskflow to 2023-09-14T13:42:44.502315+00:00, run_after=2023-09-15T13:42:44.502315+00:00
[2023-09-15T13:42:44.514+0000] {processor.py:179} INFO - Processing /home/airflow/.local/lib/python3.8/site-packages/airflow/example_dags/example_setup_teardown_taskflow.py took 0.052 seconds
[2023-09-15T13:43:15.018+0000] {processor.py:157} INFO - Started process (PID=1086) to work on /home/airflow/.local/lib/python3.8/site-packages/airflow/example_dags/example_setup_teardown_taskflow.py
[2023-09-15T13:43:15.018+0000] {processor.py:829} INFO - Processing file /home/airflow/.local/lib/python3.8/site-packages/airflow/example_dags/example_setup_teardown_taskflow.py for tasks to queue
[2023-09-15T13:43:15.020+0000] {logging_mixin.py:151} INFO - [2023-09-15T13:43:15.019+0000] {dagbag.py:539} INFO - Filling up the DagBag from /home/airflow/.local/lib/python3.8/site-packages/airflow/example_dags/example_setup_teardown_taskflow.py
[2023-09-15T13:43:15.025+0000] {processor.py:839} INFO - DAG(s) dict_keys(['example_setup_teardown_taskflow']) retrieved from /home/airflow/.local/lib/python3.8/site-packages/airflow/example_dags/example_setup_teardown_taskflow.py
[2023-09-15T13:43:15.037+0000] {logging_mixin.py:151} INFO - [2023-09-15T13:43:15.037+0000] {dag.py:2907} INFO - Sync 1 DAGs
[2023-09-15T13:43:15.050+0000] {logging_mixin.py:151} INFO - [2023-09-15T13:43:15.049+0000] {dag.py:3677} INFO - Setting next_dagrun for example_setup_teardown_taskflow to 2023-09-14T13:43:15.049852+00:00, run_after=2023-09-15T13:43:15.049852+00:00
[2023-09-15T13:43:15.063+0000] {processor.py:179} INFO - Processing /home/airflow/.local/lib/python3.8/site-packages/airflow/example_dags/example_setup_teardown_taskflow.py took 0.047 seconds
[2023-09-15T13:43:45.492+0000] {processor.py:157} INFO - Started process (PID=1144) to work on /home/airflow/.local/lib/python3.8/site-packages/airflow/example_dags/example_setup_teardown_taskflow.py
[2023-09-15T13:43:45.492+0000] {processor.py:829} INFO - Processing file /home/airflow/.local/lib/python3.8/site-packages/airflow/example_dags/example_setup_teardown_taskflow.py for tasks to queue
[2023-09-15T13:43:45.494+0000] {logging_mixin.py:151} INFO - [2023-09-15T13:43:45.493+0000] {dagbag.py:539} INFO - Filling up the DagBag from /home/airflow/.local/lib/python3.8/site-packages/airflow/example_dags/example_setup_teardown_taskflow.py
[2023-09-15T13:43:45.500+0000] {processor.py:839} INFO - DAG(s) dict_keys(['example_setup_teardown_taskflow']) retrieved from /home/airflow/.local/lib/python3.8/site-packages/airflow/example_dags/example_setup_teardown_taskflow.py
[2023-09-15T13:43:45.513+0000] {logging_mixin.py:151} INFO - [2023-09-15T13:43:45.513+0000] {dag.py:2907} INFO - Sync 1 DAGs
[2023-09-15T13:43:45.527+0000] {logging_mixin.py:151} INFO - [2023-09-15T13:43:45.527+0000] {dag.py:3677} INFO - Setting next_dagrun for example_setup_teardown_taskflow to 2023-09-14T13:43:45.526881+00:00, run_after=2023-09-15T13:43:45.526881+00:00
[2023-09-15T13:43:45.546+0000] {processor.py:179} INFO - Processing /home/airflow/.local/lib/python3.8/site-packages/airflow/example_dags/example_setup_teardown_taskflow.py took 0.056 seconds
[2023-09-15T13:44:15.678+0000] {processor.py:157} INFO - Started process (PID=1202) to work on /home/airflow/.local/lib/python3.8/site-packages/airflow/example_dags/example_setup_teardown_taskflow.py
[2023-09-15T13:44:15.679+0000] {processor.py:829} INFO - Processing file /home/airflow/.local/lib/python3.8/site-packages/airflow/example_dags/example_setup_teardown_taskflow.py for tasks to queue
[2023-09-15T13:44:15.680+0000] {logging_mixin.py:151} INFO - [2023-09-15T13:44:15.680+0000] {dagbag.py:539} INFO - Filling up the DagBag from /home/airflow/.local/lib/python3.8/site-packages/airflow/example_dags/example_setup_teardown_taskflow.py
[2023-09-15T13:44:15.686+0000] {processor.py:839} INFO - DAG(s) dict_keys(['example_setup_teardown_taskflow']) retrieved from /home/airflow/.local/lib/python3.8/site-packages/airflow/example_dags/example_setup_teardown_taskflow.py
[2023-09-15T13:44:15.699+0000] {logging_mixin.py:151} INFO - [2023-09-15T13:44:15.699+0000] {dag.py:2907} INFO - Sync 1 DAGs
[2023-09-15T13:44:15.713+0000] {logging_mixin.py:151} INFO - [2023-09-15T13:44:15.713+0000] {dag.py:3677} INFO - Setting next_dagrun for example_setup_teardown_taskflow to 2023-09-14T13:44:15.713075+00:00, run_after=2023-09-15T13:44:15.713075+00:00
[2023-09-15T13:44:15.726+0000] {processor.py:179} INFO - Processing /home/airflow/.local/lib/python3.8/site-packages/airflow/example_dags/example_setup_teardown_taskflow.py took 0.050 seconds
[2023-09-15T13:44:46.007+0000] {processor.py:157} INFO - Started process (PID=1260) to work on /home/airflow/.local/lib/python3.8/site-packages/airflow/example_dags/example_setup_teardown_taskflow.py
[2023-09-15T13:44:46.007+0000] {processor.py:829} INFO - Processing file /home/airflow/.local/lib/python3.8/site-packages/airflow/example_dags/example_setup_teardown_taskflow.py for tasks to queue
[2023-09-15T13:44:46.009+0000] {logging_mixin.py:151} INFO - [2023-09-15T13:44:46.009+0000] {dagbag.py:539} INFO - Filling up the DagBag from /home/airflow/.local/lib/python3.8/site-packages/airflow/example_dags/example_setup_teardown_taskflow.py
[2023-09-15T13:44:46.014+0000] {processor.py:839} INFO - DAG(s) dict_keys(['example_setup_teardown_taskflow']) retrieved from /home/airflow/.local/lib/python3.8/site-packages/airflow/example_dags/example_setup_teardown_taskflow.py
[2023-09-15T13:44:46.027+0000] {logging_mixin.py:151} INFO - [2023-09-15T13:44:46.027+0000] {dag.py:2907} INFO - Sync 1 DAGs
[2023-09-15T13:44:46.041+0000] {logging_mixin.py:151} INFO - [2023-09-15T13:44:46.041+0000] {dag.py:3677} INFO - Setting next_dagrun for example_setup_teardown_taskflow to 2023-09-14T13:44:46.040922+00:00, run_after=2023-09-15T13:44:46.040922+00:00
[2023-09-15T13:44:46.054+0000] {processor.py:179} INFO - Processing /home/airflow/.local/lib/python3.8/site-packages/airflow/example_dags/example_setup_teardown_taskflow.py took 0.050 seconds
[2023-09-15T13:45:16.347+0000] {processor.py:157} INFO - Started process (PID=1318) to work on /home/airflow/.local/lib/python3.8/site-packages/airflow/example_dags/example_setup_teardown_taskflow.py
[2023-09-15T13:45:16.348+0000] {processor.py:829} INFO - Processing file /home/airflow/.local/lib/python3.8/site-packages/airflow/example_dags/example_setup_teardown_taskflow.py for tasks to queue
[2023-09-15T13:45:16.350+0000] {logging_mixin.py:151} INFO - [2023-09-15T13:45:16.349+0000] {dagbag.py:539} INFO - Filling up the DagBag from /home/airflow/.local/lib/python3.8/site-packages/airflow/example_dags/example_setup_teardown_taskflow.py
[2023-09-15T13:45:16.355+0000] {processor.py:839} INFO - DAG(s) dict_keys(['example_setup_teardown_taskflow']) retrieved from /home/airflow/.local/lib/python3.8/site-packages/airflow/example_dags/example_setup_teardown_taskflow.py
[2023-09-15T13:45:16.369+0000] {logging_mixin.py:151} INFO - [2023-09-15T13:45:16.368+0000] {dag.py:2907} INFO - Sync 1 DAGs
[2023-09-15T13:45:16.385+0000] {logging_mixin.py:151} INFO - [2023-09-15T13:45:16.385+0000] {dag.py:3677} INFO - Setting next_dagrun for example_setup_teardown_taskflow to 2023-09-14T13:45:16.385217+00:00, run_after=2023-09-15T13:45:16.385217+00:00
[2023-09-15T13:45:16.399+0000] {processor.py:179} INFO - Processing /home/airflow/.local/lib/python3.8/site-packages/airflow/example_dags/example_setup_teardown_taskflow.py took 0.054 seconds
[2023-09-15T13:45:46.624+0000] {processor.py:157} INFO - Started process (PID=1375) to work on /home/airflow/.local/lib/python3.8/site-packages/airflow/example_dags/example_setup_teardown_taskflow.py
[2023-09-15T13:45:46.625+0000] {processor.py:829} INFO - Processing file /home/airflow/.local/lib/python3.8/site-packages/airflow/example_dags/example_setup_teardown_taskflow.py for tasks to queue
[2023-09-15T13:45:46.626+0000] {logging_mixin.py:151} INFO - [2023-09-15T13:45:46.626+0000] {dagbag.py:539} INFO - Filling up the DagBag from /home/airflow/.local/lib/python3.8/site-packages/airflow/example_dags/example_setup_teardown_taskflow.py
[2023-09-15T13:45:46.632+0000] {processor.py:839} INFO - DAG(s) dict_keys(['example_setup_teardown_taskflow']) retrieved from /home/airflow/.local/lib/python3.8/site-packages/airflow/example_dags/example_setup_teardown_taskflow.py
[2023-09-15T13:45:46.645+0000] {logging_mixin.py:151} INFO - [2023-09-15T13:45:46.645+0000] {dag.py:2907} INFO - Sync 1 DAGs
[2023-09-15T13:45:46.658+0000] {logging_mixin.py:151} INFO - [2023-09-15T13:45:46.658+0000] {dag.py:3677} INFO - Setting next_dagrun for example_setup_teardown_taskflow to 2023-09-14T13:45:46.658568+00:00, run_after=2023-09-15T13:45:46.658568+00:00
[2023-09-15T13:45:46.671+0000] {processor.py:179} INFO - Processing /home/airflow/.local/lib/python3.8/site-packages/airflow/example_dags/example_setup_teardown_taskflow.py took 0.049 seconds
[2023-09-15T13:46:17.025+0000] {processor.py:157} INFO - Started process (PID=1434) to work on /home/airflow/.local/lib/python3.8/site-packages/airflow/example_dags/example_setup_teardown_taskflow.py
[2023-09-15T13:46:17.026+0000] {processor.py:829} INFO - Processing file /home/airflow/.local/lib/python3.8/site-packages/airflow/example_dags/example_setup_teardown_taskflow.py for tasks to queue
[2023-09-15T13:46:17.027+0000] {logging_mixin.py:151} INFO - [2023-09-15T13:46:17.027+0000] {dagbag.py:539} INFO - Filling up the DagBag from /home/airflow/.local/lib/python3.8/site-packages/airflow/example_dags/example_setup_teardown_taskflow.py
[2023-09-15T13:46:17.033+0000] {processor.py:839} INFO - DAG(s) dict_keys(['example_setup_teardown_taskflow']) retrieved from /home/airflow/.local/lib/python3.8/site-packages/airflow/example_dags/example_setup_teardown_taskflow.py
[2023-09-15T13:46:17.046+0000] {logging_mixin.py:151} INFO - [2023-09-15T13:46:17.045+0000] {dag.py:2907} INFO - Sync 1 DAGs
[2023-09-15T13:46:17.062+0000] {logging_mixin.py:151} INFO - [2023-09-15T13:46:17.062+0000] {dag.py:3677} INFO - Setting next_dagrun for example_setup_teardown_taskflow to 2023-09-14T13:46:17.062034+00:00, run_after=2023-09-15T13:46:17.062034+00:00
[2023-09-15T13:46:17.076+0000] {processor.py:179} INFO - Processing /home/airflow/.local/lib/python3.8/site-packages/airflow/example_dags/example_setup_teardown_taskflow.py took 0.053 seconds
[2023-09-15T13:46:47.423+0000] {processor.py:157} INFO - Started process (PID=1492) to work on /home/airflow/.local/lib/python3.8/site-packages/airflow/example_dags/example_setup_teardown_taskflow.py
[2023-09-15T13:46:47.424+0000] {processor.py:829} INFO - Processing file /home/airflow/.local/lib/python3.8/site-packages/airflow/example_dags/example_setup_teardown_taskflow.py for tasks to queue
[2023-09-15T13:46:47.426+0000] {logging_mixin.py:151} INFO - [2023-09-15T13:46:47.426+0000] {dagbag.py:539} INFO - Filling up the DagBag from /home/airflow/.local/lib/python3.8/site-packages/airflow/example_dags/example_setup_teardown_taskflow.py
[2023-09-15T13:46:47.431+0000] {processor.py:839} INFO - DAG(s) dict_keys(['example_setup_teardown_taskflow']) retrieved from /home/airflow/.local/lib/python3.8/site-packages/airflow/example_dags/example_setup_teardown_taskflow.py
[2023-09-15T13:46:47.444+0000] {logging_mixin.py:151} INFO - [2023-09-15T13:46:47.444+0000] {dag.py:2907} INFO - Sync 1 DAGs
[2023-09-15T13:46:47.456+0000] {logging_mixin.py:151} INFO - [2023-09-15T13:46:47.456+0000] {dag.py:3677} INFO - Setting next_dagrun for example_setup_teardown_taskflow to 2023-09-14T13:46:47.456579+00:00, run_after=2023-09-15T13:46:47.456579+00:00
[2023-09-15T13:46:47.469+0000] {processor.py:179} INFO - Processing /home/airflow/.local/lib/python3.8/site-packages/airflow/example_dags/example_setup_teardown_taskflow.py took 0.048 seconds
[2023-09-15T13:47:17.687+0000] {processor.py:157} INFO - Started process (PID=1551) to work on /home/airflow/.local/lib/python3.8/site-packages/airflow/example_dags/example_setup_teardown_taskflow.py
[2023-09-15T13:47:17.688+0000] {processor.py:829} INFO - Processing file /home/airflow/.local/lib/python3.8/site-packages/airflow/example_dags/example_setup_teardown_taskflow.py for tasks to queue
[2023-09-15T13:47:17.689+0000] {logging_mixin.py:151} INFO - [2023-09-15T13:47:17.689+0000] {dagbag.py:539} INFO - Filling up the DagBag from /home/airflow/.local/lib/python3.8/site-packages/airflow/example_dags/example_setup_teardown_taskflow.py
[2023-09-15T13:47:17.695+0000] {processor.py:839} INFO - DAG(s) dict_keys(['example_setup_teardown_taskflow']) retrieved from /home/airflow/.local/lib/python3.8/site-packages/airflow/example_dags/example_setup_teardown_taskflow.py
[2023-09-15T13:47:17.709+0000] {logging_mixin.py:151} INFO - [2023-09-15T13:47:17.708+0000] {dag.py:2907} INFO - Sync 1 DAGs
[2023-09-15T13:47:17.721+0000] {logging_mixin.py:151} INFO - [2023-09-15T13:47:17.721+0000] {dag.py:3677} INFO - Setting next_dagrun for example_setup_teardown_taskflow to 2023-09-14T13:47:17.721313+00:00, run_after=2023-09-15T13:47:17.721313+00:00
[2023-09-15T13:47:17.734+0000] {processor.py:179} INFO - Processing /home/airflow/.local/lib/python3.8/site-packages/airflow/example_dags/example_setup_teardown_taskflow.py took 0.049 seconds
[2023-09-15T13:47:48.085+0000] {processor.py:157} INFO - Started process (PID=1609) to work on /home/airflow/.local/lib/python3.8/site-packages/airflow/example_dags/example_setup_teardown_taskflow.py
[2023-09-15T13:47:48.085+0000] {processor.py:829} INFO - Processing file /home/airflow/.local/lib/python3.8/site-packages/airflow/example_dags/example_setup_teardown_taskflow.py for tasks to queue
[2023-09-15T13:47:48.087+0000] {logging_mixin.py:151} INFO - [2023-09-15T13:47:48.087+0000] {dagbag.py:539} INFO - Filling up the DagBag from /home/airflow/.local/lib/python3.8/site-packages/airflow/example_dags/example_setup_teardown_taskflow.py
[2023-09-15T13:47:48.093+0000] {processor.py:839} INFO - DAG(s) dict_keys(['example_setup_teardown_taskflow']) retrieved from /home/airflow/.local/lib/python3.8/site-packages/airflow/example_dags/example_setup_teardown_taskflow.py
[2023-09-15T13:47:48.105+0000] {logging_mixin.py:151} INFO - [2023-09-15T13:47:48.105+0000] {dag.py:2907} INFO - Sync 1 DAGs
[2023-09-15T13:47:48.118+0000] {logging_mixin.py:151} INFO - [2023-09-15T13:47:48.118+0000] {dag.py:3677} INFO - Setting next_dagrun for example_setup_teardown_taskflow to 2023-09-14T13:47:48.118476+00:00, run_after=2023-09-15T13:47:48.118476+00:00
[2023-09-15T13:47:48.135+0000] {processor.py:179} INFO - Processing /home/airflow/.local/lib/python3.8/site-packages/airflow/example_dags/example_setup_teardown_taskflow.py took 0.052 seconds
[2023-09-15T13:48:18.461+0000] {processor.py:157} INFO - Started process (PID=1667) to work on /home/airflow/.local/lib/python3.8/site-packages/airflow/example_dags/example_setup_teardown_taskflow.py
[2023-09-15T13:48:18.461+0000] {processor.py:829} INFO - Processing file /home/airflow/.local/lib/python3.8/site-packages/airflow/example_dags/example_setup_teardown_taskflow.py for tasks to queue
[2023-09-15T13:48:18.463+0000] {logging_mixin.py:151} INFO - [2023-09-15T13:48:18.463+0000] {dagbag.py:539} INFO - Filling up the DagBag from /home/airflow/.local/lib/python3.8/site-packages/airflow/example_dags/example_setup_teardown_taskflow.py
[2023-09-15T13:48:18.469+0000] {processor.py:839} INFO - DAG(s) dict_keys(['example_setup_teardown_taskflow']) retrieved from /home/airflow/.local/lib/python3.8/site-packages/airflow/example_dags/example_setup_teardown_taskflow.py
[2023-09-15T13:48:18.483+0000] {logging_mixin.py:151} INFO - [2023-09-15T13:48:18.483+0000] {dag.py:2907} INFO - Sync 1 DAGs
[2023-09-15T13:48:18.496+0000] {logging_mixin.py:151} INFO - [2023-09-15T13:48:18.496+0000] {dag.py:3677} INFO - Setting next_dagrun for example_setup_teardown_taskflow to 2023-09-14T13:48:18.496220+00:00, run_after=2023-09-15T13:48:18.496220+00:00
[2023-09-15T13:48:18.558+0000] {processor.py:179} INFO - Processing /home/airflow/.local/lib/python3.8/site-packages/airflow/example_dags/example_setup_teardown_taskflow.py took 0.099 seconds
[2023-09-15T13:48:48.969+0000] {processor.py:157} INFO - Started process (PID=1725) to work on /home/airflow/.local/lib/python3.8/site-packages/airflow/example_dags/example_setup_teardown_taskflow.py
[2023-09-15T13:48:48.970+0000] {processor.py:829} INFO - Processing file /home/airflow/.local/lib/python3.8/site-packages/airflow/example_dags/example_setup_teardown_taskflow.py for tasks to queue
[2023-09-15T13:48:48.971+0000] {logging_mixin.py:151} INFO - [2023-09-15T13:48:48.971+0000] {dagbag.py:539} INFO - Filling up the DagBag from /home/airflow/.local/lib/python3.8/site-packages/airflow/example_dags/example_setup_teardown_taskflow.py
[2023-09-15T13:48:48.978+0000] {processor.py:839} INFO - DAG(s) dict_keys(['example_setup_teardown_taskflow']) retrieved from /home/airflow/.local/lib/python3.8/site-packages/airflow/example_dags/example_setup_teardown_taskflow.py
[2023-09-15T13:48:48.994+0000] {logging_mixin.py:151} INFO - [2023-09-15T13:48:48.994+0000] {dag.py:2907} INFO - Sync 1 DAGs
[2023-09-15T13:48:49.009+0000] {logging_mixin.py:151} INFO - [2023-09-15T13:48:49.009+0000] {dag.py:3677} INFO - Setting next_dagrun for example_setup_teardown_taskflow to 2023-09-14T13:48:49.009004+00:00, run_after=2023-09-15T13:48:49.009004+00:00
[2023-09-15T13:48:49.024+0000] {processor.py:179} INFO - Processing /home/airflow/.local/lib/python3.8/site-packages/airflow/example_dags/example_setup_teardown_taskflow.py took 0.057 seconds
[2023-09-15T13:49:19.146+0000] {processor.py:157} INFO - Started process (PID=1783) to work on /home/airflow/.local/lib/python3.8/site-packages/airflow/example_dags/example_setup_teardown_taskflow.py
[2023-09-15T13:49:19.146+0000] {processor.py:829} INFO - Processing file /home/airflow/.local/lib/python3.8/site-packages/airflow/example_dags/example_setup_teardown_taskflow.py for tasks to queue
[2023-09-15T13:49:19.148+0000] {logging_mixin.py:151} INFO - [2023-09-15T13:49:19.148+0000] {dagbag.py:539} INFO - Filling up the DagBag from /home/airflow/.local/lib/python3.8/site-packages/airflow/example_dags/example_setup_teardown_taskflow.py
[2023-09-15T13:49:19.154+0000] {processor.py:839} INFO - DAG(s) dict_keys(['example_setup_teardown_taskflow']) retrieved from /home/airflow/.local/lib/python3.8/site-packages/airflow/example_dags/example_setup_teardown_taskflow.py
[2023-09-15T13:49:19.167+0000] {logging_mixin.py:151} INFO - [2023-09-15T13:49:19.167+0000] {dag.py:2907} INFO - Sync 1 DAGs
[2023-09-15T13:49:19.180+0000] {logging_mixin.py:151} INFO - [2023-09-15T13:49:19.180+0000] {dag.py:3677} INFO - Setting next_dagrun for example_setup_teardown_taskflow to 2023-09-14T13:49:19.179957+00:00, run_after=2023-09-15T13:49:19.179957+00:00
[2023-09-15T13:49:19.194+0000] {processor.py:179} INFO - Processing /home/airflow/.local/lib/python3.8/site-packages/airflow/example_dags/example_setup_teardown_taskflow.py took 0.050 seconds
[2023-09-15T13:49:49.588+0000] {processor.py:157} INFO - Started process (PID=1841) to work on /home/airflow/.local/lib/python3.8/site-packages/airflow/example_dags/example_setup_teardown_taskflow.py
[2023-09-15T13:49:49.589+0000] {processor.py:829} INFO - Processing file /home/airflow/.local/lib/python3.8/site-packages/airflow/example_dags/example_setup_teardown_taskflow.py for tasks to queue
[2023-09-15T13:49:49.590+0000] {logging_mixin.py:151} INFO - [2023-09-15T13:49:49.590+0000] {dagbag.py:539} INFO - Filling up the DagBag from /home/airflow/.local/lib/python3.8/site-packages/airflow/example_dags/example_setup_teardown_taskflow.py
[2023-09-15T13:49:49.596+0000] {processor.py:839} INFO - DAG(s) dict_keys(['example_setup_teardown_taskflow']) retrieved from /home/airflow/.local/lib/python3.8/site-packages/airflow/example_dags/example_setup_teardown_taskflow.py
[2023-09-15T13:49:49.610+0000] {logging_mixin.py:151} INFO - [2023-09-15T13:49:49.610+0000] {dag.py:2907} INFO - Sync 1 DAGs
[2023-09-15T13:49:49.624+0000] {logging_mixin.py:151} INFO - [2023-09-15T13:49:49.623+0000] {dag.py:3677} INFO - Setting next_dagrun for example_setup_teardown_taskflow to 2023-09-14T13:49:49.623705+00:00, run_after=2023-09-15T13:49:49.623705+00:00
[2023-09-15T13:49:49.637+0000] {processor.py:179} INFO - Processing /home/airflow/.local/lib/python3.8/site-packages/airflow/example_dags/example_setup_teardown_taskflow.py took 0.050 seconds
[2023-09-15T13:50:20.113+0000] {processor.py:157} INFO - Started process (PID=1899) to work on /home/airflow/.local/lib/python3.8/site-packages/airflow/example_dags/example_setup_teardown_taskflow.py
[2023-09-15T13:50:20.113+0000] {processor.py:829} INFO - Processing file /home/airflow/.local/lib/python3.8/site-packages/airflow/example_dags/example_setup_teardown_taskflow.py for tasks to queue
[2023-09-15T13:50:20.115+0000] {logging_mixin.py:151} INFO - [2023-09-15T13:50:20.115+0000] {dagbag.py:539} INFO - Filling up the DagBag from /home/airflow/.local/lib/python3.8/site-packages/airflow/example_dags/example_setup_teardown_taskflow.py
[2023-09-15T13:50:20.121+0000] {processor.py:839} INFO - DAG(s) dict_keys(['example_setup_teardown_taskflow']) retrieved from /home/airflow/.local/lib/python3.8/site-packages/airflow/example_dags/example_setup_teardown_taskflow.py
[2023-09-15T13:50:20.134+0000] {logging_mixin.py:151} INFO - [2023-09-15T13:50:20.134+0000] {dag.py:2907} INFO - Sync 1 DAGs
[2023-09-15T13:50:20.147+0000] {logging_mixin.py:151} INFO - [2023-09-15T13:50:20.147+0000] {dag.py:3677} INFO - Setting next_dagrun for example_setup_teardown_taskflow to 2023-09-14T13:50:20.147267+00:00, run_after=2023-09-15T13:50:20.147267+00:00
[2023-09-15T13:50:20.161+0000] {processor.py:179} INFO - Processing /home/airflow/.local/lib/python3.8/site-packages/airflow/example_dags/example_setup_teardown_taskflow.py took 0.050 seconds
