[2023-09-15T13:34:35.219+0000] {processor.py:157} INFO - Started process (PID=60) to work on /home/airflow/.local/lib/python3.8/site-packages/airflow/example_dags/example_dynamic_task_mapping_with_no_taskflow_operators.py
[2023-09-15T13:34:35.220+0000] {processor.py:829} INFO - Processing file /home/airflow/.local/lib/python3.8/site-packages/airflow/example_dags/example_dynamic_task_mapping_with_no_taskflow_operators.py for tasks to queue
[2023-09-15T13:34:35.221+0000] {logging_mixin.py:151} INFO - [2023-09-15T13:34:35.221+0000] {dagbag.py:539} INFO - Filling up the DagBag from /home/airflow/.local/lib/python3.8/site-packages/airflow/example_dags/example_dynamic_task_mapping_with_no_taskflow_operators.py
[2023-09-15T13:34:35.229+0000] {processor.py:839} INFO - DAG(s) dict_keys(['example_dynamic_task_mapping_with_no_taskflow_operators']) retrieved from /home/airflow/.local/lib/python3.8/site-packages/airflow/example_dags/example_dynamic_task_mapping_with_no_taskflow_operators.py
[2023-09-15T13:34:35.243+0000] {logging_mixin.py:151} INFO - [2023-09-15T13:34:35.242+0000] {dag.py:2907} INFO - Sync 1 DAGs
[2023-09-15T13:34:35.259+0000] {logging_mixin.py:151} INFO - [2023-09-15T13:34:35.258+0000] {dag.py:3677} INFO - Setting next_dagrun for example_dynamic_task_mapping_with_no_taskflow_operators to 2023-09-14T13:34:35.258768+00:00, run_after=2023-09-15T13:34:35.258768+00:00
[2023-09-15T13:34:35.273+0000] {processor.py:179} INFO - Processing /home/airflow/.local/lib/python3.8/site-packages/airflow/example_dags/example_dynamic_task_mapping_with_no_taskflow_operators.py took 0.056 seconds
[2023-09-15T13:35:05.717+0000] {processor.py:157} INFO - Started process (PID=133) to work on /home/airflow/.local/lib/python3.8/site-packages/airflow/example_dags/example_dynamic_task_mapping_with_no_taskflow_operators.py
[2023-09-15T13:35:05.718+0000] {processor.py:829} INFO - Processing file /home/airflow/.local/lib/python3.8/site-packages/airflow/example_dags/example_dynamic_task_mapping_with_no_taskflow_operators.py for tasks to queue
[2023-09-15T13:35:05.719+0000] {logging_mixin.py:151} INFO - [2023-09-15T13:35:05.719+0000] {dagbag.py:539} INFO - Filling up the DagBag from /home/airflow/.local/lib/python3.8/site-packages/airflow/example_dags/example_dynamic_task_mapping_with_no_taskflow_operators.py
[2023-09-15T13:35:05.723+0000] {processor.py:839} INFO - DAG(s) dict_keys(['example_dynamic_task_mapping_with_no_taskflow_operators']) retrieved from /home/airflow/.local/lib/python3.8/site-packages/airflow/example_dags/example_dynamic_task_mapping_with_no_taskflow_operators.py
[2023-09-15T13:35:05.833+0000] {logging_mixin.py:151} INFO - [2023-09-15T13:35:05.833+0000] {dag.py:2907} INFO - Sync 1 DAGs
[2023-09-15T13:35:05.857+0000] {logging_mixin.py:151} INFO - [2023-09-15T13:35:05.857+0000] {dag.py:3677} INFO - Setting next_dagrun for example_dynamic_task_mapping_with_no_taskflow_operators to 2023-09-14T13:35:05.857008+00:00, run_after=2023-09-15T13:35:05.857008+00:00
[2023-09-15T13:35:05.879+0000] {processor.py:179} INFO - Processing /home/airflow/.local/lib/python3.8/site-packages/airflow/example_dags/example_dynamic_task_mapping_with_no_taskflow_operators.py took 0.164 seconds
[2023-09-15T13:35:36.274+0000] {processor.py:157} INFO - Started process (PID=191) to work on /home/airflow/.local/lib/python3.8/site-packages/airflow/example_dags/example_dynamic_task_mapping_with_no_taskflow_operators.py
[2023-09-15T13:35:36.274+0000] {processor.py:829} INFO - Processing file /home/airflow/.local/lib/python3.8/site-packages/airflow/example_dags/example_dynamic_task_mapping_with_no_taskflow_operators.py for tasks to queue
[2023-09-15T13:35:36.276+0000] {logging_mixin.py:151} INFO - [2023-09-15T13:35:36.276+0000] {dagbag.py:539} INFO - Filling up the DagBag from /home/airflow/.local/lib/python3.8/site-packages/airflow/example_dags/example_dynamic_task_mapping_with_no_taskflow_operators.py
[2023-09-15T13:35:36.279+0000] {processor.py:839} INFO - DAG(s) dict_keys(['example_dynamic_task_mapping_with_no_taskflow_operators']) retrieved from /home/airflow/.local/lib/python3.8/site-packages/airflow/example_dags/example_dynamic_task_mapping_with_no_taskflow_operators.py
[2023-09-15T13:35:36.290+0000] {logging_mixin.py:151} INFO - [2023-09-15T13:35:36.290+0000] {dag.py:2907} INFO - Sync 1 DAGs
[2023-09-15T13:35:36.303+0000] {logging_mixin.py:151} INFO - [2023-09-15T13:35:36.303+0000] {dag.py:3677} INFO - Setting next_dagrun for example_dynamic_task_mapping_with_no_taskflow_operators to 2023-09-14T13:35:36.303239+00:00, run_after=2023-09-15T13:35:36.303239+00:00
[2023-09-15T13:35:36.315+0000] {processor.py:179} INFO - Processing /home/airflow/.local/lib/python3.8/site-packages/airflow/example_dags/example_dynamic_task_mapping_with_no_taskflow_operators.py took 0.044 seconds
[2023-09-15T13:36:06.597+0000] {processor.py:157} INFO - Started process (PID=249) to work on /home/airflow/.local/lib/python3.8/site-packages/airflow/example_dags/example_dynamic_task_mapping_with_no_taskflow_operators.py
[2023-09-15T13:36:06.597+0000] {processor.py:829} INFO - Processing file /home/airflow/.local/lib/python3.8/site-packages/airflow/example_dags/example_dynamic_task_mapping_with_no_taskflow_operators.py for tasks to queue
[2023-09-15T13:36:06.599+0000] {logging_mixin.py:151} INFO - [2023-09-15T13:36:06.598+0000] {dagbag.py:539} INFO - Filling up the DagBag from /home/airflow/.local/lib/python3.8/site-packages/airflow/example_dags/example_dynamic_task_mapping_with_no_taskflow_operators.py
[2023-09-15T13:36:06.602+0000] {processor.py:839} INFO - DAG(s) dict_keys(['example_dynamic_task_mapping_with_no_taskflow_operators']) retrieved from /home/airflow/.local/lib/python3.8/site-packages/airflow/example_dags/example_dynamic_task_mapping_with_no_taskflow_operators.py
[2023-09-15T13:36:06.614+0000] {logging_mixin.py:151} INFO - [2023-09-15T13:36:06.613+0000] {dag.py:2907} INFO - Sync 1 DAGs
[2023-09-15T13:36:06.626+0000] {logging_mixin.py:151} INFO - [2023-09-15T13:36:06.626+0000] {dag.py:3677} INFO - Setting next_dagrun for example_dynamic_task_mapping_with_no_taskflow_operators to 2023-09-14T13:36:06.626357+00:00, run_after=2023-09-15T13:36:06.626357+00:00
[2023-09-15T13:36:06.639+0000] {processor.py:179} INFO - Processing /home/airflow/.local/lib/python3.8/site-packages/airflow/example_dags/example_dynamic_task_mapping_with_no_taskflow_operators.py took 0.044 seconds
[2023-09-15T13:36:36.900+0000] {processor.py:157} INFO - Started process (PID=307) to work on /home/airflow/.local/lib/python3.8/site-packages/airflow/example_dags/example_dynamic_task_mapping_with_no_taskflow_operators.py
[2023-09-15T13:36:36.900+0000] {processor.py:829} INFO - Processing file /home/airflow/.local/lib/python3.8/site-packages/airflow/example_dags/example_dynamic_task_mapping_with_no_taskflow_operators.py for tasks to queue
[2023-09-15T13:36:36.902+0000] {logging_mixin.py:151} INFO - [2023-09-15T13:36:36.902+0000] {dagbag.py:539} INFO - Filling up the DagBag from /home/airflow/.local/lib/python3.8/site-packages/airflow/example_dags/example_dynamic_task_mapping_with_no_taskflow_operators.py
[2023-09-15T13:36:36.906+0000] {processor.py:839} INFO - DAG(s) dict_keys(['example_dynamic_task_mapping_with_no_taskflow_operators']) retrieved from /home/airflow/.local/lib/python3.8/site-packages/airflow/example_dags/example_dynamic_task_mapping_with_no_taskflow_operators.py
[2023-09-15T13:36:36.917+0000] {logging_mixin.py:151} INFO - [2023-09-15T13:36:36.917+0000] {dag.py:2907} INFO - Sync 1 DAGs
[2023-09-15T13:36:36.929+0000] {logging_mixin.py:151} INFO - [2023-09-15T13:36:36.929+0000] {dag.py:3677} INFO - Setting next_dagrun for example_dynamic_task_mapping_with_no_taskflow_operators to 2023-09-14T13:36:36.929563+00:00, run_after=2023-09-15T13:36:36.929563+00:00
[2023-09-15T13:36:36.942+0000] {processor.py:179} INFO - Processing /home/airflow/.local/lib/python3.8/site-packages/airflow/example_dags/example_dynamic_task_mapping_with_no_taskflow_operators.py took 0.044 seconds
[2023-09-15T13:37:07.272+0000] {processor.py:157} INFO - Started process (PID=365) to work on /home/airflow/.local/lib/python3.8/site-packages/airflow/example_dags/example_dynamic_task_mapping_with_no_taskflow_operators.py
[2023-09-15T13:37:07.272+0000] {processor.py:829} INFO - Processing file /home/airflow/.local/lib/python3.8/site-packages/airflow/example_dags/example_dynamic_task_mapping_with_no_taskflow_operators.py for tasks to queue
[2023-09-15T13:37:07.274+0000] {logging_mixin.py:151} INFO - [2023-09-15T13:37:07.273+0000] {dagbag.py:539} INFO - Filling up the DagBag from /home/airflow/.local/lib/python3.8/site-packages/airflow/example_dags/example_dynamic_task_mapping_with_no_taskflow_operators.py
[2023-09-15T13:37:07.277+0000] {processor.py:839} INFO - DAG(s) dict_keys(['example_dynamic_task_mapping_with_no_taskflow_operators']) retrieved from /home/airflow/.local/lib/python3.8/site-packages/airflow/example_dags/example_dynamic_task_mapping_with_no_taskflow_operators.py
[2023-09-15T13:37:07.289+0000] {logging_mixin.py:151} INFO - [2023-09-15T13:37:07.289+0000] {dag.py:2907} INFO - Sync 1 DAGs
[2023-09-15T13:37:07.302+0000] {logging_mixin.py:151} INFO - [2023-09-15T13:37:07.302+0000] {dag.py:3677} INFO - Setting next_dagrun for example_dynamic_task_mapping_with_no_taskflow_operators to 2023-09-14T13:37:07.302025+00:00, run_after=2023-09-15T13:37:07.302025+00:00
[2023-09-15T13:37:07.314+0000] {processor.py:179} INFO - Processing /home/airflow/.local/lib/python3.8/site-packages/airflow/example_dags/example_dynamic_task_mapping_with_no_taskflow_operators.py took 0.045 seconds
[2023-09-15T13:37:37.532+0000] {processor.py:157} INFO - Started process (PID=423) to work on /home/airflow/.local/lib/python3.8/site-packages/airflow/example_dags/example_dynamic_task_mapping_with_no_taskflow_operators.py
[2023-09-15T13:37:37.533+0000] {processor.py:829} INFO - Processing file /home/airflow/.local/lib/python3.8/site-packages/airflow/example_dags/example_dynamic_task_mapping_with_no_taskflow_operators.py for tasks to queue
[2023-09-15T13:37:37.534+0000] {logging_mixin.py:151} INFO - [2023-09-15T13:37:37.534+0000] {dagbag.py:539} INFO - Filling up the DagBag from /home/airflow/.local/lib/python3.8/site-packages/airflow/example_dags/example_dynamic_task_mapping_with_no_taskflow_operators.py
[2023-09-15T13:37:37.538+0000] {processor.py:839} INFO - DAG(s) dict_keys(['example_dynamic_task_mapping_with_no_taskflow_operators']) retrieved from /home/airflow/.local/lib/python3.8/site-packages/airflow/example_dags/example_dynamic_task_mapping_with_no_taskflow_operators.py
[2023-09-15T13:37:37.549+0000] {logging_mixin.py:151} INFO - [2023-09-15T13:37:37.549+0000] {dag.py:2907} INFO - Sync 1 DAGs
[2023-09-15T13:37:37.561+0000] {logging_mixin.py:151} INFO - [2023-09-15T13:37:37.561+0000] {dag.py:3677} INFO - Setting next_dagrun for example_dynamic_task_mapping_with_no_taskflow_operators to 2023-09-14T13:37:37.561447+00:00, run_after=2023-09-15T13:37:37.561447+00:00
[2023-09-15T13:37:37.574+0000] {processor.py:179} INFO - Processing /home/airflow/.local/lib/python3.8/site-packages/airflow/example_dags/example_dynamic_task_mapping_with_no_taskflow_operators.py took 0.044 seconds
[2023-09-15T13:38:07.847+0000] {processor.py:157} INFO - Started process (PID=481) to work on /home/airflow/.local/lib/python3.8/site-packages/airflow/example_dags/example_dynamic_task_mapping_with_no_taskflow_operators.py
[2023-09-15T13:38:07.848+0000] {processor.py:829} INFO - Processing file /home/airflow/.local/lib/python3.8/site-packages/airflow/example_dags/example_dynamic_task_mapping_with_no_taskflow_operators.py for tasks to queue
[2023-09-15T13:38:07.849+0000] {logging_mixin.py:151} INFO - [2023-09-15T13:38:07.849+0000] {dagbag.py:539} INFO - Filling up the DagBag from /home/airflow/.local/lib/python3.8/site-packages/airflow/example_dags/example_dynamic_task_mapping_with_no_taskflow_operators.py
[2023-09-15T13:38:07.853+0000] {processor.py:839} INFO - DAG(s) dict_keys(['example_dynamic_task_mapping_with_no_taskflow_operators']) retrieved from /home/airflow/.local/lib/python3.8/site-packages/airflow/example_dags/example_dynamic_task_mapping_with_no_taskflow_operators.py
[2023-09-15T13:38:07.864+0000] {logging_mixin.py:151} INFO - [2023-09-15T13:38:07.864+0000] {dag.py:2907} INFO - Sync 1 DAGs
[2023-09-15T13:38:07.876+0000] {logging_mixin.py:151} INFO - [2023-09-15T13:38:07.876+0000] {dag.py:3677} INFO - Setting next_dagrun for example_dynamic_task_mapping_with_no_taskflow_operators to 2023-09-14T13:38:07.876748+00:00, run_after=2023-09-15T13:38:07.876748+00:00
[2023-09-15T13:38:07.889+0000] {processor.py:179} INFO - Processing /home/airflow/.local/lib/python3.8/site-packages/airflow/example_dags/example_dynamic_task_mapping_with_no_taskflow_operators.py took 0.044 seconds
[2023-09-15T13:38:38.386+0000] {processor.py:157} INFO - Started process (PID=539) to work on /home/airflow/.local/lib/python3.8/site-packages/airflow/example_dags/example_dynamic_task_mapping_with_no_taskflow_operators.py
[2023-09-15T13:38:38.387+0000] {processor.py:829} INFO - Processing file /home/airflow/.local/lib/python3.8/site-packages/airflow/example_dags/example_dynamic_task_mapping_with_no_taskflow_operators.py for tasks to queue
[2023-09-15T13:38:38.388+0000] {logging_mixin.py:151} INFO - [2023-09-15T13:38:38.388+0000] {dagbag.py:539} INFO - Filling up the DagBag from /home/airflow/.local/lib/python3.8/site-packages/airflow/example_dags/example_dynamic_task_mapping_with_no_taskflow_operators.py
[2023-09-15T13:38:38.392+0000] {processor.py:839} INFO - DAG(s) dict_keys(['example_dynamic_task_mapping_with_no_taskflow_operators']) retrieved from /home/airflow/.local/lib/python3.8/site-packages/airflow/example_dags/example_dynamic_task_mapping_with_no_taskflow_operators.py
[2023-09-15T13:38:38.403+0000] {logging_mixin.py:151} INFO - [2023-09-15T13:38:38.403+0000] {dag.py:2907} INFO - Sync 1 DAGs
[2023-09-15T13:38:38.415+0000] {logging_mixin.py:151} INFO - [2023-09-15T13:38:38.415+0000] {dag.py:3677} INFO - Setting next_dagrun for example_dynamic_task_mapping_with_no_taskflow_operators to 2023-09-14T13:38:38.415384+00:00, run_after=2023-09-15T13:38:38.415384+00:00
[2023-09-15T13:38:38.427+0000] {processor.py:179} INFO - Processing /home/airflow/.local/lib/python3.8/site-packages/airflow/example_dags/example_dynamic_task_mapping_with_no_taskflow_operators.py took 0.043 seconds
[2023-09-15T13:39:08.992+0000] {processor.py:157} INFO - Started process (PID=597) to work on /home/airflow/.local/lib/python3.8/site-packages/airflow/example_dags/example_dynamic_task_mapping_with_no_taskflow_operators.py
[2023-09-15T13:39:08.993+0000] {processor.py:829} INFO - Processing file /home/airflow/.local/lib/python3.8/site-packages/airflow/example_dags/example_dynamic_task_mapping_with_no_taskflow_operators.py for tasks to queue
[2023-09-15T13:39:08.995+0000] {logging_mixin.py:151} INFO - [2023-09-15T13:39:08.994+0000] {dagbag.py:539} INFO - Filling up the DagBag from /home/airflow/.local/lib/python3.8/site-packages/airflow/example_dags/example_dynamic_task_mapping_with_no_taskflow_operators.py
[2023-09-15T13:39:08.999+0000] {processor.py:839} INFO - DAG(s) dict_keys(['example_dynamic_task_mapping_with_no_taskflow_operators']) retrieved from /home/airflow/.local/lib/python3.8/site-packages/airflow/example_dags/example_dynamic_task_mapping_with_no_taskflow_operators.py
[2023-09-15T13:39:09.013+0000] {logging_mixin.py:151} INFO - [2023-09-15T13:39:09.013+0000] {dag.py:2907} INFO - Sync 1 DAGs
[2023-09-15T13:39:09.030+0000] {logging_mixin.py:151} INFO - [2023-09-15T13:39:09.029+0000] {dag.py:3677} INFO - Setting next_dagrun for example_dynamic_task_mapping_with_no_taskflow_operators to 2023-09-14T13:39:09.029771+00:00, run_after=2023-09-15T13:39:09.029771+00:00
[2023-09-15T13:39:09.044+0000] {processor.py:179} INFO - Processing /home/airflow/.local/lib/python3.8/site-packages/airflow/example_dags/example_dynamic_task_mapping_with_no_taskflow_operators.py took 0.054 seconds
[2023-09-15T13:39:39.438+0000] {processor.py:157} INFO - Started process (PID=655) to work on /home/airflow/.local/lib/python3.8/site-packages/airflow/example_dags/example_dynamic_task_mapping_with_no_taskflow_operators.py
[2023-09-15T13:39:39.439+0000] {processor.py:829} INFO - Processing file /home/airflow/.local/lib/python3.8/site-packages/airflow/example_dags/example_dynamic_task_mapping_with_no_taskflow_operators.py for tasks to queue
[2023-09-15T13:39:39.440+0000] {logging_mixin.py:151} INFO - [2023-09-15T13:39:39.440+0000] {dagbag.py:539} INFO - Filling up the DagBag from /home/airflow/.local/lib/python3.8/site-packages/airflow/example_dags/example_dynamic_task_mapping_with_no_taskflow_operators.py
[2023-09-15T13:39:39.444+0000] {processor.py:839} INFO - DAG(s) dict_keys(['example_dynamic_task_mapping_with_no_taskflow_operators']) retrieved from /home/airflow/.local/lib/python3.8/site-packages/airflow/example_dags/example_dynamic_task_mapping_with_no_taskflow_operators.py
[2023-09-15T13:39:39.456+0000] {logging_mixin.py:151} INFO - [2023-09-15T13:39:39.456+0000] {dag.py:2907} INFO - Sync 1 DAGs
[2023-09-15T13:39:39.470+0000] {logging_mixin.py:151} INFO - [2023-09-15T13:39:39.470+0000] {dag.py:3677} INFO - Setting next_dagrun for example_dynamic_task_mapping_with_no_taskflow_operators to 2023-09-14T13:39:39.469882+00:00, run_after=2023-09-15T13:39:39.469882+00:00
[2023-09-15T13:39:39.482+0000] {processor.py:179} INFO - Processing /home/airflow/.local/lib/python3.8/site-packages/airflow/example_dags/example_dynamic_task_mapping_with_no_taskflow_operators.py took 0.046 seconds
[2023-09-15T13:40:09.789+0000] {processor.py:157} INFO - Started process (PID=713) to work on /home/airflow/.local/lib/python3.8/site-packages/airflow/example_dags/example_dynamic_task_mapping_with_no_taskflow_operators.py
[2023-09-15T13:40:09.790+0000] {processor.py:829} INFO - Processing file /home/airflow/.local/lib/python3.8/site-packages/airflow/example_dags/example_dynamic_task_mapping_with_no_taskflow_operators.py for tasks to queue
[2023-09-15T13:40:09.792+0000] {logging_mixin.py:151} INFO - [2023-09-15T13:40:09.792+0000] {dagbag.py:539} INFO - Filling up the DagBag from /home/airflow/.local/lib/python3.8/site-packages/airflow/example_dags/example_dynamic_task_mapping_with_no_taskflow_operators.py
[2023-09-15T13:40:09.796+0000] {processor.py:839} INFO - DAG(s) dict_keys(['example_dynamic_task_mapping_with_no_taskflow_operators']) retrieved from /home/airflow/.local/lib/python3.8/site-packages/airflow/example_dags/example_dynamic_task_mapping_with_no_taskflow_operators.py
[2023-09-15T13:40:09.807+0000] {logging_mixin.py:151} INFO - [2023-09-15T13:40:09.807+0000] {dag.py:2907} INFO - Sync 1 DAGs
[2023-09-15T13:40:09.820+0000] {logging_mixin.py:151} INFO - [2023-09-15T13:40:09.820+0000] {dag.py:3677} INFO - Setting next_dagrun for example_dynamic_task_mapping_with_no_taskflow_operators to 2023-09-14T13:40:09.820399+00:00, run_after=2023-09-15T13:40:09.820399+00:00
[2023-09-15T13:40:09.833+0000] {processor.py:179} INFO - Processing /home/airflow/.local/lib/python3.8/site-packages/airflow/example_dags/example_dynamic_task_mapping_with_no_taskflow_operators.py took 0.045 seconds
[2023-09-15T13:40:40.315+0000] {processor.py:157} INFO - Started process (PID=771) to work on /home/airflow/.local/lib/python3.8/site-packages/airflow/example_dags/example_dynamic_task_mapping_with_no_taskflow_operators.py
[2023-09-15T13:40:40.315+0000] {processor.py:829} INFO - Processing file /home/airflow/.local/lib/python3.8/site-packages/airflow/example_dags/example_dynamic_task_mapping_with_no_taskflow_operators.py for tasks to queue
[2023-09-15T13:40:40.317+0000] {logging_mixin.py:151} INFO - [2023-09-15T13:40:40.316+0000] {dagbag.py:539} INFO - Filling up the DagBag from /home/airflow/.local/lib/python3.8/site-packages/airflow/example_dags/example_dynamic_task_mapping_with_no_taskflow_operators.py
[2023-09-15T13:40:40.320+0000] {processor.py:839} INFO - DAG(s) dict_keys(['example_dynamic_task_mapping_with_no_taskflow_operators']) retrieved from /home/airflow/.local/lib/python3.8/site-packages/airflow/example_dags/example_dynamic_task_mapping_with_no_taskflow_operators.py
[2023-09-15T13:40:40.331+0000] {logging_mixin.py:151} INFO - [2023-09-15T13:40:40.331+0000] {dag.py:2907} INFO - Sync 1 DAGs
[2023-09-15T13:40:40.344+0000] {logging_mixin.py:151} INFO - [2023-09-15T13:40:40.344+0000] {dag.py:3677} INFO - Setting next_dagrun for example_dynamic_task_mapping_with_no_taskflow_operators to 2023-09-14T13:40:40.344375+00:00, run_after=2023-09-15T13:40:40.344375+00:00
[2023-09-15T13:40:40.356+0000] {processor.py:179} INFO - Processing /home/airflow/.local/lib/python3.8/site-packages/airflow/example_dags/example_dynamic_task_mapping_with_no_taskflow_operators.py took 0.044 seconds
[2023-09-15T13:41:10.753+0000] {processor.py:157} INFO - Started process (PID=829) to work on /home/airflow/.local/lib/python3.8/site-packages/airflow/example_dags/example_dynamic_task_mapping_with_no_taskflow_operators.py
[2023-09-15T13:41:10.753+0000] {processor.py:829} INFO - Processing file /home/airflow/.local/lib/python3.8/site-packages/airflow/example_dags/example_dynamic_task_mapping_with_no_taskflow_operators.py for tasks to queue
[2023-09-15T13:41:10.756+0000] {logging_mixin.py:151} INFO - [2023-09-15T13:41:10.755+0000] {dagbag.py:539} INFO - Filling up the DagBag from /home/airflow/.local/lib/python3.8/site-packages/airflow/example_dags/example_dynamic_task_mapping_with_no_taskflow_operators.py
[2023-09-15T13:41:10.761+0000] {processor.py:839} INFO - DAG(s) dict_keys(['example_dynamic_task_mapping_with_no_taskflow_operators']) retrieved from /home/airflow/.local/lib/python3.8/site-packages/airflow/example_dags/example_dynamic_task_mapping_with_no_taskflow_operators.py
[2023-09-15T13:41:10.773+0000] {logging_mixin.py:151} INFO - [2023-09-15T13:41:10.773+0000] {dag.py:2907} INFO - Sync 1 DAGs
[2023-09-15T13:41:10.787+0000] {logging_mixin.py:151} INFO - [2023-09-15T13:41:10.787+0000] {dag.py:3677} INFO - Setting next_dagrun for example_dynamic_task_mapping_with_no_taskflow_operators to 2023-09-14T13:41:10.787230+00:00, run_after=2023-09-15T13:41:10.787230+00:00
[2023-09-15T13:41:10.802+0000] {processor.py:179} INFO - Processing /home/airflow/.local/lib/python3.8/site-packages/airflow/example_dags/example_dynamic_task_mapping_with_no_taskflow_operators.py took 0.052 seconds
[2023-09-15T13:41:40.916+0000] {processor.py:157} INFO - Started process (PID=887) to work on /home/airflow/.local/lib/python3.8/site-packages/airflow/example_dags/example_dynamic_task_mapping_with_no_taskflow_operators.py
[2023-09-15T13:41:40.916+0000] {processor.py:829} INFO - Processing file /home/airflow/.local/lib/python3.8/site-packages/airflow/example_dags/example_dynamic_task_mapping_with_no_taskflow_operators.py for tasks to queue
[2023-09-15T13:41:40.918+0000] {logging_mixin.py:151} INFO - [2023-09-15T13:41:40.918+0000] {dagbag.py:539} INFO - Filling up the DagBag from /home/airflow/.local/lib/python3.8/site-packages/airflow/example_dags/example_dynamic_task_mapping_with_no_taskflow_operators.py
[2023-09-15T13:41:40.922+0000] {processor.py:839} INFO - DAG(s) dict_keys(['example_dynamic_task_mapping_with_no_taskflow_operators']) retrieved from /home/airflow/.local/lib/python3.8/site-packages/airflow/example_dags/example_dynamic_task_mapping_with_no_taskflow_operators.py
[2023-09-15T13:41:40.932+0000] {logging_mixin.py:151} INFO - [2023-09-15T13:41:40.932+0000] {dag.py:2907} INFO - Sync 1 DAGs
[2023-09-15T13:41:40.945+0000] {logging_mixin.py:151} INFO - [2023-09-15T13:41:40.945+0000] {dag.py:3677} INFO - Setting next_dagrun for example_dynamic_task_mapping_with_no_taskflow_operators to 2023-09-14T13:41:40.945599+00:00, run_after=2023-09-15T13:41:40.945599+00:00
[2023-09-15T13:41:40.958+0000] {processor.py:179} INFO - Processing /home/airflow/.local/lib/python3.8/site-packages/airflow/example_dags/example_dynamic_task_mapping_with_no_taskflow_operators.py took 0.044 seconds
[2023-09-15T13:42:11.358+0000] {processor.py:157} INFO - Started process (PID=945) to work on /home/airflow/.local/lib/python3.8/site-packages/airflow/example_dags/example_dynamic_task_mapping_with_no_taskflow_operators.py
[2023-09-15T13:42:11.359+0000] {processor.py:829} INFO - Processing file /home/airflow/.local/lib/python3.8/site-packages/airflow/example_dags/example_dynamic_task_mapping_with_no_taskflow_operators.py for tasks to queue
[2023-09-15T13:42:11.360+0000] {logging_mixin.py:151} INFO - [2023-09-15T13:42:11.360+0000] {dagbag.py:539} INFO - Filling up the DagBag from /home/airflow/.local/lib/python3.8/site-packages/airflow/example_dags/example_dynamic_task_mapping_with_no_taskflow_operators.py
[2023-09-15T13:42:11.364+0000] {processor.py:839} INFO - DAG(s) dict_keys(['example_dynamic_task_mapping_with_no_taskflow_operators']) retrieved from /home/airflow/.local/lib/python3.8/site-packages/airflow/example_dags/example_dynamic_task_mapping_with_no_taskflow_operators.py
[2023-09-15T13:42:11.375+0000] {logging_mixin.py:151} INFO - [2023-09-15T13:42:11.375+0000] {dag.py:2907} INFO - Sync 1 DAGs
[2023-09-15T13:42:11.388+0000] {logging_mixin.py:151} INFO - [2023-09-15T13:42:11.388+0000] {dag.py:3677} INFO - Setting next_dagrun for example_dynamic_task_mapping_with_no_taskflow_operators to 2023-09-14T13:42:11.388506+00:00, run_after=2023-09-15T13:42:11.388506+00:00
[2023-09-15T13:42:11.400+0000] {processor.py:179} INFO - Processing /home/airflow/.local/lib/python3.8/site-packages/airflow/example_dags/example_dynamic_task_mapping_with_no_taskflow_operators.py took 0.045 seconds
[2023-09-15T13:42:41.921+0000] {processor.py:157} INFO - Started process (PID=1003) to work on /home/airflow/.local/lib/python3.8/site-packages/airflow/example_dags/example_dynamic_task_mapping_with_no_taskflow_operators.py
[2023-09-15T13:42:41.922+0000] {processor.py:829} INFO - Processing file /home/airflow/.local/lib/python3.8/site-packages/airflow/example_dags/example_dynamic_task_mapping_with_no_taskflow_operators.py for tasks to queue
[2023-09-15T13:42:41.924+0000] {logging_mixin.py:151} INFO - [2023-09-15T13:42:41.924+0000] {dagbag.py:539} INFO - Filling up the DagBag from /home/airflow/.local/lib/python3.8/site-packages/airflow/example_dags/example_dynamic_task_mapping_with_no_taskflow_operators.py
[2023-09-15T13:42:41.929+0000] {processor.py:839} INFO - DAG(s) dict_keys(['example_dynamic_task_mapping_with_no_taskflow_operators']) retrieved from /home/airflow/.local/lib/python3.8/site-packages/airflow/example_dags/example_dynamic_task_mapping_with_no_taskflow_operators.py
[2023-09-15T13:42:41.944+0000] {logging_mixin.py:151} INFO - [2023-09-15T13:42:41.944+0000] {dag.py:2907} INFO - Sync 1 DAGs
[2023-09-15T13:42:41.961+0000] {logging_mixin.py:151} INFO - [2023-09-15T13:42:41.961+0000] {dag.py:3677} INFO - Setting next_dagrun for example_dynamic_task_mapping_with_no_taskflow_operators to 2023-09-14T13:42:41.961131+00:00, run_after=2023-09-15T13:42:41.961131+00:00
[2023-09-15T13:42:41.975+0000] {processor.py:179} INFO - Processing /home/airflow/.local/lib/python3.8/site-packages/airflow/example_dags/example_dynamic_task_mapping_with_no_taskflow_operators.py took 0.057 seconds
[2023-09-15T13:43:12.724+0000] {processor.py:157} INFO - Started process (PID=1061) to work on /home/airflow/.local/lib/python3.8/site-packages/airflow/example_dags/example_dynamic_task_mapping_with_no_taskflow_operators.py
[2023-09-15T13:43:12.725+0000] {processor.py:829} INFO - Processing file /home/airflow/.local/lib/python3.8/site-packages/airflow/example_dags/example_dynamic_task_mapping_with_no_taskflow_operators.py for tasks to queue
[2023-09-15T13:43:12.727+0000] {logging_mixin.py:151} INFO - [2023-09-15T13:43:12.726+0000] {dagbag.py:539} INFO - Filling up the DagBag from /home/airflow/.local/lib/python3.8/site-packages/airflow/example_dags/example_dynamic_task_mapping_with_no_taskflow_operators.py
[2023-09-15T13:43:12.731+0000] {processor.py:839} INFO - DAG(s) dict_keys(['example_dynamic_task_mapping_with_no_taskflow_operators']) retrieved from /home/airflow/.local/lib/python3.8/site-packages/airflow/example_dags/example_dynamic_task_mapping_with_no_taskflow_operators.py
[2023-09-15T13:43:12.743+0000] {logging_mixin.py:151} INFO - [2023-09-15T13:43:12.743+0000] {dag.py:2907} INFO - Sync 1 DAGs
[2023-09-15T13:43:12.756+0000] {logging_mixin.py:151} INFO - [2023-09-15T13:43:12.756+0000] {dag.py:3677} INFO - Setting next_dagrun for example_dynamic_task_mapping_with_no_taskflow_operators to 2023-09-14T13:43:12.756079+00:00, run_after=2023-09-15T13:43:12.756079+00:00
[2023-09-15T13:43:12.769+0000] {processor.py:179} INFO - Processing /home/airflow/.local/lib/python3.8/site-packages/airflow/example_dags/example_dynamic_task_mapping_with_no_taskflow_operators.py took 0.047 seconds
[2023-09-15T13:43:43.160+0000] {processor.py:157} INFO - Started process (PID=1119) to work on /home/airflow/.local/lib/python3.8/site-packages/airflow/example_dags/example_dynamic_task_mapping_with_no_taskflow_operators.py
[2023-09-15T13:43:43.161+0000] {processor.py:829} INFO - Processing file /home/airflow/.local/lib/python3.8/site-packages/airflow/example_dags/example_dynamic_task_mapping_with_no_taskflow_operators.py for tasks to queue
[2023-09-15T13:43:43.162+0000] {logging_mixin.py:151} INFO - [2023-09-15T13:43:43.162+0000] {dagbag.py:539} INFO - Filling up the DagBag from /home/airflow/.local/lib/python3.8/site-packages/airflow/example_dags/example_dynamic_task_mapping_with_no_taskflow_operators.py
[2023-09-15T13:43:43.166+0000] {processor.py:839} INFO - DAG(s) dict_keys(['example_dynamic_task_mapping_with_no_taskflow_operators']) retrieved from /home/airflow/.local/lib/python3.8/site-packages/airflow/example_dags/example_dynamic_task_mapping_with_no_taskflow_operators.py
[2023-09-15T13:43:43.178+0000] {logging_mixin.py:151} INFO - [2023-09-15T13:43:43.177+0000] {dag.py:2907} INFO - Sync 1 DAGs
[2023-09-15T13:43:43.191+0000] {logging_mixin.py:151} INFO - [2023-09-15T13:43:43.191+0000] {dag.py:3677} INFO - Setting next_dagrun for example_dynamic_task_mapping_with_no_taskflow_operators to 2023-09-14T13:43:43.190928+00:00, run_after=2023-09-15T13:43:43.190928+00:00
[2023-09-15T13:43:43.206+0000] {processor.py:179} INFO - Processing /home/airflow/.local/lib/python3.8/site-packages/airflow/example_dags/example_dynamic_task_mapping_with_no_taskflow_operators.py took 0.047 seconds
[2023-09-15T13:44:13.492+0000] {processor.py:157} INFO - Started process (PID=1177) to work on /home/airflow/.local/lib/python3.8/site-packages/airflow/example_dags/example_dynamic_task_mapping_with_no_taskflow_operators.py
[2023-09-15T13:44:13.493+0000] {processor.py:829} INFO - Processing file /home/airflow/.local/lib/python3.8/site-packages/airflow/example_dags/example_dynamic_task_mapping_with_no_taskflow_operators.py for tasks to queue
[2023-09-15T13:44:13.494+0000] {logging_mixin.py:151} INFO - [2023-09-15T13:44:13.494+0000] {dagbag.py:539} INFO - Filling up the DagBag from /home/airflow/.local/lib/python3.8/site-packages/airflow/example_dags/example_dynamic_task_mapping_with_no_taskflow_operators.py
[2023-09-15T13:44:13.499+0000] {processor.py:839} INFO - DAG(s) dict_keys(['example_dynamic_task_mapping_with_no_taskflow_operators']) retrieved from /home/airflow/.local/lib/python3.8/site-packages/airflow/example_dags/example_dynamic_task_mapping_with_no_taskflow_operators.py
[2023-09-15T13:44:13.511+0000] {logging_mixin.py:151} INFO - [2023-09-15T13:44:13.511+0000] {dag.py:2907} INFO - Sync 1 DAGs
[2023-09-15T13:44:13.524+0000] {logging_mixin.py:151} INFO - [2023-09-15T13:44:13.524+0000] {dag.py:3677} INFO - Setting next_dagrun for example_dynamic_task_mapping_with_no_taskflow_operators to 2023-09-14T13:44:13.524492+00:00, run_after=2023-09-15T13:44:13.524492+00:00
[2023-09-15T13:44:13.537+0000] {processor.py:179} INFO - Processing /home/airflow/.local/lib/python3.8/site-packages/airflow/example_dags/example_dynamic_task_mapping_with_no_taskflow_operators.py took 0.048 seconds
[2023-09-15T13:44:43.927+0000] {processor.py:157} INFO - Started process (PID=1235) to work on /home/airflow/.local/lib/python3.8/site-packages/airflow/example_dags/example_dynamic_task_mapping_with_no_taskflow_operators.py
[2023-09-15T13:44:43.927+0000] {processor.py:829} INFO - Processing file /home/airflow/.local/lib/python3.8/site-packages/airflow/example_dags/example_dynamic_task_mapping_with_no_taskflow_operators.py for tasks to queue
[2023-09-15T13:44:43.929+0000] {logging_mixin.py:151} INFO - [2023-09-15T13:44:43.929+0000] {dagbag.py:539} INFO - Filling up the DagBag from /home/airflow/.local/lib/python3.8/site-packages/airflow/example_dags/example_dynamic_task_mapping_with_no_taskflow_operators.py
[2023-09-15T13:44:43.933+0000] {processor.py:839} INFO - DAG(s) dict_keys(['example_dynamic_task_mapping_with_no_taskflow_operators']) retrieved from /home/airflow/.local/lib/python3.8/site-packages/airflow/example_dags/example_dynamic_task_mapping_with_no_taskflow_operators.py
[2023-09-15T13:44:43.945+0000] {logging_mixin.py:151} INFO - [2023-09-15T13:44:43.945+0000] {dag.py:2907} INFO - Sync 1 DAGs
[2023-09-15T13:44:43.957+0000] {logging_mixin.py:151} INFO - [2023-09-15T13:44:43.957+0000] {dag.py:3677} INFO - Setting next_dagrun for example_dynamic_task_mapping_with_no_taskflow_operators to 2023-09-14T13:44:43.957324+00:00, run_after=2023-09-15T13:44:43.957324+00:00
[2023-09-15T13:44:43.974+0000] {processor.py:179} INFO - Processing /home/airflow/.local/lib/python3.8/site-packages/airflow/example_dags/example_dynamic_task_mapping_with_no_taskflow_operators.py took 0.049 seconds
[2023-09-15T13:45:14.185+0000] {processor.py:157} INFO - Started process (PID=1293) to work on /home/airflow/.local/lib/python3.8/site-packages/airflow/example_dags/example_dynamic_task_mapping_with_no_taskflow_operators.py
[2023-09-15T13:45:14.186+0000] {processor.py:829} INFO - Processing file /home/airflow/.local/lib/python3.8/site-packages/airflow/example_dags/example_dynamic_task_mapping_with_no_taskflow_operators.py for tasks to queue
[2023-09-15T13:45:14.187+0000] {logging_mixin.py:151} INFO - [2023-09-15T13:45:14.187+0000] {dagbag.py:539} INFO - Filling up the DagBag from /home/airflow/.local/lib/python3.8/site-packages/airflow/example_dags/example_dynamic_task_mapping_with_no_taskflow_operators.py
[2023-09-15T13:45:14.191+0000] {processor.py:839} INFO - DAG(s) dict_keys(['example_dynamic_task_mapping_with_no_taskflow_operators']) retrieved from /home/airflow/.local/lib/python3.8/site-packages/airflow/example_dags/example_dynamic_task_mapping_with_no_taskflow_operators.py
[2023-09-15T13:45:14.202+0000] {logging_mixin.py:151} INFO - [2023-09-15T13:45:14.202+0000] {dag.py:2907} INFO - Sync 1 DAGs
[2023-09-15T13:45:14.215+0000] {logging_mixin.py:151} INFO - [2023-09-15T13:45:14.215+0000] {dag.py:3677} INFO - Setting next_dagrun for example_dynamic_task_mapping_with_no_taskflow_operators to 2023-09-14T13:45:14.215076+00:00, run_after=2023-09-15T13:45:14.215076+00:00
[2023-09-15T13:45:14.227+0000] {processor.py:179} INFO - Processing /home/airflow/.local/lib/python3.8/site-packages/airflow/example_dags/example_dynamic_task_mapping_with_no_taskflow_operators.py took 0.044 seconds
[2023-09-15T13:45:44.473+0000] {processor.py:157} INFO - Started process (PID=1351) to work on /home/airflow/.local/lib/python3.8/site-packages/airflow/example_dags/example_dynamic_task_mapping_with_no_taskflow_operators.py
[2023-09-15T13:45:44.473+0000] {processor.py:829} INFO - Processing file /home/airflow/.local/lib/python3.8/site-packages/airflow/example_dags/example_dynamic_task_mapping_with_no_taskflow_operators.py for tasks to queue
[2023-09-15T13:45:44.475+0000] {logging_mixin.py:151} INFO - [2023-09-15T13:45:44.475+0000] {dagbag.py:539} INFO - Filling up the DagBag from /home/airflow/.local/lib/python3.8/site-packages/airflow/example_dags/example_dynamic_task_mapping_with_no_taskflow_operators.py
[2023-09-15T13:45:44.479+0000] {processor.py:839} INFO - DAG(s) dict_keys(['example_dynamic_task_mapping_with_no_taskflow_operators']) retrieved from /home/airflow/.local/lib/python3.8/site-packages/airflow/example_dags/example_dynamic_task_mapping_with_no_taskflow_operators.py
[2023-09-15T13:45:44.491+0000] {logging_mixin.py:151} INFO - [2023-09-15T13:45:44.490+0000] {dag.py:2907} INFO - Sync 1 DAGs
[2023-09-15T13:45:44.504+0000] {logging_mixin.py:151} INFO - [2023-09-15T13:45:44.504+0000] {dag.py:3677} INFO - Setting next_dagrun for example_dynamic_task_mapping_with_no_taskflow_operators to 2023-09-14T13:45:44.504293+00:00, run_after=2023-09-15T13:45:44.504293+00:00
[2023-09-15T13:45:44.517+0000] {processor.py:179} INFO - Processing /home/airflow/.local/lib/python3.8/site-packages/airflow/example_dags/example_dynamic_task_mapping_with_no_taskflow_operators.py took 0.046 seconds
[2023-09-15T13:46:14.814+0000] {processor.py:157} INFO - Started process (PID=1409) to work on /home/airflow/.local/lib/python3.8/site-packages/airflow/example_dags/example_dynamic_task_mapping_with_no_taskflow_operators.py
[2023-09-15T13:46:14.815+0000] {processor.py:829} INFO - Processing file /home/airflow/.local/lib/python3.8/site-packages/airflow/example_dags/example_dynamic_task_mapping_with_no_taskflow_operators.py for tasks to queue
[2023-09-15T13:46:14.816+0000] {logging_mixin.py:151} INFO - [2023-09-15T13:46:14.816+0000] {dagbag.py:539} INFO - Filling up the DagBag from /home/airflow/.local/lib/python3.8/site-packages/airflow/example_dags/example_dynamic_task_mapping_with_no_taskflow_operators.py
[2023-09-15T13:46:14.820+0000] {processor.py:839} INFO - DAG(s) dict_keys(['example_dynamic_task_mapping_with_no_taskflow_operators']) retrieved from /home/airflow/.local/lib/python3.8/site-packages/airflow/example_dags/example_dynamic_task_mapping_with_no_taskflow_operators.py
[2023-09-15T13:46:14.831+0000] {logging_mixin.py:151} INFO - [2023-09-15T13:46:14.831+0000] {dag.py:2907} INFO - Sync 1 DAGs
[2023-09-15T13:46:14.844+0000] {logging_mixin.py:151} INFO - [2023-09-15T13:46:14.844+0000] {dag.py:3677} INFO - Setting next_dagrun for example_dynamic_task_mapping_with_no_taskflow_operators to 2023-09-14T13:46:14.844029+00:00, run_after=2023-09-15T13:46:14.844029+00:00
[2023-09-15T13:46:14.856+0000] {processor.py:179} INFO - Processing /home/airflow/.local/lib/python3.8/site-packages/airflow/example_dags/example_dynamic_task_mapping_with_no_taskflow_operators.py took 0.045 seconds
[2023-09-15T13:46:45.079+0000] {processor.py:157} INFO - Started process (PID=1467) to work on /home/airflow/.local/lib/python3.8/site-packages/airflow/example_dags/example_dynamic_task_mapping_with_no_taskflow_operators.py
[2023-09-15T13:46:45.080+0000] {processor.py:829} INFO - Processing file /home/airflow/.local/lib/python3.8/site-packages/airflow/example_dags/example_dynamic_task_mapping_with_no_taskflow_operators.py for tasks to queue
[2023-09-15T13:46:45.081+0000] {logging_mixin.py:151} INFO - [2023-09-15T13:46:45.081+0000] {dagbag.py:539} INFO - Filling up the DagBag from /home/airflow/.local/lib/python3.8/site-packages/airflow/example_dags/example_dynamic_task_mapping_with_no_taskflow_operators.py
[2023-09-15T13:46:45.086+0000] {processor.py:839} INFO - DAG(s) dict_keys(['example_dynamic_task_mapping_with_no_taskflow_operators']) retrieved from /home/airflow/.local/lib/python3.8/site-packages/airflow/example_dags/example_dynamic_task_mapping_with_no_taskflow_operators.py
[2023-09-15T13:46:45.097+0000] {logging_mixin.py:151} INFO - [2023-09-15T13:46:45.097+0000] {dag.py:2907} INFO - Sync 1 DAGs
[2023-09-15T13:46:45.109+0000] {logging_mixin.py:151} INFO - [2023-09-15T13:46:45.109+0000] {dag.py:3677} INFO - Setting next_dagrun for example_dynamic_task_mapping_with_no_taskflow_operators to 2023-09-14T13:46:45.109606+00:00, run_after=2023-09-15T13:46:45.109606+00:00
[2023-09-15T13:46:45.122+0000] {processor.py:179} INFO - Processing /home/airflow/.local/lib/python3.8/site-packages/airflow/example_dags/example_dynamic_task_mapping_with_no_taskflow_operators.py took 0.044 seconds
[2023-09-15T13:47:15.584+0000] {processor.py:157} INFO - Started process (PID=1526) to work on /home/airflow/.local/lib/python3.8/site-packages/airflow/example_dags/example_dynamic_task_mapping_with_no_taskflow_operators.py
[2023-09-15T13:47:15.585+0000] {processor.py:829} INFO - Processing file /home/airflow/.local/lib/python3.8/site-packages/airflow/example_dags/example_dynamic_task_mapping_with_no_taskflow_operators.py for tasks to queue
[2023-09-15T13:47:15.586+0000] {logging_mixin.py:151} INFO - [2023-09-15T13:47:15.586+0000] {dagbag.py:539} INFO - Filling up the DagBag from /home/airflow/.local/lib/python3.8/site-packages/airflow/example_dags/example_dynamic_task_mapping_with_no_taskflow_operators.py
[2023-09-15T13:47:15.590+0000] {processor.py:839} INFO - DAG(s) dict_keys(['example_dynamic_task_mapping_with_no_taskflow_operators']) retrieved from /home/airflow/.local/lib/python3.8/site-packages/airflow/example_dags/example_dynamic_task_mapping_with_no_taskflow_operators.py
[2023-09-15T13:47:15.601+0000] {logging_mixin.py:151} INFO - [2023-09-15T13:47:15.601+0000] {dag.py:2907} INFO - Sync 1 DAGs
[2023-09-15T13:47:15.614+0000] {logging_mixin.py:151} INFO - [2023-09-15T13:47:15.614+0000] {dag.py:3677} INFO - Setting next_dagrun for example_dynamic_task_mapping_with_no_taskflow_operators to 2023-09-14T13:47:15.613923+00:00, run_after=2023-09-15T13:47:15.613923+00:00
[2023-09-15T13:47:15.626+0000] {processor.py:179} INFO - Processing /home/airflow/.local/lib/python3.8/site-packages/airflow/example_dags/example_dynamic_task_mapping_with_no_taskflow_operators.py took 0.044 seconds
[2023-09-15T13:47:45.792+0000] {processor.py:157} INFO - Started process (PID=1584) to work on /home/airflow/.local/lib/python3.8/site-packages/airflow/example_dags/example_dynamic_task_mapping_with_no_taskflow_operators.py
[2023-09-15T13:47:45.792+0000] {processor.py:829} INFO - Processing file /home/airflow/.local/lib/python3.8/site-packages/airflow/example_dags/example_dynamic_task_mapping_with_no_taskflow_operators.py for tasks to queue
[2023-09-15T13:47:45.794+0000] {logging_mixin.py:151} INFO - [2023-09-15T13:47:45.793+0000] {dagbag.py:539} INFO - Filling up the DagBag from /home/airflow/.local/lib/python3.8/site-packages/airflow/example_dags/example_dynamic_task_mapping_with_no_taskflow_operators.py
[2023-09-15T13:47:45.798+0000] {processor.py:839} INFO - DAG(s) dict_keys(['example_dynamic_task_mapping_with_no_taskflow_operators']) retrieved from /home/airflow/.local/lib/python3.8/site-packages/airflow/example_dags/example_dynamic_task_mapping_with_no_taskflow_operators.py
[2023-09-15T13:47:45.809+0000] {logging_mixin.py:151} INFO - [2023-09-15T13:47:45.808+0000] {dag.py:2907} INFO - Sync 1 DAGs
[2023-09-15T13:47:45.821+0000] {logging_mixin.py:151} INFO - [2023-09-15T13:47:45.821+0000] {dag.py:3677} INFO - Setting next_dagrun for example_dynamic_task_mapping_with_no_taskflow_operators to 2023-09-14T13:47:45.821150+00:00, run_after=2023-09-15T13:47:45.821150+00:00
[2023-09-15T13:47:45.832+0000] {processor.py:179} INFO - Processing /home/airflow/.local/lib/python3.8/site-packages/airflow/example_dags/example_dynamic_task_mapping_with_no_taskflow_operators.py took 0.043 seconds
[2023-09-15T13:48:16.274+0000] {processor.py:157} INFO - Started process (PID=1642) to work on /home/airflow/.local/lib/python3.8/site-packages/airflow/example_dags/example_dynamic_task_mapping_with_no_taskflow_operators.py
[2023-09-15T13:48:16.275+0000] {processor.py:829} INFO - Processing file /home/airflow/.local/lib/python3.8/site-packages/airflow/example_dags/example_dynamic_task_mapping_with_no_taskflow_operators.py for tasks to queue
[2023-09-15T13:48:16.276+0000] {logging_mixin.py:151} INFO - [2023-09-15T13:48:16.276+0000] {dagbag.py:539} INFO - Filling up the DagBag from /home/airflow/.local/lib/python3.8/site-packages/airflow/example_dags/example_dynamic_task_mapping_with_no_taskflow_operators.py
[2023-09-15T13:48:16.280+0000] {processor.py:839} INFO - DAG(s) dict_keys(['example_dynamic_task_mapping_with_no_taskflow_operators']) retrieved from /home/airflow/.local/lib/python3.8/site-packages/airflow/example_dags/example_dynamic_task_mapping_with_no_taskflow_operators.py
[2023-09-15T13:48:16.291+0000] {logging_mixin.py:151} INFO - [2023-09-15T13:48:16.291+0000] {dag.py:2907} INFO - Sync 1 DAGs
[2023-09-15T13:48:16.304+0000] {logging_mixin.py:151} INFO - [2023-09-15T13:48:16.303+0000] {dag.py:3677} INFO - Setting next_dagrun for example_dynamic_task_mapping_with_no_taskflow_operators to 2023-09-14T13:48:16.303848+00:00, run_after=2023-09-15T13:48:16.303848+00:00
[2023-09-15T13:48:16.316+0000] {processor.py:179} INFO - Processing /home/airflow/.local/lib/python3.8/site-packages/airflow/example_dags/example_dynamic_task_mapping_with_no_taskflow_operators.py took 0.044 seconds
[2023-09-15T13:48:46.589+0000] {processor.py:157} INFO - Started process (PID=1700) to work on /home/airflow/.local/lib/python3.8/site-packages/airflow/example_dags/example_dynamic_task_mapping_with_no_taskflow_operators.py
[2023-09-15T13:48:46.589+0000] {processor.py:829} INFO - Processing file /home/airflow/.local/lib/python3.8/site-packages/airflow/example_dags/example_dynamic_task_mapping_with_no_taskflow_operators.py for tasks to queue
[2023-09-15T13:48:46.591+0000] {logging_mixin.py:151} INFO - [2023-09-15T13:48:46.591+0000] {dagbag.py:539} INFO - Filling up the DagBag from /home/airflow/.local/lib/python3.8/site-packages/airflow/example_dags/example_dynamic_task_mapping_with_no_taskflow_operators.py
[2023-09-15T13:48:46.595+0000] {processor.py:839} INFO - DAG(s) dict_keys(['example_dynamic_task_mapping_with_no_taskflow_operators']) retrieved from /home/airflow/.local/lib/python3.8/site-packages/airflow/example_dags/example_dynamic_task_mapping_with_no_taskflow_operators.py
[2023-09-15T13:48:46.606+0000] {logging_mixin.py:151} INFO - [2023-09-15T13:48:46.606+0000] {dag.py:2907} INFO - Sync 1 DAGs
[2023-09-15T13:48:46.619+0000] {logging_mixin.py:151} INFO - [2023-09-15T13:48:46.619+0000] {dag.py:3677} INFO - Setting next_dagrun for example_dynamic_task_mapping_with_no_taskflow_operators to 2023-09-14T13:48:46.618905+00:00, run_after=2023-09-15T13:48:46.618905+00:00
[2023-09-15T13:48:46.631+0000] {processor.py:179} INFO - Processing /home/airflow/.local/lib/python3.8/site-packages/airflow/example_dags/example_dynamic_task_mapping_with_no_taskflow_operators.py took 0.044 seconds
[2023-09-15T13:49:17.033+0000] {processor.py:157} INFO - Started process (PID=1758) to work on /home/airflow/.local/lib/python3.8/site-packages/airflow/example_dags/example_dynamic_task_mapping_with_no_taskflow_operators.py
[2023-09-15T13:49:17.034+0000] {processor.py:829} INFO - Processing file /home/airflow/.local/lib/python3.8/site-packages/airflow/example_dags/example_dynamic_task_mapping_with_no_taskflow_operators.py for tasks to queue
[2023-09-15T13:49:17.035+0000] {logging_mixin.py:151} INFO - [2023-09-15T13:49:17.035+0000] {dagbag.py:539} INFO - Filling up the DagBag from /home/airflow/.local/lib/python3.8/site-packages/airflow/example_dags/example_dynamic_task_mapping_with_no_taskflow_operators.py
[2023-09-15T13:49:17.039+0000] {processor.py:839} INFO - DAG(s) dict_keys(['example_dynamic_task_mapping_with_no_taskflow_operators']) retrieved from /home/airflow/.local/lib/python3.8/site-packages/airflow/example_dags/example_dynamic_task_mapping_with_no_taskflow_operators.py
[2023-09-15T13:49:17.051+0000] {logging_mixin.py:151} INFO - [2023-09-15T13:49:17.051+0000] {dag.py:2907} INFO - Sync 1 DAGs
[2023-09-15T13:49:17.063+0000] {logging_mixin.py:151} INFO - [2023-09-15T13:49:17.063+0000] {dag.py:3677} INFO - Setting next_dagrun for example_dynamic_task_mapping_with_no_taskflow_operators to 2023-09-14T13:49:17.063038+00:00, run_after=2023-09-15T13:49:17.063038+00:00
[2023-09-15T13:49:17.075+0000] {processor.py:179} INFO - Processing /home/airflow/.local/lib/python3.8/site-packages/airflow/example_dags/example_dynamic_task_mapping_with_no_taskflow_operators.py took 0.043 seconds
[2023-09-15T13:49:47.397+0000] {processor.py:157} INFO - Started process (PID=1816) to work on /home/airflow/.local/lib/python3.8/site-packages/airflow/example_dags/example_dynamic_task_mapping_with_no_taskflow_operators.py
[2023-09-15T13:49:47.398+0000] {processor.py:829} INFO - Processing file /home/airflow/.local/lib/python3.8/site-packages/airflow/example_dags/example_dynamic_task_mapping_with_no_taskflow_operators.py for tasks to queue
[2023-09-15T13:49:47.399+0000] {logging_mixin.py:151} INFO - [2023-09-15T13:49:47.399+0000] {dagbag.py:539} INFO - Filling up the DagBag from /home/airflow/.local/lib/python3.8/site-packages/airflow/example_dags/example_dynamic_task_mapping_with_no_taskflow_operators.py
[2023-09-15T13:49:47.403+0000] {processor.py:839} INFO - DAG(s) dict_keys(['example_dynamic_task_mapping_with_no_taskflow_operators']) retrieved from /home/airflow/.local/lib/python3.8/site-packages/airflow/example_dags/example_dynamic_task_mapping_with_no_taskflow_operators.py
[2023-09-15T13:49:47.415+0000] {logging_mixin.py:151} INFO - [2023-09-15T13:49:47.415+0000] {dag.py:2907} INFO - Sync 1 DAGs
[2023-09-15T13:49:47.429+0000] {logging_mixin.py:151} INFO - [2023-09-15T13:49:47.429+0000] {dag.py:3677} INFO - Setting next_dagrun for example_dynamic_task_mapping_with_no_taskflow_operators to 2023-09-14T13:49:47.429553+00:00, run_after=2023-09-15T13:49:47.429553+00:00
[2023-09-15T13:49:47.442+0000] {processor.py:179} INFO - Processing /home/airflow/.local/lib/python3.8/site-packages/airflow/example_dags/example_dynamic_task_mapping_with_no_taskflow_operators.py took 0.047 seconds
[2023-09-15T13:50:17.772+0000] {processor.py:157} INFO - Started process (PID=1874) to work on /home/airflow/.local/lib/python3.8/site-packages/airflow/example_dags/example_dynamic_task_mapping_with_no_taskflow_operators.py
[2023-09-15T13:50:17.773+0000] {processor.py:829} INFO - Processing file /home/airflow/.local/lib/python3.8/site-packages/airflow/example_dags/example_dynamic_task_mapping_with_no_taskflow_operators.py for tasks to queue
[2023-09-15T13:50:17.775+0000] {logging_mixin.py:151} INFO - [2023-09-15T13:50:17.775+0000] {dagbag.py:539} INFO - Filling up the DagBag from /home/airflow/.local/lib/python3.8/site-packages/airflow/example_dags/example_dynamic_task_mapping_with_no_taskflow_operators.py
[2023-09-15T13:50:17.779+0000] {processor.py:839} INFO - DAG(s) dict_keys(['example_dynamic_task_mapping_with_no_taskflow_operators']) retrieved from /home/airflow/.local/lib/python3.8/site-packages/airflow/example_dags/example_dynamic_task_mapping_with_no_taskflow_operators.py
[2023-09-15T13:50:17.794+0000] {logging_mixin.py:151} INFO - [2023-09-15T13:50:17.794+0000] {dag.py:2907} INFO - Sync 1 DAGs
[2023-09-15T13:50:17.810+0000] {logging_mixin.py:151} INFO - [2023-09-15T13:50:17.809+0000] {dag.py:3677} INFO - Setting next_dagrun for example_dynamic_task_mapping_with_no_taskflow_operators to 2023-09-14T13:50:17.809828+00:00, run_after=2023-09-15T13:50:17.809828+00:00
[2023-09-15T13:50:17.824+0000] {processor.py:179} INFO - Processing /home/airflow/.local/lib/python3.8/site-packages/airflow/example_dags/example_dynamic_task_mapping_with_no_taskflow_operators.py took 0.054 seconds
