[2023-09-15T13:34:37.851+0000] {processor.py:157} INFO - Started process (PID=93) to work on /home/airflow/.local/lib/python3.8/site-packages/airflow/example_dags/tutorial_dag.py
[2023-09-15T13:34:37.852+0000] {processor.py:829} INFO - Processing file /home/airflow/.local/lib/python3.8/site-packages/airflow/example_dags/tutorial_dag.py for tasks to queue
[2023-09-15T13:34:37.853+0000] {logging_mixin.py:151} INFO - [2023-09-15T13:34:37.853+0000] {dagbag.py:539} INFO - Filling up the DagBag from /home/airflow/.local/lib/python3.8/site-packages/airflow/example_dags/tutorial_dag.py
[2023-09-15T13:34:37.857+0000] {processor.py:839} INFO - DAG(s) dict_keys(['tutorial_dag']) retrieved from /home/airflow/.local/lib/python3.8/site-packages/airflow/example_dags/tutorial_dag.py
[2023-09-15T13:34:37.871+0000] {logging_mixin.py:151} INFO - [2023-09-15T13:34:37.871+0000] {dag.py:2907} INFO - Sync 1 DAGs
[2023-09-15T13:34:37.879+0000] {logging_mixin.py:151} INFO - [2023-09-15T13:34:37.879+0000] {dag.py:3677} INFO - Setting next_dagrun for tutorial_dag to None, run_after=None
[2023-09-15T13:34:37.894+0000] {processor.py:179} INFO - Processing /home/airflow/.local/lib/python3.8/site-packages/airflow/example_dags/tutorial_dag.py took 0.045 seconds
[2023-09-15T13:35:08.527+0000] {processor.py:157} INFO - Started process (PID=166) to work on /home/airflow/.local/lib/python3.8/site-packages/airflow/example_dags/tutorial_dag.py
[2023-09-15T13:35:08.528+0000] {processor.py:829} INFO - Processing file /home/airflow/.local/lib/python3.8/site-packages/airflow/example_dags/tutorial_dag.py for tasks to queue
[2023-09-15T13:35:08.530+0000] {logging_mixin.py:151} INFO - [2023-09-15T13:35:08.529+0000] {dagbag.py:539} INFO - Filling up the DagBag from /home/airflow/.local/lib/python3.8/site-packages/airflow/example_dags/tutorial_dag.py
[2023-09-15T13:35:08.533+0000] {processor.py:839} INFO - DAG(s) dict_keys(['tutorial_dag']) retrieved from /home/airflow/.local/lib/python3.8/site-packages/airflow/example_dags/tutorial_dag.py
[2023-09-15T13:35:08.547+0000] {logging_mixin.py:151} INFO - [2023-09-15T13:35:08.547+0000] {dag.py:2907} INFO - Sync 1 DAGs
[2023-09-15T13:35:08.554+0000] {logging_mixin.py:151} INFO - [2023-09-15T13:35:08.554+0000] {dag.py:3677} INFO - Setting next_dagrun for tutorial_dag to None, run_after=None
[2023-09-15T13:35:08.567+0000] {processor.py:179} INFO - Processing /home/airflow/.local/lib/python3.8/site-packages/airflow/example_dags/tutorial_dag.py took 0.042 seconds
[2023-09-15T13:35:38.821+0000] {processor.py:157} INFO - Started process (PID=224) to work on /home/airflow/.local/lib/python3.8/site-packages/airflow/example_dags/tutorial_dag.py
[2023-09-15T13:35:38.822+0000] {processor.py:829} INFO - Processing file /home/airflow/.local/lib/python3.8/site-packages/airflow/example_dags/tutorial_dag.py for tasks to queue
[2023-09-15T13:35:38.824+0000] {logging_mixin.py:151} INFO - [2023-09-15T13:35:38.824+0000] {dagbag.py:539} INFO - Filling up the DagBag from /home/airflow/.local/lib/python3.8/site-packages/airflow/example_dags/tutorial_dag.py
[2023-09-15T13:35:38.827+0000] {processor.py:839} INFO - DAG(s) dict_keys(['tutorial_dag']) retrieved from /home/airflow/.local/lib/python3.8/site-packages/airflow/example_dags/tutorial_dag.py
[2023-09-15T13:35:38.840+0000] {logging_mixin.py:151} INFO - [2023-09-15T13:35:38.840+0000] {dag.py:2907} INFO - Sync 1 DAGs
[2023-09-15T13:35:38.849+0000] {logging_mixin.py:151} INFO - [2023-09-15T13:35:38.849+0000] {dag.py:3677} INFO - Setting next_dagrun for tutorial_dag to None, run_after=None
[2023-09-15T13:35:38.864+0000] {processor.py:179} INFO - Processing /home/airflow/.local/lib/python3.8/site-packages/airflow/example_dags/tutorial_dag.py took 0.045 seconds
[2023-09-15T13:36:09.169+0000] {processor.py:157} INFO - Started process (PID=282) to work on /home/airflow/.local/lib/python3.8/site-packages/airflow/example_dags/tutorial_dag.py
[2023-09-15T13:36:09.169+0000] {processor.py:829} INFO - Processing file /home/airflow/.local/lib/python3.8/site-packages/airflow/example_dags/tutorial_dag.py for tasks to queue
[2023-09-15T13:36:09.171+0000] {logging_mixin.py:151} INFO - [2023-09-15T13:36:09.171+0000] {dagbag.py:539} INFO - Filling up the DagBag from /home/airflow/.local/lib/python3.8/site-packages/airflow/example_dags/tutorial_dag.py
[2023-09-15T13:36:09.174+0000] {processor.py:839} INFO - DAG(s) dict_keys(['tutorial_dag']) retrieved from /home/airflow/.local/lib/python3.8/site-packages/airflow/example_dags/tutorial_dag.py
[2023-09-15T13:36:09.185+0000] {logging_mixin.py:151} INFO - [2023-09-15T13:36:09.185+0000] {dag.py:2907} INFO - Sync 1 DAGs
[2023-09-15T13:36:09.193+0000] {logging_mixin.py:151} INFO - [2023-09-15T13:36:09.193+0000] {dag.py:3677} INFO - Setting next_dagrun for tutorial_dag to None, run_after=None
[2023-09-15T13:36:09.207+0000] {processor.py:179} INFO - Processing /home/airflow/.local/lib/python3.8/site-packages/airflow/example_dags/tutorial_dag.py took 0.040 seconds
[2023-09-15T13:36:39.496+0000] {processor.py:157} INFO - Started process (PID=340) to work on /home/airflow/.local/lib/python3.8/site-packages/airflow/example_dags/tutorial_dag.py
[2023-09-15T13:36:39.496+0000] {processor.py:829} INFO - Processing file /home/airflow/.local/lib/python3.8/site-packages/airflow/example_dags/tutorial_dag.py for tasks to queue
[2023-09-15T13:36:39.498+0000] {logging_mixin.py:151} INFO - [2023-09-15T13:36:39.498+0000] {dagbag.py:539} INFO - Filling up the DagBag from /home/airflow/.local/lib/python3.8/site-packages/airflow/example_dags/tutorial_dag.py
[2023-09-15T13:36:39.501+0000] {processor.py:839} INFO - DAG(s) dict_keys(['tutorial_dag']) retrieved from /home/airflow/.local/lib/python3.8/site-packages/airflow/example_dags/tutorial_dag.py
[2023-09-15T13:36:39.515+0000] {logging_mixin.py:151} INFO - [2023-09-15T13:36:39.515+0000] {dag.py:2907} INFO - Sync 1 DAGs
[2023-09-15T13:36:39.522+0000] {logging_mixin.py:151} INFO - [2023-09-15T13:36:39.522+0000] {dag.py:3677} INFO - Setting next_dagrun for tutorial_dag to None, run_after=None
[2023-09-15T13:36:39.535+0000] {processor.py:179} INFO - Processing /home/airflow/.local/lib/python3.8/site-packages/airflow/example_dags/tutorial_dag.py took 0.041 seconds
[2023-09-15T13:37:09.815+0000] {processor.py:157} INFO - Started process (PID=398) to work on /home/airflow/.local/lib/python3.8/site-packages/airflow/example_dags/tutorial_dag.py
[2023-09-15T13:37:09.816+0000] {processor.py:829} INFO - Processing file /home/airflow/.local/lib/python3.8/site-packages/airflow/example_dags/tutorial_dag.py for tasks to queue
[2023-09-15T13:37:09.818+0000] {logging_mixin.py:151} INFO - [2023-09-15T13:37:09.818+0000] {dagbag.py:539} INFO - Filling up the DagBag from /home/airflow/.local/lib/python3.8/site-packages/airflow/example_dags/tutorial_dag.py
[2023-09-15T13:37:09.821+0000] {processor.py:839} INFO - DAG(s) dict_keys(['tutorial_dag']) retrieved from /home/airflow/.local/lib/python3.8/site-packages/airflow/example_dags/tutorial_dag.py
[2023-09-15T13:37:09.833+0000] {logging_mixin.py:151} INFO - [2023-09-15T13:37:09.833+0000] {dag.py:2907} INFO - Sync 1 DAGs
[2023-09-15T13:37:09.840+0000] {logging_mixin.py:151} INFO - [2023-09-15T13:37:09.840+0000] {dag.py:3677} INFO - Setting next_dagrun for tutorial_dag to None, run_after=None
[2023-09-15T13:37:09.854+0000] {processor.py:179} INFO - Processing /home/airflow/.local/lib/python3.8/site-packages/airflow/example_dags/tutorial_dag.py took 0.040 seconds
[2023-09-15T13:37:40.115+0000] {processor.py:157} INFO - Started process (PID=456) to work on /home/airflow/.local/lib/python3.8/site-packages/airflow/example_dags/tutorial_dag.py
[2023-09-15T13:37:40.115+0000] {processor.py:829} INFO - Processing file /home/airflow/.local/lib/python3.8/site-packages/airflow/example_dags/tutorial_dag.py for tasks to queue
[2023-09-15T13:37:40.117+0000] {logging_mixin.py:151} INFO - [2023-09-15T13:37:40.117+0000] {dagbag.py:539} INFO - Filling up the DagBag from /home/airflow/.local/lib/python3.8/site-packages/airflow/example_dags/tutorial_dag.py
[2023-09-15T13:37:40.120+0000] {processor.py:839} INFO - DAG(s) dict_keys(['tutorial_dag']) retrieved from /home/airflow/.local/lib/python3.8/site-packages/airflow/example_dags/tutorial_dag.py
[2023-09-15T13:37:40.133+0000] {logging_mixin.py:151} INFO - [2023-09-15T13:37:40.132+0000] {dag.py:2907} INFO - Sync 1 DAGs
[2023-09-15T13:37:40.140+0000] {logging_mixin.py:151} INFO - [2023-09-15T13:37:40.140+0000] {dag.py:3677} INFO - Setting next_dagrun for tutorial_dag to None, run_after=None
[2023-09-15T13:37:40.154+0000] {processor.py:179} INFO - Processing /home/airflow/.local/lib/python3.8/site-packages/airflow/example_dags/tutorial_dag.py took 0.041 seconds
[2023-09-15T13:38:10.596+0000] {processor.py:157} INFO - Started process (PID=514) to work on /home/airflow/.local/lib/python3.8/site-packages/airflow/example_dags/tutorial_dag.py
[2023-09-15T13:38:10.597+0000] {processor.py:829} INFO - Processing file /home/airflow/.local/lib/python3.8/site-packages/airflow/example_dags/tutorial_dag.py for tasks to queue
[2023-09-15T13:38:10.598+0000] {logging_mixin.py:151} INFO - [2023-09-15T13:38:10.598+0000] {dagbag.py:539} INFO - Filling up the DagBag from /home/airflow/.local/lib/python3.8/site-packages/airflow/example_dags/tutorial_dag.py
[2023-09-15T13:38:10.602+0000] {processor.py:839} INFO - DAG(s) dict_keys(['tutorial_dag']) retrieved from /home/airflow/.local/lib/python3.8/site-packages/airflow/example_dags/tutorial_dag.py
[2023-09-15T13:38:10.613+0000] {logging_mixin.py:151} INFO - [2023-09-15T13:38:10.613+0000] {dag.py:2907} INFO - Sync 1 DAGs
[2023-09-15T13:38:10.621+0000] {logging_mixin.py:151} INFO - [2023-09-15T13:38:10.621+0000] {dag.py:3677} INFO - Setting next_dagrun for tutorial_dag to None, run_after=None
[2023-09-15T13:38:10.635+0000] {processor.py:179} INFO - Processing /home/airflow/.local/lib/python3.8/site-packages/airflow/example_dags/tutorial_dag.py took 0.040 seconds
[2023-09-15T13:38:41.042+0000] {processor.py:157} INFO - Started process (PID=572) to work on /home/airflow/.local/lib/python3.8/site-packages/airflow/example_dags/tutorial_dag.py
[2023-09-15T13:38:41.043+0000] {processor.py:829} INFO - Processing file /home/airflow/.local/lib/python3.8/site-packages/airflow/example_dags/tutorial_dag.py for tasks to queue
[2023-09-15T13:38:41.046+0000] {logging_mixin.py:151} INFO - [2023-09-15T13:38:41.046+0000] {dagbag.py:539} INFO - Filling up the DagBag from /home/airflow/.local/lib/python3.8/site-packages/airflow/example_dags/tutorial_dag.py
[2023-09-15T13:38:41.053+0000] {processor.py:839} INFO - DAG(s) dict_keys(['tutorial_dag']) retrieved from /home/airflow/.local/lib/python3.8/site-packages/airflow/example_dags/tutorial_dag.py
[2023-09-15T13:38:41.077+0000] {logging_mixin.py:151} INFO - [2023-09-15T13:38:41.077+0000] {dag.py:2907} INFO - Sync 1 DAGs
[2023-09-15T13:38:41.088+0000] {logging_mixin.py:151} INFO - [2023-09-15T13:38:41.088+0000] {dag.py:3677} INFO - Setting next_dagrun for tutorial_dag to None, run_after=None
[2023-09-15T13:38:41.111+0000] {processor.py:179} INFO - Processing /home/airflow/.local/lib/python3.8/site-packages/airflow/example_dags/tutorial_dag.py took 0.071 seconds
[2023-09-15T13:39:11.581+0000] {processor.py:157} INFO - Started process (PID=630) to work on /home/airflow/.local/lib/python3.8/site-packages/airflow/example_dags/tutorial_dag.py
[2023-09-15T13:39:11.582+0000] {processor.py:829} INFO - Processing file /home/airflow/.local/lib/python3.8/site-packages/airflow/example_dags/tutorial_dag.py for tasks to queue
[2023-09-15T13:39:11.583+0000] {logging_mixin.py:151} INFO - [2023-09-15T13:39:11.583+0000] {dagbag.py:539} INFO - Filling up the DagBag from /home/airflow/.local/lib/python3.8/site-packages/airflow/example_dags/tutorial_dag.py
[2023-09-15T13:39:11.587+0000] {processor.py:839} INFO - DAG(s) dict_keys(['tutorial_dag']) retrieved from /home/airflow/.local/lib/python3.8/site-packages/airflow/example_dags/tutorial_dag.py
[2023-09-15T13:39:11.599+0000] {logging_mixin.py:151} INFO - [2023-09-15T13:39:11.599+0000] {dag.py:2907} INFO - Sync 1 DAGs
[2023-09-15T13:39:11.606+0000] {logging_mixin.py:151} INFO - [2023-09-15T13:39:11.606+0000] {dag.py:3677} INFO - Setting next_dagrun for tutorial_dag to None, run_after=None
[2023-09-15T13:39:11.620+0000] {processor.py:179} INFO - Processing /home/airflow/.local/lib/python3.8/site-packages/airflow/example_dags/tutorial_dag.py took 0.041 seconds
[2023-09-15T13:39:42.022+0000] {processor.py:157} INFO - Started process (PID=688) to work on /home/airflow/.local/lib/python3.8/site-packages/airflow/example_dags/tutorial_dag.py
[2023-09-15T13:39:42.023+0000] {processor.py:829} INFO - Processing file /home/airflow/.local/lib/python3.8/site-packages/airflow/example_dags/tutorial_dag.py for tasks to queue
[2023-09-15T13:39:42.025+0000] {logging_mixin.py:151} INFO - [2023-09-15T13:39:42.025+0000] {dagbag.py:539} INFO - Filling up the DagBag from /home/airflow/.local/lib/python3.8/site-packages/airflow/example_dags/tutorial_dag.py
[2023-09-15T13:39:42.028+0000] {processor.py:839} INFO - DAG(s) dict_keys(['tutorial_dag']) retrieved from /home/airflow/.local/lib/python3.8/site-packages/airflow/example_dags/tutorial_dag.py
[2023-09-15T13:39:42.042+0000] {logging_mixin.py:151} INFO - [2023-09-15T13:39:42.042+0000] {dag.py:2907} INFO - Sync 1 DAGs
[2023-09-15T13:39:42.051+0000] {logging_mixin.py:151} INFO - [2023-09-15T13:39:42.050+0000] {dag.py:3677} INFO - Setting next_dagrun for tutorial_dag to None, run_after=None
[2023-09-15T13:39:42.074+0000] {processor.py:179} INFO - Processing /home/airflow/.local/lib/python3.8/site-packages/airflow/example_dags/tutorial_dag.py took 0.054 seconds
[2023-09-15T13:40:12.566+0000] {processor.py:157} INFO - Started process (PID=746) to work on /home/airflow/.local/lib/python3.8/site-packages/airflow/example_dags/tutorial_dag.py
[2023-09-15T13:40:12.566+0000] {processor.py:829} INFO - Processing file /home/airflow/.local/lib/python3.8/site-packages/airflow/example_dags/tutorial_dag.py for tasks to queue
[2023-09-15T13:40:12.568+0000] {logging_mixin.py:151} INFO - [2023-09-15T13:40:12.568+0000] {dagbag.py:539} INFO - Filling up the DagBag from /home/airflow/.local/lib/python3.8/site-packages/airflow/example_dags/tutorial_dag.py
[2023-09-15T13:40:12.571+0000] {processor.py:839} INFO - DAG(s) dict_keys(['tutorial_dag']) retrieved from /home/airflow/.local/lib/python3.8/site-packages/airflow/example_dags/tutorial_dag.py
[2023-09-15T13:40:12.583+0000] {logging_mixin.py:151} INFO - [2023-09-15T13:40:12.583+0000] {dag.py:2907} INFO - Sync 1 DAGs
[2023-09-15T13:40:12.591+0000] {logging_mixin.py:151} INFO - [2023-09-15T13:40:12.591+0000] {dag.py:3677} INFO - Setting next_dagrun for tutorial_dag to None, run_after=None
[2023-09-15T13:40:12.604+0000] {processor.py:179} INFO - Processing /home/airflow/.local/lib/python3.8/site-packages/airflow/example_dags/tutorial_dag.py took 0.040 seconds
[2023-09-15T13:40:42.924+0000] {processor.py:157} INFO - Started process (PID=804) to work on /home/airflow/.local/lib/python3.8/site-packages/airflow/example_dags/tutorial_dag.py
[2023-09-15T13:40:42.925+0000] {processor.py:829} INFO - Processing file /home/airflow/.local/lib/python3.8/site-packages/airflow/example_dags/tutorial_dag.py for tasks to queue
[2023-09-15T13:40:42.926+0000] {logging_mixin.py:151} INFO - [2023-09-15T13:40:42.926+0000] {dagbag.py:539} INFO - Filling up the DagBag from /home/airflow/.local/lib/python3.8/site-packages/airflow/example_dags/tutorial_dag.py
[2023-09-15T13:40:42.930+0000] {processor.py:839} INFO - DAG(s) dict_keys(['tutorial_dag']) retrieved from /home/airflow/.local/lib/python3.8/site-packages/airflow/example_dags/tutorial_dag.py
[2023-09-15T13:40:42.942+0000] {logging_mixin.py:151} INFO - [2023-09-15T13:40:42.942+0000] {dag.py:2907} INFO - Sync 1 DAGs
[2023-09-15T13:40:42.951+0000] {logging_mixin.py:151} INFO - [2023-09-15T13:40:42.951+0000] {dag.py:3677} INFO - Setting next_dagrun for tutorial_dag to None, run_after=None
[2023-09-15T13:40:42.965+0000] {processor.py:179} INFO - Processing /home/airflow/.local/lib/python3.8/site-packages/airflow/example_dags/tutorial_dag.py took 0.043 seconds
[2023-09-15T13:41:13.136+0000] {processor.py:157} INFO - Started process (PID=862) to work on /home/airflow/.local/lib/python3.8/site-packages/airflow/example_dags/tutorial_dag.py
[2023-09-15T13:41:13.137+0000] {processor.py:829} INFO - Processing file /home/airflow/.local/lib/python3.8/site-packages/airflow/example_dags/tutorial_dag.py for tasks to queue
[2023-09-15T13:41:13.139+0000] {logging_mixin.py:151} INFO - [2023-09-15T13:41:13.139+0000] {dagbag.py:539} INFO - Filling up the DagBag from /home/airflow/.local/lib/python3.8/site-packages/airflow/example_dags/tutorial_dag.py
[2023-09-15T13:41:13.142+0000] {processor.py:839} INFO - DAG(s) dict_keys(['tutorial_dag']) retrieved from /home/airflow/.local/lib/python3.8/site-packages/airflow/example_dags/tutorial_dag.py
[2023-09-15T13:41:13.154+0000] {logging_mixin.py:151} INFO - [2023-09-15T13:41:13.154+0000] {dag.py:2907} INFO - Sync 1 DAGs
[2023-09-15T13:41:13.161+0000] {logging_mixin.py:151} INFO - [2023-09-15T13:41:13.161+0000] {dag.py:3677} INFO - Setting next_dagrun for tutorial_dag to None, run_after=None
[2023-09-15T13:41:13.174+0000] {processor.py:179} INFO - Processing /home/airflow/.local/lib/python3.8/site-packages/airflow/example_dags/tutorial_dag.py took 0.040 seconds
[2023-09-15T13:41:43.556+0000] {processor.py:157} INFO - Started process (PID=920) to work on /home/airflow/.local/lib/python3.8/site-packages/airflow/example_dags/tutorial_dag.py
[2023-09-15T13:41:43.557+0000] {processor.py:829} INFO - Processing file /home/airflow/.local/lib/python3.8/site-packages/airflow/example_dags/tutorial_dag.py for tasks to queue
[2023-09-15T13:41:43.558+0000] {logging_mixin.py:151} INFO - [2023-09-15T13:41:43.558+0000] {dagbag.py:539} INFO - Filling up the DagBag from /home/airflow/.local/lib/python3.8/site-packages/airflow/example_dags/tutorial_dag.py
[2023-09-15T13:41:43.562+0000] {processor.py:839} INFO - DAG(s) dict_keys(['tutorial_dag']) retrieved from /home/airflow/.local/lib/python3.8/site-packages/airflow/example_dags/tutorial_dag.py
[2023-09-15T13:41:43.574+0000] {logging_mixin.py:151} INFO - [2023-09-15T13:41:43.574+0000] {dag.py:2907} INFO - Sync 1 DAGs
[2023-09-15T13:41:43.581+0000] {logging_mixin.py:151} INFO - [2023-09-15T13:41:43.581+0000] {dag.py:3677} INFO - Setting next_dagrun for tutorial_dag to None, run_after=None
[2023-09-15T13:41:43.594+0000] {processor.py:179} INFO - Processing /home/airflow/.local/lib/python3.8/site-packages/airflow/example_dags/tutorial_dag.py took 0.040 seconds
[2023-09-15T13:42:13.781+0000] {processor.py:157} INFO - Started process (PID=978) to work on /home/airflow/.local/lib/python3.8/site-packages/airflow/example_dags/tutorial_dag.py
[2023-09-15T13:42:13.781+0000] {processor.py:829} INFO - Processing file /home/airflow/.local/lib/python3.8/site-packages/airflow/example_dags/tutorial_dag.py for tasks to queue
[2023-09-15T13:42:13.783+0000] {logging_mixin.py:151} INFO - [2023-09-15T13:42:13.783+0000] {dagbag.py:539} INFO - Filling up the DagBag from /home/airflow/.local/lib/python3.8/site-packages/airflow/example_dags/tutorial_dag.py
[2023-09-15T13:42:13.786+0000] {processor.py:839} INFO - DAG(s) dict_keys(['tutorial_dag']) retrieved from /home/airflow/.local/lib/python3.8/site-packages/airflow/example_dags/tutorial_dag.py
[2023-09-15T13:42:13.799+0000] {logging_mixin.py:151} INFO - [2023-09-15T13:42:13.798+0000] {dag.py:2907} INFO - Sync 1 DAGs
[2023-09-15T13:42:13.806+0000] {logging_mixin.py:151} INFO - [2023-09-15T13:42:13.806+0000] {dag.py:3677} INFO - Setting next_dagrun for tutorial_dag to None, run_after=None
[2023-09-15T13:42:13.819+0000] {processor.py:179} INFO - Processing /home/airflow/.local/lib/python3.8/site-packages/airflow/example_dags/tutorial_dag.py took 0.041 seconds
[2023-09-15T13:42:44.927+0000] {processor.py:157} INFO - Started process (PID=1036) to work on /home/airflow/.local/lib/python3.8/site-packages/airflow/example_dags/tutorial_dag.py
[2023-09-15T13:42:44.928+0000] {processor.py:829} INFO - Processing file /home/airflow/.local/lib/python3.8/site-packages/airflow/example_dags/tutorial_dag.py for tasks to queue
[2023-09-15T13:42:44.929+0000] {logging_mixin.py:151} INFO - [2023-09-15T13:42:44.929+0000] {dagbag.py:539} INFO - Filling up the DagBag from /home/airflow/.local/lib/python3.8/site-packages/airflow/example_dags/tutorial_dag.py
[2023-09-15T13:42:44.933+0000] {processor.py:839} INFO - DAG(s) dict_keys(['tutorial_dag']) retrieved from /home/airflow/.local/lib/python3.8/site-packages/airflow/example_dags/tutorial_dag.py
[2023-09-15T13:42:44.946+0000] {logging_mixin.py:151} INFO - [2023-09-15T13:42:44.946+0000] {dag.py:2907} INFO - Sync 1 DAGs
[2023-09-15T13:42:44.956+0000] {logging_mixin.py:151} INFO - [2023-09-15T13:42:44.956+0000] {dag.py:3677} INFO - Setting next_dagrun for tutorial_dag to None, run_after=None
[2023-09-15T13:42:44.973+0000] {processor.py:179} INFO - Processing /home/airflow/.local/lib/python3.8/site-packages/airflow/example_dags/tutorial_dag.py took 0.048 seconds
[2023-09-15T13:43:15.423+0000] {processor.py:157} INFO - Started process (PID=1094) to work on /home/airflow/.local/lib/python3.8/site-packages/airflow/example_dags/tutorial_dag.py
[2023-09-15T13:43:15.423+0000] {processor.py:829} INFO - Processing file /home/airflow/.local/lib/python3.8/site-packages/airflow/example_dags/tutorial_dag.py for tasks to queue
[2023-09-15T13:43:15.425+0000] {logging_mixin.py:151} INFO - [2023-09-15T13:43:15.424+0000] {dagbag.py:539} INFO - Filling up the DagBag from /home/airflow/.local/lib/python3.8/site-packages/airflow/example_dags/tutorial_dag.py
[2023-09-15T13:43:15.428+0000] {processor.py:839} INFO - DAG(s) dict_keys(['tutorial_dag']) retrieved from /home/airflow/.local/lib/python3.8/site-packages/airflow/example_dags/tutorial_dag.py
[2023-09-15T13:43:15.439+0000] {logging_mixin.py:151} INFO - [2023-09-15T13:43:15.439+0000] {dag.py:2907} INFO - Sync 1 DAGs
[2023-09-15T13:43:15.447+0000] {logging_mixin.py:151} INFO - [2023-09-15T13:43:15.447+0000] {dag.py:3677} INFO - Setting next_dagrun for tutorial_dag to None, run_after=None
[2023-09-15T13:43:15.459+0000] {processor.py:179} INFO - Processing /home/airflow/.local/lib/python3.8/site-packages/airflow/example_dags/tutorial_dag.py took 0.038 seconds
[2023-09-15T13:43:45.769+0000] {processor.py:157} INFO - Started process (PID=1152) to work on /home/airflow/.local/lib/python3.8/site-packages/airflow/example_dags/tutorial_dag.py
[2023-09-15T13:43:45.770+0000] {processor.py:829} INFO - Processing file /home/airflow/.local/lib/python3.8/site-packages/airflow/example_dags/tutorial_dag.py for tasks to queue
[2023-09-15T13:43:45.772+0000] {logging_mixin.py:151} INFO - [2023-09-15T13:43:45.772+0000] {dagbag.py:539} INFO - Filling up the DagBag from /home/airflow/.local/lib/python3.8/site-packages/airflow/example_dags/tutorial_dag.py
[2023-09-15T13:43:45.777+0000] {processor.py:839} INFO - DAG(s) dict_keys(['tutorial_dag']) retrieved from /home/airflow/.local/lib/python3.8/site-packages/airflow/example_dags/tutorial_dag.py
[2023-09-15T13:43:45.791+0000] {logging_mixin.py:151} INFO - [2023-09-15T13:43:45.791+0000] {dag.py:2907} INFO - Sync 1 DAGs
[2023-09-15T13:43:45.800+0000] {logging_mixin.py:151} INFO - [2023-09-15T13:43:45.799+0000] {dag.py:3677} INFO - Setting next_dagrun for tutorial_dag to None, run_after=None
[2023-09-15T13:43:45.824+0000] {processor.py:179} INFO - Processing /home/airflow/.local/lib/python3.8/site-packages/airflow/example_dags/tutorial_dag.py took 0.058 seconds
[2023-09-15T13:44:16.017+0000] {processor.py:157} INFO - Started process (PID=1210) to work on /home/airflow/.local/lib/python3.8/site-packages/airflow/example_dags/tutorial_dag.py
[2023-09-15T13:44:16.017+0000] {processor.py:829} INFO - Processing file /home/airflow/.local/lib/python3.8/site-packages/airflow/example_dags/tutorial_dag.py for tasks to queue
[2023-09-15T13:44:16.019+0000] {logging_mixin.py:151} INFO - [2023-09-15T13:44:16.019+0000] {dagbag.py:539} INFO - Filling up the DagBag from /home/airflow/.local/lib/python3.8/site-packages/airflow/example_dags/tutorial_dag.py
[2023-09-15T13:44:16.022+0000] {processor.py:839} INFO - DAG(s) dict_keys(['tutorial_dag']) retrieved from /home/airflow/.local/lib/python3.8/site-packages/airflow/example_dags/tutorial_dag.py
[2023-09-15T13:44:16.034+0000] {logging_mixin.py:151} INFO - [2023-09-15T13:44:16.034+0000] {dag.py:2907} INFO - Sync 1 DAGs
[2023-09-15T13:44:16.042+0000] {logging_mixin.py:151} INFO - [2023-09-15T13:44:16.042+0000] {dag.py:3677} INFO - Setting next_dagrun for tutorial_dag to None, run_after=None
[2023-09-15T13:44:16.053+0000] {processor.py:179} INFO - Processing /home/airflow/.local/lib/python3.8/site-packages/airflow/example_dags/tutorial_dag.py took 0.038 seconds
[2023-09-15T13:44:46.436+0000] {processor.py:157} INFO - Started process (PID=1268) to work on /home/airflow/.local/lib/python3.8/site-packages/airflow/example_dags/tutorial_dag.py
[2023-09-15T13:44:46.437+0000] {processor.py:829} INFO - Processing file /home/airflow/.local/lib/python3.8/site-packages/airflow/example_dags/tutorial_dag.py for tasks to queue
[2023-09-15T13:44:46.439+0000] {logging_mixin.py:151} INFO - [2023-09-15T13:44:46.439+0000] {dagbag.py:539} INFO - Filling up the DagBag from /home/airflow/.local/lib/python3.8/site-packages/airflow/example_dags/tutorial_dag.py
[2023-09-15T13:44:46.442+0000] {processor.py:839} INFO - DAG(s) dict_keys(['tutorial_dag']) retrieved from /home/airflow/.local/lib/python3.8/site-packages/airflow/example_dags/tutorial_dag.py
[2023-09-15T13:44:46.456+0000] {logging_mixin.py:151} INFO - [2023-09-15T13:44:46.455+0000] {dag.py:2907} INFO - Sync 1 DAGs
[2023-09-15T13:44:46.463+0000] {logging_mixin.py:151} INFO - [2023-09-15T13:44:46.463+0000] {dag.py:3677} INFO - Setting next_dagrun for tutorial_dag to None, run_after=None
[2023-09-15T13:44:46.478+0000] {processor.py:179} INFO - Processing /home/airflow/.local/lib/python3.8/site-packages/airflow/example_dags/tutorial_dag.py took 0.044 seconds
[2023-09-15T13:45:16.695+0000] {processor.py:157} INFO - Started process (PID=1326) to work on /home/airflow/.local/lib/python3.8/site-packages/airflow/example_dags/tutorial_dag.py
[2023-09-15T13:45:16.696+0000] {processor.py:829} INFO - Processing file /home/airflow/.local/lib/python3.8/site-packages/airflow/example_dags/tutorial_dag.py for tasks to queue
[2023-09-15T13:45:16.698+0000] {logging_mixin.py:151} INFO - [2023-09-15T13:45:16.698+0000] {dagbag.py:539} INFO - Filling up the DagBag from /home/airflow/.local/lib/python3.8/site-packages/airflow/example_dags/tutorial_dag.py
[2023-09-15T13:45:16.701+0000] {processor.py:839} INFO - DAG(s) dict_keys(['tutorial_dag']) retrieved from /home/airflow/.local/lib/python3.8/site-packages/airflow/example_dags/tutorial_dag.py
[2023-09-15T13:45:16.714+0000] {logging_mixin.py:151} INFO - [2023-09-15T13:45:16.714+0000] {dag.py:2907} INFO - Sync 1 DAGs
[2023-09-15T13:45:16.722+0000] {logging_mixin.py:151} INFO - [2023-09-15T13:45:16.722+0000] {dag.py:3677} INFO - Setting next_dagrun for tutorial_dag to None, run_after=None
[2023-09-15T13:45:16.738+0000] {processor.py:179} INFO - Processing /home/airflow/.local/lib/python3.8/site-packages/airflow/example_dags/tutorial_dag.py took 0.045 seconds
[2023-09-15T13:45:47.057+0000] {processor.py:157} INFO - Started process (PID=1384) to work on /home/airflow/.local/lib/python3.8/site-packages/airflow/example_dags/tutorial_dag.py
[2023-09-15T13:45:47.057+0000] {processor.py:829} INFO - Processing file /home/airflow/.local/lib/python3.8/site-packages/airflow/example_dags/tutorial_dag.py for tasks to queue
[2023-09-15T13:45:47.059+0000] {logging_mixin.py:151} INFO - [2023-09-15T13:45:47.059+0000] {dagbag.py:539} INFO - Filling up the DagBag from /home/airflow/.local/lib/python3.8/site-packages/airflow/example_dags/tutorial_dag.py
[2023-09-15T13:45:47.062+0000] {processor.py:839} INFO - DAG(s) dict_keys(['tutorial_dag']) retrieved from /home/airflow/.local/lib/python3.8/site-packages/airflow/example_dags/tutorial_dag.py
[2023-09-15T13:45:47.074+0000] {logging_mixin.py:151} INFO - [2023-09-15T13:45:47.074+0000] {dag.py:2907} INFO - Sync 1 DAGs
[2023-09-15T13:45:47.082+0000] {logging_mixin.py:151} INFO - [2023-09-15T13:45:47.082+0000] {dag.py:3677} INFO - Setting next_dagrun for tutorial_dag to None, run_after=None
[2023-09-15T13:45:47.095+0000] {processor.py:179} INFO - Processing /home/airflow/.local/lib/python3.8/site-packages/airflow/example_dags/tutorial_dag.py took 0.040 seconds
[2023-09-15T13:46:17.324+0000] {processor.py:157} INFO - Started process (PID=1442) to work on /home/airflow/.local/lib/python3.8/site-packages/airflow/example_dags/tutorial_dag.py
[2023-09-15T13:46:17.325+0000] {processor.py:829} INFO - Processing file /home/airflow/.local/lib/python3.8/site-packages/airflow/example_dags/tutorial_dag.py for tasks to queue
[2023-09-15T13:46:17.327+0000] {logging_mixin.py:151} INFO - [2023-09-15T13:46:17.327+0000] {dagbag.py:539} INFO - Filling up the DagBag from /home/airflow/.local/lib/python3.8/site-packages/airflow/example_dags/tutorial_dag.py
[2023-09-15T13:46:17.330+0000] {processor.py:839} INFO - DAG(s) dict_keys(['tutorial_dag']) retrieved from /home/airflow/.local/lib/python3.8/site-packages/airflow/example_dags/tutorial_dag.py
[2023-09-15T13:46:17.341+0000] {logging_mixin.py:151} INFO - [2023-09-15T13:46:17.341+0000] {dag.py:2907} INFO - Sync 1 DAGs
[2023-09-15T13:46:17.349+0000] {logging_mixin.py:151} INFO - [2023-09-15T13:46:17.349+0000] {dag.py:3677} INFO - Setting next_dagrun for tutorial_dag to None, run_after=None
[2023-09-15T13:46:17.365+0000] {processor.py:179} INFO - Processing /home/airflow/.local/lib/python3.8/site-packages/airflow/example_dags/tutorial_dag.py took 0.043 seconds
[2023-09-15T13:46:47.841+0000] {processor.py:157} INFO - Started process (PID=1500) to work on /home/airflow/.local/lib/python3.8/site-packages/airflow/example_dags/tutorial_dag.py
[2023-09-15T13:46:47.842+0000] {processor.py:829} INFO - Processing file /home/airflow/.local/lib/python3.8/site-packages/airflow/example_dags/tutorial_dag.py for tasks to queue
[2023-09-15T13:46:47.843+0000] {logging_mixin.py:151} INFO - [2023-09-15T13:46:47.843+0000] {dagbag.py:539} INFO - Filling up the DagBag from /home/airflow/.local/lib/python3.8/site-packages/airflow/example_dags/tutorial_dag.py
[2023-09-15T13:46:47.846+0000] {processor.py:839} INFO - DAG(s) dict_keys(['tutorial_dag']) retrieved from /home/airflow/.local/lib/python3.8/site-packages/airflow/example_dags/tutorial_dag.py
[2023-09-15T13:46:47.858+0000] {logging_mixin.py:151} INFO - [2023-09-15T13:46:47.858+0000] {dag.py:2907} INFO - Sync 1 DAGs
[2023-09-15T13:46:47.866+0000] {logging_mixin.py:151} INFO - [2023-09-15T13:46:47.865+0000] {dag.py:3677} INFO - Setting next_dagrun for tutorial_dag to None, run_after=None
[2023-09-15T13:46:47.878+0000] {processor.py:179} INFO - Processing /home/airflow/.local/lib/python3.8/site-packages/airflow/example_dags/tutorial_dag.py took 0.039 seconds
[2023-09-15T13:47:18.029+0000] {processor.py:157} INFO - Started process (PID=1559) to work on /home/airflow/.local/lib/python3.8/site-packages/airflow/example_dags/tutorial_dag.py
[2023-09-15T13:47:18.030+0000] {processor.py:829} INFO - Processing file /home/airflow/.local/lib/python3.8/site-packages/airflow/example_dags/tutorial_dag.py for tasks to queue
[2023-09-15T13:47:18.032+0000] {logging_mixin.py:151} INFO - [2023-09-15T13:47:18.032+0000] {dagbag.py:539} INFO - Filling up the DagBag from /home/airflow/.local/lib/python3.8/site-packages/airflow/example_dags/tutorial_dag.py
[2023-09-15T13:47:18.035+0000] {processor.py:839} INFO - DAG(s) dict_keys(['tutorial_dag']) retrieved from /home/airflow/.local/lib/python3.8/site-packages/airflow/example_dags/tutorial_dag.py
[2023-09-15T13:47:18.047+0000] {logging_mixin.py:151} INFO - [2023-09-15T13:47:18.047+0000] {dag.py:2907} INFO - Sync 1 DAGs
[2023-09-15T13:47:18.055+0000] {logging_mixin.py:151} INFO - [2023-09-15T13:47:18.055+0000] {dag.py:3677} INFO - Setting next_dagrun for tutorial_dag to None, run_after=None
[2023-09-15T13:47:18.068+0000] {processor.py:179} INFO - Processing /home/airflow/.local/lib/python3.8/site-packages/airflow/example_dags/tutorial_dag.py took 0.041 seconds
[2023-09-15T13:47:48.531+0000] {processor.py:157} INFO - Started process (PID=1617) to work on /home/airflow/.local/lib/python3.8/site-packages/airflow/example_dags/tutorial_dag.py
[2023-09-15T13:47:48.532+0000] {processor.py:829} INFO - Processing file /home/airflow/.local/lib/python3.8/site-packages/airflow/example_dags/tutorial_dag.py for tasks to queue
[2023-09-15T13:47:48.533+0000] {logging_mixin.py:151} INFO - [2023-09-15T13:47:48.533+0000] {dagbag.py:539} INFO - Filling up the DagBag from /home/airflow/.local/lib/python3.8/site-packages/airflow/example_dags/tutorial_dag.py
[2023-09-15T13:47:48.537+0000] {processor.py:839} INFO - DAG(s) dict_keys(['tutorial_dag']) retrieved from /home/airflow/.local/lib/python3.8/site-packages/airflow/example_dags/tutorial_dag.py
[2023-09-15T13:47:48.550+0000] {logging_mixin.py:151} INFO - [2023-09-15T13:47:48.550+0000] {dag.py:2907} INFO - Sync 1 DAGs
[2023-09-15T13:47:48.558+0000] {logging_mixin.py:151} INFO - [2023-09-15T13:47:48.558+0000] {dag.py:3677} INFO - Setting next_dagrun for tutorial_dag to None, run_after=None
[2023-09-15T13:47:48.571+0000] {processor.py:179} INFO - Processing /home/airflow/.local/lib/python3.8/site-packages/airflow/example_dags/tutorial_dag.py took 0.042 seconds
[2023-09-15T13:48:18.786+0000] {processor.py:157} INFO - Started process (PID=1675) to work on /home/airflow/.local/lib/python3.8/site-packages/airflow/example_dags/tutorial_dag.py
[2023-09-15T13:48:18.786+0000] {processor.py:829} INFO - Processing file /home/airflow/.local/lib/python3.8/site-packages/airflow/example_dags/tutorial_dag.py for tasks to queue
[2023-09-15T13:48:18.788+0000] {logging_mixin.py:151} INFO - [2023-09-15T13:48:18.788+0000] {dagbag.py:539} INFO - Filling up the DagBag from /home/airflow/.local/lib/python3.8/site-packages/airflow/example_dags/tutorial_dag.py
[2023-09-15T13:48:18.791+0000] {processor.py:839} INFO - DAG(s) dict_keys(['tutorial_dag']) retrieved from /home/airflow/.local/lib/python3.8/site-packages/airflow/example_dags/tutorial_dag.py
[2023-09-15T13:48:18.803+0000] {logging_mixin.py:151} INFO - [2023-09-15T13:48:18.803+0000] {dag.py:2907} INFO - Sync 1 DAGs
[2023-09-15T13:48:18.810+0000] {logging_mixin.py:151} INFO - [2023-09-15T13:48:18.810+0000] {dag.py:3677} INFO - Setting next_dagrun for tutorial_dag to None, run_after=None
[2023-09-15T13:48:18.827+0000] {processor.py:179} INFO - Processing /home/airflow/.local/lib/python3.8/site-packages/airflow/example_dags/tutorial_dag.py took 0.044 seconds
[2023-09-15T13:48:49.290+0000] {processor.py:157} INFO - Started process (PID=1733) to work on /home/airflow/.local/lib/python3.8/site-packages/airflow/example_dags/tutorial_dag.py
[2023-09-15T13:48:49.291+0000] {processor.py:829} INFO - Processing file /home/airflow/.local/lib/python3.8/site-packages/airflow/example_dags/tutorial_dag.py for tasks to queue
[2023-09-15T13:48:49.293+0000] {logging_mixin.py:151} INFO - [2023-09-15T13:48:49.293+0000] {dagbag.py:539} INFO - Filling up the DagBag from /home/airflow/.local/lib/python3.8/site-packages/airflow/example_dags/tutorial_dag.py
[2023-09-15T13:48:49.297+0000] {processor.py:839} INFO - DAG(s) dict_keys(['tutorial_dag']) retrieved from /home/airflow/.local/lib/python3.8/site-packages/airflow/example_dags/tutorial_dag.py
[2023-09-15T13:48:49.310+0000] {logging_mixin.py:151} INFO - [2023-09-15T13:48:49.310+0000] {dag.py:2907} INFO - Sync 1 DAGs
[2023-09-15T13:48:49.319+0000] {logging_mixin.py:151} INFO - [2023-09-15T13:48:49.319+0000] {dag.py:3677} INFO - Setting next_dagrun for tutorial_dag to None, run_after=None
[2023-09-15T13:48:49.335+0000] {processor.py:179} INFO - Processing /home/airflow/.local/lib/python3.8/site-packages/airflow/example_dags/tutorial_dag.py took 0.047 seconds
[2023-09-15T13:49:19.622+0000] {processor.py:157} INFO - Started process (PID=1791) to work on /home/airflow/.local/lib/python3.8/site-packages/airflow/example_dags/tutorial_dag.py
[2023-09-15T13:49:19.623+0000] {processor.py:829} INFO - Processing file /home/airflow/.local/lib/python3.8/site-packages/airflow/example_dags/tutorial_dag.py for tasks to queue
[2023-09-15T13:49:19.624+0000] {logging_mixin.py:151} INFO - [2023-09-15T13:49:19.624+0000] {dagbag.py:539} INFO - Filling up the DagBag from /home/airflow/.local/lib/python3.8/site-packages/airflow/example_dags/tutorial_dag.py
[2023-09-15T13:49:19.628+0000] {processor.py:839} INFO - DAG(s) dict_keys(['tutorial_dag']) retrieved from /home/airflow/.local/lib/python3.8/site-packages/airflow/example_dags/tutorial_dag.py
[2023-09-15T13:49:19.641+0000] {logging_mixin.py:151} INFO - [2023-09-15T13:49:19.641+0000] {dag.py:2907} INFO - Sync 1 DAGs
[2023-09-15T13:49:19.649+0000] {logging_mixin.py:151} INFO - [2023-09-15T13:49:19.649+0000] {dag.py:3677} INFO - Setting next_dagrun for tutorial_dag to None, run_after=None
[2023-09-15T13:49:19.662+0000] {processor.py:179} INFO - Processing /home/airflow/.local/lib/python3.8/site-packages/airflow/example_dags/tutorial_dag.py took 0.043 seconds
[2023-09-15T13:49:50.003+0000] {processor.py:157} INFO - Started process (PID=1849) to work on /home/airflow/.local/lib/python3.8/site-packages/airflow/example_dags/tutorial_dag.py
[2023-09-15T13:49:50.004+0000] {processor.py:829} INFO - Processing file /home/airflow/.local/lib/python3.8/site-packages/airflow/example_dags/tutorial_dag.py for tasks to queue
[2023-09-15T13:49:50.006+0000] {logging_mixin.py:151} INFO - [2023-09-15T13:49:50.006+0000] {dagbag.py:539} INFO - Filling up the DagBag from /home/airflow/.local/lib/python3.8/site-packages/airflow/example_dags/tutorial_dag.py
[2023-09-15T13:49:50.009+0000] {processor.py:839} INFO - DAG(s) dict_keys(['tutorial_dag']) retrieved from /home/airflow/.local/lib/python3.8/site-packages/airflow/example_dags/tutorial_dag.py
[2023-09-15T13:49:50.021+0000] {logging_mixin.py:151} INFO - [2023-09-15T13:49:50.021+0000] {dag.py:2907} INFO - Sync 1 DAGs
[2023-09-15T13:49:50.028+0000] {logging_mixin.py:151} INFO - [2023-09-15T13:49:50.028+0000] {dag.py:3677} INFO - Setting next_dagrun for tutorial_dag to None, run_after=None
[2023-09-15T13:49:50.041+0000] {processor.py:179} INFO - Processing /home/airflow/.local/lib/python3.8/site-packages/airflow/example_dags/tutorial_dag.py took 0.040 seconds
[2023-09-15T13:50:20.459+0000] {processor.py:157} INFO - Started process (PID=1907) to work on /home/airflow/.local/lib/python3.8/site-packages/airflow/example_dags/tutorial_dag.py
[2023-09-15T13:50:20.460+0000] {processor.py:829} INFO - Processing file /home/airflow/.local/lib/python3.8/site-packages/airflow/example_dags/tutorial_dag.py for tasks to queue
[2023-09-15T13:50:20.462+0000] {logging_mixin.py:151} INFO - [2023-09-15T13:50:20.462+0000] {dagbag.py:539} INFO - Filling up the DagBag from /home/airflow/.local/lib/python3.8/site-packages/airflow/example_dags/tutorial_dag.py
[2023-09-15T13:50:20.465+0000] {processor.py:839} INFO - DAG(s) dict_keys(['tutorial_dag']) retrieved from /home/airflow/.local/lib/python3.8/site-packages/airflow/example_dags/tutorial_dag.py
[2023-09-15T13:50:20.477+0000] {logging_mixin.py:151} INFO - [2023-09-15T13:50:20.477+0000] {dag.py:2907} INFO - Sync 1 DAGs
[2023-09-15T13:50:20.484+0000] {logging_mixin.py:151} INFO - [2023-09-15T13:50:20.484+0000] {dag.py:3677} INFO - Setting next_dagrun for tutorial_dag to None, run_after=None
[2023-09-15T13:50:20.497+0000] {processor.py:179} INFO - Processing /home/airflow/.local/lib/python3.8/site-packages/airflow/example_dags/tutorial_dag.py took 0.039 seconds
